Input energy:    -2277.27739716
IDX001:DIM4096:001|002|003|004|005|006|
IDX002:DIM4096:007|008|009|010|011|012|
IDX003:DIM4096:013|014|015|016|017|018|
IDX004:DIM4096:019|020|021|022|023|024|
IDX005:DIM4096:025|026|027|028|029|030|
IDX006:DIM4096:031|032|033|034|035|036|
IDX007:DIM4096:037|038|039|040|041|042|
IDX008:DIM4096:043|044|045|046|047|048|
IDX009:DIM4096:049|050|051|052|053|054|
IDX010:DIM4096:055|056|057|058|059|060|
 ooCMF Iter:    1 Total= -2278.312929127377 Active= -193.811984018349 G=     1.13e-02
 ooCMF Iter:    2 Total= -2278.312962552297 Active= -193.812017443268 G=     2.75e-03
 ooCMF Iter:    3 Total= -2278.312966127675 Active= -193.812021018647 G=     2.67e-03
 ooCMF Iter:    4 Total= -2278.312969550480 Active= -193.812024441452 G=     1.37e-03
 ooCMF Iter:    5 Total= -2278.312969890893 Active= -193.812024781865 G=     1.55e-04
 ooCMF Iter:    6 Total= -2278.312969896476 Active= -193.812024787448 G=     6.07e-05
 ooCMF Iter:    7 Total= -2278.312969898677 Active= -193.812024789649 G=     5.59e-05
 ooCMF Iter:    8 Total= -2278.312969899944 Active= -193.812024790916 G=     2.36e-05
 ooCMF Iter:    9 Total= -2278.312969900039 Active= -193.812024791011 G=     3.70e-06
 ooCMF Iter:   10 Total= -2278.312969900045 Active= -193.812024791016 G=     2.95e-06
 ooCMF Iter:   11 Total= -2278.312969900049 Active= -193.812024791021 G=     2.25e-06
 ooCMF Iter:   12 Total= -2278.312969900051 Active= -193.812024791023 G=     8.35e-07
 ooCMF Iter:   13 Total= -2278.312969900052 Active= -193.812024791024 G=     4.55e-07
 ooCMF Iter:   14 Total= -2278.312969900051 Active= -193.812024791023 G=     4.28e-07
 ooCMF Iter:   15 Total= -2278.312969900051 Active= -193.812024791023 G=     1.18e-07
 ooCMF Iter:   16 Total= -2278.312969900051 Active= -193.812024791022 G=     5.65e-08
 ooCMF Iter:   17 Total= -2278.312969900051 Active= -193.812024791023 G=     2.32e-08
 * Status: success

 * Candidate solution
    Final objective value:     -2.278313e+03

 * Found with
    Algorithm:     BFGS

 * Convergence measures
    |x - x'|               = 6.87e-09 ≰ 0.0e+00
    |x - x'|/|x'|          = 5.01e-06 ≰ 0.0e+00
    |f(x) - f(x')|         = 4.55e-13 ≰ 0.0e+00
    |f(x) - f(x')|/|f(x')| = 2.00e-16 ≰ 0.0e+00
    |g(x)|                 = 3.29e-09 ≤ 1.0e-08

 * Work counters
    Seconds run:   102  (vs limit Inf)
    Iterations:    16
    f(x) calls:    36
    ∇f(x) calls:   36

*ooCMF -2278.31296990 
110.393418 seconds (7.02 M allocations: 54.877 GiB, 3.83% gc time)
 ooCMF Iter:    1 Total= -2278.312929127377 Active= -193.811984018349 G=     1.13e-02
 ooCMF Iter:    2 Total= -2278.312962552295 Active= -193.812017443267 G=     2.75e-03
 ooCMF Iter:    3 Total= -2278.312966127674 Active= -193.812021018646 G=     2.67e-03
 ooCMF Iter:    4 Total= -2278.312969550479 Active= -193.812024441451 G=     1.37e-03
 ooCMF Iter:    5 Total= -2278.312969890894 Active= -193.812024781866 G=     1.55e-04
 ooCMF Iter:    6 Total= -2278.312969896477 Active= -193.812024787449 G=     6.05e-05
 ooCMF Iter:    7 Total= -2278.312969898670 Active= -193.812024789641 G=     5.96e-05
 ooCMF Iter:    8 Total= -2278.312969899943 Active= -193.812024790915 G=     2.34e-05
 ooCMF Iter:    9 Total= -2278.312969900038 Active= -193.812024791010 G=     3.81e-06
 ooCMF Iter:   10 Total= -2278.312969900043 Active= -193.812024791015 G=     2.98e-06
 ooCMF Iter:   11 Total= -2278.312969900049 Active= -193.812024791021 G=     2.36e-06
 ooCMF Iter:   12 Total= -2278.312969900051 Active= -193.812024791022 G=     8.77e-07
 ooCMF Iter:   13 Total= -2278.312969900051 Active= -193.812024791022 G=     5.39e-07
 ooCMF Iter:   14 Total= -2278.312969900051 Active= -193.812024791023 G=     5.59e-07
 ooCMF Iter:   15 Total= -2278.312969900051 Active= -193.812024791022 G=     2.73e-07
 ooCMF Iter:   16 Total= -2278.312969900050 Active= -193.812024791021 G=     5.88e-08
 ooCMF Iter:   17 Total= -2278.312969900049 Active= -193.812024791021 G=     2.54e-08
 * Status: success (objective increased between iterations)

 * Candidate solution
    Final objective value:     -2.278313e+03

 * Found with
    Algorithm:     Conjugate Gradient

 * Convergence measures
    |x - x'|               = 4.22e-09 ≰ 0.0e+00
    |x - x'|/|x'|          = 3.08e-06 ≰ 0.0e+00
    |f(x) - f(x')|         = 4.55e-13 ≰ 0.0e+00
    |f(x) - f(x')|/|f(x')| = 2.00e-16 ≰ 0.0e+00
    |g(x)|                 = 4.19e-09 ≤ 1.0e-08

 * Work counters
    Seconds run:   85  (vs limit Inf)
    Iterations:    16
    f(x) calls:    42
    ∇f(x) calls:   27

*ooCMF -2278.31296990 
 91.702396 seconds (6.02 M allocations: 47.018 GiB, 3.87% gc time)
 Step:    1 E: -2278.312929127377 G: 1.1e-02
 Step:    2 E: -2278.312940717635 G: 9.2e-03
 Step:    3 E: -2278.312948337546 G: 7.5e-03
 Step:    4 E: -2278.312953422741 G: 6.1e-03
 Step:    5 E: -2278.312956877519 G: 5.1e-03
 Step:    6 E: -2278.312959275247 G: 4.3e-03
 Step:    7 E: -2278.312960981645 G: 3.7e-03
 Step:    8 E: -2278.312962231302 G: 3.2e-03
 Step:    9 E: -2278.312963175512 G: 2.8e-03
 Step:   10 E: -2278.312963912394 G: 2.5e-03
 Step:   11 E: -2278.312964505963 G: 2.3e-03
 Step:   12 E: -2278.312964998269 G: 2.1e-03
 Step:   13 E: -2278.312965417163 G: 1.9e-03
 Step:   14 E: -2278.312965781269 G: 1.8e-03
 Step:   15 E: -2278.312966103206 G: 1.7e-03
 Step:   16 E: -2278.312966391649 G: 1.6e-03
 Step:   17 E: -2278.312966652682 G: 1.6e-03
 Step:   18 E: -2278.312966890669 G: 1.5e-03
 Step:   19 E: -2278.312967108826 G: 1.4e-03
 Step:   20 E: -2278.312967309594 G: 1.4e-03
 Step:   21 E: -2278.312967494881 G: 1.3e-03
 Step:   22 E: -2278.312967666229 G: 1.3e-03
 Step:   23 E: -2278.312967824915 G: 1.2e-03
 Step:   24 E: -2278.312967972025 G: 1.2e-03
 Step:   25 E: -2278.312968108504 G: 1.1e-03
 Step:   26 E: -2278.312968235185 G: 1.1e-03
 Step:   27 E: -2278.312968352816 G: 1.1e-03
 Step:   28 E: -2278.312968462073 G: 1.0e-03
 Step:   29 E: -2278.312968563570 G: 9.8e-04
 Step:   30 E: -2278.312968657871 G: 9.4e-04
 Step:   31 E: -2278.312968745497 G: 9.1e-04
 Step:   32 E: -2278.312968826921 G: 8.8e-04
 Step:   33 E: -2278.312968902593 G: 8.5e-04
 Step:   34 E: -2278.312968972917 G: 8.2e-04
 Step:   35 E: -2278.312969038273 G: 7.9e-04
 Step:   36 E: -2278.312969099014 G: 7.6e-04
 Step:   37 E: -2278.312969155472 G: 7.3e-04
 Step:   38 E: -2278.312969207942 G: 7.0e-04
 Step:   39 E: -2278.312969256711 G: 6.8e-04
 Step:   40 E: -2278.312969302039 G: 6.5e-04
 Step:   41 E: -2278.312969344169 G: 6.3e-04
 Step:   42 E: -2278.312969383327 G: 6.1e-04
 Step:   43 E: -2278.312969419722 G: 5.9e-04
 Step:   44 E: -2278.312969453554 G: 5.7e-04
 Step:   45 E: -2278.312969484999 G: 5.5e-04
 Step:   46 E: -2278.312969514227 G: 5.3e-04
 Step:   47 E: -2278.312969541393 G: 5.1e-04
 Step:   48 E: -2278.312969566646 G: 4.9e-04
 Step:   49 E: -2278.312969590118 G: 4.7e-04
 Step:   50 E: -2278.312969611934 G: 4.5e-04
 Step:   51 E: -2278.312969632216 G: 4.4e-04
 Step:   52 E: -2278.312969651066 G: 4.2e-04
 Step:   53 E: -2278.312969668588 G: 4.1e-04
 Step:   54 E: -2278.312969684876 G: 3.9e-04
 Step:   55 E: -2278.312969700018 G: 3.8e-04
 Step:   56 E: -2278.312969714091 G: 3.6e-04
 Step:   57 E: -2278.312969727174 G: 3.5e-04
 Step:   58 E: -2278.312969739336 G: 3.4e-04
 Step:   59 E: -2278.312969750640 G: 3.3e-04
 Step:   60 E: -2278.312969761150 G: 3.2e-04
 Step:   61 E: -2278.312969770918 G: 3.0e-04
 Step:   62 E: -2278.312969779999 G: 2.9e-04
 Step:   63 E: -2278.312969788441 G: 2.8e-04
 Step:   64 E: -2278.312969796288 G: 2.7e-04
 Step:   65 E: -2278.312969803584 G: 2.6e-04
 Step:   66 E: -2278.312969810364 G: 2.5e-04
 Step:   67 E: -2278.312969816668 G: 2.4e-04
 Step:   68 E: -2278.312969822529 G: 2.4e-04
 Step:   69 E: -2278.312969827977 G: 2.3e-04
 Step:   70 E: -2278.312969833042 G: 2.2e-04
 Step:   71 E: -2278.312969837752 G: 2.1e-04
 Step:   72 E: -2278.312969842130 G: 2.0e-04
 Step:   73 E: -2278.312969846197 G: 2.0e-04
 Step:   74 E: -2278.312969849982 G: 1.9e-04
 Step:   75 E: -2278.312969853498 G: 1.8e-04
 Step:   76 E: -2278.312969856767 G: 1.8e-04
 Step:   77 E: -2278.312969859808 G: 1.7e-04
 Step:   78 E: -2278.312969862634 G: 1.6e-04
 Step:   79 E: -2278.312969865261 G: 1.6e-04
 Step:   80 E: -2278.312969867704 G: 1.5e-04
 Step:   81 E: -2278.312969869976 G: 1.5e-04
 Step:   82 E: -2278.312969872086 G: 1.4e-04
 Step:   83 E: -2278.312969874049 G: 1.4e-04
 Step:   84 E: -2278.312969875873 G: 1.3e-04
 Step:   85 E: -2278.312969877572 G: 1.3e-04
 Step:   86 E: -2278.312969879149 G: 1.2e-04
 Step:   87 E: -2278.312969880616 G: 1.2e-04
 Step:   88 E: -2278.312969881981 G: 1.1e-04
 Step:   89 E: -2278.312969883245 G: 1.1e-04
 Step:   90 E: -2278.312969884426 G: 1.1e-04
 Step:   91 E: -2278.312969885521 G: 1.0e-04
 Step:   92 E: -2278.312969886542 G: 9.8e-05
 Step:   93 E: -2278.312969887488 G: 9.5e-05
 Step:   94 E: -2278.312969888370 G: 9.1e-05
 Step:   95 E: -2278.312969889188 G: 8.8e-05
 Step:   96 E: -2278.312969889951 G: 8.5e-05
 Step:   97 E: -2278.312969890660 G: 8.2e-05
 Step:   98 E: -2278.312969891317 G: 7.9e-05
 Step:   99 E: -2278.312969891930 G: 7.6e-05
 Step:  100 E: -2278.312969892498 G: 7.3e-05
 Step:  101 E: -2278.312969893027 G: 7.1e-05
 Step:  102 E: -2278.312969893519 G: 6.8e-05
 Step:  103 E: -2278.312969893976 G: 6.6e-05
 Step:  104 E: -2278.312969894404 G: 6.3e-05
 Step:  105 E: -2278.312969894799 G: 6.1e-05
 Step:  106 E: -2278.312969895167 G: 5.9e-05
 Step:  107 E: -2278.312969895509 G: 5.7e-05
 Step:  108 E: -2278.312969895827 G: 5.5e-05
 Step:  109 E: -2278.312969896123 G: 5.3e-05
 Step:  110 E: -2278.312969896396 G: 5.1e-05
 Step:  111 E: -2278.312969896653 G: 4.9e-05
 Step:  112 E: -2278.312969896892 G: 4.7e-05
 Step:  113 E: -2278.312969897112 G: 4.6e-05
 Step:  114 E: -2278.312969897318 G: 4.4e-05
 Step:  115 E: -2278.312969897509 G: 4.3e-05
 Step:  116 E: -2278.312969897687 G: 4.1e-05
 Step:  117 E: -2278.312969897852 G: 4.0e-05
 Step:  118 E: -2278.312969898007 G: 3.8e-05
 Step:  119 E: -2278.312969898150 G: 3.7e-05
 Step:  120 E: -2278.312969898284 G: 3.5e-05
 Step:  121 E: -2278.312969898407 G: 3.4e-05
 Step:  122 E: -2278.312969898521 G: 3.3e-05
 Step:  123 E: -2278.312969898628 G: 3.2e-05
 Step:  124 E: -2278.312969898727 G: 3.1e-05
 Step:  125 E: -2278.312969898819 G: 3.0e-05
 Step:  126 E: -2278.312969898907 G: 2.9e-05
 Step:  127 E: -2278.312969898986 G: 2.8e-05
 Step:  128 E: -2278.312969899061 G: 2.7e-05
 Step:  129 E: -2278.312969899130 G: 2.6e-05
 Step:  130 E: -2278.312969899194 G: 2.5e-05
 Step:  131 E: -2278.312969899253 G: 2.4e-05
 Step:  132 E: -2278.312969899310 G: 2.3e-05
 Step:  133 E: -2278.312969899361 G: 2.2e-05
 Step:  134 E: -2278.312969899410 G: 2.1e-05
 Step:  135 E: -2278.312969899454 G: 2.1e-05
 Step:  136 E: -2278.312969899496 G: 2.0e-05
 Step:  137 E: -2278.312969899535 G: 1.9e-05
 Step:  138 E: -2278.312969899571 G: 1.8e-05
 Step:  139 E: -2278.312969899604 G: 1.8e-05
 Step:  140 E: -2278.312969899636 G: 1.7e-05
 Step:  141 E: -2278.312969899664 G: 1.7e-05
 Step:  142 E: -2278.312969899691 G: 1.6e-05
 Step:  143 E: -2278.312969899717 G: 1.5e-05
 Step:  144 E: -2278.312969899740 G: 1.5e-05
 Step:  145 E: -2278.312969899762 G: 1.4e-05
 Step:  146 E: -2278.312969899781 G: 1.4e-05
 Step:  147 E: -2278.312969899800 G: 1.3e-05
 Step:  148 E: -2278.312969899818 G: 1.3e-05
 Step:  149 E: -2278.312969899834 G: 1.2e-05
 Step:  150 E: -2278.312969899847 G: 1.2e-05
 Step:  151 E: -2278.312969899864 G: 1.2e-05
 Step:  152 E: -2278.312969899876 G: 1.1e-05
 Step:  153 E: -2278.312969899889 G: 1.1e-05
 Step:  154 E: -2278.312969899900 G: 1.0e-05
 Step:  155 E: -2278.312969899910 G: 1.0e-05
 Step:  156 E: -2278.312969899920 G: 9.6e-06
 Step:  157 E: -2278.312969899929 G: 9.3e-06
 Step:  158 E: -2278.312969899938 G: 9.0e-06
 Step:  159 E: -2278.312969899945 G: 8.6e-06
 Step:  160 E: -2278.312969899953 G: 8.3e-06
 Step:  161 E: -2278.312969899960 G: 8.0e-06
 Step:  162 E: -2278.312969899966 G: 7.7e-06
 Step:  163 E: -2278.312969899971 G: 7.5e-06
 Step:  164 E: -2278.312969899976 G: 7.2e-06
 Step:  165 E: -2278.312969899983 G: 6.9e-06
 Step:  166 E: -2278.312969899986 G: 6.7e-06
 Step:  167 E: -2278.312969899991 G: 6.5e-06
 Step:  168 E: -2278.312969899995 G: 6.2e-06
 Step:  169 E: -2278.312969900000 G: 6.0e-06
 Step:  170 E: -2278.312969900003 G: 5.8e-06
 Step:  171 E: -2278.312969900005 G: 5.6e-06
 Step:  172 E: -2278.312969900008 G: 5.4e-06
 Step:  173 E: -2278.312969900012 G: 5.2e-06
 Step:  174 E: -2278.312969900014 G: 5.0e-06
 Step:  175 E: -2278.312969900016 G: 4.8e-06
 Step:  176 E: -2278.312969900020 G: 4.7e-06
 Step:  177 E: -2278.312969900022 G: 4.5e-06
 Step:  178 E: -2278.312969900023 G: 4.3e-06
 Step:  179 E: -2278.312969900026 G: 4.2e-06
 Step:  180 E: -2278.312969900027 G: 4.0e-06
 Step:  181 E: -2278.312969900028 G: 3.9e-06
 Step:  182 E: -2278.312969900029 G: 3.8e-06
 Step:  183 E: -2278.312969900032 G: 3.6e-06
 Step:  184 E: -2278.312969900033 G: 3.5e-06
 Step:  185 E: -2278.312969900035 G: 3.4e-06
 Step:  186 E: -2278.312969900036 G: 3.3e-06
 Step:  187 E: -2278.312969900036 G: 3.1e-06
 Step:  188 E: -2278.312969900037 G: 3.0e-06
 Step:  189 E: -2278.312969900036 G: 2.9e-06
 Step:  190 E: -2278.312969900039 G: 2.8e-06
 Step:  191 E: -2278.312969900040 G: 2.7e-06
 Step:  192 E: -2278.312969900040 G: 2.6e-06
 Step:  193 E: -2278.312969900041 G: 2.5e-06
 Step:  194 E: -2278.312969900041 G: 2.4e-06
 Step:  195 E: -2278.312969900042 G: 2.4e-06
 Step:  196 E: -2278.312969900044 G: 2.3e-06
 Step:  197 E: -2278.312969900044 G: 2.2e-06
 Step:  198 E: -2278.312969900045 G: 2.1e-06
 Step:  199 E: -2278.312969900045 G: 2.0e-06
 Step:  200 E: -2278.312969900046 G: 2.0e-06
 Step:  201 E: -2278.312969900045 G: 1.9e-06
 Step:  202 E: -2278.312969900046 G: 1.8e-06
 Step:  203 E: -2278.312969900045 G: 1.8e-06
 Step:  204 E: -2278.312969900046 G: 1.7e-06
 Step:  205 E: -2278.312969900046 G: 1.6e-06
 Step:  206 E: -2278.312969900045 G: 1.6e-06
 Step:  207 E: -2278.312969900045 G: 1.5e-06
 Step:  208 E: -2278.312969900046 G: 1.5e-06
 Step:  209 E: -2278.312969900047 G: 1.4e-06
 Step:  210 E: -2278.312969900046 G: 1.4e-06
 Step:  211 E: -2278.312969900047 G: 1.3e-06
 Step:  212 E: -2278.312969900046 G: 1.3e-06
 Step:  213 E: -2278.312969900048 G: 1.2e-06
 Step:  214 E: -2278.312969900047 G: 1.2e-06
 Step:  215 E: -2278.312969900048 G: 1.1e-06
 Step:  216 E: -2278.312969900048 G: 1.1e-06
 Step:  217 E: -2278.312969900048 G: 1.1e-06
 Step:  218 E: -2278.312969900048 G: 1.0e-06
 Step:  219 E: -2278.312969900048 G: 9.9e-07
 Step:  220 E: -2278.312969900048 G: 9.6e-07
 Step:  221 E: -2278.312969900048 G: 9.2e-07
 Step:  222 E: -2278.312969900050 G: 8.9e-07
 Step:  223 E: -2278.312969900049 G: 8.6e-07
 Step:  224 E: -2278.312969900049 G: 8.3e-07
 Step:  225 E: -2278.312969900049 G: 8.0e-07
 Step:  226 E: -2278.312969900049 G: 7.7e-07
 Step:  227 E: -2278.312969900049 G: 7.5e-07
 Step:  228 E: -2278.312969900050 G: 7.2e-07
 Step:  229 E: -2278.312969900049 G: 6.9e-07
 Step:  230 E: -2278.312969900049 G: 6.7e-07
 Step:  231 E: -2278.312969900048 G: 6.5e-07
 Step:  232 E: -2278.312969900048 G: 6.2e-07
 Step:  233 E: -2278.312969900049 G: 6.0e-07
 Step:  234 E: -2278.312969900049 G: 5.8e-07
 Step:  235 E: -2278.312969900049 G: 5.6e-07
 Step:  236 E: -2278.312969900049 G: 5.4e-07
 Step:  237 E: -2278.312969900050 G: 5.2e-07
 Step:  238 E: -2278.312969900050 G: 5.0e-07
 Step:  239 E: -2278.312969900051 G: 4.8e-07
 Step:  240 E: -2278.312969900048 G: 4.7e-07
 Step:  241 E: -2278.312969900048 G: 4.5e-07
 Step:  242 E: -2278.312969900049 G: 4.4e-07
 Step:  243 E: -2278.312969900048 G: 4.2e-07
 Step:  244 E: -2278.312969900049 G: 4.1e-07
 Step:  245 E: -2278.312969900048 G: 3.9e-07
 Step:  246 E: -2278.312969900049 G: 3.8e-07
 Step:  247 E: -2278.312969900049 G: 3.6e-07
 Step:  248 E: -2278.312969900049 G: 3.5e-07
 Step:  249 E: -2278.312969900050 G: 3.4e-07
 Step:  250 E: -2278.312969900050 G: 3.3e-07
 Step:  251 E: -2278.312969900050 G: 3.2e-07
 Step:  252 E: -2278.312969900049 G: 3.0e-07
 Step:  253 E: -2278.312969900050 G: 2.9e-07
 Step:  254 E: -2278.312969900050 G: 2.8e-07
 Step:  255 E: -2278.312969900050 G: 2.7e-07
 Step:  256 E: -2278.312969900050 G: 2.6e-07
 Step:  257 E: -2278.312969900051 G: 2.6e-07
 Step:  258 E: -2278.312969900050 G: 2.5e-07
 Step:  259 E: -2278.312969900050 G: 2.4e-07
 Step:  260 E: -2278.312969900050 G: 2.3e-07
 Step:  261 E: -2278.312969900050 G: 2.2e-07
 Step:  262 E: -2278.312969900050 G: 2.1e-07
 Step:  263 E: -2278.312969900050 G: 2.1e-07
 Step:  264 E: -2278.312969900050 G: 2.0e-07
 Step:  265 E: -2278.312969900049 G: 1.9e-07
 Step:  266 E: -2278.312969900050 G: 1.9e-07
 Step:  267 E: -2278.312969900050 G: 1.8e-07
 Step:  268 E: -2278.312969900050 G: 1.7e-07
 Step:  269 E: -2278.312969900050 G: 1.7e-07
 Step:  270 E: -2278.312969900050 G: 1.6e-07
 Step:  271 E: -2278.312969900051 G: 1.6e-07
 Step:  272 E: -2278.312969900049 G: 1.5e-07
 Step:  273 E: -2278.312969900050 G: 1.4e-07
 Step:  274 E: -2278.312969900050 G: 1.4e-07
 Step:  275 E: -2278.312969900051 G: 1.3e-07
 Step:  276 E: -2278.312969900050 G: 1.3e-07
 Step:  277 E: -2278.312969900050 G: 1.3e-07
 Step:  278 E: -2278.312969900050 G: 1.2e-07
 Step:  279 E: -2278.312969900050 G: 1.2e-07
 Step:  280 E: -2278.312969900050 G: 1.1e-07
 Step:  281 E: -2278.312969900050 G: 1.1e-07
 Step:  282 E: -2278.312969900049 G: 1.1e-07
 Step:  283 E: -2278.312969900049 G: 1.0e-07
 Step:  284 E: -2278.312969900050 G: 9.8e-08
 Step:  285 E: -2278.312969900049 G: 9.5e-08
 Step:  286 E: -2278.312969900050 G: 9.1e-08
 Step:  287 E: -2278.312969900050 G: 8.8e-08
 Step:  288 E: -2278.312969900049 G: 8.5e-08
 Step:  289 E: -2278.312969900050 G: 8.2e-08
 Step:  290 E: -2278.312969900051 G: 7.9e-08
 Step:  291 E: -2278.312969900049 G: 7.7e-08
 Step:  292 E: -2278.312969900049 G: 7.4e-08
 Step:  293 E: -2278.312969900050 G: 7.1e-08
 Step:  294 E: -2278.312969900050 G: 6.9e-08
 Step:  295 E: -2278.312969900049 G: 6.7e-08
 Step:  296 E: -2278.312969900049 G: 6.4e-08
 Step:  297 E: -2278.312969900049 G: 6.2e-08
 Step:  298 E: -2278.312969900050 G: 6.0e-08
 Step:  299 E: -2278.312969900050 G: 5.8e-08
 Step:  300 E: -2278.312969900049 G: 5.6e-08
 Step:  301 E: -2278.312969900050 G: 5.4e-08
 Step:  302 E: -2278.312969900050 G: 5.2e-08
 Step:  303 E: -2278.312969900050 G: 5.0e-08
 Step:  304 E: -2278.312969900049 G: 4.9e-08
 Step:  305 E: -2278.312969900048 G: 4.7e-08
 Step:  306 E: -2278.312969900049 G: 4.5e-08
 Step:  307 E: -2278.312969900049 G: 4.4e-08
 Step:  308 E: -2278.312969900049 G: 4.2e-08
 Step:  309 E: -2278.312969900050 G: 4.1e-08
 Step:  310 E: -2278.312969900050 G: 3.9e-08
 Step:  311 E: -2278.312969900050 G: 3.8e-08
 Step:  312 E: -2278.312969900049 G: 3.7e-08
 Step:  313 E: -2278.312969900050 G: 3.6e-08
 Step:  314 E: -2278.312969900050 G: 3.4e-08
 Step:  315 E: -2278.312969900050 G: 3.3e-08
 Step:  316 E: -2278.312969900050 G: 3.2e-08
 Step:  317 E: -2278.312969900050 G: 3.1e-08
 Step:  318 E: -2278.312969900050 G: 3.0e-08
 Step:  319 E: -2278.312969900051 G: 2.9e-08
 Step:  320 E: -2278.312969900050 G: 2.8e-08
 Step:  321 E: -2278.312969900050 G: 2.7e-08
 Step:  322 E: -2278.312969900050 G: 2.6e-08
 Step:  323 E: -2278.312969900050 G: 2.5e-08
 Step:  324 E: -2278.312969900048 G: 2.4e-08
 Step:  325 E: -2278.312969900049 G: 2.3e-08
 Step:  326 E: -2278.312969900049 G: 2.3e-08
 Step:  327 E: -2278.312969900049 G: 2.2e-08
 Step:  328 E: -2278.312969900050 G: 2.1e-08
 Step:  329 E: -2278.312969900050 G: 2.0e-08
 Step:  330 E: -2278.312969900050 G: 2.0e-08
 Step:  331 E: -2278.312969900050 G: 1.9e-08
 Step:  332 E: -2278.312969900049 G: 1.8e-08
 Step:  333 E: -2278.312969900049 G: 1.8e-08
 Step:  334 E: -2278.312969900049 G: 1.7e-08
 Step:  335 E: -2278.312969900050 G: 1.7e-08
 Step:  336 E: -2278.312969900048 G: 1.6e-08
 Step:  337 E: -2278.312969900049 G: 1.6e-08
 Step:  338 E: -2278.312969900049 G: 1.5e-08
 Step:  339 E: -2278.312969900050 G: 1.5e-08
 Step:  340 E: -2278.312969900050 G: 1.4e-08
 Step:  341 E: -2278.312969900050 G: 1.4e-08
 Step:  342 E: -2278.312969900050 G: 1.3e-08
 Step:  343 E: -2278.312969900049 G: 1.3e-08
 Step:  344 E: -2278.312969900049 G: 1.2e-08
 Step:  345 E: -2278.312969900049 G: 1.2e-08
 Step:  346 E: -2278.312969900049 G: 1.1e-08
 Step:  347 E: -2278.312969900049 G: 1.1e-08
 Step:  348 E: -2278.312969900049 G: 1.1e-08
 Step:  349 E: -2278.312969900048 G: 1.0e-08
 Step:  350 E: -2278.312969900049 G: 1.0e-08
*Step:  351 E: -2278.312969900050 G: 9.7e-09
507.294324 seconds (21.75 M allocations: 356.087 GiB, 4.54% gc time)
 Solve OO-CMF with DIIS
 ooCMF Iter:    1 Total= -2278.312940717634 G=    9.166e-03 #SS:    1
 ooCMF Iter:    2 Total= -2278.312963126789 G=    2.421e-03 #SS:    2
 ooCMF Iter:    3 Total= -2278.312965554479 G=    1.795e-03 #SS:    3
 ooCMF Iter:    4 Total= -2278.312969141573 G=    9.215e-04 #SS:    4
 ooCMF Iter:    5 Total= -2278.312969876573 G=    1.871e-04 #SS:    5
 ooCMF Iter:    6 Total= -2278.312969894256 G=    9.791e-05 #SS:    6
 ooCMF Iter:    7 Total= -2278.312969896981 G=    4.919e-05 #SS:    7
 ooCMF Iter:    8 Total= -2278.312969898564 G=    3.457e-05 #SS:    8
 ooCMF Iter:    9 Total= -2278.312969899905 G=    1.311e-05 #SS:    9
 ooCMF Iter:   10 Total= -2278.312969900017 G=    7.694e-06 #SS:   10
 ooCMF Iter:   11 Total= -2278.312969900041 G=    2.601e-06 #SS:   11
 ooCMF Iter:   12 Total= -2278.312969900044 G=    1.970e-06 #SS:   12
 ooCMF Iter:   13 Total= -2278.312969900049 G=    1.056e-06 #SS:   13
 ooCMF Iter:   14 Total= -2278.312969900050 G=    8.854e-07 #SS:   14
 ooCMF Iter:   15 Total= -2278.312969900050 G=    4.201e-07 #SS:   15
 ooCMF Iter:   16 Total= -2278.312969900051 G=    3.265e-07 #SS:   16
 ooCMF Iter:   17 Total= -2278.312969900051 G=    3.108e-07 #SS:   17
 ooCMF Iter:   18 Total= -2278.312969900051 G=    1.195e-07 #SS:   18
 ooCMF Iter:   19 Total= -2278.312969900051 G=    9.283e-08 #SS:   19
 ooCMF Iter:   20 Total= -2278.312969900050 G=    2.082e-08 #SS:   20
 ooCMF Iter:   21 Total= -2278.312969900050 G=    1.803e-08 #SS:   21
 ooCMF Iter:   22 Total= -2278.312969900050 G=    1.167e-08 #SS:   22
 ooCMF Iter:   23 Total= -2278.312969900050 G=    1.102e-08 #SS:   23
 ooCMF Iter:   24 Total= -2278.312969900049 G=    1.071e-08 #SS:   24
 ooCMF Iter:   25 Total= -2278.312969900050 G=    1.051e-08 #SS:   24
*ooCMF Iter:   26 Total= -2278.312969900049 G=    6.831e-09 #SS:   24
109.618706 seconds (15.12 M allocations: 71.796 GiB, 4.69% gc time)
 Solve OO-CMF with DIIS
 ooCMF Iter:    1 Total= -2278.312969900048 G=    2.880e-06 #SS:    1
*ooCMF Iter:    2 Total= -2278.312969900050 G=    4.792e-09 #SS:    2
 23.617972 seconds (729.22 k allocations: 10.384 GiB, 2.54% gc time)
 Solve OO-CMF with DIIS
 ooCMF Iter:    1 Total= -2278.312969900048 G=    3.047e-06 #SS:    1
*ooCMF Iter:    2 Total= -2278.312969900051 G=    4.814e-09 #SS:    2
 41.600377 seconds (5.64 M allocations: 9.654 GiB, 1.63% gc time)
 Solve OO-CMF with newton
 Step:    1 E: -2278.312929127377 G:     1.13e-02  
 Step:    2 E: -2278.312969900048 G:     3.05e-06  
 Step:    3 E: -2278.312969900050 G:     4.27e-10  
 46.901870 seconds (5.34 M allocations: 5.332 GiB, 0.87% gc time)
 Solve OO-CMF with newton
 Step:    1 E: -2278.312929127377 G:     1.13e-02  
 Step:    2 E: -2278.312969900047 G:     2.88e-06  
 Step:    3 E: -2278.312969900051 G:     2.23e-10  
 20.081487 seconds (425.50 k allocations: 5.118 GiB, 1.66% gc time)