 Input energy:    -2721.66784100
IDX001:DIM4096:001|002|003|004|005|006|
IDX002:DIM0064:007|008|009|
IDX003:DIM4096:010|011|012|013|014|015|
 ooCMF Iter:    1 Total= -2721.673023348969 Active= -54.152642141385 G=     9.94e-03
 ooCMF Iter:    2 Total= -2721.673045095985 Active= -54.152663888400 G=     4.70e-03
 ooCMF Iter:    3 Total= -2721.673053998955 Active= -54.152672791370 G=     4.50e-05
 ooCMF Iter:    4 Total= -2721.673053999875 Active= -54.152672792290 G=     4.91e-05
 ooCMF Iter:    5 Total= -2721.673054004030 Active= -54.152672796445 G=     1.29e-04
 ooCMF Iter:    6 Total= -2721.673054058317 Active= -54.152672850732 G=     3.20e-04
 ooCMF Iter:    7 Total= -2721.673054106348 Active= -54.152672898763 G=     2.38e-04
 ooCMF Iter:    8 Total= -2721.673054120068 Active= -54.152672912483 G=     8.49e-05
 ooCMF Iter:    9 Total= -2721.673054122705 Active= -54.152672915120 G=     2.49e-05
 ooCMF Iter:   10 Total= -2721.673054123270 Active= -54.152672915685 G=     3.16e-05
 ooCMF Iter:   11 Total= -2721.673054126513 Active= -54.152672918929 G=     9.03e-05
 ooCMF Iter:   12 Total= -2721.673054139234 Active= -54.152672931649 G=     1.30e-04
 ooCMF Iter:   13 Total= -2721.673054145515 Active= -54.152672937930 G=     5.18e-05
 ooCMF Iter:   14 Total= -2721.673054146183 Active= -54.152672938598 G=     1.82e-05
 ooCMF Iter:   15 Total= -2721.673054146265 Active= -54.152672938681 G=     5.07e-06
 ooCMF Iter:   16 Total= -2721.673054146285 Active= -54.152672938700 G=     3.52e-06
 ooCMF Iter:   17 Total= -2721.673054146296 Active= -54.152672938711 G=     6.83e-06
 ooCMF Iter:   18 Total= -2721.673054146397 Active= -54.152672938812 G=     1.47e-05
 ooCMF Iter:   19 Total= -2721.673054146692 Active= -54.152672939107 G=     9.74e-06
 ooCMF Iter:   20 Total= -2721.673054146723 Active= -54.152672939138 G=     1.82e-06
 ooCMF Iter:   21 Total= -2721.673054146724 Active= -54.152672939139 G=     5.81e-07
 ooCMF Iter:   22 Total= -2721.673054146725 Active= -54.152672939140 G=     4.42e-07
 ooCMF Iter:   23 Total= -2721.673054146725 Active= -54.152672939140 G=     1.02e-06
 ooCMF Iter:   24 Total= -2721.673054146727 Active= -54.152672939142 G=     9.31e-07
 ooCMF Iter:   25 Total= -2721.673054146727 Active= -54.152672939142 G=     2.12e-07
 ooCMF Iter:   26 Total= -2721.673054146726 Active= -54.152672939142 G=     5.19e-08
 ooCMF Iter:   27 Total= -2721.673054146726 Active= -54.152672939142 G=     1.60e-08
 ooCMF Iter:   28 Total= -2721.673054146727 Active= -54.152672939142 G=     2.55e-08
 ooCMF Iter:   29 Total= -2721.673054146726 Active= -54.152672939142 G=     1.75e-07
 ooCMF Iter:   30 Total= -2721.673054146726 Active= -54.152672939142 G=     1.30e-07
 ooCMF Iter:   31 Total= -2721.673054146727 Active= -54.152672939142 G=     3.74e-08
 ooCMF Iter:   32 Total= -2721.673054146727 Active= -54.152672939142 G=     3.80e-08
 ooCMF Iter:   33 Total= -2721.673054146727 Active= -54.152672939142 G=     1.56e-07
 * Status: success

 * Candidate solution
    Final objective value:     -2.721673e+03

 * Found with
    Algorithm:     BFGS

 * Convergence measures
    |x - x'|               = 3.94e-06 ≰ 0.0e+00
    |x - x'|/|x'|          = 5.82e-04 ≰ 0.0e+00
    |f(x) - f(x')|         = 0.00e+00 ≤ 0.0e+00
    |f(x) - f(x')|/|f(x')| = 0.00e+00 ≤ 0.0e+00
    |g(x)|                 = 5.82e-08 ≰ 1.0e-08

 * Work counters
    Seconds run:   6  (vs limit Inf)
    Iterations:    32
    f(x) calls:    92
    ∇f(x) calls:   92

*ooCMF -2721.67305415 
  5.696749 seconds (1.84 M allocations: 945.273 MiB, 5.22% gc time)
 ooCMF Iter:    1 Total= -2721.673023348969 Active= -54.152642141385 G=     9.94e-03
 ooCMF Iter:    2 Total= -2721.673045096249 Active= -54.152663888664 G=     4.67e-03
 ooCMF Iter:    3 Total= -2721.673053998905 Active= -54.152672791320 G=     4.71e-05
 ooCMF Iter:    4 Total= -2721.673053999820 Active= -54.152672792235 G=     4.73e-05
 ooCMF Iter:    5 Total= -2721.673054003109 Active= -54.152672795525 G=     9.71e-05
 ooCMF Iter:    6 Total= -2721.673054031834 Active= -54.152672824249 G=     2.65e-04
 ooCMF Iter:    7 Total= -2721.673054074445 Active= -54.152672866860 G=     3.13e-04
 ooCMF Iter:    8 Total= -2721.673054116478 Active= -54.152672908893 G=     1.25e-04
 ooCMF Iter:    9 Total= -2721.673054121810 Active= -54.152672914226 G=     5.40e-05
 ooCMF Iter:   10 Total= -2721.673054122507 Active= -54.152672914922 G=     2.42e-05
 ooCMF Iter:   11 Total= -2721.673054123196 Active= -54.152672915611 G=     4.20e-05
 ooCMF Iter:   12 Total= -2721.673054124814 Active= -54.152672917230 G=     7.18e-05
 ooCMF Iter:   13 Total= -2721.673054129079 Active= -54.152672921494 G=     1.02e-04
 ooCMF Iter:   14 Total= -2721.673054140251 Active= -54.152672932666 G=     1.08e-04
 ooCMF Iter:   15 Total= -2721.673054143577 Active= -54.152672935992 G=     6.84e-05
 ooCMF Iter:   16 Total= -2721.673054145299 Active= -54.152672937714 G=     3.05e-05
 ooCMF Iter:   17 Total= -2721.673054145644 Active= -54.152672938059 G=     1.70e-05
 ooCMF Iter:   18 Total= -2721.673054145713 Active= -54.152672938128 G=     7.00e-06
 ooCMF Iter:   19 Total= -2721.673054145734 Active= -54.152672938149 G=     5.81e-06
 ooCMF Iter:   20 Total= -2721.673054145753 Active= -54.152672938168 G=     4.74e-06
 ooCMF Iter:   21 Total= -2721.673054145772 Active= -54.152672938187 G=     7.49e-06
 ooCMF Iter:   22 Total= -2721.673054145825 Active= -54.152672938240 G=     1.02e-05
 ooCMF Iter:   23 Total= -2721.673054145930 Active= -54.152672938345 G=     2.70e-05
 ooCMF Iter:   24 Total= -2721.673054146248 Active= -54.152672938664 G=     2.24e-05
 ooCMF Iter:   25 Total= -2721.673054146504 Active= -54.152672938920 G=     1.51e-05
 ooCMF Iter:   26 Total= -2721.673054146565 Active= -54.152672938980 G=     8.07e-06
 ooCMF Iter:   27 Total= -2721.673054146579 Active= -54.152672938995 G=     3.83e-06
 ooCMF Iter:   28 Total= -2721.673054146581 Active= -54.152672938997 G=     2.73e-06
 ooCMF Iter:   29 Total= -2721.673054146584 Active= -54.152672938999 G=     2.00e-06
 ooCMF Iter:   30 Total= -2721.673054146585 Active= -54.152672939001 G=     1.58e-06
 ooCMF Iter:   31 Total= -2721.673054146591 Active= -54.152672939006 G=     3.70e-06
 ooCMF Iter:   32 Total= -2721.673054146615 Active= -54.152672939030 G=     7.39e-06
 ooCMF Iter:   33 Total= -2721.673054146659 Active= -54.152672939074 G=     7.67e-06
 ooCMF Iter:   34 Total= -2721.673054146681 Active= -54.152672939097 G=     3.28e-06
 ooCMF Iter:   35 Total= -2721.673054146685 Active= -54.152672939100 G=     1.41e-06
 ooCMF Iter:   36 Total= -2721.673054146686 Active= -54.152672939101 G=     1.36e-06
 ooCMF Iter:   37 Total= -2721.673054146689 Active= -54.152672939104 G=     2.58e-06
 ooCMF Iter:   38 Total= -2721.673054146692 Active= -54.152672939107 G=     7.03e-06
 ooCMF Iter:   39 Total= -2721.673054146705 Active= -54.152672939121 G=     4.04e-06
 ooCMF Iter:   40 Total= -2721.673054146713 Active= -54.152672939128 G=     1.81e-06
 ooCMF Iter:   41 Total= -2721.673054146714 Active= -54.152672939129 G=     1.06e-06
 ooCMF Iter:   42 Total= -2721.673054146715 Active= -54.152672939130 G=     7.29e-07
 ooCMF Iter:   43 Total= -2721.673054146715 Active= -54.152672939130 G=     6.54e-07
 ooCMF Iter:   44 Total= -2721.673054146715 Active= -54.152672939131 G=     1.05e-06
 ooCMF Iter:   45 Total= -2721.673054146716 Active= -54.152672939132 G=     1.94e-06
 ooCMF Iter:   46 Total= -2721.673054146718 Active= -54.152672939133 G=     4.89e-06
 ooCMF Iter:   47 Total= -2721.673054146724 Active= -54.152672939139 G=     1.66e-06
 ooCMF Iter:   48 Total= -2721.673054146724 Active= -54.152672939139 G=     8.40e-07
 ooCMF Iter:   49 Total= -2721.673054146724 Active= -54.152672939139 G=     4.13e-07
 ooCMF Iter:   50 Total= -2721.673054146725 Active= -54.152672939140 G=     2.21e-07
 ooCMF Iter:   51 Total= -2721.673054146724 Active= -54.152672939139 G=     2.57e-07
 ooCMF Iter:   52 Total= -2721.673054146725 Active= -54.152672939140 G=     5.46e-07
 ooCMF Iter:   53 Total= -2721.673054146725 Active= -54.152672939140 G=     9.71e-07
 ooCMF Iter:   54 Total= -2721.673054146725 Active= -54.152672939141 G=     5.40e-07
 ooCMF Iter:   55 Total= -2721.673054146725 Active= -54.152672939141 G=     4.54e-07
 ooCMF Iter:   56 Total= -2721.673054146725 Active= -54.152672939141 G=     2.17e-07
 * Status: success

 * Candidate solution
    Final objective value:     -2.721673e+03

 * Found with
    Algorithm:     Conjugate Gradient

 * Convergence measures
    |x - x'|               = 1.97e-07 ≰ 0.0e+00
    |x - x'|/|x'|          = 2.92e-05 ≰ 0.0e+00
    |f(x) - f(x')|         = 0.00e+00 ≤ 0.0e+00
    |f(x) - f(x')|/|f(x')| = 0.00e+00 ≤ 0.0e+00
    |g(x)|                 = 1.08e-07 ≰ 1.0e-08

 * Work counters
    Seconds run:   7  (vs limit Inf)
    Iterations:    55
    f(x) calls:    146
    ∇f(x) calls:   94

*ooCMF -2721.67305415 
  6.919320 seconds (2.37 M allocations: 1.136 GiB)
 Step:    1 E: -2721.673023348969 G: 9.9e-03
 Step:    2 E: -2721.673032108913 G: 7.8e-03
 Step:    3 E: -2721.673037526971 G: 6.3e-03
 Step:    4 E: -2721.673041143581 G: 5.3e-03
 Step:    5 E: -2721.673043725820 G: 4.5e-03
 Step:    6 E: -2721.673045668341 G: 4.0e-03
 Step:    7 E: -2721.673047183996 G: 3.6e-03
 Step:    8 E: -2721.673048395000 G: 3.2e-03
 Step:    9 E: -2721.673049376915 G: 2.9e-03
 Step:   10 E: -2721.673050180134 G: 2.6e-03
 Step:   11 E: -2721.673050840606 G: 2.4e-03
 Step:   12 E: -2721.673051385351 G: 2.2e-03
 Step:   13 E: -2721.673051835440 G: 2.0e-03
 Step:   14 E: -2721.673052207702 G: 1.8e-03
 Step:   15 E: -2721.673052515778 G: 1.6e-03
 Step:   16 E: -2721.673052770825 G: 1.5e-03
 ............................................
 Step:  935 E: -2721.673054066716 G: 2.3e-05
 Step:  936 E: -2721.673054066768 G: 2.3e-05
 Step:  937 E: -2721.673054066819 G: 2.3e-05
 Step:  938 E: -2721.673054066870 G: 2.3e-05
 Step:  939 E: -2721.673054066921 G: 2.3e-05
 Step:  940 E: -2721.673054066973 G: 2.3e-05
 Step:  941 E: -2721.673054067023 G: 2.3e-05
 Step:  942 E: -2721.673054067075 G: 2.3e-05
 Step:  943 E: -2721.673054067126 G: 2.3e-05
 Step:  944 E: -2721.673054067177 G: 2.3e-05
 Step:  945 E: -2721.673054067228 G: 2.3e-05
 Step:  946 E: -2721.673054067279 G: 2.3e-05
 Step:  947 E: -2721.673054067330 G: 2.3e-05
 Step:  948 E: -2721.673054067381 G: 2.3e-05
 Step:  949 E: -2721.673054067431 G: 2.3e-05
 Step:  950 E: -2721.673054067483 G: 2.3e-05
 Step:  951 E: -2721.673054067533 G: 2.3e-05
 Step:  952 E: -2721.673054067584 G: 2.3e-05
 Step:  953 E: -2721.673054067635 G: 2.3e-05
 Step:  954 E: -2721.673054067685 G: 2.3e-05
 Step:  955 E: -2721.673054067736 G: 2.3e-05
 Step:  956 E: -2721.673054067787 G: 2.2e-05
 Step:  957 E: -2721.673054067837 G: 2.2e-05
 Step:  958 E: -2721.673054067888 G: 2.2e-05
 Step:  959 E: -2721.673054067938 G: 2.2e-05
 Step:  960 E: -2721.673054067989 G: 2.2e-05
 Step:  961 E: -2721.673054068039 G: 2.2e-05
 Step:  962 E: -2721.673054068090 G: 2.2e-05
 Step:  963 E: -2721.673054068140 G: 2.2e-05
 Step:  964 E: -2721.673054068191 G: 2.2e-05
 Step:  965 E: -2721.673054068241 G: 2.2e-05
 Step:  966 E: -2721.673054068291 G: 2.2e-05
 Step:  967 E: -2721.673054068341 G: 2.2e-05
 Step:  968 E: -2721.673054068391 G: 2.2e-05
 Step:  969 E: -2721.673054068442 G: 2.2e-05
 Step:  970 E: -2721.673054068492 G: 2.2e-05
 Step:  971 E: -2721.673054068542 G: 2.2e-05
 Step:  972 E: -2721.673054068592 G: 2.2e-05
 Step:  973 E: -2721.673054068643 G: 2.2e-05
 Step:  974 E: -2721.673054068692 G: 2.2e-05
 Step:  975 E: -2721.673054068742 G: 2.2e-05
 Step:  976 E: -2721.673054068792 G: 2.2e-05
 Step:  977 E: -2721.673054068842 G: 2.2e-05
 Step:  978 E: -2721.673054068891 G: 2.2e-05
 Step:  979 E: -2721.673054068941 G: 2.2e-05
 Step:  980 E: -2721.673054068991 G: 2.2e-05
 Step:  981 E: -2721.673054069041 G: 2.2e-05
 Step:  982 E: -2721.673054069091 G: 2.2e-05
 Step:  983 E: -2721.673054069141 G: 2.2e-05
 Step:  984 E: -2721.673054069190 G: 2.2e-05
 Step:  985 E: -2721.673054069240 G: 2.2e-05
 Step:  986 E: -2721.673054069289 G: 2.2e-05
 Step:  987 E: -2721.673054069339 G: 2.2e-05
 Step:  988 E: -2721.673054069388 G: 2.2e-05
 Step:  989 E: -2721.673054069438 G: 2.2e-05
 Step:  990 E: -2721.673054069488 G: 2.2e-05
 Step:  991 E: -2721.673054069537 G: 2.2e-05
 Step:  992 E: -2721.673054069586 G: 2.2e-05
 Step:  993 E: -2721.673054069636 G: 2.2e-05
 Step:  994 E: -2721.673054069685 G: 2.2e-05
 Step:  995 E: -2721.673054069734 G: 2.2e-05
 Step:  996 E: -2721.673054069784 G: 2.2e-05
 Step:  997 E: -2721.673054069833 G: 2.2e-05
 Step:  998 E: -2721.673054069882 G: 2.2e-05
 Step:  999 E: -2721.673054069931 G: 2.2e-05
 Step: 1000 E: -2721.673054069980 G: 2.2e-05
 Step: 1001 E: -2721.673054070029 G: 2.2e-05
 Step: 1002 E: -2721.673054070078 G: 2.2e-05
 Step: 1003 E: -2721.673054070127 G: 2.2e-05
 Step: 1004 E: -2721.673054070176 G: 2.2e-05
 Step: 1005 E: -2721.673054070225 G: 2.2e-05
 Step: 1006 E: -2721.673054070274 G: 2.2e-05
 Step: 1007 E: -2721.673054070322 G: 2.2e-05
 Step: 1008 E: -2721.673054070372 G: 2.2e-05
 Step: 1009 E: -2721.673054070420 G: 2.2e-05
 Step: 1010 E: -2721.673054070469 G: 2.2e-05
 Step: 1011 E: -2721.673054070518 G: 2.2e-05
 Step: 1012 E: -2721.673054070567 G: 2.2e-05
 Step: 1013 E: -2721.673054070615 G: 2.2e-05
 Step: 1014 E: -2721.673054070664 G: 2.2e-05
 Step: 1015 E: -2721.673054070713 G: 2.2e-05
 Step: 1016 E: -2721.673054070761 G: 2.2e-05
 Step: 1017 E: -2721.673054070809 G: 2.2e-05
 Step: 1018 E: -2721.673054070858 G: 2.2e-05
 Step: 1019 E: -2721.673054070907 G: 2.2e-05
 Step: 1020 E: -2721.673054070955 G: 2.2e-05
 Step: 1021 E: -2721.673054071003 G: 2.2e-05
 Step: 1022 E: -2721.673054071052 G: 2.2e-05
 Step: 1023 E: -2721.673054071101 G: 2.2e-05
 Step: 1024 E: -2721.673054071148 G: 2.2e-05
 Step: 1025 E: -2721.673054071197 G: 2.2e-05
 Step: 1026 E: -2721.673054071245 G: 2.2e-05
 Step: 1027 E: -2721.673054071293 G: 2.2e-05
 Step: 1028 E: -2721.673054071342 G: 2.2e-05
 Step: 1029 E: -2721.673054071390 G: 2.2e-05
 Step: 1030 E: -2721.673054071438 G: 2.2e-05
 Step: 1031 E: -2721.673054071486 G: 2.2e-05
 Step: 1032 E: -2721.673054071533 G: 2.2e-05
 Step: 1033 E: -2721.673054071582 G: 2.2e-05
 Step: 1034 E: -2721.673054071629 G: 2.2e-05
 Step: 1035 E: -2721.673054071678 G: 2.2e-05
 Step: 1036 E: -2721.673054071725 G: 2.2e-05
 Step: 1037 E: -2721.673054071774 G: 2.2e-05
 Step: 1038 E: -2721.673054071821 G: 2.2e-05
 Step: 1039 E: -2721.673054071869 G: 2.2e-05
 Step: 1040 E: -2721.673054071916 G: 2.2e-05
 Step: 1041 E: -2721.673054071965 G: 2.2e-05
 Step: 1042 E: -2721.673054072012 G: 2.2e-05
 Step: 1043 E: -2721.673054072060 G: 2.2e-05
 Step: 1044 E: -2721.673054072107 G: 2.2e-05
 Step: 1045 E: -2721.673054072155 G: 2.2e-05
 Step: 1046 E: -2721.673054072202 G: 2.2e-05
 Step: 1047 E: -2721.673054072250 G: 2.2e-05
 Step: 1048 E: -2721.673054072297 G: 2.2e-05
 Step: 1049 E: -2721.673054072345 G: 2.2e-05
 Step: 1050 E: -2721.673054072392 G: 2.2e-05
 Step: 1051 E: -2721.673054072440 G: 2.2e-05
 Step: 1052 E: -2721.673054072487 G: 2.2e-05
 Step: 1053 E: -2721.673054072534 G: 2.2e-05
 Step: 1054 E: -2721.673054072582 G: 2.2e-05
 Step: 1055 E: -2721.673054072629 G: 2.2e-05
 Step: 1056 E: -2721.673054072676 G: 2.2e-05
 Step: 1057 E: -2721.673054072724 G: 2.2e-05
 Step: 1058 E: -2721.673054072771 G: 2.2e-05
 Step: 1059 E: -2721.673054072818 G: 2.2e-05
 Step: 1060 E: -2721.673054072865 G: 2.2e-05
 Step: 1061 E: -2721.673054072913 G: 2.2e-05
 Step: 1062 E: -2721.673054072959 G: 2.2e-05
 Step: 1063 E: -2721.673054073006 G: 2.2e-05
 Step: 1064 E: -2721.673054073054 G: 2.2e-05
 Step: 1065 E: -2721.673054073101 G: 2.2e-05
 Step: 1066 E: -2721.673054073147 G: 2.2e-05
 Step: 1067 E: -2721.673054073194 G: 2.2e-05
 Step: 1068 E: -2721.673054073241 G: 2.2e-05
 Step: 1069 E: -2721.673054073288 G: 2.2e-05
 Step: 1070 E: -2721.673054073335 G: 2.2e-05
 Step: 1071 E: -2721.673054073382 G: 2.2e-05
 Step: 1072 E: -2721.673054073428 G: 2.2e-05
 Step: 1073 E: -2721.673054073475 G: 2.2e-05
 Step: 1074 E: -2721.673054073522 G: 2.2e-05
 Step: 1075 E: -2721.673054073568 G: 2.2e-05
 Step: 1076 E: -2721.673054073615 G: 2.2e-05
 Step: 1077 E: -2721.673054073661 G: 2.2e-05
 Step: 1078 E: -2721.673054073708 G: 2.2e-05
 Step: 1079 E: -2721.673054073754 G: 2.2e-05
 Step: 1080 E: -2721.673054073801 G: 2.2e-05
 Step: 1081 E: -2721.673054073848 G: 2.2e-05
 Step: 1082 E: -2721.673054073894 G: 2.2e-05
 Step: 1083 E: -2721.673054073940 G: 2.2e-05
 Step: 1084 E: -2721.673054073987 G: 2.2e-05
 Step: 1085 E: -2721.673054074033 G: 2.2e-05
 Step: 1086 E: -2721.673054074080 G: 2.2e-05
 Step: 1087 E: -2721.673054074126 G: 2.2e-05
 Step: 1088 E: -2721.673054074172 G: 2.1e-05
 Step: 1089 E: -2721.673054074218 G: 2.1e-05
 Step: 1090 E: -2721.673054074264 G: 2.1e-05
 Step: 1091 E: -2721.673054074311 G: 2.1e-05
 Step: 1092 E: -2721.673054074357 G: 2.1e-05
 Step: 1093 E: -2721.673054074402 G: 2.1e-05
 Step: 1094 E: -2721.673054074449 G: 2.1e-05
 Step: 1095 E: -2721.673054074494 G: 2.1e-05
 Step: 1096 E: -2721.673054074541 G: 2.1e-05
 Step: 1097 E: -2721.673054074587 G: 2.1e-05
 Step: 1098 E: -2721.673054074633 G: 2.1e-05
 Step: 1099 E: -2721.673054074678 G: 2.1e-05
 Step: 1100 E: -2721.673054074724 G: 2.1e-05
 Step: 1101 E: -2721.673054074770 G: 2.1e-05
 Step: 1102 E: -2721.673054074816 G: 2.1e-05
 Step: 1103 E: -2721.673054074861 G: 2.1e-05
 Step: 1104 E: -2721.673054074908 G: 2.1e-05
 Step: 1105 E: -2721.673054074953 G: 2.1e-05
 Step: 1106 E: -2721.673054074999 G: 2.1e-05
 Step: 1107 E: -2721.673054075045 G: 2.1e-05
 Step: 1108 E: -2721.673054075090 G: 2.1e-05
 Step: 1109 E: -2721.673054075136 G: 2.1e-05
 Step: 1110 E: -2721.673054075181 G: 2.1e-05
 Step: 1111 E: -2721.673054075227 G: 2.1e-05
 Step: 1112 E: -2721.673054075272 G: 2.1e-05
 Step: 1113 E: -2721.673054075317 G: 2.1e-05
 Step: 1114 E: -2721.673054075363 G: 2.1e-05
 Step: 1115 E: -2721.673054075409 G: 2.1e-05
 Step: 1116 E: -2721.673054075454 G: 2.1e-05
 Step: 1117 E: -2721.673054075499 G: 2.1e-05
 Step: 1118 E: -2721.673054075545 G: 2.1e-05
 Step: 1119 E: -2721.673054075590 G: 2.1e-05
 Step: 1120 E: -2721.673054075635 G: 2.1e-05
 Step: 1121 E: -2721.673054075680 G: 2.1e-05
 Step: 1122 E: -2721.673054075725 G: 2.1e-05
 Step: 1123 E: -2721.673054075771 G: 2.1e-05
 Step: 1124 E: -2721.673054075816 G: 2.1e-05
 Step: 1125 E: -2721.673054075861 G: 2.1e-05
 Step: 1126 E: -2721.673054075906 G: 2.1e-05
 Step: 1127 E: -2721.673054075951 G: 2.1e-05
 Step: 1128 E: -2721.673054075995 G: 2.1e-05
 Step: 1129 E: -2721.673054076040 G: 2.1e-05
 Step: 1130 E: -2721.673054076085 G: 2.1e-05
 Step: 1131 E: -2721.673054076130 G: 2.1e-05
 Step: 1132 E: -2721.673054076176 G: 2.1e-05
 Step: 1133 E: -2721.673054076220 G: 2.1e-05
 Step: 1134 E: -2721.673054076265 G: 2.1e-05
 Step: 1135 E: -2721.673054076310 G: 2.1e-05
 Step: 1136 E: -2721.673054076355 G: 2.1e-05
 Step: 1137 E: -2721.673054076399 G: 2.1e-05
 Step: 1138 E: -2721.673054076444 G: 2.1e-05
 Step: 1139 E: -2721.673054076488 G: 2.1e-05
 Step: 1140 E: -2721.673054076533 G: 2.1e-05
 Step: 1141 E: -2721.673054076578 G: 2.1e-05
 Step: 1142 E: -2721.673054076622 G: 2.1e-05
 Step: 1143 E: -2721.673054076667 G: 2.1e-05
 Step: 1144 E: -2721.673054076712 G: 2.1e-05
 Step: 1145 E: -2721.673054076756 G: 2.1e-05
 Step: 1146 E: -2721.673054076801 G: 2.1e-05
 Step: 1147 E: -2721.673054076845 G: 2.1e-05
 Step: 1148 E: -2721.673054076889 G: 2.1e-05
 Step: 1149 E: -2721.673054076934 G: 2.1e-05
 Step: 1150 E: -2721.673054076978 G: 2.1e-05
 Step: 1151 E: -2721.673054077022 G: 2.1e-05
 Step: 1152 E: -2721.673054077066 G: 2.1e-05
 Step: 1153 E: -2721.673054077110 G: 2.1e-05
 Step: 1154 E: -2721.673054077155 G: 2.1e-05
 Step: 1155 E: -2721.673054077199 G: 2.1e-05
 Step: 1156 E: -2721.673054077243 G: 2.1e-05
 Step: 1157 E: -2721.673054077287 G: 2.1e-05
 Step: 1158 E: -2721.673054077331 G: 2.1e-05
 Step: 1159 E: -2721.673054077375 G: 2.1e-05
 Step: 1160 E: -2721.673054077420 G: 2.1e-05
 Step: 1161 E: -2721.673054077463 G: 2.1e-05
 Step: 1162 E: -2721.673054077507 G: 2.1e-05
 Step: 1163 E: -2721.673054077552 G: 2.1e-05
 Step: 1164 E: -2721.673054077596 G: 2.1e-05
 Step: 1165 E: -2721.673054077640 G: 2.1e-05
 Step: 1166 E: -2721.673054077683 G: 2.1e-05
 Step: 1167 E: -2721.673054077728 G: 2.1e-05
 Step: 1168 E: -2721.673054077771 G: 2.1e-05
 Step: 1169 E: -2721.673054077815 G: 2.1e-05
 Step: 1170 E: -2721.673054077859 G: 2.1e-05
 Step: 1171 E: -2721.673054077902 G: 2.1e-05
 Step: 1172 E: -2721.673054077946 G: 2.1e-05
 Step: 1173 E: -2721.673054077989 G: 2.1e-05
 Step: 1174 E: -2721.673054078033 G: 2.1e-05
 Step: 1175 E: -2721.673054078076 G: 2.1e-05
 Step: 1176 E: -2721.673054078120 G: 2.1e-05
 Step: 1177 E: -2721.673054078164 G: 2.1e-05
 Step: 1178 E: -2721.673054078207 G: 2.1e-05
 Step: 1179 E: -2721.673054078251 G: 2.1e-05
 Step: 1180 E: -2721.673054078294 G: 2.1e-05
 Step: 1181 E: -2721.673054078338 G: 2.1e-05
 Step: 1182 E: -2721.673054078381 G: 2.1e-05
 Step: 1183 E: -2721.673054078424 G: 2.1e-05
 Step: 1184 E: -2721.673054078467 G: 2.1e-05
 Step: 1185 E: -2721.673054078511 G: 2.1e-05
 Step: 1186 E: -2721.673054078554 G: 2.1e-05
 Step: 1187 E: -2721.673054078597 G: 2.1e-05
 Step: 1188 E: -2721.673054078640 G: 2.1e-05
 Step: 1189 E: -2721.673054078684 G: 2.1e-05
 Step: 1190 E: -2721.673054078727 G: 2.1e-05
 Step: 1191 E: -2721.673054078770 G: 2.1e-05
 Step: 1192 E: -2721.673054078813 G: 2.1e-05
 Step: 1193 E: -2721.673054078856 G: 2.1e-05
 Step: 1194 E: -2721.673054078899 G: 2.1e-05
 Step: 1195 E: -2721.673054078942 G: 2.1e-05
 Step: 1196 E: -2721.673054078985 G: 2.1e-05
 Step: 1197 E: -2721.673054079028 G: 2.1e-05
 Step: 1198 E: -2721.673054079071 G: 2.1e-05
 Step: 1199 E: -2721.673054079113 G: 2.1e-05
 Step: 1200 E: -2721.673054079156 G: 2.1e-05
 Step: 1201 E: -2721.673054079200 G: 2.1e-05
 Step: 1202 E: -2721.673054079242 G: 2.1e-05
 Step: 1203 E: -2721.673054079285 G: 2.1e-05
 Step: 1204 E: -2721.673054079328 G: 2.1e-05
 Step: 1205 E: -2721.673054079371 G: 2.1e-05
 Step: 1206 E: -2721.673054079413 G: 2.1e-05
 Step: 1207 E: -2721.673054079456 G: 2.1e-05
 Step: 1208 E: -2721.673054079498 G: 2.1e-05
 Step: 1209 E: -2721.673054079541 G: 2.1e-05
 Step: 1210 E: -2721.673054079584 G: 2.1e-05
 Step: 1211 E: -2721.673054079626 G: 2.1e-05
 Step: 1212 E: -2721.673054079669 G: 2.1e-05
 Step: 1213 E: -2721.673054079711 G: 2.1e-05
 Step: 1214 E: -2721.673054079753 G: 2.1e-05
 Step: 1215 E: -2721.673054079796 G: 2.1e-05
 Step: 1216 E: -2721.673054079838 G: 2.1e-05
 Step: 1217 E: -2721.673054079881 G: 2.1e-05
 Step: 1218 E: -2721.673054079923 G: 2.1e-05
 Step: 1219 E: -2721.673054079965 G: 2.1e-05
 Step: 1220 E: -2721.673054080008 G: 2.1e-05
 Step: 1221 E: -2721.673054080050 G: 2.1e-05
 Step: 1222 E: -2721.673054080092 G: 2.1e-05
 Step: 1223 E: -2721.673054080135 G: 2.1e-05
 Step: 1224 E: -2721.673054080177 G: 2.1e-05
 Step: 1225 E: -2721.673054080219 G: 2.1e-05
 Step: 1226 E: -2721.673054080261 G: 2.1e-05
 Step: 1227 E: -2721.673054080303 G: 2.1e-05
 Step: 1228 E: -2721.673054080345 G: 2.1e-05
 Step: 1229 E: -2721.673054080387 G: 2.0e-05
 Step: 1230 E: -2721.673054080429 G: 2.0e-05
 Step: 1231 E: -2721.673054080471 G: 2.0e-05
 Step: 1232 E: -2721.673054080513 G: 2.0e-05
 Step: 1233 E: -2721.673054080554 G: 2.0e-05
 Step: 1234 E: -2721.673054080597 G: 2.0e-05
 Step: 1235 E: -2721.673054080639 G: 2.0e-05
 Step: 1236 E: -2721.673054080680 G: 2.0e-05
 Step: 1237 E: -2721.673054080722 G: 2.0e-05
 Step: 1238 E: -2721.673054080764 G: 2.0e-05
 Step: 1239 E: -2721.673054080806 G: 2.0e-05
 Step: 1240 E: -2721.673054080848 G: 2.0e-05
 Step: 1241 E: -2721.673054080889 G: 2.0e-05
 Step: 1242 E: -2721.673054080931 G: 2.0e-05
 Step: 1243 E: -2721.673054080972 G: 2.0e-05
 Step: 1244 E: -2721.673054081014 G: 2.0e-05
 Step: 1245 E: -2721.673054081056 G: 2.0e-05
 Step: 1246 E: -2721.673054081097 G: 2.0e-05
 Step: 1247 E: -2721.673054081139 G: 2.0e-05
 Step: 1248 E: -2721.673054081180 G: 2.0e-05
 Step: 1249 E: -2721.673054081222 G: 2.0e-05
 Step: 1250 E: -2721.673054081263 G: 2.0e-05
 Step: 1251 E: -2721.673054081304 G: 2.0e-05
 Step: 1252 E: -2721.673054081346 G: 2.0e-05
 Step: 1253 E: -2721.673054081387 G: 2.0e-05
 Step: 1254 E: -2721.673054081429 G: 2.0e-05
 Step: 1255 E: -2721.673054081470 G: 2.0e-05
 Step: 1256 E: -2721.673054081511 G: 2.0e-05
 Step: 1257 E: -2721.673054081552 G: 2.0e-05
 Step: 1258 E: -2721.673054081593 G: 2.0e-05
 Step: 1259 E: -2721.673054081635 G: 2.0e-05
 Step: 1260 E: -2721.673054081676 G: 2.0e-05
 Step: 1261 E: -2721.673054081717 G: 2.0e-05
 Step: 1262 E: -2721.673054081758 G: 2.0e-05
 Step: 1263 E: -2721.673054081799 G: 2.0e-05
 Step: 1264 E: -2721.673054081840 G: 2.0e-05
 Step: 1265 E: -2721.673054081881 G: 2.0e-05
 Step: 1266 E: -2721.673054081922 G: 2.0e-05
 Step: 1267 E: -2721.673054081963 G: 2.0e-05
 Step: 1268 E: -2721.673054082004 G: 2.0e-05
 Step: 1269 E: -2721.673054082045 G: 2.0e-05
 Step: 1270 E: -2721.673054082086 G: 2.0e-05
 Step: 1271 E: -2721.673054082126 G: 2.0e-05
 Step: 1272 E: -2721.673054082167 G: 2.0e-05
 Step: 1273 E: -2721.673054082208 G: 2.0e-05
 Step: 1274 E: -2721.673054082249 G: 2.0e-05
 Step: 1275 E: -2721.673054082290 G: 2.0e-05
 Step: 1276 E: -2721.673054082330 G: 2.0e-05
 Step: 1277 E: -2721.673054082371 G: 2.0e-05
 Step: 1278 E: -2721.673054082412 G: 2.0e-05
 Step: 1279 E: -2721.673054082453 G: 2.0e-05
 Step: 1280 E: -2721.673054082493 G: 2.0e-05
 Step: 1281 E: -2721.673054082534 G: 2.0e-05
 Step: 1282 E: -2721.673054082574 G: 2.0e-05
 Step: 1283 E: -2721.673054082615 G: 2.0e-05
 Step: 1284 E: -2721.673054082655 G: 2.0e-05
 Step: 1285 E: -2721.673054082696 G: 2.0e-05
 Step: 1286 E: -2721.673054082737 G: 2.0e-05
 Step: 1287 E: -2721.673054082777 G: 2.0e-05
 Step: 1288 E: -2721.673054082817 G: 2.0e-05
 Step: 1289 E: -2721.673054082857 G: 2.0e-05
 Step: 1290 E: -2721.673054082898 G: 2.0e-05
 Step: 1291 E: -2721.673054082939 G: 2.0e-05
 Step: 1292 E: -2721.673054082979 G: 2.0e-05
 Step: 1293 E: -2721.673054083019 G: 2.0e-05
 Step: 1294 E: -2721.673054083059 G: 2.0e-05
 Step: 1295 E: -2721.673054083099 G: 2.0e-05
 Step: 1296 E: -2721.673054083140 G: 2.0e-05
 Step: 1297 E: -2721.673054083180 G: 2.0e-05
 Step: 1298 E: -2721.673054083220 G: 2.0e-05
 Step: 1299 E: -2721.673054083260 G: 2.0e-05
 Step: 1300 E: -2721.673054083300 G: 2.0e-05
 Step: 1301 E: -2721.673054083340 G: 2.0e-05
 Step: 1302 E: -2721.673054083380 G: 2.0e-05
 Step: 1303 E: -2721.673054083420 G: 2.0e-05
 Step: 1304 E: -2721.673054083460 G: 2.0e-05
 Step: 1305 E: -2721.673054083500 G: 2.0e-05
 Step: 1306 E: -2721.673054083540 G: 2.0e-05
 Step: 1307 E: -2721.673054083580 G: 2.0e-05
 Step: 1308 E: -2721.673054083619 G: 2.0e-05
 Step: 1309 E: -2721.673054083659 G: 2.0e-05
 Step: 1310 E: -2721.673054083699 G: 2.0e-05
 Step: 1311 E: -2721.673054083738 G: 2.0e-05
 Step: 1312 E: -2721.673054083778 G: 2.0e-05
 Step: 1313 E: -2721.673054083818 G: 2.0e-05
 Step: 1314 E: -2721.673054083858 G: 2.0e-05
 Step: 1315 E: -2721.673054083898 G: 2.0e-05
 Step: 1316 E: -2721.673054083938 G: 2.0e-05
 Step: 1317 E: -2721.673054083977 G: 2.0e-05
 Step: 1318 E: -2721.673054084016 G: 2.0e-05
 Step: 1319 E: -2721.673054084056 G: 2.0e-05
 Step: 1320 E: -2721.673054084095 G: 2.0e-05
 Step: 1321 E: -2721.673054084135 G: 2.0e-05
 Step: 1322 E: -2721.673054084175 G: 2.0e-05
 Step: 1323 E: -2721.673054084214 G: 2.0e-05
 Step: 1324 E: -2721.673054084254 G: 2.0e-05
 Step: 1325 E: -2721.673054084293 G: 2.0e-05
 Step: 1326 E: -2721.673054084332 G: 2.0e-05
 Step: 1327 E: -2721.673054084371 G: 2.0e-05
 Step: 1328 E: -2721.673054084411 G: 2.0e-05
 Step: 1329 E: -2721.673054084450 G: 2.0e-05
 Step: 1330 E: -2721.673054084489 G: 2.0e-05
 Step: 1331 E: -2721.673054084529 G: 2.0e-05
 Step: 1332 E: -2721.673054084568 G: 2.0e-05
 Step: 1333 E: -2721.673054084607 G: 2.0e-05
 Step: 1334 E: -2721.673054084646 G: 2.0e-05
 Step: 1335 E: -2721.673054084686 G: 2.0e-05
 Step: 1336 E: -2721.673054084725 G: 2.0e-05
 Step: 1337 E: -2721.673054084764 G: 2.0e-05
 Step: 1338 E: -2721.673054084803 G: 2.0e-05
 Step: 1339 E: -2721.673054084842 G: 2.0e-05
 Step: 1340 E: -2721.673054084881 G: 2.0e-05
 Step: 1341 E: -2721.673054084920 G: 2.0e-05
 Step: 1342 E: -2721.673054084959 G: 2.0e-05
 Step: 1343 E: -2721.673054084997 G: 2.0e-05
 Step: 1344 E: -2721.673054085037 G: 2.0e-05
 Step: 1345 E: -2721.673054085075 G: 2.0e-05
 Step: 1346 E: -2721.673054085114 G: 2.0e-05
 Step: 1347 E: -2721.673054085153 G: 2.0e-05
 Step: 1348 E: -2721.673054085192 G: 2.0e-05
 Step: 1349 E: -2721.673054085231 G: 2.0e-05
 Step: 1350 E: -2721.673054085270 G: 2.0e-05
 Step: 1351 E: -2721.673054085308 G: 2.0e-05
 Step: 1352 E: -2721.673054085347 G: 2.0e-05
 Step: 1353 E: -2721.673054085386 G: 2.0e-05
 Step: 1354 E: -2721.673054085425 G: 2.0e-05
 Step: 1355 E: -2721.673054085463 G: 2.0e-05
 Step: 1356 E: -2721.673054085501 G: 2.0e-05
 Step: 1357 E: -2721.673054085540 G: 2.0e-05
 Step: 1358 E: -2721.673054085578 G: 2.0e-05
 Step: 1359 E: -2721.673054085617 G: 2.0e-05
 Step: 1360 E: -2721.673054085656 G: 2.0e-05
 Step: 1361 E: -2721.673054085694 G: 2.0e-05
 Step: 1362 E: -2721.673054085733 G: 2.0e-05
 Step: 1363 E: -2721.673054085771 G: 2.0e-05
 Step: 1364 E: -2721.673054085809 G: 2.0e-05
 Step: 1365 E: -2721.673054085848 G: 2.0e-05
 Step: 1366 E: -2721.673054085887 G: 2.0e-05
 Step: 1367 E: -2721.673054085925 G: 2.0e-05
 Step: 1368 E: -2721.673054085963 G: 2.0e-05
 Step: 1369 E: -2721.673054086002 G: 2.0e-05
 Step: 1370 E: -2721.673054086040 G: 2.0e-05
 Step: 1371 E: -2721.673054086078 G: 2.0e-05
 Step: 1372 E: -2721.673054086116 G: 2.0e-05
 Step: 1373 E: -2721.673054086154 G: 2.0e-05
 Step: 1374 E: -2721.673054086193 G: 2.0e-05
 Step: 1375 E: -2721.673054086230 G: 2.0e-05
 Step: 1376 E: -2721.673054086269 G: 2.0e-05
 Step: 1377 E: -2721.673054086307 G: 2.0e-05
 Step: 1378 E: -2721.673054086345 G: 2.0e-05
 Step: 1379 E: -2721.673054086383 G: 1.9e-05
 Step: 1380 E: -2721.673054086421 G: 1.9e-05
 Step: 1381 E: -2721.673054086458 G: 1.9e-05
 Step: 1382 E: -2721.673054086496 G: 1.9e-05
 Step: 1383 E: -2721.673054086534 G: 1.9e-05
 Step: 1384 E: -2721.673054086572 G: 1.9e-05
 Step: 1385 E: -2721.673054086610 G: 1.9e-05
 Step: 1386 E: -2721.673054086648 G: 1.9e-05
 Step: 1387 E: -2721.673054086686 G: 1.9e-05
 Step: 1388 E: -2721.673054086723 G: 1.9e-05
 Step: 1389 E: -2721.673054086761 G: 1.9e-05
 Step: 1390 E: -2721.673054086799 G: 1.9e-05
 Step: 1391 E: -2721.673054086837 G: 1.9e-05
 Step: 1392 E: -2721.673054086874 G: 1.9e-05
 Step: 1393 E: -2721.673054086912 G: 1.9e-05
 Step: 1394 E: -2721.673054086950 G: 1.9e-05
 Step: 1395 E: -2721.673054086987 G: 1.9e-05
 Step: 1396 E: -2721.673054087025 G: 1.9e-05
 Step: 1397 E: -2721.673054087063 G: 1.9e-05
 Step: 1398 E: -2721.673054087100 G: 1.9e-05
 Step: 1399 E: -2721.673054087138 G: 1.9e-05
 Step: 1400 E: -2721.673054087175 G: 1.9e-05
 Step: 1401 E: -2721.673054087212 G: 1.9e-05
 Step: 1402 E: -2721.673054087250 G: 1.9e-05
 Step: 1403 E: -2721.673054087288 G: 1.9e-05
 Step: 1404 E: -2721.673054087325 G: 1.9e-05
 Step: 1405 E: -2721.673054087362 G: 1.9e-05
 Step: 1406 E: -2721.673054087400 G: 1.9e-05
 Step: 1407 E: -2721.673054087437 G: 1.9e-05
 Step: 1408 E: -2721.673054087475 G: 1.9e-05
 Step: 1409 E: -2721.673054087511 G: 1.9e-05
 Step: 1410 E: -2721.673054087549 G: 1.9e-05
 Step: 1411 E: -2721.673054087586 G: 1.9e-05
 Step: 1412 E: -2721.673054087623 G: 1.9e-05
 Step: 1413 E: -2721.673054087661 G: 1.9e-05
 Step: 1414 E: -2721.673054087698 G: 1.9e-05
 Step: 1415 E: -2721.673054087735 G: 1.9e-05
 Step: 1416 E: -2721.673054087772 G: 1.9e-05
 Step: 1417 E: -2721.673054087809 G: 1.9e-05
 Step: 1418 E: -2721.673054087846 G: 1.9e-05
 Step: 1419 E: -2721.673054087883 G: 1.9e-05
 Step: 1420 E: -2721.673054087920 G: 1.9e-05
 Step: 1421 E: -2721.673054087957 G: 1.9e-05
 Step: 1422 E: -2721.673054087994 G: 1.9e-05
 Step: 1423 E: -2721.673054088031 G: 1.9e-05
 Step: 1424 E: -2721.673054088068 G: 1.9e-05
 Step: 1425 E: -2721.673054088104 G: 1.9e-05
 Step: 1426 E: -2721.673054088142 G: 1.9e-05
 Step: 1427 E: -2721.673054088179 G: 1.9e-05
 Step: 1428 E: -2721.673054088215 G: 1.9e-05
 Step: 1429 E: -2721.673054088252 G: 1.9e-05
 Step: 1430 E: -2721.673054088289 G: 1.9e-05
 Step: 1431 E: -2721.673054088325 G: 1.9e-05
 Step: 1432 E: -2721.673054088362 G: 1.9e-05
 Step: 1433 E: -2721.673054088399 G: 1.9e-05
 Step: 1434 E: -2721.673054088435 G: 1.9e-05
 Step: 1435 E: -2721.673054088472 G: 1.9e-05
 Step: 1436 E: -2721.673054088508 G: 1.9e-05
 Step: 1437 E: -2721.673054088546 G: 1.9e-05
 Step: 1438 E: -2721.673054088582 G: 1.9e-05
 Step: 1439 E: -2721.673054088618 G: 1.9e-05
 Step: 1440 E: -2721.673054088655 G: 1.9e-05
 Step: 1441 E: -2721.673054088691 G: 1.9e-05
 Step: 1442 E: -2721.673054088728 G: 1.9e-05
 Step: 1443 E: -2721.673054088765 G: 1.9e-05
 Step: 1444 E: -2721.673054088801 G: 1.9e-05
 Step: 1445 E: -2721.673054088837 G: 1.9e-05
 Step: 1446 E: -2721.673054088873 G: 1.9e-05
 Step: 1447 E: -2721.673054088910 G: 1.9e-05
 Step: 1448 E: -2721.673054088946 G: 1.9e-05
 Step: 1449 E: -2721.673054088982 G: 1.9e-05
 Step: 1450 E: -2721.673054089018 G: 1.9e-05
 Step: 1451 E: -2721.673054089055 G: 1.9e-05
 Step: 1452 E: -2721.673054089091 G: 1.9e-05
 Step: 1453 E: -2721.673054089127 G: 1.9e-05
 Step: 1454 E: -2721.673054089164 G: 1.9e-05
 Step: 1455 E: -2721.673054089200 G: 1.9e-05
 Step: 1456 E: -2721.673054089236 G: 1.9e-05
 Step: 1457 E: -2721.673054089273 G: 1.9e-05
 Step: 1458 E: -2721.673054089309 G: 1.9e-05
 Step: 1459 E: -2721.673054089345 G: 1.9e-05
 Step: 1460 E: -2721.673054089380 G: 1.9e-05
 Step: 1461 E: -2721.673054089416 G: 1.9e-05
 Step: 1462 E: -2721.673054089452 G: 1.9e-05
 Step: 1463 E: -2721.673054089488 G: 1.9e-05
 Step: 1464 E: -2721.673054089524 G: 1.9e-05
 Step: 1465 E: -2721.673054089561 G: 1.9e-05
 Step: 1466 E: -2721.673054089596 G: 1.9e-05
 Step: 1467 E: -2721.673054089632 G: 1.9e-05
 Step: 1468 E: -2721.673054089667 G: 1.9e-05
 Step: 1469 E: -2721.673054089704 G: 1.9e-05
 Step: 1470 E: -2721.673054089740 G: 1.9e-05
 Step: 1471 E: -2721.673054089775 G: 1.9e-05
 Step: 1472 E: -2721.673054089811 G: 1.9e-05
 Step: 1473 E: -2721.673054089847 G: 1.9e-05
 Step: 1474 E: -2721.673054089882 G: 1.9e-05
 Step: 1475 E: -2721.673054089918 G: 1.9e-05
 Step: 1476 E: -2721.673054089953 G: 1.9e-05
 Step: 1477 E: -2721.673054089989 G: 1.9e-05
 Step: 1478 E: -2721.673054090025 G: 1.9e-05
 Step: 1479 E: -2721.673054090060 G: 1.9e-05
 Step: 1480 E: -2721.673054090096 G: 1.9e-05
 Step: 1481 E: -2721.673054090132 G: 1.9e-05
 Step: 1482 E: -2721.673054090167 G: 1.9e-05
 Step: 1483 E: -2721.673054090203 G: 1.9e-05
 Step: 1484 E: -2721.673054090238 G: 1.9e-05
 Step: 1485 E: -2721.673054090274 G: 1.9e-05
 Step: 1486 E: -2721.673054090309 G: 1.9e-05
 Step: 1487 E: -2721.673054090345 G: 1.9e-05
 Step: 1488 E: -2721.673054090380 G: 1.9e-05
 Step: 1489 E: -2721.673054090415 G: 1.9e-05
 Step: 1490 E: -2721.673054090450 G: 1.9e-05
 Step: 1491 E: -2721.673054090486 G: 1.9e-05
 Step: 1492 E: -2721.673054090521 G: 1.9e-05
 Step: 1493 E: -2721.673054090556 G: 1.9e-05
 Step: 1494 E: -2721.673054090592 G: 1.9e-05
 Step: 1495 E: -2721.673054090627 G: 1.9e-05
 Step: 1496 E: -2721.673054090662 G: 1.9e-05
 Step: 1497 E: -2721.673054090697 G: 1.9e-05
 Step: 1498 E: -2721.673054090732 G: 1.9e-05
 Step: 1499 E: -2721.673054090767 G: 1.9e-05
 Step: 1500 E: -2721.673054090802 G: 1.9e-05
 Step: 1501 E: -2721.673054090837 G: 1.9e-05
 Step: 1502 E: -2721.673054090872 G: 1.9e-05
 Step: 1503 E: -2721.673054090908 G: 1.9e-05
 Step: 1504 E: -2721.673054090943 G: 1.9e-05
 Step: 1505 E: -2721.673054090978 G: 1.9e-05
 Step: 1506 E: -2721.673054091013 G: 1.9e-05
 Step: 1507 E: -2721.673054091047 G: 1.9e-05
 Step: 1508 E: -2721.673054091082 G: 1.9e-05
 Step: 1509 E: -2721.673054091117 G: 1.9e-05
 Step: 1510 E: -2721.673054091152 G: 1.9e-05
 Step: 1511 E: -2721.673054091187 G: 1.9e-05
 Step: 1512 E: -2721.673054091222 G: 1.9e-05
 Step: 1513 E: -2721.673054091257 G: 1.9e-05
 Step: 1514 E: -2721.673054091292 G: 1.9e-05
 Step: 1515 E: -2721.673054091327 G: 1.9e-05
 Step: 1516 E: -2721.673054091361 G: 1.9e-05
 Step: 1517 E: -2721.673054091396 G: 1.9e-05
 Step: 1518 E: -2721.673054091430 G: 1.9e-05
 Step: 1519 E: -2721.673054091465 G: 1.9e-05
 Step: 1520 E: -2721.673054091500 G: 1.9e-05
 Step: 1521 E: -2721.673054091535 G: 1.9e-05
 Step: 1522 E: -2721.673054091569 G: 1.9e-05
 Step: 1523 E: -2721.673054091604 G: 1.9e-05
 Step: 1524 E: -2721.673054091638 G: 1.9e-05
 Step: 1525 E: -2721.673054091673 G: 1.9e-05
 Step: 1526 E: -2721.673054091708 G: 1.9e-05
 Step: 1527 E: -2721.673054091742 G: 1.9e-05
 Step: 1528 E: -2721.673054091776 G: 1.9e-05
 Step: 1529 E: -2721.673054091811 G: 1.9e-05
 Step: 1530 E: -2721.673054091845 G: 1.9e-05
 Step: 1531 E: -2721.673054091879 G: 1.9e-05
 Step: 1532 E: -2721.673054091914 G: 1.9e-05
 Step: 1533 E: -2721.673054091948 G: 1.9e-05
 Step: 1534 E: -2721.673054091983 G: 1.9e-05
 Step: 1535 E: -2721.673054092017 G: 1.9e-05
 Step: 1536 E: -2721.673054092051 G: 1.9e-05
 Step: 1537 E: -2721.673054092085 G: 1.9e-05
 Step: 1538 E: -2721.673054092120 G: 1.8e-05
 Step: 1539 E: -2721.673054092154 G: 1.8e-05
 Step: 1540 E: -2721.673054092188 G: 1.8e-05
 Step: 1541 E: -2721.673054092222 G: 1.8e-05
 Step: 1542 E: -2721.673054092256 G: 1.8e-05
 Step: 1543 E: -2721.673054092290 G: 1.8e-05
 Step: 1544 E: -2721.673054092324 G: 1.8e-05
 Step: 1545 E: -2721.673054092359 G: 1.8e-05
 Step: 1546 E: -2721.673054092393 G: 1.8e-05
 Step: 1547 E: -2721.673054092427 G: 1.8e-05
 Step: 1548 E: -2721.673054092460 G: 1.8e-05
 Step: 1549 E: -2721.673054092495 G: 1.8e-05
 Step: 1550 E: -2721.673054092528 G: 1.8e-05
 Step: 1551 E: -2721.673054092563 G: 1.8e-05
 Step: 1552 E: -2721.673054092596 G: 1.8e-05
 Step: 1553 E: -2721.673054092631 G: 1.8e-05
 Step: 1554 E: -2721.673054092665 G: 1.8e-05
 Step: 1555 E: -2721.673054092698 G: 1.8e-05
 Step: 1556 E: -2721.673054092732 G: 1.8e-05
 Step: 1557 E: -2721.673054092766 G: 1.8e-05
 Step: 1558 E: -2721.673054092800 G: 1.8e-05
 Step: 1559 E: -2721.673054092833 G: 1.8e-05
 Step: 1560 E: -2721.673054092867 G: 1.8e-05
 Step: 1561 E: -2721.673054092901 G: 1.8e-05
 Step: 1562 E: -2721.673054092935 G: 1.8e-05
 Step: 1563 E: -2721.673054092968 G: 1.8e-05
 Step: 1564 E: -2721.673054093002 G: 1.8e-05
 Step: 1565 E: -2721.673054093036 G: 1.8e-05
 Step: 1566 E: -2721.673054093069 G: 1.8e-05
 Step: 1567 E: -2721.673054093103 G: 1.8e-05
 Step: 1568 E: -2721.673054093137 G: 1.8e-05
 Step: 1569 E: -2721.673054093170 G: 1.8e-05
 Step: 1570 E: -2721.673054093204 G: 1.8e-05
 Step: 1571 E: -2721.673054093237 G: 1.8e-05
 Step: 1572 E: -2721.673054093271 G: 1.8e-05
 Step: 1573 E: -2721.673054093304 G: 1.8e-05
 Step: 1574 E: -2721.673054093338 G: 1.8e-05
 Step: 1575 E: -2721.673054093371 G: 1.8e-05
 Step: 1576 E: -2721.673054093405 G: 1.8e-05
 Step: 1577 E: -2721.673054093438 G: 1.8e-05
 Step: 1578 E: -2721.673054093471 G: 1.8e-05
 Step: 1579 E: -2721.673054093505 G: 1.8e-05
 Step: 1580 E: -2721.673054093538 G: 1.8e-05
 Step: 1581 E: -2721.673054093571 G: 1.8e-05
 Step: 1582 E: -2721.673054093604 G: 1.8e-05
 Step: 1583 E: -2721.673054093638 G: 1.8e-05
 Step: 1584 E: -2721.673054093671 G: 1.8e-05
 Step: 1585 E: -2721.673054093704 G: 1.8e-05
 Step: 1586 E: -2721.673054093737 G: 1.8e-05
 Step: 1587 E: -2721.673054093771 G: 1.8e-05
 Step: 1588 E: -2721.673054093803 G: 1.8e-05
 Step: 1589 E: -2721.673054093837 G: 1.8e-05
 Step: 1590 E: -2721.673054093870 G: 1.8e-05
 Step: 1591 E: -2721.673054093903 G: 1.8e-05
 Step: 1592 E: -2721.673054093936 G: 1.8e-05
 Step: 1593 E: -2721.673054093969 G: 1.8e-05
 Step: 1594 E: -2721.673054094002 G: 1.8e-05
 Step: 1595 E: -2721.673054094035 G: 1.8e-05
 Step: 1596 E: -2721.673054094068 G: 1.8e-05
 Step: 1597 E: -2721.673054094101 G: 1.8e-05
 Step: 1598 E: -2721.673054094134 G: 1.8e-05
 Step: 1599 E: -2721.673054094167 G: 1.8e-05
 Step: 1600 E: -2721.673054094200 G: 1.8e-05
 Step: 1601 E: -2721.673054094232 G: 1.8e-05
 Step: 1602 E: -2721.673054094265 G: 1.8e-05
 Step: 1603 E: -2721.673054094298 G: 1.8e-05
 Step: 1604 E: -2721.673054094331 G: 1.8e-05
 Step: 1605 E: -2721.673054094364 G: 1.8e-05
 Step: 1606 E: -2721.673054094397 G: 1.8e-05
 Step: 1607 E: -2721.673054094429 G: 1.8e-05
 Step: 1608 E: -2721.673054094462 G: 1.8e-05
 Step: 1609 E: -2721.673054094495 G: 1.8e-05
 Step: 1610 E: -2721.673054094527 G: 1.8e-05
 Step: 1611 E: -2721.673054094560 G: 1.8e-05
 Step: 1612 E: -2721.673054094593 G: 1.8e-05
 Step: 1613 E: -2721.673054094626 G: 1.8e-05
 Step: 1614 E: -2721.673054094657 G: 1.8e-05
 Step: 1615 E: -2721.673054094690 G: 1.8e-05
 Step: 1616 E: -2721.673054094723 G: 1.8e-05
 Step: 1617 E: -2721.673054094756 G: 1.8e-05
 Step: 1618 E: -2721.673054094787 G: 1.8e-05
 Step: 1619 E: -2721.673054094820 G: 1.8e-05
 Step: 1620 E: -2721.673054094852 G: 1.8e-05
 Step: 1621 E: -2721.673054094885 G: 1.8e-05
 Step: 1622 E: -2721.673054094917 G: 1.8e-05
 Step: 1623 E: -2721.673054094950 G: 1.8e-05
 Step: 1624 E: -2721.673054094982 G: 1.8e-05
 Step: 1625 E: -2721.673054095015 G: 1.8e-05
 Step: 1626 E: -2721.673054095047 G: 1.8e-05
 Step: 1627 E: -2721.673054095079 G: 1.8e-05
 Step: 1628 E: -2721.673054095112 G: 1.8e-05
 Step: 1629 E: -2721.673054095143 G: 1.8e-05
 Step: 1630 E: -2721.673054095176 G: 1.8e-05
 Step: 1631 E: -2721.673054095208 G: 1.8e-05
 Step: 1632 E: -2721.673054095240 G: 1.8e-05
 Step: 1633 E: -2721.673054095273 G: 1.8e-05
 Step: 1634 E: -2721.673054095304 G: 1.8e-05
 Step: 1635 E: -2721.673054095337 G: 1.8e-05
 Step: 1636 E: -2721.673054095369 G: 1.8e-05
 Step: 1637 E: -2721.673054095401 G: 1.8e-05
 Step: 1638 E: -2721.673054095433 G: 1.8e-05
 Step: 1639 E: -2721.673054095465 G: 1.8e-05
 Step: 1640 E: -2721.673054095497 G: 1.8e-05
 Step: 1641 E: -2721.673054095529 G: 1.8e-05
 Step: 1642 E: -2721.673054095561 G: 1.8e-05
 Step: 1643 E: -2721.673054095593 G: 1.8e-05
 Step: 1644 E: -2721.673054095625 G: 1.8e-05
 Step: 1645 E: -2721.673054095656 G: 1.8e-05
 Step: 1646 E: -2721.673054095689 G: 1.8e-05
 Step: 1647 E: -2721.673054095721 G: 1.8e-05
 Step: 1648 E: -2721.673054095753 G: 1.8e-05
 Step: 1649 E: -2721.673054095785 G: 1.8e-05
 Step: 1650 E: -2721.673054095816 G: 1.8e-05
 Step: 1651 E: -2721.673054095848 G: 1.8e-05
 Step: 1652 E: -2721.673054095880 G: 1.8e-05
 Step: 1653 E: -2721.673054095912 G: 1.8e-05
 Step: 1654 E: -2721.673054095943 G: 1.8e-05
 Step: 1655 E: -2721.673054095975 G: 1.8e-05
 Step: 1656 E: -2721.673054096007 G: 1.8e-05
 Step: 1657 E: -2721.673054096038 G: 1.8e-05
 Step: 1658 E: -2721.673054096070 G: 1.8e-05
 Step: 1659 E: -2721.673054096102 G: 1.8e-05
 Step: 1660 E: -2721.673054096133 G: 1.8e-05
 Step: 1661 E: -2721.673054096165 G: 1.8e-05
 Step: 1662 E: -2721.673054096197 G: 1.8e-05
 Step: 1663 E: -2721.673054096228 G: 1.8e-05
 Step: 1664 E: -2721.673054096260 G: 1.8e-05
 Step: 1665 E: -2721.673054096291 G: 1.8e-05
 Step: 1666 E: -2721.673054096323 G: 1.8e-05
 Step: 1667 E: -2721.673054096354 G: 1.8e-05
 Step: 1668 E: -2721.673054096386 G: 1.8e-05
 Step: 1669 E: -2721.673054096417 G: 1.8e-05
 Step: 1670 E: -2721.673054096449 G: 1.8e-05
 Step: 1671 E: -2721.673054096480 G: 1.8e-05
 Step: 1672 E: -2721.673054096511 G: 1.8e-05
 Step: 1673 E: -2721.673054096543 G: 1.8e-05
 Step: 1674 E: -2721.673054096574 G: 1.8e-05
 Step: 1675 E: -2721.673054096605 G: 1.8e-05
 Step: 1676 E: -2721.673054096637 G: 1.8e-05
 Step: 1677 E: -2721.673054096668 G: 1.8e-05
 Step: 1678 E: -2721.673054096699 G: 1.8e-05
 Step: 1679 E: -2721.673054096731 G: 1.8e-05
 Step: 1680 E: -2721.673054096761 G: 1.8e-05
 Step: 1681 E: -2721.673054096793 G: 1.8e-05
 Step: 1682 E: -2721.673054096823 G: 1.8e-05
 Step: 1683 E: -2721.673054096855 G: 1.8e-05
 Step: 1684 E: -2721.673054096886 G: 1.8e-05
 Step: 1685 E: -2721.673054096917 G: 1.8e-05
 Step: 1686 E: -2721.673054096948 G: 1.8e-05
 Step: 1687 E: -2721.673054096979 G: 1.8e-05
 Step: 1688 E: -2721.673054097011 G: 1.8e-05
 Step: 1689 E: -2721.673054097042 G: 1.8e-05
 Step: 1690 E: -2721.673054097073 G: 1.8e-05
 Step: 1691 E: -2721.673054097103 G: 1.8e-05
 Step: 1692 E: -2721.673054097135 G: 1.8e-05
 Step: 1693 E: -2721.673054097166 G: 1.8e-05
 Step: 1694 E: -2721.673054097196 G: 1.8e-05
 Step: 1695 E: -2721.673054097228 G: 1.8e-05
 Step: 1696 E: -2721.673054097259 G: 1.8e-05
 Step: 1697 E: -2721.673054097289 G: 1.8e-05
 Step: 1698 E: -2721.673054097320 G: 1.8e-05
 Step: 1699 E: -2721.673054097351 G: 1.8e-05
 Step: 1700 E: -2721.673054097382 G: 1.8e-05
 Step: 1701 E: -2721.673054097413 G: 1.8e-05
 Step: 1702 E: -2721.673054097443 G: 1.8e-05
 Step: 1703 E: -2721.673054097474 G: 1.8e-05
 Step: 1704 E: -2721.673054097505 G: 1.8e-05
 Step: 1705 E: -2721.673054097536 G: 1.8e-05
 Step: 1706 E: -2721.673054097566 G: 1.8e-05
 Step: 1707 E: -2721.673054097597 G: 1.8e-05
 Step: 1708 E: -2721.673054097627 G: 1.8e-05
 Step: 1709 E: -2721.673054097658 G: 1.7e-05
 Step: 1710 E: -2721.673054097689 G: 1.7e-05
 Step: 1711 E: -2721.673054097719 G: 1.7e-05
 Step: 1712 E: -2721.673054097750 G: 1.7e-05
 Step: 1713 E: -2721.673054097781 G: 1.7e-05
 Step: 1714 E: -2721.673054097811 G: 1.7e-05
 Step: 1715 E: -2721.673054097841 G: 1.7e-05
 Step: 1716 E: -2721.673054097872 G: 1.7e-05
 Step: 1717 E: -2721.673054097902 G: 1.7e-05
 Step: 1718 E: -2721.673054097933 G: 1.7e-05
 Step: 1719 E: -2721.673054097963 G: 1.7e-05
 Step: 1720 E: -2721.673054097994 G: 1.7e-05
 Step: 1721 E: -2721.673054098024 G: 1.7e-05
 Step: 1722 E: -2721.673054098055 G: 1.7e-05
 Step: 1723 E: -2721.673054098085 G: 1.7e-05
 Step: 1724 E: -2721.673054098116 G: 1.7e-05
 Step: 1725 E: -2721.673054098146 G: 1.7e-05
 Step: 1726 E: -2721.673054098176 G: 1.7e-05
 Step: 1727 E: -2721.673054098206 G: 1.7e-05
 Step: 1728 E: -2721.673054098237 G: 1.7e-05
 Step: 1729 E: -2721.673054098267 G: 1.7e-05
 Step: 1730 E: -2721.673054098298 G: 1.7e-05
 Step: 1731 E: -2721.673054098327 G: 1.7e-05
 Step: 1732 E: -2721.673054098357 G: 1.7e-05
 Step: 1733 E: -2721.673054098388 G: 1.7e-05
 Step: 1734 E: -2721.673054098418 G: 1.7e-05
 Step: 1735 E: -2721.673054098448 G: 1.7e-05
 Step: 1736 E: -2721.673054098478 G: 1.7e-05
 Step: 1737 E: -2721.673054098508 G: 1.7e-05
 Step: 1738 E: -2721.673054098538 G: 1.7e-05
 Step: 1739 E: -2721.673054098568 G: 1.7e-05
 Step: 1740 E: -2721.673054098598 G: 1.7e-05
 Step: 1741 E: -2721.673054098628 G: 1.7e-05
 Step: 1742 E: -2721.673054098659 G: 1.7e-05
 Step: 1743 E: -2721.673054098688 G: 1.7e-05
 Step: 1744 E: -2721.673054098719 G: 1.7e-05
 Step: 1745 E: -2721.673054098748 G: 1.7e-05
 Step: 1746 E: -2721.673054098778 G: 1.7e-05
 Step: 1747 E: -2721.673054098808 G: 1.7e-05
 Step: 1748 E: -2721.673054098837 G: 1.7e-05
 Step: 1749 E: -2721.673054098867 G: 1.7e-05
 Step: 1750 E: -2721.673054098897 G: 1.7e-05
 Step: 1751 E: -2721.673054098927 G: 1.7e-05
 Step: 1752 E: -2721.673054098957 G: 1.7e-05
 Step: 1753 E: -2721.673054098987 G: 1.7e-05
 Step: 1754 E: -2721.673054099017 G: 1.7e-05
 Step: 1755 E: -2721.673054099047 G: 1.7e-05
 Step: 1756 E: -2721.673054099076 G: 1.7e-05
 Step: 1757 E: -2721.673054099106 G: 1.7e-05
 Step: 1758 E: -2721.673054099136 G: 1.7e-05
 Step: 1759 E: -2721.673054099165 G: 1.7e-05
 Step: 1760 E: -2721.673054099194 G: 1.7e-05
 Step: 1761 E: -2721.673054099224 G: 1.7e-05
 Step: 1762 E: -2721.673054099254 G: 1.7e-05
 Step: 1763 E: -2721.673054099283 G: 1.7e-05
 Step: 1764 E: -2721.673054099313 G: 1.7e-05
 Step: 1765 E: -2721.673054099342 G: 1.7e-05
 Step: 1766 E: -2721.673054099372 G: 1.7e-05
 Step: 1767 E: -2721.673054099402 G: 1.7e-05
 Step: 1768 E: -2721.673054099431 G: 1.7e-05
 Step: 1769 E: -2721.673054099460 G: 1.7e-05
 Step: 1770 E: -2721.673054099490 G: 1.7e-05
 Step: 1771 E: -2721.673054099520 G: 1.7e-05
 Step: 1772 E: -2721.673054099549 G: 1.7e-05
 Step: 1773 E: -2721.673054099579 G: 1.7e-05
 Step: 1774 E: -2721.673054099608 G: 1.7e-05
 Step: 1775 E: -2721.673054099637 G: 1.7e-05
 Step: 1776 E: -2721.673054099666 G: 1.7e-05
 Step: 1777 E: -2721.673054099695 G: 1.7e-05
 Step: 1778 E: -2721.673054099725 G: 1.7e-05
 Step: 1779 E: -2721.673054099754 G: 1.7e-05
 Step: 1780 E: -2721.673054099784 G: 1.7e-05
 Step: 1781 E: -2721.673054099813 G: 1.7e-05
 Step: 1782 E: -2721.673054099842 G: 1.7e-05
 Step: 1783 E: -2721.673054099871 G: 1.7e-05
 Step: 1784 E: -2721.673054099901 G: 1.7e-05
 Step: 1785 E: -2721.673054099929 G: 1.7e-05
 Step: 1786 E: -2721.673054099958 G: 1.7e-05
 Step: 1787 E: -2721.673054099987 G: 1.7e-05
 Step: 1788 E: -2721.673054100017 G: 1.7e-05
 Step: 1789 E: -2721.673054100046 G: 1.7e-05
 Step: 1790 E: -2721.673054100076 G: 1.7e-05
 Step: 1791 E: -2721.673054100104 G: 1.7e-05
 Step: 1792 E: -2721.673054100133 G: 1.7e-05
 Step: 1793 E: -2721.673054100162 G: 1.7e-05
 Step: 1794 E: -2721.673054100191 G: 1.7e-05
 Step: 1795 E: -2721.673054100220 G: 1.7e-05
 Step: 1796 E: -2721.673054100249 G: 1.7e-05
 Step: 1797 E: -2721.673054100278 G: 1.7e-05
 Step: 1798 E: -2721.673054100307 G: 1.7e-05
 Step: 1799 E: -2721.673054100336 G: 1.7e-05
 Step: 1800 E: -2721.673054100365 G: 1.7e-05
 40.793979 seconds (11.72 M allocations: 9.529 GiB, 2.11% gc time)
 Solve OO-CMF with DIIS
 ooCMF Iter:    1 Total= -2721.673032108913 G=    7.753e-03 #SS:    1
 ooCMF Iter:    2 Total= -2721.673046069774 G=    3.815e-03 #SS:    2
 ooCMF Iter:    3 Total= -2721.673053995267 G=    1.298e-04 #SS:    3
 ooCMF Iter:    4 Total= -2721.673053969080 G=    3.467e-04 #SS:    4
 ooCMF Iter:    5 Total= -2721.673053920862 G=    5.569e-04 #SS:    5
 ooCMF Iter:    6 Total= -2721.673053984133 G=    2.537e-04 #SS:    6
 ooCMF Iter:    7 Total= -2721.673053968815 G=    3.677e-04 #SS:    7
 ooCMF Iter:    8 Total= -2721.673053964657 G=    3.846e-04 #SS:    8
 ooCMF Iter:    9 Total= -2721.673053876854 G=    7.428e-04 #SS:    9
 ooCMF Iter:   10 Total= -2721.673052375053 G=    2.581e-03 #SS:   10
 ooCMF Iter:   11 Total= -2721.673053316140 G=    1.747e-03 #SS:   11
 ooCMF Iter:   12 Total= -2721.673052392189 G=    2.582e-03 #SS:   12
 ooCMF Iter:   13 Total= -2721.673053215731 G=    1.949e-03 #SS:   13
 ooCMF Iter:   14 Total= -2721.673053258305 G=    1.890e-03 #SS:   14
 ooCMF Iter:   15 Total= -2721.673053187911 G=    1.947e-03 #SS:   15
 ooCMF Iter:   16 Total= -2721.673053190502 G=    1.935e-03 #SS:   16
 ooCMF Iter:   17 Total= -2721.673053228787 G=    1.906e-03 #SS:   17
 ooCMF Iter:   18 Total= -2721.673053647162 G=    1.424e-03 #SS:   18
 ooCMF Iter:   19 Total= -2721.673053862402 G=    1.074e-03 #SS:   19
 ooCMF Iter:   20 Total= -2721.673054129184 G=    2.596e-04 #SS:   20
 ooCMF Iter:   21 Total= -2721.673054133139 G=    2.321e-04 #SS:   21
 ooCMF Iter:   22 Total= -2721.673054130165 G=    2.556e-04 #SS:   22
 ooCMF Iter:   23 Total= -2721.673054109479 G=    3.775e-04 #SS:   23
 ooCMF Iter:   24 Total= -2721.673054114148 G=    3.534e-04 #SS:   24
 ooCMF Iter:   25 Total= -2721.673054119001 G=    3.203e-04 #SS:   24
 ooCMF Iter:   26 Total= -2721.673054146270 G=    1.322e-05 #SS:   24
 ooCMF Iter:   27 Total= -2721.673054146321 G=    4.138e-06 #SS:   24
 ooCMF Iter:   28 Total= -2721.673054146403 G=    2.976e-05 #SS:   24
 ooCMF Iter:   29 Total= -2721.673054146687 G=    1.049e-05 #SS:   24
 ooCMF Iter:   30 Total= -2721.673054146720 G=    3.692e-06 #SS:   24
 ooCMF Iter:   31 Total= -2721.673054146723 G=    2.057e-06 #SS:   24
 ooCMF Iter:   32 Total= -2721.673054146724 G=    1.330e-06 #SS:   24
 ooCMF Iter:   33 Total= -2721.673054146725 G=    3.226e-07 #SS:   24
 ooCMF Iter:   34 Total= -2721.673054146724 G=    3.178e-07 #SS:   24
 ooCMF Iter:   35 Total= -2721.673054146725 G=    8.457e-07 #SS:   24
 ooCMF Iter:   36 Total= -2721.673054146725 G=    2.761e-07 #SS:   24
 ooCMF Iter:   37 Total= -2721.673054146726 G=    2.233e-07 #SS:   24
 ooCMF Iter:   38 Total= -2721.673054146726 G=    1.803e-07 #SS:   24
 ooCMF Iter:   39 Total= -2721.673054146727 G=    7.491e-08 #SS:   24
 ooCMF Iter:   40 Total= -2721.673054146726 G=    4.206e-08 #SS:   24
 ooCMF Iter:   41 Total= -2721.673054146726 G=    1.706e-08 #SS:   24
 ooCMF Iter:   42 Total= -2721.673054146727 G=    1.602e-08 #SS:   24
 ooCMF Iter:   43 Total= -2721.673054146727 G=    1.420e-08 #SS:   24
 ooCMF Iter:   44 Total= -2721.673054146727 G=    1.373e-08 #SS:   24
 ooCMF Iter:   45 Total= -2721.673054146726 G=    1.312e-08 #SS:   24
 ooCMF Iter:   46 Total= -2721.673054146727 G=    1.306e-08 #SS:   24
 ooCMF Iter:   47 Total= -2721.673054146726 G=    1.293e-08 #SS:   24
 ooCMF Iter:   48 Total= -2721.673054146726 G=    1.293e-08 #SS:   24
 ooCMF Iter:   49 Total= -2721.673054146727 G=    1.293e-08 #SS:   24
 ooCMF Iter:   50 Total= -2721.673054146727 G=    1.287e-08 #SS:   24
 ooCMF Iter:   51 Total= -2721.673054146726 G=    1.286e-08 #SS:   24
 ooCMF Iter:   52 Total= -2721.673054146726 G=    1.264e-08 #SS:   24
 ooCMF Iter:   53 Total= -2721.673054146727 G=    1.229e-08 #SS:   24
 ooCMF Iter:   54 Total= -2721.673054146727 G=    1.213e-08 #SS:   24
 ooCMF Iter:   55 Total= -2721.673054146726 G=    1.210e-08 #SS:   24
 ooCMF Iter:   56 Total= -2721.673054146727 G=    1.190e-08 #SS:   24
 ooCMF Iter:   57 Total= -2721.673054146726 G=    1.181e-08 #SS:   24
 ooCMF Iter:   58 Total= -2721.673054146726 G=    1.159e-08 #SS:   24
 ooCMF Iter:   59 Total= -2721.673054146726 G=    1.157e-08 #SS:   24
 ooCMF Iter:   60 Total= -2721.673054146726 G=    1.149e-08 #SS:   24
 ooCMF Iter:   61 Total= -2721.673054146727 G=    1.149e-08 #SS:   24
 ooCMF Iter:   62 Total= -2721.673054146726 G=    1.148e-08 #SS:   24
 ooCMF Iter:   63 Total= -2721.673054146726 G=    1.129e-08 #SS:   24
 ooCMF Iter:   64 Total= -2721.673054146727 G=    1.124e-08 #SS:   24
 ooCMF Iter:   65 Total= -2721.673054146726 G=    1.078e-08 #SS:   24
 ooCMF Iter:   66 Total= -2721.673054146726 G=    1.068e-08 #SS:   24
 ooCMF Iter:   67 Total= -2721.673054146727 G=    1.023e-08 #SS:   24
 ooCMF Iter:   68 Total= -2721.673054146727 G=    1.023e-08 #SS:   24
 ooCMF Iter:   69 Total= -2721.673054146727 G=    1.021e-08 #SS:   24
 ooCMF Iter:   70 Total= -2721.673054146726 G=    1.020e-08 #SS:   24
 ooCMF Iter:   71 Total= -2721.673054146727 G=    1.020e-08 #SS:   24
 ooCMF Iter:   72 Total= -2721.673054146727 G=    1.020e-08 #SS:   24
 ooCMF Iter:   73 Total= -2721.673054146726 G=    1.019e-08 #SS:   24
 ooCMF Iter:   74 Total= -2721.673054146727 G=    1.019e-08 #SS:   24
 ooCMF Iter:   75 Total= -2721.673054146726 G=    1.016e-08 #SS:   24
 ooCMF Iter:   76 Total= -2721.673054146726 G=    1.015e-08 #SS:   24
 ooCMF Iter:   77 Total= -2721.673054146727 G=    1.013e-08 #SS:   24
*ooCMF Iter:   78 Total= -2721.673054146727 G=    9.775e-09 #SS:   24
  5.296579 seconds (31.15 M allocations: 1.761 GiB, 3.65% gc time)
 Solve OO-CMF with DIIS
 ooCMF Iter:    1 Total= -2721.673054144600 G=    8.499e-05 #SS:    1
 ooCMF Iter:    2 Total= -2721.673054146549 G=    2.131e-05 #SS:    2
 ooCMF Iter:    3 Total= -2721.673054146720 G=    4.318e-06 #SS:    3
 ooCMF Iter:    4 Total= -2721.673054146724 G=    3.674e-06 #SS:    4
 ooCMF Iter:    5 Total= -2721.673054146724 G=    3.665e-06 #SS:    5
 ooCMF Iter:    6 Total= -2721.673054146727 G=    3.421e-07 #SS:    6
 ooCMF Iter:    7 Total= -2721.673054146727 G=    4.093e-08 #SS:    7
*ooCMF Iter:    8 Total= -2721.673054146727 G=    2.643e-10 #SS:    8
  0.491655 seconds (158.65 k allocations: 145.106 MiB)
 Solve OO-CMF with DIIS
 ooCMF Iter:    1 Total= -2721.673054088764 G=    2.739e-04 #SS:    1
 ooCMF Iter:    2 Total= -2721.673054134124 G=    2.012e-05 #SS:    2
 ooCMF Iter:    3 Total= -2721.673054146725 G=    2.747e-06 #SS:    3
 ooCMF Iter:    4 Total= -2721.673054146728 G=    1.479e-07 #SS:    4
*ooCMF Iter:    5 Total= -2721.673054146727 G=    2.598e-09 #SS:    5
  0.334865 seconds (106.67 k allocations: 93.366 MiB)
 Solve OO-CMF with newton
 Step:    1 E: -2721.673023348969 G:     9.94e-03  
 Step:    2 E: -2721.673054088764 G:     2.74e-04  
 Step:    3 E: -2721.673054132337 G:     1.32e-05  
 Step:    4 E: -2721.673054142017 G:     6.78e-06  
 Step:    5 E: -2721.673054145185 G:     3.88e-06  
 Step:    6 E: -2721.673054146222 G:     2.22e-06  
 Step:    7 E: -2721.673054146561 G:     1.27e-06  
 Step:    8 E: -2721.673054146673 G:     7.27e-07  
 Step:    9 E: -2721.673054146709 G:     4.16e-07  
 Step:   10 E: -2721.673054146721 G:     2.38e-07  
 Step:   11 E: -2721.673054146725 G:     1.36e-07  
 Step:   12 E: -2721.673054146726 G:     7.80e-08  
 Step:   13 E: -2721.673054146727 G:     4.46e-08  
 Step:   14 E: -2721.673054146727 G:     2.55e-08  
 Step:   15 E: -2721.673054146727 G:     1.46e-08  
 Step:   16 E: -2721.673054146727 G:     8.37e-09  
  0.566516 seconds (161.90 k allocations: 132.562 MiB)
 Solve OO-CMF with newton
 Step:    1 E: -2721.673023348969 G:     9.94e-03  
 Step:    2 E: -2721.673054144601 G:     8.50e-05  
 Step:    3 E: -2721.673054146726 G:     3.08e-07  
 Step:    4 E: -2721.673054146727 G:     2.78e-08  
 Step:    5 E: -2721.673054146727 G:     1.45e-09  
  0.210846 seconds (57.79 k allocations: 44.772 MiB)