Input energy:    -2721.66784100
IDX001:DIM1024:001|002|003|004|005|
IDX002:DIM4096:006|007|008|009|010|011|
IDX003:DIM1024:012|013|014|015|016|
 ooCMF Iter:    1 Total= -2721.724935995723 Active= -37.655231435450 G=     6.14e-02
 ooCMF Iter:    2 Total= -2721.725930869950 Active= -37.656226309678 G=     3.43e-02
 ooCMF Iter:    3 Total= -2721.726626786619 Active= -37.656922226347 G=     3.03e-02
 ooCMF Iter:    4 Total= -2721.727144543896 Active= -37.657439983624 G=     4.74e-02
 ooCMF Iter:    5 Total= -2721.731834567662 Active= -37.662130007390 G=     2.41e-02
 ooCMF Iter:    6 Total= -2721.731970661272 Active= -37.662266101000 G=     4.77e-03
 ooCMF Iter:    7 Total= -2721.731976042463 Active= -37.662271482190 G=     6.78e-04
 ooCMF Iter:    8 Total= -2721.731976215649 Active= -37.662271655377 G=     2.55e-04
 ooCMF Iter:    9 Total= -2721.731976232675 Active= -37.662271672402 G=     1.59e-04
 ooCMF Iter:   10 Total= -2721.731976279474 Active= -37.662271719202 G=     3.70e-04
 ooCMF Iter:   11 Total= -2721.731976354313 Active= -37.662271794041 G=     2.67e-04
 ooCMF Iter:   12 Total= -2721.731976369585 Active= -37.662271809312 G=     5.42e-05
 ooCMF Iter:   13 Total= -2721.731976370778 Active= -37.662271810506 G=     1.63e-05
 ooCMF Iter:   14 Total= -2721.731976370831 Active= -37.662271810559 G=     7.52e-06
 ooCMF Iter:   15 Total= -2721.731976370848 Active= -37.662271810576 G=     1.88e-06
 ooCMF Iter:   16 Total= -2721.731976370849 Active= -37.662271810577 G=     4.03e-07
 ooCMF Iter:   17 Total= -2721.731976370849 Active= -37.662271810577 G=     3.52e-07
 ooCMF Iter:   18 Total= -2721.731976370850 Active= -37.662271810577 G=     3.52e-07
 ooCMF Iter:   19 Total= -2721.731976370850 Active= -37.662271810577 G=     4.14e-07
 ooCMF Iter:   20 Total= -2721.731976370850 Active= -37.662271810578 G=     2.56e-07
 ooCMF Iter:   21 Total= -2721.731976370850 Active= -37.662271810577 G=     4.88e-08
 ooCMF Iter:   22 Total= -2721.731976370850 Active= -37.662271810577 G=     1.31e-08
 * Status: success

 * Candidate solution
    Final objective value:     -2.721732e+03

 * Found with
    Algorithm:     BFGS

 * Convergence measures
    |x - x'|               = 2.80e-08 ≰ 0.0e+00
    |x - x'|/|x'|          = 7.67e-08 ≰ 0.0e+00
    |f(x) - f(x')|         = 0.00e+00 ≤ 0.0e+00
    |f(x) - f(x')|/|f(x')| = 0.00e+00 ≤ 0.0e+00
    |g(x)|                 = 6.44e-09 ≤ 1.0e-08

 * Work counters
    Seconds run:   15  (vs limit Inf)
    Iterations:    21
    f(x) calls:    51
    ∇f(x) calls:   51

*ooCMF -2721.73197637 
 15.779997 seconds (1.48 M allocations: 709.430 MiB)
 ooCMF Iter:    1 Total= -2721.724935995723 Active= -37.655231435450 G=     6.14e-02
 ooCMF Iter:    2 Total= -2721.725930880765 Active= -37.656226320493 G=     3.48e-02
 ooCMF Iter:    3 Total= -2721.726626760373 Active= -37.656922200101 G=     3.05e-02
 ooCMF Iter:    4 Total= -2721.727145326090 Active= -37.657440765817 G=     4.75e-02
 ooCMF Iter:    5 Total= -2721.730850750491 Active= -37.661146190219 G=     3.25e-02
 ooCMF Iter:    6 Total= -2721.731041481230 Active= -37.661336920958 G=     1.55e-02
 ooCMF Iter:    7 Total= -2721.731165094438 Active= -37.661460534165 G=     1.53e-02
 ooCMF Iter:    8 Total= -2721.731365328008 Active= -37.661660767736 G=     2.81e-02
 ooCMF Iter:    9 Total= -2721.731568149983 Active= -37.661863589710 G=     2.13e-02
 ooCMF Iter:   10 Total= -2721.731904563237 Active= -37.662200002964 G=     1.87e-02
 ooCMF Iter:   11 Total= -2721.731955777244 Active= -37.662251216972 G=     6.28e-03
 ooCMF Iter:   12 Total= -2721.731966773352 Active= -37.662262213079 G=     2.74e-03
 ooCMF Iter:   13 Total= -2721.731969176104 Active= -37.662264615832 G=     1.84e-03
 ooCMF Iter:   14 Total= -2721.731970231071 Active= -37.662265670799 G=     1.07e-03
 ooCMF Iter:   15 Total= -2721.731971177930 Active= -37.662266617657 G=     1.63e-03
 ooCMF Iter:   16 Total= -2721.731972335148 Active= -37.662267774876 G=     1.86e-03
 ooCMF Iter:   17 Total= -2721.731975673616 Active= -37.662271113344 G=     1.63e-03
 ooCMF Iter:   18 Total= -2721.731976251870 Active= -37.662271691598 G=     6.11e-04
 ooCMF Iter:   19 Total= -2721.731976321957 Active= -37.662271761685 G=     2.35e-04
 ooCMF Iter:   20 Total= -2721.731976336154 Active= -37.662271775881 G=     1.44e-04
 ooCMF Iter:   21 Total= -2721.731976341725 Active= -37.662271781453 G=     7.40e-05
 ooCMF Iter:   22 Total= -2721.731976344230 Active= -37.662271783957 G=     8.94e-05
 ooCMF Iter:   23 Total= -2721.731976349934 Active= -37.662271789661 G=     1.26e-04
 ooCMF Iter:   24 Total= -2721.731976362119 Active= -37.662271801847 G=     1.40e-04
 ooCMF Iter:   25 Total= -2721.731976368334 Active= -37.662271808062 G=     9.56e-05
 ooCMF Iter:   26 Total= -2721.731976370371 Active= -37.662271810099 G=     3.39e-05
 ooCMF Iter:   27 Total= -2721.731976370746 Active= -37.662271810474 G=     2.06e-05
 ooCMF Iter:   28 Total= -2721.731976370816 Active= -37.662271810544 G=     4.76e-06
 ooCMF Iter:   29 Total= -2721.731976370821 Active= -37.662271810549 G=     2.63e-06
 ooCMF Iter:   30 Total= -2721.731976370823 Active= -37.662271810551 G=     2.09e-06
 ooCMF Iter:   31 Total= -2721.731976370826 Active= -37.662271810553 G=     2.15e-06
 ooCMF Iter:   32 Total= -2721.731976370826 Active= -37.662271810554 G=     2.26e-06
 ooCMF Iter:   33 Total= -2721.731976370832 Active= -37.662271810560 G=     4.97e-06
 ooCMF Iter:   34 Total= -2721.731976370841 Active= -37.662271810569 G=     4.48e-06
 ooCMF Iter:   35 Total= -2721.731976370846 Active= -37.662271810574 G=     4.04e-06
 ooCMF Iter:   36 Total= -2721.731976370849 Active= -37.662271810577 G=     1.18e-06
 ooCMF Iter:   37 Total= -2721.731976370850 Active= -37.662271810577 G=     6.54e-07
 ooCMF Iter:   38 Total= -2721.731976370850 Active= -37.662271810578 G=     2.08e-07
 ooCMF Iter:   39 Total= -2721.731976370850 Active= -37.662271810578 G=     1.18e-07
 ooCMF Iter:   40 Total= -2721.731976370850 Active= -37.662271810577 G=     1.02e-07
 ooCMF Iter:   41 Total= -2721.731976370850 Active= -37.662271810577 G=     1.17e-07
 ooCMF Iter:   42 Total= -2721.731976370850 Active= -37.662271810578 G=     2.25e-07
 ooCMF Iter:   43 Total= -2721.731976370850 Active= -37.662271810577 G=     1.32e-07
 ooCMF Iter:   44 Total= -2721.731976370850 Active= -37.662271810577 G=     1.10e-07
 ooCMF Iter:   45 Total= -2721.731976370850 Active= -37.662271810577 G=     4.34e-08
 * Status: success

 * Candidate solution
    Final objective value:     -2.721732e+03

 * Found with
    Algorithm:     Conjugate Gradient

 * Convergence measures
    |x - x'|               = 1.85e-08 ≰ 0.0e+00
    |x - x'|/|x'|          = 5.06e-08 ≰ 0.0e+00
    |f(x) - f(x')|         = 0.00e+00 ≤ 0.0e+00
    |f(x) - f(x')|/|f(x')| = 0.00e+00 ≤ 0.0e+00
    |g(x)|                 = 1.27e-08 ≰ 1.0e-08

 * Work counters
    Seconds run:   23  (vs limit Inf)
    Iterations:    44
    f(x) calls:    110
    ∇f(x) calls:   71

*ooCMF -2721.73197637 
 23.579164 seconds (2.27 M allocations: 1.089 GiB)
 Step:    1 E: -2721.724935995723 G: 6.1e-02
 Step:    2 E: -2721.725277728812 G: 5.0e-02
 Step:    3 E: -2721.725509952557 G: 4.3e-02
 Step:    4 E: -2721.725678643485 G: 3.7e-02
 Step:    5 E: -2721.725808922711 G: 3.3e-02
 Step:    6 E: -2721.725914852850 G: 3.1e-02
 Step:    7 E: -2721.726004556262 G: 2.8e-02
 Step:    8 E: -2721.726082909639 G: 2.7e-02
 Step:    9 E: -2721.726152975789 G: 2.6e-02
 Step:   10 E: -2721.726216773456 G: 2.4e-02
 Step:   11 E: -2721.726275697760 G: 2.4e-02
 Step:   12 E: -2721.726330754719 G: 2.3e-02
 Step:   13 E: -2721.726382695752 G: 2.2e-02
 Step:   14 E: -2721.726432097591 G: 2.2e-02
 Step:   15 E: -2721.726479411821 G: 2.1e-02
 Step:   16 E: -2721.726524997048 G: 2.1e-02
 Step:   17 E: -2721.726569140814 G: 2.1e-02
 Step:   18 E: -2721.726612075192 G: 2.1e-02
 Step:   19 E: -2721.726653988305 G: 2.0e-02
 Step:   20 E: -2721.726695033091 G: 2.0e-02
 Step:   21 E: -2721.726735334128 G: 2.0e-02
 Step:   22 E: -2721.726774993023 G: 2.0e-02
 Step:   23 E: -2721.726814092724 G: 2.0e-02
 Step:   24 E: -2721.726852700983 G: 2.0e-02
 Step:   25 E: -2721.726890873171 G: 1.9e-02
 Step:   26 E: -2721.726928654556 G: 1.9e-02
 Step:   27 E: -2721.726966082153 G: 1.9e-02
 Step:   28 E: -2721.727003186243 G: 1.9e-02
 Step:   29 E: -2721.727039991604 G: 1.9e-02
 Step:   30 E: -2721.727076518517 G: 1.9e-02
 Step:   31 E: -2721.727112783587 G: 1.9e-02
 Step:   32 E: -2721.727148800423 G: 1.9e-02
 Step:   33 E: -2721.727184580177 G: 1.9e-02
 Step:   34 E: -2721.727220131999 G: 1.9e-02
 Step:   35 E: -2721.727255463405 G: 1.9e-02
 Step:   36 E: -2721.727290580569 G: 1.9e-02
 Step:   37 E: -2721.727325488579 G: 1.9e-02
 Step:   38 E: -2721.727360191633 G: 1.9e-02
 Step:   39 E: -2721.727394693197 G: 1.9e-02
 Step:   40 E: -2721.727428996150 G: 1.8e-02
 Step:   41 E: -2721.727463102884 G: 1.8e-02
 Step:   42 E: -2721.727497015404 G: 1.8e-02
 Step:   43 E: -2721.727530735388 G: 1.8e-02
 Step:   44 E: -2721.727564264257 G: 1.8e-02
 Step:   45 E: -2721.727597603223 G: 1.8e-02
 Step:   46 E: -2721.727630753325 G: 1.8e-02
 Step:   47 E: -2721.727663715465 G: 1.8e-02
 Step:   48 E: -2721.727696490431 G: 1.8e-02
 Step:   49 E: -2721.727729078927 G: 1.8e-02
 Step:   50 E: -2721.727761481578 G: 1.8e-02
 Step:   51 E: -2721.727793698960 G: 1.8e-02
 Step:   52 E: -2721.727825731597 G: 1.8e-02
 Step:   53 E: -2721.727857579983 G: 1.8e-02
 Step:   54 E: -2721.727889244580 G: 1.8e-02
 Step:   55 E: -2721.727920725833 G: 1.8e-02
 Step:   56 E: -2721.727952024170 G: 1.8e-02
 Step:   57 E: -2721.727983140008 G: 1.8e-02
 Step:   58 E: -2721.728014073754 G: 1.8e-02
 Step:   59 E: -2721.728044825813 G: 1.7e-02
 Step:   60 E: -2721.728075396587 G: 1.7e-02
 Step:   61 E: -2721.728105786474 G: 1.7e-02
 Step:   62 E: -2721.728135995877 G: 1.7e-02
 Step:   63 E: -2721.728166025199 G: 1.7e-02
 Step:   64 E: -2721.728195874846 G: 1.7e-02
 Step:   65 E: -2721.728225545227 G: 1.7e-02
 Step:   66 E: -2721.728255036757 G: 1.7e-02
 Step:   67 E: -2721.728284349855 G: 1.7e-02
 Step:   68 E: -2721.728313484945 G: 1.7e-02
 Step:   69 E: -2721.728342442457 G: 1.7e-02
 Step:   70 E: -2721.728371222826 G: 1.7e-02
 Step:   71 E: -2721.728399826495 G: 1.7e-02
 Step:   72 E: -2721.728428253909 G: 1.7e-02
 ...........................................
 Step: 1555 E: -2721.731976370385 G: 7.2e-06
 Step: 1556 E: -2721.731976370390 G: 7.1e-06
 Step: 1557 E: -2721.731976370395 G: 7.1e-06
 Step: 1558 E: -2721.731976370400 G: 7.0e-06
 Step: 1559 E: -2721.731976370406 G: 7.0e-06
 Step: 1560 E: -2721.731976370410 G: 7.0e-06
 Step: 1561 E: -2721.731976370415 G: 6.9e-06
 Step: 1562 E: -2721.731976370420 G: 6.9e-06
 Step: 1563 E: -2721.731976370424 G: 6.9e-06
 Step: 1564 E: -2721.731976370429 G: 6.8e-06
 Step: 1565 E: -2721.731976370434 G: 6.8e-06
 Step: 1566 E: -2721.731976370439 G: 6.7e-06
 Step: 1567 E: -2721.731976370443 G: 6.7e-06
 Step: 1568 E: -2721.731976370447 G: 6.7e-06
 Step: 1569 E: -2721.731976370452 G: 6.6e-06
 Step: 1570 E: -2721.731976370456 G: 6.6e-06
 Step: 1571 E: -2721.731976370461 G: 6.6e-06
 Step: 1572 E: -2721.731976370465 G: 6.5e-06
 Step: 1573 E: -2721.731976370469 G: 6.5e-06
 Step: 1574 E: -2721.731976370474 G: 6.5e-06
 Step: 1575 E: -2721.731976370478 G: 6.4e-06
 Step: 1576 E: -2721.731976370482 G: 6.4e-06
 Step: 1577 E: -2721.731976370486 G: 6.3e-06
 Step: 1578 E: -2721.731976370490 G: 6.3e-06
 Step: 1579 E: -2721.731976370494 G: 6.3e-06
 Step: 1580 E: -2721.731976370498 G: 6.2e-06
 Step: 1581 E: -2721.731976370502 G: 6.2e-06
 Step: 1582 E: -2721.731976370506 G: 6.2e-06
 Step: 1583 E: -2721.731976370509 G: 6.1e-06
 Step: 1584 E: -2721.731976370514 G: 6.1e-06
 Step: 1585 E: -2721.731976370517 G: 6.1e-06
 Step: 1586 E: -2721.731976370520 G: 6.0e-06
 Step: 1587 E: -2721.731976370524 G: 6.0e-06
 Step: 1588 E: -2721.731976370528 G: 6.0e-06
 Step: 1589 E: -2721.731976370531 G: 5.9e-06
 Step: 1590 E: -2721.731976370535 G: 5.9e-06
 Step: 1591 E: -2721.731976370538 G: 5.9e-06
 Step: 1592 E: -2721.731976370542 G: 5.8e-06
 Step: 1593 E: -2721.731976370545 G: 5.8e-06
 Step: 1594 E: -2721.731976370549 G: 5.8e-06
 Step: 1595 E: -2721.731976370552 G: 5.7e-06
 Step: 1596 E: -2721.731976370555 G: 5.7e-06
 Step: 1597 E: -2721.731976370559 G: 5.7e-06
 Step: 1598 E: -2721.731976370562 G: 5.6e-06
 Step: 1599 E: -2721.731976370565 G: 5.6e-06
 Step: 1600 E: -2721.731976370568 G: 5.6e-06
 Step: 1601 E: -2721.731976370571 G: 5.6e-06
 Step: 1602 E: -2721.731976370574 G: 5.5e-06
 Step: 1603 E: -2721.731976370577 G: 5.5e-06
 Step: 1604 E: -2721.731976370580 G: 5.5e-06
 Step: 1605 E: -2721.731976370583 G: 5.4e-06
 Step: 1606 E: -2721.731976370586 G: 5.4e-06
 Step: 1607 E: -2721.731976370589 G: 5.4e-06
 Step: 1608 E: -2721.731976370592 G: 5.3e-06
 Step: 1609 E: -2721.731976370595 G: 5.3e-06
 Step: 1610 E: -2721.731976370597 G: 5.3e-06
 Step: 1611 E: -2721.731976370600 G: 5.3e-06
 Step: 1612 E: -2721.731976370603 G: 5.2e-06
 Step: 1613 E: -2721.731976370605 G: 5.2e-06
 Step: 1614 E: -2721.731976370609 G: 5.2e-06
 Step: 1615 E: -2721.731976370611 G: 5.1e-06
 Step: 1616 E: -2721.731976370614 G: 5.1e-06
 Step: 1617 E: -2721.731976370616 G: 5.1e-06
 Step: 1618 E: -2721.731976370619 G: 5.1e-06
 Step: 1619 E: -2721.731976370622 G: 5.0e-06
 Step: 1620 E: -2721.731976370624 G: 5.0e-06
 Step: 1621 E: -2721.731976370626 G: 5.0e-06
 Step: 1622 E: -2721.731976370629 G: 4.9e-06
 Step: 1623 E: -2721.731976370631 G: 4.9e-06
 Step: 1624 E: -2721.731976370634 G: 4.9e-06
 Step: 1625 E: -2721.731976370636 G: 4.9e-06
 Step: 1626 E: -2721.731976370638 G: 4.8e-06
 Step: 1627 E: -2721.731976370641 G: 4.8e-06
 Step: 1628 E: -2721.731976370643 G: 4.8e-06
 Step: 1629 E: -2721.731976370645 G: 4.8e-06
 Step: 1630 E: -2721.731976370647 G: 4.7e-06
 Step: 1631 E: -2721.731976370649 G: 4.7e-06
 Step: 1632 E: -2721.731976370652 G: 4.7e-06
 Step: 1633 E: -2721.731976370654 G: 4.7e-06
 Step: 1634 E: -2721.731976370657 G: 4.6e-06
 Step: 1635 E: -2721.731976370659 G: 4.6e-06
 Step: 1636 E: -2721.731976370661 G: 4.6e-06
 Step: 1637 E: -2721.731976370663 G: 4.6e-06
 Step: 1638 E: -2721.731976370665 G: 4.5e-06
 Step: 1639 E: -2721.731976370667 G: 4.5e-06
 Step: 1640 E: -2721.731976370669 G: 4.5e-06
 Step: 1641 E: -2721.731976370671 G: 4.5e-06
 Step: 1642 E: -2721.731976370673 G: 4.4e-06
 Step: 1643 E: -2721.731976370675 G: 4.4e-06
 Step: 1644 E: -2721.731976370677 G: 4.4e-06
 Step: 1645 E: -2721.731976370679 G: 4.4e-06
 Step: 1646 E: -2721.731976370681 G: 4.3e-06
 Step: 1647 E: -2721.731976370682 G: 4.3e-06
 Step: 1648 E: -2721.731976370684 G: 4.3e-06
 Step: 1649 E: -2721.731976370686 G: 4.3e-06
 Step: 1650 E: -2721.731976370688 G: 4.2e-06
 Step: 1651 E: -2721.731976370690 G: 4.2e-06
 Step: 1652 E: -2721.731976370691 G: 4.2e-06
 Step: 1653 E: -2721.731976370693 G: 4.2e-06
 Step: 1654 E: -2721.731976370695 G: 4.1e-06
 Step: 1655 E: -2721.731976370697 G: 4.1e-06
 Step: 1656 E: -2721.731976370698 G: 4.1e-06
 Step: 1657 E: -2721.731976370700 G: 4.1e-06
 Step: 1658 E: -2721.731976370701 G: 4.1e-06
 Step: 1659 E: -2721.731976370703 G: 4.0e-06
 Step: 1660 E: -2721.731976370705 G: 4.0e-06
 Step: 1661 E: -2721.731976370707 G: 4.0e-06
 Step: 1662 E: -2721.731976370708 G: 4.0e-06
 Step: 1663 E: -2721.731976370710 G: 3.9e-06
 Step: 1664 E: -2721.731976370711 G: 3.9e-06
 Step: 1665 E: -2721.731976370712 G: 3.9e-06
 Step: 1666 E: -2721.731976370714 G: 3.9e-06
 Step: 1667 E: -2721.731976370716 G: 3.9e-06
 Step: 1668 E: -2721.731976370717 G: 3.8e-06
 Step: 1669 E: -2721.731976370719 G: 3.8e-06
 Step: 1670 E: -2721.731976370720 G: 3.8e-06
 Step: 1671 E: -2721.731976370722 G: 3.8e-06
 Step: 1672 E: -2721.731976370723 G: 3.7e-06
 Step: 1673 E: -2721.731976370724 G: 3.7e-06
 Step: 1674 E: -2721.731976370726 G: 3.7e-06
 Step: 1675 E: -2721.731976370727 G: 3.7e-06
 Step: 1676 E: -2721.731976370728 G: 3.7e-06
 Step: 1677 E: -2721.731976370730 G: 3.6e-06
 Step: 1678 E: -2721.731976370731 G: 3.6e-06
 Step: 1679 E: -2721.731976370732 G: 3.6e-06
 Step: 1680 E: -2721.731976370734 G: 3.6e-06
 Step: 1681 E: -2721.731976370735 G: 3.6e-06
 Step: 1682 E: -2721.731976370736 G: 3.5e-06
 Step: 1683 E: -2721.731976370738 G: 3.5e-06
 Step: 1684 E: -2721.731976370739 G: 3.5e-06
 Step: 1685 E: -2721.731976370740 G: 3.5e-06
 Step: 1686 E: -2721.731976370741 G: 3.5e-06
 Step: 1687 E: -2721.731976370742 G: 3.4e-06
 Step: 1688 E: -2721.731976370744 G: 3.4e-06
 Step: 1689 E: -2721.731976370745 G: 3.4e-06
 Step: 1690 E: -2721.731976370746 G: 3.4e-06
 Step: 1691 E: -2721.731976370747 G: 3.4e-06
 Step: 1692 E: -2721.731976370748 G: 3.4e-06
 Step: 1693 E: -2721.731976370749 G: 3.3e-06
 Step: 1694 E: -2721.731976370751 G: 3.3e-06
 Step: 1695 E: -2721.731976370751 G: 3.3e-06
 Step: 1696 E: -2721.731976370753 G: 3.3e-06
 Step: 1697 E: -2721.731976370754 G: 3.3e-06
 Step: 1698 E: -2721.731976370755 G: 3.2e-06
 Step: 1699 E: -2721.731976370756 G: 3.2e-06
 Step: 1700 E: -2721.731976370757 G: 3.2e-06
 Step: 1701 E: -2721.731976370758 G: 3.2e-06
 Step: 1702 E: -2721.731976370759 G: 3.2e-06
 Step: 1703 E: -2721.731976370760 G: 3.2e-06
 Step: 1704 E: -2721.731976370761 G: 3.1e-06
 Step: 1705 E: -2721.731976370762 G: 3.1e-06
 Step: 1706 E: -2721.731976370763 G: 3.1e-06
 Step: 1707 E: -2721.731976370764 G: 3.1e-06
 Step: 1708 E: -2721.731976370765 G: 3.1e-06
 Step: 1709 E: -2721.731976370766 G: 3.1e-06
 Step: 1710 E: -2721.731976370766 G: 3.0e-06
 Step: 1711 E: -2721.731976370767 G: 3.0e-06
 Step: 1712 E: -2721.731976370768 G: 3.0e-06
 Step: 1713 E: -2721.731976370769 G: 3.0e-06
 Step: 1714 E: -2721.731976370770 G: 3.0e-06
 Step: 1715 E: -2721.731976370771 G: 3.0e-06
 Step: 1716 E: -2721.731976370772 G: 2.9e-06
 Step: 1717 E: -2721.731976370773 G: 2.9e-06
 Step: 1718 E: -2721.731976370774 G: 2.9e-06
 Step: 1719 E: -2721.731976370775 G: 2.9e-06
 Step: 1720 E: -2721.731976370775 G: 2.9e-06
 Step: 1721 E: -2721.731976370776 G: 2.9e-06
 Step: 1722 E: -2721.731976370777 G: 2.8e-06
 Step: 1723 E: -2721.731976370778 G: 2.8e-06
 Step: 1724 E: -2721.731976370778 G: 2.8e-06
 Step: 1725 E: -2721.731976370779 G: 2.8e-06
 Step: 1726 E: -2721.731976370781 G: 2.8e-06
 Step: 1727 E: -2721.731976370781 G: 2.8e-06
 Step: 1728 E: -2721.731976370782 G: 2.7e-06
 Step: 1729 E: -2721.731976370782 G: 2.7e-06
 Step: 1730 E: -2721.731976370783 G: 2.7e-06
 Step: 1731 E: -2721.731976370784 G: 2.7e-06
 Step: 1732 E: -2721.731976370785 G: 2.7e-06
 Step: 1733 E: -2721.731976370786 G: 2.7e-06
 Step: 1734 E: -2721.731976370786 G: 2.7e-06
 Step: 1735 E: -2721.731976370787 G: 2.6e-06
 Step: 1736 E: -2721.731976370788 G: 2.6e-06
 Step: 1737 E: -2721.731976370788 G: 2.6e-06
 Step: 1738 E: -2721.731976370789 G: 2.6e-06
 Step: 1739 E: -2721.731976370790 G: 2.6e-06
 Step: 1740 E: -2721.731976370790 G: 2.6e-06
 Step: 1741 E: -2721.731976370791 G: 2.6e-06
 Step: 1742 E: -2721.731976370792 G: 2.5e-06
 Step: 1743 E: -2721.731976370792 G: 2.5e-06
 Step: 1744 E: -2721.731976370792 G: 2.5e-06
 Step: 1745 E: -2721.731976370793 G: 2.5e-06
 Step: 1746 E: -2721.731976370794 G: 2.5e-06
 Step: 1747 E: -2721.731976370795 G: 2.5e-06
 Step: 1748 E: -2721.731976370796 G: 2.5e-06
 Step: 1749 E: -2721.731976370796 G: 2.4e-06
 Step: 1750 E: -2721.731976370796 G: 2.4e-06
 Step: 1751 E: -2721.731976370797 G: 2.4e-06
 Step: 1752 E: -2721.731976370797 G: 2.4e-06
 Step: 1753 E: -2721.731976370798 G: 2.4e-06
 Step: 1754 E: -2721.731976370799 G: 2.4e-06
 Step: 1755 E: -2721.731976370799 G: 2.4e-06
 Step: 1756 E: -2721.731976370800 G: 2.4e-06
 Step: 1757 E: -2721.731976370800 G: 2.3e-06
 Step: 1758 E: -2721.731976370801 G: 2.3e-06
 Step: 1759 E: -2721.731976370802 G: 2.3e-06
 Step: 1760 E: -2721.731976370802 G: 2.3e-06
 Step: 1761 E: -2721.731976370803 G: 2.3e-06
 Step: 1762 E: -2721.731976370803 G: 2.3e-06
 Step: 1763 E: -2721.731976370804 G: 2.3e-06
 Step: 1764 E: -2721.731976370804 G: 2.3e-06
 Step: 1765 E: -2721.731976370805 G: 2.2e-06
 Step: 1766 E: -2721.731976370805 G: 2.2e-06
 Step: 1767 E: -2721.731976370806 G: 2.2e-06
 Step: 1768 E: -2721.731976370806 G: 2.2e-06
 Step: 1769 E: -2721.731976370806 G: 2.2e-06
 Step: 1770 E: -2721.731976370807 G: 2.2e-06
 Step: 1771 E: -2721.731976370807 G: 2.2e-06
 Step: 1772 E: -2721.731976370808 G: 2.2e-06
 Step: 1773 E: -2721.731976370808 G: 2.1e-06
 Step: 1774 E: -2721.731976370809 G: 2.1e-06
 Step: 1775 E: -2721.731976370809 G: 2.1e-06
 Step: 1776 E: -2721.731976370810 G: 2.1e-06
 Step: 1777 E: -2721.731976370811 G: 2.1e-06
 Step: 1778 E: -2721.731976370811 G: 2.1e-06
 Step: 1779 E: -2721.731976370811 G: 2.1e-06
 Step: 1780 E: -2721.731976370811 G: 2.1e-06
 Step: 1781 E: -2721.731976370812 G: 2.0e-06
 Step: 1782 E: -2721.731976370812 G: 2.0e-06
 Step: 1783 E: -2721.731976370813 G: 2.0e-06
 Step: 1784 E: -2721.731976370813 G: 2.0e-06
 Step: 1785 E: -2721.731976370814 G: 2.0e-06
 Step: 1786 E: -2721.731976370814 G: 2.0e-06
 Step: 1787 E: -2721.731976370815 G: 2.0e-06
 Step: 1788 E: -2721.731976370815 G: 2.0e-06
 Step: 1789 E: -2721.731976370816 G: 2.0e-06
 Step: 1790 E: -2721.731976370816 G: 1.9e-06
 Step: 1791 E: -2721.731976370816 G: 1.9e-06
 Step: 1792 E: -2721.731976370816 G: 1.9e-06
 Step: 1793 E: -2721.731976370817 G: 1.9e-06
 Step: 1794 E: -2721.731976370817 G: 1.9e-06
 Step: 1795 E: -2721.731976370817 G: 1.9e-06
 Step: 1796 E: -2721.731976370818 G: 1.9e-06
 Step: 1797 E: -2721.731976370818 G: 1.9e-06
 Step: 1798 E: -2721.731976370819 G: 1.9e-06
 Step: 1799 E: -2721.731976370819 G: 1.9e-06
 Step: 1800 E: -2721.731976370820 G: 1.8e-06
181.859973 seconds (15.95 M allocations: 12.449 GiB, 0.78% gc time)
 Solve OO-CMF with DIIS
 ooCMF Iter:    1 Total= -2721.725277728812 G=    5.026e-02 #SS:    1
 ooCMF Iter:    2 Total= -2721.725963144581 G=    2.826e-02 #SS:    2
 ooCMF Iter:    3 Total= -2721.726457344939 G=    2.072e-02 #SS:    3
 ooCMF Iter:    4 Total= -2721.726634316621 G=    1.975e-02 #SS:    4
 ooCMF Iter:    5 Total= -2721.726779984999 G=    1.953e-02 #SS:    5
 ooCMF Iter:    6 Total= -2721.731147344336 G=    1.457e-02 #SS:    6
 ooCMF Iter:    7 Total= -2721.731935743220 G=    3.345e-03 #SS:    7
 ooCMF Iter:    8 Total= -2721.731966452205 G=    3.538e-03 #SS:    8
 ooCMF Iter:    9 Total= -2721.731973783290 G=    2.301e-03 #SS:    9
 ooCMF Iter:   10 Total= -2721.731954627212 G=    4.297e-03 #SS:   10
 ooCMF Iter:   11 Total= -2721.731961142639 G=    1.472e-03 #SS:   11
 ooCMF Iter:   12 Total= -2721.731813509473 G=    4.334e-03 #SS:   12
 ooCMF Iter:   13 Total= -2721.731832208773 G=    4.187e-03 #SS:   13
 ooCMF Iter:   14 Total= -2721.731899879570 G=    3.079e-03 #SS:   14
 ooCMF Iter:   15 Total= -2721.731683492831 G=    6.010e-03 #SS:   15
 ooCMF Iter:   16 Total= -2721.731607639285 G=    6.665e-03 #SS:   16
 ooCMF Iter:   17 Total= -2721.731952802956 G=    2.430e-03 #SS:   17
 ooCMF Iter:   18 Total= -2721.731965695267 G=    1.396e-03 #SS:   18
 ooCMF Iter:   19 Total= -2721.731976229437 G=    6.488e-04 #SS:   19
 ooCMF Iter:   20 Total= -2721.731976308156 G=    2.884e-04 #SS:   20
 ooCMF Iter:   21 Total= -2721.731976362903 G=    1.891e-04 #SS:   21
 ooCMF Iter:   22 Total= -2721.731976363247 G=    1.416e-04 #SS:   22
 ooCMF Iter:   23 Total= -2721.731976334637 G=    1.211e-04 #SS:   23
 ooCMF Iter:   24 Total= -2721.731976361209 G=    7.686e-05 #SS:   24
 ooCMF Iter:   25 Total= -2721.731976369163 G=    4.154e-05 #SS:   24
 ooCMF Iter:   26 Total= -2721.731976370159 G=    1.396e-05 #SS:   24
 ooCMF Iter:   27 Total= -2721.731976370119 G=    1.248e-05 #SS:   24
 ooCMF Iter:   28 Total= -2721.731976370041 G=    9.985e-06 #SS:   24
 ooCMF Iter:   29 Total= -2721.731976370466 G=    1.146e-05 #SS:   24
 ooCMF Iter:   30 Total= -2721.731976370489 G=    8.576e-06 #SS:   24
 ooCMF Iter:   31 Total= -2721.731976370570 G=    7.360e-06 #SS:   24
 ooCMF Iter:   32 Total= -2721.731976370787 G=    2.911e-06 #SS:   24
 ooCMF Iter:   33 Total= -2721.731976370800 G=    2.681e-06 #SS:   24
 ooCMF Iter:   34 Total= -2721.731976370850 G=    8.874e-08 #SS:   24
*ooCMF Iter:   35 Total= -2721.731976370850 G=    8.287e-09 #SS:   24
  7.576020 seconds (8.95 M allocations: 818.102 MiB)
 Solve OO-CMF with DIIS
 ooCMF Iter:    1 Total= -2721.731705870329 G=    8.630e-03 #SS:    1
 ooCMF Iter:    2 Total= -2721.731966941863 G=    1.800e-03 #SS:    2
 ooCMF Iter:    3 Total= -2721.731974244201 G=    8.551e-04 #SS:    3
 ooCMF Iter:    4 Total= -2721.731974243843 G=    8.552e-04 #SS:    4
 ooCMF Iter:    5 Total= -2721.731976354883 G=    8.115e-05 #SS:    5
 ooCMF Iter:    6 Total= -2721.731976355683 G=    7.927e-05 #SS:    6
 ooCMF Iter:    7 Total= -2721.731976356717 G=    7.672e-05 #SS:    7
 ooCMF Iter:    8 Total= -2721.731976370088 G=    2.343e-05 #SS:    8
 ooCMF Iter:    9 Total= -2721.731976358121 G=    6.679e-05 #SS:    9
 ooCMF Iter:   10 Total= -2721.731976367319 G=    3.743e-05 #SS:   10
 ooCMF Iter:   11 Total= -2721.731976367924 G=    3.316e-05 #SS:   11
 ooCMF Iter:   12 Total= -2721.731976370839 G=    3.293e-06 #SS:   12
 ooCMF Iter:   13 Total= -2721.731976370782 G=    5.532e-06 #SS:   13
 ooCMF Iter:   14 Total= -2721.731976370749 G=    6.983e-06 #SS:   14
 ooCMF Iter:   15 Total= -2721.731976370829 G=    4.407e-06 #SS:   15
 ooCMF Iter:   16 Total= -2721.731976370829 G=    4.439e-06 #SS:   16
 ooCMF Iter:   17 Total= -2721.731976370823 G=    4.632e-06 #SS:   17
 ooCMF Iter:   18 Total= -2721.731976370839 G=    2.510e-06 #SS:   18
 ooCMF Iter:   19 Total= -2721.731976370851 G=    2.454e-06 #SS:   19
 ooCMF Iter:   20 Total= -2721.731976370850 G=    3.931e-06 #SS:   20
 ooCMF Iter:   21 Total= -2721.731976370853 G=    1.994e-06 #SS:   21
 ooCMF Iter:   22 Total= -2721.731976370854 G=    1.141e-06 #SS:   22
 ooCMF Iter:   23 Total= -2721.731976370854 G=    3.542e-07 #SS:   23
 ooCMF Iter:   24 Total= -2721.731976370855 G=    1.554e-07 #SS:   24
 ooCMF Iter:   25 Total= -2721.731976370855 G=    4.271e-08 #SS:   24
 ooCMF Iter:   26 Total= -2721.731976370855 G=    5.502e-08 #SS:   24
 ooCMF Iter:   27 Total= -2721.731976370854 G=    3.310e-08 #SS:   24
 ooCMF Iter:   28 Total= -2721.731976370855 G=    3.622e-08 #SS:   24
 ooCMF Iter:   29 Total= -2721.731976370855 G=    3.886e-08 #SS:   24
 ooCMF Iter:   30 Total= -2721.731976370855 G=    3.959e-08 #SS:   24
 ooCMF Iter:   31 Total= -2721.731976370855 G=    4.227e-08 #SS:   24
 ooCMF Iter:   32 Total= -2721.731976370855 G=    3.097e-08 #SS:   24
 ooCMF Iter:   33 Total= -2721.731976370855 G=    4.014e-08 #SS:   24
 ooCMF Iter:   34 Total= -2721.731976370855 G=    7.936e-08 #SS:   24
 ooCMF Iter:   35 Total= -2721.731976370855 G=    1.187e-07 #SS:   24
 ooCMF Iter:   36 Total= -2721.731976370854 G=    5.384e-07 #SS:   24
 ooCMF Iter:   37 Total= -2721.731976370855 G=    6.685e-08 #SS:   24
 ooCMF Iter:   38 Total= -2721.731976367616 G=    3.413e-05 #SS:   24
 ooCMF Iter:   39 Total= -2721.731976370559 G=    1.028e-05 #SS:   24
 ooCMF Iter:   40 Total= -2721.731976370756 G=    6.020e-06 #SS:   24
 ooCMF Iter:   41 Total= -2721.731976370768 G=    5.629e-06 #SS:   24
 ooCMF Iter:   42 Total= -2721.731976369782 G=    1.977e-05 #SS:   24
 ooCMF Iter:   43 Total= -2721.731976368626 G=    2.849e-05 #SS:   24
 ooCMF Iter:   44 Total= -2721.731976370185 G=    1.562e-05 #SS:   24
 ooCMF Iter:   45 Total= -2721.731976370850 G=    1.302e-06 #SS:   24
 ooCMF Iter:   46 Total= -2721.731976370854 G=    2.280e-07 #SS:   24
 ooCMF Iter:   47 Total= -2721.731976370672 G=    8.157e-06 #SS:   24
 ooCMF Iter:   48 Total= -2721.731976370597 G=    9.689e-06 #SS:   24
 ooCMF Iter:   49 Total= -2721.731976370841 G=    2.263e-06 #SS:   24
 ooCMF Iter:   50 Total= -2721.731976370758 G=    5.913e-06 #SS:   24
 ooCMF Iter:   51 Total= -2721.731976370794 G=    4.686e-06 #SS:   24
 ooCMF Iter:   52 Total= -2721.731976370838 G=    2.468e-06 #SS:   24
 ooCMF Iter:   53 Total= -2721.731976370836 G=    2.625e-06 #SS:   24
 ooCMF Iter:   54 Total= -2721.731976370837 G=    2.508e-06 #SS:   24
 ooCMF Iter:   55 Total= -2721.731976370850 G=    1.231e-06 #SS:   24
 ooCMF Iter:   56 Total= -2721.731976370852 G=    9.225e-07 #SS:   24
 ooCMF Iter:   57 Total= -2721.731976370855 G=    2.207e-07 #SS:   24
 ooCMF Iter:   58 Total= -2721.731976370831 G=    2.937e-06 #SS:   24
 ooCMF Iter:   59 Total= -2721.731976370855 G=    3.965e-08 #SS:   24
 ooCMF Iter:   60 Total= -2721.731976370673 G=    8.085e-06 #SS:   24
 ooCMF Iter:   61 Total= -2721.731976370423 G=    1.245e-05 #SS:   24
 ooCMF Iter:   62 Total= -2721.731976369400 G=    2.291e-05 #SS:   24
 ooCMF Iter:   63 Total= -2721.731976363779 G=    5.044e-05 #SS:   24
 ooCMF Iter:   64 Total= -2721.731976370852 G=    8.203e-07 #SS:   24
 ooCMF Iter:   65 Total= -2721.731976370853 G=    8.465e-07 #SS:   24
 ooCMF Iter:   66 Total= -2721.731976370854 G=    5.125e-07 #SS:   24
 ooCMF Iter:   67 Total= -2721.731976370796 G=    4.655e-06 #SS:   24
 ooCMF Iter:   68 Total= -2721.731976370184 G=    1.558e-05 #SS:   24
 ooCMF Iter:   69 Total= -2721.731976370796 G=    4.623e-06 #SS:   24
 ooCMF Iter:   70 Total= -2721.731976370032 G=    1.730e-05 #SS:   24
 ooCMF Iter:   71 Total= -2721.731976370828 G=    3.013e-06 #SS:   24
 ooCMF Iter:   72 Total= -2721.731976370836 G=    2.505e-06 #SS:   24
 ooCMF Iter:   73 Total= -2721.731976370658 G=    8.192e-06 #SS:   24
 ooCMF Iter:   74 Total= -2721.731976370812 G=    3.770e-06 #SS:   24
 ooCMF Iter:   75 Total= -2721.731976370813 G=    3.761e-06 #SS:   24
 ooCMF Iter:   76 Total= -2721.731976370845 G=    1.762e-06 #SS:   24
 ooCMF Iter:   77 Total= -2721.731976370770 G=    5.453e-06 #SS:   24
 ooCMF Iter:   78 Total= -2721.731976370686 G=    7.715e-06 #SS:   24
 ooCMF Iter:   79 Total= -2721.731976370851 G=    1.202e-06 #SS:   24
 ooCMF Iter:   80 Total= -2721.731976370836 G=    2.729e-06 #SS:   24
 ooCMF Iter:   81 Total= -2721.731976362861 G=    5.265e-05 #SS:   24
 ooCMF Iter:   82 Total= -2721.731976333254 G=    1.151e-04 #SS:   24
 ooCMF Iter:   83 Total= -2721.731976328907 G=    1.209e-04 #SS:   24
 ooCMF Iter:   84 Total= -2721.731976326126 G=    1.253e-04 #SS:   24
 ooCMF Iter:   85 Total= -2721.731976345808 G=    9.369e-05 #SS:   24
 ooCMF Iter:   86 Total= -2721.731976370815 G=    3.677e-06 #SS:   24
 ooCMF Iter:   87 Total= -2721.731976370770 G=    5.372e-06 #SS:   24
 ooCMF Iter:   88 Total= -2721.731976370738 G=    6.276e-06 #SS:   24
 ooCMF Iter:   89 Total= -2721.731976370694 G=    7.313e-06 #SS:   24
 ooCMF Iter:   90 Total= -2721.731976370794 G=    4.478e-06 #SS:   24
 ooCMF Iter:   91 Total= -2721.731976370728 G=    6.482e-06 #SS:   24
 ooCMF Iter:   92 Total= -2721.731976370836 G=    2.722e-06 #SS:   24
 ooCMF Iter:   93 Total= -2721.731976370730 G=    6.756e-06 #SS:   24
 ooCMF Iter:   94 Total= -2721.731976370688 G=    7.737e-06 #SS:   24
 ooCMF Iter:   95 Total= -2721.731976370832 G=    3.004e-06 #SS:   24
 ooCMF Iter:   96 Total= -2721.731976370823 G=    3.557e-06 #SS:   24
 ooCMF Iter:   97 Total= -2721.731976370752 G=    5.778e-06 #SS:   24
 ooCMF Iter:   98 Total= -2721.731976370772 G=    5.160e-06 #SS:   24
 ooCMF Iter:   99 Total= -2721.731976370740 G=    6.108e-06 #SS:   24
 ooCMF Iter:  100 Total= -2721.731976370301 G=    1.372e-05 #SS:   24
 ooCMF Iter:  101 Total= -2721.731976370854 G=    4.399e-07 #SS:   24
 ooCMF Iter:  102 Total= -2721.731976370803 G=    4.273e-06 #SS:   24
 ooCMF Iter:  103 Total= -2721.731976370828 G=    3.100e-06 #SS:   24
 ooCMF Iter:  104 Total= -2721.731976370840 G=    2.347e-06 #SS:   24
 ooCMF Iter:  105 Total= -2721.731976370844 G=    1.898e-06 #SS:   24
 ooCMF Iter:  106 Total= -2721.731976370828 G=    3.155e-06 #SS:   24
 ooCMF Iter:  107 Total= -2721.731976370668 G=    8.005e-06 #SS:   24
 ooCMF Iter:  108 Total= -2721.731976370817 G=    3.611e-06 #SS:   24
 ooCMF Iter:  109 Total= -2721.731976370794 G=    4.644e-06 #SS:   24
 ooCMF Iter:  110 Total= -2721.731976370668 G=    8.058e-06 #SS:   24
 ooCMF Iter:  111 Total= -2721.731976370829 G=    2.995e-06 #SS:   24
 ooCMF Iter:  112 Total= -2721.731976370794 G=    4.620e-06 #SS:   24
 ooCMF Iter:  113 Total= -2721.731976370834 G=    2.735e-06 #SS:   24
 ooCMF Iter:  114 Total= -2721.731976370843 G=    2.039e-06 #SS:   24
 ooCMF Iter:  115 Total= -2721.731976370757 G=    5.853e-06 #SS:   24
 ooCMF Iter:  116 Total= -2721.731976370853 G=    7.045e-07 #SS:   24
 ooCMF Iter:  117 Total= -2721.731976370178 G=    1.549e-05 #SS:   24
 ooCMF Iter:  118 Total= -2721.731976369413 G=    2.242e-05 #SS:   24
 ooCMF Iter:  119 Total= -2721.731976370687 G=    7.290e-06 #SS:   24
 ooCMF Iter:  120 Total= -2721.731976369750 G=    1.893e-05 #SS:   24
 ooCMF Iter:  121 Total= -2721.731976366606 G=    3.732e-05 #SS:   24
 ooCMF Iter:  122 Total= -2721.731976370639 G=    8.083e-06 #SS:   24
 ooCMF Iter:  123 Total= -2721.731976370803 G=    4.107e-06 #SS:   24
 ooCMF Iter:  124 Total= -2721.731976370808 G=    3.876e-06 #SS:   24
 ooCMF Iter:  125 Total= -2721.731976370853 G=    8.477e-07 #SS:   24
 ooCMF Iter:  126 Total= -2721.731976370854 G=    4.634e-07 #SS:   24
 ooCMF Iter:  127 Total= -2721.731976370836 G=    2.334e-06 #SS:   24
 ooCMF Iter:  128 Total= -2721.731976370844 G=    1.817e-06 #SS:   24
 ooCMF Iter:  129 Total= -2721.731976370844 G=    1.882e-06 #SS:   24
 ooCMF Iter:  130 Total= -2721.731976370833 G=    2.726e-06 #SS:   24
 ooCMF Iter:  131 Total= -2721.731976370826 G=    3.165e-06 #SS:   24
 Input energy:    -2721.66784100
IDX001:DIM1024:001|002|003|004|005|
IDX002:DIM4096:006|007|008|009|010|011|
IDX003:DIM1024:012|013|014|015|016|
 Solve OO-CMF with DIIS
 ooCMF Iter:    1 Total= -2721.731710187249 G=    8.581e-03 #SS:    1
 ooCMF Iter:    2 Total= -2721.731966258354 G=    2.314e-03 #SS:    2
 ooCMF Iter:    3 Total= -2721.731976333323 G=    2.051e-04 #SS:    3
 ooCMF Iter:    4 Total= -2721.731976333846 G=    2.038e-04 #SS:    4
 ooCMF Iter:    5 Total= -2721.731976337634 G=    1.929e-04 #SS:    5
 ooCMF Iter:    6 Total= -2721.731976369426 G=    4.301e-05 #SS:    6
 ooCMF Iter:    7 Total= -2721.731976370742 G=    1.290e-05 #SS:    7
 ooCMF Iter:    8 Total= -2721.731976370790 G=    8.968e-06 #SS:    8
 ooCMF Iter:    9 Total= -2721.731976370813 G=    7.492e-06 #SS:    9
 ooCMF Iter:   10 Total= -2721.731976370800 G=    9.604e-06 #SS:   10
 ooCMF Iter:   11 Total= -2721.731976370789 G=    1.380e-05 #SS:   11
 ooCMF Iter:   12 Total= -2721.731976370645 G=    2.177e-05 #SS:   12
 ooCMF Iter:   13 Total= -2721.731976370670 G=    2.082e-05 #SS:   13
 ooCMF Iter:   14 Total= -2721.731976370629 G=    1.832e-05 #SS:   14
 ooCMF Iter:   15 Total= -2721.731976370853 G=    2.555e-06 #SS:   15
 ooCMF Iter:   16 Total= -2721.731976370854 G=    7.956e-07 #SS:   16
 ooCMF Iter:   17 Total= -2721.731976370854 G=    4.957e-07 #SS:   17
 ooCMF Iter:   18 Total= -2721.731976370855 G=    1.671e-07 #SS:   18
 ooCMF Iter:   19 Total= -2721.731976370855 G=    1.044e-07 #SS:   19
 ooCMF Iter:   20 Total= -2721.731976370855 G=    8.278e-08 #SS:   20
 ooCMF Iter:   21 Total= -2721.731976370855 G=    7.173e-08 #SS:   21
 ooCMF Iter:   22 Total= -2721.731976370855 G=    6.467e-08 #SS:   22
 ooCMF Iter:   23 Total= -2721.731976370855 G=    5.964e-08 #SS:   23
 ooCMF Iter:   24 Total= -2721.731976370855 G=    5.578e-08 #SS:   24
*ooCMF Iter:   25 Total= -2721.731976370855 G=    8.022e-09 #SS:   24
  6.536189 seconds (3.76 M allocations: 601.593 MiB, 5.06% gc time)
 Solve OO-CMF with newton
 Step:    1 E: -2721.724935995723 G:     6.14e-02  
 Step:    2 E: -2721.731710187249 G:     8.58e-03  
 Step:    3 E: -2721.731974566520 G:     1.56e-03  
 Step:    4 E: -2721.731976344725 G:     2.97e-04  
 Step:    5 E: -2721.731976370329 G:     4.62e-05  
 Step:    6 E: -2721.731976370836 G:     7.69e-06  
 Step:    7 E: -2721.731976370851 G:     2.60e-06  
 Step:    8 E: -2721.731976370854 G:     1.56e-06  
 Step:    9 E: -2721.731976370854 G:     1.00e-06  
 Step:   10 E: -2721.731976370854 G:     6.45e-07  
 Step:   11 E: -2721.731976370854 G:     4.16e-07  
 Step:   12 E: -2721.731976370855 G:     2.68e-07  
 Step:   13 E: -2721.731976370855 G:     1.72e-07  
 Step:   14 E: -2721.731976370854 G:     1.11e-07  
 Step:   15 E: -2721.731976370854 G:     7.16e-08  
 Step:   16 E: -2721.731976370855 G:     4.62e-08  
 Step:   17 E: -2721.731976370854 G:     2.97e-08  
 Step:   18 E: -2721.731976370854 G:     1.92e-08  
 Step:   19 E: -2721.731976370854 G:     1.24e-08  
 Step:   20 E: -2721.731976370854 G:     7.98e-09  
  2.777631 seconds (252.66 k allocations: 211.969 MiB)
 Solve OO-CMF with newton
 Step:    1 E: -2721.724935995723 G:     6.14e-02  
 Step:    2 E: -2721.731705870329 G:     8.63e-03  
 Step:    3 E: -2721.731975080041 G:     7.08e-04  
 Step:    4 E: -2721.731976365476 G:     4.65e-05  
 Step:    5 E: -2721.731976370831 G:     2.89e-06  
 Step:    6 E: -2721.731976370854 G:     1.85e-07  
 Step:    7 E: -2721.731976370855 G:     2.08e-08  
 Step:    8 E: -2721.731976370854 G:     9.67e-09  
  1.200665 seconds (108.91 k allocations: 89.422 MiB)