Input energy:    -5355.88866618
IDX001:DIM1024:001|002|003|004|005|
IDX002:DIM4096:006|007|008|009|010|011|
IDX003:DIM1024:012|013|014|015|016|
 ooCMF Iter:    1 Total= -5355.943976587672 Active= -56.073659481579 G=     7.45e-02
 ooCMF Iter:    2 Total= -5355.945253334547 Active= -56.074936228454 G=     3.81e-02
 ooCMF Iter:    3 Total= -5355.945614075143 Active= -56.075296969049 G=     8.31e-03
 ooCMF Iter:    4 Total= -5355.945641083061 Active= -56.075323976967 G=     2.95e-03
 ooCMF Iter:    5 Total= -5355.945642406965 Active= -56.075325300872 G=     3.56e-04
 ooCMF Iter:    6 Total= -5355.945642452833 Active= -56.075325346740 G=     2.43e-04
 ooCMF Iter:    7 Total= -5355.945642465898 Active= -56.075325359805 G=     7.27e-05
 ooCMF Iter:    8 Total= -5355.945642467388 Active= -56.075325361295 G=     1.24e-05
 ooCMF Iter:    9 Total= -5355.945642467419 Active= -56.075325361326 G=     6.45e-06
 ooCMF Iter:   10 Total= -5355.945642467431 Active= -56.075325361337 G=     1.56e-06
 ooCMF Iter:   11 Total= -5355.945642467432 Active= -56.075325361338 G=     1.07e-06
 ooCMF Iter:   12 Total= -5355.945642467433 Active= -56.075325361339 G=     1.87e-07
 ooCMF Iter:   13 Total= -5355.945642467432 Active= -56.075325361338 G=     6.56e-08
 ooCMF Iter:   14 Total= -5355.945642467433 Active= -56.075325361339 G=     3.32e-08
*ooCMF Iter:   15 Total= -5355.945642467432 Active= -56.075325361338 G=     5.30e-09
 * Status: success (objective increased between iterations)

 * Candidate solution
    Final objective value:     -5.355946e+03

 * Found with
    Algorithm:     BFGS

 * Convergence measures
    |x - x'|               = 4.70e-09 ≰ 0.0e+00
    |x - x'|/|x'|          = 3.35e-07 ≰ 0.0e+00
    |f(x) - f(x')|         = 9.09e-13 ≰ 0.0e+00
    |f(x) - f(x')|/|f(x')| = 1.70e-16 ≰ 0.0e+00
    |g(x)|                 = 1.40e-09 ≤ 1.0e-08

 * Work counters
    Seconds run:   5  (vs limit Inf)
    Iterations:    14
    f(x) calls:    29
    ∇f(x) calls:   29

*ooCMF -5355.94564247 
  4.879041 seconds (365.30 k allocations: 311.816 MiB)
 ooCMF Iter:    1 Total= -5355.943976587672 Active= -56.073659481579 G=     7.45e-02
 ooCMF Iter:    2 Total= -5355.945253408099 Active= -56.074936302006 G=     3.88e-02
 ooCMF Iter:    3 Total= -5355.945614133188 Active= -56.075297027094 G=     8.11e-03
 ooCMF Iter:    4 Total= -5355.945641067195 Active= -56.075323961101 G=     2.95e-03
 ooCMF Iter:    5 Total= -5355.945642397151 Active= -56.075325291057 G=     3.91e-04
 ooCMF Iter:    6 Total= -5355.945642452392 Active= -56.075325346299 G=     2.43e-04
 ooCMF Iter:    7 Total= -5355.945642465151 Active= -56.075325359057 G=     8.41e-05
 ooCMF Iter:    8 Total= -5355.945642467358 Active= -56.075325361265 G=     1.64e-05
 ooCMF Iter:    9 Total= -5355.945642467414 Active= -56.075325361321 G=     8.60e-06
 ooCMF Iter:   10 Total= -5355.945642467428 Active= -56.075325361335 G=     3.02e-06
 ooCMF Iter:   11 Total= -5355.945642467430 Active= -56.075325361337 G=     2.17e-06
 ooCMF Iter:   12 Total= -5355.945642467432 Active= -56.075325361338 G=     5.55e-07
 ooCMF Iter:   13 Total= -5355.945642467431 Active= -56.075325361337 G=     4.93e-07
 ooCMF Iter:   14 Total= -5355.945642467432 Active= -56.075325361338 G=     2.85e-07
 ooCMF Iter:   15 Total= -5355.945642467432 Active= -56.075325361338 G=     9.42e-08
 ooCMF Iter:   16 Total= -5355.945642467432 Active= -56.075325361338 G=     3.24e-08
 * Status: success

 * Candidate solution
    Final objective value:     -5.355946e+03

 * Found with
    Algorithm:     Conjugate Gradient

 * Convergence measures
    |x - x'|               = 2.49e-08 ≰ 0.0e+00
    |x - x'|/|x'|          = 1.77e-06 ≰ 0.0e+00
    |f(x) - f(x')|         = 0.00e+00 ≤ 0.0e+00
    |f(x) - f(x')|/|f(x')| = 0.00e+00 ≤ 0.0e+00
    |g(x)|                 = 8.21e-09 ≤ 1.0e-08

 * Work counters
    Seconds run:   6  (vs limit Inf)
    Iterations:    15
    f(x) calls:    41
    ∇f(x) calls:   26

*ooCMF -5355.94564247 
  6.008856 seconds (398.21 k allocations: 330.145 MiB, 5.43% gc time)
 Step:    1 E: -5355.943976587672 G: 7.5e-02
 Step:    2 E: -5355.944472148640 G: 5.9e-02
 Step:    3 E: -5355.944787554394 G: 4.8e-02
 Step:    4 E: -5355.945001897953 G: 4.1e-02
 Step:    5 E: -5355.945154530427 G: 3.5e-02
 Step:    6 E: -5355.945266663759 G: 3.0e-02
 Step:    7 E: -5355.945350740963 G: 2.6e-02
 Step:    8 E: -5355.945414643044 G: 2.3e-02
 Step:    9 E: -5355.945463674269 G: 2.0e-02
 Step:   10 E: -5355.945501563337 G: 1.8e-02
 Step:   11 E: -5355.945531009429 G: 1.6e-02
 Step:   12 E: -5355.945554004887 G: 1.4e-02
 Step:   13 E: -5355.945572039870 G: 1.2e-02
 Step:   14 E: -5355.945586239503 G: 1.1e-02
 Step:   15 E: -5355.945597459480 G: 9.7e-03
 Step:   16 E: -5355.945606354479 G: 8.6e-03
 Step:   17 E: -5355.945613427994 G: 7.7e-03
 Step:   18 E: -5355.945619069090 G: 6.9e-03
 Step:   19 E: -5355.945623579732 G: 6.2e-03
 Step:   20 E: -5355.945627195265 G: 5.5e-03
 Step:   21 E: -5355.945630099834 G: 5.0e-03
 Step:   22 E: -5355.945632438063 G: 4.5e-03
 Step:   23 E: -5355.945634323936 G: 4.0e-03
 Step:   24 E: -5355.945635847602 G: 3.6e-03
 Step:   25 E: -5355.945637080567 G: 3.2e-03
 Step:   26 E: -5355.945638079732 G: 2.9e-03
 Step:   27 E: -5355.945638890487 G: 2.6e-03
 Step:   28 E: -5355.945639549145 G: 2.4e-03
 Step:   29 E: -5355.945640084817 G: 2.1e-03
 Step:   30 E: -5355.945640520895 G: 1.9e-03
 Step:   31 E: -5355.945640876213 G: 1.7e-03
 Step:   32 E: -5355.945641165962 G: 1.6e-03
 Step:   33 E: -5355.945641402416 G: 1.4e-03
 Step:   34 E: -5355.945641595509 G: 1.3e-03
 Step:   35 E: -5355.945641753288 G: 1.2e-03
 Step:   36 E: -5355.945641882285 G: 1.1e-03
 Step:   37 E: -5355.945641987803 G: 9.5e-04
 Step:   38 E: -5355.945642074159 G: 8.6e-04
 Step:   39 E: -5355.945642144861 G: 7.8e-04
 Step:   40 E: -5355.945642202772 G: 7.1e-04
 Step:   41 E: -5355.945642250224 G: 6.4e-04
 Step:   42 E: -5355.945642289117 G: 5.8e-04
 Step:   43 E: -5355.945642321008 G: 5.2e-04
 Step:   44 E: -5355.945642347164 G: 4.7e-04
 Step:   45 E: -5355.945642368623 G: 4.3e-04
 Step:   46 E: -5355.945642386235 G: 3.9e-04
 Step:   47 E: -5355.945642400691 G: 3.5e-04
 Step:   48 E: -5355.945642412561 G: 3.2e-04
 Step:   49 E: -5355.945642422310 G: 2.9e-04
 Step:   50 E: -5355.945642430319 G: 2.6e-04
 Step:   51 E: -5355.945642436899 G: 2.4e-04
 Step:   52 E: -5355.945642442307 G: 2.2e-04
 Step:   53 E: -5355.945642446753 G: 2.0e-04
 Step:   54 E: -5355.945642450408 G: 1.8e-04
 Step:   55 E: -5355.945642453414 G: 1.6e-04
 Step:   56 E: -5355.945642455888 G: 1.5e-04
 Step:   57 E: -5355.945642457922 G: 1.3e-04
 Step:   58 E: -5355.945642459596 G: 1.2e-04
 Step:   59 E: -5355.945642460973 G: 1.1e-04
 Step:   60 E: -5355.945642462109 G: 9.9e-05
 Step:   61 E: -5355.945642463043 G: 9.0e-05
 Step:   62 E: -5355.945642463812 G: 8.2e-05
 Step:   63 E: -5355.945642464446 G: 7.4e-05
 Step:   64 E: -5355.945642464969 G: 6.7e-05
 Step:   65 E: -5355.945642465398 G: 6.1e-05
 Step:   66 E: -5355.945642465754 G: 5.5e-05
 Step:   67 E: -5355.945642466047 G: 5.0e-05
 Step:   68 E: -5355.945642466288 G: 4.6e-05
 Step:   69 E: -5355.945642466487 G: 4.1e-05
 Step:   70 E: -5355.945642466650 G: 3.8e-05
 Step:   71 E: -5355.945642466787 G: 3.4e-05
 Step:   72 E: -5355.945642466898 G: 3.1e-05
 Step:   73 E: -5355.945642466991 G: 2.8e-05
 Step:   74 E: -5355.945642467067 G: 2.6e-05
 Step:   75 E: -5355.945642467130 G: 2.3e-05
 Step:   76 E: -5355.945642467182 G: 2.1e-05
 Step:   77 E: -5355.945642467225 G: 1.9e-05
 Step:   78 E: -5355.945642467261 G: 1.8e-05
 Step:   79 E: -5355.945642467290 G: 1.6e-05
 Step:   80 E: -5355.945642467314 G: 1.5e-05
 Step:   81 E: -5355.945642467334 G: 1.3e-05
 Step:   82 E: -5355.945642467351 G: 1.2e-05
 Step:   83 E: -5355.945642467364 G: 1.1e-05
 Step:   84 E: -5355.945642467376 G: 1.0e-05
 Step:   85 E: -5355.945642467386 G: 9.1e-06
 Step:   86 E: -5355.945642467394 G: 8.2e-06
 Step:   87 E: -5355.945642467401 G: 7.5e-06
 Step:   88 E: -5355.945642467405 G: 6.8e-06
 Step:   89 E: -5355.945642467410 G: 6.2e-06
 Step:   90 E: -5355.945642467414 G: 5.7e-06
 Step:   91 E: -5355.945642467417 G: 5.2e-06
 Step:   92 E: -5355.945642467419 G: 4.7e-06
 Step:   93 E: -5355.945642467421 G: 4.3e-06
 Step:   94 E: -5355.945642467423 G: 3.9e-06
 Step:   95 E: -5355.945642467424 G: 3.6e-06
 Step:   96 E: -5355.945642467426 G: 3.2e-06
 Step:   97 E: -5355.945642467426 G: 3.0e-06
 Step:   98 E: -5355.945642467428 G: 2.7e-06
 Step:   99 E: -5355.945642467428 G: 2.5e-06
 Step:  100 E: -5355.945642467429 G: 2.2e-06
 Step:  101 E: -5355.945642467429 G: 2.0e-06
 Step:  102 E: -5355.945642467430 G: 1.9e-06
 Step:  103 E: -5355.945642467431 G: 1.7e-06
 Step:  104 E: -5355.945642467431 G: 1.6e-06
 Step:  105 E: -5355.945642467431 G: 1.4e-06
 Step:  106 E: -5355.945642467432 G: 1.3e-06
 Step:  107 E: -5355.945642467431 G: 1.2e-06
 Step:  108 E: -5355.945642467432 G: 1.1e-06
 Step:  109 E: -5355.945642467432 G: 9.9e-07
 Step:  110 E: -5355.945642467431 G: 9.0e-07
 Step:  111 E: -5355.945642467432 G: 8.2e-07
 Step:  112 E: -5355.945642467432 G: 7.5e-07
 Step:  113 E: -5355.945642467432 G: 6.9e-07
 Step:  114 E: -5355.945642467432 G: 6.3e-07
 Step:  115 E: -5355.945642467432 G: 5.7e-07
 Step:  116 E: -5355.945642467432 G: 5.3e-07
 Step:  117 E: -5355.945642467432 G: 4.8e-07
 Step:  118 E: -5355.945642467432 G: 4.4e-07
 Step:  119 E: -5355.945642467432 G: 4.0e-07
 Step:  120 E: -5355.945642467432 G: 3.7e-07
 Step:  121 E: -5355.945642467432 G: 3.4e-07
 Step:  122 E: -5355.945642467432 G: 3.1e-07
 Step:  123 E: -5355.945642467432 G: 2.8e-07
 Step:  124 E: -5355.945642467432 G: 2.6e-07
 Step:  125 E: -5355.945642467432 G: 2.4e-07
 Step:  126 E: -5355.945642467432 G: 2.2e-07
 Step:  127 E: -5355.945642467433 G: 2.0e-07
 Step:  128 E: -5355.945642467432 G: 1.8e-07
 Step:  129 E: -5355.945642467432 G: 1.7e-07
 Step:  130 E: -5355.945642467433 G: 1.5e-07
 Step:  131 E: -5355.945642467432 G: 1.4e-07
 Step:  132 E: -5355.945642467432 G: 1.3e-07
 Step:  133 E: -5355.945642467433 G: 1.2e-07
 Step:  134 E: -5355.945642467432 G: 1.1e-07
 Step:  135 E: -5355.945642467432 G: 9.8e-08
 Step:  136 E: -5355.945642467433 G: 9.0e-08
 Step:  137 E: -5355.945642467432 G: 8.3e-08
 Step:  138 E: -5355.945642467432 G: 7.6e-08
 Step:  139 E: -5355.945642467432 G: 7.0e-08
 Step:  140 E: -5355.945642467432 G: 6.4e-08
 Step:  141 E: -5355.945642467432 G: 5.9e-08
 Step:  142 E: -5355.945642467432 G: 5.4e-08
 Step:  143 E: -5355.945642467432 G: 4.9e-08
 Step:  144 E: -5355.945642467433 G: 4.5e-08
 Step:  145 E: -5355.945642467432 G: 4.2e-08
 Step:  146 E: -5355.945642467432 G: 3.8e-08
 Step:  147 E: -5355.945642467432 G: 3.5e-08
 Step:  148 E: -5355.945642467432 G: 3.2e-08
 Step:  149 E: -5355.945642467432 G: 3.0e-08
 Step:  150 E: -5355.945642467432 G: 2.7e-08
 Step:  151 E: -5355.945642467432 G: 2.5e-08
 Step:  152 E: -5355.945642467433 G: 2.3e-08
 Step:  153 E: -5355.945642467432 G: 2.1e-08
 Step:  154 E: -5355.945642467432 G: 1.9e-08
 Step:  155 E: -5355.945642467432 G: 1.8e-08
 Step:  156 E: -5355.945642467432 G: 1.6e-08
 Step:  157 E: -5355.945642467432 G: 1.5e-08
 Step:  158 E: -5355.945642467433 G: 1.4e-08
 Step:  159 E: -5355.945642467432 G: 1.3e-08
 Step:  160 E: -5355.945642467432 G: 1.2e-08
 Step:  161 E: -5355.945642467432 G: 1.1e-08
*Step:  162 E: -5355.945642467432 G: 9.8e-09
 13.135508 seconds (950.31 k allocations: 1.064 GiB)
 Solve OO-CMF with DIIS
 ooCMF Iter:    1 Total= -5355.944472148640 G=    5.899e-02 #SS:    1
 ooCMF Iter:    2 Total= -5355.945306963202 G=    2.875e-02 #SS:    2
 ooCMF Iter:    3 Total= -5355.945617344596 G=    7.198e-03 #SS:    3
 ooCMF Iter:    4 Total= -5355.945630254470 G=    5.521e-03 #SS:    4
 ooCMF Iter:    5 Total= -5355.945641967957 G=    1.410e-03 #SS:    5
 ooCMF Iter:    6 Total= -5355.945642374349 G=    4.838e-04 #SS:    6
 ooCMF Iter:    7 Total= -5355.945642322544 G=    6.503e-04 #SS:    7
 ooCMF Iter:    8 Total= -5355.945642432673 G=    3.215e-04 #SS:    8
 ooCMF Iter:    9 Total= -5355.945642439495 G=    2.975e-04 #SS:    9
 ooCMF Iter:   10 Total= -5355.945642445468 G=    2.634e-04 #SS:   10
 ooCMF Iter:   11 Total= -5355.945642467412 G=    7.214e-06 #SS:   11
 ooCMF Iter:   12 Total= -5355.945642467359 G=    1.507e-05 #SS:   12
 ooCMF Iter:   13 Total= -5355.945642467386 G=    1.183e-05 #SS:   13
 ooCMF Iter:   14 Total= -5355.945642467431 G=    8.469e-07 #SS:   14
 ooCMF Iter:   15 Total= -5355.945642467432 G=    1.125e-06 #SS:   15
 ooCMF Iter:   16 Total= -5355.945642467432 G=    8.363e-07 #SS:   16
 ooCMF Iter:   17 Total= -5355.945642467432 G=    8.287e-08 #SS:   17
 ooCMF Iter:   18 Total= -5355.945642467432 G=    5.116e-08 #SS:   18
 ooCMF Iter:   19 Total= -5355.945642467432 G=    4.153e-08 #SS:   19
 ooCMF Iter:   20 Total= -5355.945642467432 G=    3.748e-08 #SS:   20
 ooCMF Iter:   21 Total= -5355.945642467432 G=    3.564e-08 #SS:   21
 ooCMF Iter:   22 Total= -5355.945642467433 G=    7.367e-08 #SS:   22
 ooCMF Iter:   23 Total= -5355.945642467433 G=    6.733e-08 #SS:   23
 ooCMF Iter:   24 Total= -5355.945642467432 G=    6.425e-08 #SS:   24
 ooCMF Iter:   25 Total= -5355.945642467432 G=    4.620e-08 #SS:   24
 ooCMF Iter:   26 Total= -5355.945642467432 G=    1.166e-08 #SS:   24
*ooCMF Iter:   27 Total= -5355.945642467432 G=    2.020e-09 #SS:   24
  3.201945 seconds (4.45 M allocations: 520.005 MiB)
 Solve OO-CMF with DIIS
 ooCMF Iter:    1 Total= -5355.945641241269 G=    1.793e-03 #SS:    1
 ooCMF Iter:    2 Total= -5355.945640966454 G=    1.986e-03 #SS:    2
 ooCMF Iter:    3 Total= -5355.945642452212 G=    2.360e-04 #SS:    3
 ooCMF Iter:    4 Total= -5355.945642454533 G=    2.227e-04 #SS:    4
 ooCMF Iter:    5 Total= -5355.945642456889 G=    2.027e-04 #SS:    5
 ooCMF Iter:    6 Total= -5355.945642457976 G=    1.950e-04 #SS:    6
 ooCMF Iter:    7 Total= -5355.945642459004 G=    1.845e-04 #SS:    7
 ooCMF Iter:    8 Total= -5355.945642458896 G=    1.857e-04 #SS:    8
 ooCMF Iter:    9 Total= -5355.945642464975 G=    9.946e-05 #SS:    9
 ooCMF Iter:   10 Total= -5355.945642466356 G=    6.631e-05 #SS:   10
 ooCMF Iter:   11 Total= -5355.945642466604 G=    5.812e-05 #SS:   11
 ooCMF Iter:   12 Total= -5355.945642466669 G=    5.581e-05 #SS:   12
 ooCMF Iter:   13 Total= -5355.945642466694 G=    5.484e-05 #SS:   13
 ooCMF Iter:   14 Total= -5355.945642466653 G=    5.639e-05 #SS:   14
 ooCMF Iter:   15 Total= -5355.945642466641 G=    5.693e-05 #SS:   15
 ooCMF Iter:   16 Total= -5355.945642466604 G=    5.833e-05 #SS:   16
 ooCMF Iter:   17 Total= -5355.945642466629 G=    5.739e-05 #SS:   17
 ooCMF Iter:   18 Total= -5355.945642466955 G=    4.077e-05 #SS:   18
 ooCMF Iter:   19 Total= -5355.945642467020 G=    3.480e-05 #SS:   19
 ooCMF Iter:   20 Total= -5355.945642467040 G=    3.292e-05 #SS:   20
 ooCMF Iter:   21 Total= -5355.945642467047 G=    3.262e-05 #SS:   21
 ooCMF Iter:   22 Total= -5355.945642467057 G=    3.225e-05 #SS:   22
 ooCMF Iter:   23 Total= -5355.945642467138 G=    2.891e-05 #SS:   23
 ooCMF Iter:   24 Total= -5355.945642467378 G=    1.210e-05 #SS:   24
 ooCMF Iter:   25 Total= -5355.945642467430 G=    1.962e-06 #SS:   24
 ooCMF Iter:   26 Total= -5355.945642467431 G=    2.166e-06 #SS:   24
 ooCMF Iter:   27 Total= -5355.945642467431 G=    1.216e-06 #SS:   24
 ooCMF Iter:   28 Total= -5355.945642467433 G=    1.199e-07 #SS:   24
*ooCMF Iter:   29 Total= -5355.945642467433 G=    2.548e-09 #SS:   24
  4.111422 seconds (5.48 M allocations: 665.553 MiB, 8.31% gc time)
 Solve OO-CMF with DIIS
 ooCMF Iter:    1 Total= -5355.945637017925 G=    3.909e-03 #SS:    1
 ooCMF Iter:    2 Total= -5355.945642467320 G=    1.869e-05 #SS:    2
 ooCMF Iter:    3 Total= -5355.945642467432 G=    3.169e-07 #SS:    3
*ooCMF Iter:    4 Total= -5355.945642467432 G=    4.299e-09 #SS:    4
  0.618427 seconds (57.35 k allocations: 88.825 MiB)
 Solve OO-CMF with newton
 Step:    1 E: -5355.943976587672 G:     7.45e-02  
 Step:    2 E: -5355.945637017925 G:     3.91e-03  
 Step:    3 E: -5355.945642457132 G:     1.60e-04  
 Step:    4 E: -5355.945642467414 G:     6.81e-06  
 Step:    5 E: -5355.945642467432 G:     2.90e-07  
 Step:    6 E: -5355.945642467433 G:     1.23e-08  
 Step:    7 E: -5355.945642467432 G:     5.25e-10  
  0.726366 seconds (60.26 k allocations: 69.241 MiB)
 Solve OO-CMF with newton
 Step:    1 E: -5355.943976587672 G:     7.45e-02  
 Step:    2 E: -5355.945641241269 G:     1.79e-03  
 Step:    3 E: -5355.945642467225 G:     2.49e-05  
 Step:    4 E: -5355.945642467432 G:     4.85e-07  
 Step:    5 E: -5355.945642467433 G:     6.45e-09  
  0.537897 seconds (37.92 k allocations: 51.012 MiB)