 Input energy:    -3343.93008922
IDX001:DIM1048576:001|002|003|004|005|006|007|008|009|010|
IDX002:DIM1048576:011|012|013|014|015|016|017|018|019|020|
IDX003:DIM4096:021|022|023|024|025|026|
IDX004:DIM4096:027|028|029|030|031|032|
IDX005:DIM4096:033|034|035|036|037|038|
 ooCMF Iter:    1 Total= -3344.135698894625 Active= -171.138064971165 G=     8.80e-02
 ooCMF Iter:    2 Total= -3344.136651819756 Active= -171.139017896297 G=     7.98e-02
 ooCMF Iter:    3 Total= -3344.139342223897 Active= -171.141708300437 G=     1.23e-01
 ooCMF Iter:    4 Total= -3344.143688755705 Active= -171.146054832245 G=     1.65e-01
 ooCMF Iter:    5 Total= -3344.148623277727 Active= -171.150989354267 G=     1.64e-01
 ooCMF Iter:    6 Total= -3344.153983305697 Active= -171.156349382237 G=     1.32e-01
 ooCMF Iter:    7 Total= -3344.157127374421 Active= -171.159493450961 G=     9.92e-02
 ooCMF Iter:    8 Total= -3344.158077997251 Active= -171.160444073791 G=     3.98e-02
 ooCMF Iter:    9 Total= -3344.158280860176 Active= -171.160646936716 G=     2.96e-02
 ooCMF Iter:   10 Total= -3344.158421825643 Active= -171.160787902184 G=     1.91e-02
 ooCMF Iter:   11 Total= -3344.158501050100 Active= -171.160867126640 G=     1.69e-02
 ooCMF Iter:   12 Total= -3344.158579348067 Active= -171.160945424607 G=     2.11e-02
 ooCMF Iter:   13 Total= -3344.158705946424 Active= -171.161072022964 G=     2.91e-02
 ooCMF Iter:   14 Total= -3344.158885209771 Active= -171.161251286311 G=     2.19e-02
 ooCMF Iter:   15 Total= -3344.158945744711 Active= -171.161311821251 G=     1.20e-02
 ooCMF Iter:   16 Total= -3344.158966655621 Active= -171.161332732161 G=     8.50e-03
 ooCMF Iter:   17 Total= -3344.158975299730 Active= -171.161341376270 G=     5.90e-03
 ooCMF Iter:   18 Total= -3344.158981372911 Active= -171.161347449451 G=     5.07e-03
 ooCMF Iter:   19 Total= -3344.158987326900 Active= -171.161353403440 G=     5.27e-03
 ooCMF Iter:   20 Total= -3344.158997154972 Active= -171.161363231512 G=     7.37e-03
 ooCMF Iter:   21 Total= -3344.159005010290 Active= -171.161371086830 G=     4.93e-03
 ooCMF Iter:   22 Total= -3344.159007875922 Active= -171.161373952462 G=     3.81e-03
 ooCMF Iter:   23 Total= -3344.159009396972 Active= -171.161375473512 G=     2.30e-03
 ooCMF Iter:   24 Total= -3344.159009921375 Active= -171.161375997915 G=     1.42e-03
 ooCMF Iter:   25 Total= -3344.159010181409 Active= -171.161376257949 G=     8.67e-04
 ooCMF Iter:   26 Total= -3344.159010332956 Active= -171.161376409496 G=     9.11e-04
 ooCMF Iter:   27 Total= -3344.159010659793 Active= -171.161376736333 G=     1.38e-03
 ooCMF Iter:   28 Total= -3344.159010974010 Active= -171.161377050550 G=     1.36e-03
 ooCMF Iter:   29 Total= -3344.159011326858 Active= -171.161377403398 G=     1.54e-03
 ooCMF Iter:   30 Total= -3344.159011574087 Active= -171.161377650627 G=     1.02e-03
 ooCMF Iter:   31 Total= -3344.159011679655 Active= -171.161377756195 G=     5.39e-04
 ooCMF Iter:   32 Total= -3344.159011716913 Active= -171.161377793453 G=     3.58e-04
 ooCMF Iter:   33 Total= -3344.159011749543 Active= -171.161377826083 G=     4.14e-04
 ooCMF Iter:   34 Total= -3344.159011782127 Active= -171.161377858667 G=     4.94e-04
 ooCMF Iter:   35 Total= -3344.159011844833 Active= -171.161377921373 G=     8.01e-04
 ooCMF Iter:   36 Total= -3344.159012035508 Active= -171.161378112048 G=     1.12e-03
 ooCMF Iter:   37 Total= -3344.159012196258 Active= -171.161378272798 G=     1.07e-03
 ooCMF Iter:   38 Total= -3344.159012313632 Active= -171.161378390172 G=     7.80e-04
 ooCMF Iter:   39 Total= -3344.159012365355 Active= -171.161378441895 G=     5.87e-04
 ooCMF Iter:   40 Total= -3344.159012427800 Active= -171.161378504340 G=     4.82e-04
 ooCMF Iter:   41 Total= -3344.159012463394 Active= -171.161378539934 G=     5.07e-04
 ooCMF Iter:   42 Total= -3344.159012530289 Active= -171.161378606829 G=     7.42e-04
 ooCMF Iter:   43 Total= -3344.159012606977 Active= -171.161378683517 G=     7.43e-04
 ooCMF Iter:   44 Total= -3344.159012665547 Active= -171.161378742087 G=     5.08e-04
 ooCMF Iter:   45 Total= -3344.159012687021 Active= -171.161378763562 G=     3.74e-04
 ooCMF Iter:   46 Total= -3344.159012700521 Active= -171.161378777061 G=     2.68e-04
 ooCMF Iter:   47 Total= -3344.159012708344 Active= -171.161378784884 G=     1.66e-04
 ooCMF Iter:   48 Total= -3344.159012712748 Active= -171.161378789288 G=     1.97e-04
 ooCMF Iter:   49 Total= -3344.159012722085 Active= -171.161378798625 G=     2.53e-04
 ooCMF Iter:   50 Total= -3344.159012729903 Active= -171.161378806443 G=     2.53e-04
 ooCMF Iter:   51 Total= -3344.159012735640 Active= -171.161378812180 G=     2.12e-04
 ooCMF Iter:   52 Total= -3344.159012739764 Active= -171.161378816304 G=     1.46e-04
 ooCMF Iter:   53 Total= -3344.159012741824 Active= -171.161378818364 G=     7.69e-05
 ooCMF Iter:   54 Total= -3344.159012742196 Active= -171.161378818736 G=     5.13e-05
 ooCMF Iter:   55 Total= -3344.159012742447 Active= -171.161378818987 G=     3.21e-05
 ooCMF Iter:   56 Total= -3344.159012742542 Active= -171.161378819083 G=     2.39e-05
 ooCMF Iter:   57 Total= -3344.159012742647 Active= -171.161378819187 G=     2.59e-05
 ooCMF Iter:   58 Total= -3344.159012742723 Active= -171.161378819263 G=     2.91e-05
 ooCMF Iter:   59 Total= -3344.159012742869 Active= -171.161378819409 G=     3.16e-05
 ooCMF Iter:   60 Total= -3344.159012742950 Active= -171.161378819490 G=     2.64e-05
 ooCMF Iter:   61 Total= -3344.159012743019 Active= -171.161378819559 G=     2.01e-05
 ooCMF Iter:   62 Total= -3344.159012743054 Active= -171.161378819594 G=     1.13e-05
 ooCMF Iter:   63 Total= -3344.159012743063 Active= -171.161378819603 G=     8.48e-06
 ooCMF Iter:   64 Total= -3344.159012743069 Active= -171.161378819609 G=     6.09e-06
 ooCMF Iter:   65 Total= -3344.159012743077 Active= -171.161378819617 G=     6.19e-06
 ooCMF Iter:   66 Total= -3344.159012743083 Active= -171.161378819623 G=     8.04e-06
 ooCMF Iter:   67 Total= -3344.159012743095 Active= -171.161378819635 G=     1.08e-05
 ooCMF Iter:   68 Total= -3344.159012743109 Active= -171.161378819649 G=     1.10e-05
 ooCMF Iter:   69 Total= -3344.159012743118 Active= -171.161378819658 G=     9.98e-06
 ooCMF Iter:   70 Total= -3344.159012743126 Active= -171.161378819666 G=     8.57e-06
 ooCMF Iter:   71 Total= -3344.159012743133 Active= -171.161378819673 G=     6.06e-06
 ooCMF Iter:   72 Total= -3344.159012743141 Active= -171.161378819681 G=     6.96e-06
 ooCMF Iter:   73 Total= -3344.159012743148 Active= -171.161378819688 G=     8.45e-06
 ooCMF Iter:   74 Total= -3344.159012743159 Active= -171.161378819699 G=     1.17e-05
 ooCMF Iter:   75 Total= -3344.159012743173 Active= -171.161378819713 G=     1.25e-05
 ooCMF Iter:   76 Total= -3344.159012743191 Active= -171.161378819731 G=     1.11e-05
 ooCMF Iter:   77 Total= -3344.159012743203 Active= -171.161378819743 G=     7.94e-06
 ooCMF Iter:   78 Total= -3344.159012743208 Active= -171.161378819748 G=     4.94e-06
 ooCMF Iter:   79 Total= -3344.159012743210 Active= -171.161378819751 G=     3.18e-06
 ooCMF Iter:   80 Total= -3344.159012743210 Active= -171.161378819750 G=     2.31e-06
 ooCMF Iter:   81 Total= -3344.159012743212 Active= -171.161378819752 G=     1.97e-06
 ooCMF Iter:   82 Total= -3344.159012743214 Active= -171.161378819754 G=     2.48e-06
 ooCMF Iter:   83 Total= -3344.159012743213 Active= -171.161378819753 G=     2.67e-06
 ooCMF Iter:   84 Total= -3344.159012743216 Active= -171.161378819756 G=     2.79e-06
 ooCMF Iter:   85 Total= -3344.159012743217 Active= -171.161378819757 G=     2.49e-06
 ooCMF Iter:   86 Total= -3344.159012743216 Active= -171.161378819756 G=     1.50e-06
 ooCMF Iter:   87 Total= -3344.159012743216 Active= -171.161378819756 G=     1.12e-06
 ooCMF Iter:   88 Total= -3344.159012743217 Active= -171.161378819757 G=     7.35e-07
 ooCMF Iter:   89 Total= -3344.159012743218 Active= -171.161378819758 G=     6.23e-07
 ooCMF Iter:   90 Total= -3344.159012743216 Active= -171.161378819756 G=     6.43e-07
 ooCMF Iter:   91 Total= -3344.159012743216 Active= -171.161378819756 G=     9.25e-07
 ooCMF Iter:   92 Total= -3344.159012743216 Active= -171.161378819756 G=     1.04e-06
 ooCMF Iter:   93 Total= -3344.159012743218 Active= -171.161378819758 G=     1.11e-06
 ooCMF Iter:   94 Total= -3344.159012743218 Active= -171.161378819758 G=     9.16e-07
 ooCMF Iter:   95 Total= -3344.159012743218 Active= -171.161378819758 G=     8.01e-07
 * Status: success

 * Candidate solution
    Final objective value:     -3.344159e+03

 * Found with
    Algorithm:     BFGS

 * Convergence measures
    |x - x'|               = 5.86e-07 ≰ 0.0e+00
    |x - x'|/|x'|          = 3.46e-06 ≰ 0.0e+00
    |f(x) - f(x')|         = 0.00e+00 ≤ 0.0e+00
    |f(x) - f(x')|/|f(x')| = 0.00e+00 ≤ 0.0e+00
    |g(x)|                 = 1.91e-07 ≰ 1.0e-08

 * Work counters
    Seconds run:   721  (vs limit Inf)
    Iterations:    94
    f(x) calls:    189
    ∇f(x) calls:   189

*ooCMF -3344.15901274 
733.445511 seconds (18.20 M allocations: 63.622 GiB, 0.48% gc time, 0.00% compilation time)

ooCMF Iter:    1 Total= -3344.135698894625 Active= -171.138064971165 G=     8.80e-02
 ooCMF Iter:    2 Total= -3344.136651830124 Active= -171.139017906664 G=     7.95e-02
 ooCMF Iter:    3 Total= -3344.139342162681 Active= -171.141708239221 G=     1.23e-01
 ooCMF Iter:    4 Total= -3344.143690045887 Active= -171.146056122427 G=     1.65e-01
 ooCMF Iter:    5 Total= -3344.148632495504 Active= -171.150998572044 G=     1.65e-01
 ooCMF Iter:    6 Total= -3344.153964921737 Active= -171.156330998277 G=     1.27e-01
 ooCMF Iter:    7 Total= -3344.156908905096 Active= -171.159274981636 G=     1.01e-01
 ooCMF Iter:    8 Total= -3344.158019627272 Active= -171.160385703812 G=     4.38e-02
 ooCMF Iter:    9 Total= -3344.158234937150 Active= -171.160601013690 G=     2.64e-02
 ooCMF Iter:   10 Total= -3344.158353511222 Active= -171.160719587762 G=     2.25e-02
 ooCMF Iter:   11 Total= -3344.158437947105 Active= -171.160804023645 G=     1.79e-02
 ooCMF Iter:   12 Total= -3344.158501389907 Active= -171.160867466447 G=     1.77e-02
 ooCMF Iter:   13 Total= -3344.158566149860 Active= -171.160932226400 G=     2.01e-02
 ooCMF Iter:   14 Total= -3344.158685351651 Active= -171.161051428191 G=     2.43e-02
 ooCMF Iter:   15 Total= -3344.158814539105 Active= -171.161180615645 G=     2.70e-02
 ooCMF Iter:   16 Total= -3344.158923630048 Active= -171.161289706588 G=     1.53e-02
 ooCMF Iter:   17 Total= -3344.158951125332 Active= -171.161317201872 G=     9.29e-03
 ooCMF Iter:   18 Total= -3344.158964069192 Active= -171.161330145732 G=     7.05e-03
 ooCMF Iter:   19 Total= -3344.158971796416 Active= -171.161337872956 G=     5.33e-03
 ooCMF Iter:   20 Total= -3344.158976591272 Active= -171.161342667812 G=     5.08e-03
 ooCMF Iter:   21 Total= -3344.158982031328 Active= -171.161348107868 G=     5.12e-03
 ooCMF Iter:   22 Total= -3344.158987229880 Active= -171.161353306421 G=     5.78e-03
 ooCMF Iter:   23 Total= -3344.158995167912 Active= -171.161361244452 G=     6.49e-03
 ooCMF Iter:   24 Total= -3344.159002685032 Active= -171.161368761572 G=     5.88e-03
 ooCMF Iter:   25 Total= -3344.159006623008 Active= -171.161372699548 G=     3.21e-03
 ooCMF Iter:   26 Total= -3344.159007878913 Active= -171.161373955453 G=     2.35e-03
 ooCMF Iter:   27 Total= -3344.159008629209 Active= -171.161374705749 G=     1.77e-03
 ooCMF Iter:   28 Total= -3344.159009025813 Active= -171.161375102353 G=     1.27e-03
 ooCMF Iter:   29 Total= -3344.159009236568 Active= -171.161375313108 G=     1.00e-03
 ooCMF Iter:   30 Total= -3344.159009398651 Active= -171.161375475191 G=     1.03e-03
 ooCMF Iter:   31 Total= -3344.159009611978 Active= -171.161375688519 G=     1.26e-03
 ooCMF Iter:   32 Total= -3344.159009941625 Active= -171.161376018165 G=     1.58e-03
 ooCMF Iter:   33 Total= -3344.159010454610 Active= -171.161376531150 G=     1.86e-03
 ooCMF Iter:   34 Total= -3344.159010971235 Active= -171.161377047775 G=     1.59e-03
 ooCMF Iter:   35 Total= -3344.159011307151 Active= -171.161377383691 G=     1.20e-03
 ooCMF Iter:   36 Total= -3344.159011469741 Active= -171.161377546282 G=     8.42e-04
 ooCMF Iter:   37 Total= -3344.159011556105 Active= -171.161377632645 G=     6.35e-04
 ooCMF Iter:   38 Total= -3344.159011600017 Active= -171.161377676557 G=     4.36e-04
 ooCMF Iter:   39 Total= -3344.159011623203 Active= -171.161377699743 G=     3.71e-04
 ooCMF Iter:   40 Total= -3344.159011642223 Active= -171.161377718763 G=     3.54e-04
 ooCMF Iter:   41 Total= -3344.159011660773 Active= -171.161377737313 G=     3.67e-04
 ooCMF Iter:   42 Total= -3344.159011684602 Active= -171.161377761142 G=     4.62e-04
 ooCMF Iter:   43 Total= -3344.159011722799 Active= -171.161377799339 G=     5.73e-04
 ooCMF Iter:   44 Total= -3344.159011776640 Active= -171.161377853180 G=     6.48e-04
 ooCMF Iter:   45 Total= -3344.159011843433 Active= -171.161377919973 G=     7.28e-04
 ooCMF Iter:   46 Total= -3344.159011918356 Active= -171.161377994896 G=     7.20e-04
 ooCMF Iter:   47 Total= -3344.159011981288 Active= -171.161378057828 G=     6.24e-04
 ooCMF Iter:   48 Total= -3344.159012026650 Active= -171.161378103190 G=     5.48e-04
 ooCMF Iter:   49 Total= -3344.159012060135 Active= -171.161378136675 G=     4.57e-04
 ooCMF Iter:   50 Total= -3344.159012082272 Active= -171.161378158812 G=     3.64e-04
 ooCMF Iter:   51 Total= -3344.159012096535 Active= -171.161378173075 G=     3.15e-04
 ooCMF Iter:   52 Total= -3344.159012107847 Active= -171.161378184387 G=     2.90e-04
 ooCMF Iter:   53 Total= -3344.159012117928 Active= -171.161378194468 G=     2.69e-04
 ooCMF Iter:   54 Total= -3344.159012127308 Active= -171.161378203848 G=     2.73e-04
 ooCMF Iter:   55 Total= -3344.159012137848 Active= -171.161378214388 G=     3.13e-04
 ooCMF Iter:   56 Total= -3344.159012152290 Active= -171.161378228830 G=     3.67e-04
 ooCMF Iter:   57 Total= -3344.159012171904 Active= -171.161378248444 G=     4.13e-04
 ooCMF Iter:   58 Total= -3344.159012196070 Active= -171.161378272610 G=     4.58e-04
 ooCMF Iter:   59 Total= -3344.159012224628 Active= -171.161378301168 G=     5.05e-04
 ooCMF Iter:   60 Total= -3344.159012256951 Active= -171.161378333491 G=     5.15e-04
 ooCMF Iter:   61 Total= -3344.159012287994 Active= -171.161378364534 G=     4.75e-04
 ooCMF Iter:   62 Total= -3344.159012312832 Active= -171.161378389372 G=     4.27e-04
 ooCMF Iter:   63 Total= -3344.159012332015 Active= -171.161378408555 G=     3.86e-04
 ooCMF Iter:   64 Total= -3344.159012347000 Active= -171.161378423540 G=     3.34e-04
 ooCMF Iter:   65 Total= -3344.159012358046 Active= -171.161378434586 G=     2.72e-04
 ooCMF Iter:   66 Total= -3344.159012365450 Active= -171.161378441990 G=     2.27e-04
 ooCMF Iter:   67 Total= -3344.159012370877 Active= -171.161378447417 G=     2.06e-04
 ooCMF Iter:   68 Total= -3344.159012375745 Active= -171.161378452285 G=     1.98e-04
 ooCMF Iter:   69 Total= -3344.159012380718 Active= -171.161378457258 G=     2.00e-04
 ooCMF Iter:   70 Total= -3344.159012386291 Active= -171.161378462831 G=     2.19e-04
 ooCMF Iter:   71 Total= -3344.159012393363 Active= -171.161378469903 G=     2.60e-04
 ooCMF Iter:   72 Total= -3344.159012403808 Active= -171.161378480348 G=     3.17e-04
 ooCMF Iter:   73 Total= -3344.159012419146 Active= -171.161378495686 G=     3.65e-04
 ooCMF Iter:   74 Total= -3344.159012438574 Active= -171.161378515114 G=     3.95e-04
 ooCMF Iter:   75 Total= -3344.159012460249 Active= -171.161378536789 G=     4.24e-04
 ooCMF Iter:   76 Total= -3344.159012483714 Active= -171.161378560254 G=     4.35e-04
 ooCMF Iter:   77 Total= -3344.159012506525 Active= -171.161378583065 G=     4.01e-04
 ooCMF Iter:   78 Total= -3344.159012524271 Active= -171.161378600811 G=     3.47e-04
 ooCMF Iter:   79 Total= -3344.159012536824 Active= -171.161378613364 G=     3.05e-04
 ooCMF Iter:   80 Total= -3344.159012546097 Active= -171.161378622637 G=     2.59e-04
 ooCMF Iter:   81 Total= -3344.159012552550 Active= -171.161378629090 G=     2.04e-04
 ooCMF Iter:   82 Total= -3344.159012556526 Active= -171.161378633066 G=     1.60e-04
 ooCMF Iter:   83 Total= -3344.159012559096 Active= -171.161378635636 G=     1.39e-04
 ooCMF Iter:   84 Total= -3344.159012561188 Active= -171.161378637728 G=     1.31e-04
 ooCMF Iter:   85 Total= -3344.159012563258 Active= -171.161378639798 G=     1.30e-04
 ooCMF Iter:   86 Total= -3344.159012565513 Active= -171.161378642053 G=     1.38e-04
 ooCMF Iter:   87 Total= -3344.159012568238 Active= -171.161378644778 G=     1.61e-04
 ooCMF Iter:   88 Total= -3344.159012572163 Active= -171.161378648703 G=     1.95e-04
 ooCMF Iter:   89 Total= -3344.159012577941 Active= -171.161378654481 G=     2.28e-04
 ooCMF Iter:   90 Total= -3344.159012585468 Active= -171.161378662008 G=     2.50e-04
 ooCMF Iter:   91 Total= -3344.159012594232 Active= -171.161378670772 G=     2.74e-04
 ooCMF Iter:   92 Total= -3344.159012604101 Active= -171.161378680642 G=     2.93e-04
 ooCMF Iter:   93 Total= -3344.159012614728 Active= -171.161378691268 G=     2.87e-04
 ooCMF Iter:   94 Total= -3344.159012624227 Active= -171.161378700767 G=     2.61e-04
 ooCMF Iter:   95 Total= -3344.159012631721 Active= -171.161378708261 G=     2.39e-04
 ooCMF Iter:   96 Total= -3344.159012637735 Active= -171.161378714275 G=     2.17e-04
 ooCMF Iter:   97 Total= -3344.159012642498 Active= -171.161378719038 G=     1.82e-04
 ooCMF Iter:   98 Total= -3344.159012645740 Active= -171.161378722280 G=     1.45e-04
 ooCMF Iter:   99 Total= -3344.159012647767 Active= -171.161378724307 G=     1.20e-04
 ooCMF Iter:  100 Total= -3344.159012649234 Active= -171.161378725774 G=     1.06e-04
 ooCMF Iter:  101 Total= -3344.159012650466 Active= -171.161378727006 G=     9.68e-05
 ooCMF Iter:  102 Total= -3344.159012651503 Active= -171.161378728043 G=     9.04e-05
 ooCMF Iter:  103 Total= -3344.159012652604 Active= -171.161378729144 G=     9.61e-05
 ooCMF Iter:  104 Total= -3344.159012653813 Active= -171.161378730353 G=     1.10e-04
 ooCMF Iter:  105 Total= -3344.159012655567 Active= -171.161378732108 G=     1.28e-04
 ooCMF Iter:  106 Total= -3344.159012657871 Active= -171.161378734411 G=     1.42e-04
 ooCMF Iter:  107 Total= -3344.159012660747 Active= -171.161378737287 G=     1.56e-04
 ooCMF Iter:  108 Total= -3344.159012664169 Active= -171.161378740709 G=     1.76e-04
 ooCMF Iter:  109 Total= -3344.159012668300 Active= -171.161378744840 G=     1.92e-04
 ooCMF Iter:  110 Total= -3344.159012672965 Active= -171.161378749505 G=     1.92e-04
 ooCMF Iter:  111 Total= -3344.159012677419 Active= -171.161378753959 G=     1.83e-04
 ooCMF Iter:  112 Total= -3344.159012681224 Active= -171.161378757764 G=     1.76e-04
 ooCMF Iter:  113 Total= -3344.159012684576 Active= -171.161378761116 G=     1.65e-04
 ooCMF Iter:  114 Total= -3344.159012687317 Active= -171.161378763857 G=     1.42e-04
 ooCMF Iter:  115 Total= -3344.159012689295 Active= -171.161378765835 G=     1.14e-04
 ooCMF Iter:  116 Total= -3344.159012690631 Active= -171.161378767171 G=     9.52e-05
 ooCMF Iter:  117 Total= -3344.159012691535 Active= -171.161378768075 G=     8.48e-05
 ooCMF Iter:  118 Total= -3344.159012692292 Active= -171.161378768832 G=     7.62e-05
 ooCMF Iter:  119 Total= -3344.159012692919 Active= -171.161378769459 G=     6.92e-05
 ooCMF Iter:  120 Total= -3344.159012693442 Active= -171.161378769983 G=     6.70e-05
 ooCMF Iter:  121 Total= -3344.159012694010 Active= -171.161378770550 G=     7.16e-05
 ooCMF Iter:  122 Total= -3344.159012694697 Active= -171.161378771237 G=     8.09e-05
 ooCMF Iter:  123 Total= -3344.159012695619 Active= -171.161378772159 G=     9.13e-05
 ooCMF Iter:  124 Total= -3344.159012696784 Active= -171.161378773324 G=     1.01e-04
 ooCMF Iter:  125 Total= -3344.159012698288 Active= -171.161378774828 G=     1.16e-04
 ooCMF Iter:  126 Total= -3344.159012700187 Active= -171.161378776727 G=     1.33e-04
 ooCMF Iter:  127 Total= -3344.159012702637 Active= -171.161378779177 G=     1.45e-04
 ooCMF Iter:  128 Total= -3344.159012705469 Active= -171.161378782009 G=     1.47e-04
 ooCMF Iter:  129 Total= -3344.159012708155 Active= -171.161378784695 G=     1.44e-04
 ooCMF Iter:  130 Total= -3344.159012710586 Active= -171.161378787126 G=     1.40e-04
 ooCMF Iter:  131 Total= -3344.159012712703 Active= -171.161378789243 G=     1.27e-04
 ooCMF Iter:  132 Total= -3344.159012714312 Active= -171.161378790852 G=     1.05e-04
 ooCMF Iter:  133 Total= -3344.159012715324 Active= -171.161378791864 G=     8.38e-05
 ooCMF Iter:  134 Total= -3344.159012715923 Active= -171.161378792463 G=     6.86e-05
 ooCMF Iter:  135 Total= -3344.159012716326 Active= -171.161378792866 G=     5.59e-05
 ooCMF Iter:  136 Total= -3344.159012716548 Active= -171.161378793088 G=     4.63e-05
 ooCMF Iter:  137 Total= -3344.159012716786 Active= -171.161378793326 G=     3.72e-05
 ooCMF Iter:  138 Total= -3344.159012716862 Active= -171.161378793402 G=     3.56e-05
 ooCMF Iter:  139 Total= -3344.159012716974 Active= -171.161378793514 G=     3.44e-05
 ooCMF Iter:  140 Total= -3344.159012717049 Active= -171.161378793589 G=     3.45e-05
 ooCMF Iter:  141 Total= -3344.159012717480 Active= -171.161378794020 G=     8.38e-05
 ooCMF Iter:  142 Total= -3344.159012719099 Active= -171.161378795639 G=     8.85e-05
 ooCMF Iter:  143 Total= -3344.159012721480 Active= -171.161378798020 G=     1.47e-04
 ooCMF Iter:  144 Total= -3344.159012724574 Active= -171.161378801115 G=     1.49e-04
 ooCMF Iter:  145 Total= -3344.159012727762 Active= -171.161378804302 G=     1.23e-04
 ooCMF Iter:  146 Total= -3344.159012729471 Active= -171.161378806011 G=     1.06e-04
 ooCMF Iter:  147 Total= -3344.159012730669 Active= -171.161378807210 G=     9.62e-05
 ooCMF Iter:  148 Total= -3344.159012731700 Active= -171.161378808240 G=     8.55e-05
 ooCMF Iter:  149 Total= -3344.159012732528 Active= -171.161378809068 G=     7.37e-05
 ooCMF Iter:  150 Total= -3344.159012733123 Active= -171.161378809663 G=     6.39e-05
 ooCMF Iter:  151 Total= -3344.159012733527 Active= -171.161378810067 G=     5.49e-05
 ooCMF Iter:  152 Total= -3344.159012733855 Active= -171.161378810395 G=     4.40e-05
 ooCMF Iter:  153 Total= -3344.159012734061 Active= -171.161378810601 G=     3.55e-05
 ooCMF Iter:  154 Total= -3344.159012734204 Active= -171.161378810744 G=     3.14e-05
 ooCMF Iter:  155 Total= -3344.159012734401 Active= -171.161378810941 G=     5.11e-05
 ooCMF Iter:  156 Total= -3344.159012734721 Active= -171.161378811261 G=     4.27e-05
 ooCMF Iter:  157 Total= -3344.159012735007 Active= -171.161378811547 G=     4.12e-05
 ooCMF Iter:  158 Total= -3344.159012735226 Active= -171.161378811766 G=     4.32e-05
 ooCMF Iter:  159 Total= -3344.159012735473 Active= -171.161378812013 G=     4.46e-05
 ooCMF Iter:  160 Total= -3344.159012735758 Active= -171.161378812298 G=     4.70e-05
 ooCMF Iter:  161 Total= -3344.159012736005 Active= -171.161378812545 G=     4.66e-05
 ooCMF Iter:  162 Total= -3344.159012736270 Active= -171.161378812810 G=     4.37e-05
 ooCMF Iter:  163 Total= -3344.159012736415 Active= -171.161378812955 G=     3.82e-05
 ooCMF Iter:  164 Total= -3344.159012736548 Active= -171.161378813088 G=     2.92e-05
 ooCMF Iter:  165 Total= -3344.159012736691 Active= -171.161378813231 G=     3.47e-05
 ooCMF Iter:  166 Total= -3344.159012736783 Active= -171.161378813323 G=     3.08e-05
 ooCMF Iter:  167 Total= -3344.159012736932 Active= -171.161378813472 G=     2.58e-05
 ooCMF Iter:  168 Total= -3344.159012737044 Active= -171.161378813584 G=     4.78e-05
 ooCMF Iter:  169 Total= -3344.159012737387 Active= -171.161378813928 G=     3.82e-05
 ooCMF Iter:  170 Total= -3344.159012737637 Active= -171.161378814177 G=     4.56e-05
 ooCMF Iter:  171 Total= -3344.159012737817 Active= -171.161378814357 G=     4.35e-05
 ooCMF Iter:  172 Total= -3344.159012738117 Active= -171.161378814657 G=     4.77e-05
 ooCMF Iter:  173 Total= -3344.159012738336 Active= -171.161378814876 G=     4.56e-05
 ooCMF Iter:  174 Total= -3344.159012738568 Active= -171.161378815108 G=     3.99e-05
 ooCMF Iter:  175 Total= -3344.159012738703 Active= -171.161378815243 G=     3.52e-05
 ooCMF Iter:  176 Total= -3344.159012738851 Active= -171.161378815391 G=     3.05e-05
 ooCMF Iter:  177 Total= -3344.159012738958 Active= -171.161378815498 G=     2.82e-05
 ooCMF Iter:  178 Total= -3344.159012739050 Active= -171.161378815591 G=     2.68e-05
 ooCMF Iter:  179 Total= -3344.159012739140 Active= -171.161378815680 G=     2.75e-05
 ooCMF Iter:  180 Total= -3344.159012739241 Active= -171.161378815781 G=     3.05e-05
 ooCMF Iter:  181 Total= -3344.159012739332 Active= -171.161378815872 G=     2.90e-05
 ooCMF Iter:  182 Total= -3344.159012739381 Active= -171.161378815921 G=     2.61e-05
 ooCMF Iter:  183 Total= -3344.159012739492 Active= -171.161378816032 G=     3.39e-05
 ooCMF Iter:  184 Total= -3344.159012739687 Active= -171.161378816227 G=     4.63e-05
 ooCMF Iter:  185 Total= -3344.159012739961 Active= -171.161378816501 G=     4.38e-05
 ooCMF Iter:  186 Total= -3344.159012740173 Active= -171.161378816713 G=     4.13e-05
 ooCMF Iter:  187 Total= -3344.159012740314 Active= -171.161378816854 G=     3.32e-05
 ooCMF Iter:  188 Total= -3344.159012740409 Active= -171.161378816949 G=     2.42e-05
 ooCMF Iter:  189 Total= -3344.159012740451 Active= -171.161378816991 G=     1.86e-05
 ooCMF Iter:  190 Total= -3344.159012740459 Active= -171.161378816999 G=     1.68e-05
 ooCMF Iter:  191 Total= -3344.159012740496 Active= -171.161378817036 G=     1.41e-05
 ooCMF Iter:  192 Total= -3344.159012740547 Active= -171.161378817087 G=     2.59e-05
 ooCMF Iter:  193 Total= -3344.159012740725 Active= -171.161378817265 G=     3.45e-05
 ooCMF Iter:  194 Total= -3344.159012740962 Active= -171.161378817502 G=     5.15e-05
 ooCMF Iter:  195 Total= -3344.159012741311 Active= -171.161378817851 G=     5.28e-05
 ooCMF Iter:  196 Total= -3344.159012741673 Active= -171.161378818214 G=     4.80e-05
 ooCMF Iter:  197 Total= -3344.159012741876 Active= -171.161378818416 G=     3.77e-05
 ooCMF Iter:  198 Total= -3344.159012741973 Active= -171.161378818513 G=     2.84e-05
 ooCMF Iter:  199 Total= -3344.159012742000 Active= -171.161378818540 G=     2.41e-05
 ooCMF Iter:  200 Total= -3344.159012742060 Active= -171.161378818600 G=     1.41e-05
 ooCMF Iter:  201 Total= -3344.159012742085 Active= -171.161378818625 G=     1.52e-05
 ooCMF Iter:  202 Total= -3344.159012742110 Active= -171.161378818651 G=     1.25e-05
 ooCMF Iter:  203 Total= -3344.159012742136 Active= -171.161378818676 G=     1.47e-05
 ooCMF Iter:  204 Total= -3344.159012742165 Active= -171.161378818706 G=     1.74e-05
 ooCMF Iter:  205 Total= -3344.159012742202 Active= -171.161378818742 G=     1.50e-05
 ooCMF Iter:  206 Total= -3344.159012742222 Active= -171.161378818762 G=     1.32e-05
 ooCMF Iter:  207 Total= -3344.159012742247 Active= -171.161378818787 G=     1.79e-05
 ooCMF Iter:  208 Total= -3344.159012742302 Active= -171.161378818842 G=     2.16e-05
 ooCMF Iter:  209 Total= -3344.159012742361 Active= -171.161378818901 G=     2.36e-05
 ooCMF Iter:  210 Total= -3344.159012742427 Active= -171.161378818967 G=     3.07e-05
 ooCMF Iter:  211 Total= -3344.159012742506 Active= -171.161378819046 G=     1.92e-05
 ooCMF Iter:  212 Total= -3344.159012742528 Active= -171.161378819068 G=     1.42e-05
 ooCMF Iter:  213 Total= -3344.159012742542 Active= -171.161378819082 G=     1.02e-05
 ooCMF Iter:  214 Total= -3344.159012742544 Active= -171.161378819084 G=     8.91e-06
 ooCMF Iter:  215 Total= -3344.159012742556 Active= -171.161378819096 G=     7.84e-06
 ooCMF Iter:  216 Total= -3344.159012742577 Active= -171.161378819118 G=     1.24e-05
 ooCMF Iter:  217 Total= -3344.159012742597 Active= -171.161378819137 G=     1.07e-05
 ooCMF Iter:  218 Total= -3344.159012742602 Active= -171.161378819142 G=     9.26e-06
 ooCMF Iter:  219 Total= -3344.159012742619 Active= -171.161378819159 G=     1.13e-05
 ooCMF Iter:  220 Total= -3344.159012742674 Active= -171.161378819214 G=     2.05e-05
 ooCMF Iter:  221 Total= -3344.159012742720 Active= -171.161378819260 G=     1.25e-05
 ooCMF Iter:  222 Total= -3344.159012742733 Active= -171.161378819273 G=     9.58e-06
 ooCMF Iter:  223 Total= -3344.159012742748 Active= -171.161378819288 G=     1.35e-05
 ooCMF Iter:  224 Total= -3344.159012742790 Active= -171.161378819330 G=     1.83e-05
 ooCMF Iter:  225 Total= -3344.159012742826 Active= -171.161378819366 G=     1.15e-05
 ooCMF Iter:  226 Total= -3344.159012742837 Active= -171.161378819377 G=     9.01e-06
 ooCMF Iter:  227 Total= -3344.159012742854 Active= -171.161378819394 G=     1.16e-05
 ooCMF Iter:  228 Total= -3344.159012742875 Active= -171.161378819415 G=     1.35e-05
 ooCMF Iter:  229 Total= -3344.159012742897 Active= -171.161378819437 G=     1.01e-05
 ooCMF Iter:  230 Total= -3344.159012742900 Active= -171.161378819440 G=     8.43e-06
 ooCMF Iter:  231 Total= -3344.159012742907 Active= -171.161378819447 G=     6.66e-06
 ooCMF Iter:  232 Total= -3344.159012742916 Active= -171.161378819456 G=     8.74e-06
 ooCMF Iter:  233 Total= -3344.159012742926 Active= -171.161378819466 G=     1.01e-05
 ooCMF Iter:  234 Total= -3344.159012742935 Active= -171.161378819475 G=     7.61e-06
 ooCMF Iter:  235 Total= -3344.159012742943 Active= -171.161378819483 G=     7.56e-06
 ooCMF Iter:  236 Total= -3344.159012742954 Active= -171.161378819494 G=     1.09e-05
 ooCMF Iter:  237 Total= -3344.159012742964 Active= -171.161378819504 G=     8.64e-06
 ooCMF Iter:  238 Total= -3344.159012742966 Active= -171.161378819506 G=     7.25e-06
 ooCMF Iter:  239 Total= -3344.159012742972 Active= -171.161378819512 G=     5.70e-06
 ooCMF Iter:  240 Total= -3344.159012742978 Active= -171.161378819518 G=     7.44e-06
 ooCMF Iter:  241 Total= -3344.159012742987 Active= -171.161378819527 G=     9.85e-06
 ooCMF Iter:  242 Total= -3344.159012742997 Active= -171.161378819537 G=     8.16e-06
 ooCMF Iter:  243 Total= -3344.159012742996 Active= -171.161378819536 G=     7.41e-06
 ooCMF Iter:  244 Total= -3344.159012743005 Active= -171.161378819545 G=     6.78e-06
 ooCMF Iter:  245 Total= -3344.159012743013 Active= -171.161378819553 G=     8.47e-06
 ooCMF Iter:  246 Total= -3344.159012743019 Active= -171.161378819559 G=     6.76e-06
 ooCMF Iter:  247 Total= -3344.159012743022 Active= -171.161378819562 G=     7.00e-06
 ooCMF Iter:  248 Total= -3344.159012743029 Active= -171.161378819569 G=     8.44e-06
 ooCMF Iter:  249 Total= -3344.159012743040 Active= -171.161378819580 G=     9.62e-06
 ooCMF Iter:  250 Total= -3344.159012743042 Active= -171.161378819582 G=     8.05e-06
 ooCMF Iter:  251 Total= -3344.159012743050 Active= -171.161378819590 G=     5.76e-06
 ooCMF Iter:  252 Total= -3344.159012743055 Active= -171.161378819595 G=     6.91e-06
 ooCMF Iter:  253 Total= -3344.159012743062 Active= -171.161378819602 G=     7.20e-06
 ooCMF Iter:  254 Total= -3344.159012743062 Active= -171.161378819602 G=     6.43e-06
 ooCMF Iter:  255 Total= -3344.159012743070 Active= -171.161378819610 G=     5.23e-06
 ooCMF Iter:  256 Total= -3344.159012743071 Active= -171.161378819611 G=     6.03e-06
 ooCMF Iter:  257 Total= -3344.159012743073 Active= -171.161378819613 G=     5.10e-06
 ooCMF Iter:  258 Total= -3344.159012743078 Active= -171.161378819618 G=     9.33e-06
 ooCMF Iter:  259 Total= -3344.159012743086 Active= -171.161378819626 G=     4.80e-06
 ooCMF Iter:  260 Total= -3344.159012743086 Active= -171.161378819626 G=     4.38e-06
 ooCMF Iter:  261 Total= -3344.159012743088 Active= -171.161378819628 G=     3.50e-06
 ooCMF Iter:  262 Total= -3344.159012743091 Active= -171.161378819631 G=     4.85e-06
 ooCMF Iter:  263 Total= -3344.159012743091 Active= -171.161378819631 G=     4.53e-06
 ooCMF Iter:  264 Total= -3344.159012743093 Active= -171.161378819633 G=     5.85e-06
 ooCMF Iter:  265 Total= -3344.159012743100 Active= -171.161378819641 G=     8.78e-06
 ooCMF Iter:  266 Total= -3344.159012743111 Active= -171.161378819651 G=     7.90e-06
 ooCMF Iter:  267 Total= -3344.159012743117 Active= -171.161378819657 G=     7.00e-06
 ooCMF Iter:  268 Total= -3344.159012743122 Active= -171.161378819662 G=     7.84e-06
 ooCMF Iter:  269 Total= -3344.159012743130 Active= -171.161378819670 G=     8.67e-06
 ooCMF Iter:  270 Total= -3344.159012743140 Active= -171.161378819680 G=     8.33e-06
 ooCMF Iter:  271 Total= -3344.159012743141 Active= -171.161378819681 G=     7.05e-06
 ooCMF Iter:  272 Total= -3344.159012743144 Active= -171.161378819684 G=     3.96e-06
 ooCMF Iter:  273 Total= -3344.159012743146 Active= -171.161378819686 G=     3.22e-06
 ooCMF Iter:  274 Total= -3344.159012743148 Active= -171.161378819688 G=     3.35e-06
 ooCMF Iter:  275 Total= -3344.159012743150 Active= -171.161378819690 G=     3.88e-06
 ooCMF Iter:  276 Total= -3344.159012743150 Active= -171.161378819690 G=     5.01e-06
 ooCMF Iter:  277 Total= -3344.159012743153 Active= -171.161378819693 G=     4.72e-06
 ooCMF Iter:  278 Total= -3344.159012743155 Active= -171.161378819695 G=     4.09e-06
 ooCMF Iter:  279 Total= -3344.159012743158 Active= -171.161378819698 G=     4.64e-06
 ooCMF Iter:  280 Total= -3344.159012743160 Active= -171.161378819700 G=     5.11e-06
 ooCMF Iter:  281 Total= -3344.159012743161 Active= -171.161378819701 G=     5.44e-06
 ooCMF Iter:  282 Total= -3344.159012743166 Active= -171.161378819706 G=     5.35e-06
 ooCMF Iter:  283 Total= -3344.159012743171 Active= -171.161378819711 G=     4.89e-06
 ooCMF Iter:  284 Total= -3344.159012743172 Active= -171.161378819712 G=     4.33e-06
 ooCMF Iter:  285 Total= -3344.159012743176 Active= -171.161378819716 G=     3.64e-06
 ooCMF Iter:  286 Total= -3344.159012743175 Active= -171.161378819716 G=     3.26e-06
 ooCMF Iter:  287 Total= -3344.159012743174 Active= -171.161378819714 G=     2.98e-06
 ooCMF Iter:  288 Total= -3344.159012743175 Active= -171.161378819716 G=     1.85e-06
 ooCMF Iter:  289 Total= -3344.159012743178 Active= -171.161378819718 G=     2.41e-06
 ooCMF Iter:  290 Total= -3344.159012743178 Active= -171.161378819718 G=     3.92e-06
 ooCMF Iter:  291 Total= -3344.159012743180 Active= -171.161378819721 G=     6.14e-06
 ooCMF Iter:  292 Total= -3344.159012743186 Active= -171.161378819726 G=     7.67e-06
 ooCMF Iter:  293 Total= -3344.159012743190 Active= -171.161378819731 G=     5.99e-06
 ooCMF Iter:  294 Total= -3344.159012743191 Active= -171.161378819731 G=     5.28e-06
 ooCMF Iter:  295 Total= -3344.159012743196 Active= -171.161378819736 G=     2.14e-06
 ooCMF Iter:  296 Total= -3344.159012743195 Active= -171.161378819735 G=     2.15e-06
 ooCMF Iter:  297 Total= -3344.159012743195 Active= -171.161378819736 G=     2.21e-06
 ooCMF Iter:  298 Total= -3344.159012743196 Active= -171.161378819736 G=     2.61e-06
 ooCMF Iter:  299 Total= -3344.159012743196 Active= -171.161378819736 G=     2.86e-06
 ooCMF Iter:  300 Total= -3344.159012743197 Active= -171.161378819737 G=     3.24e-06
 ooCMF Iter:  301 Total= -3344.159012743199 Active= -171.161378819739 G=     2.48e-06
 * Status: failure (reached maximum number of iterations)

 * Candidate solution
    Final objective value:     -3.344159e+03

 * Found with
    Algorithm:     Conjugate Gradient

 * Convergence measures
    |x - x'|               = 4.02e-07 ≰ 0.0e+00
    |x - x'|/|x'|          = 2.37e-06 ≰ 0.0e+00
    |f(x) - f(x')|         = 1.82e-12 ≰ 0.0e+00
    |f(x) - f(x')|/|f(x')| = 5.44e-16 ≰ 0.0e+00
    |g(x)|                 = 6.02e-07 ≰ 1.0e-08

 * Work counters
    Seconds run:   1928  (vs limit Inf)
    Iterations:    300
    f(x) calls:    731
    ∇f(x) calls:   438

*ooCMF -3344.15901274 
1935.326531 seconds (48.67 M allocations: 173.344 GiB, 0.50% gc time)

Step:    1 E: -3344.135698894625 G: 8.8e-02
 Step:    2 E: -3344.136618439111 G: 6.7e-02
 Step:    3 E: -3344.137267959483 G: 5.9e-02
 Step:    4 E: -3344.137841286998 G: 5.5e-02
 Step:    5 E: -3344.138376540751 G: 5.2e-02
 Step:    6 E: -3344.138888054023 G: 5.1e-02
 Step:    7 E: -3344.139382475547 G: 5.0e-02
 Step:    8 E: -3344.139863154935 G: 4.9e-02
 Step:    9 E: -3344.140331922621 G: 4.8e-02
 Step:   10 E: -3344.140789814864 G: 4.8e-02
 Step:   11 E: -3344.141237471026 G: 4.7e-02
 Step:   12 E: -3344.141675301360 G: 4.7e-02
 Step:   13 E: -3344.142103600827 G: 4.6e-02
 Step:   14 E: -3344.142522590671 G: 4.6e-02
 Step:   15 E: -3344.142932457334 G: 4.5e-02
 Step:   16 E: -3344.143333361548 G: 4.4e-02
 Step:   17 E: -3344.143725454088 G: 4.4e-02
 Step:   18 E: -3344.144108876120 G: 4.3e-02
 Step:   19 E: -3344.144483766746 G: 4.3e-02
 Step:   20 E: -3344.144850261218 G: 4.2e-02
 Step:   21 E: -3344.145208495088 G: 4.2e-02
 Step:   22 E: -3344.145558602194 G: 4.2e-02
 Step:   23 E: -3344.145900717182 G: 4.1e-02
 Step:   24 E: -3344.146234973760 G: 4.1e-02
 Step:   25 E: -3344.146561506355 G: 4.0e-02
 Step:   26 E: -3344.146880448684 G: 4.0e-02
 Step:   27 E: -3344.147191934909 G: 3.9e-02
 Step:   28 E: -3344.147496098500 G: 3.9e-02
 Step:   29 E: -3344.147793073043 G: 3.8e-02
 Step:   30 E: -3344.148082991361 G: 3.8e-02
 Step:   31 E: -3344.148365986087 G: 3.7e-02
 Step:   32 E: -3344.148642188969 G: 3.7e-02
 Step:   33 E: -3344.148911731294 G: 3.6e-02
 Step:   34 E: -3344.149174743327 G: 3.6e-02
 Step:   35 E: -3344.149431354627 G: 3.5e-02
 Step:   36 E: -3344.149681693615 G: 3.5e-02
 Step:   37 E: -3344.149925887775 G: 3.5e-02
 Step:   38 E: -3344.150164063338 G: 3.4e-02
 Step:   39 E: -3344.150396345424 G: 3.4e-02
 Step:   40 E: -3344.150622857770 G: 3.3e-02
 Step:   41 E: -3344.150843722861 G: 3.3e-02
 Step:   42 E: -3344.151059061694 G: 3.3e-02
 Step:   43 E: -3344.151268993886 G: 3.2e-02
 Step:   44 E: -3344.151473637489 G: 3.2e-02
 Step:   45 E: -3344.151673109046 G: 3.1e-02
 Step:   46 E: -3344.151867523482 G: 3.1e-02
 Step:   47 E: -3344.152056994122 G: 3.0e-02
 Step:   48 E: -3344.152241632617 G: 3.0e-02
 Step:   49 E: -3344.152421548943 G: 3.0e-02
 Step:   50 E: -3344.152596851362 G: 2.9e-02
 Step:   51 E: -3344.152767646425 G: 2.9e-02
 Step:   52 E: -3344.152934038911 G: 2.9e-02
 Step:   53 E: -3344.153096131864 G: 2.8e-02
 Step:   54 E: -3344.153254026543 G: 2.8e-02
 Step:   55 E: -3344.153407822442 G: 2.7e-02
 Step:   56 E: -3344.153557617259 G: 2.7e-02
 Step:   57 E: -3344.153703506919 G: 2.7e-02
 Step:   58 E: -3344.153845585553 G: 2.6e-02
 Step:   59 E: -3344.153983945516 G: 2.6e-02
 Step:   60 E: -3344.154118677377 G: 2.6e-02
 Step:   61 E: -3344.154249869941 G: 2.5e-02
 Step:   62 E: -3344.154377610245 G: 2.5e-02
 Step:   63 E: -3344.154501983578 G: 2.5e-02
 Step:   64 E: -3344.154623073473 G: 2.4e-02
 Step:   65 E: -3344.154740961750 G: 2.4e-02
 Step:   66 E: -3344.154855728505 G: 2.4e-02
 Step:   67 E: -3344.154967452137 G: 2.3e-02
 Step:   68 E: -3344.155076209370 G: 2.3e-02
 Step:   69 E: -3344.155182075262 G: 2.3e-02
 Step:   70 E: -3344.155285123225 G: 2.2e-02
 Step:   71 E: -3344.155385425052 G: 2.2e-02
 Step:   72 E: -3344.155483050930 G: 2.2e-02
 Step:   73 E: -3344.155578069461 G: 2.2e-02
 Step:   74 E: -3344.155670547693 G: 2.1e-02
 Step:   75 E: -3344.155760551143 G: 2.1e-02
 Step:   76 E: -3344.155848143798 G: 2.1e-02
 Step:   77 E: -3344.155933388173 G: 2.0e-02
 Step:   78 E: -3344.156016345304 G: 2.0e-02
 Step:   79 E: -3344.156097074796 G: 2.0e-02
 Step:   80 E: -3344.156175634829 G: 2.0e-02
 Step:   81 E: -3344.156252082200 G: 1.9e-02
 Step:   82 E: -3344.156326472334 G: 1.9e-02
 Step:   83 E: -3344.156398859313 G: 1.9e-02
 Step:   84 E: -3344.156469295904 G: 1.9e-02
 Step:   85 E: -3344.156537833582 G: 1.8e-02
 Step:   86 E: -3344.156604522555 G: 1.8e-02
 Step:   87 E: -3344.156669411788 G: 1.8e-02
 Step:   88 E: -3344.156732549032 G: 1.8e-02
 Step:   89 E: -3344.156793980846 G: 1.7e-02
 Step:   90 E: -3344.156853752618 G: 1.7e-02
 Step:   91 E: -3344.156911908595 G: 1.7e-02
 Step:   92 E: -3344.156968491904 G: 1.7e-02
 Step:   93 E: -3344.157023544579 G: 1.6e-02
 Step:   94 E: -3344.157077107581 G: 1.6e-02
 Step:   95 E: -3344.157129220828 G: 1.6e-02
 Step:   96 E: -3344.157179923205 G: 1.6e-02
 Step:   97 E: -3344.157229252606 G: 1.6e-02
 Step:   98 E: -3344.157277245942 G: 1.5e-02
 Step:   99 E: -3344.157323939163 G: 1.5e-02
 Step:  100 E: -3344.157369367292 G: 1.5e-02
 Step:  101 E: -3344.157413564436 G: 1.5e-02
 Step:  102 E: -3344.157456563815 G: 1.5e-02
 Step:  103 E: -3344.157498397775 G: 1.4e-02
 Step:  104 E: -3344.157539097809 G: 1.4e-02
 Step:  105 E: -3344.157578694593 G: 1.4e-02
 Step:  106 E: -3344.157617217979 G: 1.4e-02
 Step:  107 E: -3344.157654697044 G: 1.4e-02
 Step:  108 E: -3344.157691160086 G: 1.3e-02
 Step:  109 E: -3344.157726634653 G: 1.3e-02
 Step:  110 E: -3344.157761147569 G: 1.3e-02
 Step:  111 E: -3344.157794724929 G: 1.3e-02
 Step:  112 E: -3344.157827392142 G: 1.3e-02
 Step:  113 E: -3344.157859173929 G: 1.2e-02
 Step:  114 E: -3344.157890094367 G: 1.2e-02
 Step:  115 E: -3344.157920176869 G: 1.2e-02
 Step:  116 E: -3344.157949444223 G: 1.2e-02
 Step:  117 E: -3344.157977918614 G: 1.2e-02
 Step:  118 E: -3344.158005621614 G: 1.2e-02
 Step:  119 E: -3344.158032574228 G: 1.1e-02
 Step:  120 E: -3344.158058796891 G: 1.1e-02
 Step:  121 E: -3344.158084309481 G: 1.1e-02
 Step:  122 E: -3344.158109131341 G: 1.1e-02
 Step:  123 E: -3344.158133281288 G: 1.1e-02
 Step:  124 E: -3344.158156777633 G: 1.1e-02
 Step:  125 E: -3344.158179638191 G: 1.1e-02
 Step:  126 E: -3344.158201880288 G: 1.0e-02
 Step:  127 E: -3344.158223520786 G: 1.0e-02
 Step:  128 E: -3344.158244576076 G: 1.0e-02
 Step:  129 E: -3344.158265062122 G: 1.0e-02
 Step:  130 E: -3344.158284994437 G: 9.9e-03
 Step:  131 E: -3344.158304388117 G: 9.7e-03
 Step:  132 E: -3344.158323257851 G: 9.6e-03
 Step:  133 E: -3344.158341617920 G: 9.5e-03
 Step:  134 E: -3344.158359482218 G: 9.4e-03
 Step:  135 E: -3344.158376864260 G: 9.2e-03
 Step:  136 E: -3344.158393777193 G: 9.1e-03
 Step:  137 E: -3344.158410233803 G: 9.0e-03
 Step:  138 E: -3344.158426246526 G: 8.9e-03
 Step:  139 E: -3344.158441827460 G: 8.7e-03
 Step:  140 E: -3344.158456988366 G: 8.6e-03
 Step:  141 E: -3344.158471740690 G: 8.5e-03
 Step:  142 E: -3344.158486095564 G: 8.4e-03
 Step:  143 E: -3344.158500063812 G: 8.3e-03
 Step:  144 E: -3344.158513655965 G: 8.2e-03
 Step:  145 E: -3344.158526882259 G: 8.0e-03
 Step:  146 E: -3344.158539752656 G: 7.9e-03
 Step:  147 E: -3344.158552276847 G: 7.8e-03
 Step:  148 E: -3344.158564464247 G: 7.7e-03
 Step:  149 E: -3344.158576324019 G: 7.6e-03
 Step:  150 E: -3344.158587865078 G: 7.5e-03
 Step:  151 E: -3344.158599096096 G: 7.4e-03
 Step:  152 E: -3344.158610025492 G: 7.3e-03
 Step:  153 E: -3344.158620661472 G: 7.2e-03
 Step:  154 E: -3344.158631012011 G: 7.1e-03
 Step:  155 E: -3344.158641084858 G: 7.0e-03
 Step:  156 E: -3344.158650887561 G: 6.9e-03
 Step:  157 E: -3344.158660427450 G: 6.8e-03
 Step:  158 E: -3344.158669711672 G: 6.7e-03
 Step:  159 E: -3344.158678747152 G: 6.7e-03
 Step:  160 E: -3344.158687540645 G: 6.6e-03
 Step:  161 E: -3344.158696098715 G: 6.5e-03
 Step:  162 E: -3344.158704427749 G: 6.4e-03
 Step:  163 E: -3344.158712533950 G: 6.3e-03
 Step:  164 E: -3344.158720423358 G: 6.2e-03
 Step:  165 E: -3344.158728101852 G: 6.1e-03
 Step:  166 E: -3344.158735575139 G: 6.1e-03
 Step:  167 E: -3344.158742848779 G: 6.0e-03
 Step:  168 E: -3344.158749928167 G: 5.9e-03
 Step:  169 E: -3344.158756818574 G: 5.8e-03
 Step:  170 E: -3344.158763525100 G: 5.7e-03
 Step:  171 E: -3344.158770052723 G: 5.7e-03
 Step:  172 E: -3344.158776406275 G: 5.6e-03
 Step:  173 E: -3344.158782590462 G: 5.5e-03
 Step:  174 E: -3344.158788609861 G: 5.4e-03
 Step:  175 E: -3344.158794468920 G: 5.4e-03
 Step:  176 E: -3344.158800171975 G: 5.3e-03
 Step:  177 E: -3344.158805723221 G: 5.2e-03
 Step:  178 E: -3344.158811126765 G: 5.1e-03
 Step:  179 E: -3344.158816386586 G: 5.1e-03
 Step:  180 E: -3344.158821506565 G: 5.0e-03
 Step:  181 E: -3344.158826490460 G: 4.9e-03
 Step:  182 E: -3344.158831341942 G: 4.9e-03
 Step:  183 E: -3344.158836064584 G: 4.8e-03
 Step:  184 E: -3344.158840661843 G: 4.7e-03
 Step:  185 E: -3344.158845137098 G: 4.7e-03
 Step:  186 E: -3344.158849493634 G: 4.6e-03
 Step:  187 E: -3344.158853734638 G: 4.6e-03
 Step:  188 E: -3344.158857863223 G: 4.5e-03
 Step:  189 E: -3344.158861882406 G: 4.4e-03
 Step:  190 E: -3344.158865795122 G: 4.4e-03
 Step:  191 E: -3344.158869604236 G: 4.3e-03
 Step:  192 E: -3344.158873312530 G: 4.3e-03
 Step:  193 E: -3344.158876922703 G: 4.2e-03
 Step:  194 E: -3344.158880437390 G: 4.2e-03
 Step:  195 E: -3344.158883859155 G: 4.1e-03
 Step:  196 E: -3344.158887190483 G: 4.0e-03
 Step:  197 E: -3344.158890433806 G: 4.0e-03
 Step:  198 E: -3344.158893591473 G: 3.9e-03
 Step:  199 E: -3344.158896665777 G: 3.9e-03
 Step:  200 E: -3344.158899658957 G: 3.8e-03
 Step:  201 E: -3344.158902573176 G: 3.8e-03
 Step:  202 E: -3344.158905410550 G: 3.7e-03
 Step:  203 E: -3344.158908173132 G: 3.7e-03
 Step:  204 E: -3344.158910862925 G: 3.6e-03
 Step:  205 E: -3344.158913481867 G: 3.6e-03
 Step:  206 E: -3344.158916031855 G: 3.5e-03
 Step:  207 E: -3344.158918514728 G: 3.5e-03
 Step:  208 E: -3344.158920932279 G: 3.4e-03
 Step:  209 E: -3344.158923286251 G: 3.4e-03
 Step:  210 E: -3344.158925578337 G: 3.4e-03
 Step:  211 E: -3344.158927810190 G: 3.3e-03
 Step:  212 E: -3344.158929983413 G: 3.3e-03
 Step:  213 E: -3344.158932099569 G: 3.2e-03
 Step:  214 E: -3344.158934160177 G: 3.2e-03
 Step:  215 E: -3344.158936166717 G: 3.1e-03
 Step:  216 E: -3344.158938120625 G: 3.1e-03
 Step:  217 E: -3344.158940023306 G: 3.1e-03
 Step:  218 E: -3344.158941876118 G: 3.0e-03
 Step:  219 E: -3344.158943680388 G: 3.0e-03
 Step:  220 E: -3344.158945437407 G: 2.9e-03
 Step:  221 E: -3344.158947148429 G: 2.9e-03
 Step:  222 E: -3344.158948814677 G: 2.9e-03
 Step:  223 E: -3344.158950437334 G: 2.8e-03
 Step:  224 E: -3344.158952017568 G: 2.8e-03
 Step:  225 E: -3344.158953556497 G: 2.7e-03
 Step:  226 E: -3344.158955055216 G: 2.7e-03
 Step:  227 E: -3344.158956514790 G: 2.7e-03
 Step:  228 E: -3344.158957936260 G: 2.6e-03
 Step:  229 E: -3344.158959320635 G: 2.6e-03
 Step:  230 E: -3344.158960668895 G: 2.6e-03
 Step:  231 E: -3344.158961981999 G: 2.5e-03
 Step:  232 E: -3344.158963260874 G: 2.5e-03
 Step:  233 E: -3344.158964506430 G: 2.5e-03
 Step:  234 E: -3344.158965719539 G: 2.4e-03
 Step:  235 E: -3344.158966901070 G: 2.4e-03
 Step:  236 E: -3344.158968051853 G: 2.4e-03
 Step:  237 E: -3344.158969172694 G: 2.3e-03
 Step:  238 E: -3344.158970264397 G: 2.3e-03
 Step:  239 E: -3344.158971327719 G: 2.3e-03
 Step:  240 E: -3344.158972363415 G: 2.3e-03
 Step:  241 E: -3344.158973372215 G: 2.2e-03
 Step:  242 E: -3344.158974354825 G: 2.2e-03
 Step:  243 E: -3344.158975311936 G: 2.2e-03
 Step:  244 E: -3344.158976244222 G: 2.1e-03
 Step:  245 E: -3344.158977152331 G: 2.1e-03
 Step:  246 E: -3344.158978036907 G: 2.1e-03
 Step:  247 E: -3344.158978898568 G: 2.1e-03
 Step:  248 E: -3344.158979737917 G: 2.0e-03
 Step:  249 E: -3344.158980555540 G: 2.0e-03
 Step:  250 E: -3344.158981352010 G: 2.0e-03
 Step:  251 E: -3344.158982127879 G: 2.0e-03
 Step:  252 E: -3344.158982883693 G: 1.9e-03
 Step:  253 E: -3344.158983619977 G: 1.9e-03
 Step:  254 E: -3344.158984337245 G: 1.9e-03
 Step:  255 E: -3344.158985035994 G: 1.9e-03
 Step:  256 E: -3344.158985716714 G: 1.8e-03
 Step:  257 E: -3344.158986379875 G: 1.8e-03
 Step:  258 E: -3344.158987025941 G: 1.8e-03
 Step:  259 E: -3344.158987655357 G: 1.8e-03
 Step:  260 E: -3344.158988268561 G: 1.7e-03
 Step:  261 E: -3344.158988865979 G: 1.7e-03
 Step:  262 E: -3344.158989448019 G: 1.7e-03
 Step:  263 E: -3344.158990015088 G: 1.7e-03
 Step:  264 E: -3344.158990567585 G: 1.6e-03
 Step:  265 E: -3344.158991105880 G: 1.6e-03
 Step:  266 E: -3344.158991630347 G: 1.6e-03
 Step:  267 E: -3344.158992141352 G: 1.6e-03
 Step:  268 E: -3344.158992639246 G: 1.6e-03
 Step:  269 E: -3344.158993124371 G: 1.5e-03
 Step:  270 E: -3344.158993597058 G: 1.5e-03
 Step:  271 E: -3344.158994057634 G: 1.5e-03
 Step:  272 E: -3344.158994506417 G: 1.5e-03
 Step:  273 E: -3344.158994943711 G: 1.5e-03
 Step:  274 E: -3344.158995369819 G: 1.4e-03
 Step:  275 E: -3344.158995785036 G: 1.4e-03
 Step:  276 E: -3344.158996189641 G: 1.4e-03
 Step:  277 E: -3344.158996583909 G: 1.4e-03
 Step:  278 E: -3344.158996968117 G: 1.4e-03
 Step:  279 E: -3344.158997342522 G: 1.4e-03
 Step:  280 E: -3344.158997707377 G: 1.3e-03
 Step:  281 E: -3344.158998062936 G: 1.3e-03
 Step:  282 E: -3344.158998409437 G: 1.3e-03
 Step:  283 E: -3344.158998747118 G: 1.3e-03
 Step:  284 E: -3344.158999076209 G: 1.3e-03
 Step:  285 E: -3344.158999396930 G: 1.3e-03
 Step:  286 E: -3344.158999709505 G: 1.2e-03
 Step:  287 E: -3344.159000014139 G: 1.2e-03
 Step:  288 E: -3344.159000311041 G: 1.2e-03
 Step:  289 E: -3344.159000600417 G: 1.2e-03
 Step:  290 E: -3344.159000882450 G: 1.2e-03
 Step:  291 E: -3344.159001157341 G: 1.2e-03
 Step:  292 E: -3344.159001425274 G: 1.1e-03
 Step:  293 E: -3344.159001686429 G: 1.1e-03
 Step:  294 E: -3344.159001940977 G: 1.1e-03
 Step:  295 E: -3344.159002189096 G: 1.1e-03
 Step:  296 E: -3344.159002430948 G: 1.1e-03
 Step:  297 E: -3344.159002666697 G: 1.1e-03
 Step:  298 E: -3344.159002896502 G: 1.1e-03
 Step:  299 E: -3344.159003120516 G: 1.0e-03
 Step:  300 E: -3344.159003338890 G: 1.0e-03
 Step:  301 E: -3344.159003551768 G: 1.0e-03
 Step:  302 E: -3344.159003759295 G: 1.0e-03
 Step:  303 E: -3344.159003961604 G: 1.0e-03
 Step:  304 E: -3344.159004158837 G: 9.8e-04
 Step:  305 E: -3344.159004351119 G: 9.7e-04
 Step:  306 E: -3344.159004538582 G: 9.6e-04
 Step:  307 E: -3344.159004721348 G: 9.5e-04
 Step:  308 E: -3344.159004899538 G: 9.3e-04
 Step:  309 E: -3344.159005073277 G: 9.2e-04
 Step:  310 E: -3344.159005242667 G: 9.1e-04
 Step:  311 E: -3344.159005407830 G: 9.0e-04
 Step:  312 E: -3344.159005568875 G: 8.9e-04
 Step:  313 E: -3344.159005725903 G: 8.8e-04
 Step:  314 E: -3344.159005879023 G: 8.7e-04
 Step:  315 E: -3344.159006028328 G: 8.6e-04
 Step:  316 E: -3344.159006173923 G: 8.5e-04
 Step:  317 E: -3344.159006315902 G: 8.3e-04
 Step:  318 E: -3344.159006454357 G: 8.2e-04
 Step:  319 E: -3344.159006589379 G: 8.1e-04
 Step:  320 E: -3344.159006721057 G: 8.0e-04
 Step:  321 E: -3344.159006849477 G: 7.9e-04
 Step:  322 E: -3344.159006974721 G: 7.8e-04
 Step:  323 E: -3344.159007096873 G: 7.7e-04
 Step:  324 E: -3344.159007216008 G: 7.6e-04
 Step:  325 E: -3344.159007332208 G: 7.6e-04
 Step:  326 E: -3344.159007445546 G: 7.5e-04
 Step:  327 E: -3344.159007556096 G: 7.4e-04
 Step:  328 E: -3344.159007663933 G: 7.3e-04
 Step:  329 E: -3344.159007769120 G: 7.2e-04
 Step:  330 E: -3344.159007871731 G: 7.1e-04
 Step:  331 E: -3344.159007971827 G: 7.0e-04
 Step:  332 E: -3344.159008069472 G: 6.9e-04
 Step:  333 E: -3344.159008164733 G: 6.8e-04
 Step:  334 E: -3344.159008257673 G: 6.8e-04
 Step:  335 E: -3344.159008348342 G: 6.7e-04
 Step:  336 E: -3344.159008436805 G: 6.6e-04
 Step:  337 E: -3344.159008523116 G: 6.5e-04
 Step:  338 E: -3344.159008607336 G: 6.4e-04
 Step:  339 E: -3344.159008689508 G: 6.4e-04
 Step:  340 E: -3344.159008769692 G: 6.3e-04
 Step:  341 E: -3344.159008847937 G: 6.2e-04
 Step:  342 E: -3344.159008924289 G: 6.1e-04
 Step:  343 E: -3344.159008998800 G: 6.0e-04
 Step:  344 E: -3344.159009071519 G: 6.0e-04
 Step:  345 E: -3344.159009142482 G: 5.9e-04
 Step:  346 E: -3344.159009211744 G: 5.8e-04
 Step:  347 E: -3344.159009279344 G: 5.8e-04
 Step:  348 E: -3344.159009345325 G: 5.7e-04
 Step:  349 E: -3344.159009409729 G: 5.6e-04
 Step:  350 E: -3344.159009472593 G: 5.6e-04
 Step:  351 E: -3344.159009533957 G: 5.5e-04
 Step:  352 E: -3344.159009593864 G: 5.4e-04
 Step:  353 E: -3344.159009652345 G: 5.4e-04
 Step:  354 E: -3344.159009709437 G: 5.3e-04
 Step:  355 E: -3344.159009765177 G: 5.2e-04
 Step:  356 E: -3344.159009819598 G: 5.2e-04
 Step:  357 E: -3344.159009872735 G: 5.1e-04
 Step:  358 E: -3344.159009924623 G: 5.0e-04
 Step:  359 E: -3344.159009975287 G: 5.0e-04
 Step:  360 E: -3344.159010024761 G: 4.9e-04
 Step:  361 E: -3344.159010073076 G: 4.9e-04
 Step:  362 E: -3344.159010120259 G: 4.8e-04
 Step:  363 E: -3344.159010166341 G: 4.8e-04
 Step:  364 E: -3344.159010211351 G: 4.7e-04
 Step:  365 E: -3344.159010255309 G: 4.6e-04
 Step:  366 E: -3344.159010298250 G: 4.6e-04
 Step:  367 E: -3344.159010340197 G: 4.5e-04
 Step:  368 E: -3344.159010381172 G: 4.5e-04
 Step:  369 E: -3344.159010421204 G: 4.4e-04
 Step:  370 E: -3344.159010460309 G: 4.4e-04
 Step:  371 E: -3344.159010498521 G: 4.3e-04
 Step:  372 E: -3344.159010535853 G: 4.3e-04
 Step:  373 E: -3344.159010572336 G: 4.2e-04
 Step:  374 E: -3344.159010607981 G: 4.2e-04
 Step:  375 E: -3344.159010642819 G: 4.1e-04
 Step:  376 E: -3344.159010676863 G: 4.1e-04
 Step:  377 E: -3344.159010710136 G: 4.0e-04
 Step:  378 E: -3344.159010742655 G: 4.0e-04
 Step:  379 E: -3344.159010774445 G: 4.0e-04
 Step:  380 E: -3344.159010805519 G: 3.9e-04
 Step:  381 E: -3344.159010835892 G: 3.9e-04
 Step:  382 E: -3344.159010865588 G: 3.8e-04
 Step:  383 E: -3344.159010894619 G: 3.8e-04
 Step:  384 E: -3344.159010923006 G: 3.7e-04
 Step:  385 E: -3344.159010950761 G: 3.7e-04
 Step:  386 E: -3344.159010977901 G: 3.7e-04
 Step:  387 E: -3344.159011004444 G: 3.6e-04
 Step:  388 E: -3344.159011030403 G: 3.6e-04
 Step:  389 E: -3344.159011055789 G: 3.5e-04
 Step:  390 E: -3344.159011080623 G: 3.5e-04
 Step:  391 E: -3344.159011104910 G: 3.5e-04
 Step:  392 E: -3344.159011128670 G: 3.4e-04
 Step:  393 E: -3344.159011151918 G: 3.4e-04
 Step:  394 E: -3344.159011174662 G: 3.3e-04
 Step:  395 E: -3344.159011196915 G: 3.3e-04
 Step:  396 E: -3344.159011218688 G: 3.3e-04
 Step:  397 E: -3344.159011239998 G: 3.2e-04
 Step:  398 E: -3344.159011260853 G: 3.2e-04
 Step:  399 E: -3344.159011281261 G: 3.2e-04
 Step:  400 E: -3344.159011301238 G: 3.1e-04
 Step:  401 E: -3344.159011320795 G: 3.1e-04
 Step:  402 E: -3344.159011339936 G: 3.1e-04
 Step:  403 E: -3344.159011358677 G: 3.0e-04
 Step:  404 E: -3344.159011377027 G: 3.0e-04
 Step:  405 E: -3344.159011394993 G: 3.0e-04
 Step:  406 E: -3344.159011412588 G: 2.9e-04
 Step:  407 E: -3344.159011429818 G: 2.9e-04
 Step:  408 E: -3344.159011446695 G: 2.9e-04
 Step:  409 E: -3344.159011463223 G: 2.9e-04
 Step:  410 E: -3344.159011479415 G: 2.8e-04
 Step:  411 E: -3344.159011495277 G: 2.8e-04
 Step:  412 E: -3344.159011510815 G: 2.8e-04
 Step:  413 E: -3344.159011526041 G: 2.7e-04
 Step:  414 E: -3344.159011540963 G: 2.7e-04
 Step:  415 E: -3344.159011555584 G: 2.7e-04
 Step:  416 E: -3344.159011569914 G: 2.7e-04
 Step:  417 E: -3344.159011583959 G: 2.6e-04
 Step:  418 E: -3344.159011597724 G: 2.6e-04
 Step:  419 E: -3344.159011611221 G: 2.6e-04
 Step:  420 E: -3344.159011624452 G: 2.6e-04
 Step:  421 E: -3344.159011637428 G: 2.5e-04
 Step:  422 E: -3344.159011650149 G: 2.5e-04
 Step:  423 E: -3344.159011662624 G: 2.5e-04
 Step:  424 E: -3344.159011674862 G: 2.5e-04
 Step:  425 E: -3344.159011686865 G: 2.4e-04
 Step:  426 E: -3344.159011698637 G: 2.4e-04
 Step:  427 E: -3344.159011710185 G: 2.4e-04
 Step:  428 E: -3344.159011721520 G: 2.4e-04
 Step:  429 E: -3344.159011732640 G: 2.3e-04
 Step:  430 E: -3344.159011743552 G: 2.3e-04
 Step:  431 E: -3344.159011754260 G: 2.3e-04
 Step:  432 E: -3344.159011764770 G: 2.3e-04
 Step:  433 E: -3344.159011775087 G: 2.3e-04
 Step:  434 E: -3344.159011785214 G: 2.2e-04
 Step:  435 E: -3344.159011795160 G: 2.2e-04
 Step:  436 E: -3344.159011804925 G: 2.2e-04
 Step:  437 E: -3344.159011814516 G: 2.2e-04
 Step:  438 E: -3344.159011823933 G: 2.2e-04
 Step:  439 E: -3344.159011833182 G: 2.1e-04
 Step:  440 E: -3344.159011842268 G: 2.1e-04
 Step:  441 E: -3344.159011851196 G: 2.1e-04
 Step:  442 E: -3344.159011859963 G: 2.1e-04
 Step:  443 E: -3344.159011868583 G: 2.1e-04
 Step:  444 E: -3344.159011877050 G: 2.0e-04
 Step:  445 E: -3344.159011885370 G: 2.0e-04
 Step:  446 E: -3344.159011893550 G: 2.0e-04
 Step:  447 E: -3344.159011901596 G: 2.0e-04
 Step:  448 E: -3344.159011909503 G: 2.0e-04
 Step:  449 E: -3344.159011917274 G: 2.0e-04
 Step:  450 E: -3344.159011924920 G: 1.9e-04
 Step:  451 E: -3344.159011932434 G: 1.9e-04
 Step:  452 E: -3344.159011939827 G: 1.9e-04
 Step:  453 E: -3344.159011947100 G: 1.9e-04
 Step:  454 E: -3344.159011954252 G: 1.9e-04
 Step:  455 E: -3344.159011961292 G: 1.9e-04
 Step:  456 E: -3344.159011968219 G: 1.8e-04
 Step:  457 E: -3344.159011975032 G: 1.8e-04
 Step:  458 E: -3344.159011981741 G: 1.8e-04
 Step:  459 E: -3344.159011988343 G: 1.8e-04
 Step:  460 E: -3344.159011994839 G: 1.8e-04
 Step:  461 E: -3344.159012001238 G: 1.8e-04
 Step:  462 E: -3344.159012007536 G: 1.8e-04
 Step:  463 E: -3344.159012013739 G: 1.8e-04
 Step:  464 E: -3344.159012019849 G: 1.7e-04
 Step:  465 E: -3344.159012025864 G: 1.7e-04
 Step:  466 E: -3344.159012031791 G: 1.7e-04
 Step:  467 E: -3344.159012037628 G: 1.7e-04
 Step:  468 E: -3344.159012043381 G: 1.7e-04
 Step:  469 E: -3344.159012049046 G: 1.7e-04
 Step:  470 E: -3344.159012054628 G: 1.7e-04
 Step:  471 E: -3344.159012060134 G: 1.6e-04
 Step:  472 E: -3344.159012065558 G: 1.6e-04
 Step:  473 E: -3344.159012070907 G: 1.6e-04
 Step:  474 E: -3344.159012076179 G: 1.6e-04
 Step:  475 E: -3344.159012081376 G: 1.6e-04
 Step:  476 E: -3344.159012086501 G: 1.6e-04
 Step:  477 E: -3344.159012091559 G: 1.6e-04
 Step:  478 E: -3344.159012096542 G: 1.6e-04
 Step:  479 E: -3344.159012101460 G: 1.6e-04
 Step:  480 E: -3344.159012106308 G: 1.5e-04
 Step:  481 E: -3344.159012111094 G: 1.5e-04
 Step:  482 E: -3344.159012115814 G: 1.5e-04
 Step:  483 E: -3344.159012120474 G: 1.5e-04
 Step:  484 E: -3344.159012125074 G: 1.5e-04
 Step:  485 E: -3344.159012129611 G: 1.5e-04
 Step:  486 E: -3344.159012134091 G: 1.5e-04
 Step:  487 E: -3344.159012138512 G: 1.5e-04
 Step:  488 E: -3344.159012142879 G: 1.5e-04
 Step:  489 E: -3344.159012147190 G: 1.5e-04
 Step:  490 E: -3344.159012151444 G: 1.5e-04
 Step:  491 E: -3344.159012155649 G: 1.4e-04
 Step:  492 E: -3344.159012159804 G: 1.4e-04
 Step:  493 E: -3344.159012163900 G: 1.4e-04
 Step:  494 E: -3344.159012167955 G: 1.4e-04
 Step:  495 E: -3344.159012171957 G: 1.4e-04
 Step:  496 E: -3344.159012175909 G: 1.4e-04
 Step:  497 E: -3344.159012179818 G: 1.4e-04
 Step:  498 E: -3344.159012183682 G: 1.4e-04
 Step:  499 E: -3344.159012187499 G: 1.4e-04
 Step:  500 E: -3344.159012191271 G: 1.4e-04
 Step:  501 E: -3344.159012195001 G: 1.4e-04
 Step:  502 E: -3344.159012198687 G: 1.4e-04
 Step:  503 E: -3344.159012202332 G: 1.3e-04
 Step:  504 E: -3344.159012205937 G: 1.3e-04
 Step:  505 E: -3344.159012209499 G: 1.3e-04
 Step:  506 E: -3344.159012213022 G: 1.3e-04
 Step:  507 E: -3344.159012216511 G: 1.3e-04
 Step:  508 E: -3344.159012219958 G: 1.3e-04
 Step:  509 E: -3344.159012223369 G: 1.3e-04
 Step:  510 E: -3344.159012226743 G: 1.3e-04
 Step:  511 E: -3344.159012230081 G: 1.3e-04
 Step:  512 E: -3344.159012233386 G: 1.3e-04
 Step:  513 E: -3344.159012236657 G: 1.3e-04
 Step:  514 E: -3344.159012239890 G: 1.3e-04
 Step:  515 E: -3344.159012243092 G: 1.3e-04
 Step:  516 E: -3344.159012246258 G: 1.3e-04
 Step:  517 E: -3344.159012249399 G: 1.2e-04
 Step:  518 E: -3344.159012252504 G: 1.2e-04
 Step:  519 E: -3344.159012255578 G: 1.2e-04
 Step:  520 E: -3344.159012258623 G: 1.2e-04
 Step:  521 E: -3344.159012261637 G: 1.2e-04
 Step:  522 E: -3344.159012264623 G: 1.2e-04
 Step:  523 E: -3344.159012267577 G: 1.2e-04
 Step:  524 E: -3344.159012270502 G: 1.2e-04
 Step:  525 E: -3344.159012273405 G: 1.2e-04
 Step:  526 E: -3344.159012276278 G: 1.2e-04
 Step:  527 E: -3344.159012279124 G: 1.2e-04
 Step:  528 E: -3344.159012281941 G: 1.2e-04
 Step:  529 E: -3344.159012284734 G: 1.2e-04
 Step:  530 E: -3344.159012287501 G: 1.2e-04
 Step:  531 E: -3344.159012290241 G: 1.2e-04
 Step:  532 E: -3344.159012292958 G: 1.2e-04
 Step:  533 E: -3344.159012295652 G: 1.2e-04
 Step:  534 E: -3344.159012298319 G: 1.2e-04
 Step:  535 E: -3344.159012300965 G: 1.1e-04
 Step:  536 E: -3344.159012303589 G: 1.1e-04
 Step:  537 E: -3344.159012306187 G: 1.1e-04
 Step:  538 E: -3344.159012308760 G: 1.1e-04
 Step:  539 E: -3344.159012311315 G: 1.1e-04
 Step:  540 E: -3344.159012313847 G: 1.1e-04
 Step:  541 E: -3344.159012316360 G: 1.1e-04
 Step:  542 E: -3344.159012318848 G: 1.1e-04
 Step:  543 E: -3344.159012321316 G: 1.1e-04
 Step:  544 E: -3344.159012323764 G: 1.1e-04
 Step:  545 E: -3344.159012326193 G: 1.1e-04
 Step:  546 E: -3344.159012328601 G: 1.1e-04
 Step:  547 E: -3344.159012330990 G: 1.1e-04
 Step:  548 E: -3344.159012333358 G: 1.1e-04
 Step:  549 E: -3344.159012335708 G: 1.1e-04
 Step:  550 E: -3344.159012338040 G: 1.1e-04
 Step:  551 E: -3344.159012340353 G: 1.1e-04
 Step:  552 E: -3344.159012342644 G: 1.1e-04
 Step:  553 E: -3344.159012344922 G: 1.1e-04
 Step:  554 E: -3344.159012347179 G: 1.1e-04
 Step:  555 E: -3344.159012349423 G: 1.1e-04
 Step:  556 E: -3344.159012351646 G: 1.1e-04
 Step:  557 E: -3344.159012353853 G: 1.0e-04
 Step:  558 E: -3344.159012356044 G: 1.0e-04
 Step:  559 E: -3344.159012358217 G: 1.0e-04
 Step:  560 E: -3344.159012360374 G: 1.0e-04
 Step:  561 E: -3344.159012362516 G: 1.0e-04
 Step:  562 E: -3344.159012364641 G: 1.0e-04
 Step:  563 E: -3344.159012366748 G: 1.0e-04
 Step:  564 E: -3344.159012368844 G: 1.0e-04
 Step:  565 E: -3344.159012370923 G: 1.0e-04
 Step:  566 E: -3344.159012372987 G: 1.0e-04
 Step:  567 E: -3344.159012375035 G: 1.0e-04
 Step:  568 E: -3344.159012377068 G: 1.0e-04
 Step:  569 E: -3344.159012379089 G: 1.0e-04
 Step:  570 E: -3344.159012381092 G: 1.0e-04
 Step:  571 E: -3344.159012383083 G: 1.0e-04
 Step:  572 E: -3344.159012385059 G: 9.9e-05
 Step:  573 E: -3344.159012387025 G: 9.9e-05
 Step:  574 E: -3344.159012388972 G: 9.8e-05
 Step:  575 E: -3344.159012390907 G: 9.8e-05
 Step:  576 E: -3344.159012392829 G: 9.8e-05
 Step:  577 E: -3344.159012394739 G: 9.7e-05
 Step:  578 E: -3344.159012396637 G: 9.7e-05
 Step:  579 E: -3344.159012398518 G: 9.7e-05
 Step:  580 E: -3344.159012400391 G: 9.6e-05
 Step:  581 E: -3344.159012402249 G: 9.6e-05
 Step:  582 E: -3344.159012404094 G: 9.6e-05
 Step:  583 E: -3344.159012405928 G: 9.6e-05
 Step:  584 E: -3344.159012407750 G: 9.5e-05
 Step:  585 E: -3344.159012409559 G: 9.5e-05
 Step:  586 E: -3344.159012411359 G: 9.5e-05
 Step:  587 E: -3344.159012413142 G: 9.4e-05
 Step:  588 E: -3344.159012414917 G: 9.4e-05
 Step:  589 E: -3344.159012416678 G: 9.4e-05
 Step:  590 E: -3344.159012418431 G: 9.3e-05
 Step:  591 E: -3344.159012420168 G: 9.3e-05
 Step:  592 E: -3344.159012421897 G: 9.3e-05
 Step:  593 E: -3344.159012423614 G: 9.2e-05
 Step:  594 E: -3344.159012425321 G: 9.2e-05
 Step:  595 E: -3344.159012427015 G: 9.2e-05
 Step:  596 E: -3344.159012428700 G: 9.2e-05
 Step:  597 E: -3344.159012430376 G: 9.1e-05
 Step:  598 E: -3344.159012432043 G: 9.1e-05
 Step:  599 E: -3344.159012433693 G: 9.1e-05
 Step:  600 E: -3344.159012435336 G: 9.0e-05
 Step:  601 E: -3344.159012436970 G: 9.0e-05
 Step:  602 E: -3344.159012438591 G: 9.0e-05
 Step:  603 E: -3344.159012440203 G: 9.0e-05
 Step:  604 E: -3344.159012441809 G: 8.9e-05
 Step:  605 E: -3344.159012443402 G: 8.9e-05
 Step:  606 E: -3344.159012444985 G: 8.9e-05
 Step:  607 E: -3344.159012446559 G: 8.9e-05
 Step:  608 E: -3344.159012448126 G: 8.8e-05
 Step:  609 E: -3344.159012449679 G: 8.8e-05
 Step:  610 E: -3344.159012451224 G: 8.8e-05
 Step:  611 E: -3344.159012452762 G: 8.7e-05
 Step:  612 E: -3344.159012454289 G: 8.7e-05
 Step:  613 E: -3344.159012455807 G: 8.7e-05
 Step:  614 E: -3344.159012457315 G: 8.7e-05
 Step:  615 E: -3344.159012458817 G: 8.6e-05
 Step:  616 E: -3344.159012460307 G: 8.6e-05
 Step:  617 E: -3344.159012461788 G: 8.6e-05
 Step:  618 E: -3344.159012463262 G: 8.6e-05
 Step:  619 E: -3344.159012464727 G: 8.5e-05
 Step:  620 E: -3344.159012466183 G: 8.5e-05
 Step:  621 E: -3344.159012467631 G: 8.5e-05
 Step:  622 E: -3344.159012469072 G: 8.5e-05
 Step:  623 E: -3344.159012470502 G: 8.4e-05
 Step:  624 E: -3344.159012471927 G: 8.4e-05
 Step:  625 E: -3344.159012473340 G: 8.4e-05
 Step:  626 E: -3344.159012474745 G: 8.4e-05
 Step:  627 E: -3344.159012476144 G: 8.3e-05
 Step:  628 E: -3344.159012477535 G: 8.3e-05
 Step:  629 E: -3344.159012478918 G: 8.3e-05
 Step:  630 E: -3344.159012480293 G: 8.3e-05
 Step:  631 E: -3344.159012481658 G: 8.2e-05
 Step:  632 E: -3344.159012483017 G: 8.2e-05
 Step:  633 E: -3344.159012484368 G: 8.2e-05
 Step:  634 E: -3344.159012485712 G: 8.2e-05
 Step:  635 E: -3344.159012487047 G: 8.2e-05
 Step:  636 E: -3344.159012488378 G: 8.1e-05
 Step:  637 E: -3344.159012489697 G: 8.1e-05
 Step:  638 E: -3344.159012491009 G: 8.1e-05
 Step:  639 E: -3344.159012492316 G: 8.1e-05
 Step:  640 E: -3344.159012493617 G: 8.0e-05
 Step:  641 E: -3344.159012494907 G: 8.0e-05
 Step:  642 E: -3344.159012496191 G: 8.0e-05
 Step:  643 E: -3344.159012497470 G: 8.0e-05
 Step:  644 E: -3344.159012498738 G: 8.0e-05
 Step:  645 E: -3344.159012500003 G: 7.9e-05
 Step:  646 E: -3344.159012501259 G: 7.9e-05
 Step:  647 E: -3344.159012502508 G: 7.9e-05
 Step:  648 E: -3344.159012503750 G: 7.9e-05
 Step:  649 E: -3344.159012504984 G: 7.8e-05
 Step:  650 E: -3344.159012506213 G: 7.8e-05
 Step:  651 E: -3344.159012507434 G: 7.8e-05
 Step:  652 E: -3344.159012508651 G: 7.8e-05
 Step:  653 E: -3344.159012509860 G: 7.8e-05
 Step:  654 E: -3344.159012511061 G: 7.7e-05
 Step:  655 E: -3344.159012512258 G: 7.7e-05
 Step:  656 E: -3344.159012513448 G: 7.7e-05
 Step:  657 E: -3344.159012514628 G: 7.7e-05
 Step:  658 E: -3344.159012515805 G: 7.7e-05
 Step:  659 E: -3344.159012516973 G: 7.6e-05
 Step:  660 E: -3344.159012518137 G: 7.6e-05
 Step:  661 E: -3344.159012519294 G: 7.6e-05
 Step:  662 E: -3344.159012520444 G: 7.6e-05
 Step:  663 E: -3344.159012521589 G: 7.5e-05
 Step:  664 E: -3344.159012522727 G: 7.5e-05
 Step:  665 E: -3344.159012523859 G: 7.5e-05
 Step:  666 E: -3344.159012524984 G: 7.5e-05
 Step:  667 E: -3344.159012526106 G: 7.5e-05
 Step:  668 E: -3344.159012527218 G: 7.4e-05
 Step:  669 E: -3344.159012528329 G: 7.4e-05
 Step:  670 E: -3344.159012529431 G: 7.4e-05
 Step:  671 E: -3344.159012530525 G: 7.4e-05
 Step:  672 E: -3344.159012531614 G: 7.4e-05
 Step:  673 E: -3344.159012532700 G: 7.3e-05
 Step:  674 E: -3344.159012533778 G: 7.3e-05
 Step:  675 E: -3344.159012534854 G: 7.3e-05
 Step:  676 E: -3344.159012535919 G: 7.3e-05
 Step:  677 E: -3344.159012536981 G: 7.3e-05
 Step:  678 E: -3344.159012538037 G: 7.3e-05
 Step:  679 E: -3344.159012539086 G: 7.2e-05
 Step:  680 E: -3344.159012540130 G: 7.2e-05
 Step:  681 E: -3344.159012541171 G: 7.2e-05
 Step:  682 E: -3344.159012542205 G: 7.2e-05
 Step:  683 E: -3344.159012543234 G: 7.2e-05
 Step:  684 E: -3344.159012544255 G: 7.1e-05
 Step:  685 E: -3344.159012545272 G: 7.1e-05
 Step:  686 E: -3344.159012546286 G: 7.1e-05
 Step:  687 E: -3344.159012547292 G: 7.1e-05
 Step:  688 E: -3344.159012548294 G: 7.1e-05
 Step:  689 E: -3344.159012549288 G: 7.0e-05
 Step:  690 E: -3344.159012550280 G: 7.0e-05
 Step:  691 E: -3344.159012551264 G: 7.0e-05
 Step:  692 E: -3344.159012552248 G: 7.0e-05
 Step:  693 E: -3344.159012553222 G: 7.0e-05
 Step:  694 E: -3344.159012554191 G: 7.0e-05
 Step:  695 E: -3344.159012555158 G: 6.9e-05
 Step:  696 E: -3344.159012556115 G: 6.9e-05
 Step:  697 E: -3344.159012557072 G: 6.9e-05
 Step:  698 E: -3344.159012558021 G: 6.9e-05
 Step:  699 E: -3344.159012558966 G: 6.9e-05
 Step:  700 E: -3344.159012559905 G: 6.8e-05
 Step:  701 E: -3344.159012560841 G: 6.8e-05
 Step:  702 E: -3344.159012561772 G: 6.8e-05
 Step:  703 E: -3344.159012562697 G: 6.8e-05
 Step:  704 E: -3344.159012563619 G: 6.8e-05
 Step:  705 E: -3344.159012564534 G: 6.8e-05
 Step:  706 E: -3344.159012565443 G: 6.7e-05
 Step:  707 E: -3344.159012566350 G: 6.7e-05
 Step:  708 E: -3344.159012567252 G: 6.7e-05
 Step:  709 E: -3344.159012568149 G: 6.7e-05
 Step:  710 E: -3344.159012569040 G: 6.7e-05
 Step:  711 E: -3344.159012569930 G: 6.6e-05
 Step:  712 E: -3344.159012570813 G: 6.6e-05
 Step:  713 E: -3344.159012571690 G: 6.6e-05
 Step:  714 E: -3344.159012572563 G: 6.6e-05
 Step:  715 E: -3344.159012573434 G: 6.6e-05
 Step:  716 E: -3344.159012574299 G: 6.6e-05
 Step:  717 E: -3344.159012575159 G: 6.5e-05
 Step:  718 E: -3344.159012576014 G: 6.5e-05
 Step:  719 E: -3344.159012576866 G: 6.5e-05
 Step:  720 E: -3344.159012577711 G: 6.5e-05
 Step:  721 E: -3344.159012578553 G: 6.5e-05
 Step:  722 E: -3344.159012579394 G: 6.5e-05
 Step:  723 E: -3344.159012580227 G: 6.4e-05
 Step:  724 E: -3344.159012581058 G: 6.4e-05
 Step:  725 E: -3344.159012581885 G: 6.4e-05
 Step:  726 E: -3344.159012582702 G: 6.4e-05
 Step:  727 E: -3344.159012583519 G: 6.4e-05
 Step:  728 E: -3344.159012584331 G: 6.4e-05
 Step:  729 E: -3344.159012585141 G: 6.3e-05
 Step:  730 E: -3344.159012585944 G: 6.3e-05
 Step:  731 E: -3344.159012586747 G: 6.3e-05
 Step:  732 E: -3344.159012587542 G: 6.3e-05
 Step:  733 E: -3344.159012588333 G: 6.3e-05
 Step:  734 E: -3344.159012589123 G: 6.3e-05
 Step:  735 E: -3344.159012589906 G: 6.2e-05
 Step:  736 E: -3344.159012590686 G: 6.2e-05
 Step:  737 E: -3344.159012591460 G: 6.2e-05
 Step:  738 E: -3344.159012592231 G: 6.2e-05
 Step:  739 E: -3344.159012593000 G: 6.2e-05
 Step:  740 E: -3344.159012593763 G: 6.2e-05
 Step:  741 E: -3344.159012594525 G: 6.2e-05
 Step:  742 E: -3344.159012595278 G: 6.1e-05
 Step:  743 E: -3344.159012596032 G: 6.1e-05
 Step:  744 E: -3344.159012596780 G: 6.1e-05
 Step:  745 E: -3344.159012597523 G: 6.1e-05
 Step:  746 E: -3344.159012598264 G: 6.1e-05
 Step:  747 E: -3344.159012599000 G: 6.1e-05
 Step:  748 E: -3344.159012599733 G: 6.0e-05
 Step:  749 E: -3344.159012600463 G: 6.0e-05
 Step:  750 E: -3344.159012601187 G: 6.0e-05
 Step:  751 E: -3344.159012601910 G: 6.0e-05
 Step:  752 E: -3344.159012602627 G: 6.0e-05
 Step:  753 E: -3344.159012603343 G: 6.0e-05
 Step:  754 E: -3344.159012604056 G: 5.9e-05
 Step:  755 E: -3344.159012604763 G: 5.9e-05
 Step:  756 E: -3344.159012605464 G: 5.9e-05
 Step:  757 E: -3344.159012606165 G: 5.9e-05
 Step:  758 E: -3344.159012606861 G: 5.9e-05
 Step:  759 E: -3344.159012607551 G: 5.9e-05
 Step:  760 E: -3344.159012608242 G: 5.9e-05
 Step:  761 E: -3344.159012608927 G: 5.8e-05
 Step:  762 E: -3344.159012609609 G: 5.8e-05
 Step:  763 E: -3344.159012610287 G: 5.8e-05
 Step:  764 E: -3344.159012610965 G: 5.8e-05
 Step:  765 E: -3344.159012611635 G: 5.8e-05
 Step:  766 E: -3344.159012612304 G: 5.8e-05
 Step:  767 E: -3344.159012612969 G: 5.8e-05
 Step:  768 E: -3344.159012613630 G: 5.7e-05
 Step:  769 E: -3344.159012614287 G: 5.7e-05
 Step:  770 E: -3344.159012614943 G: 5.7e-05
 Step:  771 E: -3344.159012615592 G: 5.7e-05
 Step:  772 E: -3344.159012616244 G: 5.7e-05
 Step:  773 E: -3344.159012616889 G: 5.7e-05
 Step:  774 E: -3344.159012617529 G: 5.7e-05
 Step:  775 E: -3344.159012618166 G: 5.6e-05
 Step:  776 E: -3344.159012618800 G: 5.6e-05
 Step:  777 E: -3344.159012619431 G: 5.6e-05
 Step:  778 E: -3344.159012620060 G: 5.6e-05
 Step:  779 E: -3344.159012620686 G: 5.6e-05
 Step:  780 E: -3344.159012621309 G: 5.6e-05
 Step:  781 E: -3344.159012621924 G: 5.6e-05
 Step:  782 E: -3344.159012622544 G: 5.5e-05
 Step:  783 E: -3344.159012623155 G: 5.5e-05
 Step:  784 E: -3344.159012623763 G: 5.5e-05
 Step:  785 E: -3344.159012624370 G: 5.5e-05
 Step:  786 E: -3344.159012624973 G: 5.5e-05
 Step:  787 E: -3344.159012625576 G: 5.5e-05
 Step:  788 E: -3344.159012626172 G: 5.5e-05
 Step:  789 E: -3344.159012626765 G: 5.4e-05
 Step:  790 E: -3344.159012627359 G: 5.4e-05
 Step:  791 E: -3344.159012627944 G: 5.4e-05
 Step:  792 E: -3344.159012628531 G: 5.4e-05
 Step:  793 E: -3344.159012629109 G: 5.4e-05
 Step:  794 E: -3344.159012629691 G: 5.4e-05
 Step:  795 E: -3344.159012630269 G: 5.4e-05
 Step:  796 E: -3344.159012630840 G: 5.3e-05
 Step:  797 E: -3344.159012631412 G: 5.3e-05
 Step:  798 E: -3344.159012631980 G: 5.3e-05
 Step:  799 E: -3344.159012632544 G: 5.3e-05
 Step:  800 E: -3344.159012633104 G: 5.3e-05
 Step:  801 E: -3344.159012633664 G: 5.3e-05
 Step:  802 E: -3344.159012634220 G: 5.3e-05
 Step:  803 E: -3344.159012634771 G: 5.2e-05
 Step:  804 E: -3344.159012635321 G: 5.2e-05
 Step:  805 E: -3344.159012635871 G: 5.2e-05
 Step:  806 E: -3344.159012636414 G: 5.2e-05
 Step:  807 E: -3344.159012636956 G: 5.2e-05
 Step:  808 E: -3344.159012637496 G: 5.2e-05
 Step:  809 E: -3344.159012638032 G: 5.2e-05
 Step:  810 E: -3344.159012638564 G: 5.2e-05
 Step:  811 E: -3344.159012639098 G: 5.1e-05
 Step:  812 E: -3344.159012639628 G: 5.1e-05
 Step:  813 E: -3344.159012640152 G: 5.1e-05
 Step:  814 E: -3344.159012640674 G: 5.1e-05
 Step:  815 E: -3344.159012641194 G: 5.1e-05
 Step:  816 E: -3344.159012641712 G: 5.1e-05
 Step:  817 E: -3344.159012642227 G: 5.1e-05
 Step:  818 E: -3344.159012642740 G: 5.1e-05
 Step:  819 E: -3344.159012643251 G: 5.0e-05
 Step:  820 E: -3344.159012643754 G: 5.0e-05
 Step:  821 E: -3344.159012644259 G: 5.0e-05
 Step:  822 E: -3344.159012644762 G: 5.0e-05
 Step:  823 E: -3344.159012645259 G: 5.0e-05
 Step:  824 E: -3344.159012645758 G: 5.0e-05
 Step:  825 E: -3344.159012646252 G: 5.0e-05
 Step:  826 E: -3344.159012646743 G: 4.9e-05
 Step:  827 E: -3344.159012647232 G: 4.9e-05
 Step:  828 E: -3344.159012647721 G: 4.9e-05
 Step:  829 E: -3344.159012648206 G: 4.9e-05
 Step:  830 E: -3344.159012648686 G: 4.9e-05
 Step:  831 E: -3344.159012649166 G: 4.9e-05
 Step:  832 E: -3344.159012649644 G: 4.9e-05
 Step:  833 E: -3344.159012650119 G: 4.9e-05
 Step:  834 E: -3344.159012650591 G: 4.8e-05
 Step:  835 E: -3344.159012651060 G: 4.8e-05
 Step:  836 E: -3344.159012651527 G: 4.8e-05
 Step:  837 E: -3344.159012651991 G: 4.8e-05
 Step:  838 E: -3344.159012652456 G: 4.8e-05
 Step:  839 E: -3344.159012652915 G: 4.8e-05
 Step:  840 E: -3344.159012653373 G: 4.8e-05
 Step:  841 E: -3344.159012653829 G: 4.8e-05
 Step:  842 E: -3344.159012654282 G: 4.8e-05
 Step:  843 E: -3344.159012654734 G: 4.7e-05
 Step:  844 E: -3344.159012655181 G: 4.7e-05
 Step:  845 E: -3344.159012655627 G: 4.7e-05
 Step:  846 E: -3344.159012656074 G: 4.7e-05
 Step:  847 E: -3344.159012656516 G: 4.7e-05
 Step:  848 E: -3344.159012656955 G: 4.7e-05
 Step:  849 E: -3344.159012657392 G: 4.7e-05
 Step:  850 E: -3344.159012657828 G: 4.7e-05
 Step:  851 E: -3344.159012658262 G: 4.6e-05
 Step:  852 E: -3344.159012658693 G: 4.6e-05
 Step:  853 E: -3344.159012659122 G: 4.6e-05
 Step:  854 E: -3344.159012659547 G: 4.6e-05
 Step:  855 E: -3344.159012659969 G: 4.6e-05
 Step:  856 E: -3344.159012660396 G: 4.6e-05
 Step:  857 E: -3344.159012660813 G: 4.6e-05
 Step:  858 E: -3344.159012661230 G: 4.6e-05
 Step:  859 E: -3344.159012661648 G: 4.6e-05
 Step:  860 E: -3344.159012662060 G: 4.5e-05
 Step:  861 E: -3344.159012662471 G: 4.5e-05
 Step:  862 E: -3344.159012662881 G: 4.5e-05
 Step:  863 E: -3344.159012663289 G: 4.5e-05
 Step:  864 E: -3344.159012663695 G: 4.5e-05
 Step:  865 E: -3344.159012664096 G: 4.5e-05
 Step:  866 E: -3344.159012664499 G: 4.5e-05
 Step:  867 E: -3344.159012664900 G: 4.5e-05
 Step:  868 E: -3344.159012665295 G: 4.4e-05
 Step:  869 E: -3344.159012665692 G: 4.4e-05
 Step:  870 E: -3344.159012666083 G: 4.4e-05
 Step:  871 E: -3344.159012666475 G: 4.4e-05
 Step:  872 E: -3344.159012666861 G: 4.4e-05
 Step:  873 E: -3344.159012667250 G: 4.4e-05
 Step:  874 E: -3344.159012667634 G: 4.4e-05
 Step:  875 E: -3344.159012668018 G: 4.4e-05
 Step:  876 E: -3344.159012668399 G: 4.4e-05
 Step:  877 E: -3344.159012668781 G: 4.3e-05
 Step:  878 E: -3344.159012669158 G: 4.3e-05
 Step:  879 E: -3344.159012669532 G: 4.3e-05
 Step:  880 E: -3344.159012669905 G: 4.3e-05
 Step:  881 E: -3344.159012670278 G: 4.3e-05
 Step:  882 E: -3344.159012670646 G: 4.3e-05
 Step:  883 E: -3344.159012671015 G: 4.3e-05
 Step:  884 E: -3344.159012671383 G: 4.3e-05
 Step:  885 E: -3344.159012671746 G: 4.3e-05
 Step:  886 E: -3344.159012672107 G: 4.2e-05
 Step:  887 E: -3344.159012672468 G: 4.2e-05
 Step:  888 E: -3344.159012672828 G: 4.2e-05
 Step:  889 E: -3344.159012673184 G: 4.2e-05
 Step:  890 E: -3344.159012673538 G: 4.2e-05
 Step:  891 E: -3344.159012673892 G: 4.2e-05
 Step:  892 E: -3344.159012674243 G: 4.2e-05
 Step:  893 E: -3344.159012674594 G: 4.2e-05
 Step:  894 E: -3344.159012674942 G: 4.2e-05
 Step:  895 E: -3344.159012675290 G: 4.2e-05
 Step:  896 E: -3344.159012675632 G: 4.1e-05
 Step:  897 E: -3344.159012675976 G: 4.1e-05
 Step:  898 E: -3344.159012676315 G: 4.1e-05
 Step:  899 E: -3344.159012676656 G: 4.1e-05
 Step:  900 E: -3344.159012676994 G: 4.1e-05
 Step:  901 E: -3344.159012677332 G: 4.1e-05
 Step:  902 E: -3344.159012677663 G: 4.1e-05
 Step:  903 E: -3344.159012677996 G: 4.1e-05
 Step:  904 E: -3344.159012678326 G: 4.1e-05
 Step:  905 E: -3344.159012678653 G: 4.0e-05
 Step:  906 E: -3344.159012678982 G: 4.0e-05
 Step:  907 E: -3344.159012679308 G: 4.0e-05
 Step:  908 E: -3344.159012679632 G: 4.0e-05
 Step:  909 E: -3344.159012679953 G: 4.0e-05
 Step:  910 E: -3344.159012680275 G: 4.0e-05
 Step:  911 E: -3344.159012680593 G: 4.0e-05
 Step:  912 E: -3344.159012680913 G: 4.0e-05
 Step:  913 E: -3344.159012681226 G: 4.0e-05
 Step:  914 E: -3344.159012681542 G: 4.0e-05
 Step:  915 E: -3344.159012681856 G: 3.9e-05
 Step:  916 E: -3344.159012682165 G: 3.9e-05
 Step:  917 E: -3344.159012682474 G: 3.9e-05
 Step:  918 E: -3344.159012682782 G: 3.9e-05
 Step:  919 E: -3344.159012683090 G: 3.9e-05
 Step:  920 E: -3344.159012683394 G: 3.9e-05
 Step:  921 E: -3344.159012683696 G: 3.9e-05
 Step:  922 E: -3344.159012684000 G: 3.9e-05
 Step:  923 E: -3344.159012684300 G: 3.9e-05
 Step:  924 E: -3344.159012684597 G: 3.9e-05
 Step:  925 E: -3344.159012684896 G: 3.8e-05
 Step:  926 E: -3344.159012685191 G: 3.8e-05
 Step:  927 E: -3344.159012685487 G: 3.8e-05
 Step:  928 E: -3344.159012685778 G: 3.8e-05
 Step:  929 E: -3344.159012686070 G: 3.8e-05
 Step:  930 E: -3344.159012686359 G: 3.8e-05
 Step:  931 E: -3344.159012686648 G: 3.8e-05
 Step:  932 E: -3344.159012686934 G: 3.8e-05
 Step:  933 E: -3344.159012687218 G: 3.8e-05
 Step:  934 E: -3344.159012687503 G: 3.8e-05
 Step:  935 E: -3344.159012687785 G: 3.8e-05
 Step:  936 E: -3344.159012688066 G: 3.7e-05
 Step:  937 E: -3344.159012688347 G: 3.7e-05
 Step:  938 E: -3344.159012688624 G: 3.7e-05
 Step:  939 E: -3344.159012688899 G: 3.7e-05
 Step:  940 E: -3344.159012689175 G: 3.7e-05
 Step:  941 E: -3344.159012689450 G: 3.7e-05
 Step:  942 E: -3344.159012689722 G: 3.7e-05
 Step:  943 E: -3344.159012689992 G: 3.7e-05
 Step:  944 E: -3344.159012690264 G: 3.7e-05
 Step:  945 E: -3344.159012690531 G: 3.7e-05
 Step:  946 E: -3344.159012690798 G: 3.6e-05
 Step:  947 E: -3344.159012691064 G: 3.6e-05
 Step:  948 E: -3344.159012691329 G: 3.6e-05
 Step:  949 E: -3344.159012691593 G: 3.6e-05
 Step:  950 E: -3344.159012691853 G: 3.6e-05
 Step:  951 E: -3344.159012692116 G: 3.6e-05
 Step:  952 E: -3344.159012692375 G: 3.6e-05
 Step:  953 E: -3344.159012692632 G: 3.6e-05
 Step:  954 E: -3344.159012692889 G: 3.6e-05
 Step:  955 E: -3344.159012693145 G: 3.6e-05
 Step:  956 E: -3344.159012693396 G: 3.6e-05
 Step:  957 E: -3344.159012693648 G: 3.5e-05
 Step:  958 E: -3344.159012693901 G: 3.5e-05
 Step:  959 E: -3344.159012694151 G: 3.5e-05
 Step:  960 E: -3344.159012694398 G: 3.5e-05
 Step:  961 E: -3344.159012694647 G: 3.5e-05
 Step:  962 E: -3344.159012694895 G: 3.5e-05
 Step:  963 E: -3344.159012695140 G: 3.5e-05
 Step:  964 E: -3344.159012695382 G: 3.5e-05
 Step:  965 E: -3344.159012695625 G: 3.5e-05
 Step:  966 E: -3344.159012695867 G: 3.5e-05
 Step:  967 E: -3344.159012696105 G: 3.5e-05
 Step:  968 E: -3344.159012696341 G: 3.4e-05
 Step:  969 E: -3344.159012696581 G: 3.4e-05
 Step:  970 E: -3344.159012696818 G: 3.4e-05
 Step:  971 E: -3344.159012697053 G: 3.4e-05
 Step:  972 E: -3344.159012697287 G: 3.4e-05
 Step:  973 E: -3344.159012697521 G: 3.4e-05
 Step:  974 E: -3344.159012697752 G: 3.4e-05
 Step:  975 E: -3344.159012697983 G: 3.4e-05
 Step:  976 E: -3344.159012698212 G: 3.4e-05
 Step:  977 E: -3344.159012698438 G: 3.4e-05
 Step:  978 E: -3344.159012698667 G: 3.4e-05
 Step:  979 E: -3344.159012698894 G: 3.4e-05
 Step:  980 E: -3344.159012699119 G: 3.3e-05
 Step:  981 E: -3344.159012699341 G: 3.3e-05
 Step:  982 E: -3344.159012699563 G: 3.3e-05
 Step:  983 E: -3344.159012699785 G: 3.3e-05
 Step:  984 E: -3344.159012700004 G: 3.3e-05
 Step:  985 E: -3344.159012700223 G: 3.3e-05
 Step:  986 E: -3344.159012700442 G: 3.3e-05
 Step:  987 E: -3344.159012700659 G: 3.3e-05
 Step:  988 E: -3344.159012700876 G: 3.3e-05
 Step:  989 E: -3344.159012701088 G: 3.3e-05
 Step:  990 E: -3344.159012701301 G: 3.3e-05
 Step:  991 E: -3344.159012701514 G: 3.3e-05
 Step:  992 E: -3344.159012701728 G: 3.2e-05
 Step:  993 E: -3344.159012701937 G: 3.2e-05
 Step:  994 E: -3344.159012702145 G: 3.2e-05
 Step:  995 E: -3344.159012702354 G: 3.2e-05
 Step:  996 E: -3344.159012702562 G: 3.2e-05
 Step:  997 E: -3344.159012702768 G: 3.2e-05
 Step:  998 E: -3344.159012702973 G: 3.2e-05
 Step:  999 E: -3344.159012703177 G: 3.2e-05
 Step: 1000 E: -3344.159012703382 G: 3.2e-05
1664.559886 seconds (37.14 M allocations: 200.835 GiB, 0.74% gc time)
 Solve OO-CMF with DIIS
 ooCMF Iter:    1 Total= -3344.136316113701 G=    6.144e-02 #SS:    1
 ooCMF Iter:    2 Total= -3344.136796070349 G=    5.589e-02 #SS:    2
 ooCMF Iter:    3 Total= -3344.137714197909 G=    5.193e-02 #SS:    3
 ooCMF Iter:    4 Total= -3344.138801603736 G=    4.988e-02 #SS:    4
 ooCMF Iter:    5 Total= -3344.140346686760 G=    4.810e-02 #SS:    5
 ooCMF Iter:    6 Total= -3344.142960887317 G=    4.567e-02 #SS:    6
 ooCMF Iter:    7 Total= -3344.147550833770 G=    4.031e-02 #SS:    7
 ooCMF Iter:    8 Total= -3344.156381571108 G=    2.417e-02 #SS:    8
 ooCMF Iter:    9 Total= -3344.157600553087 G=    1.793e-02 #SS:    9
 ooCMF Iter:   10 Total= -3344.158241489339 G=    1.383e-02 #SS:   10
 ooCMF Iter:   11 Total= -3344.158289931101 G=    1.138e-02 #SS:   11
 ooCMF Iter:   12 Total= -3344.158432851600 G=    9.991e-03 #SS:   12
 ooCMF Iter:   13 Total= -3344.158456588596 G=    9.460e-03 #SS:   13
 ooCMF Iter:   14 Total= -3344.158501970252 G=    9.053e-03 #SS:   14
 ooCMF Iter:   15 Total= -3344.158630038080 G=    8.335e-03 #SS:   15
 ooCMF Iter:   16 Total= -3344.158791054988 G=    6.342e-03 #SS:   16
 ooCMF Iter:   17 Total= -3344.158915996456 G=    4.580e-03 #SS:   17
 ooCMF Iter:   18 Total= -3344.158950081700 G=    3.683e-03 #SS:   18
 ooCMF Iter:   19 Total= -3344.158964361292 G=    3.073e-03 #SS:   19
 ooCMF Iter:   20 Total= -3344.158971803311 G=    2.782e-03 #SS:   20
 ooCMF Iter:   21 Total= -3344.158976706191 G=    2.609e-03 #SS:   21
 ooCMF Iter:   22 Total= -3344.158982892929 G=    2.415e-03 #SS:   22
 ooCMF Iter:   23 Total= -3344.158990628790 G=    2.046e-03 #SS:   23
 ooCMF Iter:   24 Total= -3344.159002105970 G=    1.487e-03 #SS:   24
 ooCMF Iter:   25 Total= -3344.159005687293 G=    1.085e-03 #SS:   24
 ooCMF Iter:   26 Total= -3344.159007401867 G=    7.313e-04 #SS:   24
 ooCMF Iter:   27 Total= -3344.159007826218 G=    6.035e-04 #SS:   24
 ooCMF Iter:   28 Total= -3344.159008026696 G=    5.442e-04 #SS:   24
 ooCMF Iter:   29 Total= -3344.159008120853 G=    5.276e-04 #SS:   24
 ooCMF Iter:   30 Total= -3344.159008254996 G=    5.106e-04 #SS:   24
 ooCMF Iter:   31 Total= -3344.159008685485 G=    4.679e-04 #SS:   24
 ooCMF Iter:   32 Total= -3344.159009162441 G=    4.184e-04 #SS:   24
 ooCMF Iter:   33 Total= -3344.159009627121 G=    3.577e-04 #SS:   24
 ooCMF Iter:   34 Total= -3344.159010019278 G=    2.923e-04 #SS:   24
 ooCMF Iter:   35 Total= -3344.159010127688 G=    2.782e-04 #SS:   24
 ooCMF Iter:   36 Total= -3344.159010174353 G=    2.717e-04 #SS:   24
 ooCMF Iter:   37 Total= -3344.159010222720 G=    2.673e-04 #SS:   24
 ooCMF Iter:   38 Total= -3344.159010267366 G=    2.642e-04 #SS:   24
 ooCMF Iter:   39 Total= -3344.159010407743 G=    2.563e-04 #SS:   24
 ooCMF Iter:   40 Total= -3344.159010563492 G=    2.477e-04 #SS:   24
 ooCMF Iter:   41 Total= -3344.159010769850 G=    2.369e-04 #SS:   24
 ooCMF Iter:   42 Total= -3344.159011126500 G=    2.174e-04 #SS:   24
 ooCMF Iter:   43 Total= -3344.159011341471 G=    2.084e-04 #SS:   24
 ooCMF Iter:   44 Total= -3344.159011446427 G=    2.030e-04 #SS:   24
 ooCMF Iter:   45 Total= -3344.159011536353 G=    1.978e-04 #SS:   24
 ooCMF Iter:   46 Total= -3344.159011679199 G=    1.887e-04 #SS:   24
 ooCMF Iter:   47 Total= -3344.159011954653 G=    1.702e-04 #SS:   24
 ooCMF Iter:   48 Total= -3344.159012208005 G=    1.491e-04 #SS:   24
 ooCMF Iter:   49 Total= -3344.159012424118 G=    1.265e-04 #SS:   24
 ooCMF Iter:   50 Total= -3344.159012555265 G=    1.034e-04 #SS:   24
 ooCMF Iter:   51 Total= -3344.159012649288 G=    8.290e-05 #SS:   24
 ooCMF Iter:   52 Total= -3344.159012668125 G=    7.744e-05 #SS:   24
 ooCMF Iter:   53 Total= -3344.159012674179 G=    7.533e-05 #SS:   24
 ooCMF Iter:   54 Total= -3344.159012687288 G=    6.930e-05 #SS:   24
 ooCMF Iter:   55 Total= -3344.159012707722 G=    6.008e-05 #SS:   24
 ooCMF Iter:   56 Total= -3344.159012728661 G=    4.325e-05 #SS:   24
 ooCMF Iter:   57 Total= -3344.159012736744 G=    3.302e-05 #SS:   24
 ooCMF Iter:   58 Total= -3344.159012741311 G=    2.054e-05 #SS:   24
 ooCMF Iter:   59 Total= -3344.159012742057 G=    1.561e-05 #SS:   24
 ooCMF Iter:   60 Total= -3344.159012742400 G=    1.267e-05 #SS:   24
 ooCMF Iter:   61 Total= -3344.159012742541 G=    1.153e-05 #SS:   24
 ooCMF Iter:   62 Total= -3344.159012742608 G=    1.080e-05 #SS:   24
 ooCMF Iter:   63 Total= -3344.159012742723 G=    9.529e-06 #SS:   24
 ooCMF Iter:   64 Total= -3344.159012742894 G=    7.368e-06 #SS:   24
 ooCMF Iter:   65 Total= -3344.159012742999 G=    5.323e-06 #SS:   24
 ooCMF Iter:   66 Total= -3344.159012743047 G=    3.609e-06 #SS:   24
 ooCMF Iter:   67 Total= -3344.159012743057 G=    2.970e-06 #SS:   24
 ooCMF Iter:   68 Total= -3344.159012743061 G=    2.775e-06 #SS:   24
 ooCMF Iter:   69 Total= -3344.159012743066 G=    2.539e-06 #SS:   24
 ooCMF Iter:   70 Total= -3344.159012743071 G=    2.418e-06 #SS:   24
 ooCMF Iter:   71 Total= -3344.159012743075 G=    2.337e-06 #SS:   24
 ooCMF Iter:   72 Total= -3344.159012743082 G=    2.193e-06 #SS:   24
 ooCMF Iter:   73 Total= -3344.159012743087 G=    2.079e-06 #SS:   24
 ooCMF Iter:   74 Total= -3344.159012743093 G=    1.979e-06 #SS:   24
 ooCMF Iter:   75 Total= -3344.159012743101 G=    1.854e-06 #SS:   24
 ooCMF Iter:   76 Total= -3344.159012743106 G=    1.784e-06 #SS:   24
 ooCMF Iter:   77 Total= -3344.159012743115 G=    1.673e-06 #SS:   24
 ooCMF Iter:   78 Total= -3344.159012743121 G=    1.620e-06 #SS:   24
 ooCMF Iter:   79 Total= -3344.159012743125 G=    1.573e-06 #SS:   24
 ooCMF Iter:   80 Total= -3344.159012743127 G=    1.531e-06 #SS:   24
 ooCMF Iter:   81 Total= -3344.159012743131 G=    1.501e-06 #SS:   24
 ooCMF Iter:   82 Total= -3344.159012743132 G=    1.481e-06 #SS:   24
 ooCMF Iter:   83 Total= -3344.159012743136 G=    1.453e-06 #SS:   24
 ooCMF Iter:   84 Total= -3344.159012743145 G=    1.419e-06 #SS:   24
 ooCMF Iter:   85 Total= -3344.159012743151 G=    1.355e-06 #SS:   24
 ooCMF Iter:   86 Total= -3344.159012743175 G=    1.184e-06 #SS:   24
 ooCMF Iter:   87 Total= -3344.159012743186 G=    1.075e-06 #SS:   24
 ooCMF Iter:   88 Total= -3344.159012743198 G=    9.622e-07 #SS:   24
 ooCMF Iter:   89 Total= -3344.159012743199 G=    8.965e-07 #SS:   24
 ooCMF Iter:   90 Total= -3344.159012743204 G=    8.468e-07 #SS:   24
 ooCMF Iter:   91 Total= -3344.159012743206 G=    7.889e-07 #SS:   24
 ooCMF Iter:   92 Total= -3344.159012743208 G=    7.374e-07 #SS:   24
 ooCMF Iter:   93 Total= -3344.159012743210 G=    6.879e-07 #SS:   24
 ooCMF Iter:   94 Total= -3344.159012743212 G=    6.194e-07 #SS:   24
 ooCMF Iter:   95 Total= -3344.159012743212 G=    5.316e-07 #SS:   24
 ooCMF Iter:   96 Total= -3344.159012743216 G=    4.632e-07 #SS:   24
 ooCMF Iter:   97 Total= -3344.159012743216 G=    3.947e-07 #SS:   24
 ooCMF Iter:   98 Total= -3344.159012743215 G=    3.438e-07 #SS:   24
 ooCMF Iter:   99 Total= -3344.159012743215 G=    3.169e-07 #SS:   24
 ooCMF Iter:  100 Total= -3344.159012743219 G=    3.025e-07 #SS:   24
 ooCMF Iter:  101 Total= -3344.159012743216 G=    2.842e-07 #SS:   24
 ooCMF Iter:  102 Total= -3344.159012743217 G=    2.528e-07 #SS:   24
 ooCMF Iter:  103 Total= -3344.159012743216 G=    2.316e-07 #SS:   24
 ooCMF Iter:  104 Total= -3344.159012743218 G=    2.199e-07 #SS:   24
 ooCMF Iter:  105 Total= -3344.159012743220 G=    2.019e-07 #SS:   24
 ooCMF Iter:  106 Total= -3344.159012743219 G=    1.891e-07 #SS:   24
 ooCMF Iter:  107 Total= -3344.159012743216 G=    1.779e-07 #SS:   24
 ooCMF Iter:  108 Total= -3344.159012743219 G=    1.680e-07 #SS:   24
 ooCMF Iter:  109 Total= -3344.159012743219 G=    1.615e-07 #SS:   24
 ooCMF Iter:  110 Total= -3344.159012743217 G=    1.565e-07 #SS:   24
 ooCMF Iter:  111 Total= -3344.159012743219 G=    1.516e-07 #SS:   24
 ooCMF Iter:  112 Total= -3344.159012743219 G=    1.477e-07 #SS:   24
 ooCMF Iter:  113 Total= -3344.159012743218 G=    1.416e-07 #SS:   24
 ooCMF Iter:  114 Total= -3344.159012743218 G=    1.375e-07 #SS:   24
 ooCMF Iter:  115 Total= -3344.159012743217 G=    1.355e-07 #SS:   24
 ooCMF Iter:  116 Total= -3344.159012743218 G=    1.336e-07 #SS:   24
 ooCMF Iter:  117 Total= -3344.159012743219 G=    1.323e-07 #SS:   24
 ooCMF Iter:  118 Total= -3344.159012743217 G=    1.303e-07 #SS:   24
 ooCMF Iter:  119 Total= -3344.159012743219 G=    1.272e-07 #SS:   24
 ooCMF Iter:  120 Total= -3344.159012743218 G=    1.216e-07 #SS:   24
 ooCMF Iter:  121 Total= -3344.159012743216 G=    1.163e-07 #SS:   24
 ooCMF Iter:  122 Total= -3344.159012743217 G=    1.113e-07 #SS:   24
 ooCMF Iter:  123 Total= -3344.159012743219 G=    1.057e-07 #SS:   24
 ooCMF Iter:  124 Total= -3344.159012743218 G=    1.013e-07 #SS:   24
 ooCMF Iter:  125 Total= -3344.159012743218 G=    9.774e-08 #SS:   24
 Solve OO-CMF with DIIS
 ooCMF Iter:    1 Total= -3344.158690449081 G=    2.429e-02 #SS:    1
 ooCMF Iter:    2 Total= -3344.158971793652 G=    6.309e-03 #SS:    2
 ooCMF Iter:    3 Total= -3344.159010344521 G=    1.559e-03 #SS:    3
 ooCMF Iter:    4 Total= -3344.159012640429 G=    4.816e-04 #SS:    4
 ooCMF Iter:    5 Total= -3344.159012728598 G=    2.026e-04 #SS:    5
 ooCMF Iter:    6 Total= -3344.159012739910 G=    8.487e-05 #SS:    6
 ooCMF Iter:    7 Total= -3344.159012743027 G=    1.318e-05 #SS:    7
 ooCMF Iter:    8 Total= -3344.159012743201 G=    4.473e-06 #SS:    8
 ooCMF Iter:    9 Total= -3344.159012743218 G=    1.845e-06 #SS:    9
 ooCMF Iter:   10 Total= -3344.159012743218 G=    8.143e-07 #SS:   10
 ooCMF Iter:   11 Total= -3344.159012743219 G=    2.916e-07 #SS:   11
*ooCMF Iter:   12 Total= -3344.159012743220 G=    9.769e-08 #SS:   12
 35.646428 seconds (812.27 k allocations: 7.205 GiB, 1.70% gc time)
 Solve OO-CMF with DIIS
 ooCMF Iter:    1 Total= -3344.158731586987 G=    2.272e-02 #SS:    1
 ooCMF Iter:    2 Total= -3344.159006539187 G=    4.651e-03 #SS:    2
 ooCMF Iter:    3 Total= -3344.159011768760 G=    1.893e-03 #SS:    3
 ooCMF Iter:    4 Total= -3344.159012443138 G=    9.267e-04 #SS:    4
 ooCMF Iter:    5 Total= -3344.159012642491 G=    5.212e-04 #SS:    5
 ooCMF Iter:    6 Total= -3344.159012730389 G=    1.860e-04 #SS:    6
 ooCMF Iter:    7 Total= -3344.159012742869 G=    3.373e-05 #SS:    7
 ooCMF Iter:    8 Total= -3344.159012743210 G=    7.113e-06 #SS:    8
 ooCMF Iter:    9 Total= -3344.159012743217 G=    2.451e-06 #SS:    9
 ooCMF Iter:   10 Total= -3344.159012743219 G=    1.055e-06 #SS:   10
 ooCMF Iter:   11 Total= -3344.159012743221 G=    2.834e-07 #SS:   11
*ooCMF Iter:   12 Total= -3344.159012743218 G=    3.410e-08 #SS:   12
 40.164861 seconds (1.32 M allocations: 7.022 GiB, 1.32% gc time)
 Solve OO-CMF with newton
 Step:    1 E: -3344.135698894625 G:     8.80e-02  
 Step:    2 E: -3344.158731586987 G:     2.27e-02  
 Step:    3 E: -3344.159004444723 G:     3.69e-03  
 Step:    4 E: -3344.159012021893 G:     1.29e-03  
 Step:    5 E: -3344.159012586532 G:     6.40e-04  
 Step:    6 E: -3344.159012701711 G:     3.32e-04  
 Step:    7 E: -3344.159012731969 G:     1.73e-04  
 Step:    8 E: -3344.159012740161 G:     9.02e-05  
 Step:    9 E: -3344.159012742383 G:     4.71e-05  
 Step:   10 E: -3344.159012742991 G:     2.46e-05  
 Step:   11 E: -3344.159012743155 G:     1.28e-05  
 Step:   12 E: -3344.159012743201 G:     6.70e-06  
 Step:   13 E: -3344.159012743214 G:     3.50e-06  
 Step:   14 E: -3344.159012743217 G:     1.83e-06  
 Step:   15 E: -3344.159012743217 G:     9.54e-07  
 Step:   16 E: -3344.159012743217 G:     4.99e-07  
 Step:   17 E: -3344.159012743220 G:     2.62e-07  
 Step:   18 E: -3344.159012743219 G:     1.39e-07  
 Step:   19 E: -3344.159012743218 G:     7.65e-08  
 39.556572 seconds (1.15 M allocations: 5.457 GiB, 0.81% gc time)
 Solve OO-CMF with newton
 Step:    1 E: -3344.135698894625 G:     8.80e-02  
 Step:    2 E: -3344.158690449080 G:     2.43e-02  
 Step:    3 E: -3344.159007740084 G:     1.79e-03  
 Step:    4 E: -3344.159012638101 G:     2.40e-04  
 Step:    5 E: -3344.159012741017 G:     3.44e-05  
 Step:    6 E: -3344.159012743171 G:     4.97e-06  
 Step:    7 E: -3344.159012743216 G:     7.21e-07  
 Step:    8 E: -3344.159012743217 G:     1.12e-07  
 Step:    9 E: -3344.159012743218 G:     3.90e-08  
 17.491797 seconds (347.38 k allocations: 2.656 GiB, 0.87% gc time)