ooCMF Iter:    1 Total= -2648.871010907143 Active= -249.084555487955 G=     1.58e-01
 ooCMF Iter:    2 Total= -2648.874388007109 Active= -249.087932587920 G=     1.30e-01
 ooCMF Iter:    3 Total= -2648.875980477126 Active= -249.089525057937 G=     1.37e-01
 ooCMF Iter:    4 Total= -2648.876973104402 Active= -249.090517685213 G=     6.60e-02
 ooCMF Iter:    5 Total= -2648.877201120935 Active= -249.090745701747 G=     3.31e-02
 ooCMF Iter:    6 Total= -2648.877258213562 Active= -249.090802794373 G=     1.41e-02
 ooCMF Iter:    7 Total= -2648.877270071949 Active= -249.090814652761 G=     1.31e-02
 ooCMF Iter:    8 Total= -2648.877287626970 Active= -249.090832207781 G=     1.47e-02
 ooCMF Iter:    9 Total= -2648.877325130385 Active= -249.090869711196 G=     2.22e-02
 ooCMF Iter:   10 Total= -2648.877384325545 Active= -249.090928906357 G=     3.00e-02
 ooCMF Iter:   11 Total= -2648.877490657012 Active= -249.091035237824 G=     4.38e-02
 ooCMF Iter:   12 Total= -2648.877689399155 Active= -249.091233979967 G=     4.79e-02
 ooCMF Iter:   13 Total= -2648.877910783013 Active= -249.091455363824 G=     4.13e-02
 ooCMF Iter:   14 Total= -2648.878024659923 Active= -249.091569240734 G=     3.22e-02
 ooCMF Iter:   15 Total= -2648.878077745681 Active= -249.091622326493 G=     2.51e-02
 ooCMF Iter:   16 Total= -2648.878135126349 Active= -249.091679707161 G=     1.39e-02
 ooCMF Iter:   17 Total= -2648.878143199149 Active= -249.091687779960 G=     9.61e-03
 ooCMF Iter:   18 Total= -2648.878151834372 Active= -249.091696415184 G=     1.06e-02
 ooCMF Iter:   19 Total= -2648.878159945172 Active= -249.091704525984 G=     9.07e-03
 ooCMF Iter:   20 Total= -2648.878174219028 Active= -249.091718799839 G=     1.79e-02
 ooCMF Iter:   21 Total= -2648.878205261883 Active= -249.091749842695 G=     1.78e-02
 ooCMF Iter:   22 Total= -2648.878235881197 Active= -249.091780462009 G=     2.29e-02
 ooCMF Iter:   23 Total= -2648.878321028227 Active= -249.091865609038 G=     2.88e-02
 ooCMF Iter:   24 Total= -2648.878352520241 Active= -249.091897101052 G=     2.36e-02
 ooCMF Iter:   25 Total= -2648.878381129055 Active= -249.091925709866 G=     2.34e-02
 ooCMF Iter:   26 Total= -2648.878420325239 Active= -249.091964906051 G=     1.25e-02
 ooCMF Iter:   27 Total= -2648.878428184173 Active= -249.091972764984 G=     8.81e-03
 ooCMF Iter:   28 Total= -2648.878434322373 Active= -249.091978903185 G=     4.88e-03
 ooCMF Iter:   29 Total= -2648.878436089455 Active= -249.091980670266 G=     4.74e-03
 ooCMF Iter:   30 Total= -2648.878438001009 Active= -249.091982581821 G=     4.01e-03
 ooCMF Iter:   31 Total= -2648.878439209480 Active= -249.091983790292 G=     4.72e-03
 ooCMF Iter:   32 Total= -2648.878442851521 Active= -249.091987432333 G=     7.75e-03
 ooCMF Iter:   33 Total= -2648.878447761063 Active= -249.091992341875 G=     9.11e-03
 ooCMF Iter:   34 Total= -2648.878453775232 Active= -249.091998356043 G=     1.06e-02
 ooCMF Iter:   35 Total= -2648.878460250741 Active= -249.092004831552 G=     1.14e-02
 ooCMF Iter:   36 Total= -2648.878471235420 Active= -249.092015816232 G=     1.31e-02
 ooCMF Iter:   37 Total= -2648.878480335310 Active= -249.092024916121 G=     9.66e-03
 ooCMF Iter:   38 Total= -2648.878483299197 Active= -249.092027880009 G=     6.09e-03
 ooCMF Iter:   39 Total= -2648.878484269850 Active= -249.092028850662 G=     5.05e-03
 ooCMF Iter:   40 Total= -2648.878485236615 Active= -249.092029817427 G=     3.65e-03
 ooCMF Iter:   41 Total= -2648.878486055903 Active= -249.092030636714 G=     4.01e-03
 ooCMF Iter:   42 Total= -2648.878487531111 Active= -249.092032111923 G=     5.07e-03
 ooCMF Iter:   43 Total= -2648.878488296432 Active= -249.092032877244 G=     5.76e-03
 ooCMF Iter:   44 Total= -2648.878490859167 Active= -249.092035439978 G=     9.56e-03
 ooCMF Iter:   45 Total= -2648.878493328446 Active= -249.092037909257 G=     9.02e-03
 ooCMF Iter:   46 Total= -2648.878496359540 Active= -249.092040940352 G=     9.09e-03
 ooCMF Iter:   47 Total= -2648.878499401532 Active= -249.092043982344 G=     7.16e-03
 ooCMF Iter:   48 Total= -2648.878501081720 Active= -249.092045662531 G=     5.37e-03
 ooCMF Iter:   49 Total= -2648.878501709660 Active= -249.092046290471 G=     4.36e-03
 ooCMF Iter:   50 Total= -2648.878502399522 Active= -249.092046980334 G=     2.95e-03
 ooCMF Iter:   51 Total= -2648.878502575312 Active= -249.092047156123 G=     2.34e-03
 ooCMF Iter:   52 Total= -2648.878502774464 Active= -249.092047355276 G=     1.97e-03
 ooCMF Iter:   53 Total= -2648.878502944944 Active= -249.092047525756 G=     1.73e-03
 ooCMF Iter:   54 Total= -2648.878503127060 Active= -249.092047707872 G=     2.32e-03
 ooCMF Iter:   55 Total= -2648.878503439269 Active= -249.092048020081 G=     3.29e-03
 ooCMF Iter:   56 Total= -2648.878503685291 Active= -249.092048266102 G=     3.89e-03
 ooCMF Iter:   57 Total= -2648.878504247541 Active= -249.092048828353 G=     5.40e-03
 ooCMF Iter:   58 Total= -2648.878505428992 Active= -249.092050009804 G=     6.51e-03
 ooCMF Iter:   59 Total= -2648.878506926559 Active= -249.092051507371 G=     8.37e-03
 ooCMF Iter:   60 Total= -2648.878508946371 Active= -249.092053527183 G=     9.05e-03
 ooCMF Iter:   61 Total= -2648.878510057714 Active= -249.092054638526 G=     9.13e-03
 ooCMF Iter:   62 Total= -2648.878511891430 Active= -249.092056472242 G=     7.50e-03
 ooCMF Iter:   63 Total= -2648.878512746463 Active= -249.092057327274 G=     5.97e-03
 ooCMF Iter:   64 Total= -2648.878513757677 Active= -249.092058338488 G=     4.11e-03
 ooCMF Iter:   65 Total= -2648.878514135446 Active= -249.092058716258 G=     3.34e-03
 ooCMF Iter:   66 Total= -2648.878514598761 Active= -249.092059179573 G=     3.14e-03
 ooCMF Iter:   67 Total= -2648.878514851782 Active= -249.092059432594 G=     2.98e-03
 ooCMF Iter:   68 Total= -2648.878515509791 Active= -249.092060090603 G=     4.21e-03
 ooCMF Iter:   69 Total= -2648.878516059108 Active= -249.092060639920 G=     4.73e-03
 ooCMF Iter:   70 Total= -2648.878516660682 Active= -249.092061241493 G=     6.08e-03
 ooCMF Iter:   71 Total= -2648.878518207769 Active= -249.092062788581 G=     7.80e-03
 ooCMF Iter:   72 Total= -2648.878519650172 Active= -249.092064230984 G=     9.01e-03
 ooCMF Iter:   73 Total= -2648.878521869970 Active= -249.092066450781 G=     9.49e-03
 ooCMF Iter:   74 Total= -2648.878522937251 Active= -249.092067518063 G=     9.03e-03
 ooCMF Iter:   75 Total= -2648.878525240429 Active= -249.092069821240 G=     6.77e-03
 ooCMF Iter:   76 Total= -2648.878526169858 Active= -249.092070750670 G=     5.29e-03
 ooCMF Iter:   77 Total= -2648.878526793208 Active= -249.092071374019 G=     4.23e-03
 ooCMF Iter:   78 Total= -2648.878527090538 Active= -249.092071671350 G=     3.23e-03
 ooCMF Iter:   79 Total= -2648.878527339099 Active= -249.092071919911 G=     2.48e-03
 ooCMF Iter:   80 Total= -2648.878527594903 Active= -249.092072175715 G=     2.11e-03
 ooCMF Iter:   81 Total= -2648.878527714627 Active= -249.092072295439 G=     1.99e-03
 ooCMF Iter:   82 Total= -2648.878527923123 Active= -249.092072503935 G=     2.79e-03
 ooCMF Iter:   83 Total= -2648.878528168847 Active= -249.092072749659 G=     3.20e-03
 ooCMF Iter:   84 Total= -2648.878528459314 Active= -249.092073040125 G=     3.80e-03
 ooCMF Iter:   85 Total= -2648.878528980224 Active= -249.092073561036 G=     4.30e-03
 ooCMF Iter:   86 Total= -2648.878529521325 Active= -249.092074102137 G=     5.06e-03
 ooCMF Iter:   87 Total= -2648.878530580480 Active= -249.092075161292 G=     5.17e-03
 ooCMF Iter:   88 Total= -2648.878530979394 Active= -249.092075560206 G=     4.84e-03
 ooCMF Iter:   89 Total= -2648.878531482233 Active= -249.092076063045 G=     3.76e-03
 ooCMF Iter:   90 Total= -2648.878531677597 Active= -249.092076258408 G=     3.08e-03
 ooCMF Iter:   91 Total= -2648.878531935875 Active= -249.092076516687 G=     1.98e-03
 ooCMF Iter:   92 Total= -2648.878532035330 Active= -249.092076616142 G=     1.46e-03
 ooCMF Iter:   93 Total= -2648.878532112054 Active= -249.092076692865 G=     1.34e-03
 ooCMF Iter:   94 Total= -2648.878532175533 Active= -249.092076756344 G=     1.41e-03
 ooCMF Iter:   95 Total= -2648.878532253067 Active= -249.092076833878 G=     1.57e-03
 ooCMF Iter:   96 Total= -2648.878532352033 Active= -249.092076932845 G=     2.03e-03
 ooCMF Iter:   97 Total= -2648.878532543885 Active= -249.092077124697 G=     2.87e-03
 ooCMF Iter:   98 Total= -2648.878532777077 Active= -249.092077357889 G=     3.55e-03
 ooCMF Iter:   99 Total= -2648.878533075009 Active= -249.092077655821 G=     4.11e-03
 ooCMF Iter:  100 Total= -2648.878533601562 Active= -249.092078182373 G=     4.41e-03
 ooCMF Iter:  101 Total= -2648.878534159492 Active= -249.092078740303 G=     4.29e-03
 ooCMF Iter:  102 Total= -2648.878534617243 Active= -249.092079198055 G=     3.77e-03
 ooCMF Iter:  103 Total= -2648.878534899142 Active= -249.092079479954 G=     3.38e-03
 ooCMF Iter:  104 Total= -2648.878535175314 Active= -249.092079756126 G=     2.36e-03
 ooCMF Iter:  105 Total= -2648.878535266209 Active= -249.092079847021 G=     1.89e-03
 ooCMF Iter:  106 Total= -2648.878535352653 Active= -249.092079933465 G=     1.21e-03
 ooCMF Iter:  107 Total= -2648.878535397016 Active= -249.092079977828 G=     1.00e-03
 ooCMF Iter:  108 Total= -2648.878535440507 Active= -249.092080021319 G=     7.68e-04
 ooCMF Iter:  109 Total= -2648.878535456244 Active= -249.092080037055 G=     8.32e-04
 ooCMF Iter:  110 Total= -2648.878535499436 Active= -249.092080080247 G=     9.47e-04
 ooCMF Iter:  111 Total= -2648.878535530495 Active= -249.092080111307 G=     1.06e-03
 ooCMF Iter:  112 Total= -2648.878535574008 Active= -249.092080154820 G=     1.15e-03
 ooCMF Iter:  113 Total= -2648.878535610444 Active= -249.092080191256 G=     1.10e-03
 ooCMF Iter:  114 Total= -2648.878535647118 Active= -249.092080227929 G=     9.27e-04
 ooCMF Iter:  115 Total= -2648.878535666459 Active= -249.092080247271 G=     7.14e-04
 ooCMF Iter:  116 Total= -2648.878535685524 Active= -249.092080266335 G=     4.81e-04
 ooCMF Iter:  117 Total= -2648.878535691140 Active= -249.092080271952 G=     3.88e-04
 ooCMF Iter:  118 Total= -2648.878535696518 Active= -249.092080277330 G=     3.05e-04
 ooCMF Iter:  119 Total= -2648.878535703342 Active= -249.092080284153 G=     3.27e-04
 ooCMF Iter:  120 Total= -2648.878535706972 Active= -249.092080287784 G=     3.77e-04
 ooCMF Iter:  121 Total= -2648.878535716930 Active= -249.092080297742 G=     5.42e-04
 ooCMF Iter:  122 Total= -2648.878535727553 Active= -249.092080308365 G=     6.56e-04
 ooCMF Iter:  123 Total= -2648.878535739946 Active= -249.092080320758 G=     6.79e-04
 ooCMF Iter:  124 Total= -2648.878535751350 Active= -249.092080332161 G=     6.02e-04
 ooCMF Iter:  125 Total= -2648.878535762440 Active= -249.092080343252 G=     4.78e-04
 ooCMF Iter:  126 Total= -2648.878535769823 Active= -249.092080350634 G=     3.49e-04
 ooCMF Iter:  127 Total= -2648.878535772676 Active= -249.092080353487 G=     2.87e-04
 ooCMF Iter:  128 Total= -2648.878535774479 Active= -249.092080355290 G=     2.16e-04
 ooCMF Iter:  129 Total= -2648.878535776895 Active= -249.092080357707 G=     1.61e-04
 ooCMF Iter:  130 Total= -2648.878535777898 Active= -249.092080358710 G=     1.74e-04
 ooCMF Iter:  131 Total= -2648.878535779666 Active= -249.092080360478 G=     2.17e-04
 ooCMF Iter:  132 Total= -2648.878535782058 Active= -249.092080362870 G=     2.96e-04
 ooCMF Iter:  133 Total= -2648.878535785221 Active= -249.092080366033 G=     3.43e-04
 ooCMF Iter:  134 Total= -2648.878535792746 Active= -249.092080373558 G=     4.39e-04
 ooCMF Iter:  135 Total= -2648.878535797002 Active= -249.092080377814 G=     4.50e-04
 ooCMF Iter:  136 Total= -2648.878535803208 Active= -249.092080384020 G=     3.80e-04
 ooCMF Iter:  137 Total= -2648.878535806336 Active= -249.092080387147 G=     3.00e-04
 ooCMF Iter:  138 Total= -2648.878535808381 Active= -249.092080389192 G=     1.94e-04
 ooCMF Iter:  139 Total= -2648.878535809489 Active= -249.092080390300 G=     1.43e-04
 ooCMF Iter:  140 Total= -2648.878535810150 Active= -249.092080390962 G=     9.54e-05
 ooCMF Iter:  141 Total= -2648.878535810485 Active= -249.092080391297 G=     8.47e-05
 ooCMF Iter:  142 Total= -2648.878535810807 Active= -249.092080391619 G=     8.12e-05
 ooCMF Iter:  143 Total= -2648.878535811235 Active= -249.092080392047 G=     1.11e-04
 ooCMF Iter:  144 Total= -2648.878535812136 Active= -249.092080392948 G=     1.73e-04
 ooCMF Iter:  145 Total= -2648.878535813532 Active= -249.092080394344 G=     2.44e-04
 ooCMF Iter:  146 Total= -2648.878535816789 Active= -249.092080397601 G=     2.95e-04
 ooCMF Iter:  147 Total= -2648.878535820013 Active= -249.092080400825 G=     3.32e-04
 ooCMF Iter:  148 Total= -2648.878535821928 Active= -249.092080402740 G=     3.05e-04
 ooCMF Iter:  149 Total= -2648.878535825143 Active= -249.092080405955 G=     2.11e-04
 ooCMF Iter:  150 Total= -2648.878535826294 Active= -249.092080407105 G=     1.57e-04
 ooCMF Iter:  151 Total= -2648.878535827013 Active= -249.092080407825 G=     1.24e-04
 ooCMF Iter:  152 Total= -2648.878535827537 Active= -249.092080408349 G=     1.03e-04
 ooCMF Iter:  153 Total= -2648.878535828056 Active= -249.092080408868 G=     9.23e-05
 ooCMF Iter:  154 Total= -2648.878535828487 Active= -249.092080409299 G=     1.08e-04
 ooCMF Iter:  155 Total= -2648.878535829173 Active= -249.092080409985 G=     1.35e-04
 ooCMF Iter:  156 Total= -2648.878535830075 Active= -249.092080410887 G=     1.83e-04
 ooCMF Iter:  157 Total= -2648.878535831367 Active= -249.092080412178 G=     2.27e-04
 ooCMF Iter:  158 Total= -2648.878535833219 Active= -249.092080414031 G=     2.49e-04
 ooCMF Iter:  159 Total= -2648.878535835565 Active= -249.092080416377 G=     2.34e-04
 ooCMF Iter:  160 Total= -2648.878535836723 Active= -249.092080417534 G=     1.95e-04
 ooCMF Iter:  161 Total= -2648.878535838333 Active= -249.092080419145 G=     1.29e-04
 ooCMF Iter:  162 Total= -2648.878535838726 Active= -249.092080419538 G=     1.12e-04
 ooCMF Iter:  163 Total= -2648.878535839182 Active= -249.092080419994 G=     8.35e-05
 ooCMF Iter:  164 Total= -2648.878535839694 Active= -249.092080420506 G=     9.64e-05
 ooCMF Iter:  165 Total= -2648.878535840111 Active= -249.092080420922 G=     1.17e-04
 ooCMF Iter:  166 Total= -2648.878535840622 Active= -249.092080421433 G=     1.49e-04
 ooCMF Iter:  167 Total= -2648.878535842482 Active= -249.092080423293 G=     2.12e-04
 ooCMF Iter:  168 Total= -2648.878535844205 Active= -249.092080425017 G=     2.75e-04
 ooCMF Iter:  169 Total= -2648.878535847569 Active= -249.092080428381 G=     3.09e-04
 ooCMF Iter:  170 Total= -2648.878535851085 Active= -249.092080431897 G=     3.03e-04
 ooCMF Iter:  171 Total= -2648.878535852671 Active= -249.092080433483 G=     2.61e-04
 ooCMF Iter:  172 Total= -2648.878535854562 Active= -249.092080435373 G=     1.70e-04
 ooCMF Iter:  173 Total= -2648.878535855513 Active= -249.092080436325 G=     1.11e-04
 ooCMF Iter:  174 Total= -2648.878535855792 Active= -249.092080436603 G=     8.72e-05
 ooCMF Iter:  175 Total= -2648.878535856130 Active= -249.092080436942 G=     6.53e-05
 ooCMF Iter:  176 Total= -2648.878535856293 Active= -249.092080437105 G=     5.96e-05
 ooCMF Iter:  177 Total= -2648.878535856506 Active= -249.092080437317 G=     6.60e-05
 ooCMF Iter:  178 Total= -2648.878535856726 Active= -249.092080437537 G=     8.39e-05
 ooCMF Iter:  179 Total= -2648.878535857112 Active= -249.092080437923 G=     1.14e-04
 ooCMF Iter:  180 Total= -2648.878535857667 Active= -249.092080438479 G=     1.45e-04
 ooCMF Iter:  181 Total= -2648.878535858435 Active= -249.092080439247 G=     1.72e-04
 ooCMF Iter:  182 Total= -2648.878535859627 Active= -249.092080440439 G=     1.63e-04
 ooCMF Iter:  183 Total= -2648.878535860629 Active= -249.092080441440 G=     1.46e-04
 ooCMF Iter:  184 Total= -2648.878535861022 Active= -249.092080441834 G=     1.18e-04
 ooCMF Iter:  185 Total= -2648.878535861439 Active= -249.092080442250 G=     7.35e-05
 ooCMF Iter:  186 Total= -2648.878535861560 Active= -249.092080442371 G=     6.08e-05
 ooCMF Iter:  187 Total= -2648.878535861725 Active= -249.092080442537 G=     3.97e-05
 ooCMF Iter:  188 Total= -2648.878535861845 Active= -249.092080442656 G=     4.56e-05
 ooCMF Iter:  189 Total= -2648.878535861901 Active= -249.092080442713 G=     4.99e-05
 ooCMF Iter:  190 Total= -2648.878535862131 Active= -249.092080442942 G=     6.61e-05
 ooCMF Iter:  191 Total= -2648.878535862350 Active= -249.092080443161 G=     8.50e-05
 ooCMF Iter:  192 Total= -2648.878535862511 Active= -249.092080443323 G=     8.22e-05
 ooCMF Iter:  193 Total= -2648.878535862724 Active= -249.092080443536 G=     6.66e-05
 ooCMF Iter:  194 Total= -2648.878535862854 Active= -249.092080443666 G=     5.25e-05
 ooCMF Iter:  195 Total= -2648.878535862929 Active= -249.092080443741 G=     3.57e-05
 ooCMF Iter:  196 Total= -2648.878535862960 Active= -249.092080443772 G=     2.54e-05
 ooCMF Iter:  197 Total= -2648.878535862972 Active= -249.092080443784 G=     1.85e-05
 ooCMF Iter:  198 Total= -2648.878535863003 Active= -249.092080443815 G=     1.60e-05
 ooCMF Iter:  199 Total= -2648.878535863019 Active= -249.092080443831 G=     2.31e-05
 ooCMF Iter:  200 Total= -2648.878535863036 Active= -249.092080443848 G=     2.51e-05
 ooCMF Iter:  201 Total= -2648.878535863073 Active= -249.092080443885 G=     3.12e-05
 ooCMF Iter:  202 Total= -2648.878535863113 Active= -249.092080443925 G=     3.63e-05
 ooCMF Iter:  203 Total= -2648.878535863181 Active= -249.092080443992 G=     3.56e-05
 ooCMF Iter:  204 Total= -2648.878535863201 Active= -249.092080444013 G=     3.23e-05
 ooCMF Iter:  205 Total= -2648.878535863234 Active= -249.092080444046 G=     1.77e-05
 ooCMF Iter:  206 Total= -2648.878535863247 Active= -249.092080444058 G=     1.46e-05
 ooCMF Iter:  207 Total= -2648.878535863253 Active= -249.092080444064 G=     1.29e-05
 ooCMF Iter:  208 Total= -2648.878535863268 Active= -249.092080444079 G=     1.21e-05
 ooCMF Iter:  209 Total= -2648.878535863276 Active= -249.092080444088 G=     1.92e-05
 ooCMF Iter:  210 Total= -2648.878535863286 Active= -249.092080444098 G=     2.12e-05
 ooCMF Iter:  211 Total= -2648.878535863307 Active= -249.092080444119 G=     2.09e-05
 ooCMF Iter:  212 Total= -2648.878535863331 Active= -249.092080444143 G=     1.87e-05
 ooCMF Iter:  213 Total= -2648.878535863333 Active= -249.092080444145 G=     1.45e-05
 ooCMF Iter:  214 Total= -2648.878535863342 Active= -249.092080444153 G=     1.05e-05
 ooCMF Iter:  215 Total= -2648.878535863344 Active= -249.092080444156 G=     7.47e-06
 ooCMF Iter:  216 Total= -2648.878535863343 Active= -249.092080444155 G=     4.56e-06
 ooCMF Iter:  217 Total= -2648.878535863344 Active= -249.092080444155 G=     4.53e-06
 ooCMF Iter:  218 Total= -2648.878535863349 Active= -249.092080444161 G=     4.54e-06
 ooCMF Iter:  219 Total= -2648.878535863348 Active= -249.092080444160 G=     7.19e-06
 ooCMF Iter:  220 Total= -2648.878535863349 Active= -249.092080444160 G=     7.91e-06
 ooCMF Iter:  221 Total= -2648.878535863353 Active= -249.092080444165 G=     7.54e-06
 ooCMF Iter:  222 Total= -2648.878535863354 Active= -249.092080444165 G=     6.16e-06
 ooCMF Iter:  223 Total= -2648.878535863353 Active= -249.092080444165 G=     5.38e-06
 ooCMF Iter:  224 Total= -2648.878535863360 Active= -249.092080444171 G=     3.79e-06
 ooCMF Iter:  225 Total= -2648.878535863358 Active= -249.092080444169 G=     3.02e-06
 ooCMF Iter:  226 Total= -2648.878535863359 Active= -249.092080444170 G=     2.63e-06
 ooCMF Iter:  227 Total= -2648.878535863361 Active= -249.092080444173 G=     3.55e-06
 ooCMF Iter:  228 Total= -2648.878535863360 Active= -249.092080444172 G=     5.45e-06
 ooCMF Iter:  229 Total= -2648.878535863363 Active= -249.092080444175 G=     7.14e-06
 ooCMF Iter:  230 Total= -2648.878535863364 Active= -249.092080444176 G=     1.06e-05
 ooCMF Iter:  231 Total= -2648.878535863366 Active= -249.092080444178 G=     1.16e-05
 ooCMF Iter:  232 Total= -2648.878535863370 Active= -249.092080444182 G=     1.07e-05
 ooCMF Iter:  233 Total= -2648.878535863373 Active= -249.092080444184 G=     8.04e-06
 ooCMF Iter:  234 Total= -2648.878535863371 Active= -249.092080444183 G=     5.54e-06
 ooCMF Iter:  235 Total= -2648.878535863375 Active= -249.092080444187 G=     3.18e-06
 ooCMF Iter:  236 Total= -2648.878535863375 Active= -249.092080444187 G=     2.28e-06
 * Status: success

 * Candidate solution
    Final objective value:     -2.648879e+03

 * Found with
    Algorithm:     BFGS

 * Convergence measures
    |x - x'|               = 4.90e-07 ≰ 0.0e+00
    |x - x'|/|x'|          = 2.53e-06 ≰ 0.0e+00
    |f(x) - f(x')|         = 0.00e+00 ≤ 0.0e+00
    |f(x) - f(x')|/|f(x')| = 0.00e+00 ≤ 0.0e+00
    |g(x)|                 = 9.51e-07 ≤ 1.0e-06

 * Work counters
    Seconds run:   2518  (vs limit Inf)
    Iterations:    235
    f(x) calls:    471
    ∇f(x) calls:   471

*ooCMF -2648.87853586 
2534.584365 seconds (28.75 M allocations: 133.519 GiB, 0.26% gc time)
 ooCMF Iter:    1 Total= -2648.871010907143 Active= -249.084555487955 G=     1.58e-01
 ooCMF Iter:    2 Total= -2648.874388006614 Active= -249.087932587426 G=     1.30e-01
 ooCMF Iter:    3 Total= -2648.875980483292 Active= -249.089525064103 G=     1.37e-01
 ooCMF Iter:    4 Total= -2648.876973179242 Active= -249.090517760053 G=     6.55e-02
 ooCMF Iter:    5 Total= -2648.877201184109 Active= -249.090745764921 G=     3.29e-02
 ooCMF Iter:    6 Total= -2648.877258265378 Active= -249.090802846190 G=     1.40e-02
 ooCMF Iter:    7 Total= -2648.877270108232 Active= -249.090814689044 G=     1.29e-02
 ooCMF Iter:    8 Total= -2648.877287631579 Active= -249.090832212391 G=     1.46e-02
 ooCMF Iter:    9 Total= -2648.877325091667 Active= -249.090869672479 G=     2.21e-02
 ooCMF Iter:   10 Total= -2648.877384338903 Active= -249.090928919715 G=     2.99e-02
 ooCMF Iter:   11 Total= -2648.877491205684 Active= -249.091035786496 G=     4.32e-02
 ooCMF Iter:   12 Total= -2648.877691782190 Active= -249.091236363001 G=     4.77e-02
 ooCMF Iter:   13 Total= -2648.877914499642 Active= -249.091459080454 G=     4.09e-02
 ooCMF Iter:   14 Total= -2648.878027786411 Active= -249.091572367223 G=     3.12e-02
 ooCMF Iter:   15 Total= -2648.878080216157 Active= -249.091624796969 G=     2.32e-02
 ooCMF Iter:   16 Total= -2648.878132478889 Active= -249.091677059701 G=     1.57e-02
 ooCMF Iter:   17 Total= -2648.878142545049 Active= -249.091687125861 G=     8.78e-03
 ooCMF Iter:   18 Total= -2648.878148445312 Active= -249.091693026124 G=     8.45e-03
 ooCMF Iter:   19 Total= -2648.878154499215 Active= -249.091699080027 G=     9.83e-03
 ooCMF Iter:   20 Total= -2648.878160606504 Active= -249.091705187316 G=     9.16e-03
 ooCMF Iter:   21 Total= -2648.878168034806 Active= -249.091712615617 G=     1.26e-02
 ooCMF Iter:   22 Total= -2648.878184586053 Active= -249.091729166864 G=     2.01e-02
 ooCMF Iter:   23 Total= -2648.878212463505 Active= -249.091757044317 G=     2.13e-02
 ooCMF Iter:   24 Total= -2648.878236647221 Active= -249.091781228032 G=     2.03e-02
 ooCMF Iter:   25 Total= -2648.878262219450 Active= -249.091806800262 G=     2.35e-02
 ooCMF Iter:   26 Total= -2648.878296356190 Active= -249.091840937002 G=     2.73e-02
 ooCMF Iter:   27 Total= -2648.878333236419 Active= -249.091877817231 G=     2.51e-02
 ooCMF Iter:   28 Total= -2648.878358560028 Active= -249.091903140840 G=     1.92e-02
 ooCMF Iter:   29 Total= -2648.878371132445 Active= -249.091915713257 G=     1.32e-02
 ooCMF Iter:   30 Total= -2648.878376841011 Active= -249.091921421822 G=     9.95e-03
 ooCMF Iter:   31 Total= -2648.878380437128 Active= -249.091925017940 G=     8.60e-03
 ooCMF Iter:   32 Total= -2648.878383408673 Active= -249.091927989485 G=     7.59e-03
 ooCMF Iter:   33 Total= -2648.878385822843 Active= -249.091930403655 G=     6.66e-03
 ooCMF Iter:   34 Total= -2648.878387744005 Active= -249.091932324816 G=     6.11e-03
 ooCMF Iter:   35 Total= -2648.878389345147 Active= -249.091933925959 G=     5.42e-03
 ooCMF Iter:   36 Total= -2648.878390554092 Active= -249.091935134904 G=     4.65e-03
 ooCMF Iter:   37 Total= -2648.878391457254 Active= -249.091936038066 G=     4.36e-03
 ooCMF Iter:   38 Total= -2648.878392287048 Active= -249.091936867859 G=     4.32e-03
 ooCMF Iter:   39 Total= -2648.878393116581 Active= -249.091937697393 G=     4.24e-03
 ooCMF Iter:   40 Total= -2648.878393924907 Active= -249.091938505719 G=     4.29e-03
 ooCMF Iter:   41 Total= -2648.878394764070 Active= -249.091939344881 G=     4.54e-03
 ooCMF Iter:   42 Total= -2648.878395698657 Active= -249.091940279469 G=     4.76e-03
 ooCMF Iter:   43 Total= -2648.878396711867 Active= -249.091941292679 G=     4.95e-03
 ooCMF Iter:   44 Total= -2648.878397790773 Active= -249.091942371585 G=     5.27e-03
 ooCMF Iter:   45 Total= -2648.878398990721 Active= -249.091943571533 G=     5.62e-03
 ooCMF Iter:   46 Total= -2648.878400321365 Active= -249.091944902177 G=     5.82e-03
 ooCMF Iter:   47 Total= -2648.878401713736 Active= -249.091946294548 G=     5.98e-03
 ooCMF Iter:   48 Total= -2648.878403164157 Active= -249.091947744969 G=     6.30e-03
 ooCMF Iter:   49 Total= -2648.878404754840 Active= -249.091949335652 G=     6.65e-03
 ooCMF Iter:   50 Total= -2648.878406490497 Active= -249.091951071309 G=     6.74e-03
 ooCMF Iter:   51 Total= -2648.878408231762 Active= -249.091952812574 G=     6.62e-03
 ooCMF Iter:   52 Total= -2648.878409873313 Active= -249.091954454124 G=     6.54e-03
 ooCMF Iter:   53 Total= -2648.878411438410 Active= -249.091956019221 G=     6.44e-03
 ooCMF Iter:   54 Total= -2648.878412915010 Active= -249.091957495822 G=     6.03e-03
 ooCMF Iter:   55 Total= -2648.878414170439 Active= -249.091958751251 G=     5.32e-03
 ooCMF Iter:   56 Total= -2648.878415125250 Active= -249.091959706062 G=     4.68e-03
 ooCMF Iter:   57 Total= -2648.878415859837 Active= -249.091960440649 G=     4.27e-03
 ooCMF Iter:   58 Total= -2648.878416475754 Active= -249.091961056565 G=     3.91e-03
 ooCMF Iter:   59 Total= -2648.878417005042 Active= -249.091961585854 G=     3.52e-03
 ooCMF Iter:   60 Total= -2648.878417453030 Active= -249.091962033842 G=     3.28e-03
 ooCMF Iter:   61 Total= -2648.878417863012 Active= -249.091962443824 G=     3.32e-03
 ooCMF Iter:   62 Total= -2648.878418306424 Active= -249.091962887236 G=     3.56e-03
 ooCMF Iter:   63 Total= -2648.878418840638 Active= -249.091963421449 G=     3.87e-03
 ooCMF Iter:   64 Total= -2648.878419485052 Active= -249.091964065864 G=     4.20e-03
 ooCMF Iter:   65 Total= -2648.878420246290 Active= -249.091964827101 G=     4.65e-03
 ooCMF Iter:   66 Total= -2648.878421162980 Active= -249.091965743792 G=     5.20e-03
 ooCMF Iter:   67 Total= -2648.878422273274 Active= -249.091966854086 G=     5.63e-03
 ooCMF Iter:   68 Total= -2648.878423520611 Active= -249.091968101423 G=     5.75e-03
 ooCMF Iter:   69 Total= -2648.878424764652 Active= -249.091969345463 G=     5.68e-03
 ooCMF Iter:   70 Total= -2648.878425926424 Active= -249.091970507236 G=     5.59e-03
 ooCMF Iter:   71 Total= -2648.878427004200 Active= -249.091971585012 G=     5.38e-03
 ooCMF Iter:   72 Total= -2648.878427972332 Active= -249.091972553144 G=     4.93e-03
 ooCMF Iter:   73 Total= -2648.878428770575 Active= -249.091973351387 G=     4.37e-03
 ooCMF Iter:   74 Total= -2648.878429395300 Active= -249.091973976112 G=     3.95e-03
 ooCMF Iter:   75 Total= -2648.878429907900 Active= -249.091974488712 G=     3.68e-03
 ooCMF Iter:   76 Total= -2648.878430365054 Active= -249.091974945866 G=     3.46e-03
 ooCMF Iter:   77 Total= -2648.878430785112 Active= -249.091975365923 G=     3.25e-03
 ooCMF Iter:   78 Total= -2648.878431172395 Active= -249.091975753206 G=     3.15e-03
 ooCMF Iter:   79 Total= -2648.878431555990 Active= -249.091976136801 G=     3.27e-03
 ooCMF Iter:   80 Total= -2648.878431985933 Active= -249.091976566745 G=     3.53e-03
 ooCMF Iter:   81 Total= -2648.878432497392 Active= -249.091977078203 G=     3.78e-03
 ooCMF Iter:   82 Total= -2648.878433081600 Active= -249.091977662411 G=     3.94e-03
 ooCMF Iter:   83 Total= -2648.878433708971 Active= -249.091978289782 G=     4.12e-03
 ooCMF Iter:   84 Total= -2648.878434380292 Active= -249.091978961103 G=     4.36e-03
 ooCMF Iter:   85 Total= -2648.878435108124 Active= -249.091979688936 G=     4.49e-03
 ooCMF Iter:   86 Total= -2648.878435854168 Active= -249.091980434980 G=     4.38e-03
 ooCMF Iter:   87 Total= -2648.878436542288 Active= -249.091981123100 G=     4.16e-03
 ooCMF Iter:   88 Total= -2648.878437147464 Active= -249.091981728276 G=     4.01e-03
 ooCMF Iter:   89 Total= -2648.878437702629 Active= -249.091982283441 G=     3.92e-03
 ooCMF Iter:   90 Total= -2648.878438230805 Active= -249.091982811617 G=     3.76e-03
 ooCMF Iter:   91 Total= -2648.878438717460 Active= -249.091983298271 G=     3.52e-03
 ooCMF Iter:   92 Total= -2648.878439149822 Active= -249.091983730633 G=     3.35e-03
 ooCMF Iter:   93 Total= -2648.878439550220 Active= -249.091984131031 G=     3.34e-03
 ooCMF Iter:   94 Total= -2648.878439956777 Active= -249.091984537588 G=     3.40e-03
 ooCMF Iter:   95 Total= -2648.878440386793 Active= -249.091984967605 G=     3.43e-03
 ooCMF Iter:   96 Total= -2648.878440829325 Active= -249.091985410137 G=     3.42e-03
 ooCMF Iter:   97 Total= -2648.878441275601 Active= -249.091985856413 G=     3.50e-03
 ooCMF Iter:   98 Total= -2648.878441742414 Active= -249.091986323226 G=     3.66e-03
 ooCMF Iter:   99 Total= -2648.878442249204 Active= -249.091986830016 G=     3.78e-03
 ooCMF Iter:  100 Total= -2648.878442781065 Active= -249.091987361877 G=     3.75e-03
 ooCMF Iter:  101 Total= -2648.878443297976 Active= -249.091987878788 G=     3.67e-03
 ooCMF Iter:  102 Total= -2648.878443784188 Active= -249.091988364999 G=     3.64e-03
 ooCMF Iter:  103 Total= -2648.878444256424 Active= -249.091988837235 G=     3.64e-03
 ooCMF Iter:  104 Total= -2648.878444722228 Active= -249.091989303040 G=     3.54e-03
 ooCMF Iter:  105 Total= -2648.878445160131 Active= -249.091989740943 G=     3.35e-03
 ooCMF Iter:  106 Total= -2648.878445552244 Active= -249.091990133056 G=     3.20e-03
 ooCMF Iter:  107 Total= -2648.878445913837 Active= -249.091990494649 G=     3.18e-03
 ooCMF Iter:  108 Total= -2648.878446273966 Active= -249.091990854778 G=     3.20e-03
 ooCMF Iter:  109 Total= -2648.878446643193 Active= -249.091991224005 G=     3.17e-03
 ooCMF Iter:  110 Total= -2648.878447011439 Active= -249.091991592251 G=     3.12e-03
 ooCMF Iter:  111 Total= -2648.878447373073 Active= -249.091991953884 G=     3.16e-03
 ooCMF Iter:  112 Total= -2648.878447747899 Active= -249.091992328711 G=     3.32e-03
 ooCMF Iter:  113 Total= -2648.878448160527 Active= -249.091992741339 G=     3.47e-03
 ooCMF Iter:  114 Total= -2648.878448610907 Active= -249.091993191718 G=     3.52e-03
 ooCMF Iter:  115 Total= -2648.878449071062 Active= -249.091993651874 G=     3.51e-03
 ooCMF Iter:  116 Total= -2648.878449523424 Active= -249.091994104235 G=     3.55e-03
 ooCMF Iter:  117 Total= -2648.878449978822 Active= -249.091994559633 G=     3.63e-03
 ooCMF Iter:  118 Total= -2648.878450447471 Active= -249.091995028282 G=     3.63e-03
 ooCMF Iter:  119 Total= -2648.878450908057 Active= -249.091995488869 G=     3.47e-03
 ooCMF Iter:  120 Total= -2648.878451326711 Active= -249.091995907522 G=     3.28e-03
 ooCMF Iter:  121 Total= -2648.878451697931 Active= -249.091996278743 G=     3.18e-03
 ooCMF Iter:  122 Total= -2648.878452043357 Active= -249.091996624169 G=     3.12e-03
 ooCMF Iter:  123 Total= -2648.878452377469 Active= -249.091996958281 G=     3.02e-03
 ooCMF Iter:  124 Total= -2648.878452693196 Active= -249.091997274008 G=     2.86e-03
 ooCMF Iter:  125 Total= -2648.878452981896 Active= -249.091997562708 G=     2.76e-03
 ooCMF Iter:  126 Total= -2648.878453256174 Active= -249.091997836985 G=     2.79e-03
 ooCMF Iter:  127 Total= -2648.878453540294 Active= -249.091998121106 G=     2.89e-03
 ooCMF Iter:  128 Total= -2648.878453849402 Active= -249.091998430214 G=     2.96e-03
 ooCMF Iter:  129 Total= -2648.878454178529 Active= -249.091998759340 G=     3.00e-03
 ooCMF Iter:  130 Total= -2648.878454520126 Active= -249.091999100938 G=     3.10e-03
 ooCMF Iter:  131 Total= -2648.878454883578 Active= -249.091999464390 G=     3.28e-03
 ooCMF Iter:  132 Total= -2648.878455286367 Active= -249.091999867178 G=     3.46e-03
 ooCMF Iter:  133 Total= -2648.878455726897 Active= -249.092000307709 G=     3.51e-03
 ooCMF Iter:  134 Total= -2648.878456175415 Active= -249.092000756227 G=     3.47e-03
 ooCMF Iter:  135 Total= -2648.878456605113 Active= -249.092001185924 G=     3.43e-03
 ooCMF Iter:  136 Total= -2648.878457016899 Active= -249.092001597710 G=     3.43e-03
 ooCMF Iter:  137 Total= -2648.878457419116 Active= -249.092001999928 G=     3.36e-03
 ooCMF Iter:  138 Total= -2648.878457800215 Active= -249.092002381026 G=     3.16e-03
 ooCMF Iter:  139 Total= -2648.878458136358 Active= -249.092002717170 G=     2.92e-03
 ooCMF Iter:  140 Total= -2648.878458423688 Active= -249.092003004500 G=     2.76e-03
 ooCMF Iter:  141 Total= -2648.878458681631 Active= -249.092003262443 G=     2.69e-03
 ooCMF Iter:  142 Total= -2648.878458929171 Active= -249.092003509983 G=     2.63e-03
 ooCMF Iter:  143 Total= -2648.878459169519 Active= -249.092003750331 G=     2.53e-03
 ooCMF Iter:  144 Total= -2648.878459399890 Active= -249.092003980702 G=     2.48e-03
 ooCMF Iter:  145 Total= -2648.878459627601 Active= -249.092004208413 G=     2.55e-03
 ooCMF Iter:  146 Total= -2648.878459873476 Active= -249.092004454287 G=     2.72e-03
 ooCMF Iter:  147 Total= -2648.878460156568 Active= -249.092004737379 G=     2.89e-03
 ooCMF Iter:  148 Total= -2648.878460478572 Active= -249.092005059384 G=     3.01e-03
 ooCMF Iter:  149 Total= -2648.878460827733 Active= -249.092005408545 G=     3.13e-03
 ooCMF Iter:  150 Total= -2648.878461200791 Active= -249.092005781603 G=     3.30e-03
 ooCMF Iter:  151 Total= -2648.878461607439 Active= -249.092006188251 G=     3.49e-03
 ooCMF Iter:  152 Total= -2648.878462047276 Active= -249.092006628088 G=     3.54e-03
 ooCMF Iter:  153 Total= -2648.878462490244 Active= -249.092007071055 G=     3.44e-03
 ooCMF Iter:  154 Total= -2648.878462899274 Active= -249.092007480086 G=     3.28e-03
 ooCMF Iter:  155 Total= -2648.878463264593 Active= -249.092007845405 G=     3.17e-03
 ooCMF Iter:  156 Total= -2648.878463596408 Active= -249.092008177220 G=     3.04e-03
 ooCMF Iter:  157 Total= -2648.878463897822 Active= -249.092008478634 G=     2.83e-03
 ooCMF Iter:  158 Total= -2648.878464158699 Active= -249.092008739511 G=     2.56e-03
 ooCMF Iter:  159 Total= -2648.878464375873 Active= -249.092008956684 G=     2.36e-03
 ooCMF Iter:  160 Total= -2648.878464564000 Active= -249.092009144812 G=     2.28e-03
 ooCMF Iter:  161 Total= -2648.878464744541 Active= -249.092009325353 G=     2.27e-03
 ooCMF Iter:  162 Total= -2648.878464929881 Active= -249.092009510693 G=     2.27e-03
 ooCMF Iter:  163 Total= -2648.878465123390 Active= -249.092009704202 G=     2.30e-03
 ooCMF Iter:  164 Total= -2648.878465329885 Active= -249.092009910697 G=     2.43e-03
 ooCMF Iter:  165 Total= -2648.878465564755 Active= -249.092010145567 G=     2.68e-03
 ooCMF Iter:  166 Total= -2648.878465848930 Active= -249.092010429742 G=     2.95e-03
 ooCMF Iter:  167 Total= -2648.878466191283 Active= -249.092010772095 G=     3.16e-03
 ooCMF Iter:  168 Total= -2648.878466578592 Active= -249.092011159404 G=     3.30e-03
 ooCMF Iter:  169 Total= -2648.878466990780 Active= -249.092011571591 G=     3.43e-03
 ooCMF Iter:  170 Total= -2648.878467421438 Active= -249.092012002249 G=     3.56e-03
 ooCMF Iter:  171 Total= -2648.878467866232 Active= -249.092012447044 G=     3.58e-03
 ooCMF Iter:  172 Total= -2648.878468298683 Active= -249.092012879495 G=     3.40e-03
 ooCMF Iter:  173 Total= -2648.878468680593 Active= -249.092013261404 G=     3.11e-03
 ooCMF Iter:  174 Total= -2648.878468995181 Active= -249.092013575992 G=     2.86e-03
 ooCMF Iter:  175 Total= -2648.878469254931 Active= -249.092013835742 G=     2.65e-03
 ooCMF Iter:  176 Total= -2648.878469475986 Active= -249.092014056797 G=     2.43e-03
 ooCMF Iter:  177 Total= -2648.878469663238 Active= -249.092014244050 G=     2.18e-03
 ooCMF Iter:  178 Total= -2648.878469819035 Active= -249.092014399846 G=     1.98e-03
 ooCMF Iter:  179 Total= -2648.878469954178 Active= -249.092014534990 G=     1.91e-03
 ooCMF Iter:  180 Total= -2648.878470087630 Active= -249.092014668442 G=     1.98e-03
 ooCMF Iter:  181 Total= -2648.878470237195 Active= -249.092014818007 G=     2.11e-03
 ooCMF Iter:  182 Total= -2648.878470414637 Active= -249.092014995449 G=     2.27e-03
 ooCMF Iter:  183 Total= -2648.878470626832 Active= -249.092015207644 G=     2.49e-03
 ooCMF Iter:  184 Total= -2648.878470885151 Active= -249.092015465963 G=     2.81e-03
 ooCMF Iter:  185 Total= -2648.878471209296 Active= -249.092015790107 G=     3.19e-03
 ooCMF Iter:  186 Total= -2648.878471613021 Active= -249.092016193832 G=     3.50e-03
 ooCMF Iter:  187 Total= -2648.878472081053 Active= -249.092016661864 G=     3.64e-03
 ooCMF Iter:  188 Total= -2648.878472571610 Active= -249.092017152422 G=     3.68e-03
 ooCMF Iter:  189 Total= -2648.878473050047 Active= -249.092017630859 G=     3.67e-03
 ooCMF Iter:  190 Total= -2648.878473501657 Active= -249.092018082469 G=     3.57e-03
 ooCMF Iter:  191 Total= -2648.878473910760 Active= -249.092018491572 G=     3.31e-03
 ooCMF Iter:  192 Total= -2648.878474251073 Active= -249.092018831885 G=     2.90e-03
 ooCMF Iter:  193 Total= -2648.878474509461 Active= -249.092019090273 G=     2.50e-03
 ooCMF Iter:  194 Total= -2648.878474699719 Active= -249.092019280531 G=     2.20e-03
 ooCMF Iter:  195 Total= -2648.878474846788 Active= -249.092019427600 G=     1.97e-03
 ooCMF Iter:  196 Total= -2648.878474968488 Active= -249.092019549300 G=     1.78e-03
 ooCMF Iter:  197 Total= -2648.878475074346 Active= -249.092019655157 G=     1.65e-03
 ooCMF Iter:  198 Total= -2648.878475173505 Active= -249.092019754316 G=     1.64e-03
 ooCMF Iter:  199 Total= -2648.878475281051 Active= -249.092019861863 G=     1.80e-03
 ooCMF Iter:  200 Total= -2648.878475417855 Active= -249.092019998667 G=     2.08e-03
 ooCMF Iter:  201 Total= -2648.878475606276 Active= -249.092020187088 G=     2.42e-03
 ooCMF Iter:  202 Total= -2648.878475864706 Active= -249.092020445517 G=     2.79e-03
 ooCMF Iter:  203 Total= -2648.878476205261 Active= -249.092020786072 G=     3.22e-03
 ooCMF Iter:  204 Total= -2648.878476639824 Active= -249.092021220636 G=     3.68e-03
 ooCMF Iter:  205 Total= -2648.878477175117 Active= -249.092021755928 G=     4.05e-03
 ooCMF Iter:  206 Total= -2648.878477785187 Active= -249.092022365999 G=     4.18e-03
 ooCMF Iter:  207 Total= -2648.878478401414 Active= -249.092022982225 G=     4.05e-03
 ooCMF Iter:  208 Total= -2648.878478953340 Active= -249.092023534152 G=     3.80e-03
 ooCMF Iter:  209 Total= -2648.878479413015 Active= -249.092023993827 G=     3.51e-03
 ooCMF Iter:  210 Total= -2648.878479781724 Active= -249.092024362536 G=     3.11e-03
 ooCMF Iter:  211 Total= -2648.878480061494 Active= -249.092024642305 G=     2.61e-03
 ooCMF Iter:  212 Total= -2648.878480256989 Active= -249.092024837801 G=     2.10e-03
 ooCMF Iter:  213 Total= -2648.878480386683 Active= -249.092024967495 G=     1.73e-03
 ooCMF Iter:  214 Total= -2648.878480477259 Active= -249.092025058070 G=     1.51e-03
 ooCMF Iter:  215 Total= -2648.878480551496 Active= -249.092025132308 G=     1.41e-03
 ooCMF Iter:  216 Total= -2648.878480623639 Active= -249.092025204450 G=     1.41e-03
 ooCMF Iter:  217 Total= -2648.878480704476 Active= -249.092025285287 G=     1.52e-03
 ooCMF Iter:  218 Total= -2648.878480809539 Active= -249.092025390350 G=     1.80e-03
 ooCMF Iter:  219 Total= -2648.878480964311 Active= -249.092025545122 G=     2.25e-03
 ooCMF Iter:  220 Total= -2648.878481205415 Active= -249.092025786226 G=     2.81e-03
 ooCMF Iter:  221 Total= -2648.878481568800 Active= -249.092026149611 G=     3.36e-03
 ooCMF Iter:  222 Total= -2648.878482066295 Active= -249.092026647107 G=     3.84e-03
 ooCMF Iter:  223 Total= -2648.878482678774 Active= -249.092027259585 G=     4.24e-03
 ooCMF Iter:  224 Total= -2648.878483367819 Active= -249.092027948631 G=     4.48e-03
 ooCMF Iter:  225 Total= -2648.878484076150 Active= -249.092028656961 G=     4.43e-03
 ooCMF Iter:  226 Total= -2648.878484721960 Active= -249.092029302772 G=     4.06e-03
 ooCMF Iter:  227 Total= -2648.878485237854 Active= -249.092029818665 G=     3.54e-03
 ooCMF Iter:  228 Total= -2648.878485612503 Active= -249.092030193315 G=     3.04e-03
 ooCMF Iter:  229 Total= -2648.878485875657 Active= -249.092030456468 G=     2.57e-03
 ooCMF Iter:  230 Total= -2648.878486059160 Active= -249.092030639971 G=     2.11e-03
 ooCMF Iter:  231 Total= -2648.878486184723 Active= -249.092030765534 G=     1.69e-03
 ooCMF Iter:  232 Total= -2648.878486270519 Active= -249.092030851330 G=     1.40e-03
 ooCMF Iter:  233 Total= -2648.878486335760 Active= -249.092030916572 G=     1.29e-03
 ooCMF Iter:  234 Total= -2648.878486398936 Active= -249.092030979748 G=     1.34e-03
 ooCMF Iter:  235 Total= -2648.878486475475 Active= -249.092031056286 G=     1.49e-03
 ooCMF Iter:  236 Total= -2648.878486579435 Active= -249.092031160246 G=     1.72e-03
 ooCMF Iter:  237 Total= -2648.878486723889 Active= -249.092031304700 G=     2.02e-03
 ooCMF Iter:  238 Total= -2648.878486917804 Active= -249.092031498616 G=     2.33e-03
 ooCMF Iter:  239 Total= -2648.878487157262 Active= -249.092031738073 G=     2.51e-03
 ooCMF Iter:  240 Total= -2648.878487413494 Active= -249.092031994306 G=     2.49e-03
 ooCMF Iter:  241 Total= -2648.878487649087 Active= -249.092032229899 G=     2.37e-03
 ooCMF Iter:  242 Total= -2648.878487851598 Active= -249.092032432410 G=     2.29e-03
 ooCMF Iter:  243 Total= -2648.878488032305 Active= -249.092032613116 G=     2.24e-03
 ooCMF Iter:  244 Total= -2648.878488202071 Active= -249.092032782883 G=     2.17e-03
 ooCMF Iter:  245 Total= -2648.878488365092 Active= -249.092032945904 G=     2.10e-03
 ooCMF Iter:  246 Total= -2648.878488523155 Active= -249.092033103967 G=     2.08e-03
 ooCMF Iter:  247 Total= -2648.878488681946 Active= -249.092033262758 G=     2.13e-03
 ooCMF Iter:  248 Total= -2648.878488847989 Active= -249.092033428800 G=     2.18e-03
 ooCMF Iter:  249 Total= -2648.878489020967 Active= -249.092033601779 G=     2.16e-03
 ooCMF Iter:  250 Total= -2648.878489190910 Active= -249.092033771722 G=     2.08e-03
 ooCMF Iter:  251 Total= -2648.878489347167 Active= -249.092033927979 G=     1.99e-03
 ooCMF Iter:  252 Total= -2648.878489485825 Active= -249.092034066637 G=     1.90e-03
 ooCMF Iter:  253 Total= -2648.878489608544 Active= -249.092034189355 G=     1.78e-03
 ooCMF Iter:  254 Total= -2648.878489715485 Active= -249.092034296297 G=     1.63e-03
 ooCMF Iter:  255 Total= -2648.878489806334 Active= -249.092034387145 G=     1.51e-03
 ooCMF Iter:  256 Total= -2648.878489885654 Active= -249.092034466466 G=     1.45e-03
 ooCMF Iter:  257 Total= -2648.878489960842 Active= -249.092034541654 G=     1.46e-03
 ooCMF Iter:  258 Total= -2648.878490038811 Active= -249.092034619623 G=     1.50e-03
 ooCMF Iter:  259 Total= -2648.878490124131 Active= -249.092034704942 G=     1.55e-03
 ooCMF Iter:  260 Total= -2648.878490220038 Active= -249.092034800849 G=     1.66e-03
 ooCMF Iter:  261 Total= -2648.878490330757 Active= -249.092034911569 G=     1.82e-03
 ooCMF Iter:  262 Total= -2648.878490462379 Active= -249.092035043190 G=     2.01e-03
 ooCMF Iter:  263 Total= -2648.878490618750 Active= -249.092035199561 G=     2.16e-03
 ooCMF Iter:  264 Total= -2648.878490797064 Active= -249.092035377876 G=     2.25e-03
 ooCMF Iter:  265 Total= -2648.878490987703 Active= -249.092035568515 G=     2.31e-03
 ooCMF Iter:  266 Total= -2648.878491180816 Active= -249.092035761628 G=     2.35e-03
 ooCMF Iter:  267 Total= -2648.878491370205 Active= -249.092035951017 G=     2.33e-03
 ooCMF Iter:  268 Total= -2648.878491549837 Active= -249.092036130649 G=     2.23e-03
 ooCMF Iter:  269 Total= -2648.878491711005 Active= -249.092036291817 G=     2.05e-03
 ooCMF Iter:  270 Total= -2648.878491847381 Active= -249.092036428192 G=     1.87e-03
 ooCMF Iter:  271 Total= -2648.878491959156 Active= -249.092036539967 G=     1.72e-03
 ooCMF Iter:  272 Total= -2648.878492052402 Active= -249.092036633214 G=     1.59e-03
 ooCMF Iter:  273 Total= -2648.878492133411 Active= -249.092036714223 G=     1.47e-03
 ooCMF Iter:  274 Total= -2648.878492205520 Active= -249.092036786332 G=     1.37e-03
 ooCMF Iter:  275 Total= -2648.878492272220 Active= -249.092036853031 G=     1.33e-03
 ooCMF Iter:  276 Total= -2648.878492337981 Active= -249.092036918792 G=     1.37e-03
 ooCMF Iter:  277 Total= -2648.878492409726 Active= -249.092036990538 G=     1.46e-03
 ooCMF Iter:  278 Total= -2648.878492493601 Active= -249.092037074413 G=     1.58e-03
 ooCMF Iter:  279 Total= -2648.878492593979 Active= -249.092037174791 G=     1.70e-03
 ooCMF Iter:  280 Total= -2648.878492712148 Active= -249.092037292960 G=     1.85e-03
 ooCMF Iter:  281 Total= -2648.878492848601 Active= -249.092037429413 G=     2.01e-03
 ooCMF Iter:  282 Total= -2648.878493002977 Active= -249.092037583789 G=     2.14e-03
 ooCMF Iter:  283 Total= -2648.878493171353 Active= -249.092037752165 G=     2.19e-03
 ooCMF Iter:  284 Total= -2648.878493344014 Active= -249.092037924826 G=     2.17e-03
 ooCMF Iter:  285 Total= -2648.878493508595 Active= -249.092038089407 G=     2.10e-03
 ooCMF Iter:  286 Total= -2648.878493657627 Active= -249.092038238438 G=     2.03e-03
 ooCMF Iter:  287 Total= -2648.878493789990 Active= -249.092038370802 G=     1.92e-03
 ooCMF Iter:  288 Total= -2648.878493906437 Active= -249.092038487249 G=     1.77e-03
 ooCMF Iter:  289 Total= -2648.878494006714 Active= -249.092038587526 G=     1.61e-03
 ooCMF Iter:  290 Total= -2648.878494091159 Active= -249.092038671971 G=     1.47e-03
 ooCMF Iter:  291 Total= -2648.878494163194 Active= -249.092038744006 G=     1.40e-03
 ooCMF Iter:  292 Total= -2648.878494228491 Active= -249.092038809302 G=     1.36e-03
 ooCMF Iter:  293 Total= -2648.878494292754 Active= -249.092038873566 G=     1.34e-03
 ooCMF Iter:  294 Total= -2648.878494359108 Active= -249.092038939920 G=     1.35e-03
 ooCMF Iter:  295 Total= -2648.878494430106 Active= -249.092039010918 G=     1.42e-03
 ooCMF Iter:  296 Total= -2648.878494509220 Active= -249.092039090032 G=     1.53e-03
 ooCMF Iter:  297 Total= -2648.878494600904 Active= -249.092039181715 G=     1.66e-03
 ooCMF Iter:  298 Total= -2648.878494708769 Active= -249.092039289580 G=     1.78e-03
 ooCMF Iter:  299 Total= -2648.878494831979 Active= -249.092039412791 G=     1.86e-03
 ooCMF Iter:  300 Total= -2648.878494965450 Active= -249.092039546262 G=     1.93e-03
 ooCMF Iter:  301 Total= -2648.878495103118 Active= -249.092039683930 G=     1.98e-03
 * Status: failure (reached maximum number of iterations)

 * Candidate solution
    Final objective value:     -2.648878e+03

 * Found with
    Algorithm:     Conjugate Gradient

 * Convergence measures
    |x - x'|               = 9.84e-05 ≰ 0.0e+00
    |x - x'|/|x'|          = 5.76e-04 ≰ 0.0e+00
    |f(x) - f(x')|         = 1.38e-07 ≰ 0.0e+00
    |f(x) - f(x')|/|f(x')| = 5.20e-11 ≰ 0.0e+00
    |g(x)|                 = 8.81e-04 ≰ 1.0e-06

 * Work counters
    Seconds run:   70191  (vs limit Inf)
    Iterations:    300
    f(x) calls:    601
    ∇f(x) calls:   301

*ooCMF -2648.87849510 

 Step:    1 E: -2648.871010907143 G: 1.6e-01
 Step:    2 E: -2648.873043360556 G: 1.1e-01
 Step:    3 E: -2648.874139546087 G: 9.2e-02
 Step:    4 E: -2648.874905180580 G: 7.9e-02
 Step:    5 E: -2648.875472733429 G: 6.9e-02
 Step:    6 E: -2648.875900650070 G: 6.1e-02
 Step:    7 E: -2648.876225084893 G: 5.4e-02
 Step:    8 E: -2648.876471553991 G: 4.8e-02
 Step:    9 E: -2648.876658879849 G: 4.4e-02
 Step:   10 E: -2648.876801126386 G: 4.1e-02
 Step:   11 E: -2648.876908811934 G: 4.0e-02
 Step:   12 E: -2648.876989750158 G: 3.9e-02
 Step:   13 E: -2648.877049653878 G: 4.1e-02
 Step:   14 E: -2648.877092558673 G: 4.4e-02
 Step:   15 E: -2648.877121108140 G: 4.8e-02
 Step:   16 E: -2648.877136710735 G: 5.4e-02
 Step:   17 E: -2648.877139586394 G: 6.2e-02
 Step:   18 E: -2648.877128676704 G: 7.2e-02
 Step:   19 E: -2648.877101423112 G: 8.4e-02
 Step:   20 E: -2648.877053325583 G: 9.9e-02
 Step:   21 E: -2648.876977276595 G: 1.2e-01
 Step:   22 E: -2648.876862446447 G: 1.4e-01
 Step:   23 E: -2648.876692716698 G: 1.6e-01
 Step:   24 E: -2648.876444102805 G: 2.0e-01
 Step:   25 E: -2648.876081219857 G: 2.3e-01
 Step:   26 E: -2648.875551372525 G: 2.8e-01
 Step:   27 E: -2648.874776613200 G: 3.4e-01
 Step:   28 E: -2648.873640077750 G: 4.0e-01
 Step:   29 E: -2648.871968127895 G: 4.9e-01
 Step:   30 E: -2648.869498490898 G: 5.9e-01
 Step:   31 E: -2648.865840417684 G: 7.1e-01
 Step:   32 E: -2648.860400397051 G: 8.7e-01
 Step:   33 E: -2648.852296050924 G: 1.1e+00
 Step:   34 E: -2648.840186664353 G: 1.3e+00
 Step:   35 E: -2648.822104413207 G: 1.6e+00
 Step:   36 E: -2648.795096368206 G: 1.9e+00
 Step:   37 E: -2648.754990776808 G: 2.3e+00
 Step:   38 E: -2648.695803076805 G: 2.8e+00
 Step:   39 E: -2648.609931553736 G: 3.4e+00
 Step:   40 E: -2648.487886219876 G: 4.1e+00
 Step:   41 E: -2648.321308755075 G: 4.9e+00
 Step:   42 E: -2648.104820407410 G: 5.7e+00
 Step:   43 E: -2647.845746738905 G: 6.6e+00
 Step:   44 E: -2647.562047258047 G: 7.3e+00
 Step:   45 E: -2647.290112373714 G: 8.0e+00
 Step:   46 E: -2647.053526407186 G: 8.5e+00
 Step:   47 E: -2646.875843195764 G: 8.8e+00
 Step:   48 E: -2646.740765348075 G: 9.1e+00
 Step:   49 E: -2646.650359238731 G: 9.2e+00
 Step:   50 E: -2646.575078931624 G: 9.4e+00


 Solve OO-CMF with DIIS
 ooCMF Iter:    1 Total= -2648.873043360556039 G=    1.106e-01 #SS:    1
 ooCMF Iter:    2 Total= -2648.874683509574425 G=    8.545e-02 #SS:    2
 ooCMF Iter:    3 Total= -2648.875620228897787 G=    6.897e-02 #SS:    3
 ooCMF Iter:    4 Total= -2648.876864018167907 G=    3.719e-02 #SS:    4
 ooCMF Iter:    5 Total= -2648.877206624395967 G=    1.792e-02 #SS:    5
 ooCMF Iter:    6 Total= -2648.877264580785777 G=    1.069e-02 #SS:    6
 ooCMF Iter:    7 Total= -2648.877273206530845 G=    8.003e-03 #SS:    7
 ooCMF Iter:    8 Total= -2648.877282098213072 G=    7.368e-03 #SS:    8
 ooCMF Iter:    9 Total= -2648.877291440325735 G=    7.142e-03 #SS:    9
 ooCMF Iter:   10 Total= -2648.877301678059666 G=    7.017e-03 #SS:   10
 ooCMF Iter:   11 Total= -2648.877311482143796 G=    6.943e-03 #SS:   11
 ooCMF Iter:   12 Total= -2648.877326669086870 G=    6.874e-03 #SS:   12
 ooCMF Iter:   13 Total= -2648.877357818041219 G=    6.768e-03 #SS:   13
 ooCMF Iter:   14 Total= -2648.877417380384941 G=    6.609e-03 #SS:   14
 ooCMF Iter:   15 Total= -2648.877503663125026 G=    6.311e-03 #SS:   15
 ooCMF Iter:   16 Total= -2648.877779327336611 G=    5.247e-03 #SS:   16
 ooCMF Iter:   17 Total= -2648.877964270336633 G=    4.451e-03 #SS:   17
 ooCMF Iter:   18 Total= -2648.878032818516203 G=    4.131e-03 #SS:   18
 ooCMF Iter:   19 Total= -2648.878069172064443 G=    3.882e-03 #SS:   19
 ooCMF Iter:   20 Total= -2648.878077703484450 G=    3.842e-03 #SS:   20
 ooCMF Iter:   21 Total= -2648.878088444600053 G=    3.795e-03 #SS:   21
 ooCMF Iter:   22 Total= -2648.878095569180005 G=    3.759e-03 #SS:   22
 ooCMF Iter:   23 Total= -2648.878107656177690 G=    3.697e-03 #SS:   23
 ooCMF Iter:   24 Total= -2648.878150202502638 G=    3.533e-03 #SS:   24
 ooCMF Iter:   25 Total= -2648.878184594873801 G=    3.408e-03 #SS:   24
 ooCMF Iter:   26 Total= -2648.878253870977460 G=    3.039e-03 #SS:   24
 ooCMF Iter:   27 Total= -2648.878346113353928 G=    2.479e-03 #SS:   24
 ooCMF Iter:   28 Total= -2648.878389636637166 G=    2.087e-03 #SS:   24
 ooCMF Iter:   29 Total= -2648.878413775739318 G=    1.813e-03 #SS:   24
 ooCMF Iter:   30 Total= -2648.878419571901304 G=    1.739e-03 #SS:   24
 ooCMF Iter:   31 Total= -2648.878422898925237 G=    1.693e-03 #SS:   24
 ooCMF Iter:   32 Total= -2648.878424158511734 G=    1.675e-03 #SS:   24
 ooCMF Iter:   33 Total= -2648.878425187270750 G=    1.660e-03 #SS:   24
 ooCMF Iter:   34 Total= -2648.878426823955579 G=    1.641e-03 #SS:   24
 ooCMF Iter:   35 Total= -2648.878431281541452 G=    1.593e-03 #SS:   24
 ooCMF Iter:   36 Total= -2648.878440294970005 G=    1.491e-03 #SS:   24
 ooCMF Iter:   37 Total= -2648.878451431957274 G=    1.361e-03 #SS:   24
 ooCMF Iter:   38 Total= -2648.878462510926965 G=    1.207e-03 #SS:   24
 ooCMF Iter:   39 Total= -2648.878469368835795 G=    1.113e-03 #SS:   24
 ooCMF Iter:   40 Total= -2648.878471783573332 G=    1.075e-03 #SS:   24
 ooCMF Iter:   41 Total= -2648.878473696150650 G=    1.042e-03 #SS:   24
 ooCMF Iter:   42 Total= -2648.878474526289665 G=    1.029e-03 #SS:   24
 ooCMF Iter:   43 Total= -2648.878475311123566 G=    1.017e-03 #SS:   24
 ooCMF Iter:   44 Total= -2648.878476134746052 G=    1.006e-03 #SS:   24
 ooCMF Iter:   45 Total= -2648.878477304102489 G=    9.893e-04 #SS:   24
 ooCMF Iter:   46 Total= -2648.878479712892386 G=    9.503e-04 #SS:   24
 ooCMF Iter:   47 Total= -2648.878485782100597 G=    8.552e-04 #SS:   24
 ooCMF Iter:   48 Total= -2648.878490463938306 G=    7.907e-04 #SS:   24
 ooCMF Iter:   49 Total= -2648.878493403754419 G=    7.191e-04 #SS:   24
 ooCMF Iter:   50 Total= -2648.878495466218283 G=    6.689e-04 #SS:   24
 ooCMF Iter:   51 Total= -2648.878496819293105 G=    6.357e-04 #SS:   24
 ooCMF Iter:   52 Total= -2648.878497488012727 G=    6.169e-04 #SS:   24
 ooCMF Iter:   53 Total= -2648.878497916562083 G=    6.048e-04 #SS:   24
 ooCMF Iter:   54 Total= -2648.878498358579236 G=    5.924e-04 #SS:   24
 ooCMF Iter:   55 Total= -2648.878498940232021 G=    5.779e-04 #SS:   24
 ooCMF Iter:   56 Total= -2648.878499397471842 G=    5.661e-04 #SS:   24
 ooCMF Iter:   57 Total= -2648.878499956855194 G=    5.525e-04 #SS:   24
 ooCMF Iter:   58 Total= -2648.878500475239434 G=    5.401e-04 #SS:   24
 ooCMF Iter:   59 Total= -2648.878500866895592 G=    5.309e-04 #SS:   24
 ooCMF Iter:   60 Total= -2648.878501188345581 G=    5.247e-04 #SS:   24
 ooCMF Iter:   61 Total= -2648.878501356668949 G=    5.216e-04 #SS:   24
 ooCMF Iter:   62 Total= -2648.878501479229726 G=    5.195e-04 #SS:   24
 ooCMF Iter:   63 Total= -2648.878501623107695 G=    5.169e-04 #SS:   24
 ooCMF Iter:   64 Total= -2648.878501830025925 G=    5.138e-04 #SS:   24
 ooCMF Iter:   65 Total= -2648.878502202763229 G=    5.081e-04 #SS:   24
 ooCMF Iter:   66 Total= -2648.878502831717924 G=    4.998e-04 #SS:   24
 ooCMF Iter:   67 Total= -2648.878503574886508 G=    4.897e-04 #SS:   24
 ooCMF Iter:   68 Total= -2648.878504623708523 G=    4.756e-04 #SS:   24
 ooCMF Iter:   69 Total= -2648.878505382443564 G=    4.674e-04 #SS:   24
 ooCMF Iter:   70 Total= -2648.878505936884267 G=    4.617e-04 #SS:   24
 ooCMF Iter:   71 Total= -2648.878506306725740 G=    4.570e-04 #SS:   24
 ooCMF Iter:   72 Total= -2648.878506636860948 G=    4.532e-04 #SS:   24
 ooCMF Iter:   73 Total= -2648.878507024558075 G=    4.489e-04 #SS:   24
 ooCMF Iter:   74 Total= -2648.878507582603106 G=    4.413e-04 #SS:   24
 ooCMF Iter:   75 Total= -2648.878508375152705 G=    4.316e-04 #SS:   24
 ooCMF Iter:   76 Total= -2648.878509384434437 G=    4.200e-04 #SS:   24
 ooCMF Iter:   77 Total= -2648.878510123644901 G=    4.116e-04 #SS:   24
 ooCMF Iter:   78 Total= -2648.878510737126817 G=    4.052e-04 #SS:   24
 ooCMF Iter:   79 Total= -2648.878511081902616 G=    4.023e-04 #SS:   24
 ooCMF Iter:   80 Total= -2648.878511279564918 G=    4.003e-04 #SS:   24
 ooCMF Iter:   81 Total= -2648.878511445564072 G=    3.985e-04 #SS:   24
 ooCMF Iter:   82 Total= -2648.878511687756145 G=    3.959e-04 #SS:   24
 ooCMF Iter:   83 Total= -2648.878511968647217 G=    3.928e-04 #SS:   24
 ooCMF Iter:   84 Total= -2648.878512343727834 G=    3.888e-04 #SS:   24
 ooCMF Iter:   85 Total= -2648.878512865635912 G=    3.834e-04 #SS:   24
 ooCMF Iter:   86 Total= -2648.878513472748637 G=    3.768e-04 #SS:   24
 ooCMF Iter:   87 Total= -2648.878514162285228 G=    3.703e-04 #SS:   24
 ooCMF Iter:   88 Total= -2648.878514670315326 G=    3.658e-04 #SS:   24
 ooCMF Iter:   89 Total= -2648.878515015301218 G=    3.627e-04 #SS:   24
 ooCMF Iter:   90 Total= -2648.878515370552122 G=    3.589e-04 #SS:   24
 ooCMF Iter:   91 Total= -2648.878515808233715 G=    3.544e-04 #SS:   24
 ooCMF Iter:   92 Total= -2648.878516145443427 G=    3.510e-04 #SS:   24
 ooCMF Iter:   93 Total= -2648.878516586204569 G=    3.459e-04 #SS:   24
 ooCMF Iter:   94 Total= -2648.878516969504290 G=    3.415e-04 #SS:   24
 ooCMF Iter:   95 Total= -2648.878517430619013 G=    3.359e-04 #SS:   24
 ooCMF Iter:   96 Total= -2648.878517967056723 G=    3.292e-04 #SS:   24
 ooCMF Iter:   97 Total= -2648.878518443868415 G=    3.240e-04 #SS:   24
 ooCMF Iter:   98 Total= -2648.878518754774632 G=    3.209e-04 #SS:   24
 ooCMF Iter:   99 Total= -2648.878518974669078 G=    3.186e-04 #SS:   24
 ooCMF Iter:  100 Total= -2648.878519133145346 G=    3.170e-04 #SS:   24
 ooCMF Iter:  101 Total= -2648.878519352246258 G=    3.147e-04 #SS:   24
 ooCMF Iter:  102 Total= -2648.878519588391100 G=    3.122e-04 #SS:   24
 ooCMF Iter:  103 Total= -2648.878519903219512 G=    3.090e-04 #SS:   24
 ooCMF Iter:  104 Total= -2648.878520270997797 G=    3.053e-04 #SS:   24
 ooCMF Iter:  105 Total= -2648.878520703416598 G=    3.011e-04 #SS:   24
 ooCMF Iter:  106 Total= -2648.878521144365550 G=    2.968e-04 #SS:   24
 ooCMF Iter:  107 Total= -2648.878521618265495 G=    2.929e-04 #SS:   24
 ooCMF Iter:  108 Total= -2648.878521828613430 G=    2.914e-04 #SS:   24
 ooCMF Iter:  109 Total= -2648.878521958034980 G=    2.902e-04 #SS:   24
 ooCMF Iter:  110 Total= -2648.878522101882481 G=    2.888e-04 #SS:   24
 ooCMF Iter:  111 Total= -2648.878522271157181 G=    2.871e-04 #SS:   24
 ooCMF Iter:  112 Total= -2648.878522497019731 G=    2.847e-04 #SS:   24
 ooCMF Iter:  113 Total= -2648.878522804136992 G=    2.815e-04 #SS:   24
 ooCMF Iter:  114 Total= -2648.878523183997004 G=    2.774e-04 #SS:   24
 ooCMF Iter:  115 Total= -2648.878523845097789 G=    2.704e-04 #SS:   24
 ooCMF Iter:  116 Total= -2648.878524466539147 G=    2.644e-04 #SS:   24
 ooCMF Iter:  117 Total= -2648.878524822890540 G=    2.614e-04 #SS:   24
 ooCMF Iter:  118 Total= -2648.878525102864387 G=    2.588e-04 #SS:   24
 ooCMF Iter:  119 Total= -2648.878525262554376 G=    2.575e-04 #SS:   24
 ooCMF Iter:  120 Total= -2648.878525394499320 G=    2.562e-04 #SS:   24
 ooCMF Iter:  121 Total= -2648.878525525845816 G=    2.549e-04 #SS:   24
 ooCMF Iter:  122 Total= -2648.878525633617755 G=    2.538e-04 #SS:   24
 ooCMF Iter:  123 Total= -2648.878525758755131 G=    2.525e-04 #SS:   24
 ooCMF Iter:  124 Total= -2648.878525947084199 G=    2.504e-04 #SS:   24
 ooCMF Iter:  125 Total= -2648.878526219932610 G=    2.472e-04 #SS:   24
 ooCMF Iter:  126 Total= -2648.878526668609993 G=    2.418e-04 #SS:   24
 ooCMF Iter:  127 Total= -2648.878527205307819 G=    2.360e-04 #SS:   24
 ooCMF Iter:  128 Total= -2648.878527677298734 G=    2.311e-04 #SS:   24
 ooCMF Iter:  129 Total= -2648.878528035472755 G=    2.274e-04 #SS:   24
 ooCMF Iter:  130 Total= -2648.878528280979481 G=    2.248e-04 #SS:   24
 ooCMF Iter:  131 Total= -2648.878528476528118 G=    2.226e-04 #SS:   24
 ooCMF Iter:  132 Total= -2648.878528650732733 G=    2.208e-04 #SS:   24
 ooCMF Iter:  133 Total= -2648.878528765528245 G=    2.195e-04 #SS:   24
 ooCMF Iter:  134 Total= -2648.878528871853177 G=    2.180e-04 #SS:   24
 ooCMF Iter:  135 Total= -2648.878529078131578 G=    2.150e-04 #SS:   24
 ooCMF Iter:  136 Total= -2648.878529384661306 G=    2.105e-04 #SS:   24
 ooCMF Iter:  137 Total= -2648.878529829640684 G=    2.040e-04 #SS:   24
 ooCMF Iter:  138 Total= -2648.878530354647410 G=    1.961e-04 #SS:   24
 ooCMF Iter:  139 Total= -2648.878530848994160 G=    1.881e-04 #SS:   24
 ooCMF Iter:  140 Total= -2648.878531406284310 G=    1.788e-04 #SS:   24
 ooCMF Iter:  141 Total= -2648.878531819348609 G=    1.725e-04 #SS:   24
 ooCMF Iter:  142 Total= -2648.878532001712301 G=    1.698e-04 #SS:   24
 ooCMF Iter:  143 Total= -2648.878532138687206 G=    1.675e-04 #SS:   24
 ooCMF Iter:  144 Total= -2648.878532236467436 G=    1.658e-04 #SS:   24
 ooCMF Iter:  145 Total= -2648.878532340890160 G=    1.637e-04 #SS:   24
 ooCMF Iter:  146 Total= -2648.878532460009410 G=    1.613e-04 #SS:   24
 ooCMF Iter:  147 Total= -2648.878532568221090 G=    1.592e-04 #SS:   24
 ooCMF Iter:  148 Total= -2648.878532698008712 G=    1.562e-04 #SS:   24
 ooCMF Iter:  149 Total= -2648.878532877715770 G=    1.517e-04 #SS:   24
 ooCMF Iter:  150 Total= -2648.878533104244980 G=    1.459e-04 #SS:   24
 ooCMF Iter:  151 Total= -2648.878533388515280 G=    1.380e-04 #SS:   24
 ooCMF Iter:  152 Total= -2648.878533633524512 G=    1.318e-04 #SS:   24
 ooCMF Iter:  153 Total= -2648.878533805015650 G=    1.272e-04 #SS:   24
 ooCMF Iter:  154 Total= -2648.878533904591222 G=    1.246e-04 #SS:   24
 ooCMF Iter:  155 Total= -2648.878533969244927 G=    1.228e-04 #SS:   24
 ooCMF Iter:  156 Total= -2648.878534019666859 G=    1.212e-04 #SS:   24
 ooCMF Iter:  157 Total= -2648.878534071247032 G=    1.196e-04 #SS:   24
 ooCMF Iter:  158 Total= -2648.878534108173426 G=    1.185e-04 #SS:   24
 ooCMF Iter:  159 Total= -2648.878534145571848 G=    1.171e-04 #SS:   24
 ooCMF Iter:  160 Total= -2648.878534210211910 G=    1.145e-04 #SS:   24
 ooCMF Iter:  161 Total= -2648.878534295534791 G=    1.109e-04 #SS:   24
 ooCMF Iter:  162 Total= -2648.878534397261319 G=    1.068e-04 #SS:   24
 ooCMF Iter:  163 Total= -2648.878534508769008 G=    1.020e-04 #SS:   24
 ooCMF Iter:  164 Total= -2648.878534593707627 G=    9.825e-05 #SS:   24
 ooCMF Iter:  165 Total= -2648.878534676054642 G=    9.474e-05 #SS:   24
 ooCMF Iter:  166 Total= -2648.878534728090017 G=    9.281e-05 #SS:   24
 ooCMF Iter:  167 Total= -2648.878534754477641 G=    9.175e-05 #SS:   24
 ooCMF Iter:  168 Total= -2648.878534776873039 G=    9.075e-05 #SS:   24
 ooCMF Iter:  169 Total= -2648.878534797322118 G=    8.972e-05 #SS:   24
 ooCMF Iter:  170 Total= -2648.878534821470112 G=    8.853e-05 #SS:   24
 ooCMF Iter:  171 Total= -2648.878534850270626 G=    8.701e-05 #SS:   24
 ooCMF Iter:  172 Total= -2648.878534878194841 G=    8.554e-05 #SS:   24
 ooCMF Iter:  173 Total= -2648.878534915246291 G=    8.341e-05 #SS:   24
 ooCMF Iter:  174 Total= -2648.878534961093465 G=    8.065e-05 #SS:   24
 ooCMF Iter:  175 Total= -2648.878535012320299 G=    7.762e-05 #SS:   24
 ooCMF Iter:  176 Total= -2648.878535059197020 G=    7.481e-05 #SS:   24
 ooCMF Iter:  177 Total= -2648.878535097653639 G=    7.253e-05 #SS:   24
 ooCMF Iter:  178 Total= -2648.878535124516929 G=    7.106e-05 #SS:   24
 ooCMF Iter:  179 Total= -2648.878535139943779 G=    7.020e-05 #SS:   24
 ooCMF Iter:  180 Total= -2648.878535150237440 G=    6.963e-05 #SS:   24
 ooCMF Iter:  181 Total= -2648.878535158878094 G=    6.908e-05 #SS:   24
 ooCMF Iter:  182 Total= -2648.878535168864346 G=    6.847e-05 #SS:   24
 ooCMF Iter:  183 Total= -2648.878535178221227 G=    6.789e-05 #SS:   24
 ooCMF Iter:  184 Total= -2648.878535187790476 G=    6.726e-05 #SS:   24
 ooCMF Iter:  185 Total= -2648.878535205236858 G=    6.611e-05 #SS:   24
 ooCMF Iter:  186 Total= -2648.878535223409472 G=    6.482e-05 #SS:   24
 ooCMF Iter:  187 Total= -2648.878535244135492 G=    6.342e-05 #SS:   24
 ooCMF Iter:  188 Total= -2648.878535265932442 G=    6.194e-05 #SS:   24
 ooCMF Iter:  189 Total= -2648.878535284276495 G=    6.072e-05 #SS:   24
 ooCMF Iter:  190 Total= -2648.878535301594184 G=    5.968e-05 #SS:   24
 ooCMF Iter:  191 Total= -2648.878535313257089 G=    5.900e-05 #SS:   24
 ooCMF Iter:  192 Total= -2648.878535320062838 G=    5.862e-05 #SS:   24
 ooCMF Iter:  193 Total= -2648.878535327194186 G=    5.818e-05 #SS:   24
 ooCMF Iter:  194 Total= -2648.878535336169534 G=    5.757e-05 #SS:   24
 ooCMF Iter:  195 Total= -2648.878535347191246 G=    5.689e-05 #SS:   24
 ooCMF Iter:  196 Total= -2648.878535361308423 G=    5.601e-05 #SS:   24
 ooCMF Iter:  197 Total= -2648.878535379710229 G=    5.485e-05 #SS:   24
 ooCMF Iter:  198 Total= -2648.878535402864600 G=    5.338e-05 #SS:   24
 ooCMF Iter:  199 Total= -2648.878535433513207 G=    5.143e-05 #SS:   24
 ooCMF Iter:  200 Total= -2648.878535465393725 G=    4.944e-05 #SS:   24
 ooCMF Iter:  201 Total= -2648.878535490220656 G=    4.791e-05 #SS:   24
 ooCMF Iter:  202 Total= -2648.878535513044426 G=    4.651e-05 #SS:   24
 ooCMF Iter:  203 Total= -2648.878535530103363 G=    4.553e-05 #SS:   24
 ooCMF Iter:  204 Total= -2648.878535540517987 G=    4.496e-05 #SS:   24
 ooCMF Iter:  205 Total= -2648.878535547750744 G=    4.452e-05 #SS:   24
 ooCMF Iter:  206 Total= -2648.878535553726124 G=    4.412e-05 #SS:   24
 ooCMF Iter:  207 Total= -2648.878535561189437 G=    4.360e-05 #SS:   24
 ooCMF Iter:  208 Total= -2648.878535570915574 G=    4.292e-05 #SS:   24
 ooCMF Iter:  209 Total= -2648.878535580509379 G=    4.221e-05 #SS:   24
 ooCMF Iter:  210 Total= -2648.878535595990343 G=    4.105e-05 #SS:   24
 ooCMF Iter:  211 Total= -2648.878535618126989 G=    3.942e-05 #SS:   24
 ooCMF Iter:  212 Total= -2648.878535639317306 G=    3.789e-05 #SS:   24
 ooCMF Iter:  213 Total= -2648.878535657860994 G=    3.648e-05 #SS:   24
 ooCMF Iter:  214 Total= -2648.878535674632985 G=    3.522e-05 #SS:   24
 ooCMF Iter:  215 Total= -2648.878535687399562 G=    3.420e-05 #SS:   24
 ooCMF Iter:  216 Total= -2648.878535699107942 G=    3.333e-05 #SS:   24
 ooCMF Iter:  217 Total= -2648.878535705949616 G=    3.276e-05 #SS:   24
 ooCMF Iter:  218 Total= -2648.878535710020515 G=    3.243e-05 #SS:   24
 ooCMF Iter:  219 Total= -2648.878535714758982 G=    3.196e-05 #SS:   24
 ooCMF Iter:  220 Total= -2648.878535722126344 G=    3.117e-05 #SS:   24
 ooCMF Iter:  221 Total= -2648.878535730279054 G=    3.029e-05 #SS:   24
 ooCMF Iter:  222 Total= -2648.878535742474014 G=    2.897e-05 #SS:   24
 ooCMF Iter:  223 Total= -2648.878535755958183 G=    2.745e-05 #SS:   24
 ooCMF Iter:  224 Total= -2648.878535768030815 G=    2.606e-05 #SS:   24
 ooCMF Iter:  225 Total= -2648.878535780844231 G=    2.442e-05 #SS:   24
 ooCMF Iter:  226 Total= -2648.878535791487138 G=    2.308e-05 #SS:   24
 ooCMF Iter:  227 Total= -2648.878535797427048 G=    2.233e-05 #SS:   24
 ooCMF Iter:  228 Total= -2648.878535801650742 G=    2.177e-05 #SS:   24
 ooCMF Iter:  229 Total= -2648.878535804621151 G=    2.137e-05 #SS:   24
 ooCMF Iter:  230 Total= -2648.878535806723903 G=    2.109e-05 #SS:   24
 ooCMF Iter:  231 Total= -2648.878535808369179 G=    2.086e-05 #SS:   24
 ooCMF Iter:  232 Total= -2648.878535809918958 G=    2.063e-05 #SS:   24
 ooCMF Iter:  233 Total= -2648.878535811782058 G=    2.035e-05 #SS:   24
 ooCMF Iter:  234 Total= -2648.878535814427323 G=    1.996e-05 #SS:   24
 ooCMF Iter:  235 Total= -2648.878535818038927 G=    1.941e-05 #SS:   24
 ooCMF Iter:  236 Total= -2648.878535822035246 G=    1.877e-05 #SS:   24
 ooCMF Iter:  237 Total= -2648.878535826510415 G=    1.808e-05 #SS:   24
 ooCMF Iter:  238 Total= -2648.878535830025157 G=    1.750e-05 #SS:   24
 ooCMF Iter:  239 Total= -2648.878535831955560 G=    1.719e-05 #SS:   24
 ooCMF Iter:  240 Total= -2648.878535833143815 G=    1.699e-05 #SS:   24
 ooCMF Iter:  241 Total= -2648.878535833880960 G=    1.685e-05 #SS:   24
 ooCMF Iter:  242 Total= -2648.878535834381182 G=    1.674e-05 #SS:   24
 ooCMF Iter:  243 Total= -2648.878535834968261 G=    1.661e-05 #SS:   24
 ooCMF Iter:  244 Total= -2648.878535835619005 G=    1.645e-05 #SS:   24
 ooCMF Iter:  245 Total= -2648.878535836230640 G=    1.630e-05 #SS:   24
 ooCMF Iter:  246 Total= -2648.878535837226536 G=    1.601e-05 #SS:   24
 ooCMF Iter:  247 Total= -2648.878535838863627 G=    1.550e-05 #SS:   24
 ooCMF Iter:  248 Total= -2648.878535840572567 G=    1.495e-05 #SS:   24
 ooCMF Iter:  249 Total= -2648.878535842241490 G=    1.435e-05 #SS:   24
 ooCMF Iter:  250 Total= -2648.878535843268764 G=    1.392e-05 #SS:   24
 ooCMF Iter:  251 Total= -2648.878535843901318 G=    1.361e-05 #SS:   24
 ooCMF Iter:  252 Total= -2648.878535844322869 G=    1.339e-05 #SS:   24
 ooCMF Iter:  253 Total= -2648.878535844639828 G=    1.321e-05 #SS:   24
 ooCMF Iter:  254 Total= -2648.878535844842190 G=    1.309e-05 #SS:   24
 ooCMF Iter:  255 Total= -2648.878535845047736 G=    1.294e-05 #SS:   24
 ooCMF Iter:  256 Total= -2648.878535845362421 G=    1.269e-05 #SS:   24
 ooCMF Iter:  257 Total= -2648.878535845773968 G=    1.235e-05 #SS:   24
 ooCMF Iter:  258 Total= -2648.878535846265549 G=    1.189e-05 #SS:   24
 ooCMF Iter:  259 Total= -2648.878535846694831 G=    1.144e-05 #SS:   24
 ooCMF Iter:  260 Total= -2648.878535846984050 G=    1.108e-05 #SS:   24
 ooCMF Iter:  261 Total= -2648.878535847159583 G=    1.078e-05 #SS:   24
 ooCMF Iter:  262 Total= -2648.878535847275089 G=    1.058e-05 #SS:   24
 ooCMF Iter:  263 Total= -2648.878535847336025 G=    1.048e-05 #SS:   24
 ooCMF Iter:  264 Total= -2648.878535847370131 G=    1.042e-05 #SS:   24
 ooCMF Iter:  265 Total= -2648.878535847409239 G=    1.036e-05 #SS:   24
 ooCMF Iter:  266 Total= -2648.878535847442890 G=    1.031e-05 #SS:   24
 ooCMF Iter:  267 Total= -2648.878535847493367 G=    1.024e-05 #SS:   24
 ooCMF Iter:  268 Total= -2648.878535847573858 G=    1.015e-05 #SS:   24
 ooCMF Iter:  269 Total= -2648.878535847671174 G=    1.002e-05 #SS:   24
 ooCMF Iter:  270 Total= -2648.878535847804869 G=    9.819e-06 #SS:   24
 ooCMF Iter:  271 Total= -2648.878535847959483 G=    9.583e-06 #SS:   24
 ooCMF Iter:  272 Total= -2648.878535848034971 G=    9.454e-06 #SS:   24
 ooCMF Iter:  273 Total= -2648.878535848072715 G=    9.373e-06 #SS:   24
 ooCMF Iter:  274 Total= -2648.878535848101365 G=    9.313e-06 #SS:   24
 ooCMF Iter:  275 Total= -2648.878535848124102 G=    9.281e-06 #SS:   24
 ooCMF Iter:  276 Total= -2648.878535848137290 G=    9.255e-06 #SS:   24
 ooCMF Iter:  277 Total= -2648.878535848169122 G=    9.232e-06 #SS:   24
 ooCMF Iter:  278 Total= -2648.878535848210959 G=    9.203e-06 #SS:   24
 ooCMF Iter:  279 Total= -2648.878535848277352 G=    9.156e-06 #SS:   24
 ooCMF Iter:  280 Total= -2648.878535848387855 G=    9.081e-06 #SS:   24
 ooCMF Iter:  281 Total= -2648.878535848521551 G=    9.009e-06 #SS:   24
 ooCMF Iter:  282 Total= -2648.878535848636147 G=    8.947e-06 #SS:   24
 ooCMF Iter:  283 Total= -2648.878535848753017 G=    8.893e-06 #SS:   24
 ooCMF Iter:  284 Total= -2648.878535848853971 G=    8.851e-06 #SS:   24
 ooCMF Iter:  285 Total= -2648.878535848935826 G=    8.823e-06 #SS:   24
 ooCMF Iter:  286 Total= -2648.878535849012678 G=    8.797e-06 #SS:   24
 ooCMF Iter:  287 Total= -2648.878535849099080 G=    8.769e-06 #SS:   24
 ooCMF Iter:  288 Total= -2648.878535849229138 G=    8.725e-06 #SS:   24
 ooCMF Iter:  289 Total= -2648.878535849439686 G=    8.660e-06 #SS:   24
 ooCMF Iter:  290 Total= -2648.878535849702075 G=    8.579e-06 #SS:   24
 ooCMF Iter:  291 Total= -2648.878535850004482 G=    8.489e-06 #SS:   24
 ooCMF Iter:  292 Total= -2648.878535850350545 G=    8.395e-06 #SS:   24
 ooCMF Iter:  293 Total= -2648.878535850603384 G=    8.329e-06 #SS:   24
 ooCMF Iter:  294 Total= -2648.878535850807111 G=    8.275e-06 #SS:   24
 ooCMF Iter:  295 Total= -2648.878535850987646 G=    8.233e-06 #SS:   24
 ooCMF Iter:  296 Total= -2648.878535851104516 G=    8.203e-06 #SS:   24
 ooCMF Iter:  297 Total= -2648.878535851204106 G=    8.178e-06 #SS:   24
 ooCMF Iter:  298 Total= -2648.878535851343713 G=    8.142e-06 #SS:   24
 ooCMF Iter:  299 Total= -2648.878535851489687 G=    8.103e-06 #SS:   24
 ooCMF Iter:  300 Total= -2648.878535851677498 G=    8.049e-06 #SS:   24
 ooCMF Iter:  301 Total= -2648.878535851990819 G=    7.953e-06 #SS:   24
 ooCMF Iter:  302 Total= -2648.878535852436016 G=    7.833e-06 #SS:   24
 ooCMF Iter:  303 Total= -2648.878535852820733 G=    7.739e-06 #SS:   24
 ooCMF Iter:  304 Total= -2648.878535853088124 G=    7.683e-06 #SS:   24
 ooCMF Iter:  305 Total= -2648.878535853244557 G=    7.650e-06 #SS:   24
 ooCMF Iter:  306 Total= -2648.878535853346875 G=    7.625e-06 #SS:   24
 ooCMF Iter:  307 Total= -2648.878535853456924 G=    7.597e-06 #SS:   24
 ooCMF Iter:  308 Total= -2648.878535853581070 G=    7.566e-06 #SS:   24
 ooCMF Iter:  309 Total= -2648.878535853725225 G=    7.529e-06 #SS:   24
 ooCMF Iter:  310 Total= -2648.878535853898029 G=    7.487e-06 #SS:   24
 ooCMF Iter:  311 Total= -2648.878535854089932 G=    7.443e-06 #SS:   24
 ooCMF Iter:  312 Total= -2648.878535854255460 G=    7.408e-06 #SS:   24
 ooCMF Iter:  313 Total= -2648.878535854398251 G=    7.380e-06 #SS:   24
 ooCMF Iter:  314 Total= -2648.878535854512847 G=    7.358e-06 #SS:   24
 ooCMF Iter:  315 Total= -2648.878535854630172 G=    7.336e-06 #SS:   24
 ooCMF Iter:  316 Total= -2648.878535854764777 G=    7.310e-06 #SS:   24
 ooCMF Iter:  317 Total= -2648.878535854901656 G=    7.285e-06 #SS:   24
 ooCMF Iter:  318 Total= -2648.878535855062637 G=    7.253e-06 #SS:   24
 ooCMF Iter:  319 Total= -2648.878535855337304 G=    7.200e-06 #SS:   24
 ooCMF Iter:  320 Total= -2648.878535855667906 G=    7.138e-06 #SS:   24
 ooCMF Iter:  321 Total= -2648.878535855986229 G=    7.081e-06 #SS:   24
 ooCMF Iter:  322 Total= -2648.878535856295002 G=    7.028e-06 #SS:   24
 ooCMF Iter:  323 Total= -2648.878535856534654 G=    6.987e-06 #SS:   24
 ooCMF Iter:  324 Total= -2648.878535856697454 G=    6.955e-06 #SS:   24
 ooCMF Iter:  325 Total= -2648.878535856884810 G=    6.919e-06 #SS:   24
 ooCMF Iter:  326 Total= -2648.878535857049883 G=    6.885e-06 #SS:   24
 ooCMF Iter:  327 Total= -2648.878535857222232 G=    6.841e-06 #SS:   24
 ooCMF Iter:  328 Total= -2648.878535857503266 G=    6.775e-06 #SS:   24
 ooCMF Iter:  329 Total= -2648.878535857816587 G=    6.704e-06 #SS:   24
 ooCMF Iter:  330 Total= -2648.878535858079886 G=    6.640e-06 #SS:   24
 ooCMF Iter:  331 Total= -2648.878535858357282 G=    6.567e-06 #SS:   24
 ooCMF Iter:  332 Total= -2648.878535858627856 G=    6.496e-06 #SS:   24
 ooCMF Iter:  333 Total= -2648.878535858815212 G=    6.445e-06 #SS:   24
 ooCMF Iter:  334 Total= -2648.878535858972100 G=    6.406e-06 #SS:   24
 ooCMF Iter:  335 Total= -2648.878535859077147 G=    6.372e-06 #SS:   24
 ooCMF Iter:  336 Total= -2648.878535859186286 G=    6.331e-06 #SS:   24
 ooCMF Iter:  337 Total= -2648.878535859347721 G=    6.257e-06 #SS:   24
 ooCMF Iter:  338 Total= -2648.878535859569183 G=    6.163e-06 #SS:   24
 ooCMF Iter:  339 Total= -2648.878535859757449 G=    6.095e-06 #SS:   24
 ooCMF Iter:  340 Total= -2648.878535859882504 G=    6.044e-06 #SS:   24
 ooCMF Iter:  341 Total= -2648.878535859990279 G=    5.999e-06 #SS:   24
 ooCMF Iter:  342 Total= -2648.878535860083957 G=    5.958e-06 #SS:   24
 ooCMF Iter:  343 Total= -2648.878535860193551 G=    5.914e-06 #SS:   24
 ooCMF Iter:  344 Total= -2648.878535860289958 G=    5.877e-06 #SS:   24
 ooCMF Iter:  345 Total= -2648.878535860375905 G=    5.844e-06 #SS:   24
 ooCMF Iter:  346 Total= -2648.878535860487318 G=    5.797e-06 #SS:   24
 ooCMF Iter:  347 Total= -2648.878535860647389 G=    5.726e-06 #SS:   24
 ooCMF Iter:  348 Total= -2648.878535860807915 G=    5.661e-06 #SS:   24
 ooCMF Iter:  349 Total= -2648.878535860955708 G=    5.606e-06 #SS:   24
 ooCMF Iter:  350 Total= -2648.878535861046657 G=    5.571e-06 #SS:   24
 ooCMF Iter:  351 Total= -2648.878535861100318 G=    5.546e-06 #SS:   24
 ooCMF Iter:  352 Total= -2648.878535861171258 G=    5.511e-06 #SS:   24
 ooCMF Iter:  353 Total= -2648.878535861246746 G=    5.474e-06 #SS:   24
 ooCMF Iter:  354 Total= -2648.878535861316777 G=    5.436e-06 #SS:   24
 ooCMF Iter:  355 Total= -2648.878535861395903 G=    5.382e-06 #SS:   24
 ooCMF Iter:  356 Total= -2648.878535861501859 G=    5.299e-06 #SS:   24
 ooCMF Iter:  357 Total= -2648.878535861630553 G=    5.189e-06 #SS:   24
 ooCMF Iter:  358 Total= -2648.878535861768341 G=    5.061e-06 #SS:   24
 ooCMF Iter:  359 Total= -2648.878535861866567 G=    4.968e-06 #SS:   24
 ooCMF Iter:  360 Total= -2648.878535861914315 G=    4.918e-06 #SS:   24
 ooCMF Iter:  361 Total= -2648.878535861938417 G=    4.879e-06 #SS:   24
 ooCMF Iter:  362 Total= -2648.878535861957971 G=    4.838e-06 #SS:   24
 ooCMF Iter:  363 Total= -2648.878535861978435 G=    4.798e-06 #SS:   24
 ooCMF Iter:  364 Total= -2648.878535861998898 G=    4.754e-06 #SS:   24
 ooCMF Iter:  365 Total= -2648.878535862017998 G=    4.710e-06 #SS:   24
 ooCMF Iter:  366 Total= -2648.878535862029366 G=    4.667e-06 #SS:   24
 ooCMF Iter:  367 Total= -2648.878535862032095 G=    4.619e-06 #SS:   24
 ooCMF Iter:  368 Total= -2648.878535862045737 G=    4.559e-06 #SS:   24
 ooCMF Iter:  369 Total= -2648.878535862048466 G=    4.514e-06 #SS:   24
 ooCMF Iter:  370 Total= -2648.878535862050285 G=    4.482e-06 #SS:   24
 ooCMF Iter:  371 Total= -2648.878535862050285 G=    4.455e-06 #SS:   24
 ooCMF Iter:  372 Total= -2648.878535862051649 G=    4.425e-06 #SS:   24
 ooCMF Iter:  373 Total= -2648.878535862048921 G=    4.385e-06 #SS:   24
 ooCMF Iter:  374 Total= -2648.878535862037097 G=    4.330e-06 #SS:   24
 ooCMF Iter:  375 Total= -2648.878535862032095 G=    4.290e-06 #SS:   24
 ooCMF Iter:  376 Total= -2648.878535862020271 G=    4.250e-06 #SS:   24
 ooCMF Iter:  377 Total= -2648.878535861996170 G=    4.205e-06 #SS:   24
 ooCMF Iter:  378 Total= -2648.878535861986620 G=    4.172e-06 #SS:   24
 ooCMF Iter:  379 Total= -2648.878535861977980 G=    4.141e-06 #SS:   24
 ooCMF Iter:  380 Total= -2648.878535861970249 G=    4.112e-06 #SS:   24
 ooCMF Iter:  381 Total= -2648.878535861963883 G=    4.081e-06 #SS:   24
 ooCMF Iter:  382 Total= -2648.878535861958881 G=    4.037e-06 #SS:   24
 ooCMF Iter:  383 Total= -2648.878535861946148 G=    3.982e-06 #SS:   24
 ooCMF Iter:  384 Total= -2648.878535861930686 G=    3.933e-06 #SS:   24
 ooCMF Iter:  385 Total= -2648.878535861910223 G=    3.879e-06 #SS:   24
 ooCMF Iter:  386 Total= -2648.878535861891123 G=    3.828e-06 #SS:   24
 ooCMF Iter:  387 Total= -2648.878535861871569 G=    3.790e-06 #SS:   24
 ooCMF Iter:  388 Total= -2648.878535861860655 G=    3.766e-06 #SS:   24
 ooCMF Iter:  389 Total= -2648.878535861850651 G=    3.744e-06 #SS:   24
 ooCMF Iter:  390 Total= -2648.878535861851105 G=    3.718e-06 #SS:   24
 ooCMF Iter:  391 Total= -2648.878535861853834 G=    3.677e-06 #SS:   24
 ooCMF Iter:  392 Total= -2648.878535861838373 G=    3.617e-06 #SS:   24
 ooCMF Iter:  393 Total= -2648.878535861829732 G=    3.561e-06 #SS:   24
 ooCMF Iter:  394 Total= -2648.878535861816545 G=    3.525e-06 #SS:   24
 ooCMF Iter:  395 Total= -2648.878535861806085 G=    3.493e-06 #SS:   24
 ooCMF Iter:  396 Total= -2648.878535861791988 G=    3.465e-06 #SS:   24
 ooCMF Iter:  397 Total= -2648.878535861778346 G=    3.438e-06 #SS:   24
 ooCMF Iter:  398 Total= -2648.878535861769706 G=    3.417e-06 #SS:   24
 ooCMF Iter:  399 Total= -2648.878535861757882 G=    3.392e-06 #SS:   24
 ooCMF Iter:  400 Total= -2648.878535861734235 G=    3.365e-06 #SS:   24
 ooCMF Iter:  401 Total= -2648.878535861707860 G=    3.326e-06 #SS:   24
 ooCMF Iter:  402 Total= -2648.878535861669206 G=    3.294e-06 #SS:   24
 ooCMF Iter:  403 Total= -2648.878535861650562 G=    3.275e-06 #SS:   24
 ooCMF Iter:  404 Total= -2648.878535861632827 G=    3.258e-06 #SS:   24
 ooCMF Iter:  405 Total= -2648.878535861616456 G=    3.246e-06 #SS:   24
 ooCMF Iter:  406 Total= -2648.878535861607816 G=    3.233e-06 #SS:   24
 ooCMF Iter:  407 Total= -2648.878535861599175 G=    3.218e-06 #SS:   24
 ooCMF Iter:  408 Total= -2648.878535861595083 G=    3.201e-06 #SS:   24
 ooCMF Iter:  409 Total= -2648.878535861585533 G=    3.181e-06 #SS:   24
 ooCMF Iter:  410 Total= -2648.878535861580531 G=    3.146e-06 #SS:   24
 ooCMF Iter:  411 Total= -2648.878535861582350 G=    3.103e-06 #SS:   24
 ooCMF Iter:  412 Total= -2648.878535861577348 G=    3.069e-06 #SS:   24
 ooCMF Iter:  413 Total= -2648.878535861577802 G=    3.049e-06 #SS:   24
 ooCMF Iter:  414 Total= -2648.878535861575529 G=    3.039e-06 #SS:   24
 ooCMF Iter:  415 Total= -2648.878535861574619 G=    3.031e-06 #SS:   24
 ooCMF Iter:  416 Total= -2648.878535861585533 G=    3.021e-06 #SS:   24
 ooCMF Iter:  417 Total= -2648.878535861597356 G=    3.004e-06 #SS:   24
 ooCMF Iter:  418 Total= -2648.878535861606451 G=    2.983e-06 #SS:   24
 ooCMF Iter:  419 Total= -2648.878535861630098 G=    2.960e-06 #SS:   24
 ooCMF Iter:  420 Total= -2648.878535861646469 G=    2.933e-06 #SS:   24
 ooCMF Iter:  421 Total= -2648.878535861651017 G=    2.913e-06 #SS:   24
 ooCMF Iter:  422 Total= -2648.878535861669661 G=    2.895e-06 #SS:   24
 ooCMF Iter:  423 Total= -2648.878535861681939 G=    2.882e-06 #SS:   24
 ooCMF Iter:  424 Total= -2648.878535861680575 G=    2.872e-06 #SS:   24
 ooCMF Iter:  425 Total= -2648.878535861685123 G=    2.862e-06 #SS:   24
 ooCMF Iter:  426 Total= -2648.878535861684668 G=    2.849e-06 #SS:   24
 ooCMF Iter:  427 Total= -2648.878535861691034 G=    2.835e-06 #SS:   24
 ooCMF Iter:  428 Total= -2648.878535861685123 G=    2.821e-06 #SS:   24
 ooCMF Iter:  429 Total= -2648.878535861681485 G=    2.808e-06 #SS:   24
 ooCMF Iter:  430 Total= -2648.878535861685123 G=    2.798e-06 #SS:   24
 ooCMF Iter:  431 Total= -2648.878535861687396 G=    2.787e-06 #SS:   24
 ooCMF Iter:  432 Total= -2648.878535861687851 G=    2.778e-06 #SS:   24
 ooCMF Iter:  433 Total= -2648.878535861696491 G=    2.769e-06 #SS:   24
 ooCMF Iter:  434 Total= -2648.878535861710134 G=    2.754e-06 #SS:   24
 ooCMF Iter:  435 Total= -2648.878535861742421 G=    2.722e-06 #SS:   24
 ooCMF Iter:  436 Total= -2648.878535861793353 G=    2.686e-06 #SS:   24
 ooCMF Iter:  437 Total= -2648.878535861831551 G=    2.659e-06 #SS:   24
 ooCMF Iter:  438 Total= -2648.878535861862019 G=    2.639e-06 #SS:   24
 ooCMF Iter:  439 Total= -2648.878535861886576 G=    2.626e-06 #SS:   24
 ooCMF Iter:  440 Total= -2648.878535861908858 G=    2.615e-06 #SS:   24
 ooCMF Iter:  441 Total= -2648.878535861924320 G=    2.606e-06 #SS:   24
 ooCMF Iter:  442 Total= -2648.878535861937962 G=    2.599e-06 #SS:   24
 ooCMF Iter:  443 Total= -2648.878535861959335 G=    2.591e-06 #SS:   24
 ooCMF Iter:  444 Total= -2648.878535861980708 G=    2.579e-06 #SS:   24
 ooCMF Iter:  445 Total= -2648.878535862009358 G=    2.562e-06 #SS:   24
 ooCMF Iter:  446 Total= -2648.878535862046647 G=    2.542e-06 #SS:   24
 ooCMF Iter:  447 Total= -2648.878535862098488 G=    2.517e-06 #SS:   24
 ooCMF Iter:  448 Total= -2648.878535862151693 G=    2.492e-06 #SS:   24
 ooCMF Iter:  449 Total= -2648.878535862200806 G=    2.471e-06 #SS:   24
 ooCMF Iter:  450 Total= -2648.878535862235822 G=    2.452e-06 #SS:   24
 ooCMF Iter:  451 Total= -2648.878535862256740 G=    2.439e-06 #SS:   24
 ooCMF Iter:  452 Total= -2648.878535862277658 G=    2.428e-06 #SS:   24
 ooCMF Iter:  453 Total= -2648.878535862299032 G=    2.408e-06 #SS:   24
 ooCMF Iter:  454 Total= -2648.878535862329954 G=    2.378e-06 #SS:   24
 ooCMF Iter:  455 Total= -2648.878535862380431 G=    2.342e-06 #SS:   24
 ooCMF Iter:  456 Total= -2648.878535862425906 G=    2.312e-06 #SS:   24
 ooCMF Iter:  457 Total= -2648.878535862454555 G=    2.294e-06 #SS:   24
 ooCMF Iter:  458 Total= -2648.878535862475928 G=    2.282e-06 #SS:   24
 ooCMF Iter:  459 Total= -2648.878535862498211 G=    2.265e-06 #SS:   24
 ooCMF Iter:  460 Total= -2648.878535862525041 G=    2.250e-06 #SS:   24
 ooCMF Iter:  461 Total= -2648.878535862548688 G=    2.235e-06 #SS:   24
 ooCMF Iter:  462 Total= -2648.878535862585068 G=    2.213e-06 #SS:   24
 ooCMF Iter:  463 Total= -2648.878535862645094 G=    2.175e-06 #SS:   24
 ooCMF Iter:  464 Total= -2648.878535862710123 G=    2.135e-06 #SS:   24
 ooCMF Iter:  465 Total= -2648.878535862766057 G=    2.104e-06 #SS:   24
 ooCMF Iter:  466 Total= -2648.878535862815170 G=    2.079e-06 #SS:   24
 ooCMF Iter:  467 Total= -2648.878535862841545 G=    2.061e-06 #SS:   24
 ooCMF Iter:  468 Total= -2648.878535862863373 G=    2.046e-06 #SS:   24
 ooCMF Iter:  469 Total= -2648.878535862894296 G=    2.029e-06 #SS:   24
 ooCMF Iter:  470 Total= -2648.878535862913395 G=    2.013e-06 #SS:   24
 ooCMF Iter:  471 Total= -2648.878535862928857 G=    1.993e-06 #SS:   24
 ooCMF Iter:  472 Total= -2648.878535862971603 G=    1.957e-06 #SS:   24
 ooCMF Iter:  473 Total= -2648.878535863022080 G=    1.909e-06 #SS:   24
 ooCMF Iter:  474 Total= -2648.878535863070283 G=    1.857e-06 #SS:   24
 ooCMF Iter:  475 Total= -2648.878535863117122 G=    1.806e-06 #SS:   24
 ooCMF Iter:  476 Total= -2648.878535863142133 G=    1.771e-06 #SS:   24
 ooCMF Iter:  477 Total= -2648.878535863168963 G=    1.743e-06 #SS:   24
 ooCMF Iter:  478 Total= -2648.878535863187153 G=    1.718e-06 #SS:   24
 ooCMF Iter:  479 Total= -2648.878535863198067 G=    1.700e-06 #SS:   24
 ooCMF Iter:  480 Total= -2648.878535863206707 G=    1.681e-06 #SS:   24
 ooCMF Iter:  481 Total= -2648.878535863223533 G=    1.654e-06 #SS:   24
 ooCMF Iter:  482 Total= -2648.878535863233083 G=    1.618e-06 #SS:   24
 ooCMF Iter:  483 Total= -2648.878535863254001 G=    1.570e-06 #SS:   24
 ooCMF Iter:  484 Total= -2648.878535863268098 G=    1.523e-06 #SS:   24
 ooCMF Iter:  485 Total= -2648.878535863278103 G=    1.490e-06 #SS:   24
 ooCMF Iter:  486 Total= -2648.878535863286743 G=    1.460e-06 #SS:   24
 ooCMF Iter:  487 Total= -2648.878535863293564 G=    1.434e-06 #SS:   24
 ooCMF Iter:  488 Total= -2648.878535863294474 G=    1.409e-06 #SS:   24
 ooCMF Iter:  489 Total= -2648.878535863297202 G=    1.381e-06 #SS:   24
 ooCMF Iter:  490 Total= -2648.878535863307206 G=    1.335e-06 #SS:   24
 ooCMF Iter:  491 Total= -2648.878535863307206 G=    1.279e-06 #SS:   24
 ooCMF Iter:  492 Total= -2648.878535863309935 G=    1.234e-06 #SS:   24
 ooCMF Iter:  493 Total= -2648.878535863312209 G=    1.205e-06 #SS:   24
 ooCMF Iter:  494 Total= -2648.878535863312209 G=    1.184e-06 #SS:   24
 ooCMF Iter:  495 Total= -2648.878535863310390 G=    1.168e-06 #SS:   24
 ooCMF Iter:  496 Total= -2648.878535863311754 G=    1.153e-06 #SS:   24
 ooCMF Iter:  497 Total= -2648.878535863310390 G=    1.139e-06 #SS:   24
 ooCMF Iter:  498 Total= -2648.878535863307661 G=    1.123e-06 #SS:   24
 ooCMF Iter:  499 Total= -2648.878535863309480 G=    1.098e-06 #SS:   24
 ooCMF Iter:  500 Total= -2648.878535863308116 G=    1.059e-06 #SS:   24
2174.398813 seconds (266.26 M allocations: 203.099 GiB, 0.61% gc time)
Solve OO-CMF with DIIS
 ooCMF Iter:    1 Total= -2648.878506739182285 G=    3.340e-03 #SS:    1
 ooCMF Iter:    2 Total= -2648.878534048128586 G=    2.261e-03 #SS:    2
 ooCMF Iter:    3 Total= -2648.878535805612046 G=    1.405e-04 #SS:    3
 ooCMF Iter:    4 Total= -2648.878535861841556 G=    5.338e-05 #SS:    4
 ooCMF Iter:    5 Total= -2648.878535863389061 G=    4.291e-06 #SS:    5
*ooCMF Iter:    6 Total= -2648.878535863394973 G=    2.634e-07 #SS:    6
 32.855422 seconds (338.22 k allocations: 3.279 GiB, 0.68% gc time)
 Solve OO-CMF with DIIS
 ooCMF Iter:    1 Total= -2648.878511781276757 G=    2.816e-03 #SS:    1
 ooCMF Iter:    2 Total= -2648.878534399636919 G=    2.134e-03 #SS:    2
 ooCMF Iter:    3 Total= -2648.878535820012530 G=    1.138e-04 #SS:    3
 ooCMF Iter:    4 Total= -2648.878535862517765 G=    6.929e-05 #SS:    4
 ooCMF Iter:    5 Total= -2648.878535863396792 G=    1.937e-06 #SS:    5
*ooCMF Iter:    6 Total= -2648.878535863393154 G=    4.260e-07 #SS:    6
 34.039522 seconds (702.16 k allocations: 3.256 GiB, 0.52% gc time)
 Solve OO-CMF with newton
 Step:    1 E: -2648.871010907143 G:     1.58e-01  
 Step:    2 E: -2648.878511781277 G:     2.82e-03  
 Step:    3 E: -2648.878535851351 G:     6.85e-05  
 Step:    4 E: -2648.878535863346 G:     2.32e-06  
 Step:    5 E: -2648.878535863397 G:     1.86e-07   
 19.894457 seconds (529.59 k allocations: 1.297 GiB, 0.49% gc time)
 Solve OO-CMF with newton
 Step:    1 E: -2648.871010907143 G:     1.58e-01  
 Step:    2 E: -2648.878506739183 G:     3.34e-03  
 Step:    3 E: -2648.878535849834 G:     8.01e-05  
 Step:    4 E: -2648.878535863364 G:     1.24e-06  
 Step:    5 E: -2648.878535863400 G:     1.43e-07   
 16.141275 seconds (165.83 k allocations: 1.303 GiB, 0.59% gc time)