IDX001:DIM1048576:001|002|003|004|005|006|007|008|009|010|
IDX002:DIM4096:011|012|013|014|015|016|
IDX003:DIM1048576:017|018|019|020|021|022|023|024|025|026|
 ooCMF Iter:    1 Total= -2721.717567560592 Active= -78.951788254786 G=     7.57e-02
 ooCMF Iter:    2 Total= -2721.718606781819 Active= -78.952827476012 G=     8.48e-02
 ooCMF Iter:    3 Total= -2721.721980157349 Active= -78.956200851543 G=     1.37e-01
 ooCMF Iter:    4 Total= -2721.726993472320 Active= -78.961214166514 G=     2.88e-01
 ooCMF Iter:    5 Total= -2721.738110119108 Active= -78.972330813301 G=     1.75e-01
 ooCMF Iter:    6 Total= -2721.742398641112 Active= -78.976619335305 G=     1.90e-01
 ooCMF Iter:    7 Total= -2721.746281529104 Active= -78.980502223298 G=     1.80e-01
 ooCMF Iter:    8 Total= -2721.748360607011 Active= -78.982581301204 G=     1.25e-01
 ooCMF Iter:    9 Total= -2721.749770748110 Active= -78.983991442303 G=     5.98e-02
 ooCMF Iter:   10 Total= -2721.749962174953 Active= -78.984182869146 G=     3.69e-02
 ooCMF Iter:   11 Total= -2721.750053659990 Active= -78.984274354184 G=     3.32e-02
 ooCMF Iter:   12 Total= -2721.750191205287 Active= -78.984411899481 G=     2.25e-02
 ooCMF Iter:   13 Total= -2721.750270086122 Active= -78.984490780315 G=     2.59e-02
 ooCMF Iter:   14 Total= -2721.750311347383 Active= -78.984532041577 G=     2.69e-02
 ooCMF Iter:   15 Total= -2721.750388282120 Active= -78.984608976313 G=     3.26e-02
 ooCMF Iter:   16 Total= -2721.750496940392 Active= -78.984717634585 G=     1.98e-02
 ooCMF Iter:   17 Total= -2721.750589795618 Active= -78.984810489811 G=     2.50e-02
 ooCMF Iter:   18 Total= -2721.750633821834 Active= -78.984854516028 G=     1.71e-02
 ooCMF Iter:   19 Total= -2721.750651430937 Active= -78.984872125131 G=     1.42e-02
 ooCMF Iter:   20 Total= -2721.750667100290 Active= -78.984887794484 G=     6.57e-03
 ooCMF Iter:   21 Total= -2721.750672570592 Active= -78.984893264785 G=     3.47e-03
 ooCMF Iter:   22 Total= -2721.750673785485 Active= -78.984894479679 G=     3.42e-03
 ooCMF Iter:   23 Total= -2721.750674886661 Active= -78.984895580855 G=     2.62e-03
 ooCMF Iter:   24 Total= -2721.750675740955 Active= -78.984896435148 G=     2.33e-03
 ooCMF Iter:   25 Total= -2721.750676590168 Active= -78.984897284362 G=     2.30e-03
 ooCMF Iter:   26 Total= -2721.750677236150 Active= -78.984897930343 G=     2.77e-03
 ooCMF Iter:   27 Total= -2721.750678056124 Active= -78.984898750318 G=     2.05e-03
 ooCMF Iter:   28 Total= -2721.750678462130 Active= -78.984899156323 G=     2.02e-03
 ooCMF Iter:   29 Total= -2721.750678839689 Active= -78.984899533883 G=     1.44e-03
 ooCMF Iter:   30 Total= -2721.750679014085 Active= -78.984899708278 G=     9.67e-04
 ooCMF Iter:   31 Total= -2721.750679104769 Active= -78.984899798962 G=     7.63e-04
 ooCMF Iter:   32 Total= -2721.750679144218 Active= -78.984899838412 G=     5.86e-04
 ooCMF Iter:   33 Total= -2721.750679195095 Active= -78.984899889288 G=     5.08e-04
 ooCMF Iter:   34 Total= -2721.750679216968 Active= -78.984899911162 G=     4.57e-04
 ooCMF Iter:   35 Total= -2721.750679252592 Active= -78.984899946786 G=     4.84e-04
 ooCMF Iter:   36 Total= -2721.750679283335 Active= -78.984899977528 G=     5.62e-04
 ooCMF Iter:   37 Total= -2721.750679313343 Active= -78.984900007537 G=     4.95e-04
 ooCMF Iter:   38 Total= -2721.750679339911 Active= -78.984900034104 G=     4.44e-04
 ooCMF Iter:   39 Total= -2721.750679358278 Active= -78.984900052471 G=     4.00e-04
 ooCMF Iter:   40 Total= -2721.750679378986 Active= -78.984900073180 G=     2.80e-04
 ooCMF Iter:   41 Total= -2721.750679391544 Active= -78.984900085738 G=     3.08e-04
 ooCMF Iter:   42 Total= -2721.750679403886 Active= -78.984900098079 G=     3.29e-04
 ooCMF Iter:   43 Total= -2721.750679417467 Active= -78.984900111661 G=     4.20e-04
 ooCMF Iter:   44 Total= -2721.750679442645 Active= -78.984900136839 G=     5.44e-04
 ooCMF Iter:   45 Total= -2721.750679513878 Active= -78.984900208071 G=     8.30e-04
 ooCMF Iter:   46 Total= -2721.750679602494 Active= -78.984900296688 G=     1.07e-03
 ooCMF Iter:   47 Total= -2721.750679875080 Active= -78.984900569274 G=     1.62e-03
 ooCMF Iter:   48 Total= -2721.750680374746 Active= -78.984901068939 G=     1.98e-03
 ooCMF Iter:   49 Total= -2721.750681128211 Active= -78.984901822405 G=     2.14e-03
 ooCMF Iter:   50 Total= -2721.750681855730 Active= -78.984902549923 G=     2.51e-03
 ooCMF Iter:   51 Total= -2721.750682689949 Active= -78.984903384143 G=     2.28e-03
 ooCMF Iter:   52 Total= -2721.750683703378 Active= -78.984904397571 G=     2.75e-03
 ooCMF Iter:   53 Total= -2721.750684993833 Active= -78.984905688026 G=     4.64e-03
 ooCMF Iter:   54 Total= -2721.750684837618 Active= -78.984905531811 G=     6.41e-03
 ooCMF Iter:   55 Total= -2721.750683710793 Active= -78.984904404986 G=     6.75e-03
 ooCMF Iter:   56 Total= -2721.750676678229 Active= -78.984897372423 G=     8.26e-03
 ooCMF Iter:   57 Total= -2721.750668646196 Active= -78.984889340390 G=     1.11e-02
 ooCMF Iter:   58 Total= -2721.750669614104 Active= -78.984890308298 G=     1.25e-02
 ooCMF Iter:   59 Total= -2721.750644459511 Active= -78.984865153705 G=     1.05e-02
 ooCMF Iter:   60 Total= -2721.750665917703 Active= -78.984886611896 G=     7.71e-03
 ooCMF Iter:   61 Total= -2721.750683250057 Active= -78.984903944250 G=     7.17e-03
 ooCMF Iter:   62 Total= -2721.750702076783 Active= -78.984922770976 G=     8.25e-03
 ooCMF Iter:   63 Total= -2721.750722887302 Active= -78.984943581495 G=     8.21e-03
 ooCMF Iter:   64 Total= -2721.750732309146 Active= -78.984953003340 G=     7.98e-03
 ooCMF Iter:   65 Total= -2721.750734625042 Active= -78.984955319236 G=     5.23e-03
 ooCMF Iter:   66 Total= -2721.750738953956 Active= -78.984959648149 G=     3.59e-03
 ooCMF Iter:   67 Total= -2721.750740916891 Active= -78.984961611084 G=     3.46e-03
 ooCMF Iter:   68 Total= -2721.750742381807 Active= -78.984963076000 G=     3.46e-03
 ooCMF Iter:   69 Total= -2721.750745891891 Active= -78.984966586085 G=     4.78e-03
 ooCMF Iter:   70 Total= -2721.750752189151 Active= -78.984972883344 G=     6.71e-03
 ooCMF Iter:   71 Total= -2721.750760128602 Active= -78.984980822795 G=     9.90e-03
 ooCMF Iter:   72 Total= -2721.750766509379 Active= -78.984987203573 G=     1.57e-02
 ooCMF Iter:   73 Total= -2721.750796577017 Active= -78.985017271211 G=     2.21e-02
 ooCMF Iter:   74 Total= -2721.750842103166 Active= -78.985062797359 G=     2.24e-02
 ooCMF Iter:   75 Total= -2721.750877560873 Active= -78.985098255067 G=     1.63e-02
 ooCMF Iter:   76 Total= -2721.750916760393 Active= -78.985137454587 G=     1.10e-02
 ooCMF Iter:   77 Total= -2721.750918434245 Active= -78.985139128439 G=     9.38e-03
 ooCMF Iter:   78 Total= -2721.750937688567 Active= -78.985158382760 G=     9.48e-03
 ooCMF Iter:   79 Total= -2721.750952582181 Active= -78.985173276374 G=     1.01e-02
 ooCMF Iter:   80 Total= -2721.750966766483 Active= -78.985187460677 G=     1.15e-02
 ooCMF Iter:   81 Total= -2721.750970371490 Active= -78.985191065684 G=     1.32e-02
 ooCMF Iter:   82 Total= -2721.750983003231 Active= -78.985203697425 G=     1.21e-02
 ooCMF Iter:   83 Total= -2721.750996235904 Active= -78.985216930097 G=     8.52e-03
 ooCMF Iter:   84 Total= -2721.751004304725 Active= -78.985224998919 G=     6.65e-03
 ooCMF Iter:   85 Total= -2721.751008895229 Active= -78.985229589422 G=     5.95e-03
 ooCMF Iter:   86 Total= -2721.751011855948 Active= -78.985232550142 G=     5.31e-03
 ooCMF Iter:   87 Total= -2721.751015020299 Active= -78.985235714492 G=     5.16e-03
 ooCMF Iter:   88 Total= -2721.751016918951 Active= -78.985237613145 G=     6.37e-03
 ooCMF Iter:   89 Total= -2721.751020596851 Active= -78.985241291044 G=     6.88e-03
 ooCMF Iter:   90 Total= -2721.751026257150 Active= -78.985246951343 G=     6.77e-03
 ooCMF Iter:   91 Total= -2721.751029108395 Active= -78.985249802588 G=     6.46e-03
 ooCMF Iter:   92 Total= -2721.751030638827 Active= -78.985251333021 G=     6.02e-03
 ooCMF Iter:   93 Total= -2721.751034221604 Active= -78.985254915798 G=     5.09e-03
 ooCMF Iter:   94 Total= -2721.751038659500 Active= -78.985259353694 G=     5.67e-03
 ooCMF Iter:   95 Total= -2721.751042716830 Active= -78.985263411024 G=     7.03e-03
 ooCMF Iter:   96 Total= -2721.751048458932 Active= -78.985269153126 G=     7.72e-03
 ooCMF Iter:   97 Total= -2721.751057947537 Active= -78.985278641730 G=     8.45e-03
 ooCMF Iter:   98 Total= -2721.751065395273 Active= -78.985286089467 G=     9.57e-03
 ooCMF Iter:   99 Total= -2721.751073187886 Active= -78.985293882080 G=     9.13e-03
 ooCMF Iter:  100 Total= -2721.751083084634 Active= -78.985303778828 G=     8.01e-03
 ooCMF Iter:  101 Total= -2721.751087919085 Active= -78.985308613278 G=     8.04e-03
 * Status: failure (reached maximum number of iterations)

 * Candidate solution
    Final objective value:     -2.721751e+03

 * Found with
    Algorithm:     BFGS

 * Convergence measures
    |x - x'|               = 4.71e-02 ≰ 0.0e+00
    |x - x'|/|x'|          = 5.87e-02 ≰ 0.0e+00
    |f(x) - f(x')|         = 4.83e-06 ≰ 0.0e+00
    |f(x) - f(x')|/|f(x')| = 1.78e-09 ≰ 0.0e+00
    |g(x)|                 = 3.12e-03 ≰ 1.0e-07

 * Work counters
    Seconds run:   708  (vs limit Inf)
    Iterations:    100
    f(x) calls:    210
    ∇f(x) calls:   210

*ooCMF -2721.75108792 
 ooCMF Iter:    1 Total= -2721.717567560592 Active= -78.951788254785 G=     7.57e-02
 ooCMF Iter:    2 Total= -2721.718606837275 Active= -78.952827531469 G=     8.58e-02
 ooCMF Iter:    3 Total= -2721.721981450706 Active= -78.956202144899 G=     1.37e-01
 ooCMF Iter:    4 Total= -2721.727020552659 Active= -78.961241246852 G=     3.00e-01
 ooCMF Iter:    5 Total= -2721.738187537112 Active= -78.972408231306 G=     1.74e-01
 ooCMF Iter:    6 Total= -2721.742859320386 Active= -78.977080014580 G=     1.31e-01
 ooCMF Iter:    7 Total= -2721.745698725775 Active= -78.979919419969 G=     1.16e-01
 ooCMF Iter:    8 Total= -2721.747395767225 Active= -78.981616461419 G=     7.72e-02
 ooCMF Iter:    9 Total= -2721.748169911682 Active= -78.982390605876 G=     5.96e-02
 ooCMF Iter:   10 Total= -2721.748643962453 Active= -78.982864656647 G=     4.52e-02
 ooCMF Iter:   11 Total= -2721.748866434479 Active= -78.983087128672 G=     2.86e-02
 ooCMF Iter:   12 Total= -2721.748994483070 Active= -78.983215177263 G=     2.43e-02
 ooCMF Iter:   13 Total= -2721.749116878477 Active= -78.983337572671 G=     2.54e-02
 ooCMF Iter:   14 Total= -2721.749296596308 Active= -78.983517290501 G=     2.59e-02
 ooCMF Iter:   15 Total= -2721.749422288318 Active= -78.983642982512 G=     2.83e-02
 ooCMF Iter:   16 Total= -2721.749573382771 Active= -78.983794076964 G=     3.78e-02
 ooCMF Iter:   17 Total= -2721.749918612844 Active= -78.984139307037 G=     3.73e-02
 ooCMF Iter:   18 Total= -2721.750131652326 Active= -78.984352346519 G=     3.32e-02
 ooCMF Iter:   19 Total= -2721.750292586532 Active= -78.984513280725 G=     3.38e-02
 ooCMF Iter:   20 Total= -2721.750438879658 Active= -78.984659573851 G=     2.73e-02
 ooCMF Iter:   21 Total= -2721.750514876548 Active= -78.984735570742 G=     1.65e-02
 ooCMF Iter:   22 Total= -2721.750536155313 Active= -78.984756849506 G=     1.10e-02
 ooCMF Iter:   23 Total= -2721.750546592922 Active= -78.984767287116 G=     1.01e-02
 ooCMF Iter:   24 Total= -2721.750554667665 Active= -78.984775361859 G=     9.52e-03
 ooCMF Iter:   25 Total= -2721.750561762699 Active= -78.984782456893 G=     8.24e-03
 ooCMF Iter:   26 Total= -2721.750567796742 Active= -78.984788490936 G=     6.90e-03
 ooCMF Iter:   27 Total= -2721.750572878736 Active= -78.984793572929 G=     5.80e-03
 ooCMF Iter:   28 Total= -2721.750577492030 Active= -78.984798186224 G=     5.17e-03
 ooCMF Iter:   29 Total= -2721.750583063641 Active= -78.984803757834 G=     5.88e-03
 ooCMF Iter:   30 Total= -2721.750591531606 Active= -78.984812225799 G=     7.18e-03
 ooCMF Iter:   31 Total= -2721.750601826790 Active= -78.984822520983 G=     5.65e-03
 ooCMF Iter:   32 Total= -2721.750608129642 Active= -78.984828823835 G=     4.78e-03
 ooCMF Iter:   33 Total= -2721.750612917243 Active= -78.984833611436 G=     6.04e-03
 ooCMF Iter:   34 Total= -2721.750619713419 Active= -78.984840407613 G=     8.01e-03
 ooCMF Iter:   35 Total= -2721.750629289802 Active= -78.984849983995 G=     8.48e-03
 ooCMF Iter:   36 Total= -2721.750637030651 Active= -78.984857724845 G=     6.76e-03
 ooCMF Iter:   37 Total= -2721.750642241184 Active= -78.984862935378 G=     5.49e-03
 ooCMF Iter:   38 Total= -2721.750645311137 Active= -78.984866005331 G=     5.09e-03
 ooCMF Iter:   39 Total= -2721.750647635290 Active= -78.984868329483 G=     4.91e-03
 ooCMF Iter:   40 Total= -2721.750649640820 Active= -78.984870335014 G=     4.66e-03
 ooCMF Iter:   41 Total= -2721.750651289291 Active= -78.984871983485 G=     4.19e-03
 ooCMF Iter:   42 Total= -2721.750652558064 Active= -78.984873252257 G=     3.52e-03
 ooCMF Iter:   43 Total= -2721.750653660020 Active= -78.984874354213 G=     2.79e-03
 ooCMF Iter:   44 Total= -2721.750654707158 Active= -78.984875401351 G=     2.40e-03
 ooCMF Iter:   45 Total= -2721.750655904748 Active= -78.984876598942 G=     2.81e-03
 ooCMF Iter:   46 Total= -2721.750657918502 Active= -78.984878612695 G=     3.59e-03
 ooCMF Iter:   47 Total= -2721.750661004091 Active= -78.984881698285 G=     3.14e-03
 ooCMF Iter:   48 Total= -2721.750662771642 Active= -78.984883465835 G=     2.33e-03
 ooCMF Iter:   49 Total= -2721.750663948875 Active= -78.984884643069 G=     3.18e-03
 ooCMF Iter:   50 Total= -2721.750665557980 Active= -78.984886252174 G=     3.94e-03
 ooCMF Iter:   51 Total= -2721.750667852980 Active= -78.984888547173 G=     3.91e-03
 ooCMF Iter:   52 Total= -2721.750669480474 Active= -78.984890174668 G=     3.01e-03
 ooCMF Iter:   53 Total= -2721.750670408208 Active= -78.984891102401 G=     2.42e-03
 ooCMF Iter:   54 Total= -2721.750670915846 Active= -78.984891610040 G=     2.23e-03
 ooCMF Iter:   55 Total= -2721.750671275109 Active= -78.984891969303 G=     2.15e-03
 ooCMF Iter:   56 Total= -2721.750671563779 Active= -78.984892257972 G=     2.03e-03
 ooCMF Iter:   57 Total= -2721.750671797661 Active= -78.984892491855 G=     1.85e-03
 ooCMF Iter:   58 Total= -2721.750672003882 Active= -78.984892698076 G=     1.61e-03
 ooCMF Iter:   59 Total= -2721.750672226514 Active= -78.984892920708 G=     1.33e-03
 ooCMF Iter:   60 Total= -2721.750672491927 Active= -78.984893186121 G=     1.17e-03
 ooCMF Iter:   61 Total= -2721.750672888630 Active= -78.984893582823 G=     1.61e-03
 ooCMF Iter:   62 Total= -2721.750673922824 Active= -78.984894617018 G=     2.54e-03
 ooCMF Iter:   63 Total= -2721.750675590877 Active= -78.984896285070 G=     1.73e-03
 ooCMF Iter:   64 Total= -2721.750676170484 Active= -78.984896864677 G=     1.63e-03
 ooCMF Iter:   65 Total= -2721.750676651952 Active= -78.984897346146 G=     2.04e-03
 ooCMF Iter:   66 Total= -2721.750677190947 Active= -78.984897885141 G=     1.94e-03
 ooCMF Iter:   67 Total= -2721.750677551196 Active= -78.984898245389 G=     1.43e-03
 ooCMF Iter:   68 Total= -2721.750677745216 Active= -78.984898439410 G=     1.11e-03
 ooCMF Iter:   69 Total= -2721.750677853921 Active= -78.984898548114 G=     1.00e-03
 ooCMF Iter:   70 Total= -2721.750677936671 Active= -78.984898630865 G=     9.43e-04
 ooCMF Iter:   71 Total= -2721.750678007869 Active= -78.984898702063 G=     8.66e-04
 ooCMF Iter:   72 Total= -2721.750678068195 Active= -78.984898762388 G=     7.50e-04
 ooCMF Iter:   73 Total= -2721.750678124165 Active= -78.984898818358 G=     6.14e-04
 ooCMF Iter:   74 Total= -2721.750678183890 Active= -78.984898878083 G=     5.37e-04
 ooCMF Iter:   75 Total= -2721.750678256331 Active= -78.984898950524 G=     6.38e-04
 ooCMF Iter:   76 Total= -2721.750678378069 Active= -78.984899072263 G=     7.76e-04
 ooCMF Iter:   77 Total= -2721.750678524954 Active= -78.984899219147 G=     5.51e-04
 ooCMF Iter:   78 Total= -2721.750678605601 Active= -78.984899299795 G=     5.92e-04
 ooCMF Iter:   79 Total= -2721.750678701383 Active= -78.984899395576 G=     8.60e-04
 ooCMF Iter:   80 Total= -2721.750678859364 Active= -78.984899553557 G=     9.23e-04
 ooCMF Iter:   81 Total= -2721.750678980381 Active= -78.984899674575 G=     6.34e-04
 ooCMF Iter:   82 Total= -2721.750679037278 Active= -78.984899731472 G=     5.90e-04
 ooCMF Iter:   83 Total= -2721.750679075343 Active= -78.984899769537 G=     6.19e-04
 ooCMF Iter:   84 Total= -2721.750679110651 Active= -78.984899804844 G=     6.04e-04
 ooCMF Iter:   85 Total= -2721.750679137737 Active= -78.984899831930 G=     5.25e-04
 ooCMF Iter:   86 Total= -2721.750679156045 Active= -78.984899850238 G=     4.22e-04
 ooCMF Iter:   87 Total= -2721.750679170086 Active= -78.984899864280 G=     3.25e-04
 ooCMF Iter:   88 Total= -2721.750679180982 Active= -78.984899875175 G=     2.74e-04
 ooCMF Iter:   89 Total= -2721.750679191945 Active= -78.984899886138 G=     2.82e-04
 ooCMF Iter:   90 Total= -2721.750679207161 Active= -78.984899901354 G=     3.26e-04
 ooCMF Iter:   91 Total= -2721.750679229340 Active= -78.984899923534 G=     3.18e-04
 ooCMF Iter:   92 Total= -2721.750679246894 Active= -78.984899941087 G=     2.24e-04
 ooCMF Iter:   93 Total= -2721.750679258123 Active= -78.984899952316 G=     2.52e-04
 ooCMF Iter:   94 Total= -2721.750679268138 Active= -78.984899962331 G=     3.14e-04
 ooCMF Iter:   95 Total= -2721.750679282255 Active= -78.984899976448 G=     3.53e-04
 ooCMF Iter:   96 Total= -2721.750679295965 Active= -78.984899990159 G=     3.26e-04
 ooCMF Iter:   97 Total= -2721.750679306142 Active= -78.984900000335 G=     2.73e-04
 ooCMF Iter:   98 Total= -2721.750679313845 Active= -78.984900008038 G=     2.37e-04
 ooCMF Iter:   99 Total= -2721.750679319352 Active= -78.984900013545 G=     2.29e-04
 ooCMF Iter:  100 Total= -2721.750679324286 Active= -78.984900018480 G=     2.37e-04
 ooCMF Iter:  101 Total= -2721.750679329138 Active= -78.984900023331 G=     2.45e-04
 * Status: failure (reached maximum number of iterations)

 * Candidate solution
    Final objective value:     -2.721751e+03

 * Found with
    Algorithm:     Conjugate Gradient

 * Convergence measures
    |x - x'|               = 1.63e-05 ≰ 0.0e+00
    |x - x'|/|x'|          = 3.91e-05 ≰ 0.0e+00
    |f(x) - f(x')|         = 4.85e-09 ≰ 0.0e+00
    |f(x) - f(x')|/|f(x')| = 1.78e-12 ≰ 0.0e+00
    |g(x)|                 = 1.02e-04 ≰ 1.0e-07

 * Work counters
    Seconds run:   406  (vs limit Inf)
    Iterations:    100
    f(x) calls:    201
    ∇f(x) calls:   101

*ooCMF -2721.75067933 
410.085063 seconds (5.42 M allocations: 13.733 GiB, 0.40% gc time, 0.01% compilation time)
 Step: 1325 E: -2721.750679909117 G: 8.6e-05
 Step: 1326 E: -2721.750679909846 G: 8.6e-05
 Step: 1327 E: -2721.750679910579 G: 8.6e-05
 Step: 1328 E: -2721.750679911311 G: 8.6e-05
 Step: 1329 E: -2721.750679912043 G: 8.6e-05
 Step: 1330 E: -2721.750679912774 G: 8.6e-05
 Step: 1331 E: -2721.750679913509 G: 8.6e-05
 Step: 1332 E: -2721.750679914240 G: 8.6e-05
 Step: 1333 E: -2721.750679914972 G: 8.6e-05
 Step: 1334 E: -2721.750679915704 G: 8.6e-05
 Step: 1335 E: -2721.750679916436 G: 8.6e-05
 Step: 1336 E: -2721.750679917169 G: 8.6e-05
 Step: 1337 E: -2721.750679917903 G: 8.6e-05
 Step: 1338 E: -2721.750679918637 G: 8.6e-05
 Step: 1339 E: -2721.750679919368 G: 8.6e-05
 Step: 1340 E: -2721.750679920101 G: 8.6e-05
 Step: 1341 E: -2721.750679920836 G: 8.6e-05
 Step: 1342 E: -2721.750679921567 G: 8.6e-05
 Step: 1343 E: -2721.750679922302 G: 8.6e-05
 Step: 1344 E: -2721.750679923035 G: 8.6e-05
 Step: 1345 E: -2721.750679923769 G: 8.6e-05
 Step: 1346 E: -2721.750679924503 G: 8.6e-05
 Step: 1347 E: -2721.750679925238 G: 8.6e-05
 Step: 1348 E: -2721.750679925971 G: 8.6e-05
 Step: 1349 E: -2721.750679926707 G: 8.6e-05
 Step: 1350 E: -2721.750679927442 G: 8.6e-05
 Step: 1351 E: -2721.750679928174 G: 8.6e-05
 Step: 1352 E: -2721.750679928909 G: 8.6e-05
 Step: 1353 E: -2721.750679929645 G: 8.6e-05
 Step: 1354 E: -2721.750679930380 G: 8.6e-05
 Step: 1355 E: -2721.750679931114 G: 8.6e-05
 Step: 1356 E: -2721.750679931849 G: 8.6e-05
 Step: 1357 E: -2721.750679932585 G: 8.6e-05
 Step: 1358 E: -2721.750679933320 G: 8.6e-05
 Step: 1359 E: -2721.750679934055 G: 8.6e-05
 Step: 1360 E: -2721.750679934792 G: 8.6e-05
 Step: 1361 E: -2721.750679935525 G: 8.6e-05
 Step: 1362 E: -2721.750679936263 G: 8.6e-05
 Step: 1363 E: -2721.750679936999 G: 8.6e-05
 Step: 1364 E: -2721.750679937734 G: 8.6e-05
 Step: 1365 E: -2721.750679938471 G: 8.6e-05
 Step: 1366 E: -2721.750679939210 G: 8.6e-05
 Step: 1367 E: -2721.750679939947 G: 8.6e-05
 Step: 1368 E: -2721.750679940681 G: 8.6e-05
 Step: 1369 E: -2721.750679941417 G: 8.6e-05
 Step: 1370 E: -2721.750679942155 G: 8.6e-05
 Step: 1371 E: -2721.750679942892 G: 8.6e-05
 Step: 1372 E: -2721.750679943631 G: 8.6e-05
 Step: 1373 E: -2721.750679944367 G: 8.6e-05
 Step: 1374 E: -2721.750679945103 G: 8.6e-05
 Step: 1375 E: -2721.750679945842 G: 8.6e-05
 Step: 1376 E: -2721.750679946580 G: 8.6e-05
 Step: 1377 E: -2721.750679947316 G: 8.6e-05
 Step: 1378 E: -2721.750679948053 G: 8.6e-05
 Step: 1379 E: -2721.750679948792 G: 8.6e-05
 Step: 1380 E: -2721.750679949531 G: 8.6e-05
 Step: 1381 E: -2721.750679950270 G: 8.6e-05
 Step: 1382 E: -2721.750679951009 G: 8.6e-05
 Step: 1383 E: -2721.750679951746 G: 8.6e-05
 Step: 1384 E: -2721.750679952484 G: 8.6e-05
 Step: 1385 E: -2721.750679953226 G: 8.6e-05
 Step: 1386 E: -2721.750679953962 G: 8.6e-05
 Step: 1387 E: -2721.750679954703 G: 8.6e-05
 Step: 1388 E: -2721.750679955440 G: 8.6e-05
 Step: 1389 E: -2721.750679956180 G: 8.6e-05
 Step: 1390 E: -2721.750679956920 G: 8.6e-05
 Step: 1391 E: -2721.750679957659 G: 8.6e-05
 Step: 1392 E: -2721.750679958399 G: 8.6e-05
 Step: 1393 E: -2721.750679959139 G: 8.6e-05
 Step: 1394 E: -2721.750679959879 G: 8.6e-05
 Step: 1395 E: -2721.750679960617 G: 8.6e-05
 Step: 1396 E: -2721.750679961358 G: 8.6e-05
 Step: 1397 E: -2721.750679962099 G: 8.6e-05
 Step: 1398 E: -2721.750679962839 G: 8.6e-05
 Step: 1399 E: -2721.750679963581 G: 8.6e-05
 Step: 1400 E: -2721.750679964322 G: 8.6e-05
 Step: 1401 E: -2721.750679965061 G: 8.6e-05
 Step: 1402 E: -2721.750679965803 G: 8.6e-05
 Step: 1403 E: -2721.750679966543 G: 8.6e-05
 Step: 1404 E: -2721.750679967283 G: 8.6e-05
 Step: 1405 E: -2721.750679968025 G: 8.6e-05
 Step: 1406 E: -2721.750679968766 G: 8.6e-05
 Step: 1407 E: -2721.750679969509 G: 8.6e-05
 Step: 1408 E: -2721.750679970251 G: 8.6e-05
 Step: 1409 E: -2721.750679970993 G: 8.6e-05
 Step: 1410 E: -2721.750679971736 G: 8.6e-05
 Step: 1411 E: -2721.750679972477 G: 8.6e-05
 Step: 1412 E: -2721.750679973219 G: 8.6e-05
 Step: 1413 E: -2721.750679973961 G: 8.6e-05
 Step: 1414 E: -2721.750679974704 G: 8.6e-05
 Step: 1415 E: -2721.750679975447 G: 8.6e-05
 Step: 1416 E: -2721.750679976188 G: 8.6e-05
 Step: 1417 E: -2721.750679976933 G: 8.6e-05
 Step: 1418 E: -2721.750679977677 G: 8.6e-05
 Step: 1419 E: -2721.750679978421 G: 8.6e-05
 Step: 1420 E: -2721.750679979164 G: 8.6e-05
 Step: 1421 E: -2721.750679979906 G: 8.6e-05
 Step: 1422 E: -2721.750679980651 G: 8.6e-05
 Step: 1423 E: -2721.750679981394 G: 8.6e-05
 Step: 1424 E: -2721.750679982139 G: 8.6e-05
 Step: 1425 E: -2721.750679982881 G: 8.6e-05
 Step: 1426 E: -2721.750679983626 G: 8.6e-05
 Step: 1427 E: -2721.750679984370 G: 8.6e-05
 Step: 1428 E: -2721.750679985113 G: 8.6e-05
 Step: 1429 E: -2721.750679985858 G: 8.6e-05
 Step: 1430 E: -2721.750679986603 G: 8.6e-05
 Step: 1431 E: -2721.750679987347 G: 8.6e-05
 Step: 1432 E: -2721.750679988093 G: 8.6e-05
 Step: 1433 E: -2721.750679988840 G: 8.6e-05
 Step: 1434 E: -2721.750679989585 G: 8.6e-05
 Step: 1435 E: -2721.750679990329 G: 8.6e-05
 Step: 1436 E: -2721.750679991074 G: 8.6e-05
 Step: 1437 E: -2721.750679991820 G: 8.6e-05
 Step: 1438 E: -2721.750679992565 G: 8.6e-05
 Step: 1439 E: -2721.750679993311 G: 8.6e-05
 Step: 1440 E: -2721.750679994055 G: 8.6e-05
 Step: 1441 E: -2721.750679994802 G: 8.6e-05
 Step: 1442 E: -2721.750679995549 G: 8.6e-05
 Step: 1443 E: -2721.750679996296 G: 8.6e-05
 Step: 1444 E: -2721.750679997041 G: 8.6e-05
 Step: 1445 E: -2721.750679997789 G: 8.6e-05
 Step: 1446 E: -2721.750679998533 G: 8.6e-05
 Step: 1447 E: -2721.750679999282 G: 8.6e-05
 Step: 1448 E: -2721.750680000028 G: 8.6e-05
 Step: 1449 E: -2721.750680000775 G: 8.6e-05
 Step: 1450 E: -2721.750680001524 G: 8.6e-05
 Step: 1451 E: -2721.750680002272 G: 8.6e-05
 Step: 1452 E: -2721.750680003017 G: 8.6e-05
 Step: 1453 E: -2721.750680003766 G: 8.6e-05
 Step: 1454 E: -2721.750680004514 G: 8.6e-05
 Step: 1455 E: -2721.750680005263 G: 8.6e-05
 Step: 1456 E: -2721.750680006011 G: 8.7e-05
 Step: 1457 E: -2721.750680006759 G: 8.7e-05
 Step: 1458 E: -2721.750680007508 G: 8.7e-05
 Step: 1459 E: -2721.750680008257 G: 8.7e-05
 Step: 1460 E: -2721.750680009005 G: 8.7e-05
 Step: 1461 E: -2721.750680009754 G: 8.7e-05
 Step: 1462 E: -2721.750680010503 G: 8.7e-05
 Step: 1463 E: -2721.750680011252 G: 8.7e-05
 Step: 1464 E: -2721.750680012002 G: 8.7e-05
 Step: 1465 E: -2721.750680012751 G: 8.7e-05
 Step: 1466 E: -2721.750680013501 G: 8.7e-05
 Step: 1467 E: -2721.750680014250 G: 8.7e-05
 Step: 1468 E: -2721.750680014999 G: 8.7e-05
 Step: 1469 E: -2721.750680015751 G: 8.7e-05
 Step: 1470 E: -2721.750680016501 G: 8.7e-05
 Step: 1471 E: -2721.750680017249 G: 8.7e-05
 Step: 1472 E: -2721.750680018000 G: 8.7e-05
 Step: 1473 E: -2721.750680018751 G: 8.7e-05
 Step: 1474 E: -2721.750680019502 G: 8.7e-05
 Step: 1475 E: -2721.750680020255 G: 8.7e-05
 Step: 1476 E: -2721.750680021005 G: 8.7e-05
 Step: 1477 E: -2721.750680021757 G: 8.7e-05
 Step: 1478 E: -2721.750680022505 G: 8.7e-05
 Step: 1479 E: -2721.750680023257 G: 8.7e-05
 Step: 1480 E: -2721.750680024008 G: 8.7e-05
 Step: 1481 E: -2721.750680024761 G: 8.7e-05
 Step: 1482 E: -2721.750680025514 G: 8.7e-05
 Step: 1483 E: -2721.750680026265 G: 8.7e-05
 Step: 1484 E: -2721.750680027016 G: 8.7e-05
 Step: 1485 E: -2721.750680027771 G: 8.7e-05
 Step: 1486 E: -2721.750680028521 G: 8.7e-05
 Step: 1487 E: -2721.750680029274 G: 8.7e-05
 Step: 1488 E: -2721.750680030027 G: 8.7e-05
 Step: 1489 E: -2721.750680030781 G: 8.7e-05
 Step: 1490 E: -2721.750680031533 G: 8.7e-05
 Step: 1491 E: -2721.750680032286 G: 8.7e-05
 Step: 1492 E: -2721.750680033041 G: 8.7e-05
 Step: 1493 E: -2721.750680033792 G: 8.7e-05
 Step: 1494 E: -2721.750680034546 G: 8.7e-05
 Step: 1495 E: -2721.750680035302 G: 8.7e-05
 Step: 1496 E: -2721.750680036055 G: 8.7e-05
 Step: 1497 E: -2721.750680036806 G: 8.7e-05
 Step: 1498 E: -2721.750680037561 G: 8.7e-05
 Step: 1499 E: -2721.750680038316 G: 8.7e-05
 Step: 1500 E: -2721.750680039069 G: 8.7e-05
 Step: 1501 E: -2721.750680039825 G: 8.7e-05
 Step: 1502 E: -2721.750680040578 G: 8.7e-05
 Step: 1503 E: -2721.750680041332 G: 8.7e-05
 Step: 1504 E: -2721.750680042087 G: 8.7e-05
 Step: 1505 E: -2721.750680042843 G: 8.7e-05
 Step: 1506 E: -2721.750680043598 G: 8.7e-05
 Step: 1507 E: -2721.750680044353 G: 8.7e-05
 Step: 1508 E: -2721.750680045107 G: 8.7e-05
 Step: 1509 E: -2721.750680045865 G: 8.7e-05
 Step: 1510 E: -2721.750680046620 G: 8.7e-05
 Step: 1511 E: -2721.750680047375 G: 8.7e-05
 Step: 1512 E: -2721.750680048133 G: 8.7e-05
 Step: 1513 E: -2721.750680048889 G: 8.7e-05
 Step: 1514 E: -2721.750680049645 G: 8.7e-05
 Step: 1515 E: -2721.750680050404 G: 8.7e-05
 Step: 1516 E: -2721.750680051160 G: 8.7e-05
 Step: 1517 E: -2721.750680051916 G: 8.7e-05
 Step: 1518 E: -2721.750680052671 G: 8.7e-05
 Step: 1519 E: -2721.750680053429 G: 8.7e-05
 Step: 1520 E: -2721.750680054186 G: 8.7e-05
 Step: 1521 E: -2721.750680054944 G: 8.7e-05
 Step: 1522 E: -2721.750680055701 G: 8.7e-05
 Step: 1523 E: -2721.750680056459 G: 8.7e-05
 Step: 1524 E: -2721.750680057216 G: 8.7e-05
 Step: 1525 E: -2721.750680057974 G: 8.7e-05
 Step: 1526 E: -2721.750680058732 G: 8.7e-05
 Step: 1527 E: -2721.750680059492 G: 8.7e-05
 Step: 1528 E: -2721.750680060249 G: 8.7e-05
 Step: 1529 E: -2721.750680061008 G: 8.7e-05
 Step: 1530 E: -2721.750680061767 G: 8.7e-05
 Step: 1531 E: -2721.750680062526 G: 8.7e-05
 Step: 1532 E: -2721.750680063284 G: 8.7e-05
 Step: 1533 E: -2721.750680064045 G: 8.7e-05
 Step: 1534 E: -2721.750680064804 G: 8.7e-05
 Step: 1535 E: -2721.750680065561 G: 8.7e-05
 Step: 1536 E: -2721.750680066321 G: 8.7e-05
 Step: 1537 E: -2721.750680067082 G: 8.7e-05
 Step: 1538 E: -2721.750680067841 G: 8.7e-05
 Step: 1539 E: -2721.750680068601 G: 8.7e-05
 Step: 1540 E: -2721.750680069363 G: 8.7e-05
 Step: 1541 E: -2721.750680070124 G: 8.7e-05
 Step: 1542 E: -2721.750680070882 G: 8.7e-05
 Step: 1543 E: -2721.750680071643 G: 8.7e-05
 Step: 1544 E: -2721.750680072404 G: 8.7e-05
 Step: 1545 E: -2721.750680073165 G: 8.7e-05
 Step: 1546 E: -2721.750680073926 G: 8.7e-05
 Step: 1547 E: -2721.750680074686 G: 8.7e-05
 Step: 1548 E: -2721.750680075447 G: 8.7e-05
 Step: 1549 E: -2721.750680076212 G: 8.7e-05
 Step: 1550 E: -2721.750680076972 G: 8.7e-05
 Step: 1551 E: -2721.750680077733 G: 8.7e-05
 Step: 1552 E: -2721.750680078495 G: 8.7e-05
 Step: 1553 E: -2721.750680079256 G: 8.7e-05
 Step: 1554 E: -2721.750680080018 G: 8.7e-05
 Step: 1555 E: -2721.750680080783 G: 8.7e-05
 Step: 1556 E: -2721.750680081545 G: 8.7e-05
 Step: 1557 E: -2721.750680082308 G: 8.7e-05
 Step: 1558 E: -2721.750680083072 G: 8.7e-05
 Step: 1559 E: -2721.750680083833 G: 8.7e-05
 Step: 1560 E: -2721.750680084595 G: 8.7e-05
 Step: 1561 E: -2721.750680085358 G: 8.7e-05
 Step: 1562 E: -2721.750680086122 G: 8.7e-05
 Step: 1563 E: -2721.750680086887 G: 8.7e-05
 Step: 1564 E: -2721.750680087650 G: 8.7e-05
 Step: 1565 E: -2721.750680088414 G: 8.7e-05
 Step: 1566 E: -2721.750680089178 G: 8.7e-05
 Step: 1567 E: -2721.750680089944 G: 8.7e-05
 Step: 1568 E: -2721.750680090704 G: 8.7e-05
 Step: 1569 E: -2721.750680091471 G: 8.7e-05
 Step: 1570 E: -2721.750680092236 G: 8.7e-05
 Step: 1571 E: -2721.750680093000 G: 8.7e-05
 Step: 1572 E: -2721.750680093767 G: 8.7e-05
 Step: 1573 E: -2721.750680094531 G: 8.7e-05
 Step: 1574 E: -2721.750680095296 G: 8.7e-05
 Step: 1575 E: -2721.750680096062 G: 8.7e-05
 Step: 1576 E: -2721.750680096825 G: 8.8e-05
 Step: 1577 E: -2721.750680097590 G: 8.8e-05
 Step: 1578 E: -2721.750680098360 G: 8.8e-05
 Step: 1579 E: -2721.750680099124 G: 8.8e-05
 Step: 1580 E: -2721.750680099891 G: 8.8e-05
 Step: 1581 E: -2721.750680100659 G: 8.8e-05
 Step: 1582 E: -2721.750680101426 G: 8.8e-05
 Step: 1583 E: -2721.750680102190 G: 8.8e-05
 Step: 1584 E: -2721.750680102960 G: 8.8e-05
 Step: 1585 E: -2721.750680103725 G: 8.8e-05
 Step: 1586 E: -2721.750680104491 G: 8.8e-05
 Step: 1587 E: -2721.750680105259 G: 8.8e-05
 Step: 1588 E: -2721.750680106027 G: 8.8e-05
 Step: 1589 E: -2721.750680106793 G: 8.8e-05
 Step: 1590 E: -2721.750680107562 G: 8.8e-05
 Step: 1591 E: -2721.750680108330 G: 8.8e-05
 Step: 1592 E: -2721.750680109098 G: 8.8e-05
 Step: 1593 E: -2721.750680109863 G: 8.8e-05
 Step: 1594 E: -2721.750680110631 G: 8.8e-05
 Step: 1595 E: -2721.750680111402 G: 8.8e-05
 Step: 1596 E: -2721.750680112172 G: 8.8e-05
 Step: 1597 E: -2721.750680112941 G: 8.8e-05
 Step: 1598 E: -2721.750680113709 G: 8.8e-05
 Step: 1599 E: -2721.750680114477 G: 8.8e-05
 Step: 1600 E: -2721.750680115247 G: 8.8e-05
 Step: 1601 E: -2721.750680116016 G: 8.8e-05
 Step: 1602 E: -2721.750680116785 G: 8.8e-05
 Step: 1603 E: -2721.750680117555 G: 8.8e-05
 Step: 1604 E: -2721.750680118325 G: 8.8e-05
 Step: 1605 E: -2721.750680119095 G: 8.8e-05
 Step: 1606 E: -2721.750680119866 G: 8.8e-05
 Step: 1607 E: -2721.750680120636 G: 8.8e-05
 Step: 1608 E: -2721.750680121406 G: 8.8e-05
 Step: 1609 E: -2721.750680122176 G: 8.8e-05
 Step: 1610 E: -2721.750680122951 G: 8.8e-05
 Step: 1611 E: -2721.750680123720 G: 8.8e-05
 Step: 1612 E: -2721.750680124490 G: 8.8e-05
 Step: 1613 E: -2721.750680125261 G: 8.8e-05
 Step: 1614 E: -2721.750680126031 G: 8.8e-05
 Step: 1615 E: -2721.750680126804 G: 8.8e-05
 Step: 1616 E: -2721.750680127574 G: 8.8e-05
 Step: 1617 E: -2721.750680128347 G: 8.8e-05
 Step: 1618 E: -2721.750680129119 G: 8.8e-05
 Step: 1619 E: -2721.750680129892 G: 8.8e-05
 Step: 1620 E: -2721.750680130667 G: 8.8e-05
 Step: 1621 E: -2721.750680131438 G: 8.8e-05
 Step: 1622 E: -2721.750680132210 G: 8.8e-05
 Step: 1623 E: -2721.750680132984 G: 8.8e-05
 Step: 1624 E: -2721.750680133757 G: 8.8e-05
 Step: 1625 E: -2721.750680134529 G: 8.8e-05
 Step: 1626 E: -2721.750680135303 G: 8.8e-05
 Step: 1627 E: -2721.750680136076 G: 8.8e-05
 Step: 1628 E: -2721.750680136849 G: 8.8e-05
 Step: 1629 E: -2721.750680137621 G: 8.8e-05
 Step: 1630 E: -2721.750680138397 G: 8.8e-05
 Step: 1631 E: -2721.750680139171 G: 8.8e-05
 Step: 1632 E: -2721.750680139946 G: 8.8e-05
 Step: 1633 E: -2721.750680140720 G: 8.8e-05
 Step: 1634 E: -2721.750680141493 G: 8.8e-05
 Step: 1635 E: -2721.750680142268 G: 8.8e-05
 Step: 1636 E: -2721.750680143045 G: 8.8e-05
 Step: 1637 E: -2721.750680143819 G: 8.8e-05
 Step: 1638 E: -2721.750680144595 G: 8.8e-05
 Step: 1639 E: -2721.750680145368 G: 8.8e-05
 Step: 1640 E: -2721.750680146145 G: 8.8e-05
 Step: 1641 E: -2721.750680146923 G: 8.8e-05
 Step: 1642 E: -2721.750680147698 G: 8.8e-05
 Step: 1643 E: -2721.750680148473 G: 8.8e-05
 Step: 1644 E: -2721.750680149250 G: 8.8e-05
 Step: 1645 E: -2721.750680150026 G: 8.8e-05
 Step: 1646 E: -2721.750680150804 G: 8.8e-05
 Step: 1647 E: -2721.750680151579 G: 8.8e-05
 Step: 1648 E: -2721.750680152357 G: 8.8e-05
 Step: 1649 E: -2721.750680153134 G: 8.8e-05
 Step: 1650 E: -2721.750680153908 G: 8.8e-05
 Step: 1651 E: -2721.750680154686 G: 8.8e-05
 Step: 1652 E: -2721.750680155465 G: 8.8e-05
 Step: 1653 E: -2721.750680156242 G: 8.8e-05
 Step: 1654 E: -2721.750680157020 G: 8.8e-05
 Step: 1655 E: -2721.750680157799 G: 8.8e-05
 Step: 1656 E: -2721.750680158575 G: 8.8e-05
 Step: 1657 E: -2721.750680159355 G: 8.8e-05
 Step: 1658 E: -2721.750680160133 G: 8.8e-05
 Step: 1659 E: -2721.750680160912 G: 8.8e-05
 Step: 1660 E: -2721.750680161690 G: 8.8e-05
 Step: 1661 E: -2721.750680162470 G: 8.8e-05
 Step: 1662 E: -2721.750680163250 G: 8.8e-05
 Step: 1663 E: -2721.750680164027 G: 8.8e-05
 Step: 1664 E: -2721.750680164808 G: 8.8e-05
 Step: 1665 E: -2721.750680165587 G: 8.8e-05
 Step: 1666 E: -2721.750680166367 G: 8.8e-05
 Step: 1667 E: -2721.750680167147 G: 8.8e-05
 Step: 1668 E: -2721.750680167925 G: 8.8e-05
 Step: 1669 E: -2721.750680168704 G: 8.8e-05
 Step: 1670 E: -2721.750680169487 G: 8.8e-05
 Step: 1671 E: -2721.750680170267 G: 8.8e-05
 Step: 1672 E: -2721.750680171048 G: 8.8e-05
 Step: 1673 E: -2721.750680171830 G: 8.8e-05
 Step: 1674 E: -2721.750680172609 G: 8.8e-05
 Step: 1675 E: -2721.750680173392 G: 8.8e-05
 Step: 1676 E: -2721.750680174174 G: 8.8e-05
 Step: 1677 E: -2721.750680174956 G: 8.8e-05
 Step: 1678 E: -2721.750680175738 G: 8.8e-05
 Step: 1679 E: -2721.750680176519 G: 8.8e-05
 Step: 1680 E: -2721.750680177300 G: 8.8e-05
 Step: 1681 E: -2721.750680178083 G: 8.8e-05
 Step: 1682 E: -2721.750680178865 G: 8.8e-05
 Step: 1683 E: -2721.750680179648 G: 8.8e-05
 Step: 1684 E: -2721.750680180431 G: 8.8e-05
 Step: 1685 E: -2721.750680181213 G: 8.8e-05
 Step: 1686 E: -2721.750680181996 G: 8.8e-05
 Step: 1687 E: -2721.750680182779 G: 8.9e-05
 Step: 1688 E: -2721.750680183563 G: 8.9e-05
 Step: 1689 E: -2721.750680184346 G: 8.9e-05
 Step: 1690 E: -2721.750680185129 G: 8.9e-05
 Step: 1691 E: -2721.750680185914 G: 8.9e-05
 Step: 1692 E: -2721.750680186698 G: 8.9e-05
 Step: 1693 E: -2721.750680187482 G: 8.9e-05
 Step: 1694 E: -2721.750680188265 G: 8.9e-05
 Step: 1695 E: -2721.750680189054 G: 8.9e-05
 Step: 1696 E: -2721.750680189837 G: 8.9e-05
 Step: 1697 E: -2721.750680190622 G: 8.9e-05
 Step: 1698 E: -2721.750680191408 G: 8.9e-05
 Step: 1699 E: -2721.750680192193 G: 8.9e-05
 Step: 1700 E: -2721.750680192975 G: 8.9e-05
 Step: 1701 E: -2721.750680193762 G: 8.9e-05
 Step: 1702 E: -2721.750680194547 G: 8.9e-05
 Step: 1703 E: -2721.750680195332 G: 8.9e-05
 Step: 1704 E: -2721.750680196120 G: 8.9e-05
 Step: 1705 E: -2721.750680196905 G: 8.9e-05
 Step: 1706 E: -2721.750680197692 G: 8.9e-05
 Step: 1707 E: -2721.750680198480 G: 8.9e-05
 Step: 1708 E: -2721.750680199264 G: 8.9e-05
 Step: 1709 E: -2721.750680200051 G: 8.9e-05
 Step: 1710 E: -2721.750680200837 G: 8.9e-05
 Step: 1711 E: -2721.750680201628 G: 8.9e-05
 Step: 1712 E: -2721.750680202415 G: 8.9e-05
 Step: 1713 E: -2721.750680203202 G: 8.9e-05
 Step: 1714 E: -2721.750680203989 G: 8.9e-05
 Step: 1715 E: -2721.750680204776 G: 8.9e-05
 Step: 1716 E: -2721.750680205564 G: 8.9e-05
 Step: 1717 E: -2721.750680206353 G: 8.9e-05
 Step: 1718 E: -2721.750680207142 G: 8.9e-05
 Step: 1719 E: -2721.750680207931 G: 8.9e-05
 Step: 1720 E: -2721.750680208719 G: 8.9e-05
 Step: 1721 E: -2721.750680209510 G: 8.9e-05
 Step: 1722 E: -2721.750680210298 G: 8.9e-05
 Step: 1723 E: -2721.750680211087 G: 8.9e-05
 Step: 1724 E: -2721.750680211877 G: 8.9e-05
 Step: 1725 E: -2721.750680212665 G: 8.9e-05
 Step: 1726 E: -2721.750680213454 G: 8.9e-05
 Step: 1727 E: -2721.750680214245 G: 8.9e-05
 Step: 1728 E: -2721.750680215037 G: 8.9e-05
 Step: 1729 E: -2721.750680215823 G: 8.9e-05
 Step: 1730 E: -2721.750680216615 G: 8.9e-05
 Step: 1731 E: -2721.750680217405 G: 8.9e-05
 Step: 1732 E: -2721.750680218197 G: 8.9e-05
 Step: 1733 E: -2721.750680218987 G: 8.9e-05
 Step: 1734 E: -2721.750680219780 G: 8.9e-05
 Step: 1735 E: -2721.750680220570 G: 8.9e-05
 Step: 1736 E: -2721.750680221363 G: 8.9e-05
 Step: 1737 E: -2721.750680222154 G: 8.9e-05
 Step: 1738 E: -2721.750680222946 G: 8.9e-05
 Step: 1739 E: -2721.750680223736 G: 8.9e-05
 Step: 1740 E: -2721.750680224530 G: 8.9e-05
 Step: 1741 E: -2721.750680225323 G: 8.9e-05
 Step: 1742 E: -2721.750680226116 G: 8.9e-05
 Step: 1743 E: -2721.750680226907 G: 8.9e-05
 Step: 1744 E: -2721.750680227700 G: 8.9e-05
 Step: 1745 E: -2721.750680228493 G: 8.9e-05
 Step: 1746 E: -2721.750680229289 G: 8.9e-05
 Step: 1747 E: -2721.750680230081 G: 8.9e-05
 Step: 1748 E: -2721.750680230873 G: 8.9e-05
 Step: 1749 E: -2721.750680231667 G: 8.9e-05
 Step: 1750 E: -2721.750680232462 G: 8.9e-05
 Step: 1751 E: -2721.750680233255 G: 8.9e-05
 Step: 1752 E: -2721.750680234049 G: 8.9e-05
 Step: 1753 E: -2721.750680234845 G: 8.9e-05
 Step: 1754 E: -2721.750680235637 G: 8.9e-05
 Step: 1755 E: -2721.750680236432 G: 8.9e-05
 Step: 1756 E: -2721.750680237229 G: 8.9e-05
 Step: 1757 E: -2721.750680238022 G: 8.9e-05
 Step: 1758 E: -2721.750680238817 G: 8.9e-05
 Step: 1759 E: -2721.750680239613 G: 8.9e-05
 Step: 1760 E: -2721.750680240411 G: 8.9e-05
 Step: 1761 E: -2721.750680241207 G: 8.9e-05
 Step: 1762 E: -2721.750680241999 G: 8.9e-05
 Step: 1763 E: -2721.750680242796 G: 8.9e-05
 Step: 1764 E: -2721.750680243595 G: 8.9e-05
 Step: 1765 E: -2721.750680244390 G: 8.9e-05
 Step: 1766 E: -2721.750680245186 G: 8.9e-05
 Step: 1767 E: -2721.750680245983 G: 8.9e-05
 Step: 1768 E: -2721.750680246781 G: 8.9e-05
 Step: 1769 E: -2721.750680247577 G: 8.9e-05
 Step: 1770 E: -2721.750680248374 G: 8.9e-05
 Step: 1771 E: -2721.750680249173 G: 8.9e-05
 Step: 1772 E: -2721.750680249970 G: 8.9e-05
 Step: 1773 E: -2721.750680250768 G: 8.9e-05
 Step: 1774 E: -2721.750680251566 G: 8.9e-05
 Step: 1775 E: -2721.750680252365 G: 8.9e-05
 Step: 1776 E: -2721.750680253163 G: 8.9e-05
 Step: 1777 E: -2721.750680253961 G: 8.9e-05
 Step: 1778 E: -2721.750680254761 G: 8.9e-05
 Step: 1779 E: -2721.750680255559 G: 8.9e-05
 Step: 1780 E: -2721.750680256359 G: 8.9e-05
 Step: 1781 E: -2721.750680257156 G: 8.9e-05
 Step: 1782 E: -2721.750680257956 G: 8.9e-05
 Step: 1783 E: -2721.750680258755 G: 8.9e-05
 Step: 1784 E: -2721.750680259558 G: 8.9e-05
 Step: 1785 E: -2721.750680260357 G: 8.9e-05
 Step: 1786 E: -2721.750680261158 G: 8.9e-05
 Step: 1787 E: -2721.750680261957 G: 8.9e-05
 Step: 1788 E: -2721.750680262757 G: 8.9e-05
 Step: 1789 E: -2721.750680263559 G: 8.9e-05
 Step: 1790 E: -2721.750680264357 G: 9.0e-05
 Step: 1791 E: -2721.750680265160 G: 9.0e-05
 Step: 1792 E: -2721.750680265961 G: 9.0e-05
 Step: 1793 E: -2721.750680266762 G: 9.0e-05
 Step: 1794 E: -2721.750680267564 G: 9.0e-05
 Step: 1795 E: -2721.750680268368 G: 9.0e-05
 Step: 1796 E: -2721.750680269170 G: 9.0e-05
 Step: 1797 E: -2721.750680269971 G: 9.0e-05
 Step: 1798 E: -2721.750680270774 G: 9.0e-05
 Step: 1799 E: -2721.750680271577 G: 9.0e-05
 Step: 1800 E: -2721.750680272380 G: 9.0e-05
Solve OO-CMF with DIIS
 ooCMF Iter:    1 Total= -2721.718062086391 G=    5.975e-02 #SS:    1
 ooCMF Iter:    2 Total= -2721.718594325606 G=    5.456e-02 #SS:    2
 ooCMF Iter:    3 Total= -2721.719542356327 G=    5.197e-02 #SS:    3
 ooCMF Iter:    4 Total= -2721.719952506903 G=    5.166e-02 #SS:    4
 ooCMF Iter:    5 Total= -2721.721268591061 G=    5.122e-02 #SS:    5
 ooCMF Iter:    6 Total= -2721.722564896841 G=    5.102e-02 #SS:    6
 ooCMF Iter:    7 Total= -2721.723550690117 G=    5.090e-02 #SS:    7
 ooCMF Iter:    8 Total= -2721.725832502438 G=    5.051e-02 #SS:    8
 ooCMF Iter:    9 Total= -2721.741522443050 G=    3.930e-02 #SS:    9
 ooCMF Iter:   10 Total= -2721.749890178573 G=    1.915e-02 #SS:   10
 ooCMF Iter:   11 Total= -2721.745631846078 G=    3.800e-02 #SS:   11
 ooCMF Iter:   12 Total= -2721.747333167640 G=    3.038e-02 #SS:   12
 ooCMF Iter:   13 Total= -2721.747309165464 G=    3.188e-02 #SS:   13
 ooCMF Iter:   14 Total= -2721.747091734486 G=    3.298e-02 #SS:   14
 ooCMF Iter:   15 Total= -2721.748434962980 G=    2.559e-02 #SS:   15
 ooCMF Iter:   16 Total= -2721.748087623761 G=    2.894e-02 #SS:   16
 ooCMF Iter:   17 Total= -2721.748760876881 G=    2.462e-02 #SS:   17
 ooCMF Iter:   18 Total= -2721.750291094672 G=    8.976e-03 #SS:   18
 ooCMF Iter:   19 Total= -2721.750394537942 G=    8.261e-03 #SS:   19
 ooCMF Iter:   20 Total= -2721.750278904384 G=    1.405e-02 #SS:   20
 ooCMF Iter:   21 Total= -2721.750646212951 G=    4.915e-03 #SS:   21
 ooCMF Iter:   22 Total= -2721.750291867475 G=    1.462e-02 #SS:   22
 ooCMF Iter:   23 Total= -2721.750413250303 G=    1.087e-02 #SS:   23
 ooCMF Iter:   24 Total= -2721.750397890036 G=    1.162e-02 #SS:   24
 ooCMF Iter:   25 Total= -2721.750498234635 G=    9.708e-03 #SS:   24
 ooCMF Iter:   26 Total= -2721.750490152523 G=    9.435e-03 #SS:   24
 ooCMF Iter:   27 Total= -2721.750638606177 G=    4.145e-03 #SS:   24
 ooCMF Iter:   28 Total= -2721.750638804660 G=    4.297e-03 #SS:   24
 ooCMF Iter:   29 Total= -2721.750639195223 G=    4.307e-03 #SS:   24
 ooCMF Iter:   30 Total= -2721.750639451748 G=    4.557e-03 #SS:   24
 ooCMF Iter:   31 Total= -2721.750644336745 G=    4.279e-03 #SS:   24
 ooCMF Iter:   32 Total= -2721.750660074921 G=    3.240e-03 #SS:   24
 ooCMF Iter:   33 Total= -2721.750678562953 G=    4.882e-04 #SS:   24
 ooCMF Iter:   34 Total= -2721.750678704699 G=    3.829e-04 #SS:   24
 ooCMF Iter:   35 Total= -2721.750678872261 G=    3.061e-04 #SS:   24
 ooCMF Iter:   36 Total= -2721.750678899630 G=    2.890e-04 #SS:   24
 ooCMF Iter:   37 Total= -2721.750678958133 G=    2.602e-04 #SS:   24
 ooCMF Iter:   38 Total= -2721.750679043700 G=    2.361e-04 #SS:   24
 ooCMF Iter:   39 Total= -2721.750679145947 G=    2.280e-04 #SS:   24
 ooCMF Iter:   40 Total= -2721.750679231886 G=    1.370e-04 #SS:   24
 ooCMF Iter:   41 Total= -2721.750679250930 G=    1.135e-04 #SS:   24
 ooCMF Iter:   42 Total= -2721.750679259113 G=    1.010e-04 #SS:   24
 ooCMF Iter:   43 Total= -2721.750679262951 G=    9.998e-05 #SS:   24
 ooCMF Iter:   44 Total= -2721.750679266692 G=    9.763e-05 #SS:   24
 ooCMF Iter:   45 Total= -2721.750679271269 G=    9.568e-05 #SS:   24
 ooCMF Iter:   46 Total= -2721.750679278436 G=    9.481e-05 #SS:   24
 ooCMF Iter:   47 Total= -2721.750679301137 G=    8.995e-05 #SS:   24
 ooCMF Iter:   48 Total= -2721.750679321971 G=    8.683e-05 #SS:   24
 ooCMF Iter:   49 Total= -2721.750679346105 G=    8.390e-05 #SS:   24
 ooCMF Iter:   50 Total= -2721.750679352848 G=    8.295e-05 #SS:   24
 ooCMF Iter:   51 Total= -2721.750679355722 G=    8.275e-05 #SS:   24
 ooCMF Iter:   52 Total= -2721.750679359980 G=    8.253e-05 #SS:   24
 ooCMF Iter:   53 Total= -2721.750679365463 G=    8.235e-05 #SS:   24
 ooCMF Iter:   54 Total= -2721.750679372663 G=    8.217e-05 #SS:   24
 ooCMF Iter:   55 Total= -2721.750679382485 G=    8.195e-05 #SS:   24
 ooCMF Iter:   56 Total= -2721.750679401559 G=    8.160e-05 #SS:   24
 ooCMF Iter:   57 Total= -2721.750679425181 G=    8.125e-05 #SS:   24
 ooCMF Iter:   58 Total= -2721.750679445551 G=    8.103e-05 #SS:   24
 ooCMF Iter:   59 Total= -2721.750679460223 G=    8.091e-05 #SS:   24
 ooCMF Iter:   60 Total= -2721.750679466494 G=    8.089e-05 #SS:   24
 ooCMF Iter:   61 Total= -2721.750679472864 G=    8.088e-05 #SS:   24
 ooCMF Iter:   62 Total= -2721.750679475488 G=    8.088e-05 #SS:   24
 ooCMF Iter:   63 Total= -2721.750679474449 G=    8.088e-05 #SS:   24
 ooCMF Iter:   64 Total= -2721.750679474490 G=    8.088e-05 #SS:   24
 ooCMF Iter:   65 Total= -2721.750679474248 G=    8.088e-05 #SS:   24
 ooCMF Iter:   66 Total= -2721.750679474010 G=    8.088e-05 #SS:   24
 ooCMF Iter:   67 Total= -2721.750679472621 G=    8.087e-05 #SS:   24
 ooCMF Iter:   68 Total= -2721.750679469772 G=    8.087e-05 #SS:   24
 ooCMF Iter:   69 Total= -2721.750679461823 G=    8.084e-05 #SS:   24
 ooCMF Iter:   70 Total= -2721.750679446788 G=    8.080e-05 #SS:   24
 ooCMF Iter:   71 Total= -2721.750679399754 G=    8.066e-05 #SS:   24
 ooCMF Iter:   72 Total= -2721.750679294772 G=    8.041e-05 #SS:   24
 ooCMF Iter:   73 Total= -2721.750679228533 G=    8.029e-05 #SS:   24
 ooCMF Iter:   74 Total= -2721.750679208398 G=    8.026e-05 #SS:   24
 ooCMF Iter:   75 Total= -2721.750679189094 G=    8.019e-05 #SS:   24
 ooCMF Iter:   76 Total= -2721.750679150303 G=    8.009e-05 #SS:   24
 ooCMF Iter:   77 Total= -2721.750679142041 G=    8.006e-05 #SS:   24
 ooCMF Iter:   78 Total= -2721.750679137145 G=    8.002e-05 #SS:   24
 ooCMF Iter:   79 Total= -2721.750679124939 G=    7.981e-05 #SS:   24
 ooCMF Iter:   80 Total= -2721.750679108729 G=    7.949e-05 #SS:   24
 ooCMF Iter:   81 Total= -2721.750679063966 G=    7.872e-05 #SS:   24
 ooCMF Iter:   82 Total= -2721.750679002561 G=    7.788e-05 #SS:   24
 ooCMF Iter:   83 Total= -2721.750678960744 G=    7.749e-05 #SS:   24
 ooCMF Iter:   84 Total= -2721.750678901856 G=    7.684e-05 #SS:   24
 ooCMF Iter:   85 Total= -2721.750678867953 G=    7.648e-05 #SS:   24
 ooCMF Iter:   86 Total= -2721.750678830593 G=    7.609e-05 #SS:   24
 ooCMF Iter:   87 Total= -2721.750678785957 G=    7.569e-05 #SS:   24
 ooCMF Iter:   88 Total= -2721.750678743009 G=    7.535e-05 #SS:   24
 ooCMF Iter:   89 Total= -2721.750678696525 G=    7.499e-05 #SS:   24
 ooCMF Iter:   90 Total= -2721.750678655309 G=    7.461e-05 #SS:   24
 ooCMF Iter:   91 Total= -2721.750678627583 G=    7.419e-05 #SS:   24
 ooCMF Iter:   92 Total= -2721.750678608186 G=    7.371e-05 #SS:   24
 ooCMF Iter:   93 Total= -2721.750678593401 G=    7.310e-05 #SS:   24
 ooCMF Iter:   94 Total= -2721.750678560227 G=    7.195e-05 #SS:   24
 ooCMF Iter:   95 Total= -2721.750678507300 G=    7.041e-05 #SS:   24
 ooCMF Iter:   96 Total= -2721.750678440403 G=    6.774e-05 #SS:   24
 ooCMF Iter:   97 Total= -2721.750678410835 G=    6.379e-05 #SS:   24
 ooCMF Iter:   98 Total= -2721.750678412598 G=    6.226e-05 #SS:   24
 ooCMF Iter:   99 Total= -2721.750678424956 G=    6.032e-05 #SS:   24
 ooCMF Iter:  100 Total= -2721.750678434145 G=    5.896e-05 #SS:   24
 ooCMF Iter:  101 Total= -2721.750678433617 G=    5.821e-05 #SS:   24
 ooCMF Iter:  102 Total= -2721.750678426328 G=    5.783e-05 #SS:   24
 ooCMF Iter:  103 Total= -2721.750678407408 G=    5.730e-05 #SS:   24
 ooCMF Iter:  104 Total= -2721.750678384248 G=    5.682e-05 #SS:   24
 ooCMF Iter:  105 Total= -2721.750678367125 G=    5.658e-05 #SS:   24
 ooCMF Iter:  106 Total= -2721.750678356154 G=    5.646e-05 #SS:   24
 ooCMF Iter:  107 Total= -2721.750678342504 G=    5.634e-05 #SS:   24
 ooCMF Iter:  108 Total= -2721.750678326403 G=    5.620e-05 #SS:   24
 ooCMF Iter:  109 Total= -2721.750678305650 G=    5.590e-05 #SS:   24
 ooCMF Iter:  110 Total= -2721.750678289308 G=    5.553e-05 #SS:   24
 ooCMF Iter:  111 Total= -2721.750678285446 G=    5.507e-05 #SS:   24
 ooCMF Iter:  112 Total= -2721.750678291639 G=    5.462e-05 #SS:   24
 ooCMF Iter:  113 Total= -2721.750678299618 G=    5.434e-05 #SS:   24
 ooCMF Iter:  114 Total= -2721.750678308636 G=    5.412e-05 #SS:   24
 ooCMF Iter:  115 Total= -2721.750678319107 G=    5.383e-05 #SS:   24
 ooCMF Iter:  116 Total= -2721.750678334112 G=    5.325e-05 #SS:   24
 ooCMF Iter:  117 Total= -2721.750678351409 G=    5.252e-05 #SS:   24
 ooCMF Iter:  118 Total= -2721.750678365303 G=    5.187e-05 #SS:   24
 ooCMF Iter:  119 Total= -2721.750678386627 G=    5.091e-05 #SS:   24
 ooCMF Iter:  120 Total= -2721.750678406698 G=    5.020e-05 #SS:   24
 ooCMF Iter:  121 Total= -2721.750678423245 G=    4.953e-05 #SS:   24
 ooCMF Iter:  122 Total= -2721.750678439117 G=    4.892e-05 #SS:   24
 ooCMF Iter:  123 Total= -2721.750678452576 G=    4.815e-05 #SS:   24
 ooCMF Iter:  124 Total= -2721.750678473700 G=    4.690e-05 #SS:   24
 ooCMF Iter:  125 Total= -2721.750678489754 G=    4.563e-05 #SS:   24
 ooCMF Iter:  126 Total= -2721.750678497636 G=    4.464e-05 #SS:   24
 ooCMF Iter:  127 Total= -2721.750678509147 G=    4.361e-05 #SS:   24
 ooCMF Iter:  128 Total= -2721.750678527372 G=    4.272e-05 #SS:   24
 ooCMF Iter:  129 Total= -2721.750678556124 G=    4.164e-05 #SS:   24
 ooCMF Iter:  130 Total= -2721.750678589168 G=    4.053e-05 #SS:   24
 ooCMF Iter:  131 Total= -2721.750678615664 G=    3.954e-05 #SS:   24
 ooCMF Iter:  132 Total= -2721.750678655895 G=    3.831e-05 #SS:   24
 ooCMF Iter:  133 Total= -2721.750678678240 G=    3.759e-05 #SS:   24
 ooCMF Iter:  134 Total= -2721.750678702405 G=    3.595e-05 #SS:   24
 ooCMF Iter:  135 Total= -2721.750678718929 G=    3.337e-05 #SS:   24
 ooCMF Iter:  136 Total= -2721.750678725174 G=    3.044e-05 #SS:   24
 ooCMF Iter:  137 Total= -2721.750678730045 G=    2.730e-05 #SS:   24
 ooCMF Iter:  138 Total= -2721.750678735008 G=    2.355e-05 #SS:   24
 ooCMF Iter:  139 Total= -2721.750678738832 G=    1.959e-05 #SS:   24
 ooCMF Iter:  140 Total= -2721.750678740485 G=    1.787e-05 #SS:   24
 ooCMF Iter:  141 Total= -2721.750678741462 G=    1.690e-05 #SS:   24
 ooCMF Iter:  142 Total= -2721.750678742925 G=    1.601e-05 #SS:   24
 ooCMF Iter:  143 Total= -2721.750678745073 G=    1.509e-05 #SS:   24
 ooCMF Iter:  144 Total= -2721.750678746966 G=    1.452e-05 #SS:   24
 ooCMF Iter:  145 Total= -2721.750678748115 G=    1.414e-05 #SS:   24
 ooCMF Iter:  146 Total= -2721.750678748673 G=    1.384e-05 #SS:   24
 ooCMF Iter:  147 Total= -2721.750678748950 G=    1.349e-05 #SS:   24
 ooCMF Iter:  148 Total= -2721.750678749210 G=    1.309e-05 #SS:   24
 ooCMF Iter:  149 Total= -2721.750678749404 G=    1.278e-05 #SS:   24
 ooCMF Iter:  150 Total= -2721.750678749800 G=    1.252e-05 #SS:   24
 ooCMF Iter:  151 Total= -2721.750678750272 G=    1.231e-05 #SS:   24
 ooCMF Iter:  152 Total= -2721.750678750713 G=    1.211e-05 #SS:   24
 ooCMF Iter:  153 Total= -2721.750678751187 G=    1.192e-05 #SS:   24
 ooCMF Iter:  154 Total= -2721.750678751593 G=    1.179e-05 #SS:   24
 ooCMF Iter:  155 Total= -2721.750678751893 G=    1.172e-05 #SS:   24
 ooCMF Iter:  156 Total= -2721.750678752101 G=    1.167e-05 #SS:   24
 ooCMF Iter:  157 Total= -2721.750678752234 G=    1.163e-05 #SS:   24
 ooCMF Iter:  158 Total= -2721.750678752380 G=    1.160e-05 #SS:   24
 ooCMF Iter:  159 Total= -2721.750678752502 G=    1.159e-05 #SS:   24
 ooCMF Iter:  160 Total= -2721.750678752599 G=    1.157e-05 #SS:   24
 ooCMF Iter:  161 Total= -2721.750678752690 G=    1.156e-05 #SS:   24
 ooCMF Iter:  162 Total= -2721.750678752854 G=    1.154e-05 #SS:   24
 ooCMF Iter:  163 Total= -2721.750678753209 G=    1.150e-05 #SS:   24
 ooCMF Iter:  164 Total= -2721.750678753671 G=    1.147e-05 #SS:   24
 ooCMF Iter:  165 Total= -2721.750678754025 G=    1.145e-05 #SS:   24
 ooCMF Iter:  166 Total= -2721.750678754246 G=    1.144e-05 #SS:   24
 ooCMF Iter:  167 Total= -2721.750678754468 G=    1.143e-05 #SS:   24
 ooCMF Iter:  168 Total= -2721.750678754749 G=    1.142e-05 #SS:   24
 ooCMF Iter:  169 Total= -2721.750678754935 G=    1.141e-05 #SS:   24
 ooCMF Iter:  170 Total= -2721.750678755142 G=    1.141e-05 #SS:   24
 ooCMF Iter:  171 Total= -2721.750678755285 G=    1.140e-05 #SS:   24
 ooCMF Iter:  172 Total= -2721.750678755552 G=    1.140e-05 #SS:   24
 ooCMF Iter:  173 Total= -2721.750678756113 G=    1.138e-05 #SS:   24
 ooCMF Iter:  174 Total= -2721.750678756710 G=    1.137e-05 #SS:   24
 ooCMF Iter:  175 Total= -2721.750678758129 G=    1.134e-05 #SS:   24
 ooCMF Iter:  176 Total= -2721.750678759349 G=    1.132e-05 #SS:   24
 ooCMF Iter:  177 Total= -2721.750678760740 G=    1.130e-05 #SS:   24
 ooCMF Iter:  178 Total= -2721.750678762250 G=    1.128e-05 #SS:   24
 ooCMF Iter:  179 Total= -2721.750678764649 G=    1.124e-05 #SS:   24
 ooCMF Iter:  180 Total= -2721.750678766532 G=    1.121e-05 #SS:   24
 ooCMF Iter:  181 Total= -2721.750678769204 G=    1.118e-05 #SS:   24
 ooCMF Iter:  182 Total= -2721.750678771344 G=    1.115e-05 #SS:   24
 ooCMF Iter:  183 Total= -2721.750678773021 G=    1.113e-05 #SS:   24
 ooCMF Iter:  184 Total= -2721.750678774484 G=    1.112e-05 #SS:   24
 ooCMF Iter:  185 Total= -2721.750678775658 G=    1.111e-05 #SS:   24
 ooCMF Iter:  186 Total= -2721.750678776767 G=    1.110e-05 #SS:   24
 ooCMF Iter:  187 Total= -2721.750678777571 G=    1.109e-05 #SS:   24
 ooCMF Iter:  188 Total= -2721.750678778272 G=    1.109e-05 #SS:   24
 ooCMF Iter:  189 Total= -2721.750678779254 G=    1.108e-05 #SS:   24
 ooCMF Iter:  190 Total= -2721.750678780040 G=    1.108e-05 #SS:   24
 ooCMF Iter:  191 Total= -2721.750678780780 G=    1.107e-05 #SS:   24
 ooCMF Iter:  192 Total= -2721.750678781430 G=    1.107e-05 #SS:   24
 ooCMF Iter:  193 Total= -2721.750678782213 G=    1.107e-05 #SS:   24
 ooCMF Iter:  194 Total= -2721.750678782971 G=    1.106e-05 #SS:   24
 ooCMF Iter:  195 Total= -2721.750678783953 G=    1.106e-05 #SS:   24
 ooCMF Iter:  196 Total= -2721.750678784912 G=    1.105e-05 #SS:   24
 ooCMF Iter:  197 Total= -2721.750678786327 G=    1.104e-05 #SS:   24
 ooCMF Iter:  198 Total= -2721.750678787882 G=    1.103e-05 #SS:   24
 ooCMF Iter:  199 Total= -2721.750678790498 G=    1.101e-05 #SS:   24
 ooCMF Iter:  200 Total= -2721.750678794123 G=    1.099e-05 #SS:   24
 ooCMF Iter:  201 Total= -2721.750678797143 G=    1.098e-05 #SS:   24
 ooCMF Iter:  202 Total= -2721.750678799098 G=    1.097e-05 #SS:   24
 ooCMF Iter:  203 Total= -2721.750678801432 G=    1.096e-05 #SS:   24
 ooCMF Iter:  204 Total= -2721.750678803323 G=    1.095e-05 #SS:   24
 ooCMF Iter:  205 Total= -2721.750678804899 G=    1.094e-05 #SS:   24
 ooCMF Iter:  206 Total= -2721.750678807107 G=    1.093e-05 #SS:   24
 ooCMF Iter:  207 Total= -2721.750678808865 G=    1.092e-05 #SS:   24
 ooCMF Iter:  208 Total= -2721.750678811052 G=    1.090e-05 #SS:   24
 ooCMF Iter:  209 Total= -2721.750678813958 G=    1.088e-05 #SS:   24
 ooCMF Iter:  210 Total= -2721.750678816798 G=    1.085e-05 #SS:   24
 ooCMF Iter:  211 Total= -2721.750678819575 G=    1.082e-05 #SS:   24
 ooCMF Iter:  212 Total= -2721.750678821459 G=    1.079e-05 #SS:   24
 ooCMF Iter:  213 Total= -2721.750678823151 G=    1.077e-05 #SS:   24
 ooCMF Iter:  214 Total= -2721.750678824696 G=    1.074e-05 #SS:   24
 ooCMF Iter:  215 Total= -2721.750678825872 G=    1.073e-05 #SS:   24
 ooCMF Iter:  216 Total= -2721.750678826645 G=    1.071e-05 #SS:   24
 ooCMF Iter:  217 Total= -2721.750678827447 G=    1.070e-05 #SS:   24
 ooCMF Iter:  218 Total= -2721.750678828471 G=    1.069e-05 #SS:   24
 ooCMF Iter:  219 Total= -2721.750678829406 G=    1.067e-05 #SS:   24
 ooCMF Iter:  220 Total= -2721.750678830338 G=    1.066e-05 #SS:   24
 ooCMF Iter:  221 Total= -2721.750678831319 G=    1.065e-05 #SS:   24
 ooCMF Iter:  222 Total= -2721.750678832354 G=    1.065e-05 #SS:   24
 ooCMF Iter:  223 Total= -2721.750678833212 G=    1.064e-05 #SS:   24
 ooCMF Iter:  224 Total= -2721.750678834306 G=    1.063e-05 #SS:   24
 ooCMF Iter:  225 Total= -2721.750678836390 G=    1.062e-05 #SS:   24
 ooCMF Iter:  226 Total= -2721.750678838970 G=    1.061e-05 #SS:   24
 ooCMF Iter:  227 Total= -2721.750678842174 G=    1.061e-05 #SS:   24
 ooCMF Iter:  228 Total= -2721.750678844401 G=    1.060e-05 #SS:   24
 ooCMF Iter:  229 Total= -2721.750678845971 G=    1.060e-05 #SS:   24
 ooCMF Iter:  230 Total= -2721.750678847051 G=    1.060e-05 #SS:   24
 ooCMF Iter:  231 Total= -2721.750678848031 G=    1.060e-05 #SS:   24
 ooCMF Iter:  232 Total= -2721.750678848708 G=    1.060e-05 #SS:   24
 ooCMF Iter:  233 Total= -2721.750678849226 G=    1.059e-05 #SS:   24
 ooCMF Iter:  234 Total= -2721.750678849796 G=    1.059e-05 #SS:   24
 ooCMF Iter:  235 Total= -2721.750678850193 G=    1.059e-05 #SS:   24
 ooCMF Iter:  236 Total= -2721.750678850554 G=    1.059e-05 #SS:   24
 ooCMF Iter:  237 Total= -2721.750678850754 G=    1.059e-05 #SS:   24
 ooCMF Iter:  238 Total= -2721.750678850837 G=    1.059e-05 #SS:   24
 ooCMF Iter:  239 Total= -2721.750678850801 G=    1.059e-05 #SS:   24
 ooCMF Iter:  240 Total= -2721.750678850672 G=    1.059e-05 #SS:   24
 ooCMF Iter:  241 Total= -2721.750678850381 G=    1.059e-05 #SS:   24
 ooCMF Iter:  242 Total= -2721.750678849965 G=    1.059e-05 #SS:   24
 ooCMF Iter:  243 Total= -2721.750678849800 G=    1.059e-05 #SS:   24
 ooCMF Iter:  244 Total= -2721.750678849712 G=    1.059e-05 #SS:   24
 ooCMF Iter:  245 Total= -2721.750678849620 G=    1.059e-05 #SS:   24
 ooCMF Iter:  246 Total= -2721.750678849550 G=    1.059e-05 #SS:   24
 ooCMF Iter:  247 Total= -2721.750678849558 G=    1.059e-05 #SS:   24
 ooCMF Iter:  248 Total= -2721.750678849503 G=    1.059e-05 #SS:   24
 ooCMF Iter:  249 Total= -2721.750678849402 G=    1.059e-05 #SS:   24
 ooCMF Iter:  250 Total= -2721.750678849167 G=    1.059e-05 #SS:   24
 ooCMF Iter:  251 Total= -2721.750678848980 G=    1.059e-05 #SS:   24
 ooCMF Iter:  252 Total= -2721.750678848970 G=    1.059e-05 #SS:   24
 ooCMF Iter:  253 Total= -2721.750678848981 G=    1.059e-05 #SS:   24
 ooCMF Iter:  254 Total= -2721.750678849005 G=    1.059e-05 #SS:   24
 ooCMF Iter:  255 Total= -2721.750678848973 G=    1.059e-05 #SS:   24
 ooCMF Iter:  256 Total= -2721.750678849002 G=    1.059e-05 #SS:   24
 ooCMF Iter:  257 Total= -2721.750678849002 G=    1.059e-05 #SS:   24
 ooCMF Iter:  258 Total= -2721.750678849016 G=    1.059e-05 #SS:   24
 ooCMF Iter:  259 Total= -2721.750678848978 G=    1.059e-05 #SS:   24
 ooCMF Iter:  260 Total= -2721.750678849050 G=    1.059e-05 #SS:   24
 ooCMF Iter:  261 Total= -2721.750678849067 G=    1.059e-05 #SS:   24
 ooCMF Iter:  262 Total= -2721.750678849153 G=    1.059e-05 #SS:   24
 ooCMF Iter:  263 Total= -2721.750678849299 G=    1.059e-05 #SS:   24
 ooCMF Iter:  264 Total= -2721.750678849451 G=    1.058e-05 #SS:   24
 ooCMF Iter:  265 Total= -2721.750678849641 G=    1.058e-05 #SS:   24
 ooCMF Iter:  266 Total= -2721.750678849985 G=    1.058e-05 #SS:   24
 ooCMF Iter:  267 Total= -2721.750678850305 G=    1.058e-05 #SS:   24
 ooCMF Iter:  268 Total= -2721.750678850614 G=    1.058e-05 #SS:   24
 ooCMF Iter:  269 Total= -2721.750678850792 G=    1.058e-05 #SS:   24
 ooCMF Iter:  270 Total= -2721.750678850819 G=    1.058e-05 #SS:   24
 ooCMF Iter:  271 Total= -2721.750678850805 G=    1.058e-05 #SS:   24
 ooCMF Iter:  272 Total= -2721.750678850763 G=    1.058e-05 #SS:   24
 ooCMF Iter:  273 Total= -2721.750678850724 G=    1.058e-05 #SS:   24
 ooCMF Iter:  274 Total= -2721.750678850714 G=    1.058e-05 #SS:   24
 ooCMF Iter:  275 Total= -2721.750678850734 G=    1.058e-05 #SS:   24
 ooCMF Iter:  276 Total= -2721.750678850700 G=    1.058e-05 #SS:   24
 ooCMF Iter:  277 Total= -2721.750678850787 G=    1.058e-05 #SS:   24
 ooCMF Iter:  278 Total= -2721.750678850843 G=    1.058e-05 #SS:   24
 ooCMF Iter:  279 Total= -2721.750678851238 G=    1.058e-05 #SS:   24
 ooCMF Iter:  280 Total= -2721.750678851964 G=    1.058e-05 #SS:   24
 ooCMF Iter:  281 Total= -2721.750678852398 G=    1.058e-05 #SS:   24
 ooCMF Iter:  282 Total= -2721.750678852411 G=    1.058e-05 #SS:   24
 ooCMF Iter:  283 Total= -2721.750678852030 G=    1.058e-05 #SS:   24
 ooCMF Iter:  284 Total= -2721.750678851854 G=    1.058e-05 #SS:   24
 ooCMF Iter:  285 Total= -2721.750678851571 G=    1.058e-05 #SS:   24
 ooCMF Iter:  286 Total= -2721.750678851465 G=    1.058e-05 #SS:   24
 ooCMF Iter:  287 Total= -2721.750678851407 G=    1.058e-05 #SS:   24
 ooCMF Iter:  288 Total= -2721.750678851338 G=    1.058e-05 #SS:   24
 ooCMF Iter:  289 Total= -2721.750678851301 G=    1.058e-05 #SS:   24
 ooCMF Iter:  290 Total= -2721.750678851247 G=    1.058e-05 #SS:   24
 ooCMF Iter:  291 Total= -2721.750678851248 G=    1.058e-05 #SS:   24
 ooCMF Iter:  292 Total= -2721.750678851281 G=    1.058e-05 #SS:   24
 ooCMF Iter:  293 Total= -2721.750678851244 G=    1.058e-05 #SS:   24
 ooCMF Iter:  294 Total= -2721.750678851215 G=    1.058e-05 #SS:   24
 ooCMF Iter:  295 Total= -2721.750678851193 G=    1.058e-05 #SS:   24
 ooCMF Iter:  296 Total= -2721.750678851201 G=    1.058e-05 #SS:   24
 ooCMF Iter:  297 Total= -2721.750678851209 G=    1.058e-05 #SS:   24
 ooCMF Iter:  298 Total= -2721.750678851227 G=    1.058e-05 #SS:   24
 ooCMF Iter:  299 Total= -2721.750678851188 G=    1.058e-05 #SS:   24
 ooCMF Iter:  300 Total= -2721.750678851140 G=    1.058e-05 #SS:   24
 ooCMF Iter:  301 Total= -2721.750678851098 G=    1.058e-05 #SS:   24
 ooCMF Iter:  302 Total= -2721.750678850974 G=    1.058e-05 #SS:   24
 ooCMF Iter:  303 Total= -2721.750678850859 G=    1.058e-05 #SS:   24
 ooCMF Iter:  304 Total= -2721.750678850628 G=    1.058e-05 #SS:   24
 ooCMF Iter:  305 Total= -2721.750678850074 G=    1.058e-05 #SS:   24
 ooCMF Iter:  306 Total= -2721.750678849453 G=    1.058e-05 #SS:   24
 ooCMF Iter:  307 Total= -2721.750678849188 G=    1.058e-05 #SS:   24
 ooCMF Iter:  308 Total= -2721.750678849105 G=    1.058e-05 #SS:   24
 ooCMF Iter:  309 Total= -2721.750678849133 G=    1.058e-05 #SS:   24
 ooCMF Iter:  310 Total= -2721.750678848998 G=    1.058e-05 #SS:   24
 ooCMF Iter:  311 Total= -2721.750678848983 G=    1.058e-05 #SS:   24
 ooCMF Iter:  312 Total= -2721.750678849011 G=    1.058e-05 #SS:   24
 ooCMF Iter:  313 Total= -2721.750678849015 G=    1.058e-05 #SS:   24
 ooCMF Iter:  314 Total= -2721.750678848982 G=    1.058e-05 #SS:   24
 ooCMF Iter:  315 Total= -2721.750678848988 G=    1.058e-05 #SS:   24
 ooCMF Iter:  316 Total= -2721.750678848955 G=    1.058e-05 #SS:   24
 ooCMF Iter:  317 Total= -2721.750678849151 G=    1.058e-05 #SS:   24
 ooCMF Iter:  318 Total= -2721.750678849362 G=    1.058e-05 #SS:   24
 ooCMF Iter:  319 Total= -2721.750678849558 G=    1.058e-05 #SS:   24
 ooCMF Iter:  320 Total= -2721.750678849717 G=    1.058e-05 #SS:   24
 ooCMF Iter:  321 Total= -2721.750678849780 G=    1.058e-05 #SS:   24
 ooCMF Iter:  322 Total= -2721.750678849801 G=    1.058e-05 #SS:   24
 ooCMF Iter:  323 Total= -2721.750678849767 G=    1.058e-05 #SS:   24
 ooCMF Iter:  324 Total= -2721.750678849769 G=    1.058e-05 #SS:   24
 ooCMF Iter:  325 Total= -2721.750678849761 G=    1.058e-05 #SS:   24
 ooCMF Iter:  326 Total= -2721.750678849757 G=    1.058e-05 #SS:   24
 ooCMF Iter:  327 Total= -2721.750678849751 G=    1.058e-05 #SS:   24
 ooCMF Iter:  328 Total= -2721.750678849769 G=    1.058e-05 #SS:   24
 ooCMF Iter:  329 Total= -2721.750678849766 G=    1.058e-05 #SS:   24
 ooCMF Iter:  330 Total= -2721.750678849835 G=    1.058e-05 #SS:   24
 ooCMF Iter:  331 Total= -2721.750678849899 G=    1.058e-05 #SS:   24
 ooCMF Iter:  332 Total= -2721.750678849884 G=    1.058e-05 #SS:   24
 ooCMF Iter:  333 Total= -2721.750678849878 G=    1.058e-05 #SS:   24
 ooCMF Iter:  334 Total= -2721.750678849898 G=    1.058e-05 #SS:   24
 ooCMF Iter:  335 Total= -2721.750678849882 G=    1.058e-05 #SS:   24
 ooCMF Iter:  336 Total= -2721.750678849896 G=    1.058e-05 #SS:   24
 ooCMF Iter:  337 Total= -2721.750678849895 G=    1.058e-05 #SS:   24
 ooCMF Iter:  338 Total= -2721.750678849974 G=    1.058e-05 #SS:   24
 ooCMF Iter:  339 Total= -2721.750678850092 G=    1.058e-05 #SS:   24
 ooCMF Iter:  340 Total= -2721.750678850162 G=    1.058e-05 #SS:   24
 ooCMF Iter:  341 Total= -2721.750678850206 G=    1.058e-05 #SS:   24
 ooCMF Iter:  342 Total= -2721.750678850236 G=    1.058e-05 #SS:   24
 ooCMF Iter:  343 Total= -2721.750678850150 G=    1.058e-05 #SS:   24
 ooCMF Iter:  344 Total= -2721.750678850086 G=    1.058e-05 #SS:   24
 ooCMF Iter:  345 Total= -2721.750678850156 G=    1.058e-05 #SS:   24
 ooCMF Iter:  346 Total= -2721.750678850254 G=    1.058e-05 #SS:   24
 ooCMF Iter:  347 Total= -2721.750678850313 G=    1.058e-05 #SS:   24
 ooCMF Iter:  348 Total= -2721.750678850460 G=    1.057e-05 #SS:   24
 ooCMF Iter:  349 Total= -2721.750678850983 G=    1.057e-05 #SS:   24
 ooCMF Iter:  350 Total= -2721.750678851814 G=    1.057e-05 #SS:   24
 ooCMF Iter:  351 Total= -2721.750678852421 G=    1.057e-05 #SS:   24
 ooCMF Iter:  352 Total= -2721.750678852366 G=    1.057e-05 #SS:   24
 ooCMF Iter:  353 Total= -2721.750678852258 G=    1.056e-05 #SS:   24
 ooCMF Iter:  354 Total= -2721.750678851864 G=    1.056e-05 #SS:   24
 ooCMF Iter:  355 Total= -2721.750678851550 G=    1.056e-05 #SS:   24
 ooCMF Iter:  356 Total= -2721.750678851938 G=    1.056e-05 #SS:   24
 ooCMF Iter:  357 Total= -2721.750678852648 G=    1.056e-05 #SS:   24
 ooCMF Iter:  358 Total= -2721.750678853542 G=    1.056e-05 #SS:   24
 ooCMF Iter:  359 Total= -2721.750678853933 G=    1.055e-05 #SS:   24
 ooCMF Iter:  360 Total= -2721.750678854375 G=    1.055e-05 #SS:   24
 ooCMF Iter:  361 Total= -2721.750678854779 G=    1.055e-05 #SS:   24
 ooCMF Iter:  362 Total= -2721.750678855109 G=    1.055e-05 #SS:   24
 ooCMF Iter:  363 Total= -2721.750678855503 G=    1.055e-05 #SS:   24
 ooCMF Iter:  364 Total= -2721.750678855777 G=    1.054e-05 #SS:   24
 ooCMF Iter:  365 Total= -2721.750678855069 G=    1.054e-05 #SS:   24
 ooCMF Iter:  366 Total= -2721.750678854451 G=    1.054e-05 #SS:   24
 ooCMF Iter:  367 Total= -2721.750678853856 G=    1.054e-05 #SS:   24
 ooCMF Iter:  368 Total= -2721.750678852994 G=    1.053e-05 #SS:   24
 ooCMF Iter:  369 Total= -2721.750678852164 G=    1.053e-05 #SS:   24
 ooCMF Iter:  370 Total= -2721.750678851503 G=    1.053e-05 #SS:   24
 ooCMF Iter:  371 Total= -2721.750678851593 G=    1.053e-05 #SS:   24
 ooCMF Iter:  372 Total= -2721.750678852143 G=    1.052e-05 #SS:   24
 ooCMF Iter:  373 Total= -2721.750678853236 G=    1.052e-05 #SS:   24
 ooCMF Iter:  374 Total= -2721.750678854404 G=    1.052e-05 #SS:   24
 ooCMF Iter:  375 Total= -2721.750678855656 G=    1.052e-05 #SS:   24
 ooCMF Iter:  376 Total= -2721.750678856491 G=    1.051e-05 #SS:   24
 ooCMF Iter:  377 Total= -2721.750678856908 G=    1.051e-05 #SS:   24
 ooCMF Iter:  378 Total= -2721.750678857375 G=    1.051e-05 #SS:   24
 ooCMF Iter:  379 Total= -2721.750678857912 G=    1.051e-05 #SS:   24
 ooCMF Iter:  380 Total= -2721.750678858252 G=    1.050e-05 #SS:   24
 ooCMF Iter:  381 Total= -2721.750678858483 G=    1.050e-05 #SS:   24
 ooCMF Iter:  382 Total= -2721.750678859006 G=    1.050e-05 #SS:   24
 ooCMF Iter:  383 Total= -2721.750678859339 G=    1.050e-05 #SS:   24
 ooCMF Iter:  384 Total= -2721.750678859507 G=    1.050e-05 #SS:   24
 ooCMF Iter:  385 Total= -2721.750678859536 G=    1.050e-05 #SS:   24
 ooCMF Iter:  386 Total= -2721.750678859419 G=    1.050e-05 #SS:   24
 ooCMF Iter:  387 Total= -2721.750678859365 G=    1.050e-05 #SS:   24
 ooCMF Iter:  388 Total= -2721.750678859240 G=    1.050e-05 #SS:   24
 ooCMF Iter:  389 Total= -2721.750678859187 G=    1.050e-05 #SS:   24
 ooCMF Iter:  390 Total= -2721.750678859074 G=    1.050e-05 #SS:   24
 ooCMF Iter:  391 Total= -2721.750678859002 G=    1.050e-05 #SS:   24
 ooCMF Iter:  392 Total= -2721.750678858791 G=    1.050e-05 #SS:   24
 ooCMF Iter:  393 Total= -2721.750678858616 G=    1.050e-05 #SS:   24
 ooCMF Iter:  394 Total= -2721.750678858473 G=    1.050e-05 #SS:   24
 ooCMF Iter:  395 Total= -2721.750678858548 G=    1.050e-05 #SS:   24
 ooCMF Iter:  396 Total= -2721.750678858650 G=    1.050e-05 #SS:   24
 ooCMF Iter:  397 Total= -2721.750678858727 G=    1.050e-05 #SS:   24
 ooCMF Iter:  398 Total= -2721.750678858972 G=    1.050e-05 #SS:   24
 ooCMF Iter:  399 Total= -2721.750678859079 G=    1.050e-05 #SS:   24
 ooCMF Iter:  400 Total= -2721.750678859116 G=    1.050e-05 #SS:   24
 ooCMF Iter:  401 Total= -2721.750678859180 G=    1.050e-05 #SS:   24
 ooCMF Iter:  402 Total= -2721.750678859186 G=    1.050e-05 #SS:   24
 ooCMF Iter:  403 Total= -2721.750678859161 G=    1.050e-05 #SS:   24
 ooCMF Iter:  404 Total= -2721.750678859135 G=    1.050e-05 #SS:   24
 ooCMF Iter:  405 Total= -2721.750678859124 G=    1.050e-05 #SS:   24
 ooCMF Iter:  406 Total= -2721.750678859105 G=    1.050e-05 #SS:   24
 ooCMF Iter:  407 Total= -2721.750678859128 G=    1.050e-05 #SS:   24
 ooCMF Iter:  408 Total= -2721.750678859155 G=    1.050e-05 #SS:   24
 ooCMF Iter:  409 Total= -2721.750678858997 G=    1.050e-05 #SS:   24
 ooCMF Iter:  410 Total= -2721.750678858880 G=    1.050e-05 #SS:   24
 ooCMF Iter:  411 Total= -2721.750678858858 G=    1.050e-05 #SS:   24
 ooCMF Iter:  412 Total= -2721.750678858853 G=    1.050e-05 #SS:   24
 ooCMF Iter:  413 Total= -2721.750678858812 G=    1.050e-05 #SS:   24
 ooCMF Iter:  414 Total= -2721.750678858779 G=    1.050e-05 #SS:   24
 ooCMF Iter:  415 Total= -2721.750678858781 G=    1.050e-05 #SS:   24
 ooCMF Iter:  416 Total= -2721.750678858747 G=    1.050e-05 #SS:   24
 ooCMF Iter:  417 Total= -2721.750678858739 G=    1.050e-05 #SS:   24
 ooCMF Iter:  418 Total= -2721.750678858731 G=    1.050e-05 #SS:   24
 ooCMF Iter:  419 Total= -2721.750678858722 G=    1.050e-05 #SS:   24
 ooCMF Iter:  420 Total= -2721.750678858612 G=    1.050e-05 #SS:   24
 ooCMF Iter:  421 Total= -2721.750678858391 G=    1.050e-05 #SS:   24
 ooCMF Iter:  422 Total= -2721.750678858224 G=    1.050e-05 #SS:   24
 ooCMF Iter:  423 Total= -2721.750678858295 G=    1.050e-05 #SS:   24
 ooCMF Iter:  424 Total= -2721.750678858505 G=    1.050e-05 #SS:   24
 ooCMF Iter:  425 Total= -2721.750678858510 G=    1.050e-05 #SS:   24
 ooCMF Iter:  426 Total= -2721.750678858601 G=    1.049e-05 #SS:   24
 ooCMF Iter:  427 Total= -2721.750678858666 G=    1.049e-05 #SS:   24
 ooCMF Iter:  428 Total= -2721.750678858496 G=    1.049e-05 #SS:   24
 ooCMF Iter:  429 Total= -2721.750678858240 G=    1.049e-05 #SS:   24
 ooCMF Iter:  430 Total= -2721.750678857934 G=    1.049e-05 #SS:   24
 ooCMF Iter:  431 Total= -2721.750678857807 G=    1.049e-05 #SS:   24
 ooCMF Iter:  432 Total= -2721.750678857781 G=    1.049e-05 #SS:   24
 ooCMF Iter:  433 Total= -2721.750678857634 G=    1.049e-05 #SS:   24
 ooCMF Iter:  434 Total= -2721.750678857403 G=    1.049e-05 #SS:   24
 ooCMF Iter:  435 Total= -2721.750678857075 G=    1.048e-05 #SS:   24
 ooCMF Iter:  436 Total= -2721.750678856852 G=    1.048e-05 #SS:   24
 ooCMF Iter:  437 Total= -2721.750678856727 G=    1.048e-05 #SS:   24
 ooCMF Iter:  438 Total= -2721.750678856826 G=    1.048e-05 #SS:   24
 ooCMF Iter:  439 Total= -2721.750678857774 G=    1.048e-05 #SS:   24
 ooCMF Iter:  440 Total= -2721.750678858958 G=    1.047e-05 #SS:   24
 ooCMF Iter:  441 Total= -2721.750678859592 G=    1.047e-05 #SS:   24
 ooCMF Iter:  442 Total= -2721.750678860002 G=    1.047e-05 #SS:   24
 ooCMF Iter:  443 Total= -2721.750678860363 G=    1.047e-05 #SS:   24
 ooCMF Iter:  444 Total= -2721.750678860677 G=    1.047e-05 #SS:   24
 ooCMF Iter:  445 Total= -2721.750678860746 G=    1.047e-05 #SS:   24
 ooCMF Iter:  446 Total= -2721.750678860729 G=    1.047e-05 #SS:   24
 ooCMF Iter:  447 Total= -2721.750678860623 G=    1.047e-05 #SS:   24
 ooCMF Iter:  448 Total= -2721.750678860574 G=    1.047e-05 #SS:   24
 ooCMF Iter:  449 Total= -2721.750678860577 G=    1.047e-05 #SS:   24
 ooCMF Iter:  450 Total= -2721.750678860577 G=    1.047e-05 #SS:   24
 ooCMF Iter:  451 Total= -2721.750678860561 G=    1.047e-05 #SS:   24
 ooCMF Iter:  452 Total= -2721.750678860613 G=    1.047e-05 #SS:   24
 ooCMF Iter:  453 Total= -2721.750678860671 G=    1.047e-05 #SS:   24
 ooCMF Iter:  454 Total= -2721.750678860645 G=    1.047e-05 #SS:   24
 ooCMF Iter:  455 Total= -2721.750678860548 G=    1.047e-05 #SS:   24
 ooCMF Iter:  456 Total= -2721.750678860140 G=    1.047e-05 #SS:   24
 ooCMF Iter:  457 Total= -2721.750678859503 G=    1.047e-05 #SS:   24
 ooCMF Iter:  458 Total= -2721.750678858797 G=    1.047e-05 #SS:   24
 ooCMF Iter:  459 Total= -2721.750678857954 G=    1.047e-05 #SS:   24
 ooCMF Iter:  460 Total= -2721.750678857260 G=    1.046e-05 #SS:   24
 ooCMF Iter:  461 Total= -2721.750678857085 G=    1.046e-05 #SS:   24
 ooCMF Iter:  462 Total= -2721.750678857320 G=    1.046e-05 #SS:   24
 ooCMF Iter:  463 Total= -2721.750678857715 G=    1.046e-05 #SS:   24
 ooCMF Iter:  464 Total= -2721.750678858244 G=    1.046e-05 #SS:   24
 ooCMF Iter:  465 Total= -2721.750678858655 G=    1.045e-05 #SS:   24
 ooCMF Iter:  466 Total= -2721.750678859197 G=    1.045e-05 #SS:   24
 ooCMF Iter:  467 Total= -2721.750678859497 G=    1.044e-05 #SS:   24
 ooCMF Iter:  468 Total= -2721.750678860049 G=    1.044e-05 #SS:   24
 ooCMF Iter:  469 Total= -2721.750678861459 G=    1.043e-05 #SS:   24
 ooCMF Iter:  470 Total= -2721.750678863092 G=    1.043e-05 #SS:   24
 ooCMF Iter:  471 Total= -2721.750678864161 G=    1.042e-05 #SS:   24
 ooCMF Iter:  472 Total= -2721.750678864621 G=    1.041e-05 #SS:   24
 ooCMF Iter:  473 Total= -2721.750678864682 G=    1.040e-05 #SS:   24
 ooCMF Iter:  474 Total= -2721.750678864528 G=    1.038e-05 #SS:   24
 ooCMF Iter:  475 Total= -2721.750678864263 G=    1.036e-05 #SS:   24
 ooCMF Iter:  476 Total= -2721.750678864288 G=    1.034e-05 #SS:   24
 ooCMF Iter:  477 Total= -2721.750678865455 G=    1.031e-05 #SS:   24
 ooCMF Iter:  478 Total= -2721.750678868054 G=    1.028e-05 #SS:   24
 ooCMF Iter:  479 Total= -2721.750678871201 G=    1.026e-05 #SS:   24
 ooCMF Iter:  480 Total= -2721.750678875797 G=    1.024e-05 #SS:   24
 ooCMF Iter:  481 Total= -2721.750678879085 G=    1.022e-05 #SS:   24
 ooCMF Iter:  482 Total= -2721.750678882850 G=    1.019e-05 #SS:   24
 ooCMF Iter:  483 Total= -2721.750678887047 G=    1.016e-05 #SS:   24
 ooCMF Iter:  484 Total= -2721.750678890906 G=    1.014e-05 #SS:   24
 ooCMF Iter:  485 Total= -2721.750678896168 G=    1.011e-05 #SS:   24
 ooCMF Iter:  486 Total= -2721.750678899051 G=    1.009e-05 #SS:   24
 ooCMF Iter:  487 Total= -2721.750678902686 G=    1.006e-05 #SS:   24
 ooCMF Iter:  488 Total= -2721.750678905367 G=    1.005e-05 #SS:   24
 ooCMF Iter:  489 Total= -2721.750678907146 G=    1.003e-05 #SS:   24
 ooCMF Iter:  490 Total= -2721.750678908558 G=    1.002e-05 #SS:   24
 ooCMF Iter:  491 Total= -2721.750678910796 G=    1.001e-05 #SS:   24
 ooCMF Iter:  492 Total= -2721.750678913997 G=    9.983e-06 #SS:   24
 ooCMF Iter:  493 Total= -2721.750678918344 G=    9.951e-06 #SS:   24
 ooCMF Iter:  494 Total= -2721.750678921668 G=    9.926e-06 #SS:   24
 ooCMF Iter:  495 Total= -2721.750678927380 G=    9.880e-06 #SS:   24
 ooCMF Iter:  496 Total= -2721.750678935528 G=    9.834e-06 #SS:   24
 ooCMF Iter:  497 Total= -2721.750678939715 G=    9.803e-06 #SS:   24
 ooCMF Iter:  498 Total= -2721.750678944379 G=    9.775e-06 #SS:   24
 ooCMF Iter:  499 Total= -2721.750678948883 G=    9.735e-06 #SS:   24
 ooCMF Iter:  500 Total= -2721.750678956486 G=    9.670e-06 #SS:   24
826.423484 seconds (256.45 M allocations: 65.675 GiB, 0.59% gc time)



 Solve OO-CMF with DIIS with hessian and without projection
 ooCMF Iter:    1 Total= -2721.732645016673 G=    7.871e-02 #SS:    1
 ooCMF Iter:    2 Total= -2721.739945152599 G=    7.305e-02 #SS:    2
 ooCMF Iter:    3 Total= -2721.740343790369 G=    7.163e-02 #SS:    3
 ooCMF Iter:    4 Total= -2721.740340592783 G=    7.170e-02 #SS:    4
 ooCMF Iter:    5 Total= -2721.742312054600 G=    6.505e-02 #SS:    5
 ooCMF Iter:    6 Total= -2721.743750571923 G=    6.059e-02 #SS:    6
 ooCMF Iter:    7 Total= -2721.747877477982 G=    4.355e-02 #SS:    7
 ooCMF Iter:    8 Total= -2721.749779754988 G=    2.876e-02 #SS:    8
 ooCMF Iter:    9 Total= -2721.750622971589 G=    1.484e-02 #SS:    9
 ooCMF Iter:   10 Total= -2721.750890445869 G=    1.025e-02 #SS:   10
 ooCMF Iter:   11 Total= -2721.750922054970 G=    8.731e-03 #SS:   11
 ooCMF Iter:   12 Total= -2721.750947742359 G=    8.006e-03 #SS:   12
 ooCMF Iter:   13 Total= -2721.750963820966 G=    6.768e-03 #SS:   13
 ooCMF Iter:   14 Total= -2721.750962560222 G=    6.748e-03 #SS:   14
 ooCMF Iter:   15 Total= -2721.750966894322 G=    6.329e-03 #SS:   15
 ooCMF Iter:   16 Total= -2721.750957923464 G=    7.032e-03 #SS:   16
 ooCMF Iter:   17 Total= -2721.750969905252 G=    5.835e-03 #SS:   17
 ooCMF Iter:   18 Total= -2721.750978427457 G=    4.669e-03 #SS:   18
 ooCMF Iter:   19 Total= -2721.750980336092 G=    3.868e-03 #SS:   19
 ooCMF Iter:   20 Total= -2721.750984038964 G=    1.748e-03 #SS:   20
 ooCMF Iter:   21 Total= -2721.750984218374 G=    1.624e-03 #SS:   21
 ooCMF Iter:   22 Total= -2721.750985262070 G=    1.867e-03 #SS:   22
 ooCMF Iter:   23 Total= -2721.750985562769 G=    2.968e-03 #SS:   23
 ooCMF Iter:   24 Total= -2721.750985908692 G=    2.570e-03 #SS:   24
 ooCMF Iter:   25 Total= -2721.750986066353 G=    2.190e-03 #SS:   24
 ooCMF Iter:   26 Total= -2721.750985962276 G=    2.812e-03 #SS:   24
 ooCMF Iter:   27 Total= -2721.750985873600 G=    3.094e-03 #SS:   24
 ooCMF Iter:   28 Total= -2721.750986010629 G=    2.619e-03 #SS:   24
 ooCMF Iter:   29 Total= -2721.750986050919 G=    2.564e-03 #SS:   24
 ooCMF Iter:   30 Total= -2721.750986293420 G=    1.205e-03 #SS:   24
 ooCMF Iter:   31 Total= -2721.750986362737 G=    1.520e-04 #SS:   24
 ooCMF Iter:   32 Total= -2721.750986364009 G=    4.733e-05 #SS:   24
 ooCMF Iter:   33 Total= -2721.750986364085 G=    2.479e-05 #SS:   24
 ooCMF Iter:   34 Total= -2721.750986364115 G=    7.215e-06 #SS:   24
 ooCMF Iter:   35 Total= -2721.750986364117 G=    4.881e-06 #SS:   24
 ooCMF Iter:   36 Total= -2721.750986364116 G=    1.992e-06 #SS:   24
*ooCMF Iter:   37 Total= -2721.750986364118 G=    4.952e-07 #SS:   24
 68.561190 seconds (10.35 M allocations: 5.568 GiB, 0.78% gc time)

Solve OO-CMF with DIIS with hessian and projection
 ooCMF Iter:    1 Total= -2721.733145205852 G=    8.437e-02 #SS:    1
 ooCMF Iter:    2 Total= -2721.749337334186 G=    3.977e-02 #SS:    2
 ooCMF Iter:    3 Total= -2721.750441762239 G=    1.727e-02 #SS:    3
 ooCMF Iter:    4 Total= -2721.750075241614 G=    3.036e-02 #SS:    4
 ooCMF Iter:    5 Total= -2721.750612888526 G=    9.064e-03 #SS:    5
 ooCMF Iter:    6 Total= -2721.750664837971 G=    4.001e-03 #SS:    6
 ooCMF Iter:    7 Total= -2721.750656908424 G=    4.929e-03 #SS:    7
 ooCMF Iter:    8 Total= -2721.750671579616 G=    2.806e-03 #SS:    8
 ooCMF Iter:    9 Total= -2721.750673914795 G=    2.180e-03 #SS:    9
 ooCMF Iter:   10 Total= -2721.750676973887 G=    1.376e-03 #SS:   10
 ooCMF Iter:   11 Total= -2721.750677705605 G=    1.049e-03 #SS:   11
 ooCMF Iter:   12 Total= -2721.750676512800 G=    1.465e-03 #SS:   12
 ooCMF Iter:   13 Total= -2721.750677189950 G=    9.330e-04 #SS:   13
 ooCMF Iter:   14 Total= -2721.750676890879 G=    7.563e-04 #SS:   14
 ooCMF Iter:   15 Total= -2721.750675452160 G=    4.615e-04 #SS:   15
 ooCMF Iter:   16 Total= -2721.750677530759 G=    3.971e-04 #SS:   16
 ooCMF Iter:   17 Total= -2721.750678613465 G=    5.424e-04 #SS:   17
 ooCMF Iter:   18 Total= -2721.750678242126 G=    6.921e-04 #SS:   18
 ooCMF Iter:   19 Total= -2721.750678939743 G=    2.592e-04 #SS:   19
 ooCMF Iter:   20 Total= -2721.750679061997 G=    4.835e-05 #SS:   20
 ooCMF Iter:   21 Total= -2721.750679064239 G=    2.659e-05 #SS:   21
 ooCMF Iter:   22 Total= -2721.750679064888 G=    1.305e-05 #SS:   22
 ooCMF Iter:   23 Total= -2721.750679065041 G=    6.611e-06 #SS:   23
 ooCMF Iter:   24 Total= -2721.750679065066 G=    2.283e-06 #SS:   24
*ooCMF Iter:   25 Total= -2721.750679065074 G=    4.094e-07 #SS:   24
 46.527001 seconds (4.02 M allocations: 3.663 GiB, 0.37% gc time)


Solve OO-CMF with newton
 Step:    1 E: -2721.717567560592 G:     7.57e-02  
 Step:    2 E: -2721.733145205852 G:     8.44e-02  
 Step:    3 E: -2721.748063033552 G:     4.15e-02  
 Step:    4 E: -2721.750922345695 G:     5.14e-03  
 Step:    5 E: -2721.751025610030 G:     1.27e-03  
 Step:    6 E: -2721.751085293787 G:     9.38e-04  
 Step:    7 E: -2721.751110731826 G:     4.93e-04  
 Step:    8 E: -2721.751118512392 G:     2.25e-04  
 Step:    9 E: -2721.751121171621 G:     1.14e-04  
 Step:   10 E: -2721.751122257004 G:     7.11e-05  
 Step:   11 E: -2721.751122745395 G:     5.22e-05  
 Step:   12 E: -2721.751122978483 G:     4.31e-05  
 Step:   13 E: -2721.751123097271 G:     3.84e-05  
 Step:   14 E: -2721.751123163890 G:     3.58e-05  
 Step:   15 E: -2721.751123206315 G:     3.42e-05  
 Step:   16 E: -2721.751123237211 G:     3.31e-05  
 Step:   17 E: -2721.751123262342 G:     3.22e-05  
 Step:   18 E: -2721.751123284353 G:     3.14e-05  
 Step:   19 E: -2721.751123304445 G:     3.07e-05  
 Step:   20 E: -2721.751123323202 G:     2.99e-05  
 Step:   21 E: -2721.751123340895 G:     2.92e-05  
 Step:   22 E: -2721.751123357680 G:     2.86e-05  
 Step:   23 E: -2721.751123373641 G:     2.79e-05  
 Step:   24 E: -2721.751123388831 G:     2.72e-05  
 Step:   25 E: -2721.751123403295 G:     2.66e-05  
 Step:   26 E: -2721.751123417075 G:     2.59e-05  
 Step:   27 E: -2721.751123430200 G:     2.53e-05  
 Step:   28 E: -2721.751123442701 G:     2.47e-05  
 Step:   29 E: -2721.751123454609 G:     2.41e-05  
 Step:   30 E: -2721.751123465946 G:     2.35e-05  
 Step:   31 E: -2721.751123476748 G:     2.30e-05  
 Step:   32 E: -2721.751123487032 G:     2.24e-05  
 Step:   33 E: -2721.751123496826 G:     2.19e-05  
 Step:   34 E: -2721.751123506147 G:     2.13e-05  
 Step:   35 E: -2721.751123515026 G:     2.08e-05  
 Step:   36 E: -2721.751123523479 G:     2.03e-05  
 Step:   37 E: -2721.751123531521 G:     1.98e-05  
 Step:   38 E: -2721.751123539181 G:     1.93e-05  
 Step:   39 E: -2721.751123546470 G:     1.89e-05  
 Step:   40 E: -2721.751123553409 G:     1.84e-05  
 Step:   41 E: -2721.751123560013 G:     1.80e-05  
 Step:   42 E: -2721.751123566297 G:     1.75e-05  
 Step:   43 E: -2721.751123572279 G:     1.71e-05  
 Step:   44 E: -2721.751123577972 G:     1.67e-05  
 Step:   45 E: -2721.751123583386 G:     1.63e-05  
 Step:   46 E: -2721.751123588540 G:     1.59e-05  
 Step:   47 E: -2721.751123593444 G:     1.55e-05  
 Step:   48 E: -2721.751123598111 G:     1.51e-05  
 Step:   49 E: -2721.751123602555 G:     1.47e-05  
 Step:   50 E: -2721.751123606778 G:     1.44e-05  
 Step:   51 E: -2721.751123610794 G:     1.40e-05  
 Step:   52 E: -2721.751123614620 G:     1.37e-05  
 Step:   53 E: -2721.751123618254 G:     1.33e-05  
 Step:   54 E: -2721.751123621716 G:     1.30e-05  
 Step:   55 E: -2721.751123625007 G:     1.27e-05  
 Step:   56 E: -2721.751123628138 G:     1.24e-05  
 Step:   57 E: -2721.751123631115 G:     1.21e-05  
 Step:   58 E: -2721.751123633951 G:     1.18e-05  
 Step:   59 E: -2721.751123636645 G:     1.15e-05  
 Step:   60 E: -2721.751123639212 G:     1.12e-05  
 Step:   61 E: -2721.751123641648 G:     1.09e-05  
 Step:   62 E: -2721.751123643967 G:     1.06e-05  
 Step:   63 E: -2721.751123646172 G:     1.04e-05  
 Step:   64 E: -2721.751123648272 G:     1.01e-05  
 Step:   65 E: -2721.751123650267 G:     9.87e-06  
 Step:   66 E: -2721.751123652163 G:     9.63e-06  
 Step:   67 E: -2721.751123653968 G:     9.39e-06  
 Step:   68 E: -2721.751123655686 G:     9.15e-06  
 Step:   69 E: -2721.751123657319 G:     8.93e-06  
 Step:   70 E: -2721.751123658872 G:     8.71e-06  
 Step:   71 E: -2721.751123660347 G:     8.49e-06  
 Step:   72 E: -2721.751123661751 G:     8.28e-06  
 Step:   73 E: -2721.751123663085 G:     8.07e-06  
 Step:   74 E: -2721.751123664357 G:     7.87e-06  
 Step:   75 E: -2721.751123665565 G:     7.68e-06  
 Step:   76 E: -2721.751123666711 G:     7.49e-06  
 Step:   77 E: -2721.751123667804 G:     7.30e-06  
 Step:   78 E: -2721.751123668842 G:     7.12e-06  
 Step:   79 E: -2721.751123669832 G:     6.94e-06  
 Step:   80 E: -2721.751123670768 G:     6.77e-06  
 Step:   81 E: -2721.751123671660 G:     6.60e-06  
 Step:   82 E: -2721.751123672511 G:     6.44e-06  
 Step:   83 E: -2721.751123673318 G:     6.28e-06  
 Step:   84 E: -2721.751123674084 G:     6.12e-06  
 Step:   85 E: -2721.751123674815 G:     5.97e-06  
 Step:   86 E: -2721.751123675508 G:     5.82e-06  
 Step:   87 E: -2721.751123676169 G:     5.68e-06  
 Step:   88 E: -2721.751123676795 G:     5.53e-06  
 Step:   89 E: -2721.751123677393 G:     5.40e-06  
 Step:   90 E: -2721.751123677959 G:     5.26e-06  
 Step:   91 E: -2721.751123678500 G:     5.13e-06  
 Step:   92 E: -2721.751123679013 G:     5.00e-06  
 Step:   93 E: -2721.751123679502 G:     4.88e-06  
 Step:   94 E: -2721.751123679966 G:     4.76e-06  
 Step:   95 E: -2721.751123680404 G:     4.64e-06  
 Step:   96 E: -2721.751123680825 G:     4.52e-06  
 Step:   97 E: -2721.751123681222 G:     4.41e-06  
 Step:   98 E: -2721.751123681599 G:     4.30e-06  
 Step:   99 E: -2721.751123681962 G:     4.19e-06  
 Step:  100 E: -2721.751123682306 G:     4.09e-06  
 Step:  101 E: -2721.751123682629 G:     3.99e-06  
 Step:  102 E: -2721.751123682938 G:     3.89e-06  
 Step:  103 E: -2721.751123683232 G:     3.79e-06  
 Step:  104 E: -2721.751123683515 G:     3.70e-06  
 Step:  105 E: -2721.751123683781 G:     3.60e-06  
 Step:  106 E: -2721.751123684035 G:     3.51e-06  
 Step:  107 E: -2721.751123684272 G:     3.43e-06  
 Step:  108 E: -2721.751123684503 G:     3.34e-06  
 Step:  109 E: -2721.751123684721 G:     3.26e-06  
 Step:  110 E: -2721.751123684929 G:     3.18e-06  
 Step:  111 E: -2721.751123685126 G:     3.10e-06  
 Step:  112 E: -2721.751123685310 G:     3.02e-06  
 Step:  113 E: -2721.751123685491 G:     2.95e-06  
 Step:  114 E: -2721.751123685656 G:     2.87e-06  
 Step:  115 E: -2721.751123685817 G:     2.80e-06  
 Step:  116 E: -2721.751123685971 G:     2.73e-06  
 Step:  117 E: -2721.751123686114 G:     2.66e-06  
 Step:  118 E: -2721.751123686253 G:     2.60e-06  
 Step:  119 E: -2721.751123686384 G:     2.53e-06  
 Step:  120 E: -2721.751123686508 G:     2.47e-06  
 Step:  121 E: -2721.751123686627 G:     2.41e-06  
 Step:  122 E: -2721.751123686740 G:     2.35e-06  
 Step:  123 E: -2721.751123686850 G:     2.29e-06  
 Step:  124 E: -2721.751123686950 G:     2.23e-06  
 Step:  125 E: -2721.751123687048 G:     2.18e-06  
 Step:  126 E: -2721.751123687139 G:     2.12e-06  
 Step:  127 E: -2721.751123687228 G:     2.07e-06  
 Step:  128 E: -2721.751123687310 G:     2.02e-06  
 Step:  129 E: -2721.751123687389 G:     1.97e-06  
 Step:  130 E: -2721.751123687462 G:     1.92e-06  
 Step:  131 E: -2721.751123687536 G:     1.87e-06  
 Step:  132 E: -2721.751123687604 G:     1.82e-06  
 Step:  133 E: -2721.751123687668 G:     1.78e-06  
 Step:  134 E: -2721.751123687729 G:     1.73e-06  
 Step:  135 E: -2721.751123687791 G:     1.69e-06  
 Step:  136 E: -2721.751123687845 G:     1.65e-06  
 Step:  137 E: -2721.751123687896 G:     1.61e-06  
 Step:  138 E: -2721.751123687948 G:     1.57e-06  
 Step:  139 E: -2721.751123687994 G:     1.53e-06  
 Step:  140 E: -2721.751123688041 G:     1.49e-06  
 Step:  141 E: -2721.751123688085 G:     1.45e-06  
 Step:  142 E: -2721.751123688123 G:     1.42e-06  
 Step:  143 E: -2721.751123688164 G:     1.38e-06  
 Step:  144 E: -2721.751123688200 G:     1.35e-06  
 Step:  145 E: -2721.751123688235 G:     1.31e-06  
 Step:  146 E: -2721.751123688269 G:     1.28e-06  
 Step:  147 E: -2721.751123688302 G:     1.25e-06  
 Step:  148 E: -2721.751123688330 G:     1.22e-06  
 Step:  149 E: -2721.751123688360 G:     1.19e-06  
 Step:  150 E: -2721.751123688388 G:     1.16e-06  
 Step:  151 E: -2721.751123688413 G:     1.13e-06  
 Step:  152 E: -2721.751123688438 G:     1.10e-06  
 Step:  153 E: -2721.751123688462 G:     1.07e-06  
 Step:  154 E: -2721.751123688483 G:     1.05e-06  
 Step:  155 E: -2721.751123688506 G:     1.02e-06  
 Step:  156 E: -2721.751123688526 G:     9.94e-07  
141.039447 seconds (2.23 M allocations: 10.719 GiB, 0.45% gc time)
 Solve OO-CMF with newton
 Step:    1 E: -2721.717567560592 G:     7.57e-02  
 Step:    2 E: -2721.732645016672 G:     7.87e-02  
 Step:    3 E: -2721.745206476707 G:     6.01e-02  
 Step:    4 E: -2721.750438509861 G:     1.71e-02  
 Step:    5 E: -2721.750950610087 G:     3.01e-03  
 Step:    6 E: -2721.750996232099 G:     7.88e-04  
 Step:    7 E: -2721.751050290074 G:     1.03e-03  
 Step:    8 E: -2721.751096134101 G:     7.45e-04  
 Step:    9 E: -2721.751112776793 G:     3.31e-04  
 Step:   10 E: -2721.751117375109 G:     1.45e-04  
 Step:   11 E: -2721.751118943931 G:     7.51e-05  
 Step:   12 E: -2721.751119644205 G:     4.56e-05  
 Step:   13 E: -2721.751120015836 G:     3.09e-05  
 Step:   14 E: -2721.751120235030 G:     2.22e-05  
 Step:   15 E: -2721.751120374383 G:     1.68e-05  
 Step:   16 E: -2721.751120468209 G:     1.32e-05  
 Step:   17 E: -2721.751120534145 G:     1.07e-05  
 Step:   18 E: -2721.751120581908 G:     8.86e-06  
 Step:   19 E: -2721.751120617226 G:     7.50e-06  
 Step:   20 E: -2721.751120643685 G:     6.43e-06  
 Step:   21 E: -2721.751120663678 G:     5.56e-06  
 Step:   22 E: -2721.751120678864 G:     4.83e-06  
 Step:   23 E: -2721.751120690442 G:     4.21e-06  
 Step:   24 E: -2721.751120699283 G:     3.68e-06  
 Step:   25 E: -2721.751120706048 G:     3.22e-06  
 Step:   26 E: -2721.751120711228 G:     2.82e-06  
 Step:   27 E: -2721.751120715200 G:     2.47e-06  
 Step:   28 E: -2721.751120718245 G:     2.16e-06  
 Step:   29 E: -2721.751120720580 G:     1.89e-06  
 Step:   30 E: -2721.751120722371 G:     1.66e-06  
 Step:   31 E: -2721.751120723747 G:     1.45e-06  
 Step:   32 E: -2721.751120724803 G:     1.27e-06  
 Step:   33 E: -2721.751120725613 G:     1.12e-06  
 Step:   34 E: -2721.751120726237 G:     9.80e-07  
 40.495979 seconds (587.20 k allocations: 2.564 GiB, 0.73% gc time)