IDX001:DIM0000:001|002|003|004|005|006|007|008|009|010|011|012|013|014|015|016|017|018|019|020|021|022|023|024|025|026|027|028|029|030|031|032|033|034|035|036|037|038|039|040|041|042|043|044|045|046|047|048|049|050|051|052|053|054|055|056|
IDX002:DIM1024:057|058|059|060|061|
IDX003:DIM4096:062|063|064|065|066|067|
IDX004:DIM1024:068|069|070|071|072|
IDX005:DIM4096:073|074|075|076|077|078|
IDX006:DIM4096:079|080|081|082|083|084|
IDX007:DIM4096:085|086|087|088|089|090|
IDX008:DIM4096:091|092|093|094|095|096|
IDX009:DIM4096:097|098|099|100|101|102|
IDX010:DIM4096:103|104|105|106|107|108|
IDX011:DIM0000:109|110|111|112|113|114|115|116|117|118|119|120|121|122|123|124|125|126|127|128|129|130|131|132|133|134|135|136|137|138|139|140|141|142|143|144|145|146|147|148|149|150|151|152|153|154|155|156|157|158|159|160|161|162|163|164|165|166|167|168|169|170|171|172|173|174|175|176|177|178|179|180|181|182|183|184|185|186|187|188|189|190|
 Solve OO-CMF with newton
Overwritten attributes  conv_tol_residual  of <class 'pyscf.fci.direct_spin1.FCISolver'>

 CMF-CI Curr: Elec -7161.00474472 Total -5356.86404853

 CMF-CI Curr: Elec -7161.04501374 Total -5356.90431756

 CMF-CI Curr: Elec -7161.04501380 Total -5356.90431762

 CMF-CI Curr: Elec -7161.04501380 Total -5356.90431762

 CMF-CI Curr: Elec -7161.04501380 Total -5356.90431762
 Energy per Iteration:
 Elec: -7161.00474472 Total: -5356.86404853
 Elec: -7161.04501374 Total: -5356.90431756
 Elec: -7161.04501380 Total: -5356.90431762
 Elec: -7161.04501380 Total: -5356.90431762
 Elec: -7161.04501380 Total: -5356.90431762
 Step:    1 E: -5356.904317619397 G:     1.21e-01 step_size:     1.50e+00 

 CMF-CI Curr: Elec -7161.10865424 Total -5356.96795806

 CMF-CI Curr: Elec -7161.10865498 Total -5356.96795879

 CMF-CI Curr: Elec -7161.10865498 Total -5356.96795879

 CMF-CI Curr: Elec -7161.10865498 Total -5356.96795879

 CMF-CI Curr: Elec -7161.10865498 Total -5356.96795879
 Energy per Iteration:
 Elec: -7161.10865424 Total: -5356.96795806
 Elec: -7161.10865498 Total: -5356.96795879
 Elec: -7161.10865498 Total: -5356.96795879
 Elec: -7161.10865498 Total: -5356.96795879
 Elec: -7161.10865498 Total: -5356.96795879
 Step:    2 E: -5356.967958792386 G:     1.02e-01 step_size:     1.50e+00 

 CMF-CI Curr: Elec -7161.13553680 Total -5356.99484062

 CMF-CI Curr: Elec -7161.13553792 Total -5356.99484174

 CMF-CI Curr: Elec -7161.13553792 Total -5356.99484174

 CMF-CI Curr: Elec -7161.13553792 Total -5356.99484174

 CMF-CI Curr: Elec -7161.13553792 Total -5356.99484174
 Energy per Iteration:
 Elec: -7161.13553680 Total: -5356.99484062
 Elec: -7161.13553792 Total: -5356.99484174
 Elec: -7161.13553792 Total: -5356.99484174
 Elec: -7161.13553792 Total: -5356.99484174
 Elec: -7161.13553792 Total: -5356.99484174
 Step:    3 E: -5356.994841737853 G:     4.28e-02 step_size:     2.92e-01 

 CMF-CI Curr: Elec -7161.13615262 Total -5356.99545643

 CMF-CI Curr: Elec -7161.13615295 Total -5356.99545676

 CMF-CI Curr: Elec -7161.13615295 Total -5356.99545676

 CMF-CI Curr: Elec -7161.13615295 Total -5356.99545676

 CMF-CI Curr: Elec -7161.13615295 Total -5356.99545676
 Energy per Iteration:
 Elec: -7161.13615262 Total: -5356.99545643
 Elec: -7161.13615295 Total: -5356.99545676
 Elec: -7161.13615295 Total: -5356.99545676
 Elec: -7161.13615295 Total: -5356.99545676
 Elec: -7161.13615295 Total: -5356.99545676
 Step:    4 E: -5356.995456764524 G:     7.50e-03 step_size:     2.00e-02 

 CMF-CI Curr: Elec -7161.13616434 Total -5356.99546816

 CMF-CI Curr: Elec -7161.13616440 Total -5356.99546822

 CMF-CI Curr: Elec -7161.13616440 Total -5356.99546822

 CMF-CI Curr: Elec -7161.13616440 Total -5356.99546822

 CMF-CI Curr: Elec -7161.13616440 Total -5356.99546822
 Energy per Iteration:
 Elec: -7161.13616434 Total: -5356.99546816
 Elec: -7161.13616440 Total: -5356.99546822
 Elec: -7161.13616440 Total: -5356.99546822
 Elec: -7161.13616440 Total: -5356.99546822
 Elec: -7161.13616440 Total: -5356.99546822
 Step:    5 E: -5356.995468218740 G:     2.21e-03 step_size:     3.29e-03 

 CMF-CI Curr: Elec -7161.13616528 Total -5356.99546909

 CMF-CI Curr: Elec -7161.13616528 Total -5356.99546910

 CMF-CI Curr: Elec -7161.13616528 Total -5356.99546910

 CMF-CI Curr: Elec -7161.13616528 Total -5356.99546910
 Energy per Iteration:
 Elec: -7161.13616528 Total: -5356.99546909
 Elec: -7161.13616528 Total: -5356.99546910
 Elec: -7161.13616528 Total: -5356.99546910
 Elec: -7161.13616528 Total: -5356.99546910
 Step:    6 E: -5356.995469096497 G:     6.64e-04 step_size:     8.17e-04 

 CMF-CI Curr: Elec -7161.13616536 Total -5356.99546917

 CMF-CI Curr: Elec -7161.13616536 Total -5356.99546917

 CMF-CI Curr: Elec -7161.13616536 Total -5356.99546917

 CMF-CI Curr: Elec -7161.13616536 Total -5356.99546917
 Energy per Iteration:
 Elec: -7161.13616536 Total: -5356.99546917
 Elec: -7161.13616536 Total: -5356.99546917
 Elec: -7161.13616536 Total: -5356.99546917
 Elec: -7161.13616536 Total: -5356.99546917
 Step:    7 E: -5356.995469171326 G:     1.97e-04 step_size:     2.32e-04 

 CMF-CI Curr: Elec -7161.13616536 Total -5356.99546918

 CMF-CI Curr: Elec -7161.13616536 Total -5356.99546918

 CMF-CI Curr: Elec -7161.13616536 Total -5356.99546918

 CMF-CI Curr: Elec -7161.13616536 Total -5356.99546918
 Energy per Iteration:
 Elec: -7161.13616536 Total: -5356.99546918
 Elec: -7161.13616536 Total: -5356.99546918
 Elec: -7161.13616536 Total: -5356.99546918
 Elec: -7161.13616536 Total: -5356.99546918
 Step:    8 E: -5356.995469177984 G:     5.84e-05 step_size:     6.75e-05 

 CMF-CI Curr: Elec -7161.13616536 Total -5356.99546918

 CMF-CI Curr: Elec -7161.13616536 Total -5356.99546918

 CMF-CI Curr: Elec -7161.13616536 Total -5356.99546918

 CMF-CI Curr: Elec -7161.13616536 Total -5356.99546918
 Energy per Iteration:
 Elec: -7161.13616536 Total: -5356.99546918
 Elec: -7161.13616536 Total: -5356.99546918
 Elec: -7161.13616536 Total: -5356.99546918
 Elec: -7161.13616536 Total: -5356.99546918
 Step:    9 E: -5356.995469178606 G:     1.73e-05 step_size:     1.99e-05 

 CMF-CI Curr: Elec -7161.13616536 Total -5356.99546918

 CMF-CI Curr: Elec -7161.13616536 Total -5356.99546918

 CMF-CI Curr: Elec -7161.13616536 Total -5356.99546918

 CMF-CI Curr: Elec -7161.13616536 Total -5356.99546918
 Energy per Iteration:
 Elec: -7161.13616536 Total: -5356.99546918
 Elec: -7161.13616536 Total: -5356.99546918
 Elec: -7161.13616536 Total: -5356.99546918
 Elec: -7161.13616536 Total: -5356.99546918
 Step:   10 E: -5356.995469178606 G:     5.11e-06 step_size:     5.87e-06 

 CMF-CI Curr: Elec -7161.13616536 Total -5356.99546918

 CMF-CI Curr: Elec -7161.13616536 Total -5356.99546918

 CMF-CI Curr: Elec -7161.13616536 Total -5356.99546918
 Energy per Iteration:
 Elec: -7161.13616536 Total: -5356.99546918
 Elec: -7161.13616536 Total: -5356.99546918
 Elec: -7161.13616536 Total: -5356.99546918
 Step:   11 E: -5356.995469178481 G:     1.51e-06 step_size:     1.74e-06 

 CMF-CI Curr: Elec -7161.13616536 Total -5356.99546918

 CMF-CI Curr: Elec -7161.13616536 Total -5356.99546918

CMF-CI Curr: Elec -7161.13616536 Total -5356.99546918
 Energy per Iteration:
 Elec: -7161.13616536 Total: -5356.99546918
 Elec: -7161.13616536 Total: -5356.99546918
 Elec: -7161.13616536 Total: -5356.99546918
 Step:   12 E: -5356.995469178538 G:     4.49e-07   
165045.249633 seconds (611.96 M allocations: 4.337 TiB, 0.13% gc time, 0.04% compilation time: 0% of which was recompilation)

