IDX001:DIM4096:001|002|003|004|005|006|
IDX002:DIM4096:007|008|009|010|011|012|
IDX003:DIM4096:013|014|015|016|017|018|
IDX004:DIM4096:019|020|021|022|023|024|
 ooCMF Iter:    1 Total= -919.545755088494 Active= -46.899312476323 G=     4.62e-01
 ooCMF Iter:    2 Total= -919.612403658455 Active= -46.965961046284 G=     1.13e-01
 ooCMF Iter:    3 Total= -919.615472844778 Active= -46.969030232606 G=     2.47e-02
 ooCMF Iter:    4 Total= -919.615626742244 Active= -46.969184130073 G=     1.28e-02
 ooCMF Iter:    5 Total= -919.615804280530 Active= -46.969361668358 G=     2.01e-02
 ooCMF Iter:    6 Total= -919.615965158969 Active= -46.969522546797 G=     8.01e-03
 ooCMF Iter:    7 Total= -919.615980606070 Active= -46.969537993898 G=     2.95e-03
 ooCMF Iter:    8 Total= -919.615982672223 Active= -46.969540060051 G=     1.03e-03
 ooCMF Iter:    9 Total= -919.615983005598 Active= -46.969540393426 G=     5.76e-04
 ooCMF Iter:   10 Total= -919.615983321546 Active= -46.969540709374 G=     6.63e-04
 ooCMF Iter:   11 Total= -919.615983523168 Active= -46.969540910996 G=     4.05e-04
 ooCMF Iter:   12 Total= -919.615983573814 Active= -46.969540961642 G=     1.39e-04
 ooCMF Iter:   13 Total= -919.615983578427 Active= -46.969540966256 G=     4.23e-05
 ooCMF Iter:   14 Total= -919.615983579414 Active= -46.969540967243 G=     4.40e-05
 ooCMF Iter:   15 Total= -919.615983581184 Active= -46.969540969013 G=     3.25e-05
 ooCMF Iter:   16 Total= -919.615983581526 Active= -46.969540969355 G=     1.10e-05
 ooCMF Iter:   17 Total= -919.615983581559 Active= -46.969540969387 G=     4.60e-06
 ooCMF Iter:   18 Total= -919.615983581583 Active= -46.969540969411 G=     7.26e-06
 ooCMF Iter:   19 Total= -919.615983581608 Active= -46.969540969437 G=     5.59e-06
 ooCMF Iter:   20 Total= -919.615983581619 Active= -46.969540969448 G=     2.45e-06
 ooCMF Iter:   21 Total= -919.615983581621 Active= -46.969540969449 G=     1.35e-06
 ooCMF Iter:   22 Total= -919.615983581622 Active= -46.969540969451 G=     1.24e-06
 ooCMF Iter:   23 Total= -919.615983581623 Active= -46.969540969451 G=     1.25e-06
 ooCMF Iter:   24 Total= -919.615983581624 Active= -46.969540969453 G=     6.49e-07
 ooCMF Iter:   25 Total= -919.615983581624 Active= -46.969540969453 G=     2.12e-07
 ooCMF Iter:   26 Total= -919.615983581623 Active= -46.969540969452 G=     1.89e-07
 ooCMF Iter:   27 Total= -919.615983581625 Active= -46.969540969453 G=     2.01e-07
 ooCMF Iter:   28 Total= -919.615983581623 Active= -46.969540969452 G=     1.31e-07
 ooCMF Iter:   29 Total= -919.615983581624 Active= -46.969540969452 G=     2.30e-08
 * Status: success

 * Candidate solution
    Final objective value:     -9.196160e+02

 * Found with
    Algorithm:     BFGS

 * Convergence measures
    |x - x'|               = 2.76e-08 ≰ 0.0e+00
    |x - x'|/|x'|          = 3.36e-07 ≰ 0.0e+00
    |f(x) - f(x')|         = 6.82e-13 ≰ 0.0e+00
    |f(x) - f(x')|/|f(x')| = 7.42e-16 ≰ 0.0e+00
    |g(x)|                 = 4.42e-09 ≤ 1.0e-08

 * Work counters
    Seconds run:   71  (vs limit Inf)
    Iterations:    28
    f(x) calls:    69
    ∇f(x) calls:   69

*ooCMF -919.61598358 
 72.995238 seconds (3.80 M allocations: 3.863 GiB, 0.73% gc time)
 ooCMF Iter:    1 Total= -919.545755088494 Active= -46.899312476323 G=     4.62e-01
 ooCMF Iter:    2 Total= -919.612399781770 Active= -46.965957169599 G=     1.13e-01
 ooCMF Iter:    3 Total= -919.615472901697 Active= -46.969030289525 G=     2.44e-02
 ooCMF Iter:    4 Total= -919.615626774071 Active= -46.969184161899 G=     1.25e-02
 ooCMF Iter:    5 Total= -919.615801390300 Active= -46.969358778129 G=     1.78e-02
 ooCMF Iter:    6 Total= -919.615965281213 Active= -46.969522669041 G=     7.76e-03
 ooCMF Iter:    7 Total= -919.615980914086 Active= -46.969538301914 G=     2.56e-03
 ooCMF Iter:    8 Total= -919.615982587381 Active= -46.969539975209 G=     8.66e-04
 ooCMF Iter:    9 Total= -919.615982883740 Active= -46.969540271569 G=     6.08e-04
 ooCMF Iter:   10 Total= -919.615983276658 Active= -46.969540664486 G=     6.84e-04
 ooCMF Iter:   11 Total= -919.615983543765 Active= -46.969540931593 G=     3.24e-04
 ooCMF Iter:   12 Total= -919.615983573643 Active= -46.969540961471 G=     9.01e-05
 ooCMF Iter:   13 Total= -919.615983576483 Active= -46.969540964311 G=     6.30e-05
 ooCMF Iter:   14 Total= -919.615983578351 Active= -46.969540966179 G=     5.67e-05
 ooCMF Iter:   15 Total= -919.615983580218 Active= -46.969540968047 G=     6.05e-05
 ooCMF Iter:   16 Total= -919.615983581266 Active= -46.969540969094 G=     3.05e-05
 ooCMF Iter:   17 Total= -919.615983581465 Active= -46.969540969293 G=     9.88e-06
 ooCMF Iter:   18 Total= -919.615983581491 Active= -46.969540969319 G=     7.04e-06
 ooCMF Iter:   19 Total= -919.615983581519 Active= -46.969540969348 G=     8.78e-06
 ooCMF Iter:   20 Total= -919.615983581547 Active= -46.969540969376 G=     6.32e-06
 ooCMF Iter:   21 Total= -919.615983581574 Active= -46.969540969403 G=     9.19e-06
 ooCMF Iter:   22 Total= -919.615983581608 Active= -46.969540969437 G=     5.10e-06
 ooCMF Iter:   23 Total= -919.615983581615 Active= -46.969540969443 G=     2.60e-06
 ooCMF Iter:   24 Total= -919.615983581617 Active= -46.969540969446 G=     1.90e-06
 ooCMF Iter:   25 Total= -919.615983581620 Active= -46.969540969448 G=     2.34e-06
 ooCMF Iter:   26 Total= -919.615983581622 Active= -46.969540969451 G=     1.54e-06
 ooCMF Iter:   27 Total= -919.615983581624 Active= -46.969540969453 G=     8.86e-07
 ooCMF Iter:   28 Total= -919.615983581624 Active= -46.969540969452 G=     4.24e-07
 ooCMF Iter:   29 Total= -919.615983581624 Active= -46.969540969452 G=     3.72e-07
 ooCMF Iter:   30 Total= -919.615983581624 Active= -46.969540969452 G=     3.36e-07
 ooCMF Iter:   31 Total= -919.615983581624 Active= -46.969540969452 G=     2.40e-07
 ooCMF Iter:   32 Total= -919.615983581624 Active= -46.969540969452 G=     2.71e-07
 ooCMF Iter:   33 Total= -919.615983581623 Active= -46.969540969452 G=     2.39e-07
 ooCMF Iter:   34 Total= -919.615983581624 Active= -46.969540969453 G=     1.04e-07
 ooCMF Iter:   35 Total= -919.615983581624 Active= -46.969540969453 G=     1.37e-07
 ooCMF Iter:   36 Total= -919.615983581624 Active= -46.969540969452 G=     8.53e-08
 ooCMF Iter:   37 Total= -919.615983581625 Active= -46.969540969453 G=     7.42e-08
 ooCMF Iter:   38 Total= -919.615983581624 Active= -46.969540969453 G=     2.76e-08
 * Status: success (objective increased between iterations)

 * Candidate solution
    Final objective value:     -9.196160e+02

 * Found with
    Algorithm:     Conjugate Gradient

 * Convergence measures
    |x - x'|               = 9.12e-09 ≰ 0.0e+00
    |x - x'|/|x'|          = 1.11e-07 ≰ 0.0e+00
    |f(x) - f(x')|         = 4.55e-13 ≰ 0.0e+00
    |f(x) - f(x')|/|f(x')| = 4.94e-16 ≰ 0.0e+00
    |g(x)|                 = 4.19e-09 ≤ 1.0e-08

 * Work counters
    Seconds run:   63  (vs limit Inf)
    Iterations:    37
    f(x) calls:    97
    ∇f(x) calls:   63

*ooCMF -919.61598358 
 65.342675 seconds (3.38 M allocations: 3.822 GiB, 0.82% gc time)
 Step:    1 E: -919.545755088494 G: 4.6e-01
 Step:    2 E: -919.565425672748 G: 3.9e-01
 Step:    3 E: -919.579385486762 G: 3.3e-01
 Step:    4 E: -919.589346800888 G: 2.8e-01
 Step:    5 E: -919.596492570200 G: 2.4e-01
 Step:    6 E: -919.601644059584 G: 2.0e-01
 Step:    7 E: -919.605374849621 G: 1.7e-01
 Step:    8 E: -919.608088084458 G: 1.5e-01
 Step:    9 E: -919.610068900253 G: 1.3e-01
 Step:   10 E: -919.611520174899 G: 1.1e-01
 Step:   11 E: -919.612587057873 G: 9.2e-02
 Step:   12 E: -919.613373919522 G: 7.9e-02
 Step:   13 E: -919.613956146897 G: 6.8e-02
 Step:   14 E: -919.614388411099 G: 5.9e-02
 Step:   15 E: -919.614710500605 G: 5.1e-02
 Step:   16 E: -919.614951462972 G: 4.4e-02
 Step:   17 E: -919.615132562341 G: 3.8e-02
 Step:   18 E: -919.615269402307 G: 3.3e-02
 Step:   19 E: -919.615373456796 G: 2.9e-02
 Step:   20 E: -919.615453178580 G: 2.6e-02
 Step:   21 E: -919.615514804926 G: 2.3e-02
 Step:   22 E: -919.615562944982 G: 2.0e-02
 Step:   23 E: -919.615601009247 G: 1.8e-02
 Step:   24 E: -919.615631524356 G: 1.6e-02
 Step:   25 E: -919.615656364290 G: 1.5e-02
 Step:   26 E: -919.615676920517 G: 1.3e-02
 Step:   27 E: -919.615694227411 G: 1.2e-02
 Step:   28 E: -919.615709054803 G: 1.2e-02
 Step:   29 E: -919.615721976397 G: 1.1e-02
 Step:   30 E: -919.615733420369 G: 1.0e-02
 Step:   31 E: -919.615743706838 G: 9.8e-03
 Step:   32 E: -919.615753075639 G: 9.4e-03
 Step:   33 E: -919.615761706916 G: 9.0e-03
 Step:   34 E: -919.615769736393 G: 8.7e-03
 Step:   35 E: -919.615777266731 G: 8.5e-03
 Step:   36 E: -919.615784375946 G: 8.3e-03
 Step:   37 E: -919.615791123682 G: 8.1e-03
 Step:   38 E: -919.615797555862 G: 7.9e-03
 Step:   39 E: -919.615803708146 G: 7.7e-03
 Step:   40 E: -919.615809608519 G: 7.6e-03
 Step:   41 E: -919.615815279204 G: 7.4e-03
 Step:   42 E: -919.615820738088 G: 7.3e-03
 Step:   43 E: -919.615825999797 G: 7.2e-03
 Step:   44 E: -919.615831076473 G: 7.0e-03
 Step:   45 E: -919.615835978380 G: 6.9e-03
 Step:   46 E: -919.615840714342 G: 6.8e-03
 Step:   47 E: -919.615845292071 G: 6.7e-03
 Step:   48 E: -919.615849718416 G: 6.6e-03
 Step:   49 E: -919.615853999549 G: 6.5e-03
 Step:   50 E: -919.615858141101 G: 6.4e-03
 Step:   51 E: -919.615862148271 G: 6.3e-03
 Step:   52 E: -919.615866025898 G: 6.2e-03
  Step:   53 E: -919.615869778532 G: 6.1e-03
 Step:   54 E: -919.615873410467 G: 6.0e-03
 Step:   55 E: -919.615876925784 G: 5.9e-03
 Step:   56 E: -919.615880328376 G: 5.8e-03
 Step:   57 E: -919.615883621966 G: 5.7e-03
 Step:   58 E: -919.615886810131 G: 5.6e-03
 Step:   59 E: -919.615889896305 G: 5.5e-03
 Step:   60 E: -919.615892883797 G: 5.4e-03
 Step:   61 E: -919.615895775796 G: 5.3e-03
 Step:   62 E: -919.615898575380 G: 5.2e-03
 Step:   63 E: -919.615901285521 G: 5.1e-03
 Step:   64 E: -919.615903909095 G: 5.1e-03
 Step:   65 E: -919.615906448873 G: 5.0e-03
 Step:   66 E: -919.615908907544 G: 4.9e-03
 Step:   67 E: -919.615911287704 G: 4.8e-03
 Step:   68 E: -919.615913591866 G: 4.7e-03
 Step:   69 E: -919.615915822461 G: 4.7e-03
 Step:   70 E: -919.615917981841 G: 4.6e-03
 Step:   71 E: -919.615920072283 G: 4.5e-03
 Step:   72 E: -919.615922095992 G: 4.4e-03
 Step:   73 E: -919.615924055100 G: 4.4e-03
 Step:   74 E: -919.615925951673 G: 4.3e-03
 Step:   75 E: -919.615927787708 G: 4.2e-03
 Step:   76 E: -919.615929565140 G: 4.2e-03
 Step:   77 E: -919.615931285842 G: 4.1e-03
 Step:   78 E: -919.615932951626 G: 4.0e-03
 Step:   79 E: -919.615934564249 G: 4.0e-03
 Step:   80 E: -919.615936125407 G: 3.9e-03
 Step:   81 E: -919.615937636746 G: 3.8e-03
 Step:   82 E: -919.615939099860 G: 3.8e-03
 Step:   83 E: -919.615940516287 G: 3.7e-03
 Step:   84 E: -919.615941887518 G: 3.7e-03
 Step:   85 E: -919.615943214999 G: 3.6e-03
 Step:   86 E: -919.615944500129 G: 3.5e-03
 Step:   87 E: -919.615945744258 G: 3.5e-03
 Step:   88 E: -919.615946948700 G: 3.4e-03
 Step:   89 E: -919.615948114719 G: 3.4e-03
 Step:   90 E: -919.615949243544 G: 3.3e-03
 Step:   91 E: -919.615950336365 G: 3.3e-03
 Step:   92 E: -919.615951394331 G: 3.2e-03
 Step:   93 E: -919.615952418557 G: 3.2e-03
 Step:   94 E: -919.615953410117 G: 3.1e-03
 Step:   95 E: -919.615954370059 G: 3.1e-03
 Step:   96 E: -919.615955299390 G: 3.0e-03
 Step:   97 E: -919.615956199091 G: 3.0e-03
 Step:   98 E: -919.615957070104 G: 2.9e-03
 Step:   99 E: -919.615957913350 G: 2.9e-03
 Step:  100 E: -919.615958729713 G: 2.8e-03
 Step:  101 E: -919.615959520053 G: 2.8e-03
 Step:  102 E: -919.615960285200 G: 2.7e-03
 Step:  103 E: -919.615961025959 G: 2.7e-03
 Step:  104 E: -919.615961743110 G: 2.6e-03
 Step:  105 E: -919.615962437407 G: 2.6e-03
 Step:  106 E: -919.615963109577 G: 2.6e-03
 Step:  107 E: -919.615963760329 G: 2.5e-03
 Step:  108 E: -919.615964390346 G: 2.5e-03
 Step:  109 E: -919.615965000292 G: 2.4e-03
 Step:  110 E: -919.615965590805 G: 2.4e-03
 Step:  111 E: -919.615966162508 G: 2.4e-03
 Step:  112 E: -919.615966715997 G: 2.3e-03
 Step:  113 E: -919.615967251860 G: 2.3e-03
 Step:  114 E: -919.615967770654 G: 2.3e-03
 Step:  115 E: -919.615968272926 G: 2.2e-03
 Step:  116 E: -919.615968759205 G: 2.2e-03
 Step:  117 E: -919.615969229999 G: 2.1e-03
 Step:  118 E: -919.615969685803 G: 2.1e-03
 Step:  119 E: -919.615970127095 G: 2.1e-03
 Step:  120 E: -919.615970554339 G: 2.0e-03
 Step:  121 E: -919.615970967981 G: 2.0e-03
 Step:  122 E: -919.615971368458 G: 2.0e-03
 Step:  123 E: -919.615971756188 G: 1.9e-03
 Step:  124 E: -919.615972131579 G: 1.9e-03
 Step:  125 E: -919.615972495023 G: 1.9e-03
 Step:  126 E: -919.615972846902 G: 1.9e-03
 Step:  127 E: -919.615973187585 G: 1.8e-03
 Step:  128 E: -919.615973517430 G: 1.8e-03
 Step:  129 E: -919.615973836781 G: 1.8e-03
 Step:  130 E: -919.615974145972 G: 1.7e-03
 Step:  131 E: -919.615974445329 G: 1.7e-03
 Step:  132 E: -919.615974735165 G: 1.7e-03
 Step:  133 E: -919.615975015783 G: 1.7e-03
 Step:  134 E: -919.615975287476 G: 1.6e-03
 Step:  135 E: -919.615975550532 G: 1.6e-03
 Step:  136 E: -919.615975805222 G: 1.6e-03
 Step:  137 E: -919.615976051815 G: 1.6e-03
 Step:  138 E: -919.615976290568 G: 1.5e-03
 Step:  139 E: -919.615976521732 G: 1.5e-03
 Step:  140 E: -919.615976745548 G: 1.5e-03
 Step:  141 E: -919.615976962251 G: 1.5e-03
 Step:  142 E: -919.615977172068 G: 1.4e-03
 Step:  143 E: -919.615977375216 G: 1.4e-03
 Step:  144 E: -919.615977571909 G: 1.4e-03
 Step:  145 E: -919.615977762353 G: 1.4e-03
 Step:  146 E: -919.615977946747 G: 1.3e-03
 Step:  147 E: -919.615978125282 G: 1.3e-03
 Step:  148 E: -919.615978298146 G: 1.3e-03
 Step:  149 E: -919.615978465520 G: 1.3e-03
 Step:  150 E: -919.615978627579 G: 1.3e-03
 Step:  151 E: -919.615978784490 G: 1.2e-03
 Step:  152 E: -919.615978936419 G: 1.2e-03
 Step:  153 E: -919.615979083524 G: 1.2e-03
 Step:  154 E: -919.615979225959 G: 1.2e-03
 Step:  155 E: -919.615979363872 G: 1.2e-03
 Step:  156 E: -919.615979497406 G: 1.1e-03
 Step:  157 E: -919.615979626702 G: 1.1e-03
 Step:  158 E: -919.615979751895 G: 1.1e-03
 Step:  159 E: -919.615979873114 G: 1.1e-03
 Step:  160 E: -919.615979990486 G: 1.1e-03
 Step:  161 E: -919.615980104135 G: 1.1e-03
 Step:  162 E: -919.615980214178 G: 1.0e-03
 Step:  163 E: -919.615980320729 G: 1.0e-03
 Step:  164 E: -919.615980423900 G: 1.0e-03
 Step:  165 E: -919.615980523800 G: 9.9e-04
 Step:  166 E: -919.615980620530 G: 9.7e-04
 Step:  167 E: -919.615980714191 G: 9.6e-04
 Step:  168 E: -919.615980804884 G: 9.4e-04
 Step:  169 E: -919.615980892699 G: 9.3e-04
 Step:  170 E: -919.615980977732 G: 9.1e-04
 Step:  171 E: -919.615981060067 G: 9.0e-04
 Step:  172 E: -919.615981139793 G: 8.8e-04
 Step:  173 E: -919.615981216993 G: 8.7e-04
 Step:  174 E: -919.615981291744 G: 8.5e-04
 Step:  175 E: -919.615981364126 G: 8.4e-04
 Step:  176 E: -919.615981434215 G: 8.3e-04
 Step:  177 E: -919.615981502083 G: 8.1e-04
 Step:  178 E: -919.615981567800 G: 8.0e-04
 Step:  179 E: -919.615981631435 G: 7.9e-04
 Step:  180 E: -919.615981693054 G: 7.8e-04
 Step:  181 E: -919.615981752721 G: 7.6e-04
 Step:  182 E: -919.615981810499 G: 7.5e-04
 Step:  183 E: -919.615981866446 G: 7.4e-04
 Step:  184 E: -919.615981920621 G: 7.3e-04
 Step:  185 E: -919.615981973082 G: 7.2e-04
 Step:  186 E: -919.615982023880 G: 7.0e-04
 Step:  187 E: -919.615982073070 G: 6.9e-04
 Step:  188 E: -919.615982120704 G: 6.8e-04
 Step:  189 E: -919.615982166829 G: 6.7e-04
 Step:  190 E: -919.615982211495 G: 6.6e-04
 Step:  191 E: -919.615982254745 G: 6.5e-04
 Step:  192 E: -919.615982296629 G: 6.4e-04
 Step:  193 E: -919.615982337186 G: 6.3e-04
 Step:  194 E: -919.615982376460 G: 6.2e-04
 Step:  195 E: -919.615982414491 G: 6.1e-04
 Step:  196 E: -919.615982451319 G: 6.0e-04
 Step:  197 E: -919.615982486982 G: 5.9e-04
 Step:  198 E: -919.615982521517 G: 5.8e-04
 Step:  199 E: -919.615982554959 G: 5.7e-04
 Step:  200 E: -919.615982587345 G: 5.6e-04
 Step:  201 E: -919.615982618705 G: 5.5e-04
 Step:  202 E: -919.615982649074 G: 5.4e-04
 Step:  203 E: -919.615982678484 G: 5.4e-04
 Step:  204 E: -919.615982706962 G: 5.3e-04
 Step:  205 E: -919.615982734541 G: 5.2e-04
 Step:  206 E: -919.615982761249 G: 5.1e-04
 Step:  207 E: -919.615982787111 G: 5.0e-04
 Step:  208 E: -919.615982812157 G: 4.9e-04
 Step:  209 E: -919.615982836409 G: 4.9e-04
 Step:  210 E: -919.615982859898 G: 4.8e-04
 Step:  211 E: -919.615982882643 G: 4.7e-04
 Step:  212 E: -919.615982904669 G: 4.6e-04
 Step:  213 E: -919.615982926001 G: 4.6e-04
 Step:  214 E: -919.615982946656 G: 4.5e-04
 Step:  215 E: -919.615982966660 G: 4.4e-04
 Step:  216 E: -919.615982986034 G: 4.3e-04
 Step:  217 E: -919.615983004795 G: 4.3e-04
 Step:  218 E: -919.615983022963 G: 4.2e-04
 Step:  219 E: -919.615983040558 G: 4.1e-04
 Step:  220 E: -919.615983057597 G: 4.1e-04
 Step:  221 E: -919.615983074098 G: 4.0e-04
 Step:  222 E: -919.615983090078 G: 3.9e-04
 Step:  223 E: -919.615983105554 G: 3.9e-04
 Step:  224 E: -919.615983120541 G: 3.8e-04
 Step:  225 E: -919.615983135055 G: 3.8e-04
 Step:  226 E: -919.615983149112 G: 3.7e-04
 Step:  227 E: -919.615983162725 G: 3.6e-04
 Step:  228 E: -919.615983175908 G: 3.6e-04
 Step:  229 E: -919.615983188675 G: 3.5e-04
 Step:  230 E: -919.615983201040 G: 3.5e-04
 Step:  231 E: -919.615983213014 G: 3.4e-04
 Step:  232 E: -919.615983224611 G: 3.4e-04
 Step:  233 E: -919.615983235842 G: 3.3e-04
 Step:  234 E: -919.615983246718 G: 3.3e-04
 Step:  235 E: -919.615983257252 G: 3.2e-04
 Step:  236 E: -919.615983267454 G: 3.2e-04
 Step:  237 E: -919.615983277334 G: 3.1e-04
 Step:  238 E: -919.615983286902 G: 3.1e-04
 Step:  239 E: -919.615983296169 G: 3.0e-04
 Step:  240 E: -919.615983305144 G: 3.0e-04
 Step:  241 E: -919.615983313836 G: 2.9e-04
 Step:  242 E: -919.615983322254 G: 2.9e-04
 Step:  243 E: -919.615983330406 G: 2.8e-04
 Step:  244 E: -919.615983338302 G: 2.8e-04
 Step:  245 E: -919.615983345949 G: 2.7e-04
 Step:  246 E: -919.615983353356 G: 2.7e-04
 Step:  247 E: -919.615983360528 G: 2.6e-04
 Step:  248 E: -919.615983367474 G: 2.6e-04
 Step:  249 E: -919.615983374202 G: 2.6e-04
 Step:  250 E: -919.615983380719 G: 2.5e-04
 Step:  251 E: -919.615983387030 G: 2.5e-04
 Step:  252 E: -919.615983393142 G: 2.4e-04
 Step:  253 E: -919.615983399061 G: 2.4e-04
 Step:  254 E: -919.615983404794 G: 2.4e-04
 Step:  255 E: -919.615983410348 G: 2.3e-04
 Step:  256 E: -919.615983415725 G: 2.3e-04
 Step:  257 E: -919.615983420934 G: 2.3e-04
 Step:  258 E: -919.615983425979 G: 2.2e-04
 Step:  259 E: -919.615983430865 G: 2.2e-04
 Step:  260 E: -919.615983435597 G: 2.1e-04
 Step:  261 E: -919.615983440181 G: 2.1e-04
 Step:  262 E: -919.615983444620 G: 2.1e-04
 Step:  263 E: -919.615983448920 G: 2.0e-04
 Step:  264 E: -919.615983453083 G: 2.0e-04
 Step:  265 E: -919.615983457116 G: 2.0e-04
 Step:  266 E: -919.615983461023 G: 2.0e-04
 Step:  267 E: -919.615983464806 G: 1.9e-04
 Step:  268 E: -919.615983468470 G: 1.9e-04
 Step:  269 E: -919.615983472021 G: 1.9e-04
 Step:  270 E: -919.615983475457 G: 1.8e-04
 Step:  271 E: -919.615983478787 G: 1.8e-04
 Step:  272 E: -919.615983482011 G: 1.8e-04
 Step:  273 E: -919.615983485135 G: 1.7e-04
 Step:  274 E: -919.615983488161 G: 1.7e-04
 Step:  275 E: -919.615983491091 G: 1.7e-04
 Step:  276 E: -919.615983493929 G: 1.7e-04
 Step:  277 E: -919.615983496679 G: 1.6e-04
 Step:  278 E: -919.615983499340 G: 1.6e-04
 Step:  279 E: -919.615983501920 G: 1.6e-04
 Step:  280 E: -919.615983504418 G: 1.6e-04
 Step:  281 E: -919.615983506837 G: 1.5e-04
 Step:  282 E: -919.615983509180 G: 1.5e-04
 Step:  283 E: -919.615983511450 G: 1.5e-04
 Step:  284 E: -919.615983513648 G: 1.5e-04
 Step:  285 E: -919.615983515778 G: 1.4e-04
 Step:  286 E: -919.615983517840 G: 1.4e-04
 Step:  287 E: -919.615983519839 G: 1.4e-04
 Step:  288 E: -919.615983521774 G: 1.4e-04
 Step:  289 E: -919.615983523648 G: 1.4e-04
 Step:  290 E: -919.615983525463 G: 1.3e-04
 Step:  291 E: -919.615983527222 G: 1.3e-04
 Step:  292 E: -919.615983528925 G: 1.3e-04
 Step:  293 E: -919.615983530574 G: 1.3e-04
 Step:  294 E: -919.615983532173 G: 1.2e-04
 Step:  295 E: -919.615983533720 G: 1.2e-04
 Step:  296 E: -919.615983535220 G: 1.2e-04
 Step:  297 E: -919.615983536672 G: 1.2e-04
 Step:  298 E: -919.615983538080 G: 1.2e-04
 Step:  299 E: -919.615983539442 G: 1.2e-04
 Step:  300 E: -919.615983540762 G: 1.1e-04
 Step:  301 E: -919.615983542040 G: 1.1e-04
 Step:  302 E: -919.615983543278 G: 1.1e-04
 Step:  303 E: -919.615983544477 G: 1.1e-04
 Step:  304 E: -919.615983545640 G: 1.1e-04
 Step:  305 E: -919.615983546766 G: 1.0e-04
 Step:  306 E: -919.615983547856 G: 1.0e-04
 Step:  307 E: -919.615983548912 G: 1.0e-04
 Step:  308 E: -919.615983549934 G: 1.0e-04
 Step:  309 E: -919.615983550925 G: 9.8e-05
 Step:  310 E: -919.615983551885 G: 9.7e-05
 Step:  311 E: -919.615983552814 G: 9.5e-05
 Step:  312 E: -919.615983553716 G: 9.4e-05
 Step:  313 E: -919.615983554588 G: 9.2e-05
 Step:  314 E: -919.615983555433 G: 9.1e-05
 Step:  315 E: -919.615983556251 G: 8.9e-05
 Step:  316 E: -919.615983557044 G: 8.8e-05
 Step:  317 E: -919.615983557812 G: 8.7e-05
 Step:  318 E: -919.615983558556 G: 8.5e-05
 Step:  319 E: -919.615983559277 G: 8.4e-05
 Step:  320 E: -919.615983559975 G: 8.3e-05
 Step:  321 E: -919.615983560651 G: 8.1e-05
 Step:  322 E: -919.615983561306 G: 8.0e-05
 Step:  323 E: -919.615983561940 G: 7.9e-05
 Step:  324 E: -919.615983562556 G: 7.7e-05
 Step:  325 E: -919.615983563152 G: 7.6e-05
 Step:  326 E: -919.615983563728 G: 7.5e-05
 Step:  327 E: -919.615983564287 G: 7.4e-05
 Step:  328 E: -919.615983564827 G: 7.3e-05
 Step:  329 E: -919.615983565352 G: 7.2e-05
 Step:  330 E: -919.615983565860 G: 7.0e-05
 Step:  331 E: -919.615983566352 G: 6.9e-05
 Step:  332 E: -919.615983566828 G: 6.8e-05
 Step:  333 E: -919.615983567291 G: 6.7e-05
 Step:  334 E: -919.615983567738 G: 6.6e-05
 Step:  335 E: -919.615983568171 G: 6.5e-05
 Step:  336 E: -919.615983568591 G: 6.4e-05
 Step:  337 E: -919.615983568998 G: 6.3e-05
 Step:  338 E: -919.615983569391 G: 6.2e-05
 Step:  339 E: -919.615983569773 G: 6.1e-05
 Step:  340 E: -919.615983570143 G: 6.0e-05
 Step:  341 E: -919.615983570501 G: 5.9e-05
 Step:  342 E: -919.615983570847 G: 5.8e-05
 Step:  343 E: -919.615983571184 G: 5.7e-05
 Step:  344 E: -919.615983571509 G: 5.6e-05
 Step:  345 E: -919.615983571825 G: 5.5e-05
 Step:  346 E: -919.615983572130 G: 5.5e-05
 Step:  347 E: -919.615983572426 G: 5.4e-05
 Step:  348 E: -919.615983572713 G: 5.3e-05
 Step:  349 E: -919.615983572990 G: 5.2e-05
 Step:  350 E: -919.615983573260 G: 5.1e-05
 Step:  351 E: -919.615983573520 G: 5.0e-05
 Step:  352 E: -919.615983573772 G: 5.0e-05
 Step:  353 E: -919.615983574018 G: 4.9e-05
 Step:  354 E: -919.615983574254 G: 4.8e-05
 Step:  355 E: -919.615983574483 G: 4.7e-05
 Step:  356 E: -919.615983574706 G: 4.7e-05
 Step:  357 E: -919.615983574922 G: 4.6e-05
 Step:  358 E: -919.615983575131 G: 4.5e-05
 Step:  359 E: -919.615983575332 G: 4.4e-05
 Step:  360 E: -919.615983575529 G: 4.4e-05
 Step:  361 E: -919.615983575718 G: 4.3e-05
 Step:  362 E: -919.615983575903 G: 4.2e-05
 Step:  363 E: -919.615983576080 G: 4.2e-05
 Step:  364 E: -919.615983576254 G: 4.1e-05
 Step:  365 E: -919.615983576420 G: 4.0e-05
 Step:  366 E: -919.615983576582 G: 4.0e-05
 Step:  367 E: -919.615983576739 G: 3.9e-05
 Step:  368 E: -919.615983576891 G: 3.9e-05
 Step:  369 E: -919.615983577039 G: 3.8e-05
 Step:  370 E: -919.615983577181 G: 3.7e-05
 Step:  371 E: -919.615983577320 G: 3.7e-05
 Step:  372 E: -919.615983577453 G: 3.6e-05
 Step:  373 E: -919.615983577583 G: 3.6e-05
 Step:  374 E: -919.615983577709 G: 3.5e-05
 Step:  375 E: -919.615983577830 G: 3.4e-05
 Step:  376 E: -919.615983577949 G: 3.4e-05
 Step:  377 E: -919.615983578063 G: 3.3e-05
 Step:  378 E: -919.615983578174 G: 3.3e-05
 Step:  379 E: -919.615983578281 G: 3.2e-05
 Step:  380 E: -919.615983578385 G: 3.2e-05
 Step:  381 E: -919.615983578486 G: 3.1e-05
 Step:  382 E: -919.615983578583 G: 3.1e-05
 Step:  383 E: -919.615983578677 G: 3.0e-05
 Step:  384 E: -919.615983578769 G: 3.0e-05
 Step:  385 E: -919.615983578858 G: 2.9e-05
 Step:  386 E: -919.615983578943 G: 2.9e-05
 Step:  387 E: -919.615983579027 G: 2.9e-05
 Step:  388 E: -919.615983579108 G: 2.8e-05
 Step:  389 E: -919.615983579186 G: 2.8e-05
 Step:  390 E: -919.615983579262 G: 2.7e-05
 Step:  391 E: -919.615983579335 G: 2.7e-05
 Step:  392 E: -919.615983579406 G: 2.6e-05
 Step:  393 E: -919.615983579475 G: 2.6e-05
 Step:  394 E: -919.615983579541 G: 2.6e-05
 Step:  395 E: -919.615983579607 G: 2.5e-05
 Step:  396 E: -919.615983579669 G: 2.5e-05
 Step:  397 E: -919.615983579730 G: 2.4e-05
 Step:  398 E: -919.615983579788 G: 2.4e-05
 Step:  399 E: -919.615983579846 G: 2.4e-05
 Step:  400 E: -919.615983579901 G: 2.3e-05
 Step:  401 E: -919.615983579955 G: 2.3e-05
 Step:  402 E: -919.615983580007 G: 2.2e-05
 Step:  403 E: -919.615983580057 G: 2.2e-05
 Step:  404 E: -919.615983580105 G: 2.2e-05
 Step:  405 E: -919.615983580152 G: 2.1e-05
 Step:  406 E: -919.615983580198 G: 2.1e-05
 Step:  407 E: -919.615983580242 G: 2.1e-05
 Step:  408 E: -919.615983580285 G: 2.0e-05
 Step:  409 E: -919.615983580326 G: 2.0e-05
 Step:  410 E: -919.615983580367 G: 2.0e-05
 Step:  411 E: -919.615983580406 G: 2.0e-05
 Step:  412 E: -919.615983580444 G: 1.9e-05
 Step:  413 E: -919.615983580480 G: 1.9e-05
 Step:  414 E: -919.615983580516 G: 1.9e-05
 Step:  415 E: -919.615983580550 G: 1.8e-05
 Step:  416 E: -919.615983580583 G: 1.8e-05
 Step:  417 E: -919.615983580615 G: 1.8e-05
 Step:  418 E: -919.615983580647 G: 1.7e-05
 Step:  419 E: -919.615983580677 G: 1.7e-05
 Step:  420 E: -919.615983580707 G: 1.7e-05
 Step:  421 E: -919.615983580735 G: 1.7e-05
 Step:  422 E: -919.615983580763 G: 1.6e-05
 Step:  423 E: -919.615983580789 G: 1.6e-05
 Step:  424 E: -919.615983580816 G: 1.6e-05
 Step:  425 E: -919.615983580841 G: 1.6e-05
 Step:  426 E: -919.615983580865 G: 1.5e-05
 Step:  427 E: -919.615983580888 G: 1.5e-05
 Step:  428 E: -919.615983580910 G: 1.5e-05
 Step:  429 E: -919.615983580933 G: 1.5e-05
 Step:  430 E: -919.615983580954 G: 1.4e-05
 Step:  431 E: -919.615983580974 G: 1.4e-05
 Step:  432 E: -919.615983580995 G: 1.4e-05
 Step:  433 E: -919.615983581014 G: 1.4e-05
 Step:  434 E: -919.615983581033 G: 1.4e-05
 Step:  435 E: -919.615983581051 G: 1.3e-05
 Step:  436 E: -919.615983581069 G: 1.3e-05
 Step:  437 E: -919.615983581086 G: 1.3e-05
 Step:  438 E: -919.615983581103 G: 1.3e-05
 Step:  439 E: -919.615983581120 G: 1.3e-05
 Step:  440 E: -919.615983581135 G: 1.2e-05
 Step:  441 E: -919.615983581150 G: 1.2e-05
 Step:  442 E: -919.615983581165 G: 1.2e-05
 Step:  443 E: -919.615983581179 G: 1.2e-05
 Step:  444 E: -919.615983581193 G: 1.2e-05
 Step:  445 E: -919.615983581206 G: 1.1e-05
 Step:  446 E: -919.615983581219 G: 1.1e-05
 Step:  447 E: -919.615983581232 G: 1.1e-05
 Step:  448 E: -919.615983581244 G: 1.1e-05
 Step:  449 E: -919.615983581255 G: 1.1e-05
 Step:  450 E: -919.615983581267 G: 1.1e-05
 Step:  451 E: -919.615983581278 G: 1.0e-05
 Step:  452 E: -919.615983581289 G: 1.0e-05
 Step:  453 E: -919.615983581300 G: 1.0e-05
 Step:  454 E: -919.615983581309 G: 9.9e-06
 Step:  455 E: -919.615983581319 G: 9.8e-06
 Step:  456 E: -919.615983581328 G: 9.6e-06
 Step:  457 E: -919.615983581337 G: 9.4e-06
 Step:  458 E: -919.615983581346 G: 9.3e-06
 Step:  459 E: -919.615983581354 G: 9.2e-06
 Step:  460 E: -919.615983581363 G: 9.0e-06
 Step:  461 E: -919.615983581372 G: 8.9e-06
 Step:  462 E: -919.615983581379 G: 8.7e-06
 Step:  463 E: -919.615983581387 G: 8.6e-06
 Step:  464 E: -919.615983581394 G: 8.5e-06
 Step:  465 E: -919.615983581401 G: 8.3e-06
 Step:  466 E: -919.615983581408 G: 8.2e-06
 Step:  467 E: -919.615983581414 G: 8.1e-06
 Step:  468 E: -919.615983581420 G: 7.9e-06
 Step:  469 E: -919.615983581427 G: 7.8e-06
 Step:  470 E: -919.615983581433 G: 7.7e-06
 Step:  471 E: -919.615983581439 G: 7.6e-06
 Step:  472 E: -919.615983581445 G: 7.5e-06
 Step:  473 E: -919.615983581450 G: 7.3e-06
 Step:  474 E: -919.615983581456 G: 7.2e-06
 Step:  475 E: -919.615983581461 G: 7.1e-06
 Step:  476 E: -919.615983581466 G: 7.0e-06
 Step:  477 E: -919.615983581470 G: 6.9e-06
 Step:  478 E: -919.615983581475 G: 6.8e-06
 Step:  479 E: -919.615983581480 G: 6.7e-06
 Step:  480 E: -919.615983581485 G: 6.6e-06
 Step:  481 E: -919.615983581489 G: 6.5e-06
 Step:  482 E: -919.615983581494 G: 6.4e-06
 Step:  483 E: -919.615983581497 G: 6.3e-06
 Step:  484 E: -919.615983581501 G: 6.2e-06
 Step:  485 E: -919.615983581506 G: 6.1e-06
 Step:  486 E: -919.615983581508 G: 6.0e-06
 Step:  487 E: -919.615983581512 G: 5.9e-06
 Step:  488 E: -919.615983581515 G: 5.8e-06
 Step:  489 E: -919.615983581518 G: 5.7e-06
 Step:  490 E: -919.615983581522 G: 5.6e-06
 Step:  491 E: -919.615983581525 G: 5.5e-06
 Step:  492 E: -919.615983581529 G: 5.5e-06
 Step:  493 E: -919.615983581531 G: 5.4e-06
 Step:  494 E: -919.615983581534 G: 5.3e-06
 Step:  495 E: -919.615983581537 G: 5.2e-06
 Step:  496 E: -919.615983581540 G: 5.1e-06
 Step:  497 E: -919.615983581542 G: 5.0e-06
 Step:  498 E: -919.615983581544 G: 5.0e-06
 Step:  499 E: -919.615983581547 G: 4.9e-06
 Step:  500 E: -919.615983581549 G: 4.8e-06
 Step:  501 E: -919.615983581552 G: 4.7e-06
 Step:  502 E: -919.615983581554 G: 4.7e-06
 Step:  503 E: -919.615983581556 G: 4.6e-06
 Step:  504 E: -919.615983581558 G: 4.5e-06
 Step:  505 E: -919.615983581560 G: 4.4e-06
 Step:  506 E: -919.615983581562 G: 4.4e-06
 Step:  507 E: -919.615983581564 G: 4.3e-06
 Step:  508 E: -919.615983581565 G: 4.2e-06
 Step:  509 E: -919.615983581568 G: 4.2e-06
 Step:  510 E: -919.615983581570 G: 4.1e-06
 Step:  511 E: -919.615983581571 G: 4.0e-06
 Step:  512 E: -919.615983581573 G: 4.0e-06
 Step:  513 E: -919.615983581574 G: 3.9e-06
 Step:  514 E: -919.615983581576 G: 3.9e-06
 Step:  515 E: -919.615983581577 G: 3.8e-06
 Step:  516 E: -919.615983581578 G: 3.7e-06
 Step:  517 E: -919.615983581580 G: 3.7e-06
 Step:  518 E: -919.615983581582 G: 3.6e-06
 Step:  519 E: -919.615983581583 G: 3.6e-06
 Step:  520 E: -919.615983581585 G: 3.5e-06
 Step:  521 E: -919.615983581585 G: 3.5e-06
 Step:  522 E: -919.615983581587 G: 3.4e-06
 Step:  523 E: -919.615983581587 G: 3.4e-06
 Step:  524 E: -919.615983581588 G: 3.3e-06
 Step:  525 E: -919.615983581590 G: 3.3e-06
 Step:  526 E: -919.615983581591 G: 3.2e-06
 Step:  527 E: -919.615983581591 G: 3.2e-06
 Step:  528 E: -919.615983581593 G: 3.1e-06
 Step:  529 E: -919.615983581594 G: 3.1e-06
 Step:  530 E: -919.615983581594 G: 3.0e-06
 Step:  531 E: -919.615983581596 G: 3.0e-06
 Step:  532 E: -919.615983581597 G: 2.9e-06
 Step:  533 E: -919.615983581598 G: 2.9e-06
 Step:  534 E: -919.615983581598 G: 2.8e-06
 Step:  535 E: -919.615983581599 G: 2.8e-06
 Step:  536 E: -919.615983581600 G: 2.7e-06
 Step:  537 E: -919.615983581601 G: 2.7e-06
 Step:  538 E: -919.615983581601 G: 2.7e-06
 Step:  539 E: -919.615983581602 G: 2.6e-06
 Step:  540 E: -919.615983581603 G: 2.6e-06
 Step:  541 E: -919.615983581603 G: 2.5e-06
 Step:  542 E: -919.615983581603 G: 2.5e-06
 Step:  543 E: -919.615983581604 G: 2.5e-06
 Step:  544 E: -919.615983581604 G: 2.4e-06
 Step:  545 E: -919.615983581606 G: 2.4e-06
 Step:  546 E: -919.615983581606 G: 2.3e-06
 Step:  547 E: -919.615983581607 G: 2.3e-06
 Step:  548 E: -919.615983581607 G: 2.3e-06
 Step:  549 E: -919.615983581607 G: 2.2e-06
 Step:  550 E: -919.615983581608 G: 2.2e-06
 Step:  551 E: -919.615983581609 G: 2.2e-06
 Step:  552 E: -919.615983581609 G: 2.1e-06
 Step:  553 E: -919.615983581610 G: 2.1e-06
 Step:  554 E: -919.615983581610 G: 2.1e-06
 Step:  555 E: -919.615983581611 G: 2.0e-06
 Step:  556 E: -919.615983581611 G: 2.0e-06
 Step:  557 E: -919.615983581611 G: 2.0e-06
 Step:  558 E: -919.615983581612 G: 1.9e-06
 Step:  559 E: -919.615983581612 G: 1.9e-06
 Step:  560 E: -919.615983581612 G: 1.9e-06
 Step:  561 E: -919.615983581613 G: 1.9e-06
 Step:  562 E: -919.615983581613 G: 1.8e-06
 Step:  563 E: -919.615983581613 G: 1.8e-06
 Step:  564 E: -919.615983581614 G: 1.8e-06
 Step:  565 E: -919.615983581614 G: 1.7e-06
 Step:  566 E: -919.615983581614 G: 1.7e-06
 Step:  567 E: -919.615983581615 G: 1.7e-06
 Step:  568 E: -919.615983581615 G: 1.7e-06
 Step:  569 E: -919.615983581615 G: 1.6e-06
 Step:  570 E: -919.615983581615 G: 1.6e-06
 Step:  571 E: -919.615983581616 G: 1.6e-06
 Step:  572 E: -919.615983581615 G: 1.6e-06
 Step:  573 E: -919.615983581616 G: 1.5e-06
 Step:  574 E: -919.615983581617 G: 1.5e-06
 Step:  575 E: -919.615983581617 G: 1.5e-06
 Step:  576 E: -919.615983581617 G: 1.5e-06
 Step:  577 E: -919.615983581617 G: 1.4e-06
 Step:  578 E: -919.615983581618 G: 1.4e-06
 Step:  579 E: -919.615983581617 G: 1.4e-06
 Step:  580 E: -919.615983581618 G: 1.4e-06
 Step:  581 E: -919.615983581618 G: 1.4e-06
 Step:  582 E: -919.615983581618 G: 1.3e-06
 Step:  583 E: -919.615983581618 G: 1.3e-06
 Step:  584 E: -919.615983581618 G: 1.3e-06
 Step:  585 E: -919.615983581618 G: 1.3e-06
 Step:  586 E: -919.615983581619 G: 1.3e-06
 Step:  587 E: -919.615983581618 G: 1.2e-06
 Step:  588 E: -919.615983581619 G: 1.2e-06
 Step:  589 E: -919.615983581619 G: 1.2e-06
 Step:  590 E: -919.615983581619 G: 1.2e-06
 Step:  591 E: -919.615983581619 G: 1.2e-06
 Step:  592 E: -919.615983581620 G: 1.1e-06
 Step:  593 E: -919.615983581620 G: 1.1e-06
 Step:  594 E: -919.615983581619 G: 1.1e-06
 Step:  595 E: -919.615983581620 G: 1.1e-06
 Step:  596 E: -919.615983581621 G: 1.1e-06
 Step:  597 E: -919.615983581620 G: 1.1e-06
 Step:  598 E: -919.615983581620 G: 1.0e-06
 Step:  599 E: -919.615983581620 G: 1.0e-06
 Step:  600 E: -919.615983581621 G: 1.0e-06
 Step:  601 E: -919.615983581620 G: 1.0e-06
 Step:  602 E: -919.615983581621 G: 9.8e-07
 Step:  603 E: -919.615983581620 G: 9.7e-07
 Step:  604 E: -919.615983581621 G: 9.5e-07
 Step:  605 E: -919.615983581621 G: 9.4e-07
 Step:  606 E: -919.615983581622 G: 9.2e-07
 Step:  607 E: -919.615983581621 G: 9.1e-07
 Step:  608 E: -919.615983581622 G: 8.9e-07
 Step:  609 E: -919.615983581621 G: 8.8e-07
 Step:  610 E: -919.615983581621 G: 8.7e-07
 Step:  611 E: -919.615983581621 G: 8.5e-07
 Step:  612 E: -919.615983581622 G: 8.4e-07
 Step:  613 E: -919.615983581623 G: 8.3e-07
 Step:  614 E: -919.615983581622 G: 8.1e-07
 Step:  615 E: -919.615983581622 G: 8.0e-07
 Step:  616 E: -919.615983581622 G: 7.9e-07
 Step:  617 E: -919.615983581623 G: 7.8e-07
 Step:  618 E: -919.615983581623 G: 7.7e-07
 Step:  619 E: -919.615983581622 G: 7.5e-07
 Step:  620 E: -919.615983581622 G: 7.4e-07
 Step:  621 E: -919.615983581622 G: 7.3e-07
 Step:  622 E: -919.615983581622 G: 7.2e-07
 Step:  623 E: -919.615983581622 G: 7.1e-07
 Step:  624 E: -919.615983581623 G: 7.0e-07
 Step:  625 E: -919.615983581623 G: 6.9e-07
 Step:  626 E: -919.615983581622 G: 6.8e-07
 Step:  627 E: -919.615983581622 G: 6.7e-07
 Step:  628 E: -919.615983581622 G: 6.6e-07
 Step:  629 E: -919.615983581622 G: 6.5e-07
 Step:  630 E: -919.615983581623 G: 6.4e-07
 Step:  631 E: -919.615983581622 G: 6.3e-07
 Step:  632 E: -919.615983581622 G: 6.2e-07
 Step:  633 E: -919.615983581623 G: 6.1e-07
 Step:  634 E: -919.615983581623 G: 6.0e-07
 Step:  635 E: -919.615983581622 G: 5.9e-07
 Step:  636 E: -919.615983581623 G: 5.8e-07
 Step:  637 E: -919.615983581623 G: 5.7e-07
 Step:  638 E: -919.615983581623 G: 5.6e-07
 Step:  639 E: -919.615983581623 G: 5.5e-07
 Step:  640 E: -919.615983581623 G: 5.4e-07
 Step:  641 E: -919.615983581622 G: 5.4e-07
 Step:  642 E: -919.615983581623 G: 5.3e-07
 Step:  643 E: -919.615983581622 G: 5.2e-07
 Step:  644 E: -919.615983581623 G: 5.1e-07
 Step:  645 E: -919.615983581622 G: 5.0e-07
 Step:  646 E: -919.615983581623 G: 5.0e-07
 Step:  647 E: -919.615983581623 G: 4.9e-07
 Step:  648 E: -919.615983581624 G: 4.8e-07
 Step:  649 E: -919.615983581624 G: 4.7e-07
 Step:  650 E: -919.615983581623 G: 4.7e-07
 Step:  651 E: -919.615983581623 G: 4.6e-07
 Step:  652 E: -919.615983581623 G: 4.5e-07
 Step:  653 E: -919.615983581624 G: 4.5e-07
 Step:  654 E: -919.615983581623 G: 4.4e-07
 Step:  655 E: -919.615983581623 G: 4.3e-07
 Step:  656 E: -919.615983581623 G: 4.3e-07
 Step:  657 E: -919.615983581623 G: 4.2e-07
 Step:  658 E: -919.615983581623 G: 4.1e-07
 Step:  659 E: -919.615983581624 G: 4.1e-07
 Step:  660 E: -919.615983581624 G: 4.0e-07
 Step:  661 E: -919.615983581624 G: 3.9e-07
 Step:  662 E: -919.615983581623 G: 3.9e-07
 Step:  663 E: -919.615983581624 G: 3.8e-07
 Step:  664 E: -919.615983581623 G: 3.8e-07
 Step:  665 E: -919.615983581623 G: 3.7e-07
 Step:  666 E: -919.615983581623 G: 3.7e-07
 Step:  667 E: -919.615983581623 G: 3.6e-07
 Step:  668 E: -919.615983581624 G: 3.5e-07
 Step:  669 E: -919.615983581624 G: 3.5e-07
 Step:  670 E: -919.615983581623 G: 3.4e-07
 Step:  671 E: -919.615983581623 G: 3.4e-07
 Step:  672 E: -919.615983581624 G: 3.3e-07
 Step:  673 E: -919.615983581624 G: 3.3e-07
 Step:  674 E: -919.615983581624 G: 3.2e-07
 Step:  675 E: -919.615983581624 G: 3.2e-07
 Step:  676 E: -919.615983581623 G: 3.1e-07
 Step:  677 E: -919.615983581624 G: 3.1e-07
 Step:  678 E: -919.615983581624 G: 3.0e-07
 Step:  679 E: -919.615983581624 G: 3.0e-07
 Step:  680 E: -919.615983581623 G: 2.9e-07
 Step:  681 E: -919.615983581623 G: 2.9e-07
 Step:  682 E: -919.615983581623 G: 2.9e-07
 Step:  683 E: -919.615983581624 G: 2.8e-07
 Step:  684 E: -919.615983581624 G: 2.8e-07
 Step:  685 E: -919.615983581623 G: 2.7e-07
 Step:  686 E: -919.615983581624 G: 2.7e-07
 Step:  687 E: -919.615983581623 G: 2.6e-07
 Step:  688 E: -919.615983581624 G: 2.6e-07
 Step:  689 E: -919.615983581623 G: 2.6e-07
 Step:  690 E: -919.615983581624 G: 2.5e-07
 Step:  691 E: -919.615983581625 G: 2.5e-07
 Step:  692 E: -919.615983581623 G: 2.5e-07
 Step:  693 E: -919.615983581624 G: 2.4e-07
 Step:  694 E: -919.615983581623 G: 2.4e-07
 Step:  695 E: -919.615983581624 G: 2.3e-07
 Step:  696 E: -919.615983581623 G: 2.3e-07
 Step:  697 E: -919.615983581624 G: 2.3e-07
 Step:  698 E: -919.615983581625 G: 2.2e-07
 Step:  699 E: -919.615983581624 G: 2.2e-07
 Step:  700 E: -919.615983581624 G: 2.2e-07
 Step:  701 E: -919.615983581624 G: 2.1e-07
 Step:  702 E: -919.615983581624 G: 2.1e-07
 Step:  703 E: -919.615983581624 G: 2.1e-07
 Step:  704 E: -919.615983581623 G: 2.0e-07
 Step:  705 E: -919.615983581624 G: 2.0e-07
 Step:  706 E: -919.615983581624 G: 2.0e-07
 Step:  707 E: -919.615983581624 G: 2.0e-07
 Step:  708 E: -919.615983581624 G: 1.9e-07
 Step:  709 E: -919.615983581624 G: 1.9e-07
 Step:  710 E: -919.615983581624 G: 1.9e-07
 Step:  711 E: -919.615983581624 G: 1.8e-07
 Step:  712 E: -919.615983581624 G: 1.8e-07
 Step:  713 E: -919.615983581625 G: 1.8e-07
 Step:  714 E: -919.615983581623 G: 1.8e-07
 Step:  715 E: -919.615983581624 G: 1.7e-07
 Step:  716 E: -919.615983581624 G: 1.7e-07
 Step:  717 E: -919.615983581624 G: 1.7e-07
 Step:  718 E: -919.615983581624 G: 1.7e-07
 Step:  719 E: -919.615983581624 G: 1.6e-07
 Step:  720 E: -919.615983581624 G: 1.6e-07
 Step:  721 E: -919.615983581623 G: 1.6e-07
 Step:  722 E: -919.615983581624 G: 1.6e-07
 Step:  723 E: -919.615983581623 G: 1.5e-07
 Step:  724 E: -919.615983581624 G: 1.5e-07
 Step:  725 E: -919.615983581625 G: 1.5e-07
 Step:  726 E: -919.615983581624 G: 1.5e-07
 Step:  727 E: -919.615983581625 G: 1.4e-07
 Step:  728 E: -919.615983581623 G: 1.4e-07
 Step:  729 E: -919.615983581624 G: 1.4e-07
 Step:  730 E: -919.615983581624 G: 1.4e-07
 Step:  731 E: -919.615983581624 G: 1.4e-07
 Step:  732 E: -919.615983581624 G: 1.3e-07
 Step:  733 E: -919.615983581624 G: 1.3e-07
 Step:  734 E: -919.615983581624 G: 1.3e-07
 Step:  735 E: -919.615983581624 G: 1.3e-07
 Step:  736 E: -919.615983581624 G: 1.3e-07
 Step:  737 E: -919.615983581624 G: 1.2e-07
 Step:  738 E: -919.615983581623 G: 1.2e-07
 Step:  739 E: -919.615983581624 G: 1.2e-07
 Step:  740 E: -919.615983581624 G: 1.2e-07
 Step:  741 E: -919.615983581624 G: 1.2e-07
 Step:  742 E: -919.615983581624 G: 1.2e-07
 Step:  743 E: -919.615983581624 G: 1.1e-07
 Step:  744 E: -919.615983581624 G: 1.1e-07
 Step:  745 E: -919.615983581624 G: 1.1e-07
 Step:  746 E: -919.615983581625 G: 1.1e-07
 Step:  747 E: -919.615983581624 G: 1.1e-07
 Step:  748 E: -919.615983581624 G: 1.1e-07
 Step:  749 E: -919.615983581624 G: 1.0e-07
 Step:  750 E: -919.615983581624 G: 1.0e-07
 Step:  751 E: -919.615983581623 G: 1.0e-07
 Step:  752 E: -919.615983581623 G: 9.9e-08
 Step:  753 E: -919.615983581624 G: 9.8e-08
 Step:  754 E: -919.615983581624 G: 9.6e-08
 Step:  755 E: -919.615983581623 G: 9.5e-08
 Step:  756 E: -919.615983581623 G: 9.3e-08
 Step:  757 E: -919.615983581624 G: 9.2e-08
 Step:  758 E: -919.615983581624 G: 9.1e-08
 Step:  759 E: -919.615983581624 G: 8.9e-08
 Step:  760 E: -919.615983581624 G: 8.8e-08
 Step:  761 E: -919.615983581623 G: 8.7e-08
 Step:  762 E: -919.615983581623 G: 8.5e-08
 Step:  763 E: -919.615983581623 G: 8.4e-08
 Step:  764 E: -919.615983581624 G: 8.3e-08
 Step:  765 E: -919.615983581624 G: 8.2e-08
 Step:  766 E: -919.615983581624 G: 8.1e-08
 Step:  767 E: -919.615983581624 G: 7.9e-08
 Step:  768 E: -919.615983581624 G: 7.8e-08
 Step:  769 E: -919.615983581624 G: 7.7e-08
 Step:  770 E: -919.615983581623 G: 7.6e-08
 Step:  771 E: -919.615983581624 G: 7.5e-08
 Step:  772 E: -919.615983581624 G: 7.4e-08
 Step:  773 E: -919.615983581624 G: 7.3e-08
 Step:  774 E: -919.615983581624 G: 7.2e-08
 Step:  775 E: -919.615983581623 G: 7.1e-08
 Step:  776 E: -919.615983581624 G: 6.9e-08
 Step:  777 E: -919.615983581623 G: 6.8e-08
 Step:  778 E: -919.615983581624 G: 6.7e-08
 Step:  779 E: -919.615983581623 G: 6.6e-08
 Step:  780 E: -919.615983581624 G: 6.5e-08
 Step:  781 E: -919.615983581625 G: 6.5e-08
 Step:  782 E: -919.615983581624 G: 6.4e-08
 Step:  783 E: -919.615983581623 G: 6.3e-08
 Step:  784 E: -919.615983581624 G: 6.2e-08
 Step:  785 E: -919.615983581623 G: 6.1e-08
 Step:  786 E: -919.615983581624 G: 6.0e-08
 Step:  787 E: -919.615983581624 G: 5.9e-08
 Step:  788 E: -919.615983581624 G: 5.8e-08
 Step:  789 E: -919.615983581624 G: 5.7e-08
 Step:  790 E: -919.615983581624 G: 5.7e-08
 Step:  791 E: -919.615983581624 G: 5.6e-08
 Step:  792 E: -919.615983581624 G: 5.5e-08
 Step:  793 E: -919.615983581624 G: 5.4e-08
 Step:  794 E: -919.615983581624 G: 5.3e-08
 Step:  795 E: -919.615983581624 G: 5.3e-08
 Step:  796 E: -919.615983581624 G: 5.2e-08
 Step:  797 E: -919.615983581625 G: 5.1e-08
 Step:  798 E: -919.615983581623 G: 5.0e-08
 Step:  799 E: -919.615983581625 G: 5.0e-08
 Step:  800 E: -919.615983581624 G: 4.9e-08
263.079812 seconds (13.07 M allocations: 24.767 GiB, 1.26% gc time)
Solve OO-CMF with DIIS
 ooCMF Iter:    1 Total= -919.565425672748 G=    3.892e-01 #SS:    1
 ooCMF Iter:    2 Total= -919.613341941656 G=    8.778e-02 #SS:    2
 ooCMF Iter:    3 Total= -919.615341759910 G=    2.798e-02 #SS:    3
 ooCMF Iter:    4 Total= -919.615562848686 G=    1.629e-02 #SS:    4
 ooCMF Iter:    5 Total= -919.615644185524 G=    1.068e-02 #SS:    5
 ooCMF Iter:    6 Total= -919.615730461753 G=    1.037e-02 #SS:    6
 ooCMF Iter:    7 Total= -919.615748662188 G=    9.573e-03 #SS:    7
 ooCMF Iter:    8 Total= -919.615964160673 G=    3.903e-03 #SS:    8
 ooCMF Iter:    9 Total= -919.615980346232 G=    1.575e-03 #SS:    9
 ooCMF Iter:   10 Total= -919.615982443353 G=    1.071e-03 #SS:   10
 ooCMF Iter:   11 Total= -919.615982831158 G=    5.870e-04 #SS:   11
 ooCMF Iter:   12 Total= -919.615982981167 G=    5.371e-04 #SS:   12
 ooCMF Iter:   13 Total= -919.615983062049 G=    4.634e-04 #SS:   13
 ooCMF Iter:   14 Total= -919.615983469311 G=    2.694e-04 #SS:   14
 ooCMF Iter:   15 Total= -919.615983565960 G=    1.248e-04 #SS:   15
 ooCMF Iter:   16 Total= -919.615983576212 G=    4.750e-05 #SS:   16
 ooCMF Iter:   17 Total= -919.615983577241 G=    4.497e-05 #SS:   17
 ooCMF Iter:   18 Total= -919.615983577587 G=    4.053e-05 #SS:   18
 ooCMF Iter:   19 Total= -919.615983581431 G=    1.324e-05 #SS:   19
 ooCMF Iter:   20 Total= -919.615983581494 G=    1.091e-05 #SS:   20
 ooCMF Iter:   21 Total= -919.615983581560 G=    5.822e-06 #SS:   21
 ooCMF Iter:   22 Total= -919.615983581579 G=    3.803e-06 #SS:   22
 ooCMF Iter:   23 Total= -919.615983581581 G=    3.713e-06 #SS:   23
 ooCMF Iter:   24 Total= -919.615983581603 G=    2.914e-06 #SS:   24
 ooCMF Iter:   25 Total= -919.615983581607 G=    2.782e-06 #SS:   24
 ooCMF Iter:   26 Total= -919.615983581621 G=    9.780e-07 #SS:   24
 ooCMF Iter:   27 Total= -919.615983581622 G=    8.080e-07 #SS:   24
 ooCMF Iter:   28 Total= -919.615983581621 G=    7.862e-07 #SS:   24
 ooCMF Iter:   29 Total= -919.615983581622 G=    1.059e-06 #SS:   24
 ooCMF Iter:   30 Total= -919.615983581624 G=    3.560e-07 #SS:   24
 ooCMF Iter:   31 Total= -919.615983581624 G=    3.128e-07 #SS:   24
 ooCMF Iter:   32 Total= -919.615983581624 G=    1.997e-07 #SS:   24
 ooCMF Iter:   33 Total= -919.615983581623 G=    1.695e-07 #SS:   24
 ooCMF Iter:   34 Total= -919.615983581624 G=    1.642e-07 #SS:   24
 ooCMF Iter:   35 Total= -919.615983581624 G=    6.595e-08 #SS:   24
 ooCMF Iter:   36 Total= -919.615983581624 G=    2.839e-08 #SS:   24
 ooCMF Iter:   37 Total= -919.615983581624 G=    2.602e-08 #SS:   24
 ooCMF Iter:   38 Total= -919.615983581624 G=    2.076e-08 #SS:   24
 ooCMF Iter:   39 Total= -919.615983581624 G=    1.596e-08 #SS:   24
*ooCMF Iter:   40 Total= -919.615983581624 G=    6.340e-09 #SS:   24
 40.627747 seconds (12.92 M allocations: 3.602 GiB, 1.22% gc time)
 Solve OO-CMF with DIIS
 ooCMF Iter:    1 Total= -919.615951310510 G=    7.888e-03 #SS:    1
 ooCMF Iter:    2 Total= -919.615983055217 G=    1.443e-03 #SS:    2
 ooCMF Iter:    3 Total= -919.615983579413 G=    7.344e-05 #SS:    3
 ooCMF Iter:    4 Total= -919.615983581604 G=    7.270e-06 #SS:    4
 ooCMF Iter:    5 Total= -919.615983581624 G=    3.199e-07 #SS:    5
 ooCMF Iter:    6 Total= -919.615983581624 G=    2.031e-08 #SS:    6
*ooCMF Iter:    7 Total= -919.615983581624 G=    9.040e-10 #SS:    7
  7.973315 seconds (429.05 k allocations: 789.224 MiB, 1.01% gc time)
 Solve OO-CMF with DIIS
 ooCMF Iter:    1 Total= -919.615959939282 G=    6.213e-03 #SS:    1
 ooCMF Iter:    2 Total= -919.615982825485 G=    1.403e-03 #SS:    2
 ooCMF Iter:    3 Total= -919.615983523334 G=    2.145e-04 #SS:    3
 ooCMF Iter:    4 Total= -919.615983576545 G=    5.597e-05 #SS:    4
 ooCMF Iter:    5 Total= -919.615983581549 G=    8.213e-06 #SS:    5
 ooCMF Iter:    6 Total= -919.615983581623 G=    9.442e-07 #SS:    6
 ooCMF Iter:    7 Total= -919.615983581624 G=    7.888e-08 #SS:    7
*ooCMF Iter:    8 Total= -919.615983581623 G=    6.798e-09 #SS:    8
  9.234588 seconds (547.80 k allocations: 882.611 MiB, 1.01% gc time)
 Solve OO-CMF with newton
 Step:    1 E: -919.545755088494 G:     4.62e-01  
 Step:    2 E: -919.615959939282 G:     6.21e-03  
 Step:    3 E: -919.615983444820 G:     3.22e-04  
 Step:    4 E: -919.615983578890 G:     3.94e-05  
 Step:    5 E: -919.615983581569 G:     5.25e-06  
 Step:    6 E: -919.615983581623 G:     7.28e-07  
 Step:    7 E: -919.615983581624 G:     1.03e-07  
 Step:    8 E: -919.615983581624 G:     1.47e-08  
 Step:    9 E: -919.615983581624 G:     2.12e-09  
  5.465483 seconds (325.93 k allocations: 467.711 MiB)
 Solve OO-CMF with newton
 Step:    1 E: -919.545755088494 G:     4.62e-01  
 Step:    2 E: -919.615951310510 G:     7.89e-03  
 Step:    3 E: -919.615983494801 G:     1.77e-04  
 Step:    4 E: -919.615983580010 G:     2.32e-05  
 Step:    5 E: -919.615983581593 G:     3.23e-06  
 Step:    6 E: -919.615983581623 G:     4.49e-07  
 Step:    7 E: -919.615983581624 G:     6.25e-08  
 Step:    8 E: -919.615983581624 G:     8.69e-09  
  5.053682 seconds (241.87 k allocations: 420.603 MiB, 1.95% gc time)