IDX001:DIM4096:001|002|003|004|005|006|
IDX002:DIM4096:007|008|009|010|011|012|
IDX003:DIM4096:013|014|015|016|017|018|
IDX004:DIM4096:019|020|021|022|023|024|
 ooCMF Iter:    1 Total= -919.546261023109 Active= -46.001539919775 G=     4.63e-01
 ooCMF Iter:    2 Total= -919.613011886713 Active= -46.068290783380 G=     1.13e-01
 ooCMF Iter:    3 Total= -919.616106633785 Active= -46.071385530452 G=     2.48e-02
 ooCMF Iter:    4 Total= -919.616261296425 Active= -46.071540193092 G=     1.28e-02
 ooCMF Iter:    5 Total= -919.616452673744 Active= -46.071731570410 G=     1.96e-02
 ooCMF Iter:    6 Total= -919.616602083933 Active= -46.071880980600 G=     8.13e-03
 ooCMF Iter:    7 Total= -919.616618125634 Active= -46.071897022301 G=     2.75e-03
 ooCMF Iter:    8 Total= -919.616619876543 Active= -46.071898773209 G=     9.61e-04
 ooCMF Iter:    9 Total= -919.616620159366 Active= -46.071899056032 G=     5.53e-04
 ooCMF Iter:   10 Total= -919.616620340345 Active= -46.071899237012 G=     5.83e-04
 ooCMF Iter:   11 Total= -919.616620523397 Active= -46.071899420064 G=     5.17e-04
 ooCMF Iter:   12 Total= -919.616620598224 Active= -46.071899494891 G=     2.16e-04
 ooCMF Iter:   13 Total= -919.616620610067 Active= -46.071899506734 G=     7.54e-05
 ooCMF Iter:   14 Total= -919.616620611503 Active= -46.071899508169 G=     2.59e-05
 ooCMF Iter:   15 Total= -919.616620611839 Active= -46.071899508506 G=     2.41e-05
 ooCMF Iter:   16 Total= -919.616620612245 Active= -46.071899508912 G=     2.63e-05
 ooCMF Iter:   17 Total= -919.616620612473 Active= -46.071899509140 G=     1.26e-05
 ooCMF Iter:   18 Total= -919.616620612512 Active= -46.071899509179 G=     4.79e-06
 ooCMF Iter:   19 Total= -919.616620612519 Active= -46.071899509186 G=     2.55e-06
 ooCMF Iter:   20 Total= -919.616620612522 Active= -46.071899509189 G=     2.88e-06
 ooCMF Iter:   21 Total= -919.616620612528 Active= -46.071899509195 G=     2.90e-06
 ooCMF Iter:   22 Total= -919.616620612530 Active= -46.071899509197 G=     1.20e-06
 ooCMF Iter:   23 Total= -919.616620612532 Active= -46.071899509198 G=     6.10e-07
 ooCMF Iter:   24 Total= -919.616620612532 Active= -46.071899509198 G=     6.96e-07
 ooCMF Iter:   25 Total= -919.616620612532 Active= -46.071899509199 G=     4.91e-07
 ooCMF Iter:   26 Total= -919.616620612533 Active= -46.071899509199 G=     2.61e-07
 ooCMF Iter:   27 Total= -919.616620612532 Active= -46.071899509199 G=     1.12e-07
 ooCMF Iter:   28 Total= -919.616620612532 Active= -46.071899509198 G=     7.83e-08
 ooCMF Iter:   29 Total= -919.616620612533 Active= -46.071899509199 G=     9.14e-08
 ooCMF Iter:   30 Total= -919.616620612533 Active= -46.071899509199 G=     5.26e-08
 * Status: success

 * Candidate solution
    Final objective value:     -9.196166e+02

 * Found with
    Algorithm:     BFGS

 * Convergence measures
    |x - x'|               = 3.26e-08 ≰ 0.0e+00
    |x - x'|/|x'|          = 3.97e-07 ≰ 0.0e+00
    |f(x) - f(x')|         = 2.27e-13 ≰ 0.0e+00
    |f(x) - f(x')|/|f(x')| = 2.47e-16 ≰ 0.0e+00
    |g(x)|                 = 8.54e-09 ≤ 1.0e-08

 * Work counters
    Seconds run:   73  (vs limit Inf)
    Iterations:    29
    f(x) calls:    70
    ∇f(x) calls:   70

*ooCMF -919.61662061 
 74.820570 seconds (3.76 M allocations: 3.879 GiB, 0.73% gc time)
 ooCMF Iter:    1 Total= -919.546261023109 Active= -46.001539919775 G=     4.63e-01
 ooCMF Iter:    2 Total= -919.613009904294 Active= -46.068288800960 G=     1.13e-01
 ooCMF Iter:    3 Total= -919.616106706434 Active= -46.071385603101 G=     2.45e-02
 ooCMF Iter:    4 Total= -919.616261323841 Active= -46.071540220508 G=     1.26e-02
 ooCMF Iter:    5 Total= -919.616449879981 Active= -46.071728776648 G=     1.73e-02
 ooCMF Iter:    6 Total= -919.616602758712 Active= -46.071881655378 G=     7.74e-03
 ooCMF Iter:    7 Total= -919.616618525743 Active= -46.071897422410 G=     2.37e-03
 ooCMF Iter:    8 Total= -919.616619912506 Active= -46.071898809173 G=     7.39e-04
 ooCMF Iter:    9 Total= -919.616620120758 Active= -46.071899017425 G=     5.40e-04
 ooCMF Iter:   10 Total= -919.616620361153 Active= -46.071899257820 G=     5.62e-04
 ooCMF Iter:   11 Total= -919.616620560146 Active= -46.071899456813 G=     3.91e-04
 ooCMF Iter:   12 Total= -919.616620606675 Active= -46.071899503341 G=     1.25e-04
 ooCMF Iter:   13 Total= -919.616620610061 Active= -46.071899506727 G=     4.79e-05
 ooCMF Iter:   14 Total= -919.616620610884 Active= -46.071899507551 G=     3.17e-05
 ooCMF Iter:   15 Total= -919.616620611464 Active= -46.071899508131 G=     3.71e-05
 ooCMF Iter:   16 Total= -919.616620612214 Active= -46.071899508881 G=     2.97e-05
 ooCMF Iter:   17 Total= -919.616620612471 Active= -46.071899509137 G=     1.25e-05
 ooCMF Iter:   18 Total= -919.616620612484 Active= -46.071899509150 G=     1.26e-05
 ooCMF Iter:   19 Total= -919.616620612515 Active= -46.071899509181 G=     4.21e-06
 ooCMF Iter:   20 Total= -919.616620612517 Active= -46.071899509184 G=     2.90e-06
 ooCMF Iter:   21 Total= -919.616620612519 Active= -46.071899509186 G=     2.32e-06
 ooCMF Iter:   22 Total= -919.616620612524 Active= -46.071899509191 G=     3.15e-06
 ooCMF Iter:   23 Total= -919.616620612528 Active= -46.071899509195 G=     2.02e-06
 ooCMF Iter:   24 Total= -919.616620612530 Active= -46.071899509197 G=     1.64e-06
 ooCMF Iter:   25 Total= -919.616620612531 Active= -46.071899509197 G=     1.31e-06
 ooCMF Iter:   26 Total= -919.616620612532 Active= -46.071899509198 G=     6.22e-07
 ooCMF Iter:   27 Total= -919.616620612532 Active= -46.071899509198 G=     8.09e-07
 ooCMF Iter:   28 Total= -919.616620612532 Active= -46.071899509199 G=     8.35e-07
 ooCMF Iter:   29 Total= -919.616620612532 Active= -46.071899509198 G=     2.67e-07
 ooCMF Iter:   30 Total= -919.616620612532 Active= -46.071899509198 G=     1.49e-07
 ooCMF Iter:   31 Total= -919.616620612532 Active= -46.071899509199 G=     1.79e-07
 ooCMF Iter:   32 Total= -919.616620612532 Active= -46.071899509199 G=     1.17e-07
 ooCMF Iter:   33 Total= -919.616620612533 Active= -46.071899509199 G=     9.56e-08
 ooCMF Iter:   34 Total= -919.616620612532 Active= -46.071899509199 G=     4.02e-08
 * Status: success (objective increased between iterations)

 * Candidate solution
    Final objective value:     -9.196166e+02

 * Found with
    Algorithm:     Conjugate Gradient

 * Convergence measures
    |x - x'|               = 1.08e-08 ≰ 0.0e+00
    |x - x'|/|x'|          = 1.32e-07 ≰ 0.0e+00
    |f(x) - f(x')|         = 3.41e-13 ≰ 0.0e+00
    |f(x) - f(x')|/|f(x')| = 3.71e-16 ≰ 0.0e+00
    |g(x)|                 = 9.26e-09 ≤ 1.0e-08

 * Work counters
    Seconds run:   59  (vs limit Inf)
    Iterations:    33
    f(x) calls:    88
    ∇f(x) calls:   60

*ooCMF -919.61662061 
 60.821095 seconds (3.26 M allocations: 3.612 GiB, 0.81% gc time)
 Step:    1 E: -919.546261023109 G: 4.6e-01
 Step:    2 E: -919.565962788716 G: 3.9e-01
 Step:    3 E: -919.579940447839 G: 3.3e-01
 Step:    4 E: -919.589913124265 G: 2.8e-01
 Step:    5 E: -919.597067274183 G: 2.4e-01
 Step:    6 E: -919.602225808144 G: 2.0e-01
 Step:    7 E: -919.605962986571 G: 1.7e-01
 Step:    8 E: -919.608682170282 G: 1.5e-01
 Step:    9 E: -919.610668517398 G: 1.3e-01
 Step:   10 E: -919.612124866709 G: 1.1e-01
 Step:   11 E: -919.613196327358 G: 9.2e-02
 Step:   12 E: -919.613987249861 G: 7.9e-02
 Step:   13 E: -919.614573025466 G: 6.8e-02
 Step:   14 E: -919.615008349481 G: 5.9e-02
 Step:   15 E: -919.615333048379 G: 5.1e-02
 Step:   16 E: -919.615576215501 G: 4.4e-02
 Step:   17 E: -919.615759163727 G: 3.8e-02
 Step:   18 E: -919.615897544863 G: 3.4e-02
 Step:   19 E: -919.616002878243 G: 2.9e-02
 Step:   20 E: -919.616083657938 G: 2.6e-02
 Step:   21 E: -919.616146157799 G: 2.3e-02
 Step:   22 E: -919.616195018728 G: 2.0e-02
 Step:   23 E: -919.616233678351 G: 1.8e-02
 Step:   24 E: -919.616264686164 G: 1.6e-02
 Step:   25 E: -919.616289935212 G: 1.5e-02
 Step:   26 E: -919.616310832722 G: 1.4e-02
 Step:   27 E: -919.616328425982 G: 1.2e-02
 Step:   28 E: -919.616343495354 G: 1.2e-02
 Step:   29 E: -919.616356623071 G: 1.1e-02
 Step:   30 E: -919.616368244194 G: 1.0e-02
 Step:   31 E: -919.616378684371 G: 9.9e-03
 Step:   32 E: -919.616388187866 G: 9.4e-03
 Step:   33 E: -919.616396938358 G: 9.1e-03
 Step:   34 E: -919.616405074392 G: 8.8e-03
 Step:   35 E: -919.616412700874 G: 8.5e-03
 Step:   36 E: -919.616419897605 G: 8.3e-03
 Step:   37 E: -919.616426725647 G: 8.1e-03
 Step:   38 E: -919.616433232050 G: 7.9e-03
 Step:   39 E: -919.616439453377 G: 7.8e-03
 Step:   40 E: -919.616445418327 G: 7.6e-03
 Step:   41 E: -919.616451149698 G: 7.5e-03
 Step:   42 E: -919.616456665840 G: 7.3e-03
 Step:   43 E: -919.616461981747 G: 7.2e-03
 Step:   44 E: -919.616467109870 G: 7.1e-03
 Step:   45 E: -919.616472060720 G: 6.9e-03
 Step:   46 E: -919.616476843325 G: 6.8e-03
 Step:   47 E: -919.616481465569 G: 6.7e-03
 Step:   48 E: -919.616485934446 G: 6.6e-03
 Step:   49 E: -919.616490256251 G: 6.5e-03
 Step:   50 E: -919.616494436725 G: 6.4e-03
 Step:   51 E: -919.616498481157 G: 6.3e-03
 Step:   52 E: -919.616502394474 G: 6.2e-03
 Step:   53 E: -919.616506181297 G: 6.1e-03
 Step:   54 E: -919.616509845988 G: 6.0e-03
 Step:   55 E: -919.616513392694 G: 5.9e-03
 Step:   56 E: -919.616516825362 G: 5.8e-03
 Step:   57 E: -919.616520147770 G: 5.7e-03
 Step:   58 E: -919.616523363545 G: 5.6e-03
 Step:   59 E: -919.616526476167 G: 5.5e-03
 Step:   60 E: -919.616529488992 G: 5.4e-03
 Step:   61 E: -919.616532405251 G: 5.3e-03
 Step:   62 E: -919.616535228065 G: 5.2e-03
 Step:   63 E: -919.616537960443 G: 5.2e-03
 Step:   64 E: -919.616540605297 G: 5.1e-03
 Step:   65 E: -919.616543165438 G: 5.0e-03
 Step:   66 E: -919.616545643587 G: 4.9e-03
 Step:   67 E: -919.616548042373 G: 4.8e-03
 Step:   68 E: -919.616550364342 G: 4.8e-03
 Step:   69 E: -919.616552611956 G: 4.7e-03
 Step:   70 E: -919.616554787597 G: 4.6e-03
 Step:   71 E: -919.616556893572 G: 4.5e-03
 Step:   72 E: -919.616558932111 G: 4.5e-03
 Step:   73 E: -919.616560905375 G: 4.4e-03
 Step:   74 E: -919.616562815454 G: 4.3e-03
 Step:   75 E: -919.616564664372 G: 4.2e-03
 Step:   76 E: -919.616566454088 G: 4.2e-03
 Step:   77 E: -919.616568186497 G: 4.1e-03
 Step:   78 E: -919.616569863435 G: 4.0e-03
 Step:   79 E: -919.616571486677 G: 4.0e-03
 Step:   80 E: -919.616573057947 G: 3.9e-03
 Step:   81 E: -919.616574578905 G: 3.9e-03
 Step:   82 E: -919.616576051165 G: 3.8e-03
 Step:   83 E: -919.616577476286 G: 3.7e-03
 Step:   84 E: -919.616578855778 G: 3.7e-03
 Step:   85 E: -919.616580191102 G: 3.6e-03
 Step:   86 E: -919.616581483673 G: 3.6e-03
 Step:   87 E: -919.616582734861 G: 3.5e-03
 Step:   88 E: -919.616583945992 G: 3.4e-03
 Step:   89 E: -919.616585118349 G: 3.4e-03
 Step:   90 E: -919.616586253173 G: 3.3e-03
 Step:   91 E: -919.616587351667 G: 3.3e-03
 Step:   92 E: -919.616588414996 G: 3.2e-03
 Step:   93 E: -919.616589444285 G: 3.2e-03
 Step:   94 E: -919.616590440626 G: 3.1e-03
 Step:   95 E: -919.616591405074 G: 3.1e-03
 Step:   96 E: -919.616592338650 G: 3.0e-03
 Step:   97 E: -919.616593242343 G: 3.0e-03
 Step:   98 E: -919.616594117111 G: 2.9e-03
 Step:   99 E: -919.616594963882 G: 2.9e-03
 Step:  100 E: -919.616595783550 G: 2.8e-03
 Step:  101 E: -919.616596576986 G: 2.8e-03
 Step:  102 E: -919.616597345029 G: 2.7e-03
 Step:  103 E: -919.616598088493 G: 2.7e-03
 Step:  104 E: -919.616598808165 G: 2.7e-03
 Step:  105 E: -919.616599504808 G: 2.6e-03
 Step:  106 E: -919.616600179159 G: 2.6e-03
 Step:  107 E: -919.616600831932 G: 2.5e-03
 Step:  108 E: -919.616601463820 G: 2.5e-03
 Step:  109 E: -919.616602075490 G: 2.4e-03
 Step:  110 E: -919.616602667590 G: 2.4e-03
 Step:  111 E: -919.616603240747 G: 2.4e-03
 Step:  112 E: -919.616603795569 G: 2.3e-03
 Step:  113 E: -919.616604332642 G: 2.3e-03
 Step:  114 E: -919.616604852535 G: 2.3e-03
 Step:  115 E: -919.616605355798 G: 2.2e-03
 Step:  116 E: -919.616605842964 G: 2.2e-03
 Step:  117 E: -919.616606314549 G: 2.1e-03
 Step:  118 E: -919.616606771051 G: 2.1e-03
 Step:  119 E: -919.616607212953 G: 2.1e-03
 Step:  120 E: -919.616607640724 G: 2.0e-03
 Step:  121 E: -919.616608054816 G: 2.0e-03
 Step:  122 E: -919.616608455665 G: 2.0e-03
 Step:  123 E: -919.616608843698 G: 1.9e-03
 Step:  124 E: -919.616609219325 G: 1.9e-03
 Step:  125 E: -919.616609582942 G: 1.9e-03
 Step:  126 E: -919.616609934934 G: 1.9e-03
 Step:  127 E: -919.616610275673 G: 1.8e-03
 Step:  128 E: -919.616610605519 G: 1.8e-03
 Step:  129 E: -919.616610924822 G: 1.8e-03
 Step:  130 E: -919.616611233918 G: 1.7e-03
 Step:  131 E: -919.616611533137 G: 1.7e-03
 Step:  132 E: -919.616611822791 G: 1.7e-03
 Step:  133 E: -919.616612103188 G: 1.7e-03
 Step:  134 E: -919.616612374625 G: 1.6e-03
 Step:  135 E: -919.616612637388 G: 1.6e-03
 Step:  136 E: -919.616612891754 G: 1.6e-03
 Step:  137 E: -919.616613137993 G: 1.6e-03
 Step:  138 E: -919.616613376365 G: 1.5e-03
 Step:  139 E: -919.616613607121 G: 1.5e-03
 Step:  140 E: -919.616613830506 G: 1.5e-03
 Step:  141 E: -919.616614046754 G: 1.5e-03
 Step:  142 E: -919.616614256094 G: 1.4e-03
 Step:  143 E: -919.616614458748 G: 1.4e-03
 Step:  144 E: -919.616614654930 G: 1.4e-03
 Step:  145 E: -919.616614844845 G: 1.4e-03
 Step:  146 E: -919.616615028696 G: 1.3e-03
 Step:  147 E: -919.616615206676 G: 1.3e-03
 Step:  148 E: -919.616615378971 G: 1.3e-03
 Step:  149 E: -919.616615545766 G: 1.3e-03
 Step:  150 E: -919.616615707236 G: 1.3e-03
 Step:  151 E: -919.616615863550 G: 1.2e-03
 Step:  152 E: -919.616616014873 G: 1.2e-03
 Step:  153 E: -919.616616161365 G: 1.2e-03
 Step:  154 E: -919.616616303182 G: 1.2e-03
 Step:  155 E: -919.616616440473 G: 1.2e-03
 Step:  156 E: -919.616616573380 G: 1.1e-03
 Step:  157 E: -919.616616702047 G: 1.1e-03
 Step:  158 E: -919.616616826607 G: 1.1e-03
 Step:  159 E: -919.616616947191 G: 1.1e-03
 Step:  160 E: -919.616617063929 G: 1.1e-03
 Step:  161 E: -919.616617176941 G: 1.1e-03
 Step:  162 E: -919.616617286348 G: 1.0e-03
 Step:  163 E: -919.616617392264 G: 1.0e-03
 Step:  164 E: -919.616617494801 G: 1.0e-03
 Step:  165 E: -919.616617594067 G: 9.8e-04
 Step:  166 E: -919.616617690166 G: 9.7e-04
 Step:  167 E: -919.616617783201 G: 9.5e-04
 Step:  168 E: -919.616617873268 G: 9.4e-04
 Step:  169 E: -919.616617960463 G: 9.2e-04
 Step:  170 E: -919.616618044877 G: 9.1e-04
 Step:  171 E: -919.616618126598 G: 8.9e-04
 Step:  172 E: -919.616618205715 G: 8.8e-04
 Step:  173 E: -919.616618282308 G: 8.6e-04
 Step:  174 E: -919.616618356460 G: 8.5e-04
 Step:  175 E: -919.616618428247 G: 8.4e-04
 Step:  176 E: -919.616618497746 G: 8.2e-04
 Step:  177 E: -919.616618565030 G: 8.1e-04
 Step:  178 E: -919.616618630168 G: 8.0e-04
 Step:  179 E: -919.616618693232 G: 7.8e-04
 Step:  180 E: -919.616618754284 G: 7.7e-04
 Step:  181 E: -919.616618813391 G: 7.6e-04
 Step:  182 E: -919.616618870615 G: 7.5e-04
 Step:  183 E: -919.616618926015 G: 7.4e-04
 Step:  184 E: -919.616618979649 G: 7.2e-04
 Step:  185 E: -919.616619031576 G: 7.1e-04
 Step:  186 E: -919.616619081846 G: 7.0e-04
 Step:  187 E: -919.616619130516 G: 6.9e-04
 Step:  188 E: -919.616619177636 G: 6.8e-04
 Step:  189 E: -919.616619223255 G: 6.7e-04
 Step:  190 E: -919.616619267420 G: 6.6e-04
 Step:  191 E: -919.616619310180 G: 6.5e-04
 Step:  192 E: -919.616619351577 G: 6.4e-04
 Step:  193 E: -919.616619391656 G: 6.3e-04
 Step:  194 E: -919.616619430458 G: 6.2e-04
 Step:  195 E: -919.616619468025 G: 6.1e-04
 Step:  196 E: -919.616619504397 G: 6.0e-04
 Step:  197 E: -919.616619539609 G: 5.9e-04
 Step:  198 E: -919.616619573701 G: 5.8e-04
 Step:  199 E: -919.616619606708 G: 5.7e-04
 Step:  200 E: -919.616619638664 G: 5.6e-04
 Step:  201 E: -919.616619669602 G: 5.5e-04
 Step:  202 E: -919.616619699557 G: 5.4e-04
 Step:  203 E: -919.616619728557 G: 5.3e-04
 Step:  204 E: -919.616619756635 G: 5.2e-04
 Step:  205 E: -919.616619783819 G: 5.2e-04
 Step:  206 E: -919.616619810138 G: 5.1e-04
 Step:  207 E: -919.616619835621 G: 5.0e-04
 Step:  208 E: -919.616619860292 G: 4.9e-04
 Step:  209 E: -919.616619884179 G: 4.8e-04
 Step:  210 E: -919.616619907304 G: 4.8e-04
 Step:  211 E: -919.616619929696 G: 4.7e-04
 Step:  212 E: -919.616619951374 G: 4.6e-04
 Step:  213 E: -919.616619972363 G: 4.5e-04
 Step:  214 E: -919.616619992685 G: 4.5e-04
 Step:  215 E: -919.616620012360 G: 4.4e-04
 Step:  216 E: -919.616620031409 G: 4.3e-04
 Step:  217 E: -919.616620049853 G: 4.2e-04
 Step:  218 E: -919.616620067710 G: 4.2e-04
 Step:  219 E: -919.616620085000 G: 4.1e-04
 Step:  220 E: -919.616620101740 G: 4.0e-04
 Step:  221 E: -919.616620117948 G: 4.0e-04
 Step:  222 E: -919.616620133639 G: 3.9e-04
 Step:  223 E: -919.616620148833 G: 3.9e-04
 Step:  224 E: -919.616620163544 G: 3.8e-04
 Step:  225 E: -919.616620177787 G: 3.7e-04
 Step:  226 E: -919.616620191578 G: 3.7e-04
 Step:  227 E: -919.616620204930 G: 3.6e-04
 Step:  228 E: -919.616620217858 G: 3.6e-04
 Step:  229 E: -919.616620230375 G: 3.5e-04
 Step:  230 E: -919.616620242496 G: 3.4e-04
 Step:  231 E: -919.616620254229 G: 3.4e-04
 Step:  232 E: -919.616620265591 G: 3.3e-04
 Step:  233 E: -919.616620276592 G: 3.3e-04
 Step:  234 E: -919.616620287243 G: 3.2e-04
 Step:  235 E: -919.616620297556 G: 3.2e-04
 Step:  236 E: -919.616620307542 G: 3.1e-04
 Step:  237 E: -919.616620317209 G: 3.1e-04
 Step:  238 E: -919.616620326571 G: 3.0e-04
 Step:  239 E: -919.616620335635 G: 3.0e-04
 Step:  240 E: -919.616620344411 G: 2.9e-04
 Step:  241 E: -919.616620352909 G: 2.9e-04
 Step:  242 E: -919.616620361136 G: 2.8e-04
 Step:  243 E: -919.616620369102 G: 2.8e-04
 Step:  244 E: -919.616620376816 G: 2.7e-04
 Step:  245 E: -919.616620384285 G: 2.7e-04
 Step:  246 E: -919.616620391516 G: 2.7e-04
 Step:  247 E: -919.616620398518 G: 2.6e-04
 Step:  248 E: -919.616620405298 G: 2.6e-04
 Step:  249 E: -919.616620411863 G: 2.5e-04
 Step:  250 E: -919.616620418220 G: 2.5e-04
 Step:  251 E: -919.616620424374 G: 2.5e-04
 Step:  252 E: -919.616620430334 G: 2.4e-04
 Step:  253 E: -919.616620436104 G: 2.4e-04
 Step:  254 E: -919.616620441691 G: 2.3e-04
 Step:  255 E: -919.616620447101 G: 2.3e-04
 Step:  256 E: -919.616620452339 G: 2.3e-04
 Step:  257 E: -919.616620457412 G: 2.2e-04
 Step:  258 E: -919.616620462323 G: 2.2e-04
 Step:  259 E: -919.616620467078 G: 2.2e-04
 Step:  260 E: -919.616620471683 G: 2.1e-04
 Step:  261 E: -919.616620476142 G: 2.1e-04
 Step:  262 E: -919.616620480460 G: 2.1e-04
 Step:  263 E: -919.616620484639 G: 2.0e-04
 Step:  264 E: -919.616620488687 G: 2.0e-04
 Step:  265 E: -919.616620492606 G: 2.0e-04
 Step:  266 E: -919.616620496402 G: 1.9e-04
 Step:  267 E: -919.616620500077 G: 1.9e-04
 Step:  268 E: -919.616620503635 G: 1.9e-04
 Step:  269 E: -919.616620507081 G: 1.8e-04
 Step:  270 E: -919.616620510417 G: 1.8e-04
 Step:  271 E: -919.616620513649 G: 1.8e-04
 Step:  272 E: -919.616620516776 G: 1.7e-04
 Step:  273 E: -919.616620519806 G: 1.7e-04
 Step:  274 E: -919.616620522739 G: 1.7e-04
 Step:  275 E: -919.616620525579 G: 1.7e-04
 Step:  276 E: -919.616620528329 G: 1.6e-04
 Step:  277 E: -919.616620530993 G: 1.6e-04
 Step:  278 E: -919.616620533571 G: 1.6e-04
 Step:  279 E: -919.616620536068 G: 1.6e-04
 Step:  280 E: -919.616620538486 G: 1.5e-04
 Step:  281 E: -919.616620540827 G: 1.5e-04
 Step:  282 E: -919.616620543095 G: 1.5e-04
 Step:  283 E: -919.616620545290 G: 1.5e-04
 Step:  284 E: -919.616620547416 G: 1.4e-04
 Step:  285 E: -919.616620549474 G: 1.4e-04
 Step:  286 E: -919.616620551467 G: 1.4e-04
 Step:  287 E: -919.616620553397 G: 1.4e-04
 Step:  288 E: -919.616620555266 G: 1.4e-04
 Step:  289 E: -919.616620557077 G: 1.3e-04
 Step:  290 E: -919.616620558830 G: 1.3e-04
 Step:  291 E: -919.616620560527 G: 1.3e-04
 Step:  292 E: -919.616620562169 G: 1.3e-04
 Step:  293 E: -919.616620563760 G: 1.2e-04
 Step:  294 E: -919.616620565302 G: 1.2e-04
 Step:  295 E: -919.616620566794 G: 1.2e-04
 Step:  296 E: -919.616620568239 G: 1.2e-04
 Step:  297 E: -919.616620569639 G: 1.2e-04
 Step:  298 E: -919.616620570993 G: 1.2e-04
 Step:  299 E: -919.616620572306 G: 1.1e-04
 Step:  300 E: -919.616620573576 G: 1.1e-04
 Step:  301 E: -919.616620574807 G: 1.1e-04
 Step:  302 E: -919.616620575998 G: 1.1e-04
 Step:  303 E: -919.616620577151 G: 1.1e-04
 Step:  304 E: -919.616620578270 G: 1.0e-04
 Step:  305 E: -919.616620579352 G: 1.0e-04
 Step:  306 E: -919.616620580399 G: 1.0e-04
 Step:  307 E: -919.616620581414 G: 1.0e-04
 Step:  308 E: -919.616620582396 G: 9.8e-05
 Step:  309 E: -919.616620583347 G: 9.6e-05
 Step:  310 E: -919.616620584268 G: 9.5e-05
 Step:  311 E: -919.616620585161 G: 9.3e-05
 Step:  312 E: -919.616620586025 G: 9.2e-05
 Step:  313 E: -919.616620586861 G: 9.0e-05
 Step:  314 E: -919.616620587672 G: 8.9e-05
 Step:  315 E: -919.616620588457 G: 8.8e-05
 Step:  316 E: -919.616620589215 G: 8.6e-05
 Step:  317 E: -919.616620589952 G: 8.5e-05
 Step:  318 E: -919.616620590664 G: 8.3e-05
 Step:  319 E: -919.616620591355 G: 8.2e-05
 Step:  320 E: -919.616620592023 G: 8.1e-05
 Step:  321 E: -919.616620592669 G: 7.9e-05
 Step:  322 E: -919.616620593296 G: 7.8e-05
 Step:  323 E: -919.616620593904 G: 7.7e-05
 Step:  324 E: -919.616620594491 G: 7.6e-05
 Step:  325 E: -919.616620595060 G: 7.5e-05
 Step:  326 E: -919.616620595611 G: 7.3e-05
 Step:  327 E: -919.616620596145 G: 7.2e-05
 Step:  328 E: -919.616620596661 G: 7.1e-05
 Step:  329 E: -919.616620597162 G: 7.0e-05
 Step:  330 E: -919.616620597647 G: 6.9e-05
 Step:  331 E: -919.616620598117 G: 6.8e-05
 Step:  332 E: -919.616620598571 G: 6.7e-05
 Step:  333 E: -919.616620599011 G: 6.6e-05
 Step:  334 E: -919.616620599437 G: 6.5e-05
 Step:  335 E: -919.616620599850 G: 6.3e-05
 Step:  336 E: -919.616620600250 G: 6.2e-05
 Step:  337 E: -919.616620600637 G: 6.1e-05
 Step:  338 E: -919.616620601012 G: 6.1e-05
 Step:  339 E: -919.616620601375 G: 6.0e-05
 Step:  340 E: -919.616620601726 G: 5.9e-05
 Step:  341 E: -919.616620602067 G: 5.8e-05
 Step:  342 E: -919.616620602397 G: 5.7e-05
 Step:  343 E: -919.616620602716 G: 5.6e-05
 Step:  344 E: -919.616620603026 G: 5.5e-05
 Step:  345 E: -919.616620603325 G: 5.4e-05
 Step:  346 E: -919.616620603616 G: 5.3e-05
 Step:  347 E: -919.616620603897 G: 5.2e-05
 Step:  348 E: -919.616620604168 G: 5.2e-05
 Step:  349 E: -919.616620604432 G: 5.1e-05
 Step:  350 E: -919.616620604688 G: 5.0e-05
 Step:  351 E: -919.616620604934 G: 4.9e-05
 Step:  352 E: -919.616620605173 G: 4.8e-05
 Step:  353 E: -919.616620605406 G: 4.8e-05
 Step:  354 E: -919.616620605630 G: 4.7e-05
 Step:  355 E: -919.616620605848 G: 4.6e-05
 Step:  356 E: -919.616620606058 G: 4.5e-05
 Step:  357 E: -919.616620606261 G: 4.5e-05
 Step:  358 E: -919.616620606459 G: 4.4e-05
 Step:  359 E: -919.616620606651 G: 4.3e-05
 Step:  360 E: -919.616620606835 G: 4.3e-05
 Step:  361 E: -919.616620607015 G: 4.2e-05
 Step:  362 E: -919.616620607188 G: 4.1e-05
 Step:  363 E: -919.616620607357 G: 4.1e-05
 Step:  364 E: -919.616620607520 G: 4.0e-05
 Step:  365 E: -919.616620607678 G: 3.9e-05
 Step:  366 E: -919.616620607830 G: 3.9e-05
 Step:  367 E: -919.616620607978 G: 3.8e-05
 Step:  368 E: -919.616620608121 G: 3.7e-05
 Step:  369 E: -919.616620608261 G: 3.7e-05
 Step:  370 E: -919.616620608395 G: 3.6e-05
 Step:  371 E: -919.616620608525 G: 3.6e-05
 Step:  372 E: -919.616620608651 G: 3.5e-05
 Step:  373 E: -919.616620608774 G: 3.5e-05
 Step:  374 E: -919.616620608892 G: 3.4e-05
 Step:  375 E: -919.616620609006 G: 3.3e-05
 Step:  376 E: -919.616620609117 G: 3.3e-05
 Step:  377 E: -919.616620609224 G: 3.2e-05
 Step:  378 E: -919.616620609329 G: 3.2e-05
 Step:  379 E: -919.616620609429 G: 3.1e-05
 Step:  380 E: -919.616620609527 G: 3.1e-05
 Step:  381 E: -919.616620609622 G: 3.0e-05
 Step:  382 E: -919.616620609713 G: 3.0e-05
 Step:  383 E: -919.616620609802 G: 2.9e-05
 Step:  384 E: -919.616620609888 G: 2.9e-05
 Step:  385 E: -919.616620609970 G: 2.8e-05
 Step:  386 E: -919.616620610051 G: 2.8e-05
 Step:  387 E: -919.616620610129 G: 2.8e-05
 Step:  388 E: -919.616620610205 G: 2.7e-05
 Step:  389 E: -919.616620610277 G: 2.7e-05
 Step:  390 E: -919.616620610349 G: 2.6e-05
 Step:  391 E: -919.616620610417 G: 2.6e-05
 Step:  392 E: -919.616620610483 G: 2.5e-05
 Step:  393 E: -919.616620610549 G: 2.5e-05
 Step:  394 E: -919.616620610611 G: 2.5e-05
 Step:  395 E: -919.616620610671 G: 2.4e-05
 Step:  396 E: -919.616620610729 G: 2.4e-05
 Step:  397 E: -919.616620610786 G: 2.4e-05
 Step:  398 E: -919.616620610841 G: 2.3e-05
 Step:  399 E: -919.616620610894 G: 2.3e-05
 Step:  400 E: -919.616620610946 G: 2.2e-05
 Step:  401 E: -919.616620610996 G: 2.2e-05
 Step:  402 E: -919.616620611044 G: 2.2e-05
 Step:  403 E: -919.616620611090 G: 2.1e-05
 Step:  404 E: -919.616620611136 G: 2.1e-05
 Step:  405 E: -919.616620611180 G: 2.1e-05
 Step:  406 E: -919.616620611222 G: 2.0e-05
 Step:  407 E: -919.616620611264 G: 2.0e-05
 Step:  408 E: -919.616620611303 G: 2.0e-05
 Step:  409 E: -919.616620611342 G: 1.9e-05
 Step:  410 E: -919.616620611380 G: 1.9e-05
 Step:  411 E: -919.616620611416 G: 1.9e-05
 Step:  412 E: -919.616620611450 G: 1.9e-05
 Step:  413 E: -919.616620611485 G: 1.8e-05
 Step:  414 E: -919.616620611517 G: 1.8e-05
 Step:  415 E: -919.616620611549 G: 1.8e-05
 Step:  416 E: -919.616620611580 G: 1.7e-05
 Step:  417 E: -919.616620611610 G: 1.7e-05
 Step:  418 E: -919.616620611639 G: 1.7e-05
 Step:  419 E: -919.616620611667 G: 1.7e-05
 Step:  420 E: -919.616620611694 G: 1.6e-05
 Step:  421 E: -919.616620611721 G: 1.6e-05
 Step:  422 E: -919.616620611746 G: 1.6e-05
 Step:  423 E: -919.616620611770 G: 1.6e-05
 Step:  424 E: -919.616620611795 G: 1.5e-05
 Step:  425 E: -919.616620611817 G: 1.5e-05
 Step:  426 E: -919.616620611840 G: 1.5e-05
 Step:  427 E: -919.616620611862 G: 1.5e-05
 Step:  428 E: -919.616620611883 G: 1.4e-05
 Step:  429 E: -919.616620611904 G: 1.4e-05
 Step:  430 E: -919.616620611923 G: 1.4e-05
 Step:  431 E: -919.616620611942 G: 1.4e-05
 Step:  432 E: -919.616620611960 G: 1.3e-05
 Step:  433 E: -919.616620611979 G: 1.3e-05
 Step:  434 E: -919.616620611996 G: 1.3e-05
 Step:  435 E: -919.616620612013 G: 1.3e-05
 Step:  436 E: -919.616620612029 G: 1.3e-05
 Step:  437 E: -919.616620612045 G: 1.2e-05
 Step:  438 E: -919.616620612061 G: 1.2e-05
 Step:  439 E: -919.616620612075 G: 1.2e-05
 Step:  440 E: -919.616620612089 G: 1.2e-05
 Step:  441 E: -919.616620612103 G: 1.2e-05
 Step:  442 E: -919.616620612117 G: 1.1e-05
 Step:  443 E: -919.616620612130 G: 1.1e-05
 Step:  444 E: -919.616620612143 G: 1.1e-05
 Step:  445 E: -919.616620612154 G: 1.1e-05
 Step:  446 E: -919.616620612167 G: 1.1e-05
 Step:  447 E: -919.616620612178 G: 1.1e-05
 Step:  448 E: -919.616620612189 G: 1.0e-05
 Step:  449 E: -919.616620612200 G: 1.0e-05
 Step:  450 E: -919.616620612210 G: 1.0e-05
 Step:  451 E: -919.616620612220 G: 9.9e-06
 Step:  452 E: -919.616620612229 G: 9.8e-06
 Step:  453 E: -919.616620612240 G: 9.6e-06
 Step:  454 E: -919.616620612249 G: 9.5e-06
 Step:  455 E: -919.616620612257 G: 9.3e-06
 Step:  456 E: -919.616620612267 G: 9.2e-06
 Step:  457 E: -919.616620612275 G: 9.0e-06
 Step:  458 E: -919.616620612283 G: 8.9e-06
 Step:  459 E: -919.616620612290 G: 8.7e-06
 Step:  460 E: -919.616620612299 G: 8.6e-06
 Step:  461 E: -919.616620612304 G: 8.5e-06
 Step:  462 E: -919.616620612312 G: 8.3e-06
 Step:  463 E: -919.616620612320 G: 8.2e-06
 Step:  464 E: -919.616620612326 G: 8.1e-06
 Step:  465 E: -919.616620612332 G: 7.9e-06
 Step:  466 E: -919.616620612339 G: 7.8e-06
 Step:  467 E: -919.616620612344 G: 7.7e-06
 Step:  468 E: -919.616620612351 G: 7.6e-06
 Step:  469 E: -919.616620612357 G: 7.5e-06
 Step:  470 E: -919.616620612363 G: 7.3e-06
 Step:  471 E: -919.616620612367 G: 7.2e-06
 Step:  472 E: -919.616620612372 G: 7.1e-06
 Step:  473 E: -919.616620612377 G: 7.0e-06
 Step:  474 E: -919.616620612382 G: 6.9e-06
 Step:  475 E: -919.616620612387 G: 6.8e-06
 Step:  476 E: -919.616620612392 G: 6.7e-06
 Step:  477 E: -919.616620612396 G: 6.6e-06
 Step:  478 E: -919.616620612400 G: 6.5e-06
 Step:  479 E: -919.616620612405 G: 6.4e-06
 Step:  480 E: -919.616620612409 G: 6.3e-06
 Step:  481 E: -919.616620612412 G: 6.2e-06
 Step:  482 E: -919.616620612416 G: 6.1e-06
 Step:  483 E: -919.616620612420 G: 6.0e-06
 Step:  484 E: -919.616620612423 G: 5.9e-06
 Step:  485 E: -919.616620612427 G: 5.8e-06
 Step:  486 E: -919.616620612430 G: 5.7e-06
 Step:  487 E: -919.616620612433 G: 5.6e-06
 Step:  488 E: -919.616620612436 G: 5.5e-06
 Step:  489 E: -919.616620612439 G: 5.4e-06
 Step:  490 E: -919.616620612443 G: 5.3e-06
 Step:  491 E: -919.616620612445 G: 5.3e-06
 Step:  492 E: -919.616620612447 G: 5.2e-06
 Step:  493 E: -919.616620612451 G: 5.1e-06
 Step:  494 E: -919.616620612453 G: 5.0e-06
 Step:  495 E: -919.616620612456 G: 4.9e-06
 Step:  496 E: -919.616620612458 G: 4.8e-06
 Step:  497 E: -919.616620612460 G: 4.8e-06
 Step:  498 E: -919.616620612463 G: 4.7e-06
 Step:  499 E: -919.616620612464 G: 4.6e-06
 Step:  500 E: -919.616620612467 G: 4.5e-06
 Step:  501 E: -919.616620612469 G: 4.5e-06
 Step:  502 E: -919.616620612471 G: 4.4e-06
 Step:  503 E: -919.616620612473 G: 4.3e-06
 Step:  504 E: -919.616620612475 G: 4.3e-06
 Step:  505 E: -919.616620612476 G: 4.2e-06
 Step:  506 E: -919.616620612478 G: 4.1e-06
 Step:  507 E: -919.616620612480 G: 4.1e-06
 Step:  508 E: -919.616620612481 G: 4.0e-06
 Step:  509 E: -919.616620612484 G: 3.9e-06
 Step:  510 E: -919.616620612484 G: 3.9e-06
 Step:  511 E: -919.616620612486 G: 3.8e-06
 Step:  512 E: -919.616620612487 G: 3.8e-06
 Step:  513 E: -919.616620612489 G: 3.7e-06
 Step:  514 E: -919.616620612490 G: 3.6e-06
 Step:  515 E: -919.616620612492 G: 3.6e-06
 Step:  516 E: -919.616620612493 G: 3.5e-06
 Step:  517 E: -919.616620612494 G: 3.5e-06
 Step:  518 E: -919.616620612495 G: 3.4e-06
 Step:  519 E: -919.616620612496 G: 3.4e-06
 Step:  520 E: -919.616620612498 G: 3.3e-06
 Step:  521 E: -919.616620612498 G: 3.3e-06
 Step:  522 E: -919.616620612500 G: 3.2e-06
 Step:  523 E: -919.616620612501 G: 3.2e-06
 Step:  524 E: -919.616620612502 G: 3.1e-06
 Step:  525 E: -919.616620612503 G: 3.1e-06
 Step:  526 E: -919.616620612504 G: 3.0e-06
 Step:  527 E: -919.616620612504 G: 3.0e-06
 Step:  528 E: -919.616620612506 G: 2.9e-06
 Step:  529 E: -919.616620612506 G: 2.9e-06
 Step:  530 E: -919.616620612507 G: 2.8e-06
 Step:  531 E: -919.616620612508 G: 2.8e-06
 Step:  532 E: -919.616620612509 G: 2.7e-06
 Step:  533 E: -919.616620612509 G: 2.7e-06
 Step:  534 E: -919.616620612510 G: 2.7e-06
 Step:  535 E: -919.616620612511 G: 2.6e-06
 Step:  536 E: -919.616620612512 G: 2.6e-06
 Step:  537 E: -919.616620612512 G: 2.5e-06
 Step:  538 E: -919.616620612513 G: 2.5e-06
 Step:  539 E: -919.616620612513 G: 2.4e-06
 Step:  540 E: -919.616620612514 G: 2.4e-06
 Step:  541 E: -919.616620612514 G: 2.4e-06
 Step:  542 E: -919.616620612515 G: 2.3e-06
 Step:  543 E: -919.616620612515 G: 2.3e-06
 Step:  544 E: -919.616620612516 G: 2.3e-06
 Step:  545 E: -919.616620612516 G: 2.2e-06
 Step:  546 E: -919.616620612517 G: 2.2e-06
 Step:  547 E: -919.616620612517 G: 2.2e-06
 Step:  548 E: -919.616620612518 G: 2.1e-06
 Step:  549 E: -919.616620612518 G: 2.1e-06
 Step:  550 E: -919.616620612519 G: 2.1e-06
 Step:  551 E: -919.616620612519 G: 2.0e-06
 Step:  552 E: -919.616620612519 G: 2.0e-06
 Step:  553 E: -919.616620612520 G: 2.0e-06
 Step:  554 E: -919.616620612520 G: 1.9e-06
 Step:  555 E: -919.616620612521 G: 1.9e-06
 Step:  556 E: -919.616620612521 G: 1.9e-06
 Step:  557 E: -919.616620612522 G: 1.8e-06
 Step:  558 E: -919.616620612522 G: 1.8e-06
 Step:  559 E: -919.616620612523 G: 1.8e-06
 Step:  560 E: -919.616620612523 G: 1.8e-06
 Step:  561 E: -919.616620612523 G: 1.7e-06
 Step:  562 E: -919.616620612523 G: 1.7e-06
 Step:  563 E: -919.616620612523 G: 1.7e-06
 Step:  564 E: -919.616620612523 G: 1.6e-06
 Step:  565 E: -919.616620612524 G: 1.6e-06
 Step:  566 E: -919.616620612524 G: 1.6e-06
 Step:  567 E: -919.616620612525 G: 1.6e-06
 Step:  568 E: -919.616620612525 G: 1.5e-06
 Step:  569 E: -919.616620612525 G: 1.5e-06
 Step:  570 E: -919.616620612525 G: 1.5e-06
 Step:  571 E: -919.616620612525 G: 1.5e-06
 Step:  572 E: -919.616620612526 G: 1.5e-06
 Step:  573 E: -919.616620612526 G: 1.4e-06
 Step:  574 E: -919.616620612527 G: 1.4e-06
 Step:  575 E: -919.616620612526 G: 1.4e-06
 Step:  576 E: -919.616620612526 G: 1.4e-06
 Step:  577 E: -919.616620612526 G: 1.3e-06
 Step:  578 E: -919.616620612526 G: 1.3e-06
 Step:  579 E: -919.616620612527 G: 1.3e-06
 Step:  580 E: -919.616620612527 G: 1.3e-06
 Step:  581 E: -919.616620612527 G: 1.3e-06
 Step:  582 E: -919.616620612527 G: 1.2e-06
 Step:  583 E: -919.616620612527 G: 1.2e-06
 Step:  584 E: -919.616620612528 G: 1.2e-06
 Step:  585 E: -919.616620612529 G: 1.2e-06
 Step:  586 E: -919.616620612527 G: 1.2e-06
 Step:  587 E: -919.616620612528 G: 1.1e-06
 Step:  588 E: -919.616620612528 G: 1.1e-06
 Step:  589 E: -919.616620612529 G: 1.1e-06
 Step:  590 E: -919.616620612528 G: 1.1e-06
 Step:  591 E: -919.616620612529 G: 1.1e-06
 Step:  592 E: -919.616620612529 G: 1.1e-06
 Step:  593 E: -919.616620612529 G: 1.0e-06
 Step:  594 E: -919.616620612529 G: 1.0e-06
 Step:  595 E: -919.616620612530 G: 1.0e-06
 Step:  596 E: -919.616620612529 G: 9.9e-07
 Step:  597 E: -919.616620612529 G: 9.8e-07
 Step:  598 E: -919.616620612529 G: 9.6e-07
 Step:  599 E: -919.616620612530 G: 9.5e-07
 Step:  600 E: -919.616620612529 G: 9.3e-07
 Step:  601 E: -919.616620612529 G: 9.2e-07
 Step:  602 E: -919.616620612529 G: 9.0e-07
 Step:  603 E: -919.616620612530 G: 8.9e-07
 Step:  604 E: -919.616620612529 G: 8.7e-07
 Step:  605 E: -919.616620612530 G: 8.6e-07
 Step:  606 E: -919.616620612531 G: 8.5e-07
 Step:  607 E: -919.616620612530 G: 8.3e-07
 Step:  608 E: -919.616620612531 G: 8.2e-07
 Step:  609 E: -919.616620612530 G: 8.1e-07
 Step:  610 E: -919.616620612530 G: 7.9e-07
 Step:  611 E: -919.616620612531 G: 7.8e-07
 Step:  612 E: -919.616620612530 G: 7.7e-07
 Step:  613 E: -919.616620612530 G: 7.6e-07
 Step:  614 E: -919.616620612531 G: 7.5e-07
 Step:  615 E: -919.616620612531 G: 7.3e-07
 Step:  616 E: -919.616620612530 G: 7.2e-07
 Step:  617 E: -919.616620612531 G: 7.1e-07
 Step:  618 E: -919.616620612531 G: 7.0e-07
 Step:  619 E: -919.616620612531 G: 6.9e-07
 Step:  620 E: -919.616620612531 G: 6.8e-07
 Step:  621 E: -919.616620612531 G: 6.7e-07
 Step:  622 E: -919.616620612531 G: 6.6e-07
 Step:  623 E: -919.616620612531 G: 6.5e-07
 Step:  624 E: -919.616620612531 G: 6.4e-07
 Step:  625 E: -919.616620612531 G: 6.3e-07
 Step:  626 E: -919.616620612531 G: 6.2e-07
 Step:  627 E: -919.616620612531 G: 6.1e-07
 Step:  628 E: -919.616620612532 G: 6.0e-07
 Step:  629 E: -919.616620612531 G: 5.9e-07
 Step:  630 E: -919.616620612531 G: 5.8e-07
 Step:  631 E: -919.616620612532 G: 5.7e-07
 Step:  632 E: -919.616620612532 G: 5.6e-07
 Step:  633 E: -919.616620612531 G: 5.5e-07
 Step:  634 E: -919.616620612531 G: 5.4e-07
 Step:  635 E: -919.616620612531 G: 5.4e-07
 Step:  636 E: -919.616620612531 G: 5.3e-07
 Step:  637 E: -919.616620612532 G: 5.2e-07
 Step:  638 E: -919.616620612531 G: 5.1e-07
 Step:  639 E: -919.616620612532 G: 5.0e-07
 Step:  640 E: -919.616620612531 G: 4.9e-07
 Step:  641 E: -919.616620612531 G: 4.9e-07
 Step:  642 E: -919.616620612532 G: 4.8e-07
 Step:  643 E: -919.616620612532 G: 4.7e-07
 Step:  644 E: -919.616620612531 G: 4.6e-07
 Step:  645 E: -919.616620612532 G: 4.6e-07
 Step:  646 E: -919.616620612533 G: 4.5e-07
 Step:  647 E: -919.616620612532 G: 4.4e-07
 Step:  648 E: -919.616620612532 G: 4.4e-07
 Step:  649 E: -919.616620612532 G: 4.3e-07
 Step:  650 E: -919.616620612532 G: 4.2e-07
 Step:  651 E: -919.616620612532 G: 4.2e-07
 Step:  652 E: -919.616620612532 G: 4.1e-07
 Step:  653 E: -919.616620612532 G: 4.0e-07
 Step:  654 E: -919.616620612532 G: 4.0e-07
 Step:  655 E: -919.616620612533 G: 3.9e-07
 Step:  656 E: -919.616620612532 G: 3.8e-07
 Step:  657 E: -919.616620612532 G: 3.8e-07
 Step:  658 E: -919.616620612531 G: 3.7e-07
 Step:  659 E: -919.616620612531 G: 3.7e-07
 Step:  660 E: -919.616620612532 G: 3.6e-07
 Step:  661 E: -919.616620612531 G: 3.6e-07
 Step:  662 E: -919.616620612532 G: 3.5e-07
 Step:  663 E: -919.616620612532 G: 3.4e-07
 Step:  664 E: -919.616620612532 G: 3.4e-07
 Step:  665 E: -919.616620612532 G: 3.3e-07
 Step:  666 E: -919.616620612532 G: 3.3e-07
 Step:  667 E: -919.616620612532 G: 3.2e-07
 Step:  668 E: -919.616620612532 G: 3.2e-07
 Step:  669 E: -919.616620612532 G: 3.1e-07
 Step:  670 E: -919.616620612532 G: 3.1e-07
 Step:  671 E: -919.616620612532 G: 3.0e-07
 Step:  672 E: -919.616620612533 G: 3.0e-07
 Step:  673 E: -919.616620612533 G: 2.9e-07
 Step:  674 E: -919.616620612533 G: 2.9e-07
 Step:  675 E: -919.616620612533 G: 2.8e-07
 Step:  676 E: -919.616620612532 G: 2.8e-07
 Step:  677 E: -919.616620612532 G: 2.8e-07
 Step:  678 E: -919.616620612532 G: 2.7e-07
 Step:  679 E: -919.616620612533 G: 2.7e-07
 Step:  680 E: -919.616620612532 G: 2.6e-07
 Step:  681 E: -919.616620612532 G: 2.6e-07
 Step:  682 E: -919.616620612532 G: 2.6e-07
 Step:  683 E: -919.616620612532 G: 2.5e-07
 Step:  684 E: -919.616620612532 G: 2.5e-07
 Step:  685 E: -919.616620612532 G: 2.4e-07
 Step:  686 E: -919.616620612532 G: 2.4e-07
 Step:  687 E: -919.616620612532 G: 2.4e-07
 Step:  688 E: -919.616620612532 G: 2.3e-07
 Step:  689 E: -919.616620612533 G: 2.3e-07
 Step:  690 E: -919.616620612533 G: 2.3e-07
 Step:  691 E: -919.616620612533 G: 2.2e-07
 Step:  692 E: -919.616620612532 G: 2.2e-07
 Step:  693 E: -919.616620612533 G: 2.1e-07
 Step:  694 E: -919.616620612532 G: 2.1e-07
 Step:  695 E: -919.616620612532 G: 2.1e-07
 Step:  696 E: -919.616620612532 G: 2.0e-07
 Step:  697 E: -919.616620612533 G: 2.0e-07
 Step:  698 E: -919.616620612532 G: 2.0e-07
 Step:  699 E: -919.616620612532 G: 2.0e-07
 Step:  700 E: -919.616620612532 G: 1.9e-07
 Step:  701 E: -919.616620612532 G: 1.9e-07
 Step:  702 E: -919.616620612533 G: 1.9e-07
 Step:  703 E: -919.616620612532 G: 1.8e-07
 Step:  704 E: -919.616620612532 G: 1.8e-07
 Step:  705 E: -919.616620612532 G: 1.8e-07
 Step:  706 E: -919.616620612533 G: 1.8e-07
 Step:  707 E: -919.616620612532 G: 1.7e-07
 Step:  708 E: -919.616620612532 G: 1.7e-07
 Step:  709 E: -919.616620612532 G: 1.7e-07
 Step:  710 E: -919.616620612533 G: 1.6e-07
 Step:  711 E: -919.616620612533 G: 1.6e-07
 Step:  712 E: -919.616620612532 G: 1.6e-07
 Step:  713 E: -919.616620612533 G: 1.6e-07
 Step:  714 E: -919.616620612533 G: 1.5e-07
 Step:  715 E: -919.616620612532 G: 1.5e-07
 Step:  716 E: -919.616620612533 G: 1.5e-07
 Step:  717 E: -919.616620612532 G: 1.5e-07
 Step:  718 E: -919.616620612532 G: 1.5e-07
 Step:  719 E: -919.616620612532 G: 1.4e-07
 Step:  720 E: -919.616620612533 G: 1.4e-07
 Step:  721 E: -919.616620612532 G: 1.4e-07
 Step:  722 E: -919.616620612532 G: 1.4e-07
 Step:  723 E: -919.616620612532 G: 1.3e-07
 Step:  724 E: -919.616620612532 G: 1.3e-07
 Step:  725 E: -919.616620612533 G: 1.3e-07
 Step:  726 E: -919.616620612532 G: 1.3e-07
 Step:  727 E: -919.616620612533 G: 1.3e-07
 Step:  728 E: -919.616620612533 G: 1.2e-07
 Step:  729 E: -919.616620612532 G: 1.2e-07
 Step:  730 E: -919.616620612532 G: 1.2e-07
 Step:  731 E: -919.616620612533 G: 1.2e-07
 Step:  732 E: -919.616620612533 G: 1.2e-07
 Step:  733 E: -919.616620612532 G: 1.1e-07
 Step:  734 E: -919.616620612532 G: 1.1e-07
 Step:  735 E: -919.616620612532 G: 1.1e-07
 Step:  736 E: -919.616620612532 G: 1.1e-07
 Step:  737 E: -919.616620612532 G: 1.1e-07
 Step:  738 E: -919.616620612533 G: 1.1e-07
 Step:  739 E: -919.616620612532 G: 1.0e-07
 Step:  740 E: -919.616620612533 G: 1.0e-07
 Step:  741 E: -919.616620612532 G: 1.0e-07
 Step:  742 E: -919.616620612532 G: 1.0e-07
 Step:  743 E: -919.616620612533 G: 9.8e-08
 Step:  744 E: -919.616620612532 G: 9.7e-08
 Step:  745 E: -919.616620612533 G: 9.5e-08
 Step:  746 E: -919.616620612533 G: 9.4e-08
 Step:  747 E: -919.616620612533 G: 9.2e-08
 Step:  748 E: -919.616620612533 G: 9.1e-08
 Step:  749 E: -919.616620612532 G: 8.9e-08
 Step:  750 E: -919.616620612532 G: 8.8e-08
 Step:  751 E: -919.616620612533 G: 8.7e-08
 Step:  752 E: -919.616620612533 G: 8.5e-08
 Step:  753 E: -919.616620612533 G: 8.4e-08
 Step:  754 E: -919.616620612532 G: 8.3e-08
 Step:  755 E: -919.616620612532 G: 8.1e-08
 Step:  756 E: -919.616620612532 G: 8.0e-08
 Step:  757 E: -919.616620612532 G: 7.9e-08
 Step:  758 E: -919.616620612532 G: 7.8e-08
 Step:  759 E: -919.616620612532 G: 7.6e-08
 Step:  760 E: -919.616620612532 G: 7.5e-08
 Step:  761 E: -919.616620612533 G: 7.4e-08
 Step:  762 E: -919.616620612532 G: 7.3e-08
 Step:  763 E: -919.616620612532 G: 7.2e-08
 Step:  764 E: -919.616620612533 G: 7.1e-08
 Step:  765 E: -919.616620612532 G: 7.0e-08
 Step:  766 E: -919.616620612532 G: 6.9e-08
 Step:  767 E: -919.616620612533 G: 6.8e-08
 Step:  768 E: -919.616620612532 G: 6.6e-08
 Step:  769 E: -919.616620612533 G: 6.5e-08
 Step:  770 E: -919.616620612533 G: 6.4e-08
 Step:  771 E: -919.616620612533 G: 6.3e-08
 Step:  772 E: -919.616620612533 G: 6.2e-08
 Step:  773 E: -919.616620612532 G: 6.1e-08
 Step:  774 E: -919.616620612533 G: 6.1e-08
 Step:  775 E: -919.616620612533 G: 6.0e-08
 Step:  776 E: -919.616620612532 G: 5.9e-08
 Step:  777 E: -919.616620612533 G: 5.8e-08
 Step:  778 E: -919.616620612533 G: 5.7e-08
 Step:  779 E: -919.616620612532 G: 5.6e-08
 Step:  780 E: -919.616620612533 G: 5.5e-08
 Step:  781 E: -919.616620612532 G: 5.4e-08
 Step:  782 E: -919.616620612532 G: 5.3e-08
 Step:  783 E: -919.616620612533 G: 5.3e-08
 Step:  784 E: -919.616620612532 G: 5.2e-08
 Step:  785 E: -919.616620612532 G: 5.1e-08
 Step:  786 E: -919.616620612532 G: 5.0e-08
 Step:  787 E: -919.616620612532 G: 5.0e-08
 Step:  788 E: -919.616620612532 G: 4.9e-08
 Step:  789 E: -919.616620612532 G: 4.8e-08
 Step:  790 E: -919.616620612532 G: 4.7e-08
 Step:  791 E: -919.616620612533 G: 4.7e-08
 Step:  792 E: -919.616620612532 G: 4.6e-08
 Step:  793 E: -919.616620612532 G: 4.5e-08
 Step:  794 E: -919.616620612532 G: 4.4e-08
 Step:  795 E: -919.616620612532 G: 4.4e-08
 Step:  796 E: -919.616620612533 G: 4.3e-08
 Step:  797 E: -919.616620612532 G: 4.2e-08
 Step:  798 E: -919.616620612533 G: 4.2e-08
 Step:  799 E: -919.616620612533 G: 4.1e-08
 Step:  800 E: -919.616620612533 G: 4.1e-08
248.967083 seconds (12.72 M allocations: 24.631 GiB, 1.41% gc time)
 Solve OO-CMF with DIIS
 ooCMF Iter:    1 Total= -919.565962788716 G=    3.894e-01 #SS:    1
 ooCMF Iter:    2 Total= -919.613946388229 G=    8.812e-02 #SS:    2
 ooCMF Iter:    3 Total= -919.615993897397 G=    2.718e-02 #SS:    3
 ooCMF Iter:    4 Total= -919.616196711146 G=    1.634e-02 #SS:    4
 ooCMF Iter:    5 Total= -919.616278928022 G=    1.072e-02 #SS:    5
 ooCMF Iter:    6 Total= -919.616373261251 G=    1.029e-02 #SS:    6
 ooCMF Iter:    7 Total= -919.616378589579 G=    1.005e-02 #SS:    7
 ooCMF Iter:    8 Total= -919.616599931960 G=    3.991e-03 #SS:    8
 ooCMF Iter:    9 Total= -919.616617738816 G=    1.511e-03 #SS:    9
 ooCMF Iter:   10 Total= -919.616619698353 G=    9.781e-04 #SS:   10
 ooCMF Iter:   11 Total= -919.616620034484 G=    5.350e-04 #SS:   11
 ooCMF Iter:   12 Total= -919.616620149883 G=    4.712e-04 #SS:   12
 ooCMF Iter:   13 Total= -919.616620224426 G=    3.764e-04 #SS:   13
 ooCMF Iter:   14 Total= -919.616620425525 G=    3.109e-04 #SS:   14
 ooCMF Iter:   15 Total= -919.616620589002 G=    1.312e-04 #SS:   15
 ooCMF Iter:   16 Total= -919.616620607242 G=    7.538e-05 #SS:   16
 ooCMF Iter:   17 Total= -919.616620610613 G=    3.259e-05 #SS:   17
 ooCMF Iter:   18 Total= -919.616620610850 G=    3.307e-05 #SS:   18
 ooCMF Iter:   19 Total= -919.616620611133 G=    2.431e-05 #SS:   19
 ooCMF Iter:   20 Total= -919.616620611553 G=    2.298e-05 #SS:   20
 ooCMF Iter:   21 Total= -919.616620612283 G=    1.290e-05 #SS:   21
 ooCMF Iter:   22 Total= -919.616620612444 G=    7.984e-06 #SS:   22
 ooCMF Iter:   23 Total= -919.616620612516 G=    2.873e-06 #SS:   23
 ooCMF Iter:   24 Total= -919.616620612517 G=    2.652e-06 #SS:   24
 ooCMF Iter:   25 Total= -919.616620612520 G=    2.022e-06 #SS:   24
 ooCMF Iter:   26 Total= -919.616620612522 G=    2.222e-06 #SS:   24
 ooCMF Iter:   27 Total= -919.616620612523 G=    2.164e-06 #SS:   24
 ooCMF Iter:   28 Total= -919.616620612531 G=    7.886e-07 #SS:   24
 ooCMF Iter:   29 Total= -919.616620612532 G=    4.419e-07 #SS:   24
 ooCMF Iter:   30 Total= -919.616620612531 G=    4.166e-07 #SS:   24
 ooCMF Iter:   31 Total= -919.616620612532 G=    3.631e-07 #SS:   24
 ooCMF Iter:   32 Total= -919.616620612532 G=    2.757e-07 #SS:   24
 ooCMF Iter:   33 Total= -919.616620612532 G=    2.496e-07 #SS:   24
 ooCMF Iter:   34 Total= -919.616620612532 G=    1.068e-07 #SS:   24
 ooCMF Iter:   35 Total= -919.616620612532 G=    8.636e-08 #SS:   24
 ooCMF Iter:   36 Total= -919.616620612532 G=    8.431e-08 #SS:   24
 ooCMF Iter:   37 Total= -919.616620612533 G=    6.260e-08 #SS:   24
 ooCMF Iter:   38 Total= -919.616620612532 G=    2.447e-08 #SS:   24
 ooCMF Iter:   39 Total= -919.616620612532 G=    2.073e-08 #SS:   24
 ooCMF Iter:   40 Total= -919.616620612533 G=    1.102e-08 #SS:   24
 ooCMF Iter:   41 Total= -919.616620612532 G=    1.037e-08 #SS:   24
*ooCMF Iter:   42 Total= -919.616620612533 G=    9.857e-09 #SS:   24
 41.586900 seconds (14.03 M allocations: 3.789 GiB, 1.34% gc time)
 Solve OO-CMF with DIIS
 ooCMF Iter:    1 Total= -919.616600716451 G=    6.592e-03 #SS:    1
 ooCMF Iter:    2 Total= -919.616620187506 G=    1.432e-03 #SS:    2
 ooCMF Iter:    3 Total= -919.616620611748 G=    4.465e-05 #SS:    3
 ooCMF Iter:    4 Total= -919.616620612523 G=    5.667e-06 #SS:    4
 ooCMF Iter:    5 Total= -919.616620612533 G=    2.768e-07 #SS:    5
 ooCMF Iter:    6 Total= -919.616620612532 G=    3.466e-08 #SS:    6
*ooCMF Iter:    7 Total= -919.616620612533 G=    1.738e-09 #SS:    7
  7.860131 seconds (429.06 k allocations: 789.141 MiB, 1.24% gc time)
 Solve OO-CMF with DIIS
 ooCMF Iter:    1 Total= -919.616606527080 G=    5.364e-03 #SS:    1
 ooCMF Iter:    2 Total= -919.616620180354 G=    1.317e-03 #SS:    2
 ooCMF Iter:    3 Total= -919.616620600251 G=    9.863e-05 #SS:    3
 ooCMF Iter:    4 Total= -919.616620610937 G=    3.117e-05 #SS:    4
 ooCMF Iter:    5 Total= -919.616620612434 G=    7.748e-06 #SS:    5
 ooCMF Iter:    6 Total= -919.616620612532 G=    1.029e-06 #SS:    6
 ooCMF Iter:    7 Total= -919.616620612532 G=    1.299e-07 #SS:    7
 ooCMF Iter:    8 Total= -919.616620612533 G=    2.466e-08 #SS:    8
*ooCMF Iter:    9 Total= -919.616620612533 G=    1.717e-09 #SS:    9
  9.919577 seconds (610.50 k allocations: 980.812 MiB, 0.81% gc time)
 Solve OO-CMF with newton
 Step:    1 E: -919.546261023109 G:     4.63e-01  
 Step:    2 E: -919.616606527080 G:     5.36e-03  
 Step:    3 E: -919.616620595137 G:     1.42e-04  
 Step:    4 E: -919.616620612361 G:     1.29e-05  
 Step:    5 E: -919.616620612530 G:     1.33e-06  
 Step:    6 E: -919.616620612532 G:     1.41e-07  
 Step:    7 E: -919.616620612532 G:     1.53e-08  
 Step:    8 E: -919.616620612532 G:     1.67e-09  
  4.904024 seconds (301.81 k allocations: 418.439 MiB, 1.73% gc time)
 Solve OO-CMF with newton
 Step:    1 E: -919.546261023109 G:     4.63e-01  
 Step:    2 E: -919.616600716451 G:     6.59e-03  
 Step:    3 E: -919.616620603243 G:     6.52e-05  
 Step:    4 E: -919.616620612461 G:     5.16e-06  
 Step:    5 E: -919.616620612532 G:     4.97e-07  
 Step:    6 E: -919.616620612532 G:     4.90e-08  
 Step:    7 E: -919.616620612532 G:     4.87e-09  
  4.240123 seconds (217.76 k allocations: 370.823 MiB)