Input energy:    -5067.48961132
IDX001:DIM1024:001|002|003|004|005|
IDX002:DIM0064:006|007|008|
IDX003:DIM0064:009|010|011|
IDX004:DIM1024:012|013|014|015|016|
 ooCMF Iter:    1 Total= -5067.488165630843 Active= -93.318848285775 G=     9.32e-03
 ooCMF Iter:    2 Total= -5067.488179843289 Active= -93.318862498220 G=     2.31e-03
 ooCMF Iter:    3 Total= -5067.488181093792 Active= -93.318863748724 G=     4.78e-04
 ooCMF Iter:    4 Total= -5067.488181130052 Active= -93.318863784983 G=     4.90e-05
 ooCMF Iter:    5 Total= -5067.488181130436 Active= -93.318863785367 G=     7.00e-06
 ooCMF Iter:    6 Total= -5067.488181130448 Active= -93.318863785379 G=     2.44e-06
 ooCMF Iter:    7 Total= -5067.488181130449 Active= -93.318863785380 G=     5.94e-07
 ooCMF Iter:    8 Total= -5067.488181130448 Active= -93.318863785379 G=     3.06e-07
 ooCMF Iter:    9 Total= -5067.488181130448 Active= -93.318863785379 G=     4.66e-08
 ooCMF Iter:   10 Total= -5067.488181130448 Active= -93.318863785379 G=     1.51e-08
 * Status: success

 * Candidate solution
    Final objective value:     -5.067488e+03

 * Found with
    Algorithm:     BFGS

 * Convergence measures
    |x - x'|               = 1.11e-08 ≰ 0.0e+00
    |x - x'|/|x'|          = 7.42e-06 ≰ 0.0e+00
    |f(x) - f(x')|         = 0.00e+00 ≤ 0.0e+00
    |f(x) - f(x')|/|f(x')| = 0.00e+00 ≤ 0.0e+00
    |g(x)|                 = 6.12e-09 ≤ 1.0e-08

 * Work counters
    Seconds run:   0  (vs limit Inf)
    Iterations:    9
    f(x) calls:    19
    ∇f(x) calls:   19

*ooCMF -5067.48818113 
  0.177092 seconds (312.99 k allocations: 188.585 MiB)
 ooCMF Iter:    1 Total= -5067.488165630843 Active= -93.318848285775 G=     9.32e-03
 ooCMF Iter:    2 Total= -5067.488179843295 Active= -93.318862498227 G=     2.31e-03
 ooCMF Iter:    3 Total= -5067.488181093794 Active= -93.318863748726 G=     4.78e-04
 ooCMF Iter:    4 Total= -5067.488181130053 Active= -93.318863784984 G=     4.89e-05
 ooCMF Iter:    5 Total= -5067.488181130436 Active= -93.318863785367 G=     7.36e-06
 ooCMF Iter:    6 Total= -5067.488181130447 Active= -93.318863785378 G=     2.33e-06
 ooCMF Iter:    7 Total= -5067.488181130447 Active= -93.318863785378 G=     2.07e-06
 ooCMF Iter:    8 Total= -5067.488181130448 Active= -93.318863785379 G=     6.48e-07
 ooCMF Iter:    9 Total= -5067.488181130448 Active= -93.318863785379 G=     1.35e-07
 ooCMF Iter:   10 Total= -5067.488181130449 Active= -93.318863785380 G=     1.16e-07
 ooCMF Iter:   11 Total= -5067.488181130449 Active= -93.318863785380 G=     2.18e-08
*ooCMF Iter:   12 Total= -5067.488181130448 Active= -93.318863785379 G=     8.20e-09
 * Status: success (objective increased between iterations)

 * Candidate solution
    Final objective value:     -5.067488e+03

 * Found with
    Algorithm:     Conjugate Gradient

 * Convergence measures
    |x - x'|               = 6.37e-09 ≰ 0.0e+00
    |x - x'|/|x'|          = 4.24e-06 ≰ 0.0e+00
    |f(x) - f(x')|         = 9.09e-13 ≰ 0.0e+00
    |f(x) - f(x')|/|f(x')| = 1.79e-16 ≰ 0.0e+00
    |g(x)|                 = 3.68e-09 ≤ 1.0e-08

 * Work counters
    Seconds run:   0  (vs limit Inf)
    Iterations:    11
    f(x) calls:    35
    ∇f(x) calls:   25

*ooCMF -5067.48818113 
  0.255060 seconds (463.03 k allocations: 274.345 MiB)
 Step:    1 E: -5067.488165630843 G: 9.3e-03
 Step:    2 E: -5067.488172995293 G: 6.5e-03
 Step:    3 E: -5067.488176621995 G: 4.7e-03
 Step:    4 E: -5067.488178502464 G: 3.4e-03
 Step:    5 E: -5067.488179531473 G: 2.6e-03
 Step:    6 E: -5067.488180124194 G: 2.0e-03
 Step:    7 E: -5067.488180481180 G: 1.6e-03
 Step:    8 E: -5067.488180704029 G: 1.3e-03
 Step:    9 E: -5067.488180846948 G: 1.0e-03
 Step:   10 E: -5067.488180940401 G: 8.3e-04
 Step:   11 E: -5067.488181002341 G: 6.7e-04
 Step:   12 E: -5067.488181043772 G: 5.5e-04
 Step:   13 E: -5067.488181071659 G: 4.5e-04
 Step:   14 E: -5067.488181090506 G: 3.7e-04
 Step:   15 E: -5067.488181103281 G: 3.1e-04
 Step:   16 E: -5067.488181111956 G: 2.5e-04
 Step:   17 E: -5067.488181117855 G: 2.1e-04
 Step:   18 E: -5067.488181121868 G: 1.7e-04
 Step:   19 E: -5067.488181124601 G: 1.4e-04
 Step:   20 E: -5067.488181126463 G: 1.2e-04
 Step:   21 E: -5067.488181127731 G: 9.7e-05
 Step:   22 E: -5067.488181128596 G: 8.0e-05
 Step:   23 E: -5067.488181129185 G: 6.6e-05
 Step:   24 E: -5067.488181129587 G: 5.5e-05
 Step:   25 E: -5067.488181129861 G: 4.5e-05
 Step:   26 E: -5067.488181130048 G: 3.7e-05
 Step:   27 E: -5067.488181130175 G: 3.1e-05
 Step:   28 E: -5067.488181130261 G: 2.5e-05
 Step:   29 E: -5067.488181130321 G: 2.1e-05
 Step:   30 E: -5067.488181130361 G: 1.7e-05
 Step:   31 E: -5067.488181130389 G: 1.4e-05
 Step:   32 E: -5067.488181130408 G: 1.2e-05
 Step:   33 E: -5067.488181130420 G: 9.8e-06
 Step:   34 E: -5067.488181130429 G: 8.1e-06
 Step:   35 E: -5067.488181130435 G: 6.7e-06
 Step:   36 E: -5067.488181130439 G: 5.5e-06
 Step:   37 E: -5067.488181130442 G: 4.6e-06
 Step:   38 E: -5067.488181130443 G: 3.8e-06
 Step:   39 E: -5067.488181130445 G: 3.1e-06
 Step:   40 E: -5067.488181130446 G: 2.6e-06
 Step:   41 E: -5067.488181130447 G: 2.1e-06
 Step:   42 E: -5067.488181130448 G: 1.8e-06
 Step:   43 E: -5067.488181130447 G: 1.4e-06
 Step:   44 E: -5067.488181130448 G: 1.2e-06
 Step:   45 E: -5067.488181130448 G: 9.9e-07
 Step:   46 E: -5067.488181130448 G: 8.2e-07
 Step:   47 E: -5067.488181130448 G: 6.7e-07
 Step:   48 E: -5067.488181130448 G: 5.6e-07
 Step:   49 E: -5067.488181130448 G: 4.6e-07
 Step:   50 E: -5067.488181130448 G: 3.8e-07
 Step:   51 E: -5067.488181130448 G: 3.1e-07
 Step:   52 E: -5067.488181130448 G: 2.6e-07
 Step:   53 E: -5067.488181130448 G: 2.1e-07
 Step:   54 E: -5067.488181130448 G: 1.8e-07
 Step:   55 E: -5067.488181130448 G: 1.5e-07
 Step:   56 E: -5067.488181130448 G: 1.2e-07
 Step:   57 E: -5067.488181130448 G: 1.0e-07
 Step:   58 E: -5067.488181130448 G: 8.3e-08
 Step:   59 E: -5067.488181130448 G: 6.8e-08
 Step:   60 E: -5067.488181130449 G: 5.6e-08
 Step:   61 E: -5067.488181130448 G: 4.7e-08
 Step:   62 E: -5067.488181130448 G: 3.9e-08
 Step:   63 E: -5067.488181130448 G: 3.2e-08
 Step:   64 E: -5067.488181130449 G: 2.6e-08
 Step:   65 E: -5067.488181130448 G: 2.2e-08
 Step:   66 E: -5067.488181130448 G: 1.8e-08
 Step:   67 E: -5067.488181130449 G: 1.5e-08
 Step:   68 E: -5067.488181130448 G: 1.2e-08
 Step:   69 E: -5067.488181130448 G: 1.0e-08
*Step:   70 E: -5067.488181130449 G: 8.4e-09
  0.415735 seconds (515.83 k allocations: 438.516 MiB)
 Solve OO-CMF with DIIS
 ooCMF Iter:    1 Total= -5067.488172995293 G=    6.510e-03 #SS:    1
 ooCMF Iter:    2 Total= -5067.488180246911 G=    1.796e-03 #SS:    2
 ooCMF Iter:    3 Total= -5067.488181109823 G=    3.288e-04 #SS:    3
 ooCMF Iter:    4 Total= -5067.488181130205 G=    3.860e-05 #SS:    4
 ooCMF Iter:    5 Total= -5067.488181130348 G=    2.413e-05 #SS:    5
 ooCMF Iter:    6 Total= -5067.488181130443 G=    4.270e-06 #SS:    6
 ooCMF Iter:    7 Total= -5067.488181130448 G=    1.153e-06 #SS:    7
 ooCMF Iter:    8 Total= -5067.488181130448 G=    1.966e-07 #SS:    8
 ooCMF Iter:    9 Total= -5067.488181130448 G=    1.689e-07 #SS:    9
 ooCMF Iter:   10 Total= -5067.488181130448 G=    3.681e-08 #SS:   10
*ooCMF Iter:   11 Total= -5067.488181130448 G=    3.023e-09 #SS:   11
  0.125410 seconds (173.84 k allocations: 175.400 MiB)
 Solve OO-CMF with DIIS
 ooCMF Iter:    1 Total= -5067.488181130328 G=    2.741e-05 #SS:    1
 ooCMF Iter:    2 Total= -5067.488181128891 G=    9.529e-05 #SS:    2
 ooCMF Iter:    3 Total= -5067.488181129042 G=    9.000e-05 #SS:    3
 ooCMF Iter:    4 Total= -5067.488181128325 G=    1.117e-04 #SS:    4
 ooCMF Iter:    5 Total= -5067.488181127917 G=    1.226e-04 #SS:    5
 ooCMF Iter:    6 Total= -5067.488181127134 G=    1.392e-04 #SS:    6
 ooCMF Iter:    7 Total= -5067.488181126725 G=    1.468e-04 #SS:    7
 ooCMF Iter:    8 Total= -5067.488181126773 G=    1.454e-04 #SS:    8
 ooCMF Iter:    9 Total= -5067.488181126741 G=    1.467e-04 #SS:    9
 ooCMF Iter:   10 Total= -5067.488181127202 G=    1.373e-04 #SS:   10
 ooCMF Iter:   11 Total= -5067.488181127612 G=    1.295e-04 #SS:   11
 ooCMF Iter:   12 Total= -5067.488181127696 G=    1.278e-04 #SS:   12
 ooCMF Iter:   13 Total= -5067.488181127729 G=    1.275e-04 #SS:   13
 ooCMF Iter:   14 Total= -5067.488181127977 G=    1.211e-04 #SS:   14
 ooCMF Iter:   15 Total= -5067.488181128533 G=    1.058e-04 #SS:   15
 ooCMF Iter:   16 Total= -5067.488181128585 G=    1.051e-04 #SS:   16
 ooCMF Iter:   17 Total= -5067.488181128649 G=    1.035e-04 #SS:   17
 ooCMF Iter:   18 Total= -5067.488181128692 G=    1.022e-04 #SS:   18
 ooCMF Iter:   19 Total= -5067.488181128685 G=    1.026e-04 #SS:   19
 ooCMF Iter:   20 Total= -5067.488181128734 G=    1.016e-04 #SS:   20
 ooCMF Iter:   21 Total= -5067.488181128919 G=    9.625e-05 #SS:   21
 ooCMF Iter:   22 Total= -5067.488181129127 G=    8.916e-05 #SS:   22
 ooCMF Iter:   23 Total= -5067.488181129160 G=    8.835e-05 #SS:   23
 ooCMF Iter:   24 Total= -5067.488181129161 G=    8.829e-05 #SS:   24
 ooCMF Iter:   25 Total= -5067.488181128942 G=    9.401e-05 #SS:   24
 ooCMF Iter:   26 Total= -5067.488181128480 G=    1.096e-04 #SS:   24
 ooCMF Iter:   27 Total= -5067.488181128904 G=    9.500e-05 #SS:   24
 ooCMF Iter:   28 Total= -5067.488181128415 G=    1.093e-04 #SS:   24
 ooCMF Iter:   29 Total= -5067.488181127408 G=    1.346e-04 #SS:   24
 ooCMF Iter:   30 Total= -5067.488181124892 G=    1.812e-04 #SS:   24
 ooCMF Iter:   31 Total= -5067.488181125974 G=    1.636e-04 #SS:   24
 ooCMF Iter:   32 Total= -5067.488181124260 G=    1.856e-04 #SS:   24
 ooCMF Iter:   33 Total= -5067.488181126990 G=    1.394e-04 #SS:   24
 ooCMF Iter:   34 Total= -5067.488181127036 G=    1.384e-04 #SS:   24
 ooCMF Iter:   35 Total= -5067.488181127245 G=    1.372e-04 #SS:   24
 ooCMF Iter:   36 Total= -5067.488181126203 G=    1.449e-04 #SS:   24
 ooCMF Iter:   37 Total= -5067.488181123755 G=    1.860e-04 #SS:   24
 ooCMF Iter:   38 Total= -5067.488181122858 G=    1.989e-04 #SS:   24
 ooCMF Iter:   39 Total= -5067.488181123338 G=    1.931e-04 #SS:   24
 ooCMF Iter:   40 Total= -5067.488181123300 G=    1.992e-04 #SS:   24
 ooCMF Iter:   41 Total= -5067.488181125502 G=    1.678e-04 #SS:   24
 ooCMF Iter:   42 Total= -5067.488181123334 G=    2.050e-04 #SS:   24
 ooCMF Iter:   43 Total= -5067.488181125017 G=    1.797e-04 #SS:   24
 ooCMF Iter:   44 Total= -5067.488181126563 G=    1.495e-04 #SS:   24
 ooCMF Iter:   45 Total= -5067.488181126242 G=    1.567e-04 #SS:   24
 ooCMF Iter:   46 Total= -5067.488181126264 G=    1.568e-04 #SS:   24
 ooCMF Iter:   47 Total= -5067.488181126269 G=    1.567e-04 #SS:   24
 ooCMF Iter:   48 Total= -5067.488181126180 G=    1.580e-04 #SS:   24
 ooCMF Iter:   49 Total= -5067.488181126575 G=    1.492e-04 #SS:   24
 ooCMF Iter:   50 Total= -5067.488181126917 G=    1.440e-04 #SS:   24
 ooCMF Iter:   51 Total= -5067.488181126882 G=    1.428e-04 #SS:   24
 ooCMF Iter:   52 Total= -5067.488181127932 G=    1.208e-04 #SS:   24
 ooCMF Iter:   53 Total= -5067.488181128245 G=    1.113e-04 #SS:   24
 ooCMF Iter:   54 Total= -5067.488181128672 G=    9.722e-05 #SS:   24
 ooCMF Iter:   55 Total= -5067.488181128721 G=    9.639e-05 #SS:   24
 ooCMF Iter:   56 Total= -5067.488181125988 G=    1.475e-04 #SS:   24
 ooCMF Iter:   57 Total= -5067.488181125746 G=    1.543e-04 #SS:   24
 ooCMF Iter:   58 Total= -5067.488181125921 G=    1.529e-04 #SS:   24
 ooCMF Iter:   59 Total= -5067.488181126497 G=    1.427e-04 #SS:   24
 ooCMF Iter:   60 Total= -5067.488181122792 G=    1.962e-04 #SS:   24
 ooCMF Iter:   61 Total= -5067.488181123401 G=    1.941e-04 #SS:   24
 ooCMF Iter:   62 Total= -5067.488181125967 G=    1.538e-04 #SS:   24
 ooCMF Iter:   63 Total= -5067.488181126527 G=    1.474e-04 #SS:   24
 ooCMF Iter:   64 Total= -5067.488181126640 G=    1.480e-04 #SS:   24
 ooCMF Iter:   65 Total= -5067.488181126371 G=    1.541e-04 #SS:   24
 ooCMF Iter:   66 Total= -5067.488181126343 G=    1.545e-04 #SS:   24
 ooCMF Iter:   67 Total= -5067.488181127032 G=    1.366e-04 #SS:   24
 ooCMF Iter:   68 Total= -5067.488181126524 G=    1.490e-04 #SS:   24
 ooCMF Iter:   69 Total= -5067.488181126623 G=    1.487e-04 #SS:   24
 ooCMF Iter:   70 Total= -5067.488181126724 G=    1.461e-04 #SS:   24
 ooCMF Iter:   71 Total= -5067.488181126578 G=    1.484e-04 #SS:   24
 ooCMF Iter:   72 Total= -5067.488181126314 G=    1.536e-04 #SS:   24
 ooCMF Iter:   73 Total= -5067.488181125806 G=    1.624e-04 #SS:   24
 ooCMF Iter:   74 Total= -5067.488181125595 G=    1.651e-04 #SS:   24
 ooCMF Iter:   75 Total= -5067.488181122616 G=    2.027e-04 #SS:   24
 ooCMF Iter:   76 Total= -5067.488181122747 G=    2.012e-04 #SS:   24
 ooCMF Iter:   77 Total= -5067.488181125314 G=    1.571e-04 #SS:   24
 ooCMF Iter:   78 Total= -5067.488181127344 G=    1.282e-04 #SS:   24
 ooCMF Iter:   79 Total= -5067.488181127112 G=    1.329e-04 #SS:   24
 ooCMF Iter:   80 Total= -5067.488181126811 G=    1.377e-04 #SS:   24
 ooCMF Iter:   81 Total= -5067.488181126558 G=    1.427e-04 #SS:   24
 ooCMF Iter:   82 Total= -5067.488181124441 G=    1.844e-04 #SS:   24
 ooCMF Iter:   83 Total= -5067.488181125358 G=    1.718e-04 #SS:   24
 ooCMF Iter:   84 Total= -5067.488181125394 G=    1.713e-04 #SS:   24
 ooCMF Iter:   85 Total= -5067.488181125407 G=    1.692e-04 #SS:   24
 ooCMF Iter:   86 Total= -5067.488181125500 G=    1.717e-04 #SS:   24
 ooCMF Iter:   87 Total= -5067.488181126045 G=    1.585e-04 #SS:   24
 ooCMF Iter:   88 Total= -5067.488181126778 G=    1.452e-04 #SS:   24
 ooCMF Iter:   89 Total= -5067.488181126805 G=    1.448e-04 #SS:   24
 ooCMF Iter:   90 Total= -5067.488181127389 G=    1.317e-04 #SS:   24
 ooCMF Iter:   91 Total= -5067.488181126848 G=    1.439e-04 #SS:   24
 ooCMF Iter:   92 Total= -5067.488181126922 G=    1.384e-04 #SS:   24
 ooCMF Iter:   93 Total= -5067.488181126667 G=    1.449e-04 #SS:   24
 ooCMF Iter:   94 Total= -5067.488181127109 G=    1.376e-04 #SS:   24
 ooCMF Iter:   95 Total= -5067.488181127622 G=    1.260e-04 #SS:   24
 ooCMF Iter:   96 Total= -5067.488181126144 G=    1.531e-04 #SS:   24
 ooCMF Iter:   97 Total= -5067.488181125128 G=    1.740e-04 #SS:   24
 ooCMF Iter:   98 Total= -5067.488181126961 G=    1.430e-04 #SS:   24
 ooCMF Iter:   99 Total= -5067.488181126498 G=    1.476e-04 #SS:   24
 ooCMF Iter:  100 Total= -5067.488181127774 G=    1.200e-04 #SS:   24
 ooCMF Iter:  101 Total= -5067.488181127930 G=    1.158e-04 #SS:   24
 ooCMF Iter:  102 Total= -5067.488181128625 G=    9.782e-05 #SS:   24
 ooCMF Iter:  103 Total= -5067.488181128746 G=    9.634e-05 #SS:   24
 ooCMF Iter:  104 Total= -5067.488181128105 G=    1.138e-04 #SS:   24
 ooCMF Iter:  105 Total= -5067.488181128187 G=    1.140e-04 #SS:   24
 ooCMF Iter:  106 Total= -5067.488181128538 G=    1.035e-04 #SS:   24
 ooCMF Iter:  107 Total= -5067.488181128419 G=    1.088e-04 #SS:   24
 ooCMF Iter:  108 Total= -5067.488181128401 G=    1.077e-04 #SS:   24
 ooCMF Iter:  109 Total= -5067.488181128307 G=    1.107e-04 #SS:   24
 ooCMF Iter:  110 Total= -5067.488181128230 G=    1.129e-04 #SS:   24
 ooCMF Iter:  111 Total= -5067.488181128028 G=    1.186e-04 #SS:   24
 ooCMF Iter:  112 Total= -5067.488181127609 G=    1.285e-04 #SS:   24
 ooCMF Iter:  113 Total= -5067.488181127442 G=    1.313e-04 #SS:   24
 ooCMF Iter:  114 Total= -5067.488181127121 G=    1.372e-04 #SS:   24
 ooCMF Iter:  115 Total= -5067.488181127871 G=    1.215e-04 #SS:   24
 ooCMF Iter:  116 Total= -5067.488181125763 G=    1.670e-04 #SS:   24
 ooCMF Iter:  117 Total= -5067.488181124089 G=    1.929e-04 #SS:   24
 ooCMF Iter:  118 Total= -5067.488181123575 G=    2.056e-04 #SS:   24
 ooCMF Iter:  119 Total= -5067.488181124569 G=    1.878e-04 #SS:   24
 ooCMF Iter:  120 Total= -5067.488181124872 G=    1.821e-04 #SS:   24
 ooCMF Iter:  121 Total= -5067.488181124879 G=    1.820e-04 #SS:   24
 ooCMF Iter:  122 Total= -5067.488181124361 G=    1.906e-04 #SS:   24
 ooCMF Iter:  123 Total= -5067.488181123552 G=    1.982e-04 #SS:   24
 ooCMF Iter:  124 Total= -5067.488181123340 G=    2.052e-04 #SS:   24
 ooCMF Iter:  125 Total= -5067.488181123218 G=    2.067e-04 #SS:   24
 ooCMF Iter:  126 Total= -5067.488181125433 G=    1.733e-04 #SS:   24
 ooCMF Iter:  127 Total= -5067.488181124637 G=    1.840e-04 #SS:   24
 ooCMF Iter:  128 Total= -5067.488181124290 G=    1.870e-04 #SS:   24
 ooCMF Iter:  129 Total= -5067.488181121465 G=    2.349e-04 #SS:   24
 ooCMF Iter:  130 Total= -5067.488181123280 G=    2.138e-04 #SS:   24
 ooCMF Iter:  131 Total= -5067.488181121725 G=    2.331e-04 #SS:   24
 ooCMF Iter:  132 Total= -5067.488181124385 G=    1.847e-04 #SS:   24
 ooCMF Iter:  133 Total= -5067.488181124725 G=    1.828e-04 #SS:   24
 ooCMF Iter:  134 Total= -5067.488181124998 G=    1.770e-04 #SS:   24
 ooCMF Iter:  135 Total= -5067.488181125056 G=    1.777e-04 #SS:   24
 ooCMF Iter:  136 Total= -5067.488181128274 G=    1.114e-04 #SS:   24
 ooCMF Iter:  137 Total= -5067.488181128131 G=    1.143e-04 #SS:   24
 ooCMF Iter:  138 Total= -5067.488181128156 G=    1.133e-04 #SS:   24
 ooCMF Iter:  139 Total= -5067.488181128035 G=    1.175e-04 #SS:   24
 ooCMF Iter:  140 Total= -5067.488181127981 G=    1.182e-04 #SS:   24
 ooCMF Iter:  141 Total= -5067.488181127332 G=    1.299e-04 #SS:   24
 ooCMF Iter:  142 Total= -5067.488181126899 G=    1.385e-04 #SS:   24
 ooCMF Iter:  143 Total= -5067.488181128082 G=    1.101e-04 #SS:   24
 ooCMF Iter:  144 Total= -5067.488181128081 G=    1.094e-04 #SS:   24
 ooCMF Iter:  145 Total= -5067.488181128725 G=    9.272e-05 #SS:   24
 ooCMF Iter:  146 Total= -5067.488181126252 G=    1.455e-04 #SS:   24
 ooCMF Iter:  147 Total= -5067.488181124951 G=    1.627e-04 #SS:   24
 ooCMF Iter:  148 Total= -5067.488181125113 G=    1.604e-04 #SS:   24
 ooCMF Iter:  149 Total= -5067.488181125017 G=    1.607e-04 #SS:   24
 ooCMF Iter:  150 Total= -5067.488181124711 G=    1.652e-04 #SS:   24
 ooCMF Iter:  151 Total= -5067.488181124718 G=    1.673e-04 #SS:   24
 ooCMF Iter:  152 Total= -5067.488181124307 G=    1.757e-04 #SS:   24
 ooCMF Iter:  153 Total= -5067.488181123936 G=    1.807e-04 #SS:   24
 ooCMF Iter:  154 Total= -5067.488181123674 G=    1.849e-04 #SS:   24
 ooCMF Iter:  155 Total= -5067.488181123881 G=    1.842e-04 #SS:   24
 ooCMF Iter:  156 Total= -5067.488181125471 G=    1.689e-04 #SS:   24
 ooCMF Iter:  157 Total= -5067.488181123129 G=    2.014e-04 #SS:   24
 ooCMF Iter:  158 Total= -5067.488181124733 G=    1.757e-04 #SS:   24
 ooCMF Iter:  159 Total= -5067.488181125285 G=    1.648e-04 #SS:   24
 ooCMF Iter:  160 Total= -5067.488181125846 G=    1.560e-04 #SS:   24
 ooCMF Iter:  161 Total= -5067.488181122586 G=    2.072e-04 #SS:   24
 ooCMF Iter:  162 Total= -5067.488181122832 G=    2.023e-04 #SS:   24
 ooCMF Iter:  163 Total= -5067.488181126378 G=    1.475e-04 #SS:   24
 ooCMF Iter:  164 Total= -5067.488181122870 G=    2.050e-04 #SS:   24
 ooCMF Iter:  165 Total= -5067.488181125588 G=    1.643e-04 #SS:   24
 ooCMF Iter:  166 Total= -5067.488181125793 G=    1.608e-04 #SS:   24
 ooCMF Iter:  167 Total= -5067.488181126372 G=    1.496e-04 #SS:   24
 ooCMF Iter:  168 Total= -5067.488181125036 G=    1.676e-04 #SS:   24
 ooCMF Iter:  169 Total= -5067.488181123461 G=    1.860e-04 #SS:   24
 ooCMF Iter:  170 Total= -5067.488181124273 G=    1.807e-04 #SS:   24
 ooCMF Iter:  171 Total= -5067.488181124816 G=    1.709e-04 #SS:   24
 ooCMF Iter:  172 Total= -5067.488181124912 G=    1.658e-04 #SS:   24
 ooCMF Iter:  173 Total= -5067.488181125379 G=    1.607e-04 #SS:   24
 ooCMF Iter:  174 Total= -5067.488181127289 G=    1.283e-04 #SS:   24
 ooCMF Iter:  175 Total= -5067.488181126681 G=    1.417e-04 #SS:   24
 ooCMF Iter:  176 Total= -5067.488181126880 G=    1.404e-04 #SS:   24
 ooCMF Iter:  177 Total= -5067.488181126535 G=    1.534e-04 #SS:   24
 ooCMF Iter:  178 Total= -5067.488181127325 G=    1.368e-04 #SS:   24
 ooCMF Iter:  179 Total= -5067.488181127065 G=    1.375e-04 #SS:   24
 ooCMF Iter:  180 Total= -5067.488181127108 G=    1.340e-04 #SS:   24
 ooCMF Iter:  181 Total= -5067.488181126918 G=    1.343e-04 #SS:   24
 ooCMF Iter:  182 Total= -5067.488181126821 G=    1.397e-04 #SS:   24
 ooCMF Iter:  183 Total= -5067.488181126891 G=    1.414e-04 #SS:   24
 ooCMF Iter:  184 Total= -5067.488181126924 G=    1.384e-04 #SS:   24
 ooCMF Iter:  185 Total= -5067.488181127452 G=    1.310e-04 #SS:   24
 ooCMF Iter:  186 Total= -5067.488181127324 G=    1.311e-04 #SS:   24
 ooCMF Iter:  187 Total= -5067.488181128942 G=    9.083e-05 #SS:   24
 ooCMF Iter:  188 Total= -5067.488181128760 G=    9.545e-05 #SS:   24
 ooCMF Iter:  189 Total= -5067.488181123963 G=    1.963e-04 #SS:   24
 ooCMF Iter:  190 Total= -5067.488181126425 G=    1.463e-04 #SS:   24
 ooCMF Iter:  191 Total= -5067.488181127437 G=    1.313e-04 #SS:   24
 ooCMF Iter:  192 Total= -5067.488181126179 G=    1.510e-04 #SS:   24
 ooCMF Iter:  193 Total= -5067.488181126860 G=    1.327e-04 #SS:   24
 ooCMF Iter:  194 Total= -5067.488181127945 G=    1.096e-04 #SS:   24
 ooCMF Iter:  195 Total= -5067.488181128262 G=    1.064e-04 #SS:   24
 ooCMF Iter:  196 Total= -5067.488181128307 G=    1.019e-04 #SS:   24
 ooCMF Iter:  197 Total= -5067.488181128543 G=    9.678e-05 #SS:   24
 ooCMF Iter:  198 Total= -5067.488181128371 G=    1.052e-04 #SS:   24
 ooCMF Iter:  199 Total= -5067.488181128862 G=    9.552e-05 #SS:   24
 ooCMF Iter:  200 Total= -5067.488181128731 G=    9.834e-05 #SS:   24
 ooCMF Iter:  201 Total= -5067.488181129063 G=    9.039e-05 #SS:   24
 ooCMF Iter:  202 Total= -5067.488181128840 G=    9.526e-05 #SS:   24
 ooCMF Iter:  203 Total= -5067.488181129034 G=    8.984e-05 #SS:   24
 ooCMF Iter:  204 Total= -5067.488181128579 G=    1.040e-04 #SS:   24
 ooCMF Iter:  205 Total= -5067.488181128783 G=    9.823e-05 #SS:   24
 ooCMF Iter:  206 Total= -5067.488181128734 G=    1.000e-04 #SS:   24
 ooCMF Iter:  207 Total= -5067.488181128762 G=    9.889e-05 #SS:   24
 ooCMF Iter:  208 Total= -5067.488181127894 G=    1.238e-04 #SS:   24
 ooCMF Iter:  209 Total= -5067.488181127780 G=    1.248e-04 #SS:   24
 ooCMF Iter:  210 Total= -5067.488181128075 G=    1.186e-04 #SS:   24
 ooCMF Iter:  211 Total= -5067.488181128383 G=    1.113e-04 #SS:   24
 ooCMF Iter:  212 Total= -5067.488181128214 G=    1.129e-04 #SS:   24
 ooCMF Iter:  213 Total= -5067.488181128680 G=    1.022e-04 #SS:   24
 ooCMF Iter:  214 Total= -5067.488181128500 G=    1.062e-04 #SS:   24
 ooCMF Iter:  215 Total= -5067.488181128568 G=    1.023e-04 #SS:   24
 ooCMF Iter:  216 Total= -5067.488181128483 G=    1.017e-04 #SS:   24
 ooCMF Iter:  217 Total= -5067.488181127998 G=    1.212e-04 #SS:   24
 ooCMF Iter:  218 Total= -5067.488181127452 G=    1.373e-04 #SS:   24
 ooCMF Iter:  219 Total= -5067.488181127387 G=    1.350e-04 #SS:   24
 ooCMF Iter:  220 Total= -5067.488181128424 G=    1.085e-04 #SS:   24
 ooCMF Iter:  221 Total= -5067.488181128529 G=    1.040e-04 #SS:   24
 ooCMF Iter:  222 Total= -5067.488181128605 G=    1.017e-04 #SS:   24
 ooCMF Iter:  223 Total= -5067.488181128808 G=    9.458e-05 #SS:   24
 ooCMF Iter:  224 Total= -5067.488181128777 G=    9.497e-05 #SS:   24
 ooCMF Iter:  225 Total= -5067.488181128017 G=    1.185e-04 #SS:   24
 ooCMF Iter:  226 Total= -5067.488181127415 G=    1.337e-04 #SS:   24
 ooCMF Iter:  227 Total= -5067.488181126511 G=    1.502e-04 #SS:   24
 ooCMF Iter:  228 Total= -5067.488181126628 G=    1.481e-04 #SS:   24
 ooCMF Iter:  229 Total= -5067.488181126421 G=    1.501e-04 #SS:   24
 ooCMF Iter:  230 Total= -5067.488181126575 G=    1.477e-04 #SS:   24
 ooCMF Iter:  231 Total= -5067.488181126551 G=    1.464e-04 #SS:   24
 ooCMF Iter:  232 Total= -5067.488181126712 G=    1.446e-04 #SS:   24
 ooCMF Iter:  233 Total= -5067.488181126600 G=    1.465e-04 #SS:   24
 ooCMF Iter:  234 Total= -5067.488181126555 G=    1.470e-04 #SS:   24
 ooCMF Iter:  235 Total= -5067.488181126352 G=    1.508e-04 #SS:   24
 ooCMF Iter:  236 Total= -5067.488181125907 G=    1.558e-04 #SS:   24
 ooCMF Iter:  237 Total= -5067.488181125237 G=    1.701e-04 #SS:   24
 ooCMF Iter:  238 Total= -5067.488181125587 G=    1.630e-04 #SS:   24
 ooCMF Iter:  239 Total= -5067.488181125265 G=    1.711e-04 #SS:   24
 ooCMF Iter:  240 Total= -5067.488181123735 G=    1.993e-04 #SS:   24
 ooCMF Iter:  241 Total= -5067.488181125993 G=    1.557e-04 #SS:   24
 ooCMF Iter:  242 Total= -5067.488181120156 G=    2.459e-04 #SS:   24
 ooCMF Iter:  243 Total= -5067.488181123483 G=    1.953e-04 #SS:   24
 ooCMF Iter:  244 Total= -5067.488181125967 G=    1.558e-04 #SS:   24
 ooCMF Iter:  245 Total= -5067.488181125585 G=    1.547e-04 #SS:   24
 ooCMF Iter:  246 Total= -5067.488181125477 G=    1.597e-04 #SS:   24
 ooCMF Iter:  247 Total= -5067.488181125921 G=    1.527e-04 #SS:   24
 ooCMF Iter:  248 Total= -5067.488181125824 G=    1.527e-04 #SS:   24
 ooCMF Iter:  249 Total= -5067.488181127032 G=    1.354e-04 #SS:   24
 ooCMF Iter:  250 Total= -5067.488181127621 G=    1.243e-04 #SS:   24
 ooCMF Iter:  251 Total= -5067.488181126445 G=    1.509e-04 #SS:   24
 ooCMF Iter:  252 Total= -5067.488181126436 G=    1.517e-04 #SS:   24
 ooCMF Iter:  253 Total= -5067.488181126042 G=    1.564e-04 #SS:   24
 ooCMF Iter:  254 Total= -5067.488181126082 G=    1.561e-04 #SS:   24
 ooCMF Iter:  255 Total= -5067.488181125383 G=    1.667e-04 #SS:   24
 ooCMF Iter:  256 Total= -5067.488181124494 G=    1.847e-04 #SS:   24
 ooCMF Iter:  257 Total= -5067.488181124649 G=    1.854e-04 #SS:   24
 ooCMF Iter:  258 Total= -5067.488181123808 G=    1.987e-04 #SS:   24
 ooCMF Iter:  259 Total= -5067.488181124906 G=    1.848e-04 #SS:   24
 ooCMF Iter:  260 Total= -5067.488181121997 G=    2.187e-04 #SS:   24
 ooCMF Iter:  261 Total= -5067.488181122937 G=    2.151e-04 #SS:   24
 ooCMF Iter:  262 Total= -5067.488181123907 G=    1.974e-04 #SS:   24
 ooCMF Iter:  263 Total= -5067.488181125692 G=    1.663e-04 #SS:   24
 ooCMF Iter:  264 Total= -5067.488181125604 G=    1.695e-04 #SS:   24
 ooCMF Iter:  265 Total= -5067.488181125182 G=    1.750e-04 #SS:   24
 ooCMF Iter:  266 Total= -5067.488181125725 G=    1.659e-04 #SS:   24
 ooCMF Iter:  267 Total= -5067.488181125004 G=    1.767e-04 #SS:   24
 ooCMF Iter:  268 Total= -5067.488181123813 G=    1.901e-04 #SS:   24
 ooCMF Iter:  269 Total= -5067.488181123530 G=    1.950e-04 #SS:   24
 ooCMF Iter:  270 Total= -5067.488181122373 G=    2.096e-04 #SS:   24
 ooCMF Iter:  271 Total= -5067.488181122830 G=    2.031e-04 #SS:   24
 ooCMF Iter:  272 Total= -5067.488181125432 G=    1.708e-04 #SS:   24
 ooCMF Iter:  273 Total= -5067.488181126697 G=    1.451e-04 #SS:   24
 ooCMF Iter:  274 Total= -5067.488181126070 G=    1.559e-04 #SS:   24
 ooCMF Iter:  275 Total= -5067.488181125949 G=    1.566e-04 #SS:   24
 ooCMF Iter:  276 Total= -5067.488181125355 G=    1.630e-04 #SS:   24
 ooCMF Iter:  277 Total= -5067.488181125603 G=    1.600e-04 #SS:   24
 ooCMF Iter:  278 Total= -5067.488181125054 G=    1.646e-04 #SS:   24
 ooCMF Iter:  279 Total= -5067.488181126004 G=    1.528e-04 #SS:   24
 ooCMF Iter:  280 Total= -5067.488181126339 G=    1.478e-04 #SS:   24
 ooCMF Iter:  281 Total= -5067.488181126813 G=    1.399e-04 #SS:   24
 ooCMF Iter:  282 Total= -5067.488181126660 G=    1.410e-04 #SS:   24
 ooCMF Iter:  283 Total= -5067.488181126885 G=    1.370e-04 #SS:   24
 ooCMF Iter:  284 Total= -5067.488181126943 G=    1.348e-04 #SS:   24
 ooCMF Iter:  285 Total= -5067.488181125911 G=    1.537e-04 #SS:   24
 ooCMF Iter:  286 Total= -5067.488181126106 G=    1.552e-04 #SS:   24
 ooCMF Iter:  287 Total= -5067.488181124414 G=    1.814e-04 #SS:   24
 ooCMF Iter:  288 Total= -5067.488181127205 G=    1.348e-04 #SS:   24
 ooCMF Iter:  289 Total= -5067.488181127332 G=    1.321e-04 #SS:   24
 ooCMF Iter:  290 Total= -5067.488181127097 G=    1.359e-04 #SS:   24
 ooCMF Iter:  291 Total= -5067.488181126283 G=    1.556e-04 #SS:   24
 ooCMF Iter:  292 Total= -5067.488181126493 G=    1.508e-04 #SS:   24
 ooCMF Iter:  293 Total= -5067.488181125394 G=    1.703e-04 #SS:   24
 ooCMF Iter:  294 Total= -5067.488181126617 G=    1.471e-04 #SS:   24
 ooCMF Iter:  295 Total= -5067.488181127014 G=    1.359e-04 #SS:   24
 ooCMF Iter:  296 Total= -5067.488181127977 G=    1.164e-04 #SS:   24
 ooCMF Iter:  297 Total= -5067.488181128348 G=    1.084e-04 #SS:   24
 ooCMF Iter:  298 Total= -5067.488181128610 G=    1.046e-04 #SS:   24
 ooCMF Iter:  299 Total= -5067.488181127441 G=    1.253e-04 #SS:   24
 ooCMF Iter:  300 Total= -5067.488181127453 G=    1.258e-04 #SS:   24
 ooCMF Iter:  301 Total= -5067.488181128327 G=    1.032e-04 #SS:   24
 ooCMF Iter:  302 Total= -5067.488181128238 G=    1.066e-04 #SS:   24
 ooCMF Iter:  303 Total= -5067.488181128289 G=    1.062e-04 #SS:   24
 ooCMF Iter:  304 Total= -5067.488181128406 G=    1.023e-04 #SS:   24
 ooCMF Iter:  305 Total= -5067.488181128792 G=    9.367e-05 #SS:   24
 ooCMF Iter:  306 Total= -5067.488181128996 G=    8.969e-05 #SS:   24
 ooCMF Iter:  307 Total= -5067.488181129153 G=    8.620e-05 #SS:   24
 ooCMF Iter:  308 Total= -5067.488181128072 G=    1.108e-04 #SS:   24
 ooCMF Iter:  309 Total= -5067.488181127982 G=    1.128e-04 #SS:   24
 ooCMF Iter:  310 Total= -5067.488181128922 G=    9.158e-05 #SS:   24
 ooCMF Iter:  311 Total= -5067.488181129100 G=    8.867e-05 #SS:   24
 ooCMF Iter:  312 Total= -5067.488181129213 G=    7.935e-05 #SS:   24
 ooCMF Iter:  313 Total= -5067.488181129263 G=    7.739e-05 #SS:   24
 ooCMF Iter:  314 Total= -5067.488181129268 G=    7.749e-05 #SS:   24
 ooCMF Iter:  315 Total= -5067.488181129231 G=    7.866e-05 #SS:   24
 ooCMF Iter:  316 Total= -5067.488181128393 G=    1.014e-04 #SS:   24
 ooCMF Iter:  317 Total= -5067.488181126404 G=    1.463e-04 #SS:   24
 ooCMF Iter:  318 Total= -5067.488181124946 G=    1.764e-04 #SS:   24
 ooCMF Iter:  319 Total= -5067.488181125959 G=    1.585e-04 #SS:   24
 ooCMF Iter:  320 Total= -5067.488181125731 G=    1.637e-04 #SS:   24
 ooCMF Iter:  321 Total= -5067.488181124351 G=    1.848e-04 #SS:   24
 ooCMF Iter:  322 Total= -5067.488181126357 G=    1.530e-04 #SS:   24
 ooCMF Iter:  323 Total= -5067.488181124857 G=    1.834e-04 #SS:   24
 ooCMF Iter:  324 Total= -5067.488181123662 G=    1.967e-04 #SS:   24
 ooCMF Iter:  325 Total= -5067.488181123337 G=    2.019e-04 #SS:   24
 ooCMF Iter:  326 Total= -5067.488181123051 G=    2.077e-04 #SS:   24
 ooCMF Iter:  327 Total= -5067.488181123592 G=    1.969e-04 #SS:   24
 ooCMF Iter:  328 Total= -5067.488181123328 G=    2.011e-04 #SS:   24
 ooCMF Iter:  329 Total= -5067.488181123427 G=    1.990e-04 #SS:   24
 ooCMF Iter:  330 Total= -5067.488181123317 G=    2.048e-04 #SS:   24
 ooCMF Iter:  331 Total= -5067.488181123538 G=    2.028e-04 #SS:   24
 ooCMF Iter:  332 Total= -5067.488181123340 G=    2.048e-04 #SS:   24
 ooCMF Iter:  333 Total= -5067.488181123256 G=    2.059e-04 #SS:   24
 ooCMF Iter:  334 Total= -5067.488181123730 G=    1.969e-04 #SS:   24
 ooCMF Iter:  335 Total= -5067.488181123508 G=    1.975e-04 #SS:   24
 ooCMF Iter:  336 Total= -5067.488181123218 G=    2.039e-04 #SS:   24
 ooCMF Iter:  337 Total= -5067.488181124580 G=    1.814e-04 #SS:   24
 ooCMF Iter:  338 Total= -5067.488181124756 G=    1.807e-04 #SS:   24
 ooCMF Iter:  339 Total= -5067.488181124784 G=    1.807e-04 #SS:   24
 ooCMF Iter:  340 Total= -5067.488181124712 G=    1.813e-04 #SS:   24
 ooCMF Iter:  341 Total= -5067.488181125143 G=    1.702e-04 #SS:   24
 ooCMF Iter:  342 Total= -5067.488181122792 G=    2.037e-04 #SS:   24
 ooCMF Iter:  343 Total= -5067.488181122044 G=    2.118e-04 #SS:   24
 ooCMF Iter:  344 Total= -5067.488181122229 G=    2.077e-04 #SS:   24
 ooCMF Iter:  345 Total= -5067.488181122186 G=    2.099e-04 #SS:   24
 ooCMF Iter:  346 Total= -5067.488181122270 G=    2.086e-04 #SS:   24
 ooCMF Iter:  347 Total= -5067.488181117410 G=    2.724e-04 #SS:   24
 ooCMF Iter:  348 Total= -5067.488181119162 G=    2.574e-04 #SS:   24
 ooCMF Iter:  349 Total= -5067.488181122717 G=    2.174e-04 #SS:   24
 ooCMF Iter:  350 Total= -5067.488181120403 G=    2.505e-04 #SS:   24
 ooCMF Iter:  351 Total= -5067.488181120407 G=    2.508e-04 #SS:   24
 ooCMF Iter:  352 Total= -5067.488181122450 G=    2.202e-04 #SS:   24
 ooCMF Iter:  353 Total= -5067.488181119181 G=    2.628e-04 #SS:   24
 ooCMF Iter:  354 Total= -5067.488181121726 G=    2.306e-04 #SS:   24
 ooCMF Iter:  355 Total= -5067.488181121419 G=    2.309e-04 #SS:   24
 ooCMF Iter:  356 Total= -5067.488181123284 G=    2.118e-04 #SS:   24
 ooCMF Iter:  357 Total= -5067.488181123398 G=    2.152e-04 #SS:   24
 ooCMF Iter:  358 Total= -5067.488181123668 G=    2.109e-04 #SS:   24
 ooCMF Iter:  359 Total= -5067.488181123756 G=    2.093e-04 #SS:   24
 ooCMF Iter:  360 Total= -5067.488181124869 G=    1.893e-04 #SS:   24
 ooCMF Iter:  361 Total= -5067.488181123887 G=    2.023e-04 #SS:   24
 ooCMF Iter:  362 Total= -5067.488181126606 G=    1.406e-04 #SS:   24
 ooCMF Iter:  363 Total= -5067.488181127561 G=    1.266e-04 #SS:   24
 ooCMF Iter:  364 Total= -5067.488181127520 G=    1.286e-04 #SS:   24
 ooCMF Iter:  365 Total= -5067.488181127419 G=    1.314e-04 #SS:   24
 ooCMF Iter:  366 Total= -5067.488181127427 G=    1.328e-04 #SS:   24
 ooCMF Iter:  367 Total= -5067.488181127012 G=    1.439e-04 #SS:   24
 ooCMF Iter:  368 Total= -5067.488181128202 G=    1.166e-04 #SS:   24
 ooCMF Iter:  369 Total= -5067.488181128586 G=    1.064e-04 #SS:   24
 ooCMF Iter:  370 Total= -5067.488181129177 G=    8.743e-05 #SS:   24
 ooCMF Iter:  371 Total= -5067.488181129123 G=    8.991e-05 #SS:   24
 ooCMF Iter:  372 Total= -5067.488181129163 G=    8.812e-05 #SS:   24
 ooCMF Iter:  373 Total= -5067.488181129255 G=    8.541e-05 #SS:   24
 ooCMF Iter:  374 Total= -5067.488181129031 G=    9.503e-05 #SS:   24
 ooCMF Iter:  375 Total= -5067.488181129010 G=    9.394e-05 #SS:   24
 ooCMF Iter:  376 Total= -5067.488181129025 G=    9.367e-05 #SS:   24
 ooCMF Iter:  377 Total= -5067.488181128909 G=    9.769e-05 #SS:   24
 ooCMF Iter:  378 Total= -5067.488181128590 G=    1.066e-04 #SS:   24
 ooCMF Iter:  379 Total= -5067.488181129028 G=    9.399e-05 #SS:   24
 ooCMF Iter:  380 Total= -5067.488181128341 G=    1.140e-04 #SS:   24
 ooCMF Iter:  381 Total= -5067.488181128436 G=    1.137e-04 #SS:   24
 ooCMF Iter:  382 Total= -5067.488181128491 G=    1.121e-04 #SS:   24
 ooCMF Iter:  383 Total= -5067.488181128493 G=    1.119e-04 #SS:   24
 ooCMF Iter:  384 Total= -5067.488181126678 G=    1.522e-04 #SS:   24
 ooCMF Iter:  385 Total= -5067.488181127032 G=    1.387e-04 #SS:   24
 ooCMF Iter:  386 Total= -5067.488181126983 G=    1.384e-04 #SS:   24
 ooCMF Iter:  387 Total= -5067.488181126942 G=    1.389e-04 #SS:   24
 ooCMF Iter:  388 Total= -5067.488181127096 G=    1.350e-04 #SS:   24
 ooCMF Iter:  389 Total= -5067.488181126903 G=    1.400e-04 #SS:   24
 ooCMF Iter:  390 Total= -5067.488181126815 G=    1.430e-04 #SS:   24
 ooCMF Iter:  391 Total= -5067.488181127362 G=    1.330e-04 #SS:   24
 ooCMF Iter:  392 Total= -5067.488181127823 G=    1.242e-04 #SS:   24
 ooCMF Iter:  393 Total= -5067.488181128453 G=    1.065e-04 #SS:   24
 ooCMF Iter:  394 Total= -5067.488181128877 G=    9.432e-05 #SS:   24
 ooCMF Iter:  395 Total= -5067.488181128867 G=    9.488e-05 #SS:   24
 ooCMF Iter:  396 Total= -5067.488181128445 G=    1.028e-04 #SS:   24
 ooCMF Iter:  397 Total= -5067.488181128660 G=    9.627e-05 #SS:   24
 ooCMF Iter:  398 Total= -5067.488181128886 G=    8.835e-05 #SS:   24
 ooCMF Iter:  399 Total= -5067.488181125951 G=    1.591e-04 #SS:   24
 ooCMF Iter:  400 Total= -5067.488181126201 G=    1.553e-04 #SS:   24
 ooCMF Iter:  401 Total= -5067.488181128218 G=    1.133e-04 #SS:   24
 ooCMF Iter:  402 Total= -5067.488181128601 G=    9.962e-05 #SS:   24
 ooCMF Iter:  403 Total= -5067.488181128041 G=    1.114e-04 #SS:   24
 ooCMF Iter:  404 Total= -5067.488181127528 G=    1.216e-04 #SS:   24
 ooCMF Iter:  405 Total= -5067.488181127764 G=    1.178e-04 #SS:   24
 ooCMF Iter:  406 Total= -5067.488181128237 G=    1.052e-04 #SS:   24
 ooCMF Iter:  407 Total= -5067.488181128325 G=    1.040e-04 #SS:   24
 ooCMF Iter:  408 Total= -5067.488181129006 G=    8.674e-05 #SS:   24
 ooCMF Iter:  409 Total= -5067.488181127927 G=    1.127e-04 #SS:   24
 ooCMF Iter:  410 Total= -5067.488181127163 G=    1.294e-04 #SS:   24
 ooCMF Iter:  411 Total= -5067.488181126741 G=    1.362e-04 #SS:   24
 ooCMF Iter:  412 Total= -5067.488181127023 G=    1.285e-04 #SS:   24
 ooCMF Iter:  413 Total= -5067.488181126392 G=    1.448e-04 #SS:   24
 ooCMF Iter:  414 Total= -5067.488181126536 G=    1.404e-04 #SS:   24
 ooCMF Iter:  415 Total= -5067.488181126682 G=    1.398e-04 #SS:   24
 ooCMF Iter:  416 Total= -5067.488181126935 G=    1.334e-04 #SS:   24
 ooCMF Iter:  417 Total= -5067.488181126429 G=    1.439e-04 #SS:   24
 ooCMF Iter:  418 Total= -5067.488181126435 G=    1.435e-04 #SS:   24
 ooCMF Iter:  419 Total= -5067.488181126130 G=    1.451e-04 #SS:   24
 ooCMF Iter:  420 Total= -5067.488181126038 G=    1.454e-04 #SS:   24
 ooCMF Iter:  421 Total= -5067.488181125856 G=    1.496e-04 #SS:   24
 ooCMF Iter:  422 Total= -5067.488181126068 G=    1.499e-04 #SS:   24
 ooCMF Iter:  423 Total= -5067.488181126569 G=    1.414e-04 #SS:   24
 ooCMF Iter:  424 Total= -5067.488181126482 G=    1.422e-04 #SS:   24
 ooCMF Iter:  425 Total= -5067.488181125976 G=    1.491e-04 #SS:   24
 ooCMF Iter:  426 Total= -5067.488181126070 G=    1.498e-04 #SS:   24
 ooCMF Iter:  427 Total= -5067.488181126395 G=    1.462e-04 #SS:   24
 ooCMF Iter:  428 Total= -5067.488181126314 G=    1.488e-04 #SS:   24
 ooCMF Iter:  429 Total= -5067.488181127747 G=    1.218e-04 #SS:   24
 ooCMF Iter:  430 Total= -5067.488181127989 G=    1.145e-04 #SS:   24
 ooCMF Iter:  431 Total= -5067.488181128037 G=    1.115e-04 #SS:   24
 ooCMF Iter:  432 Total= -5067.488181128073 G=    1.108e-04 #SS:   24
 ooCMF Iter:  433 Total= -5067.488181128088 G=    1.079e-04 #SS:   24
 ooCMF Iter:  434 Total= -5067.488181128308 G=    1.079e-04 #SS:   24
 ooCMF Iter:  435 Total= -5067.488181128406 G=    1.059e-04 #SS:   24
 ooCMF Iter:  436 Total= -5067.488181127976 G=    1.177e-04 #SS:   24
 ooCMF Iter:  437 Total= -5067.488181127691 G=    1.247e-04 #SS:   24
 ooCMF Iter:  438 Total= -5067.488181127158 G=    1.403e-04 #SS:   24
 ooCMF Iter:  439 Total= -5067.488181126711 G=    1.459e-04 #SS:   24
 ooCMF Iter:  440 Total= -5067.488181126409 G=    1.529e-04 #SS:   24
 ooCMF Iter:  441 Total= -5067.488181126005 G=    1.624e-04 #SS:   24
 ooCMF Iter:  442 Total= -5067.488181125472 G=    1.690e-04 #SS:   24
 ooCMF Iter:  443 Total= -5067.488181124886 G=    1.782e-04 #SS:   24
 ooCMF Iter:  444 Total= -5067.488181125025 G=    1.743e-04 #SS:   24
 ooCMF Iter:  445 Total= -5067.488181124136 G=    1.856e-04 #SS:   24
 ooCMF Iter:  446 Total= -5067.488181124394 G=    1.812e-04 #SS:   24
 ooCMF Iter:  447 Total= -5067.488181124466 G=    1.800e-04 #SS:   24
 ooCMF Iter:  448 Total= -5067.488181126068 G=    1.562e-04 #SS:   24
 ooCMF Iter:  449 Total= -5067.488181126843 G=    1.425e-04 #SS:   24
 ooCMF Iter:  450 Total= -5067.488181126851 G=    1.408e-04 #SS:   24
 ooCMF Iter:  451 Total= -5067.488181127860 G=    1.203e-04 #SS:   24
 ooCMF Iter:  452 Total= -5067.488181128195 G=    1.131e-04 #SS:   24
 ooCMF Iter:  453 Total= -5067.488181127981 G=    1.173e-04 #SS:   24
 ooCMF Iter:  454 Total= -5067.488181124631 G=    1.761e-04 #SS:   24
 ooCMF Iter:  455 Total= -5067.488181127336 G=    1.323e-04 #SS:   24
 ooCMF Iter:  456 Total= -5067.488181127602 G=    1.289e-04 #SS:   24
 ooCMF Iter:  457 Total= -5067.488181126578 G=    1.556e-04 #SS:   24
 ooCMF Iter:  458 Total= -5067.488181125667 G=    1.720e-04 #SS:   24
 ooCMF Iter:  459 Total= -5067.488181126069 G=    1.634e-04 #SS:   24
 ooCMF Iter:  460 Total= -5067.488181126558 G=    1.512e-04 #SS:   24
 ooCMF Iter:  461 Total= -5067.488181126592 G=    1.519e-04 #SS:   24
 ooCMF Iter:  462 Total= -5067.488181127434 G=    1.344e-04 #SS:   24
 ooCMF Iter:  463 Total= -5067.488181128086 G=    1.193e-04 #SS:   24
 ooCMF Iter:  464 Total= -5067.488181127231 G=    1.363e-04 #SS:   24
 ooCMF Iter:  465 Total= -5067.488181126539 G=    1.504e-04 #SS:   24
 ooCMF Iter:  466 Total= -5067.488181126403 G=    1.538e-04 #SS:   24
 ooCMF Iter:  467 Total= -5067.488181126429 G=    1.550e-04 #SS:   24
 ooCMF Iter:  468 Total= -5067.488181126077 G=    1.616e-04 #SS:   24
 ooCMF Iter:  469 Total= -5067.488181126031 G=    1.633e-04 #SS:   24
 ooCMF Iter:  470 Total= -5067.488181126318 G=    1.563e-04 #SS:   24
 ooCMF Iter:  471 Total= -5067.488181125931 G=    1.633e-04 #SS:   24
 ooCMF Iter:  472 Total= -5067.488181126484 G=    1.504e-04 #SS:   24
 ooCMF Iter:  473 Total= -5067.488181127092 G=    1.372e-04 #SS:   24
 ooCMF Iter:  474 Total= -5067.488181127997 G=    1.161e-04 #SS:   24
 ooCMF Iter:  475 Total= -5067.488181128151 G=    1.136e-04 #SS:   24
 ooCMF Iter:  476 Total= -5067.488181127763 G=    1.198e-04 #SS:   24
 ooCMF Iter:  477 Total= -5067.488181127826 G=    1.189e-04 #SS:   24
 ooCMF Iter:  478 Total= -5067.488181127890 G=    1.167e-04 #SS:   24
 ooCMF Iter:  479 Total= -5067.488181128128 G=    1.105e-04 #SS:   24
 ooCMF Iter:  480 Total= -5067.488181127319 G=    1.310e-04 #SS:   24
 ooCMF Iter:  481 Total= -5067.488181125768 G=    1.532e-04 #SS:   24
 ooCMF Iter:  482 Total= -5067.488181126037 G=    1.539e-04 #SS:   24
 ooCMF Iter:  483 Total= -5067.488181126218 G=    1.470e-04 #SS:   24
 ooCMF Iter:  484 Total= -5067.488181126774 G=    1.380e-04 #SS:   24
 ooCMF Iter:  485 Total= -5067.488181125635 G=    1.566e-04 #SS:   24
 ooCMF Iter:  486 Total= -5067.488181126411 G=    1.440e-04 #SS:   24
 ooCMF Iter:  487 Total= -5067.488181123887 G=    1.974e-04 #SS:   24
 ooCMF Iter:  488 Total= -5067.488181123866 G=    2.003e-04 #SS:   24
 ooCMF Iter:  489 Total= -5067.488181124381 G=    1.913e-04 #SS:   24
 ooCMF Iter:  490 Total= -5067.488181125130 G=    1.808e-04 #SS:   24
 ooCMF Iter:  491 Total= -5067.488181123263 G=    2.112e-04 #SS:   24
 ooCMF Iter:  492 Total= -5067.488181123165 G=    2.123e-04 #SS:   24
 ooCMF Iter:  493 Total= -5067.488181123491 G=    2.067e-04 #SS:   24
 ooCMF Iter:  494 Total= -5067.488181123230 G=    2.093e-04 #SS:   24
 ooCMF Iter:  495 Total= -5067.488181123770 G=    1.992e-04 #SS:   24
 ooCMF Iter:  496 Total= -5067.488181125514 G=    1.643e-04 #SS:   24
 ooCMF Iter:  497 Total= -5067.488181123875 G=    1.929e-04 #SS:   24
 ooCMF Iter:  498 Total= -5067.488181124848 G=    1.806e-04 #SS:   24
 ooCMF Iter:  499 Total= -5067.488181125758 G=    1.633e-04 #SS:   24
 ooCMF Iter:  500 Total= -5067.488181126298 G=    1.529e-04 #SS:   24
 21.916016 seconds (247.27 M allocations: 14.220 GiB, 9.10% gc time)
 Solve OO-CMF with DIIS
 ooCMF Iter:    1 Total= -5067.488181130428 G=    1.096e-05 #SS:    1
 ooCMF Iter:    2 Total= -5067.488181130170 G=    4.380e-05 #SS:    2
 ooCMF Iter:    3 Total= -5067.488181130157 G=    4.498e-05 #SS:    3
 ooCMF Iter:    4 Total= -5067.488181130131 G=    4.721e-05 #SS:    4
 ooCMF Iter:    5 Total= -5067.488181130133 G=    4.701e-05 #SS:    5
 ooCMF Iter:    6 Total= -5067.488181130107 G=    4.881e-05 #SS:    6
 ooCMF Iter:    7 Total= -5067.488181130106 G=    4.893e-05 #SS:    7
 ooCMF Iter:    8 Total= -5067.488181130111 G=    4.834e-05 #SS:    8
 ooCMF Iter:    9 Total= -5067.488181130073 G=    5.117e-05 #SS:    9
 ooCMF Iter:   10 Total= -5067.488181122179 G=    2.377e-04 #SS:   10
 ooCMF Iter:   11 Total= -5067.488181044770 G=    7.612e-04 #SS:   11
 ooCMF Iter:   12 Total= -5067.488181112003 G=    3.547e-04 #SS:   12
 ooCMF Iter:   13 Total= -5067.488181105907 G=    4.067e-04 #SS:   13
 ooCMF Iter:   14 Total= -5067.488181130022 G=    5.360e-05 #SS:   14
 ooCMF Iter:   15 Total= -5067.488181129859 G=    6.355e-05 #SS:   15
 ooCMF Iter:   16 Total= -5067.488181130102 G=    4.810e-05 #SS:   16
 ooCMF Iter:   17 Total= -5067.488181130007 G=    5.450e-05 #SS:   17
 ooCMF Iter:   18 Total= -5067.488181129142 G=    9.427e-05 #SS:   18
 ooCMF Iter:   19 Total= -5067.488181129222 G=    9.129e-05 #SS:   19
 ooCMF Iter:   20 Total= -5067.488181129104 G=    9.553e-05 #SS:   20
 ooCMF Iter:   21 Total= -5067.488181126261 G=    1.682e-04 #SS:   21
 ooCMF Iter:   22 Total= -5067.488181117768 G=    2.930e-04 #SS:   22
 ooCMF Iter:   23 Total= -5067.488181095812 G=    4.848e-04 #SS:   23
 ooCMF Iter:   24 Total= -5067.488181086050 G=    5.482e-04 #SS:   24
 ooCMF Iter:   25 Total= -5067.488181126833 G=    1.547e-04 #SS:   24
 ooCMF Iter:   26 Total= -5067.488181010374 G=    9.007e-04 #SS:   24
 ooCMF Iter:   27 Total= -5067.488181116031 G=    3.127e-04 #SS:   24
 ooCMF Iter:   28 Total= -5067.488181127879 G=    1.320e-04 #SS:   24
 ooCMF Iter:   29 Total= -5067.488181113285 G=    3.414e-04 #SS:   24
 ooCMF Iter:   30 Total= -5067.488181105459 G=    4.123e-04 #SS:   24
 ooCMF Iter:   31 Total= -5067.488181123477 G=    2.138e-04 #SS:   24
 ooCMF Iter:   32 Total= -5067.488181121708 G=    2.395e-04 #SS:   24
 ooCMF Iter:   33 Total= -5067.488181117440 G=    2.935e-04 #SS:   24
 ooCMF Iter:   34 Total= -5067.488181121727 G=    2.403e-04 #SS:   24
 ooCMF Iter:   35 Total= -5067.488181125875 G=    1.747e-04 #SS:   24
 ooCMF Iter:   36 Total= -5067.488181125824 G=    1.760e-04 #SS:   24
 ooCMF Iter:   37 Total= -5067.488181129986 G=    5.522e-05 #SS:   24
 ooCMF Iter:   38 Total= -5067.488181130176 G=    4.304e-05 #SS:   24
 ooCMF Iter:   39 Total= -5067.488181127505 G=    1.417e-04 #SS:   24
 ooCMF Iter:   40 Total= -5067.488181119170 G=    2.774e-04 #SS:   24
 ooCMF Iter:   41 Total= -5067.488181096330 G=    4.811e-04 #SS:   24
 ooCMF Iter:   42 Total= -5067.488181033872 G=    8.042e-04 #SS:   24
 ooCMF Iter:   43 Total= -5067.488181012573 G=    8.917e-04 #SS:   24
 ooCMF Iter:   44 Total= -5067.488179747248 G=    3.024e-03 #SS:   24
 ooCMF Iter:   45 Total= -5067.488180906566 G=    1.237e-03 #SS:   24
 ooCMF Iter:   46 Total= -5067.488180834888 G=    1.421e-03 #SS:   24
 ooCMF Iter:   47 Total= -5067.488180412462 G=    2.210e-03 #SS:   24
 ooCMF Iter:   48 Total= -5067.488180226263 G=    2.471e-03 #SS:   24
 ooCMF Iter:   49 Total= -5067.488180907163 G=    1.226e-03 #SS:   24
 ooCMF Iter:   50 Total= -5067.488181044097 G=    7.589e-04 #SS:   24
 ooCMF Iter:   51 Total= -5067.488177014191 G=    5.239e-03 #SS:   24
 ooCMF Iter:   52 Total= -5067.488176711715 G=    5.471e-03 #SS:   24
 ooCMF Iter:   53 Total= -5067.488181032362 G=    8.175e-04 #SS:   24
 ooCMF Iter:   54 Total= -5067.488180543770 G=    1.969e-03 #SS:   24
 ooCMF Iter:   55 Total= -5067.488178099226 G=    4.473e-03 #SS:   24
 ooCMF Iter:   56 Total= -5067.488179126384 G=    3.629e-03 #SS:   24
 ooCMF Iter:   57 Total= -5067.488178460691 G=    4.193e-03 #SS:   24
 ooCMF Iter:   58 Total= -5067.488177562729 G=    4.863e-03 #SS:   24
 ooCMF Iter:   59 Total= -5067.488180725830 G=    1.641e-03 #SS:   24
 ooCMF Iter:   60 Total= -5067.488178062939 G=    4.501e-03 #SS:   24
 ooCMF Iter:   61 Total= -5067.488179848240 G=    2.905e-03 #SS:   24
 ooCMF Iter:   62 Total= -5067.488179820360 G=    2.936e-03 #SS:   24
 ooCMF Iter:   63 Total= -5067.488176398278 G=    5.688e-03 #SS:   24
 ooCMF Iter:   64 Total= -5067.488180888556 G=    1.282e-03 #SS:   24
 ooCMF Iter:   65 Total= -5067.488179184267 G=    3.582e-03 #SS:   24
 ooCMF Iter:   66 Total= -5067.488181079572 G=    5.876e-04 #SS:   24
 ooCMF Iter:   67 Total= -5067.488179885926 G=    2.889e-03 #SS:   24
 ooCMF Iter:   68 Total= -5067.488177743244 G=    4.732e-03 #SS:   24
 ooCMF Iter:   69 Total= -5067.488178536071 G=    4.154e-03 #SS:   24
 ooCMF Iter:   70 Total= -5067.488179674807 G=    3.149e-03 #SS:   24
 ooCMF Iter:   71 Total= -5067.488179955479 G=    2.832e-03 #SS:   24
 ooCMF Iter:   72 Total= -5067.488179869060 G=    2.931e-03 #SS:   24
 ooCMF Iter:   73 Total= -5067.488180934996 G=    1.135e-03 #SS:   24
 ooCMF Iter:   74 Total= -5067.488178008956 G=    4.594e-03 #SS:   24
 ooCMF Iter:   75 Total= -5067.488179178694 G=    3.622e-03 #SS:   24
 ooCMF Iter:   76 Total= -5067.488180144225 G=    2.575e-03 #SS:   24
 ooCMF Iter:   77 Total= -5067.488179462662 G=    3.347e-03 #SS:   24
 ooCMF Iter:   78 Total= -5067.488179577470 G=    3.198e-03 #SS:   24
 ooCMF Iter:   79 Total= -5067.488180594431 G=    1.921e-03 #SS:   24
 ooCMF Iter:   80 Total= -5067.488180050178 G=    2.658e-03 #SS:   24
 ooCMF Iter:   81 Total= -5067.488180813169 G=    1.445e-03 #SS:   24
 ooCMF Iter:   82 Total= -5067.488180526504 G=    1.993e-03 #SS:   24
 ooCMF Iter:   83 Total= -5067.488180891078 G=    1.256e-03 #SS:   24
 ooCMF Iter:   84 Total= -5067.488180852431 G=    1.354e-03 #SS:   24
 ooCMF Iter:   85 Total= -5067.488180980100 G=    9.976e-04 #SS:   24
 ooCMF Iter:   86 Total= -5067.488181080225 G=    5.789e-04 #SS:   24
 ooCMF Iter:   87 Total= -5067.488181116144 G=    3.089e-04 #SS:   24
 ooCMF Iter:   88 Total= -5067.488181117762 G=    2.907e-04 #SS:   24
 ooCMF Iter:   89 Total= -5067.488181065053 G=    6.599e-04 #SS:   24
 ooCMF Iter:   90 Total= -5067.488181089910 G=    5.207e-04 #SS:   24
 ooCMF Iter:   91 Total= -5067.488180900533 G=    1.248e-03 #SS:   24
 ooCMF Iter:   92 Total= -5067.488180832354 G=    1.418e-03 #SS:   24
 ooCMF Iter:   93 Total= -5067.488180879863 G=    1.300e-03 #SS:   24
 ooCMF Iter:   94 Total= -5067.488180725803 G=    1.655e-03 #SS:   24
 ooCMF Iter:   95 Total= -5067.488181008673 G=    9.026e-04 #SS:   24
 ooCMF Iter:   96 Total= -5067.488181099263 G=    4.575e-04 #SS:   24
 ooCMF Iter:   97 Total= -5067.488181081611 G=    5.743e-04 #SS:   24
 ooCMF Iter:   98 Total= -5067.488181078766 G=    5.911e-04 #SS:   24
 ooCMF Iter:   99 Total= -5067.488181075032 G=    6.034e-04 #SS:   24
 ooCMF Iter:  100 Total= -5067.488181031876 G=    8.045e-04 #SS:   24
 ooCMF Iter:  101 Total= -5067.488180948601 G=    1.092e-03 #SS:   24
 ooCMF Iter:  102 Total= -5067.488180980632 G=    9.941e-04 #SS:   24
 ooCMF Iter:  103 Total= -5067.488180467288 G=    2.117e-03 #SS:   24
 ooCMF Iter:  104 Total= -5067.488180872099 G=    1.321e-03 #SS:   24
 ooCMF Iter:  105 Total= -5067.488181064912 G=    6.627e-04 #SS:   24
 ooCMF Iter:  106 Total= -5067.488181105918 G=    4.030e-04 #SS:   24
 ooCMF Iter:  107 Total= -5067.488181095934 G=    4.842e-04 #SS:   24
 ooCMF Iter:  108 Total= -5067.488181111808 G=    3.530e-04 #SS:   24
 ooCMF Iter:  109 Total= -5067.488181040184 G=    7.777e-04 #SS:   24
 ooCMF Iter:  110 Total= -5067.488181040640 G=    7.749e-04 #SS:   24
 ooCMF Iter:  111 Total= -5067.488180982625 G=    9.918e-04 #SS:   24
 ooCMF Iter:  112 Total= -5067.488181084444 G=    5.514e-04 #SS:   24
 ooCMF Iter:  113 Total= -5067.488181063020 G=    6.674e-04 #SS:   24
 ooCMF Iter:  114 Total= -5067.488180943727 G=    1.126e-03 #SS:   24
 ooCMF Iter:  115 Total= -5067.488180937701 G=    1.145e-03 #SS:   24
 ooCMF Iter:  116 Total= -5067.488180791821 G=    1.517e-03 #SS:   24
 ooCMF Iter:  117 Total= -5067.488181027193 G=    8.290e-04 #SS:   24
 ooCMF Iter:  118 Total= -5067.488181100330 G=    4.459e-04 #SS:   24
 ooCMF Iter:  119 Total= -5067.488181099849 G=    4.529e-04 #SS:   24
 ooCMF Iter:  120 Total= -5067.488180962692 G=    1.067e-03 #SS:   24
 ooCMF Iter:  121 Total= -5067.488180997503 G=    9.474e-04 #SS:   24
 ooCMF Iter:  122 Total= -5067.488180141210 G=    2.595e-03 #SS:   24
 ooCMF Iter:  123 Total= -5067.488179680371 G=    3.133e-03 #SS:   24
 ooCMF Iter:  124 Total= -5067.488180147387 G=    2.589e-03 #SS:   24
 ooCMF Iter:  125 Total= -5067.488180187954 G=    2.529e-03 #SS:   24
 ooCMF Iter:  126 Total= -5067.488180486654 G=    2.093e-03 #SS:   24
 ooCMF Iter:  127 Total= -5067.488180812987 G=    1.469e-03 #SS:   24
 ooCMF Iter:  128 Total= -5067.488180414441 G=    2.206e-03 #SS:   24
 ooCMF Iter:  129 Total= -5067.488180435968 G=    2.172e-03 #SS:   24
 ooCMF Iter:  130 Total= -5067.488180251352 G=    2.441e-03 #SS:   24
 ooCMF Iter:  131 Total= -5067.488179026171 G=    3.735e-03 #SS:   24
 ooCMF Iter:  132 Total= -5067.488180069019 G=    2.687e-03 #SS:   24
 ooCMF Iter:  133 Total= -5067.488179768501 G=    3.036e-03 #SS:   24
 ooCMF Iter:  134 Total= -5067.488178609508 G=    4.119e-03 #SS:   24
 ooCMF Iter:  135 Total= -5067.488178981798 G=    3.798e-03 #SS:   24
 ooCMF Iter:  136 Total= -5067.488178925969 G=    3.843e-03 #SS:   24
 ooCMF Iter:  137 Total= -5067.488178976185 G=    3.805e-03 #SS:   24
 ooCMF Iter:  138 Total= -5067.488177026060 G=    5.201e-03 #SS:   24
 ooCMF Iter:  139 Total= -5067.488176368816 G=    5.592e-03 #SS:   24
 ooCMF Iter:  140 Total= -5067.488176918435 G=    5.258e-03 #SS:   24
 ooCMF Iter:  141 Total= -5067.488180190812 G=    2.530e-03 #SS:   24
 ooCMF Iter:  142 Total= -5067.488180309053 G=    2.366e-03 #SS:   24
 ooCMF Iter:  143 Total= -5067.488180617782 G=    1.834e-03 #SS:   24
 ooCMF Iter:  144 Total= -5067.488178760487 G=    3.945e-03 #SS:   24
 ooCMF Iter:  145 Total= -5067.488180139792 G=    2.580e-03 #SS:   24
 ooCMF Iter:  146 Total= -5067.488180552939 G=    1.983e-03 #SS:   24
 ooCMF Iter:  147 Total= -5067.488180373720 G=    2.273e-03 #SS:   24
 ooCMF Iter:  148 Total= -5067.488180231442 G=    2.476e-03 #SS:   24
 ooCMF Iter:  149 Total= -5067.488180259174 G=    2.433e-03 #SS:   24
 ooCMF Iter:  150 Total= -5067.488180191172 G=    2.518e-03 #SS:   24
 ooCMF Iter:  151 Total= -5067.488180208356 G=    2.513e-03 #SS:   24
 ooCMF Iter:  152 Total= -5067.488180102000 G=    2.652e-03 #SS:   24
 ooCMF Iter:  153 Total= -5067.488179499884 G=    3.329e-03 #SS:   24
 ooCMF Iter:  154 Total= -5067.488179734311 G=    3.087e-03 #SS:   24
 ooCMF Iter:  155 Total= -5067.488180043723 G=    2.714e-03 #SS:   24
 ooCMF Iter:  156 Total= -5067.488180054446 G=    2.709e-03 #SS:   24
 ooCMF Iter:  157 Total= -5067.488179838833 G=    2.949e-03 #SS:   24
 ooCMF Iter:  158 Total= -5067.488180435180 G=    2.178e-03 #SS:   24
 ooCMF Iter:  159 Total= -5067.488180675269 G=    1.760e-03 #SS:   24
 ooCMF Iter:  160 Total= -5067.488180690767 G=    1.728e-03 #SS:   24
 ooCMF Iter:  161 Total= -5067.488180829513 G=    1.424e-03 #SS:   24
 ooCMF Iter:  162 Total= -5067.488180845422 G=    1.386e-03 #SS:   24
 ooCMF Iter:  163 Total= -5067.488180844175 G=    1.388e-03 #SS:   24
 ooCMF Iter:  164 Total= -5067.488180983839 G=    1.001e-03 #SS:   24
 ooCMF Iter:  165 Total= -5067.488180984464 G=    9.963e-04 #SS:   24
 ooCMF Iter:  166 Total= -5067.488180818465 G=    1.457e-03 #SS:   24
 ooCMF Iter:  167 Total= -5067.488180772651 G=    1.558e-03 #SS:   24
 ooCMF Iter:  168 Total= -5067.488180712759 G=    1.672e-03 #SS:   24
 ooCMF Iter:  169 Total= -5067.488180446880 G=    2.138e-03 #SS:   24
 ooCMF Iter:  170 Total= -5067.488180034958 G=    2.715e-03 #SS:   24
 ooCMF Iter:  171 Total= -5067.488180795549 G=    1.501e-03 #SS:   24
 ooCMF Iter:  172 Total= -5067.488180664992 G=    1.774e-03 #SS:   24
 ooCMF Iter:  173 Total= -5067.488180614924 G=    1.871e-03 #SS:   24
 ooCMF Iter:  174 Total= -5067.488180427044 G=    2.189e-03 #SS:   24
 ooCMF Iter:  175 Total= -5067.488179854573 G=    2.921e-03 #SS:   24
 ooCMF Iter:  176 Total= -5067.488180087313 G=    2.653e-03 #SS:   24
 ooCMF Iter:  177 Total= -5067.488180208168 G=    2.500e-03 #SS:   24
 ooCMF Iter:  178 Total= -5067.488180278246 G=    2.396e-03 #SS:   24
 ooCMF Iter:  179 Total= -5067.488179663856 G=    3.120e-03 #SS:   24
 ooCMF Iter:  180 Total= -5067.488179993827 G=    2.763e-03 #SS:   24
 ooCMF Iter:  181 Total= -5067.488179972253 G=    2.788e-03 #SS:   24
 ooCMF Iter:  182 Total= -5067.488179969946 G=    2.791e-03 #SS:   24
 ooCMF Iter:  183 Total= -5067.488179525903 G=    3.261e-03 #SS:   24
 ooCMF Iter:  184 Total= -5067.488180393406 G=    2.239e-03 #SS:   24
 ooCMF Iter:  185 Total= -5067.488179859428 G=    2.922e-03 #SS:   24
 ooCMF Iter:  186 Total= -5067.488179864282 G=    2.915e-03 #SS:   24
 ooCMF Iter:  187 Total= -5067.488178940765 G=    3.792e-03 #SS:   24
 ooCMF Iter:  188 Total= -5067.488179758256 G=    3.019e-03 #SS:   24
 ooCMF Iter:  189 Total= -5067.488179200072 G=    3.560e-03 #SS:   24
 ooCMF Iter:  190 Total= -5067.488177407784 G=    4.968e-03 #SS:   24
 ooCMF Iter:  191 Total= -5067.488177772331 G=    4.701e-03 #SS:   24
 ooCMF Iter:  192 Total= -5067.488177385782 G=    4.990e-03 #SS:   24
 ooCMF Iter:  193 Total= -5067.488179966671 G=    2.776e-03 #SS:   24
 ooCMF Iter:  194 Total= -5067.488180547792 G=    1.969e-03 #SS:   24
 ooCMF Iter:  195 Total= -5067.488180490271 G=    2.064e-03 #SS:   24
 ooCMF Iter:  196 Total= -5067.488180636662 G=    1.819e-03 #SS:   24
 ooCMF Iter:  197 Total= -5067.488180626699 G=    1.837e-03 #SS:   24
 ooCMF Iter:  198 Total= -5067.488180647905 G=    1.804e-03 #SS:   24
 ooCMF Iter:  199 Total= -5067.488180672105 G=    1.757e-03 #SS:   24
 ooCMF Iter:  200 Total= -5067.488180337879 G=    2.304e-03 #SS:   24
 ooCMF Iter:  201 Total= -5067.488180560465 G=    1.959e-03 #SS:   24
 ooCMF Iter:  202 Total= -5067.488180419576 G=    2.186e-03 #SS:   24
 ooCMF Iter:  203 Total= -5067.488180608404 G=    1.877e-03 #SS:   24
 ooCMF Iter:  204 Total= -5067.488180505340 G=    2.055e-03 #SS:   24
 ooCMF Iter:  205 Total= -5067.488180713746 G=    1.674e-03 #SS:   24
 ooCMF Iter:  206 Total= -5067.488180530789 G=    2.014e-03 #SS:   24
 ooCMF Iter:  207 Total= -5067.488180248924 G=    2.442e-03 #SS:   24
 ooCMF Iter:  208 Total= -5067.488180235510 G=    2.459e-03 #SS:   24
 ooCMF Iter:  209 Total= -5067.488180064454 G=    2.695e-03 #SS:   24
 ooCMF Iter:  210 Total= -5067.488180069488 G=    2.688e-03 #SS:   24
 ooCMF Iter:  211 Total= -5067.488180464473 G=    2.104e-03 #SS:   24
 ooCMF Iter:  212 Total= -5067.488180521012 G=    2.015e-03 #SS:   24
 ooCMF Iter:  213 Total= -5067.488180926356 G=    1.179e-03 #SS:   24
 ooCMF Iter:  214 Total= -5067.488180814407 G=    1.456e-03 #SS:   24
 ooCMF Iter:  215 Total= -5067.488180653289 G=    1.780e-03 #SS:   24
 ooCMF Iter:  216 Total= -5067.488180715583 G=    1.657e-03 #SS:   24
 ooCMF Iter:  217 Total= -5067.488181025641 G=    8.472e-04 #SS:   24
 ooCMF Iter:  218 Total= -5067.488181017885 G=    8.797e-04 #SS:   24
 ooCMF Iter:  219 Total= -5067.488180939380 G=    1.126e-03 #SS:   24
 ooCMF Iter:  220 Total= -5067.488180702386 G=    1.699e-03 #SS:   24
 ooCMF Iter:  221 Total= -5067.488180880295 G=    1.296e-03 #SS:   24
 ooCMF Iter:  222 Total= -5067.488179998949 G=    2.748e-03 #SS:   24
 ooCMF Iter:  223 Total= -5067.488180997034 G=    9.528e-04 #SS:   24
 ooCMF Iter:  224 Total= -5067.488180973128 G=    1.034e-03 #SS:   24
 ooCMF Iter:  225 Total= -5067.488180991956 G=    9.676e-04 #SS:   24
 ooCMF Iter:  226 Total= -5067.488180980858 G=    1.006e-03 #SS:   24
 ooCMF Iter:  227 Total= -5067.488180987830 G=    9.812e-04 #SS:   24
 ooCMF Iter:  228 Total= -5067.488180989387 G=    9.658e-04 #SS:   24
 ooCMF Iter:  229 Total= -5067.488180883810 G=    1.278e-03 #SS:   24
 ooCMF Iter:  230 Total= -5067.488180963086 G=    1.056e-03 #SS:   24
 ooCMF Iter:  231 Total= -5067.488181031538 G=    8.125e-04 #SS:   24
 ooCMF Iter:  232 Total= -5067.488181046891 G=    7.429e-04 #SS:   24
 ooCMF Iter:  233 Total= -5067.488181074900 G=    6.095e-04 #SS:   24
 ooCMF Iter:  234 Total= -5067.488181094493 G=    4.863e-04 #SS:   24
 ooCMF Iter:  235 Total= -5067.488181069407 G=    6.396e-04 #SS:   24
 ooCMF Iter:  236 Total= -5067.488181093871 G=    4.926e-04 #SS:   24
 ooCMF Iter:  237 Total= -5067.488181105793 G=    4.056e-04 #SS:   24
 ooCMF Iter:  238 Total= -5067.488181115976 G=    3.114e-04 #SS:   24
 ooCMF Iter:  239 Total= -5067.488181110777 G=    3.613e-04 #SS:   24
 ooCMF Iter:  240 Total= -5067.488181113956 G=    3.306e-04 #SS:   24
 ooCMF Iter:  241 Total= -5067.488181119179 G=    2.734e-04 #SS:   24
 ooCMF Iter:  242 Total= -5067.488181118208 G=    2.845e-04 #SS:   24
 ooCMF Iter:  243 Total= -5067.488181113362 G=    3.382e-04 #SS:   24
 ooCMF Iter:  244 Total= -5067.488181119713 G=    2.694e-04 #SS:   24
 ooCMF Iter:  245 Total= -5067.488181128297 G=    1.197e-04 #SS:   24
 ooCMF Iter:  246 Total= -5067.488181127199 G=    1.471e-04 #SS:   24
 ooCMF Iter:  247 Total= -5067.488181126983 G=    1.522e-04 #SS:   24
 ooCMF Iter:  248 Total= -5067.488181128533 G=    1.130e-04 #SS:   24
 ooCMF Iter:  249 Total= -5067.488181128842 G=    1.029e-04 #SS:   24
 ooCMF Iter:  250 Total= -5067.488181129741 G=    6.851e-05 #SS:   24
 ooCMF Iter:  251 Total= -5067.488181129659 G=    7.212e-05 #SS:   24
 ooCMF Iter:  252 Total= -5067.488181129705 G=    6.993e-05 #SS:   24
 ooCMF Iter:  253 Total= -5067.488181130084 G=    4.913e-05 #SS:   24
 ooCMF Iter:  254 Total= -5067.488181130071 G=    5.010e-05 #SS:   24
 ooCMF Iter:  255 Total= -5067.488181130199 G=    4.070e-05 #SS:   24
 ooCMF Iter:  256 Total= -5067.488181130206 G=    4.013e-05 #SS:   24
 ooCMF Iter:  257 Total= -5067.488181130156 G=    4.404e-05 #SS:   24
 ooCMF Iter:  258 Total= -5067.488181130248 G=    3.634e-05 #SS:   24
 ooCMF Iter:  259 Total= -5067.488181130348 G=    2.587e-05 #SS:   24
 ooCMF Iter:  260 Total= -5067.488181130350 G=    2.552e-05 #SS:   24
 ooCMF Iter:  261 Total= -5067.488181130358 G=    2.453e-05 #SS:   24
 ooCMF Iter:  262 Total= -5067.488181130348 G=    2.608e-05 #SS:   24
 ooCMF Iter:  263 Total= -5067.488181130403 G=    1.728e-05 #SS:   24
 ooCMF Iter:  264 Total= -5067.488181130408 G=    1.648e-05 #SS:   24
 ooCMF Iter:  265 Total= -5067.488181130408 G=    1.648e-05 #SS:   24
 ooCMF Iter:  266 Total= -5067.488181130417 G=    1.442e-05 #SS:   24
 ooCMF Iter:  267 Total= -5067.488181130414 G=    1.487e-05 #SS:   24
 ooCMF Iter:  268 Total= -5067.488181130427 G=    1.165e-05 #SS:   24
 ooCMF Iter:  269 Total= -5067.488181130432 G=    1.008e-05 #SS:   24
 ooCMF Iter:  270 Total= -5067.488181130432 G=    1.014e-05 #SS:   24
 ooCMF Iter:  271 Total= -5067.488181130429 G=    1.113e-05 #SS:   24
 ooCMF Iter:  272 Total= -5067.488181130431 G=    1.031e-05 #SS:   24
 ooCMF Iter:  273 Total= -5067.488181130432 G=    1.015e-05 #SS:   24
 ooCMF Iter:  274 Total= -5067.488181130430 G=    1.089e-05 #SS:   24
 ooCMF Iter:  275 Total= -5067.488181130428 G=    1.154e-05 #SS:   24
 ooCMF Iter:  276 Total= -5067.488181130421 G=    1.340e-05 #SS:   24
 ooCMF Iter:  277 Total= -5067.488181130434 G=    9.460e-06 #SS:   24
 ooCMF Iter:  278 Total= -5067.488181130435 G=    9.344e-06 #SS:   24
 ooCMF Iter:  279 Total= -5067.488181130434 G=    9.508e-06 #SS:   24
 ooCMF Iter:  280 Total= -5067.488181130434 G=    9.818e-06 #SS:   24
 ooCMF Iter:  281 Total= -5067.488181130438 G=    8.264e-06 #SS:   24
 ooCMF Iter:  282 Total= -5067.488181130439 G=    7.711e-06 #SS:   24
 ooCMF Iter:  283 Total= -5067.488181130442 G=    6.236e-06 #SS:   24
 ooCMF Iter:  284 Total= -5067.488181130444 G=    5.420e-06 #SS:   24
 ooCMF Iter:  285 Total= -5067.488181130442 G=    5.729e-06 #SS:   24
 ooCMF Iter:  286 Total= -5067.488181130443 G=    5.497e-06 #SS:   24
 ooCMF Iter:  287 Total= -5067.488181130443 G=    5.599e-06 #SS:   24
 ooCMF Iter:  288 Total= -5067.488181130443 G=    5.867e-06 #SS:   24
 ooCMF Iter:  289 Total= -5067.488181130443 G=    5.868e-06 #SS:   24
 ooCMF Iter:  290 Total= -5067.488181130444 G=    5.230e-06 #SS:   24
 ooCMF Iter:  291 Total= -5067.488181130443 G=    5.765e-06 #SS:   24
 ooCMF Iter:  292 Total= -5067.488181130442 G=    5.973e-06 #SS:   24
 ooCMF Iter:  293 Total= -5067.488181130442 G=    5.862e-06 #SS:   24
 ooCMF Iter:  294 Total= -5067.488181130443 G=    5.638e-06 #SS:   24
 ooCMF Iter:  295 Total= -5067.488181130444 G=    5.556e-06 #SS:   24
 ooCMF Iter:  296 Total= -5067.488181130445 G=    4.646e-06 #SS:   24
 ooCMF Iter:  297 Total= -5067.488181130444 G=    4.570e-06 #SS:   24
 ooCMF Iter:  298 Total= -5067.488181130440 G=    6.812e-06 #SS:   24
 ooCMF Iter:  299 Total= -5067.488181130440 G=    7.174e-06 #SS:   24
 ooCMF Iter:  300 Total= -5067.488181130439 G=    7.598e-06 #SS:   24
 ooCMF Iter:  301 Total= -5067.488181130442 G=    5.871e-06 #SS:   24
 ooCMF Iter:  302 Total= -5067.488181130446 G=    3.353e-06 #SS:   24
 ooCMF Iter:  303 Total= -5067.488181130446 G=    3.326e-06 #SS:   24
 ooCMF Iter:  304 Total= -5067.488181130446 G=    3.774e-06 #SS:   24
 ooCMF Iter:  305 Total= -5067.488181130445 G=    4.222e-06 #SS:   24
 ooCMF Iter:  306 Total= -5067.488181130446 G=    4.208e-06 #SS:   24
 ooCMF Iter:  307 Total= -5067.488181130445 G=    4.399e-06 #SS:   24
 ooCMF Iter:  308 Total= -5067.488181130446 G=    3.656e-06 #SS:   24
 ooCMF Iter:  309 Total= -5067.488181130446 G=    3.685e-06 #SS:   24
 ooCMF Iter:  310 Total= -5067.488181130447 G=    2.955e-06 #SS:   24
 ooCMF Iter:  311 Total= -5067.488181130447 G=    2.829e-06 #SS:   24
 ooCMF Iter:  312 Total= -5067.488181130446 G=    3.447e-06 #SS:   24
 ooCMF Iter:  313 Total= -5067.488181130447 G=    2.864e-06 #SS:   24
 ooCMF Iter:  314 Total= -5067.488181130447 G=    2.919e-06 #SS:   24
 ooCMF Iter:  315 Total= -5067.488181130448 G=    2.682e-06 #SS:   24
 ooCMF Iter:  316 Total= -5067.488181130447 G=    2.112e-06 #SS:   24
 ooCMF Iter:  317 Total= -5067.488181130448 G=    2.274e-06 #SS:   24
 ooCMF Iter:  318 Total= -5067.488181130447 G=    2.855e-06 #SS:   24
 ooCMF Iter:  319 Total= -5067.488181130447 G=    2.672e-06 #SS:   24
 ooCMF Iter:  320 Total= -5067.488181130447 G=    2.175e-06 #SS:   24
 ooCMF Iter:  321 Total= -5067.488181130448 G=    1.771e-06 #SS:   24
 ooCMF Iter:  322 Total= -5067.488181130448 G=    1.955e-06 #SS:   24
 ooCMF Iter:  323 Total= -5067.488181130448 G=    1.956e-06 #SS:   24
 ooCMF Iter:  324 Total= -5067.488181130448 G=    2.342e-06 #SS:   24
 ooCMF Iter:  325 Total= -5067.488181130448 G=    1.774e-06 #SS:   24
 ooCMF Iter:  326 Total= -5067.488181130448 G=    1.683e-06 #SS:   24
 ooCMF Iter:  327 Total= -5067.488181130448 G=    1.599e-06 #SS:   24
 ooCMF Iter:  328 Total= -5067.488181130448 G=    1.298e-06 #SS:   24
 ooCMF Iter:  329 Total= -5067.488181130448 G=    1.360e-06 #SS:   24
 ooCMF Iter:  330 Total= -5067.488181130448 G=    1.042e-06 #SS:   24
 ooCMF Iter:  331 Total= -5067.488181130449 G=    5.681e-07 #SS:   24
 ooCMF Iter:  332 Total= -5067.488181130449 G=    3.340e-07 #SS:   24
 ooCMF Iter:  333 Total= -5067.488181130448 G=    3.635e-07 #SS:   24
 ooCMF Iter:  334 Total= -5067.488181130449 G=    2.735e-07 #SS:   24
 ooCMF Iter:  335 Total= -5067.488181130448 G=    1.509e-07 #SS:   24
 ooCMF Iter:  336 Total= -5067.488181130448 G=    1.046e-07 #SS:   24
 ooCMF Iter:  337 Total= -5067.488181130448 G=    9.508e-08 #SS:   24
 ooCMF Iter:  338 Total= -5067.488181130448 G=    6.024e-08 #SS:   24
 ooCMF Iter:  339 Total= -5067.488181130449 G=    4.916e-08 #SS:   24
 ooCMF Iter:  340 Total= -5067.488181130448 G=    4.701e-08 #SS:   24
 ooCMF Iter:  341 Total= -5067.488181130448 G=    4.243e-08 #SS:   24
 ooCMF Iter:  342 Total= -5067.488181130448 G=    3.894e-08 #SS:   24
 ooCMF Iter:  343 Total= -5067.488181130449 G=    3.576e-08 #SS:   24
 ooCMF Iter:  344 Total= -5067.488181130448 G=    3.341e-08 #SS:   24
 ooCMF Iter:  345 Total= -5067.488181130448 G=    3.206e-08 #SS:   24
 ooCMF Iter:  346 Total= -5067.488181130448 G=    2.999e-08 #SS:   24
 ooCMF Iter:  347 Total= -5067.488181130448 G=    2.869e-08 #SS:   24
 ooCMF Iter:  348 Total= -5067.488181130448 G=    2.459e-08 #SS:   24
 ooCMF Iter:  349 Total= -5067.488181130448 G=    2.279e-08 #SS:   24
 ooCMF Iter:  350 Total= -5067.488181130448 G=    2.130e-08 #SS:   24
 ooCMF Iter:  351 Total= -5067.488181130448 G=    2.005e-08 #SS:   24
 ooCMF Iter:  352 Total= -5067.488181130448 G=    1.899e-08 #SS:   24
 ooCMF Iter:  353 Total= -5067.488181130449 G=    1.808e-08 #SS:   24
 ooCMF Iter:  354 Total= -5067.488181130449 G=    1.808e-08 #SS:   24
 ooCMF Iter:  355 Total= -5067.488181130448 G=    1.729e-08 #SS:   24
 ooCMF Iter:  356 Total= -5067.488181130448 G=    1.750e-08 #SS:   24
 ooCMF Iter:  357 Total= -5067.488181130449 G=    1.680e-08 #SS:   24
 ooCMF Iter:  358 Total= -5067.488181130449 G=    1.651e-08 #SS:   24
 ooCMF Iter:  359 Total= -5067.488181130448 G=    1.608e-08 #SS:   24
 ooCMF Iter:  360 Total= -5067.488181130448 G=    1.563e-08 #SS:   24
 ooCMF Iter:  361 Total= -5067.488181130448 G=    1.609e-08 #SS:   24
 ooCMF Iter:  362 Total= -5067.488181130448 G=    1.799e-08 #SS:   24
 ooCMF Iter:  363 Total= -5067.488181130449 G=    1.780e-08 #SS:   24
 ooCMF Iter:  364 Total= -5067.488181130448 G=    1.759e-08 #SS:   24
 ooCMF Iter:  365 Total= -5067.488181130448 G=    1.742e-08 #SS:   24
 ooCMF Iter:  366 Total= -5067.488181130448 G=    1.865e-08 #SS:   24
 ooCMF Iter:  367 Total= -5067.488181130449 G=    1.819e-08 #SS:   24
 ooCMF Iter:  368 Total= -5067.488181130448 G=    1.774e-08 #SS:   24
 ooCMF Iter:  369 Total= -5067.488181130448 G=    1.752e-08 #SS:   24
 ooCMF Iter:  370 Total= -5067.488181130448 G=    1.697e-08 #SS:   24
 ooCMF Iter:  371 Total= -5067.488181130448 G=    1.649e-08 #SS:   24
 ooCMF Iter:  372 Total= -5067.488181130449 G=    1.636e-08 #SS:   24
 ooCMF Iter:  373 Total= -5067.488181130448 G=    1.585e-08 #SS:   24
 ooCMF Iter:  374 Total= -5067.488181130448 G=    1.567e-08 #SS:   24
 ooCMF Iter:  375 Total= -5067.488181130449 G=    1.553e-08 #SS:   24
 ooCMF Iter:  376 Total= -5067.488181130448 G=    1.545e-08 #SS:   24
 ooCMF Iter:  377 Total= -5067.488181130448 G=    1.509e-08 #SS:   24
 ooCMF Iter:  378 Total= -5067.488181130448 G=    1.475e-08 #SS:   24
 ooCMF Iter:  379 Total= -5067.488181130448 G=    1.449e-08 #SS:   24
 ooCMF Iter:  380 Total= -5067.488181130449 G=    1.420e-08 #SS:   24
 ooCMF Iter:  381 Total= -5067.488181130448 G=    1.398e-08 #SS:   24
 ooCMF Iter:  382 Total= -5067.488181130448 G=    1.384e-08 #SS:   24
 ooCMF Iter:  383 Total= -5067.488181130448 G=    1.372e-08 #SS:   24
 ooCMF Iter:  384 Total= -5067.488181130448 G=    1.369e-08 #SS:   24
 ooCMF Iter:  385 Total= -5067.488181130448 G=    1.342e-08 #SS:   24
 ooCMF Iter:  386 Total= -5067.488181130448 G=    1.339e-08 #SS:   24
 ooCMF Iter:  387 Total= -5067.488181130448 G=    1.330e-08 #SS:   24
 ooCMF Iter:  388 Total= -5067.488181130448 G=    1.317e-08 #SS:   24
 ooCMF Iter:  389 Total= -5067.488181130449 G=    1.292e-08 #SS:   24
 ooCMF Iter:  390 Total= -5067.488181130449 G=    1.292e-08 #SS:   24
 ooCMF Iter:  391 Total= -5067.488181130448 G=    1.299e-08 #SS:   24
 ooCMF Iter:  392 Total= -5067.488181130448 G=    1.305e-08 #SS:   24
 ooCMF Iter:  393 Total= -5067.488181130449 G=    1.279e-08 #SS:   24
 ooCMF Iter:  394 Total= -5067.488181130448 G=    1.258e-08 #SS:   24
 ooCMF Iter:  395 Total= -5067.488181130449 G=    1.240e-08 #SS:   24
 ooCMF Iter:  396 Total= -5067.488181130448 G=    1.215e-08 #SS:   24
 ooCMF Iter:  397 Total= -5067.488181130449 G=    1.198e-08 #SS:   24
 ooCMF Iter:  398 Total= -5067.488181130449 G=    1.175e-08 #SS:   24
 ooCMF Iter:  399 Total= -5067.488181130448 G=    1.155e-08 #SS:   24
 ooCMF Iter:  400 Total= -5067.488181130448 G=    1.155e-08 #SS:   24
 ooCMF Iter:  401 Total= -5067.488181130449 G=    1.137e-08 #SS:   24
 ooCMF Iter:  402 Total= -5067.488181130448 G=    1.120e-08 #SS:   24
 ooCMF Iter:  403 Total= -5067.488181130449 G=    1.105e-08 #SS:   24
 ooCMF Iter:  404 Total= -5067.488181130449 G=    1.090e-08 #SS:   24
 ooCMF Iter:  405 Total= -5067.488181130448 G=    1.078e-08 #SS:   24
 ooCMF Iter:  406 Total= -5067.488181130448 G=    1.084e-08 #SS:   24
 ooCMF Iter:  407 Total= -5067.488181130449 G=    1.070e-08 #SS:   24
 ooCMF Iter:  408 Total= -5067.488181130448 G=    1.056e-08 #SS:   24
 ooCMF Iter:  409 Total= -5067.488181130449 G=    1.042e-08 #SS:   24
 ooCMF Iter:  410 Total= -5067.488181130449 G=    1.048e-08 #SS:   24
 ooCMF Iter:  411 Total= -5067.488181130448 G=    1.034e-08 #SS:   24
 ooCMF Iter:  412 Total= -5067.488181130449 G=    1.037e-08 #SS:   24
 ooCMF Iter:  413 Total= -5067.488181130448 G=    1.020e-08 #SS:   24
 ooCMF Iter:  414 Total= -5067.488181130448 G=    1.001e-08 #SS:   24
*ooCMF Iter:  415 Total= -5067.488181130448 G=    9.827e-09 #SS:   24
 18.394800 seconds (203.66 M allocations: 11.713 GiB, 9.27% gc time)
 Solve OO-CMF with newton
 Step:    1 E: -5067.488165630843 G:     9.32e-03  
 Step:    2 E: -5067.488181130428 G:     1.10e-05  
 Step:    3 E: -5067.488181130448 G:     1.69e-07  
 Step:    4 E: -5067.488181130449 G:     1.54e-13  
  0.059442 seconds (45.56 k allocations: 38.239 MiB)
 Solve OO-CMF with newton
 Step:    1 E: -5067.488165630843 G:     9.32e-03  
 Step:    2 E: -5067.488181130328 G:     2.74e-05  
 Step:    3 E: -5067.488181130448 G:     3.05e-07  
 Step:    4 E: -5067.488181130448 G:     1.55e-13  
  0.055369 seconds (34.39 k allocations: 38.156 MiB)