IDX001:DIM4096:001|002|003|004|041|042|
IDX002:DIM4096:005|006|019|020|033|034|
IDX003:DIM4096:007|008|009|010|011|012|
IDX004:DIM4096:013|014|015|016|017|018|
IDX005:DIM4096:021|022|023|024|025|026|
IDX006:DIM4096:027|028|029|030|031|032|
IDX007:DIM4096:035|036|037|038|039|040|
 ooCMF Iter:    1 Total= -1581.961100390973 Active= -122.181103714149 G=     1.09e+00
 ooCMF Iter:    2 Total= -1582.309967423879 Active= -122.529970747054 G=     3.38e-01
 ooCMF Iter:    3 Total= -1582.338283451877 Active= -122.558286775053 G=     9.52e-02
 ooCMF Iter:    4 Total= -1582.340435712616 Active= -122.560439035792 G=     3.48e-02
 ooCMF Iter:    5 Total= -1582.340855966276 Active= -122.560859289451 G=     2.80e-02
 ooCMF Iter:    6 Total= -1582.341239424036 Active= -122.561242747212 G=     2.71e-02
 ooCMF Iter:    7 Total= -1582.341453716155 Active= -122.561457039331 G=     1.01e-02
 ooCMF Iter:    8 Total= -1582.341475039784 Active= -122.561478362959 G=     3.49e-03
 ooCMF Iter:    9 Total= -1582.341477743254 Active= -122.561481066430 G=     1.98e-03
 ooCMF Iter:   10 Total= -1582.341479396923 Active= -122.561482720099 G=     1.66e-03
 ooCMF Iter:   11 Total= -1582.341480338476 Active= -122.561483661652 G=     1.33e-03
 ooCMF Iter:   12 Total= -1582.341480899031 Active= -122.561484222207 G=     7.66e-04
 ooCMF Iter:   13 Total= -1582.341481086198 Active= -122.561484409374 G=     3.82e-04
 ooCMF Iter:   14 Total= -1582.341481132187 Active= -122.561484455362 G=     3.00e-04
 ooCMF Iter:   15 Total= -1582.341481160618 Active= -122.561484483794 G=     2.01e-04
 ooCMF Iter:   16 Total= -1582.341481178656 Active= -122.561484501832 G=     1.51e-04
 ooCMF Iter:   17 Total= -1582.341481186706 Active= -122.561484509881 G=     1.03e-04
 ooCMF Iter:   18 Total= -1582.341481188477 Active= -122.561484511652 G=     3.99e-05
 ooCMF Iter:   19 Total= -1582.341481188970 Active= -122.561484512145 G=     1.85e-05
 ooCMF Iter:   20 Total= -1582.341481189075 Active= -122.561484512251 G=     1.62e-05
 ooCMF Iter:   21 Total= -1582.341481189128 Active= -122.561484512304 G=     1.23e-05
 ooCMF Iter:   22 Total= -1582.341481189170 Active= -122.561484512345 G=     5.25e-06
 ooCMF Iter:   23 Total= -1582.341481189185 Active= -122.561484512361 G=     4.14e-06
 ooCMF Iter:   24 Total= -1582.341481189190 Active= -122.561484512365 G=     2.27e-06
 ooCMF Iter:   25 Total= -1582.341481189189 Active= -122.561484512365 G=     8.10e-07
 ooCMF Iter:   26 Total= -1582.341481189191 Active= -122.561484512366 G=     8.20e-07
 ooCMF Iter:   27 Total= -1582.341481189191 Active= -122.561484512367 G=     6.16e-07
 ooCMF Iter:   28 Total= -1582.341481189191 Active= -122.561484512366 G=     3.29e-07
 ooCMF Iter:   29 Total= -1582.341481189189 Active= -122.561484512365 G=     2.42e-07
 ooCMF Iter:   30 Total= -1582.341481189189 Active= -122.561484512365 G=     1.54e-07
 ooCMF Iter:   31 Total= -1582.341481189190 Active= -122.561484512365 G=     6.11e-08
 * Status: success

 * Candidate solution
    Final objective value:     -1.582341e+03

 * Found with
    Algorithm:     BFGS

 * Convergence measures
    |x - x'|               = 1.13e-08 ≰ 0.0e+00
    |x - x'|/|x'|          = 1.04e-07 ≰ 0.0e+00
    |f(x) - f(x')|         = 2.27e-13 ≰ 0.0e+00
    |f(x) - f(x')|/|f(x')| = 1.44e-16 ≰ 0.0e+00
    |g(x)|                 = 6.44e-09 ≤ 1.0e-08

 * Work counters
    Seconds run:   148  (vs limit Inf)
    Iterations:    30
    f(x) calls:    62
    ∇f(x) calls:   62

*ooCMF -1582.34148119 
152.810478 seconds (9.81 M allocations: 26.149 GiB, 1.61% gc time)
 ooCMF Iter:    1 Total= -1581.961100390973 Active= -122.181103714149 G=     1.09e+00
 ooCMF Iter:    2 Total= -1582.309976067273 Active= -122.529979390449 G=     3.38e-01
 ooCMF Iter:    3 Total= -1582.338248636101 Active= -122.558251959277 G=     9.16e-02
 ooCMF Iter:    4 Total= -1582.340422863778 Active= -122.560426186953 G=     3.58e-02
 ooCMF Iter:    5 Total= -1582.340854771325 Active= -122.560858094501 G=     3.01e-02
 ooCMF Iter:    6 Total= -1582.341228947510 Active= -122.561232270686 G=     2.48e-02
 ooCMF Iter:    7 Total= -1582.341447467994 Active= -122.561450791169 G=     1.10e-02
 ooCMF Iter:    8 Total= -1582.341474643154 Active= -122.561477966329 G=     3.58e-03
 ooCMF Iter:    9 Total= -1582.341477523135 Active= -122.561480846311 G=     1.62e-03
 ooCMF Iter:   10 Total= -1582.341478820410 Active= -122.561482143586 G=     2.20e-03
 ooCMF Iter:   11 Total= -1582.341480521388 Active= -122.561483844564 G=     1.46e-03
 ooCMF Iter:   12 Total= -1582.341480972376 Active= -122.561484295552 G=     5.48e-04
 ooCMF Iter:   13 Total= -1582.341481054559 Active= -122.561484377735 G=     3.29e-04
 ooCMF Iter:   14 Total= -1582.341481098617 Active= -122.561484421793 G=     4.03e-04
 ooCMF Iter:   15 Total= -1582.341481157687 Active= -122.561484480862 G=     2.68e-04
 ooCMF Iter:   16 Total= -1582.341481180759 Active= -122.561484503935 G=     1.44e-04
 ooCMF Iter:   17 Total= -1582.341481186082 Active= -122.561484509258 G=     7.06e-05
 ooCMF Iter:   18 Total= -1582.341481187509 Active= -122.561484510685 G=     4.41e-05
 ooCMF Iter:   19 Total= -1582.341481188206 Active= -122.561484511382 G=     3.21e-05
 ooCMF Iter:   20 Total= -1582.341481188681 Active= -122.561484511857 G=     3.89e-05
 ooCMF Iter:   21 Total= -1582.341481189081 Active= -122.561484512257 G=     1.76e-05
 ooCMF Iter:   22 Total= -1582.341481189150 Active= -122.561484512326 G=     7.36e-06
 ooCMF Iter:   23 Total= -1582.341481189165 Active= -122.561484512341 G=     4.54e-06
 ooCMF Iter:   24 Total= -1582.341481189174 Active= -122.561484512349 G=     5.30e-06
 ooCMF Iter:   25 Total= -1582.341481189183 Active= -122.561484512358 G=     6.31e-06
 ooCMF Iter:   26 Total= -1582.341481189188 Active= -122.561484512364 G=     2.43e-06
 ooCMF Iter:   27 Total= -1582.341481189189 Active= -122.561484512364 G=     1.87e-06
 ooCMF Iter:   28 Total= -1582.341481189190 Active= -122.561484512365 G=     8.85e-07
 ooCMF Iter:   29 Total= -1582.341481189191 Active= -122.561484512366 G=     7.91e-07
 ooCMF Iter:   30 Total= -1582.341481189190 Active= -122.561484512365 G=     6.36e-07
 ooCMF Iter:   31 Total= -1582.341481189191 Active= -122.561484512366 G=     3.45e-07
 ooCMF Iter:   32 Total= -1582.341481189190 Active= -122.561484512366 G=     1.66e-07
 ooCMF Iter:   33 Total= -1582.341481189191 Active= -122.561484512366 G=     1.52e-07
 ooCMF Iter:   34 Total= -1582.341481189190 Active= -122.561484512365 G=     1.18e-07
 ooCMF Iter:   35 Total= -1582.341481189191 Active= -122.561484512367 G=     4.63e-08
 * Status: success

 * Candidate solution
    Final objective value:     -1.582341e+03

 * Found with
    Algorithm:     Conjugate Gradient

 * Convergence measures
    |x - x'|               = 1.25e-08 ≰ 0.0e+00
    |x - x'|/|x'|          = 1.16e-07 ≰ 0.0e+00
    |f(x) - f(x')|         = 1.59e-12 ≰ 0.0e+00
    |f(x) - f(x')|/|f(x')| = 1.01e-15 ≰ 0.0e+00
    |g(x)|                 = 6.16e-09 ≤ 1.0e-08

 * Work counters
    Seconds run:   125  (vs limit Inf)
    Iterations:    34
    f(x) calls:    82
    ∇f(x) calls:   50

*ooCMF -1582.34148119 
129.524003 seconds (8.49 M allocations: 24.405 GiB, 1.61% gc time)
 Step:    1 E: -1581.961100390973 G: 1.1e+00
 Step:    2 E: -1582.069205758952 G: 9.1e-01
 Step:    3 E: -1582.144794142508 G: 7.6e-01
 Step:    4 E: -1582.198039081705 G: 6.4e-01
 Step:    5 E: -1582.235887422052 G: 5.4e-01
 Step:    6 E: -1582.263052046613 G: 4.6e-01
 Step:    7 E: -1582.282735591593 G: 3.9e-01
 Step:    8 E: -1582.297128296666 G: 3.4e-01
 Step:    9 E: -1582.307741445528 G: 2.9e-01
 Step:   10 E: -1582.315628425948 G: 2.5e-01
 Step:   11 E: -1582.321531170775 G: 2.2e-01
 Step:   12 E: -1582.325977628537 G: 1.9e-01
 Step:   13 E: -1582.329347158058 G: 1.7e-01
 Step:   14 E: -1582.331914832354 G: 1.4e-01
 Step:   15 E: -1582.333881773703 G: 1.3e-01
 Step:   16 E: -1582.335396150666 G: 1.1e-01
 Step:   17 E: -1582.336567867706 G: 9.8e-02
 Step:   18 E: -1582.337478948238 G: 8.7e-02
 Step:   19 E: -1582.338190945194 G: 7.7e-02
 Step:   20 E: -1582.338750278103 G: 6.8e-02
 Step:   21 E: -1582.339192109056 G: 6.1e-02
 Step:   22 E: -1582.339543179128 G: 5.4e-02
 Step:   23 E: -1582.339823898572 G: 4.9e-02
 Step:   24 E: -1582.340049896849 G: 4.4e-02
 Step:   25 E: -1582.340233178626 G: 4.0e-02
 Step:   26 E: -1582.340382990372 G: 3.6e-02
 Step:   27 E: -1582.340506472977 G: 3.3e-02
 Step:   28 E: -1582.340609155269 G: 3.0e-02
 Step:   29 E: -1582.340695328622 G: 2.8e-02
 Step:   30 E: -1582.340768332209 G: 2.5e-02
 Step:   31 E: -1582.340830770913 G: 2.4e-02
 Step:   32 E: -1582.340884682184 G: 2.2e-02
 Step:   33 E: -1582.340931664157 G: 2.1e-02
 Step:   34 E: -1582.340972974207 G: 1.9e-02
 Step:   35 E: -1582.341009604926 G: 1.8e-02
 Step:   36 E: -1582.341042342781 G: 1.7e-02
 Step:   37 E: -1582.341071813506 G: 1.7e-02
 Step:   38 E: -1582.341098517244 G: 1.6e-02
 Step:   39 E: -1582.341122855820 G: 1.5e-02
 Step:   40 E: -1582.341145153916 G: 1.4e-02
 Step:   41 E: -1582.341165675557 G: 1.4e-02
 Step:   42 E: -1582.341184636921 G: 1.3e-02
 Step:   43 E: -1582.341202216365 G: 1.3e-02
 Step:   44 E: -1582.341218562221 G: 1.2e-02
 Step:   45 E: -1582.341233798905 G: 1.2e-02
 Step:   46 E: -1582.341248031710 G: 1.2e-02
 Step:   47 E: -1582.341261350555 G: 1.1e-02
 Step:   48 E: -1582.341273832920 G: 1.1e-02
 Step:   49 E: -1582.341285546181 G: 1.1e-02
 Step:   50 E: -1582.341296549453 G: 1.0e-02
 Step:   51 E: -1582.341306895007 G: 9.9e-03
 Step:   52 E: -1582.341316629468 G: 9.6e-03
 Step:   53 E: -1582.341325794692 G: 9.4e-03
 Step:   54 E: -1582.341334428522 G: 9.1e-03
 Step:   55 E: -1582.341342565382 G: 8.8e-03
 Step:   56 E: -1582.341350236738 G: 8.6e-03
 Step:   57 E: -1582.341357471496 G: 8.3e-03
 Step:   58 E: -1582.341364296321 G: 8.1e-03
 Step:   59 E: -1582.341370735899 G: 7.9e-03
 Step:   60 E: -1582.341376813139 G: 7.6e-03
 Step:   61 E: -1582.341382549378 G: 7.4e-03
 Step:   62 E: -1582.341387964517 G: 7.2e-03
 Step:   63 E: -1582.341393077162 G: 7.0e-03
 Step:   64 E: -1582.341397904731 G: 6.8e-03
 Step:   65 E: -1582.341402463548 G: 6.6e-03
 Step:   66 E: -1582.341406768939 G: 6.4e-03
 Step:   67 E: -1582.341410835301 G: 6.2e-03
 Step:   68 E: -1582.341414676166 G: 6.1e-03
 Step:   69 E: -1582.341418304269 G: 5.9e-03
 Step:   70 E: -1582.341421731594 G: 5.7e-03
 Step:   71 E: -1582.341424969427 G: 5.6e-03
 Step:   72 E: -1582.341428028402 G: 5.4e-03
 Step:   73 E: -1582.341430918540 G: 5.3e-03
 Step:   74 E: -1582.341433649288 G: 5.1e-03
 Step:   75 E: -1582.341436229552 G: 5.0e-03
 Step:   76 E: -1582.341438667732 G: 4.8e-03
 Step:   77 E: -1582.341440971752 G: 4.7e-03
 Step:   78 E: -1582.341443149088 G: 4.6e-03
 Step:   79 E: -1582.341445206784 G: 4.4e-03
 Step:   80 E: -1582.341447151503 G: 4.3e-03
 Step:   81 E: -1582.341448989521 G: 4.2e-03
 Step:   82 E: -1582.341450726763 G: 4.1e-03
 Step:   83 E: -1582.341452368824 G: 4.0e-03
 Step:   84 E: -1582.341453920980 G: 3.9e-03
 Step:   85 E: -1582.341455388217 G: 3.8e-03
 Step:   86 E: -1582.341456775237 G: 3.6e-03
 Step:   87 E: -1582.341458086483 G: 3.5e-03
 Step:   88 E: -1582.341459326142 G: 3.4e-03
 Step:   89 E: -1582.341460498177 G: 3.4e-03
 Step:   90 E: -1582.341461606322 G: 3.3e-03
 Step:   91 E: -1582.341462654105 G: 3.2e-03
 Step:   92 E: -1582.341463644858 G: 3.1e-03
 Step:   93 E: -1582.341464581726 G: 3.0e-03
 Step:   94 E: -1582.341465467677 G: 2.9e-03
 Step:   95 E: -1582.341466305519 G: 2.8e-03
 Step:   96 E: -1582.341467097898 G: 2.8e-03
 Step:   97 E: -1582.341467847314 G: 2.7e-03
 Step:   98 E: -1582.341468556133 G: 2.6e-03
 Step:   99 E: -1582.341469226586 G: 2.5e-03
 Step:  100 E: -1582.341469860773 G: 2.5e-03
 Step:  101 E: -1582.341470460693 G: 2.4e-03
 Step:  102 E: -1582.341471028216 G: 2.3e-03
 Step:  103 E: -1582.341471565123 G: 2.3e-03
 Step:  104 E: -1582.341472073091 G: 2.2e-03
 Step:  105 E: -1582.341472553700 G: 2.1e-03
 Step:  106 E: -1582.341473008452 G: 2.1e-03
 Step:  107 E: -1582.341473438754 G: 2.0e-03
 Step:  108 E: -1582.341473845944 G: 2.0e-03
 Step:  109 E: -1582.341474231283 G: 1.9e-03
 Step:  110 E: -1582.341474595962 G: 1.9e-03
 Step:  111 E: -1582.341474941112 G: 1.8e-03
 Step:  112 E: -1582.341475267790 G: 1.8e-03
 Step:  113 E: -1582.341475577005 G: 1.7e-03
 Step:  114 E: -1582.341475869703 G: 1.7e-03
 Step:  115 E: -1582.341476146784 G: 1.6e-03
 Step:  116 E: -1582.341476409098 G: 1.6e-03
 Step:  117 E: -1582.341476657440 G: 1.5e-03
 Step:  118 E: -1582.341476892575 G: 1.5e-03
 Step:  119 E: -1582.341477115211 G: 1.5e-03
 Step:  120 E: -1582.341477326031 G: 1.4e-03
 Step:  121 E: -1582.341477525670 G: 1.4e-03
 Step:  122 E: -1582.341477714732 G: 1.3e-03
 Step:  123 E: -1582.341477893790 G: 1.3e-03
 Step:  124 E: -1582.341478063385 G: 1.3e-03
 Step:  125 E: -1582.341478224023 G: 1.2e-03
 Step:  126 E: -1582.341478376190 G: 1.2e-03
 Step:  127 E: -1582.341478520342 G: 1.2e-03
 Step:  128 E: -1582.341478656905 G: 1.1e-03
 Step:  129 E: -1582.341478786291 G: 1.1e-03
 Step:  130 E: -1582.341478908883 G: 1.1e-03
 Step:  131 E: -1582.341479025047 G: 1.1e-03
 Step:  132 E: -1582.341479135126 G: 1.0e-03
 Step:  133 E: -1582.341479239448 G: 1.0e-03
 Step:  134 E: -1582.341479338318 G: 9.7e-04
 Step:  135 E: -1582.341479432028 G: 9.5e-04
 Step:  136 E: -1582.341479520856 G: 9.2e-04
 Step:  137 E: -1582.341479605058 G: 9.0e-04
 Step:  138 E: -1582.341479684881 G: 8.8e-04
 Step:  139 E: -1582.341479760562 G: 8.5e-04
 Step:  140 E: -1582.341479832317 G: 8.3e-04
 Step:  141 E: -1582.341479900356 G: 8.1e-04
 Step:  142 E: -1582.341479964879 G: 7.9e-04
 Step:  143 E: -1582.341480026068 G: 7.7e-04
 Step:  144 E: -1582.341480084098 G: 7.5e-04
 Step:  145 E: -1582.341480139141 G: 7.3e-04
 Step:  146 E: -1582.341480191353 G: 7.1e-04
 Step:  147 E: -1582.341480240883 G: 6.9e-04
 Step:  148 E: -1582.341480287875 G: 6.7e-04
 Step:  149 E: -1582.341480332455 G: 6.5e-04
 Step:  150 E: -1582.341480374757 G: 6.4e-04
 Step:  151 E: -1582.341480414901 G: 6.2e-04
 Step:  152 E: -1582.341480452997 G: 6.1e-04
 Step:  153 E: -1582.341480489152 G: 5.9e-04
 Step:  154 E: -1582.341480523471 G: 5.7e-04
 Step:  155 E: -1582.341480556045 G: 5.6e-04
 Step:  156 E: -1582.341480586969 G: 5.5e-04
 Step:  157 E: -1582.341480616329 G: 5.3e-04
 Step:  158 E: -1582.341480644204 G: 5.2e-04
 Step:  159 E: -1582.341480670671 G: 5.0e-04
 Step:  160 E: -1582.341480695809 G: 4.9e-04
 Step:  161 E: -1582.341480719681 G: 4.8e-04
 Step:  162 E: -1582.341480742353 G: 4.7e-04
 Step:  163 E: -1582.341480763889 G: 4.6e-04
 Step:  164 E: -1582.341480784351 G: 4.4e-04
 Step:  165 E: -1582.341480803786 G: 4.3e-04
 Step:  166 E: -1582.341480822253 G: 4.2e-04
 Step:  167 E: -1582.341480839801 G: 4.1e-04
 Step:  168 E: -1582.341480856477 G: 4.0e-04
 Step:  169 E: -1582.341480872325 G: 3.9e-04
 Step:  170 E: -1582.341480887388 G: 3.8e-04
 Step:  171 E: -1582.341480901706 G: 3.7e-04
 Step:  172 E: -1582.341480915318 G: 3.6e-04
 Step:  173 E: -1582.341480928259 G: 3.5e-04
 Step:  174 E: -1582.341480940564 G: 3.4e-04
 Step:  175 E: -1582.341480952262 G: 3.4e-04
 Step:  176 E: -1582.341480963389 G: 3.3e-04
 Step:  177 E: -1582.341480973971 G: 3.2e-04
 Step:  178 E: -1582.341480984037 G: 3.1e-04
 Step:  179 E: -1582.341480993610 G: 3.0e-04
 Step:  180 E: -1582.341481002719 G: 3.0e-04
 Step:  181 E: -1582.341481011386 G: 2.9e-04
 Step:  182 E: -1582.341481019633 G: 2.8e-04
 Step:  183 E: -1582.341481027480 G: 2.7e-04
 Step:  184 E: -1582.341481034950 G: 2.7e-04
 Step:  185 E: -1582.341481042057 G: 2.6e-04
 Step:  186 E: -1582.341481048825 G: 2.6e-04
 Step:  187 E: -1582.341481055267 G: 2.5e-04
 Step:  188 E: -1582.341481061401 G: 2.4e-04
 Step:  189 E: -1582.341481067241 G: 2.4e-04
 Step:  190 E: -1582.341481072803 G: 2.3e-04
 Step:  191 E: -1582.341481078097 G: 2.3e-04
 Step:  192 E: -1582.341481083144 G: 2.2e-04
 Step:  193 E: -1582.341481087947 G: 2.2e-04
 Step:  194 E: -1582.341481092525 G: 2.1e-04
 Step:  195 E: -1582.341481096887 G: 2.1e-04
 Step:  196 E: -1582.341481101045 G: 2.0e-04
 Step:  197 E: -1582.341481105005 G: 2.0e-04
 Step:  198 E: -1582.341481108778 G: 1.9e-04
 Step:  199 E: -1582.341481112376 G: 1.9e-04
 Step:  200 E: -1582.341481115806 G: 1.8e-04
 Step:  201 E: -1582.341481119076 G: 1.8e-04
 Step:  202 E: -1582.341481122192 G: 1.7e-04
 Step:  203 E: -1582.341481125164 G: 1.7e-04
 Step:  204 E: -1582.341481127997 G: 1.7e-04
 Step:  205 E: -1582.341481130700 G: 1.6e-04
 Step:  206 E: -1582.341481133280 G: 1.6e-04
 Step:  207 E: -1582.341481135739 G: 1.5e-04
 Step:  208 E: -1582.341481138084 G: 1.5e-04
 Step:  209 E: -1582.341481140323 G: 1.5e-04
 Step:  210 E: -1582.341481142458 G: 1.4e-04
 Step:  211 E: -1582.341481144498 G: 1.4e-04
 Step:  212 E: -1582.341481146443 G: 1.4e-04
 Step:  213 E: -1582.341481148299 G: 1.3e-04
 Step:  214 E: -1582.341481150073 G: 1.3e-04
 Step:  215 E: -1582.341481151766 G: 1.3e-04
 Step:  216 E: -1582.341481153381 G: 1.2e-04
 Step:  217 E: -1582.341481154922 G: 1.2e-04
 Step:  218 E: -1582.341481156396 G: 1.2e-04
 Step:  219 E: -1582.341481157803 G: 1.2e-04
 Step:  220 E: -1582.341481159147 G: 1.1e-04
 Step:  221 E: -1582.341481160432 G: 1.1e-04
 Step:  222 E: -1582.341481161658 G: 1.1e-04
 Step:  223 E: -1582.341481162830 G: 1.1e-04
 Step:  224 E: -1582.341481163948 G: 1.0e-04
 Step:  225 E: -1582.341481165018 G: 1.0e-04
 Step:  226 E: -1582.341481166042 G: 9.9e-05
 Step:  227 E: -1582.341481167019 G: 9.7e-05
 Step:  228 E: -1582.341481167954 G: 9.5e-05
 Step:  229 E: -1582.341481168846 G: 9.3e-05
 Step:  230 E: -1582.341481169700 G: 9.1e-05
 Step:  231 E: -1582.341481170518 G: 8.9e-05
 Step:  232 E: -1582.341481171299 G: 8.7e-05
 Step:  233 E: -1582.341481172045 G: 8.5e-05
 Step:  234 E: -1582.341481172761 G: 8.3e-05
 Step:  235 E: -1582.341481173442 G: 8.1e-05
 Step:  236 E: -1582.341481174096 G: 8.0e-05
 Step:  237 E: -1582.341481174721 G: 7.8e-05
 Step:  238 E: -1582.341481175321 G: 7.6e-05
 Step:  239 E: -1582.341481175893 G: 7.4e-05
 Step:  240 E: -1582.341481176442 G: 7.3e-05
 Step:  241 E: -1582.341481176967 G: 7.1e-05
 Step:  242 E: -1582.341481177466 G: 7.0e-05
 Step:  243 E: -1582.341481177948 G: 6.8e-05
 Step:  244 E: -1582.341481178408 G: 6.7e-05
 Step:  245 E: -1582.341481178848 G: 6.5e-05
 Step:  246 E: -1582.341481179270 G: 6.4e-05
 Step:  247 E: -1582.341481179674 G: 6.3e-05
 Step:  248 E: -1582.341481180063 G: 6.1e-05
 Step:  249 E: -1582.341481180432 G: 6.0e-05
 Step:  250 E: -1582.341481180786 G: 5.9e-05
 Step:  251 E: -1582.341481181126 G: 5.7e-05
 Step:  252 E: -1582.341481181451 G: 5.6e-05
 Step:  253 E: -1582.341481181764 G: 5.5e-05
 Step:  254 E: -1582.341481182064 G: 5.4e-05
 Step:  255 E: -1582.341481182350 G: 5.3e-05
 Step:  256 E: -1582.341481182625 G: 5.2e-05
 Step:  257 E: -1582.341481182887 G: 5.0e-05
 Step:  258 E: -1582.341481183139 G: 4.9e-05
 Step:  259 E: -1582.341481183380 G: 4.8e-05
 Step:  260 E: -1582.341481183611 G: 4.7e-05
 Step:  261 E: -1582.341481183835 G: 4.6e-05
 Step:  262 E: -1582.341481184046 G: 4.5e-05
 Step:  263 E: -1582.341481184251 G: 4.4e-05
 Step:  264 E: -1582.341481184446 G: 4.4e-05
 Step:  265 E: -1582.341481184633 G: 4.3e-05
 Step:  266 E: -1582.341481184815 G: 4.2e-05
 Step:  267 E: -1582.341481184987 G: 4.1e-05
 Step:  268 E: -1582.341481185153 G: 4.0e-05
 Step:  269 E: -1582.341481185311 G: 3.9e-05
 Step:  270 E: -1582.341481185466 G: 3.8e-05
 Step:  271 E: -1582.341481185610 G: 3.8e-05
 Step:  272 E: -1582.341481185750 G: 3.7e-05
 Step:  273 E: -1582.341481185886 G: 3.6e-05
 Step:  274 E: -1582.341481186016 G: 3.5e-05
 Step:  275 E: -1582.341481186140 G: 3.5e-05
 Step:  276 E: -1582.341481186258 G: 3.4e-05
 Step:  277 E: -1582.341481186373 G: 3.3e-05
 Step:  278 E: -1582.341481186482 G: 3.3e-05
 Step:  279 E: -1582.341481186589 G: 3.2e-05
 Step:  280 E: -1582.341481186688 G: 3.1e-05
 Step:  281 E: -1582.341481186785 G: 3.1e-05
 Step:  282 E: -1582.341481186878 G: 3.0e-05
 Step:  283 E: -1582.341481186968 G: 2.9e-05
 Step:  284 E: -1582.341481187055 G: 2.9e-05
 Step:  285 E: -1582.341481187137 G: 2.8e-05
 Step:  286 E: -1582.341481187216 G: 2.8e-05
 Step:  287 E: -1582.341481187292 G: 2.7e-05
 Step:  288 E: -1582.341481187364 G: 2.7e-05
 Step:  289 E: -1582.341481187436 G: 2.6e-05
 Step:  290 E: -1582.341481187503 G: 2.6e-05
 Step:  291 E: -1582.341481187568 G: 2.5e-05
 Step:  292 E: -1582.341481187631 G: 2.5e-05
 Step:  293 E: -1582.341481187689 G: 2.4e-05
 Step:  294 E: -1582.341481187746 G: 2.4e-05
 Step:  295 E: -1582.341481187801 G: 2.3e-05
 Step:  296 E: -1582.341481187855 G: 2.3e-05
 Step:  297 E: -1582.341481187906 G: 2.2e-05
 Step:  298 E: -1582.341481187955 G: 2.2e-05
 Step:  299 E: -1582.341481188002 G: 2.1e-05
 Step:  300 E: -1582.341481188047 G: 2.1e-05
 Step:  301 E: -1582.341481188089 G: 2.1e-05
 Step:  302 E: -1582.341481188131 G: 2.0e-05
 Step:  303 E: -1582.341481188172 G: 2.0e-05
 Step:  304 E: -1582.341481188210 G: 1.9e-05
 Step:  305 E: -1582.341481188249 G: 1.9e-05
 Step:  306 E: -1582.341481188284 G: 1.9e-05
 Step:  307 E: -1582.341481188318 G: 1.8e-05
 Step:  308 E: -1582.341481188353 G: 1.8e-05
 Step:  309 E: -1582.341481188383 G: 1.8e-05
 Step:  310 E: -1582.341481188414 G: 1.7e-05
 Step:  311 E: -1582.341481188442 G: 1.7e-05
 Step:  312 E: -1582.341481188471 G: 1.7e-05
 Step:  313 E: -1582.341481188497 G: 1.6e-05
 Step:  314 E: -1582.341481188525 G: 1.6e-05
 Step:  315 E: -1582.341481188549 G: 1.6e-05
 Step:  316 E: -1582.341481188572 G: 1.5e-05
 Step:  317 E: -1582.341481188595 G: 1.5e-05
 Step:  318 E: -1582.341481188618 G: 1.5e-05
 Step:  319 E: -1582.341481188639 G: 1.4e-05
 Step:  320 E: -1582.341481188659 G: 1.4e-05
 Step:  321 E: -1582.341481188680 G: 1.4e-05
 Step:  322 E: -1582.341481188699 G: 1.4e-05
 Step:  323 E: -1582.341481188719 G: 1.3e-05
 Step:  324 E: -1582.341481188736 G: 1.3e-05
 Step:  325 E: -1582.341481188753 G: 1.3e-05
 Step:  326 E: -1582.341481188769 G: 1.3e-05
 Step:  327 E: -1582.341481188783 G: 1.2e-05
 Step:  328 E: -1582.341481188797 G: 1.2e-05
 Step:  329 E: -1582.341481188813 G: 1.2e-05
 Step:  330 E: -1582.341481188829 G: 1.2e-05
 Step:  331 E: -1582.341481188841 G: 1.1e-05
 Step:  332 E: -1582.341481188855 G: 1.1e-05
 Step:  333 E: -1582.341481188867 G: 1.1e-05
 Step:  334 E: -1582.341481188879 G: 1.1e-05
 Step:  335 E: -1582.341481188891 G: 1.1e-05
 Step:  336 E: -1582.341481188902 G: 1.0e-05
 Step:  337 E: -1582.341481188912 G: 1.0e-05
 Step:  338 E: -1582.341481188923 G: 1.0e-05
 Step:  339 E: -1582.341481188932 G: 9.8e-06
 Step:  340 E: -1582.341481188942 G: 9.6e-06
 Step:  341 E: -1582.341481188952 G: 9.4e-06
 Step:  342 E: -1582.341481188961 G: 9.3e-06
 Step:  343 E: -1582.341481188969 G: 9.1e-06
 Step:  344 E: -1582.341481188977 G: 8.9e-06
 Step:  345 E: -1582.341481188984 G: 8.8e-06
 Step:  346 E: -1582.341481188992 G: 8.6e-06
 Step:  347 E: -1582.341481188999 G: 8.4e-06
 Step:  348 E: -1582.341481189005 G: 8.3e-06
 Step:  349 E: -1582.341481189013 G: 8.1e-06
 Step:  350 E: -1582.341481189019 G: 8.0e-06
 Step:  351 E: -1582.341481189025 G: 7.8e-06
 Step:  352 E: -1582.341481189032 G: 7.7e-06
 Step:  353 E: -1582.341481189038 G: 7.5e-06
 Step:  354 E: -1582.341481189044 G: 7.4e-06
 Step:  355 E: -1582.341481189049 G: 7.2e-06
 Step:  356 E: -1582.341481189053 G: 7.1e-06
 Step:  357 E: -1582.341481189059 G: 7.0e-06
 Step:  358 E: -1582.341481189063 G: 6.8e-06
 Step:  359 E: -1582.341481189069 G: 6.7e-06
 Step:  360 E: -1582.341481189071 G: 6.6e-06
 Step:  361 E: -1582.341481189076 G: 6.5e-06
 Step:  362 E: -1582.341481189082 G: 6.3e-06
 Step:  363 E: -1582.341481189085 G: 6.2e-06
 Step:  364 E: -1582.341481189090 G: 6.1e-06
 Step:  365 E: -1582.341481189095 G: 6.0e-06
 Step:  366 E: -1582.341481189097 G: 5.9e-06
 Step:  367 E: -1582.341481189100 G: 5.8e-06
 Step:  368 E: -1582.341481189104 G: 5.7e-06
 Step:  369 E: -1582.341481189107 G: 5.6e-06
 Step:  370 E: -1582.341481189109 G: 5.5e-06
 Step:  371 E: -1582.341481189113 G: 5.4e-06
 Step:  372 E: -1582.341481189117 G: 5.3e-06
 Step:  373 E: -1582.341481189119 G: 5.2e-06
 Step:  374 E: -1582.341481189121 G: 5.1e-06
 Step:  375 E: -1582.341481189123 G: 5.0e-06
 Step:  376 E: -1582.341481189125 G: 4.9e-06
 Step:  377 E: -1582.341481189128 G: 4.8e-06
 Step:  378 E: -1582.341481189131 G: 4.7e-06
 Step:  379 E: -1582.341481189134 G: 4.6e-06
 Step:  380 E: -1582.341481189133 G: 4.5e-06
 Step:  381 E: -1582.341481189137 G: 4.4e-06
 Step:  382 E: -1582.341481189138 G: 4.4e-06
 Step:  383 E: -1582.341481189141 G: 4.3e-06
 Step:  384 E: -1582.341481189142 G: 4.2e-06
 Step:  385 E: -1582.341481189145 G: 4.1e-06
 Step:  386 E: -1582.341481189145 G: 4.0e-06
 Step:  387 E: -1582.341481189148 G: 4.0e-06
 Step:  388 E: -1582.341481189147 G: 3.9e-06
 Step:  389 E: -1582.341481189149 G: 3.8e-06
 Step:  390 E: -1582.341481189151 G: 3.8e-06
 Step:  391 E: -1582.341481189153 G: 3.7e-06
 Step:  392 E: -1582.341481189153 G: 3.6e-06
 Step:  393 E: -1582.341481189156 G: 3.5e-06
 Step:  394 E: -1582.341481189158 G: 3.5e-06
 Step:  395 E: -1582.341481189158 G: 3.4e-06
 Step:  396 E: -1582.341481189160 G: 3.4e-06
 Step:  397 E: -1582.341481189161 G: 3.3e-06
 Step:  398 E: -1582.341481189161 G: 3.2e-06
 Step:  399 E: -1582.341481189164 G: 3.2e-06
  Step:  400 E: -1582.341481189163 G: 3.1e-06
 Step:  401 E: -1582.341481189166 G: 3.1e-06
 Step:  402 E: -1582.341481189166 G: 3.0e-06
 Step:  403 E: -1582.341481189166 G: 2.9e-06
 Step:  404 E: -1582.341481189168 G: 2.9e-06
 Step:  405 E: -1582.341481189167 G: 2.8e-06
 Step:  406 E: -1582.341481189169 G: 2.8e-06
 Step:  407 E: -1582.341481189170 G: 2.7e-06
 Step:  408 E: -1582.341481189170 G: 2.7e-06
 Step:  409 E: -1582.341481189172 G: 2.6e-06
 Step:  410 E: -1582.341481189172 G: 2.6e-06
 Step:  411 E: -1582.341481189173 G: 2.5e-06
 Step:  412 E: -1582.341481189173 G: 2.5e-06
 Step:  413 E: -1582.341481189174 G: 2.4e-06
 Step:  414 E: -1582.341481189174 G: 2.4e-06
 Step:  415 E: -1582.341481189174 G: 2.4e-06
 Step:  416 E: -1582.341481189176 G: 2.3e-06
 Step:  417 E: -1582.341481189176 G: 2.3e-06
 Step:  418 E: -1582.341481189176 G: 2.2e-06
 Step:  419 E: -1582.341481189178 G: 2.2e-06
 Step:  420 E: -1582.341481189177 G: 2.1e-06
 Step:  421 E: -1582.341481189178 G: 2.1e-06
 Step:  422 E: -1582.341481189178 G: 2.1e-06
 Step:  423 E: -1582.341481189179 G: 2.0e-06
 Step:  424 E: -1582.341481189179 G: 2.0e-06
 Step:  425 E: -1582.341481189181 G: 2.0e-06
 Step:  426 E: -1582.341481189179 G: 1.9e-06
 Step:  427 E: -1582.341481189180 G: 1.9e-06
 Step:  428 E: -1582.341481189181 G: 1.9e-06
 Step:  429 E: -1582.341481189181 G: 1.8e-06
 Step:  430 E: -1582.341481189181 G: 1.8e-06
 Step:  431 E: -1582.341481189182 G: 1.8e-06
 Step:  432 E: -1582.341481189182 G: 1.7e-06
 Step:  433 E: -1582.341481189182 G: 1.7e-06
 Step:  434 E: -1582.341481189182 G: 1.7e-06
 Step:  435 E: -1582.341481189183 G: 1.6e-06
 Step:  436 E: -1582.341481189182 G: 1.6e-06
 Step:  437 E: -1582.341481189184 G: 1.6e-06
 Step:  438 E: -1582.341481189183 G: 1.5e-06
 Step:  439 E: -1582.341481189183 G: 1.5e-06
 Step:  440 E: -1582.341481189184 G: 1.5e-06
 Step:  441 E: -1582.341481189185 G: 1.5e-06
 Step:  442 E: -1582.341481189184 G: 1.4e-06
 Step:  443 E: -1582.341481189183 G: 1.4e-06
 Step:  444 E: -1582.341481189184 G: 1.4e-06
 Step:  445 E: -1582.341481189185 G: 1.4e-06
 Step:  446 E: -1582.341481189184 G: 1.3e-06
 Step:  447 E: -1582.341481189184 G: 1.3e-06
 Step:  448 E: -1582.341481189186 G: 1.3e-06
 Step:  449 E: -1582.341481189185 G: 1.3e-06
 Step:  450 E: -1582.341481189185 G: 1.2e-06
 Step:  451 E: -1582.341481189186 G: 1.2e-06
 Step:  452 E: -1582.341481189186 G: 1.2e-06
 Step:  453 E: -1582.341481189186 G: 1.2e-06
 Step:  454 E: -1582.341481189185 G: 1.1e-06
 Step:  455 E: -1582.341481189186 G: 1.1e-06
 Step:  456 E: -1582.341481189186 G: 1.1e-06
 Step:  457 E: -1582.341481189187 G: 1.1e-06
 Step:  458 E: -1582.341481189185 G: 1.1e-06
 Step:  459 E: -1582.341481189187 G: 1.0e-06
 Step:  460 E: -1582.341481189188 G: 1.0e-06
 Step:  461 E: -1582.341481189187 G: 1.0e-06
 Step:  462 E: -1582.341481189189 G: 9.9e-07
 Step:  463 E: -1582.341481189187 G: 9.7e-07
 Step:  464 E: -1582.341481189189 G: 9.5e-07
 Step:  465 E: -1582.341481189188 G: 9.3e-07
 Step:  466 E: -1582.341481189189 G: 9.2e-07
 Step:  467 E: -1582.341481189187 G: 9.0e-07
 Step:  468 E: -1582.341481189188 G: 8.8e-07
 Step:  469 E: -1582.341481189189 G: 8.7e-07
 Step:  470 E: -1582.341481189188 G: 8.5e-07
 Step:  471 E: -1582.341481189189 G: 8.4e-07
 Step:  472 E: -1582.341481189190 G: 8.2e-07
 Step:  473 E: -1582.341481189188 G: 8.1e-07
 Step:  474 E: -1582.341481189188 G: 7.9e-07
 Step:  475 E: -1582.341481189188 G: 7.8e-07
 Step:  476 E: -1582.341481189189 G: 7.6e-07
 Step:  477 E: -1582.341481189189 G: 7.5e-07
 Step:  478 E: -1582.341481189190 G: 7.3e-07
 Step:  479 E: -1582.341481189188 G: 7.2e-07
 Step:  480 E: -1582.341481189188 G: 7.1e-07
 Step:  481 E: -1582.341481189189 G: 7.0e-07
 Step:  482 E: -1582.341481189188 G: 6.8e-07
 Step:  483 E: -1582.341481189190 G: 6.7e-07
 Step:  484 E: -1582.341481189188 G: 6.6e-07
 Step:  485 E: -1582.341481189189 G: 6.5e-07
 Step:  486 E: -1582.341481189190 G: 6.3e-07
 Step:  487 E: -1582.341481189187 G: 6.2e-07
 Step:  488 E: -1582.341481189189 G: 6.1e-07
 Step:  489 E: -1582.341481189188 G: 6.0e-07
 Step:  490 E: -1582.341481189188 G: 5.9e-07
 Step:  491 E: -1582.341481189189 G: 5.8e-07
 Step:  492 E: -1582.341481189190 G: 5.7e-07
 Step:  493 E: -1582.341481189188 G: 5.6e-07
 Step:  494 E: -1582.341481189190 G: 5.5e-07
 Step:  495 E: -1582.341481189188 G: 5.4e-07
 Step:  496 E: -1582.341481189188 G: 5.3e-07
 Step:  497 E: -1582.341481189190 G: 5.2e-07
 Step:  498 E: -1582.341481189189 G: 5.1e-07
 Step:  499 E: -1582.341481189190 G: 5.0e-07
 Step:  500 E: -1582.341481189188 G: 4.9e-07
 Step:  501 E: -1582.341481189189 G: 4.8e-07
 Step:  502 E: -1582.341481189189 G: 4.7e-07
 Step:  503 E: -1582.341481189189 G: 4.6e-07
 Step:  504 E: -1582.341481189190 G: 4.6e-07
 Step:  505 E: -1582.341481189190 G: 4.5e-07
 Step:  506 E: -1582.341481189189 G: 4.4e-07
 Step:  507 E: -1582.341481189191 G: 4.3e-07
 Step:  508 E: -1582.341481189189 G: 4.2e-07
 Step:  509 E: -1582.341481189189 G: 4.2e-07
 Step:  510 E: -1582.341481189191 G: 4.1e-07
 Step:  511 E: -1582.341481189190 G: 4.0e-07
 Step:  512 E: -1582.341481189189 G: 3.9e-07
 Step:  513 E: -1582.341481189191 G: 3.9e-07
 Step:  514 E: -1582.341481189190 G: 3.8e-07
 Step:  515 E: -1582.341481189190 G: 3.7e-07
 Step:  516 E: -1582.341481189189 G: 3.7e-07
 Step:  517 E: -1582.341481189189 G: 3.6e-07
 Step:  518 E: -1582.341481189189 G: 3.5e-07
 Step:  519 E: -1582.341481189188 G: 3.5e-07
 Step:  520 E: -1582.341481189189 G: 3.4e-07
 Step:  521 E: -1582.341481189190 G: 3.3e-07
 Step:  522 E: -1582.341481189189 G: 3.3e-07
 Step:  523 E: -1582.341481189190 G: 3.2e-07
 Step:  524 E: -1582.341481189190 G: 3.2e-07
 Step:  525 E: -1582.341481189190 G: 3.1e-07
 Step:  526 E: -1582.341481189191 G: 3.0e-07
 Step:  527 E: -1582.341481189189 G: 3.0e-07
 Step:  528 E: -1582.341481189190 G: 2.9e-07
 Step:  529 E: -1582.341481189189 G: 2.9e-07
 Step:  530 E: -1582.341481189189 G: 2.8e-07
 Step:  531 E: -1582.341481189188 G: 2.8e-07
 Step:  532 E: -1582.341481189190 G: 2.7e-07
 Step:  533 E: -1582.341481189190 G: 2.7e-07
 Step:  534 E: -1582.341481189189 G: 2.6e-07
 Step:  535 E: -1582.341481189189 G: 2.6e-07
 Step:  536 E: -1582.341481189192 G: 2.5e-07
 Step:  537 E: -1582.341481189191 G: 2.5e-07
 Step:  538 E: -1582.341481189189 G: 2.4e-07
 Step:  539 E: -1582.341481189191 G: 2.4e-07
 Step:  540 E: -1582.341481189191 G: 2.3e-07
 Step:  541 E: -1582.341481189190 G: 2.3e-07
 Step:  542 E: -1582.341481189189 G: 2.3e-07
 Step:  543 E: -1582.341481189191 G: 2.2e-07
 Step:  544 E: -1582.341481189190 G: 2.2e-07
 Step:  545 E: -1582.341481189190 G: 2.1e-07
 Step:  546 E: -1582.341481189191 G: 2.1e-07
 Step:  547 E: -1582.341481189189 G: 2.1e-07
 Step:  548 E: -1582.341481189190 G: 2.0e-07
 Step:  549 E: -1582.341481189191 G: 2.0e-07
 Step:  550 E: -1582.341481189189 G: 2.0e-07
 Step:  551 E: -1582.341481189190 G: 1.9e-07
 Step:  552 E: -1582.341481189191 G: 1.9e-07
 Step:  553 E: -1582.341481189190 G: 1.8e-07
 Step:  554 E: -1582.341481189190 G: 1.8e-07
 Step:  555 E: -1582.341481189190 G: 1.8e-07
 Step:  556 E: -1582.341481189191 G: 1.7e-07
 Step:  557 E: -1582.341481189191 G: 1.7e-07
 Step:  558 E: -1582.341481189191 G: 1.7e-07
 Step:  559 E: -1582.341481189190 G: 1.7e-07
 Step:  560 E: -1582.341481189191 G: 1.6e-07
 Step:  561 E: -1582.341481189190 G: 1.6e-07
 Step:  562 E: -1582.341481189190 G: 1.6e-07
 Step:  563 E: -1582.341481189189 G: 1.5e-07
 Step:  564 E: -1582.341481189191 G: 1.5e-07
 Step:  565 E: -1582.341481189190 G: 1.5e-07
 Step:  566 E: -1582.341481189190 G: 1.5e-07
 Step:  567 E: -1582.341481189192 G: 1.4e-07
 Step:  568 E: -1582.341481189189 G: 1.4e-07
 Step:  569 E: -1582.341481189191 G: 1.4e-07
 Step:  570 E: -1582.341481189190 G: 1.4e-07
 Step:  571 E: -1582.341481189190 G: 1.3e-07
 Step:  572 E: -1582.341481189192 G: 1.3e-07
 Step:  573 E: -1582.341481189190 G: 1.3e-07
 Step:  574 E: -1582.341481189190 G: 1.3e-07
 Step:  575 E: -1582.341481189191 G: 1.2e-07
 Step:  576 E: -1582.341481189190 G: 1.2e-07
 Step:  577 E: -1582.341481189189 G: 1.2e-07
 Step:  578 E: -1582.341481189190 G: 1.2e-07
 Step:  579 E: -1582.341481189190 G: 1.1e-07
 Step:  580 E: -1582.341481189190 G: 1.1e-07
 Step:  581 E: -1582.341481189189 G: 1.1e-07
 Step:  582 E: -1582.341481189190 G: 1.1e-07
 Step:  583 E: -1582.341481189191 G: 1.1e-07
 Step:  584 E: -1582.341481189191 G: 1.0e-07
 Step:  585 E: -1582.341481189189 G: 1.0e-07
 Step:  586 E: -1582.341481189191 G: 1.0e-07
 Step:  587 E: -1582.341481189190 G: 9.9e-08
 Step:  588 E: -1582.341481189190 G: 9.7e-08
 Step:  589 E: -1582.341481189190 G: 9.5e-08
 Step:  590 E: -1582.341481189192 G: 9.4e-08
 Step:  591 E: -1582.341481189189 G: 9.2e-08
 Step:  592 E: -1582.341481189189 G: 9.0e-08
 Step:  593 E: -1582.341481189191 G: 8.9e-08
 Step:  594 E: -1582.341481189191 G: 8.7e-08
 Step:  595 E: -1582.341481189189 G: 8.5e-08
 Step:  596 E: -1582.341481189190 G: 8.4e-08
 Step:  597 E: -1582.341481189191 G: 8.2e-08
 Step:  598 E: -1582.341481189189 G: 8.1e-08
 Step:  599 E: -1582.341481189191 G: 7.9e-08
 Step:  600 E: -1582.341481189190 G: 7.8e-08
 Step:  601 E: -1582.341481189190 G: 7.6e-08
 Step:  602 E: -1582.341481189190 G: 7.5e-08
 Step:  603 E: -1582.341481189190 G: 7.4e-08
 Step:  604 E: -1582.341481189190 G: 7.2e-08
 Step:  605 E: -1582.341481189190 G: 7.1e-08
 Step:  606 E: -1582.341481189190 G: 7.0e-08
 Step:  607 E: -1582.341481189191 G: 6.8e-08
 Step:  608 E: -1582.341481189191 G: 6.7e-08
 Step:  609 E: -1582.341481189191 G: 6.6e-08
 Step:  610 E: -1582.341481189191 G: 6.5e-08
 Step:  611 E: -1582.341481189191 G: 6.4e-08
 Step:  612 E: -1582.341481189190 G: 6.2e-08
 Step:  613 E: -1582.341481189191 G: 6.1e-08
 Step:  614 E: -1582.341481189190 G: 6.0e-08
 Step:  615 E: -1582.341481189190 G: 5.9e-08
 Step:  616 E: -1582.341481189189 G: 5.8e-08
 Step:  617 E: -1582.341481189191 G: 5.7e-08
 Step:  618 E: -1582.341481189190 G: 5.6e-08
 Step:  619 E: -1582.341481189191 G: 5.5e-08
 Step:  620 E: -1582.341481189190 G: 5.4e-08
 Step:  621 E: -1582.341481189191 G: 5.3e-08
 Step:  622 E: -1582.341481189189 G: 5.2e-08
 Step:  623 E: -1582.341481189191 G: 5.1e-08
 Step:  624 E: -1582.341481189190 G: 5.0e-08
 Step:  625 E: -1582.341481189190 G: 4.9e-08
 Step:  626 E: -1582.341481189191 G: 4.8e-08
 Step:  627 E: -1582.341481189191 G: 4.7e-08
 Step:  628 E: -1582.341481189190 G: 4.7e-08
 Step:  629 E: -1582.341481189191 G: 4.6e-08
 Step:  630 E: -1582.341481189190 G: 4.5e-08
 Step:  631 E: -1582.341481189191 G: 4.4e-08
 Step:  632 E: -1582.341481189190 G: 4.3e-08
 Step:  633 E: -1582.341481189190 G: 4.2e-08
 Step:  634 E: -1582.341481189190 G: 4.2e-08
 Step:  635 E: -1582.341481189191 G: 4.1e-08
 Step:  636 E: -1582.341481189191 G: 4.0e-08
 Step:  637 E: -1582.341481189191 G: 3.9e-08
 Step:  638 E: -1582.341481189191 G: 3.9e-08
 Step:  639 E: -1582.341481189192 G: 3.8e-08
 Step:  640 E: -1582.341481189191 G: 3.7e-08
 Step:  641 E: -1582.341481189191 G: 3.7e-08
 Step:  642 E: -1582.341481189190 G: 3.6e-08
 Step:  643 E: -1582.341481189191 G: 3.5e-08
 Step:  644 E: -1582.341481189191 G: 3.5e-08
 Step:  645 E: -1582.341481189191 G: 3.4e-08
 Step:  646 E: -1582.341481189190 G: 3.3e-08
 Step:  647 E: -1582.341481189190 G: 3.3e-08
 Step:  648 E: -1582.341481189191 G: 3.2e-08
 Step:  649 E: -1582.341481189189 G: 3.2e-08
 Step:  650 E: -1582.341481189190 G: 3.1e-08
 Step:  651 E: -1582.341481189190 G: 3.1e-08
 Step:  652 E: -1582.341481189190 G: 3.0e-08
 Step:  653 E: -1582.341481189190 G: 2.9e-08
 Step:  654 E: -1582.341481189191 G: 2.9e-08
 Step:  655 E: -1582.341481189189 G: 2.8e-08
 Step:  656 E: -1582.341481189191 G: 2.8e-08
 Step:  657 E: -1582.341481189191 G: 2.7e-08
 Step:  658 E: -1582.341481189189 G: 2.7e-08
 Step:  659 E: -1582.341481189189 G: 2.6e-08
 Step:  660 E: -1582.341481189192 G: 2.6e-08
 Step:  661 E: -1582.341481189190 G: 2.5e-08
 Step:  662 E: -1582.341481189192 G: 2.5e-08
 Step:  663 E: -1582.341481189191 G: 2.4e-08
 Step:  664 E: -1582.341481189191 G: 2.4e-08
 Step:  665 E: -1582.341481189190 G: 2.4e-08
 Step:  666 E: -1582.341481189189 G: 2.3e-08
 Step:  667 E: -1582.341481189191 G: 2.3e-08
 Step:  668 E: -1582.341481189191 G: 2.2e-08
 Step:  669 E: -1582.341481189191 G: 2.2e-08
 Step:  670 E: -1582.341481189191 G: 2.2e-08
 Step:  671 E: -1582.341481189191 G: 2.1e-08
 Step:  672 E: -1582.341481189191 G: 2.1e-08
 Step:  673 E: -1582.341481189191 G: 2.0e-08
 Step:  674 E: -1582.341481189192 G: 2.0e-08
 Step:  675 E: -1582.341481189190 G: 2.0e-08
 Step:  676 E: -1582.341481189191 G: 1.9e-08
 Step:  677 E: -1582.341481189191 G: 1.9e-08
 Step:  678 E: -1582.341481189189 G: 1.9e-08
 Step:  679 E: -1582.341481189190 G: 1.8e-08
 Step:  680 E: -1582.341481189191 G: 1.8e-08
 Step:  681 E: -1582.341481189191 G: 1.8e-08
 Step:  682 E: -1582.341481189192 G: 1.7e-08
 Step:  683 E: -1582.341481189191 G: 1.7e-08
 Step:  684 E: -1582.341481189190 G: 1.7e-08
 Step:  685 E: -1582.341481189190 G: 1.6e-08
 Step:  686 E: -1582.341481189190 G: 1.6e-08
 Step:  687 E: -1582.341481189190 G: 1.6e-08
 Step:  688 E: -1582.341481189191 G: 1.5e-08
 Step:  689 E: -1582.341481189191 G: 1.5e-08
 Step:  690 E: -1582.341481189189 G: 1.5e-08
 Step:  691 E: -1582.341481189191 G: 1.5e-08
 Step:  692 E: -1582.341481189191 G: 1.4e-08
 Step:  693 E: -1582.341481189190 G: 1.4e-08
 Step:  694 E: -1582.341481189191 G: 1.4e-08
 Step:  695 E: -1582.341481189190 G: 1.4e-08
 Step:  696 E: -1582.341481189189 G: 1.3e-08
 Step:  697 E: -1582.341481189190 G: 1.3e-08
 Step:  698 E: -1582.341481189189 G: 1.3e-08
 Step:  699 E: -1582.341481189190 G: 1.3e-08
 Step:  700 E: -1582.341481189191 G: 1.2e-08
 Step:  701 E: -1582.341481189190 G: 1.2e-08
 Step:  702 E: -1582.341481189191 G: 1.2e-08
 Step:  703 E: -1582.341481189190 G: 1.2e-08
 Step:  704 E: -1582.341481189189 G: 1.2e-08
 Step:  705 E: -1582.341481189190 G: 1.1e-08
 Step:  706 E: -1582.341481189189 G: 1.1e-08
 Step:  707 E: -1582.341481189190 G: 1.1e-08
 Step:  708 E: -1582.341481189189 G: 1.1e-08
 Step:  709 E: -1582.341481189189 G: 1.1e-08
 Step:  710 E: -1582.341481189189 G: 1.0e-08
 Step:  711 E: -1582.341481189189 G: 1.0e-08
*Step:  712 E: -1582.341481189189 G: 9.9e-09
533.470892 seconds (29.20 M allocations: 182.920 GiB, 2.34% gc time)


Solve OO-CMF with DIIS with gradient only
 ooCMF Iter:    1 Total= -1582.069205758952 G=    9.071e-01 #SS:    1
 ooCMF Iter:    2 Total= -1582.317672049736 G=    2.605e-01 #SS:    2
 ooCMF Iter:    3 Total= -1582.332794011131 G=    1.324e-01 #SS:    3
 ooCMF Iter:    4 Total= -1582.339026872252 G=    6.172e-02 #SS:    4
 ooCMF Iter:    5 Total= -1582.340245290913 G=    3.121e-02 #SS:    5
 ooCMF Iter:    6 Total= -1582.340281711638 G=    3.309e-02 #SS:    6
 ooCMF Iter:    7 Total= -1582.340796672763 G=    2.262e-02 #SS:    7
 ooCMF Iter:    8 Total= -1582.341161233034 G=    2.237e-02 #SS:    8
 ooCMF Iter:    9 Total= -1582.341308701858 G=    1.435e-02 #SS:    9
 ooCMF Iter:   10 Total= -1582.341468651695 G=    4.142e-03 #SS:   10
 ooCMF Iter:   11 Total= -1582.341476599023 G=    1.891e-03 #SS:   11
 ooCMF Iter:   12 Total= -1582.341477217195 G=    1.600e-03 #SS:   12
 ooCMF Iter:   13 Total= -1582.341478350638 G=    1.226e-03 #SS:   13
 ooCMF Iter:   14 Total= -1582.341479147414 G=    1.038e-03 #SS:   14
 ooCMF Iter:   15 Total= -1582.341480427565 G=    6.563e-04 #SS:   15
 ooCMF Iter:   16 Total= -1582.341480997604 G=    3.023e-04 #SS:   16
 ooCMF Iter:   17 Total= -1582.341480952639 G=    4.876e-04 #SS:   17
 ooCMF Iter:   18 Total= -1582.341481065148 G=    2.426e-04 #SS:   18
 ooCMF Iter:   19 Total= -1582.341481161881 G=    1.467e-04 #SS:   19
 ooCMF Iter:   20 Total= -1582.341481161137 G=    2.252e-04 #SS:   20
 ooCMF Iter:   21 Total= -1582.341481187544 G=    3.944e-05 #SS:   21
 ooCMF Iter:   22 Total= -1582.341481187993 G=    3.184e-05 #SS:   22
 ooCMF Iter:   23 Total= -1582.341481188315 G=    3.814e-05 #SS:   23
 ooCMF Iter:   24 Total= -1582.341481188773 G=    2.318e-05 #SS:   24
 ooCMF Iter:   25 Total= -1582.341481189161 G=    7.795e-06 #SS:   24
 ooCMF Iter:   26 Total= -1582.341481189183 G=    2.499e-06 #SS:   24
 ooCMF Iter:   27 Total= -1582.341481189185 G=    2.056e-06 #SS:   24
 ooCMF Iter:   28 Total= -1582.341481189186 G=    1.387e-06 #SS:   24
 ooCMF Iter:   29 Total= -1582.341481189189 G=    8.146e-07 #SS:   24
 ooCMF Iter:   30 Total= -1582.341481189189 G=    6.839e-07 #SS:   24
 ooCMF Iter:   31 Total= -1582.341481189190 G=    3.656e-07 #SS:   24
 ooCMF Iter:   32 Total= -1582.341481189190 G=    2.807e-07 #SS:   24
 ooCMF Iter:   33 Total= -1582.341481189190 G=    2.691e-07 #SS:   24
 ooCMF Iter:   34 Total= -1582.341481189190 G=    1.614e-07 #SS:   24
 ooCMF Iter:   35 Total= -1582.341481189190 G=    5.085e-08 #SS:   24
 ooCMF Iter:   36 Total= -1582.341481189190 G=    4.305e-08 #SS:   24
 ooCMF Iter:   37 Total= -1582.341481189190 G=    2.829e-08 #SS:   24
 ooCMF Iter:   38 Total= -1582.341481189190 G=    2.725e-08 #SS:   24
 ooCMF Iter:   39 Total= -1582.341481189190 G=    1.859e-08 #SS:   24
 ooCMF Iter:   40 Total= -1582.341481189189 G=    1.333e-08 #SS:   24
 ooCMF Iter:   41 Total= -1582.341481189190 G=    1.132e-08 #SS:   24
*ooCMF Iter:   42 Total= -1582.341481189191 G=    5.770e-09 #SS:   24

Solve OO-CMF with DIIS with hessian and without projection
 ooCMF Iter:    1 Total= -1582.340197503036 G=    5.177e-02 #SS:    1
 ooCMF Iter:    2 Total= -1582.341408303380 G=    1.773e-02 #SS:    2
 ooCMF Iter:    3 Total= -1582.341479865289 G=    2.159e-03 #SS:    3
 ooCMF Iter:    4 Total= -1582.341481167935 G=    2.932e-04 #SS:    4
 ooCMF Iter:    5 Total= -1582.341481189009 G=    1.945e-05 #SS:    5
 ooCMF Iter:    6 Total= -1582.341481189178 G=    6.642e-06 #SS:    6
 ooCMF Iter:    7 Total= -1582.341481189191 G=    4.001e-07 #SS:    7
 ooCMF Iter:    8 Total= -1582.341481189189 G=    2.835e-08 #SS:    8
*ooCMF Iter:    9 Total= -1582.341481189190 G=    2.011e-09 #SS:    9
 30.205326 seconds (1.50 M allocations: 8.095 GiB, 1.77% gc time)

Solve OO-CMF with DIIS with hessian and projection
  Solve OO-CMF with DIIS
 ooCMF Iter:    1 Total= -1582.340186148206158 G=    5.092e-02 #SS:    1
 ooCMF Iter:    2 Total= -1582.341407472235005 G=    1.756e-02 #SS:    2
 ooCMF Iter:    3 Total= -1582.341479809791508 G=    2.070e-03 #SS:    3
 ooCMF Iter:    4 Total= -1582.341481138382505 G=    3.512e-04 #SS:    4
 ooCMF Iter:    5 Total= -1582.341481184381792 G=    7.342e-05 #SS:    5
 ooCMF Iter:    6 Total= -1582.341481188858324 G=    2.262e-05 #SS:    6
 ooCMF Iter:    7 Total= -1582.341481189186652 G=    3.394e-06 #SS:    7
 ooCMF Iter:    8 Total= -1582.341481189191882 G=    4.030e-07 #SS:    8
 ooCMF Iter:    9 Total= -1582.341481189190063 G=    5.180e-08 #SS:    9
*ooCMF Iter:   10 Total= -1582.341481189190517 G=    9.103e-09 #SS:   10
 99.488781 seconds (2.57 M allocations: 9.199 GiB, 1.11% gc time)

 Solve OO-CMF with newton with projection
Solve OO-CMF with newton
 Step:    1 E: -1581.961100390973 G:     1.09e+00 Norm_step:     7.17e-01 
 Step:    2 E: -1582.340186148206 G:     5.09e-02 Norm_step:     6.20e-02 
 Step:    3 E: -1582.341468283311 G:     3.62e-03 Norm_step:     7.68e-03 
 Step:    4 E: -1582.341480744332 G:     5.75e-04 Norm_step:     1.53e-03 
 Step:    5 E: -1582.341481171491 G:     1.09e-04 Norm_step:     3.11e-04 
 Step:    6 E: -1582.341481188470 G:     2.17e-05 Norm_step:     6.30e-05 
 Step:    7 E: -1582.341481189159 G:     4.37e-06 Norm_step:     1.28e-05 
 Step:    8 E: -1582.341481189188 G:     8.82e-07 Norm_step:     2.58e-06 
 Step:    9 E: -1582.341481189191 G:     1.78e-07 Norm_step:     5.22e-07 
 Step:   10 E: -1582.341481189189 G:     3.60e-08 Norm_step:     1.06e-07 
 Step:   11 E: -1582.341481189190 G:     7.29e-09 Norm_step:     2.14e-08 
 49.468417 seconds (1.75 M allocations: 5.082 GiB, 4.04% gc time, 0.02% compilation time)

 Solve OO-CMF with newton without projection
 Step:    1 E: -1581.961100390973 G:     1.09e+00  
 Step:    2 E: -1582.340197503036 G:     5.18e-02  
 Step:    3 E: -1582.341469774198 G:     3.40e-03  
 Step:    4 E: -1582.341480794546 G:     5.42e-04  
 Step:    5 E: -1582.341481173589 G:     1.03e-04  
 Step:    6 E: -1582.341481188563 G:     2.04e-05  
 Step:    7 E: -1582.341481189166 G:     4.07e-06  
 Step:    8 E: -1582.341481189188 G:     8.15e-07  
 Step:    9 E: -1582.341481189191 G:     1.64e-07  
 Step:   10 E: -1582.341481189191 G:     3.28e-08  
 Step:   11 E: -1582.341481189191 G:     6.60e-09  
 20.913806 seconds (819.44 k allocations: 4.635 GiB, 1.88% gc time)