IDX001:DIM4096:001|002|003|004|005|006|
IDX002:DIM4096:007|008|009|010|011|012|
IDX003:DIM4096:013|014|015|016|017|018|
 ooCMF Iter:    1 Total= -680.485734325478 Active= -32.959160915782 G=     5.31e-01
 ooCMF Iter:    2 Total= -680.565576414315 Active= -33.039003004620 G=     1.54e-01
 ooCMF Iter:    3 Total= -680.571211812134 Active= -33.044638402438 G=     4.29e-02
 ooCMF Iter:    4 Total= -680.571713289036 Active= -33.045139879340 G=     2.00e-02
 ooCMF Iter:    5 Total= -680.571884681087 Active= -33.045311271391 G=     1.60e-02
 ooCMF Iter:    6 Total= -680.572036089233 Active= -33.045462679537 G=     9.76e-03
 ooCMF Iter:    7 Total= -680.572060025791 Active= -33.045486616096 G=     2.13e-03
 ooCMF Iter:    8 Total= -680.572061322377 Active= -33.045487912681 G=     1.06e-03
 ooCMF Iter:    9 Total= -680.572061949286 Active= -33.045488539591 G=     6.85e-04
 ooCMF Iter:   10 Total= -680.572062185070 Active= -33.045488775374 G=     4.92e-04
 ooCMF Iter:   11 Total= -680.572062259557 Active= -33.045488849862 G=     9.78e-05
 ooCMF Iter:   12 Total= -680.572062267143 Active= -33.045488857448 G=     5.66e-05
 ooCMF Iter:   13 Total= -680.572062268092 Active= -33.045488858396 G=     1.85e-05
 ooCMF Iter:   14 Total= -680.572062268261 Active= -33.045488858565 G=     1.04e-05
 ooCMF Iter:   15 Total= -680.572062268306 Active= -33.045488858610 G=     9.81e-06
 ooCMF Iter:   16 Total= -680.572062268327 Active= -33.045488858631 G=     3.87e-06
 ooCMF Iter:   17 Total= -680.572062268331 Active= -33.045488858635 G=     9.28e-07
 ooCMF Iter:   18 Total= -680.572062268332 Active= -33.045488858636 G=     3.69e-07
 ooCMF Iter:   19 Total= -680.572062268332 Active= -33.045488858636 G=     2.43e-07
 ooCMF Iter:   20 Total= -680.572062268331 Active= -33.045488858636 G=     8.63e-08
 ooCMF Iter:   21 Total= -680.572062268333 Active= -33.045488858637 G=     6.21e-08
 ooCMF Iter:   22 Total= -680.572062268332 Active= -33.045488858636 G=     3.30e-08
 * Status: success (objective increased between iterations)

 * Candidate solution
    Final objective value:     -6.805721e+02

 * Found with
    Algorithm:     BFGS

 * Convergence measures
    |x - x'|               = 1.13e-08 ≰ 0.0e+00
    |x - x'|/|x'|          = 1.03e-07 ≰ 0.0e+00
    |f(x) - f(x')|         = 7.96e-13 ≰ 0.0e+00
    |f(x) - f(x')|/|f(x')| = 1.17e-15 ≰ 0.0e+00
    |g(x)|                 = 6.98e-09 ≤ 1.0e-08

 * Work counters
    Seconds run:   39  (vs limit Inf)
    Iterations:    21
    f(x) calls:    49
    ∇f(x) calls:   49

*ooCMF -680.57206227 
 41.075950 seconds (1.59 M allocations: 1.117 GiB, 0.46% gc time)
 ooCMF Iter:    1 Total= -680.485734325478 Active= -32.959160915782 G=     5.31e-01
 ooCMF Iter:    2 Total= -680.565592162135 Active= -33.039018752439 G=     1.53e-01
 ooCMF Iter:    3 Total= -680.571205756144 Active= -33.044632346448 G=     4.13e-02
 ooCMF Iter:    4 Total= -680.571712314820 Active= -33.045138905124 G=     2.06e-02
 ooCMF Iter:    5 Total= -680.571880474255 Active= -33.045307064559 G=     1.87e-02
 ooCMF Iter:    6 Total= -680.572028545196 Active= -33.045455135500 G=     1.14e-02
 ooCMF Iter:    7 Total= -680.572059272499 Active= -33.045485862803 G=     2.65e-03
 ooCMF Iter:    8 Total= -680.572061060722 Active= -33.045487651027 G=     1.06e-03
 ooCMF Iter:    9 Total= -680.572061609655 Active= -33.045488199959 G=     8.68e-04
 ooCMF Iter:   10 Total= -680.572061950454 Active= -33.045488540758 G=     1.19e-03
 ooCMF Iter:   11 Total= -680.572062213598 Active= -33.045488803902 G=     3.55e-04
 ooCMF Iter:   12 Total= -680.572062248364 Active= -33.045488838668 G=     1.67e-04
 ooCMF Iter:   13 Total= -680.572062257929 Active= -33.045488848233 G=     1.01e-04
 ooCMF Iter:   14 Total= -680.572062264803 Active= -33.045488855107 G=     8.55e-05
 ooCMF Iter:   15 Total= -680.572062267758 Active= -33.045488858062 G=     5.08e-05
 ooCMF Iter:   16 Total= -680.572062268234 Active= -33.045488858538 G=     1.26e-05
 ooCMF Iter:   17 Total= -680.572062268289 Active= -33.045488858593 G=     7.16e-06
 ooCMF Iter:   18 Total= -680.572062268317 Active= -33.045488858621 G=     4.59e-06
 ooCMF Iter:   19 Total= -680.572062268327 Active= -33.045488858631 G=     2.68e-06
 ooCMF Iter:   20 Total= -680.572062268331 Active= -33.045488858635 G=     2.33e-06
 ooCMF Iter:   21 Total= -680.572062268331 Active= -33.045488858636 G=     1.03e-06
 ooCMF Iter:   22 Total= -680.572062268332 Active= -33.045488858636 G=     3.66e-07
 ooCMF Iter:   23 Total= -680.572062268332 Active= -33.045488858636 G=     1.15e-07
 ooCMF Iter:   24 Total= -680.572062268332 Active= -33.045488858636 G=     6.39e-08
 ooCMF Iter:   25 Total= -680.572062268333 Active= -33.045488858637 G=     5.93e-08
 ooCMF Iter:   26 Total= -680.572062268331 Active= -33.045488858636 G=     2.06e-08
 * Status: success (objective increased between iterations)

 * Candidate solution
    Final objective value:     -6.805721e+02

 * Found with
    Algorithm:     Conjugate Gradient

 * Convergence measures
    |x - x'|               = 1.45e-08 ≰ 0.0e+00
    |x - x'|/|x'|          = 1.32e-07 ≰ 0.0e+00
    |f(x) - f(x')|         = 1.25e-12 ≰ 0.0e+00
    |f(x) - f(x')|/|f(x')| = 1.84e-15 ≰ 0.0e+00
    |g(x)|                 = 3.88e-09 ≤ 1.0e-08

 * Work counters
    Seconds run:   32  (vs limit Inf)
    Iterations:    25
    f(x) calls:    60
    ∇f(x) calls:   38

*ooCMF -680.57206227 
 33.613492 seconds (1.30 M allocations: 975.531 MiB, 0.70% gc time)
 Step:    1 E: -680.485734325478 G: 5.3e-01
 Step:    2 E: -680.511436332841 G: 4.4e-01
 Step:    3 E: -680.529059944380 G: 3.6e-01
 Step:    4 E: -680.541249326910 G: 3.0e-01
 Step:    5 E: -680.549761457240 G: 2.6e-01
 Step:    6 E: -680.555763918558 G: 2.2e-01
 Step:    7 E: -680.560036910436 G: 1.8e-01
 Step:    8 E: -680.563106185174 G: 1.5e-01
 Step:    9 E: -680.565329514554 G: 1.3e-01
 Step:   10 E: -680.566952857596 G: 1.1e-01
 Step:   11 E: -680.568147014847 G: 9.7e-02
 Step:   12 E: -680.569031738975 G: 8.4e-02
 Step:   13 E: -680.569691748780 G: 7.3e-02
 Step:   14 E: -680.570187477327 G: 6.3e-02
 Step:   15 E: -680.570562362623 G: 5.5e-02
 Step:   16 E: -680.570847844469 G: 4.8e-02
 Step:   17 E: -680.571066823139 G: 4.2e-02
 Step:   18 E: -680.571236075687 G: 3.7e-02
 Step:   19 E: -680.571367958610 G: 3.3e-02
 Step:   20 E: -680.571471617225 G: 2.9e-02
 Step:   21 E: -680.571553850958 G: 2.6e-02
 Step:   22 E: -680.571619736615 G: 2.4e-02
 Step:   23 E: -680.571673080079 G: 2.1e-02
 Step:   24 E: -680.571716745494 G: 1.9e-02
 Step:   25 E: -680.571752896414 G: 1.8e-02
 Step:   26 E: -680.571783173279 G: 1.6e-02
 Step:   27 E: -680.571808824593 G: 1.5e-02
 Step:   28 E: -680.571830804265 G: 1.4e-02
 Step:   29 E: -680.571849844103 G: 1.3e-02
 Step:   30 E: -680.571866507979 G: 1.2e-02
 Step:   31 E: -680.571881232421 G: 1.2e-02
 Step:   32 E: -680.571894357132 G: 1.1e-02
 Step:   33 E: -680.571906147969 G: 1.0e-02
 Step:   34 E: -680.571916814325 G: 1.0e-02
 Step:   35 E: -680.571926522267 G: 9.5e-03
 Step:   36 E: -680.571935404526 G: 9.1e-03
 Step:   37 E: -680.571943568077 G: 8.8e-03
 Step:   38 E: -680.571951099925 G: 8.4e-03
 Step:   39 E: -680.571958071524 G: 8.1e-03
 Step:   40 E: -680.571964542154 G: 7.8e-03
 Step:   41 E: -680.571970561521 G: 7.6e-03
 Step:   42 E: -680.571976171736 G: 7.3e-03
 Step:   43 E: -680.571981408872 G: 7.1e-03
 Step:   44 E: -680.571986304142 G: 6.8e-03
 Step:   45 E: -680.571990884819 G: 6.6e-03
 Step:   46 E: -680.571995174966 G: 6.4e-03
 Step:   47 E: -680.571999195986 G: 6.2e-03
 Step:   48 E: -680.572002967072 G: 6.0e-03
 Step:   49 E: -680.572006505552 G: 5.8e-03
 Step:   50 E: -680.572009827168 G: 5.6e-03
 Step:   51 E: -680.572012946296 G: 5.5e-03
 Step:   52 E: -680.572015876130 G: 5.3e-03
 Step:   53 E: -680.572018628823 G: 5.1e-03
 Step:   54 E: -680.572021215607 G: 5.0e-03
 Step:   55 E: -680.572023646896 G: 4.8e-03
 Step:   56 E: -680.572025932364 G: 4.7e-03
 Step:   57 E: -680.572028081021 G: 4.5e-03
 Step:   58 E: -680.572030101266 G: 4.4e-03
 Step:   59 E: -680.572032000945 G: 4.3e-03
 Step:   60 E: -680.572033787393 G: 4.1e-03
 Step:   61 E: -680.572035467474 G: 4.0e-03
 Step:   62 E: -680.572037047619 G: 3.9e-03
 Step:   63 E: -680.572038533852 G: 3.8e-03
 Step:   64 E: -680.572039931824 G: 3.7e-03
 Step:   65 E: -680.572041246834 G: 3.5e-03
 Step:   66 E: -680.572042483859 G: 3.4e-03
 Step:   67 E: -680.572043647567 G: 3.3e-03
 Step:   68 E: -680.572044742344 G: 3.2e-03
 Step:   69 E: -680.572045772306 G: 3.1e-03
 Step:   70 E: -680.572046741325 G: 3.0e-03
 Step:   71 E: -680.572047653034 G: 3.0e-03
 Step:   72 E: -680.572048510851 G: 2.9e-03
 Step:   73 E: -680.572049317982 G: 2.8e-03
 Step:   74 E: -680.572050077445 G: 2.7e-03
 Step:   75 E: -680.572050792076 G: 2.6e-03
 Step:   76 E: -680.572051464542 G: 2.5e-03
 Step:   77 E: -680.572052097344 G: 2.5e-03
 Step:   78 E: -680.572052692840 G: 2.4e-03
 Step:   79 E: -680.572053253244 G: 2.3e-03
 Step:   80 E: -680.572053780638 G: 2.2e-03
 Step:   81 E: -680.572054276979 G: 2.2e-03
 Step:   82 E: -680.572054744109 G: 2.1e-03
 Step:   83 E: -680.572055183756 G: 2.0e-03
 Step:   84 E: -680.572055597550 G: 2.0e-03
 Step:   85 E: -680.572055987020 G: 1.9e-03
 Step:   86 E: -680.572056353606 G: 1.9e-03
 Step:   87 E: -680.572056698662 G: 1.8e-03
 Step:   88 E: -680.572057023459 G: 1.8e-03
 Step:   89 E: -680.572057329194 G: 1.7e-03
 Step:   90 E: -680.572057616995 G: 1.7e-03
 Step:   91 E: -680.572057887920 G: 1.6e-03
 Step:   92 E: -680.572058142964 G: 1.6e-03
 Step:   93 E: -680.572058383065 G: 1.5e-03
 Step:   94 E: -680.572058609104 G: 1.5e-03
 Step:   95 E: -680.572058821909 G: 1.4e-03
 Step:   96 E: -680.572059022261 G: 1.4e-03
 Step:   97 E: -680.572059210894 G: 1.3e-03
 Step:   98 E: -680.572059388495 G: 1.3e-03
 Step:   99 E: -680.572059555716 G: 1.3e-03
 Step:  100 E: -680.572059713167 G: 1.2e-03
 Step:  101 E: -680.572059861422 G: 1.2e-03
 Step:  102 E: -680.572060001022 G: 1.2e-03
 Step:  103 E: -680.572060132474 G: 1.1e-03
 Step:  104 E: -680.572060256259 G: 1.1e-03
 Step:  105 E: -680.572060372824 G: 1.1e-03
 Step:  106 E: -680.572060482597 G: 1.0e-03
 Step:  107 E: -680.572060585972 G: 9.9e-04
 Step:  108 E: -680.572060683327 G: 9.6e-04
 Step:  109 E: -680.572060775012 G: 9.4e-04
 Step:  110 E: -680.572060861363 G: 9.1e-04
 Step:  111 E: -680.572060942690 G: 8.8e-04
 Step:  112 E: -680.572061019288 G: 8.6e-04
 Step:  113 E: -680.572061091432 G: 8.3e-04
 Step:  114 E: -680.572061159385 G: 8.1e-04
 Step:  115 E: -680.572061223391 G: 7.8e-04
 Step:  116 E: -680.572061283679 G: 7.6e-04
 Step:  117 E: -680.572061340469 G: 7.4e-04
 Step:  118 E: -680.572061393964 G: 7.2e-04
 Step:  119 E: -680.572061444356 G: 6.9e-04
 Step:  120 E: -680.572061491827 G: 6.7e-04
 Step:  121 E: -680.572061536546 G: 6.5e-04
 Step:  122 E: -680.572061578675 G: 6.3e-04
 Step:  123 E: -680.572061618364 G: 6.2e-04
 Step:  124 E: -680.572061655756 G: 6.0e-04
 Step:  125 E: -680.572061690983 G: 5.8e-04
 Step:  126 E: -680.572061724173 G: 5.6e-04
 Step:  127 E: -680.572061755444 G: 5.5e-04
 Step:  128 E: -680.572061784908 G: 5.3e-04
 Step:  129 E: -680.572061812669 G: 5.2e-04
 Step:  130 E: -680.572061838827 G: 5.0e-04
 Step:  131 E: -680.572061863474 G: 4.9e-04
 Step:  132 E: -680.572061886698 G: 4.7e-04
 Step:  133 E: -680.572061908584 G: 4.6e-04
 Step:  134 E: -680.572061929207 G: 4.4e-04
 Step:  135 E: -680.572061948641 G: 4.3e-04
 Step:  136 E: -680.572061966954 G: 4.2e-04
 Step:  137 E: -680.572061984212 G: 4.1e-04
 Step:  138 E: -680.572062000477 G: 3.9e-04
 Step:  139 E: -680.572062015806 G: 3.8e-04
 Step:  140 E: -680.572062030252 G: 3.7e-04
 Step:  141 E: -680.572062043867 G: 3.6e-04
 Step:  142 E: -680.572062056700 G: 3.5e-04
 Step:  143 E: -680.572062068794 G: 3.4e-04
 Step:  144 E: -680.572062080194 G: 3.3e-04
 Step:  145 E: -680.572062090938 G: 3.2e-04
 Step:  146 E: -680.572062101065 G: 3.1e-04
 Step:  147 E: -680.572062110613 G: 3.0e-04
 Step:  148 E: -680.572062119610 G: 2.9e-04
 Step:  149 E: -680.572062128093 G: 2.8e-04
 Step:  150 E: -680.572062136088 G: 2.8e-04
 Step:  151 E: -680.572062143626 G: 2.7e-04
 Step:  152 E: -680.572062150732 G: 2.6e-04
 Step:  153 E: -680.572062157430 G: 2.5e-04
 Step:  154 E: -680.572062163745 G: 2.5e-04
 Step:  155 E: -680.572062169698 G: 2.4e-04
 Step:  156 E: -680.572062175311 G: 2.3e-04
 Step:  157 E: -680.572062180602 G: 2.2e-04
 Step:  158 E: -680.572062185592 G: 2.2e-04
 Step:  159 E: -680.572062190295 G: 2.1e-04
 Step:  160 E: -680.572062194731 G: 2.1e-04
 Step:  161 E: -680.572062198912 G: 2.0e-04
 Step:  162 E: -680.572062202855 G: 1.9e-04
 Step:  163 E: -680.572062206573 G: 1.9e-04
 Step:  164 E: -680.572062210079 G: 1.8e-04
 Step:  165 E: -680.572062213384 G: 1.8e-04
 Step:  166 E: -680.572062216501 G: 1.7e-04
 Step:  167 E: -680.572062219440 G: 1.7e-04
 Step:  168 E: -680.572062222211 G: 1.6e-04
 Step:  169 E: -680.572062224825 G: 1.6e-04
 Step:  170 E: -680.572062227290 G: 1.5e-04
 Step:  171 E: -680.572062229615 G: 1.5e-04
 Step:  172 E: -680.572062231807 G: 1.4e-04
 Step:  173 E: -680.572062233875 G: 1.4e-04
 Step:  174 E: -680.572062235824 G: 1.4e-04
 Step:  175 E: -680.572062237663 G: 1.3e-04
 Step:  176 E: -680.572062239398 G: 1.3e-04
 Step:  177 E: -680.572062241034 G: 1.3e-04
 Step:  178 E: -680.572062242577 G: 1.2e-04
 Step:  179 E: -680.572062244033 G: 1.2e-04
 Step:  180 E: -680.572062245404 G: 1.1e-04
 Step:  181 E: -680.572062246700 G: 1.1e-04
 Step:  182 E: -680.572062247920 G: 1.1e-04
 Step:  183 E: -680.572062249072 G: 1.1e-04
 Step:  184 E: -680.572062250160 G: 1.0e-04
 Step:  185 E: -680.572062251185 G: 9.9e-05
 Step:  186 E: -680.572062252152 G: 9.6e-05
 Step:  187 E: -680.572062253064 G: 9.3e-05
 Step:  188 E: -680.572062253925 G: 9.1e-05
 Step:  189 E: -680.572062254736 G: 8.8e-05
 Step:  190 E: -680.572062255502 G: 8.6e-05
 Step:  191 E: -680.572062256225 G: 8.3e-05
 Step:  192 E: -680.572062256906 G: 8.1e-05
 Step:  193 E: -680.572062257549 G: 7.8e-05
 Step:  194 E: -680.572062258156 G: 7.6e-05
 Step:  195 E: -680.572062258728 G: 7.4e-05
 Step:  196 E: -680.572062259268 G: 7.2e-05
 Step:  197 E: -680.572062259778 G: 7.0e-05
 Step:  198 E: -680.572062260259 G: 6.8e-05
 Step:  199 E: -680.572062260713 G: 6.6e-05
 Step:  200 E: -680.572062261140 G: 6.4e-05
 Step:  201 E: -680.572062261544 G: 6.2e-05
 Step:  202 E: -680.572062261926 G: 6.0e-05
 Step:  203 E: -680.572062262285 G: 5.9e-05
 Step:  204 E: -680.572062262625 G: 5.7e-05
 Step:  205 E: -680.572062262944 G: 5.5e-05
 Step:  206 E: -680.572062263247 G: 5.4e-05
 Step:  207 E: -680.572062263533 G: 5.2e-05
 Step:  208 E: -680.572062263801 G: 5.1e-05
 Step:  209 E: -680.572062264055 G: 4.9e-05
 Step:  210 E: -680.572062264294 G: 4.8e-05
 Step:  211 E: -680.572062264520 G: 4.7e-05
 Step:  212 E: -680.572062264734 G: 4.5e-05
 Step:  213 E: -680.572062264936 G: 4.4e-05
 Step:  214 E: -680.572062265125 G: 4.3e-05
 Step:  215 E: -680.572062265305 G: 4.1e-05
 Step:  216 E: -680.572062265475 G: 4.0e-05
 Step:  217 E: -680.572062265634 G: 3.9e-05
 Step:  218 E: -680.572062265785 G: 3.8e-05
 Step:  219 E: -680.572062265927 G: 3.7e-05
 Step:  220 E: -680.572062266062 G: 3.6e-05
 Step:  221 E: -680.572062266189 G: 3.5e-05
 Step:  222 E: -680.572062266309 G: 3.4e-05
 Step:  223 E: -680.572062266422 G: 3.3e-05
 Step:  224 E: -680.572062266528 G: 3.2e-05
 Step:  225 E: -680.572062266629 G: 3.1e-05
 Step:  226 E: -680.572062266724 G: 3.0e-05
 Step:  227 E: -680.572062266814 G: 2.9e-05
 Step:  228 E: -680.572062266898 G: 2.8e-05
 Step:  229 E: -680.572062266979 G: 2.8e-05
 Step:  230 E: -680.572062267054 G: 2.7e-05
 Step:  231 E: -680.572062267125 G: 2.6e-05
 Step:  232 E: -680.572062267192 G: 2.5e-05
 Step:  233 E: -680.572062267256 G: 2.5e-05
 Step:  234 E: -680.572062267316 G: 2.4e-05
 Step:  235 E: -680.572062267373 G: 2.3e-05
 Step:  236 E: -680.572062267426 G: 2.3e-05
 Step:  237 E: -680.572062267477 G: 2.2e-05
 Step:  238 E: -680.572062267524 G: 2.1e-05
 Step:  239 E: -680.572062267568 G: 2.1e-05
 Step:  240 E: -680.572062267611 G: 2.0e-05
 Step:  241 E: -680.572062267652 G: 2.0e-05
 Step:  242 E: -680.572062267689 G: 1.9e-05
 Step:  243 E: -680.572062267725 G: 1.8e-05
 Step:  244 E: -680.572062267759 G: 1.8e-05
 Step:  245 E: -680.572062267790 G: 1.7e-05
 Step:  246 E: -680.572062267821 G: 1.7e-05
 Step:  247 E: -680.572062267849 G: 1.6e-05
 Step:  248 E: -680.572062267876 G: 1.6e-05
 Step:  249 E: -680.572062267901 G: 1.6e-05
 Step:  250 E: -680.572062267925 G: 1.5e-05
 Step:  251 E: -680.572062267947 G: 1.5e-05
 Step:  252 E: -680.572062267969 G: 1.4e-05
 Step:  253 E: -680.572062267989 G: 1.4e-05
 Step:  254 E: -680.572062268008 G: 1.3e-05
 Step:  255 E: -680.572062268026 G: 1.3e-05
 Step:  256 E: -680.572062268043 G: 1.3e-05
 Step:  257 E: -680.572062268060 G: 1.2e-05
 Step:  258 E: -680.572062268074 G: 1.2e-05
 Step:  259 E: -680.572062268088 G: 1.2e-05
 Step:  260 E: -680.572062268101 G: 1.1e-05
 Step:  261 E: -680.572062268115 G: 1.1e-05
 Step:  262 E: -680.572062268127 G: 1.1e-05
 Step:  263 E: -680.572062268138 G: 1.0e-05
 Step:  264 E: -680.572062268149 G: 1.0e-05
 Step:  265 E: -680.572062268159 G: 9.9e-06
 Step:  266 E: -680.572062268169 G: 9.6e-06
 Step:  267 E: -680.572062268177 G: 9.3e-06
 Step:  268 E: -680.572062268186 G: 9.0e-06
 Step:  269 E: -680.572062268195 G: 8.8e-06
 Step:  270 E: -680.572062268202 G: 8.5e-06
 Step:  271 E: -680.572062268209 G: 8.3e-06
 Step:  272 E: -680.572062268216 G: 8.1e-06
 Step:  273 E: -680.572062268222 G: 7.8e-06
 Step:  274 E: -680.572062268228 G: 7.6e-06
 Step:  275 E: -680.572062268234 G: 7.4e-06
 Step:  276 E: -680.572062268239 G: 7.2e-06
 Step:  277 E: -680.572062268245 G: 7.0e-06
 Step:  278 E: -680.572062268249 G: 6.8e-06
 Step:  279 E: -680.572062268254 G: 6.6e-06
 Step:  280 E: -680.572062268258 G: 6.4e-06
 Step:  281 E: -680.572062268262 G: 6.2e-06
 Step:  282 E: -680.572062268266 G: 6.1e-06
 Step:  283 E: -680.572062268269 G: 5.9e-06
 Step:  284 E: -680.572062268273 G: 5.7e-06
 Step:  285 E: -680.572062268276 G: 5.6e-06
 Step:  286 E: -680.572062268280 G: 5.4e-06
 Step:  287 E: -680.572062268282 G: 5.3e-06
 Step:  288 E: -680.572062268285 G: 5.1e-06
 Step:  289 E: -680.572062268288 G: 5.0e-06
 Step:  290 E: -680.572062268290 G: 4.8e-06
 Step:  291 E: -680.572062268292 G: 4.7e-06
 Step:  292 E: -680.572062268295 G: 4.6e-06
 Step:  293 E: -680.572062268297 G: 4.4e-06
 Step:  294 E: -680.572062268299 G: 4.3e-06
 Step:  295 E: -680.572062268300 G: 4.2e-06
 Step:  296 E: -680.572062268302 G: 4.1e-06
 Step:  297 E: -680.572062268304 G: 4.0e-06
 Step:  298 E: -680.572062268305 G: 3.8e-06
 Step:  299 E: -680.572062268307 G: 3.7e-06
 Step:  300 E: -680.572062268307 G: 3.6e-06
 Step:  301 E: -680.572062268310 G: 3.5e-06
 Step:  302 E: -680.572062268311 G: 3.4e-06
 Step:  303 E: -680.572062268312 G: 3.3e-06
 Step:  304 E: -680.572062268312 G: 3.2e-06
 Step:  305 E: -680.572062268313 G: 3.2e-06
 Step:  306 E: -680.572062268315 G: 3.1e-06
 Step:  307 E: -680.572062268316 G: 3.0e-06
 Step:  308 E: -680.572062268316 G: 2.9e-06
 Step:  309 E: -680.572062268317 G: 2.8e-06
 Step:  310 E: -680.572062268318 G: 2.7e-06
 Step:  311 E: -680.572062268319 G: 2.7e-06
 Step:  312 E: -680.572062268320 G: 2.6e-06
 Step:  313 E: -680.572062268321 G: 2.5e-06
 Step:  314 E: -680.572062268321 G: 2.4e-06
 Step:  315 E: -680.572062268322 G: 2.4e-06
 Step:  316 E: -680.572062268322 G: 2.3e-06
 Step:  317 E: -680.572062268323 G: 2.2e-06
 Step:  318 E: -680.572062268324 G: 2.2e-06
 Step:  319 E: -680.572062268324 G: 2.1e-06
 Step:  320 E: -680.572062268324 G: 2.1e-06
 Step:  321 E: -680.572062268324 G: 2.0e-06
 Step:  322 E: -680.572062268325 G: 1.9e-06
 Step:  323 E: -680.572062268326 G: 1.9e-06
 Step:  324 E: -680.572062268326 G: 1.8e-06
 Step:  325 E: -680.572062268326 G: 1.8e-06
 Step:  326 E: -680.572062268326 G: 1.7e-06
 Step:  327 E: -680.572062268326 G: 1.7e-06
 Step:  328 E: -680.572062268327 G: 1.6e-06
 Step:  329 E: -680.572062268327 G: 1.6e-06
 Step:  330 E: -680.572062268328 G: 1.6e-06
 Step:  331 E: -680.572062268328 G: 1.5e-06
 Step:  332 E: -680.572062268328 G: 1.5e-06
 Step:  333 E: -680.572062268328 G: 1.4e-06
 Step:  334 E: -680.572062268329 G: 1.4e-06
 Step:  335 E: -680.572062268328 G: 1.3e-06
 Step:  336 E: -680.572062268328 G: 1.3e-06
 Step:  337 E: -680.572062268329 G: 1.3e-06
 Step:  338 E: -680.572062268329 G: 1.2e-06
 Step:  339 E: -680.572062268328 G: 1.2e-06
 Step:  340 E: -680.572062268329 G: 1.2e-06
 Step:  341 E: -680.572062268329 G: 1.1e-06
 Step:  342 E: -680.572062268330 G: 1.1e-06
 Step:  343 E: -680.572062268330 G: 1.1e-06
 Step:  344 E: -680.572062268329 G: 1.0e-06
 Step:  345 E: -680.572062268330 G: 1.0e-06
 Step:  346 E: -680.572062268330 G: 9.9e-07
 Step:  347 E: -680.572062268330 G: 9.6e-07
 Step:  348 E: -680.572062268330 G: 9.3e-07
 Step:  349 E: -680.572062268330 G: 9.1e-07
 Step:  350 E: -680.572062268330 G: 8.8e-07
 Step:  351 E: -680.572062268331 G: 8.6e-07
 Step:  352 E: -680.572062268330 G: 8.3e-07
 Step:  353 E: -680.572062268330 G: 8.1e-07
 Step:  354 E: -680.572062268330 G: 7.9e-07
 Step:  355 E: -680.572062268331 G: 7.7e-07
 Step:  356 E: -680.572062268331 G: 7.5e-07
 Step:  357 E: -680.572062268331 G: 7.2e-07
 Step:  358 E: -680.572062268331 G: 7.0e-07
 Step:  359 E: -680.572062268330 G: 6.8e-07
 Step:  360 E: -680.572062268331 G: 6.7e-07
 Step:  361 E: -680.572062268330 G: 6.5e-07
 Step:  362 E: -680.572062268331 G: 6.3e-07
 Step:  363 E: -680.572062268331 G: 6.1e-07
 Step:  364 E: -680.572062268331 G: 5.9e-07
 Step:  365 E: -680.572062268331 G: 5.8e-07
 Step:  366 E: -680.572062268331 G: 5.6e-07
 Step:  367 E: -680.572062268331 G: 5.5e-07
 Step:  368 E: -680.572062268331 G: 5.3e-07
 Step:  369 E: -680.572062268331 G: 5.2e-07
 Step:  370 E: -680.572062268331 G: 5.0e-07
 Step:  371 E: -680.572062268331 G: 4.9e-07
 Step:  372 E: -680.572062268331 G: 4.7e-07
 Step:  373 E: -680.572062268331 G: 4.6e-07
 Step:  374 E: -680.572062268331 G: 4.5e-07
 Step:  375 E: -680.572062268331 G: 4.4e-07
 Step:  376 E: -680.572062268331 G: 4.2e-07
 Step:  377 E: -680.572062268331 G: 4.1e-07
 Step:  378 E: -680.572062268332 G: 4.0e-07
 Step:  379 E: -680.572062268331 G: 3.9e-07
 Step:  380 E: -680.572062268331 G: 3.8e-07
 Step:  381 E: -680.572062268332 G: 3.7e-07
 Step:  382 E: -680.572062268331 G: 3.6e-07
 Step:  383 E: -680.572062268331 G: 3.5e-07
 Step:  384 E: -680.572062268331 G: 3.4e-07
 Step:  385 E: -680.572062268332 G: 3.3e-07
 Step:  386 E: -680.572062268331 G: 3.2e-07
 Step:  387 E: -680.572062268332 G: 3.1e-07
 Step:  388 E: -680.572062268332 G: 3.0e-07
 Step:  389 E: -680.572062268332 G: 2.9e-07
 Step:  390 E: -680.572062268331 G: 2.9e-07
 Step:  391 E: -680.572062268331 G: 2.8e-07
 Step:  392 E: -680.572062268331 G: 2.7e-07
 Step:  393 E: -680.572062268331 G: 2.6e-07
 Step:  394 E: -680.572062268331 G: 2.6e-07
 Step:  395 E: -680.572062268331 G: 2.5e-07
 Step:  396 E: -680.572062268331 G: 2.4e-07
 Step:  397 E: -680.572062268331 G: 2.4e-07
 Step:  398 E: -680.572062268331 G: 2.3e-07
 Step:  399 E: -680.572062268331 G: 2.2e-07
 Step:  400 E: -680.572062268331 G: 2.2e-07
 Step:  401 E: -680.572062268331 G: 2.1e-07
 Step:  402 E: -680.572062268331 G: 2.0e-07
 Step:  403 E: -680.572062268331 G: 2.0e-07
 Step:  404 E: -680.572062268331 G: 1.9e-07
 Step:  405 E: -680.572062268331 G: 1.9e-07
 Step:  406 E: -680.572062268331 G: 1.8e-07
 Step:  407 E: -680.572062268332 G: 1.8e-07
 Step:  408 E: -680.572062268331 G: 1.7e-07
 Step:  409 E: -680.572062268331 G: 1.7e-07
 Step:  410 E: -680.572062268331 G: 1.6e-07
 Step:  411 E: -680.572062268332 G: 1.6e-07
 Step:  412 E: -680.572062268332 G: 1.5e-07
 Step:  413 E: -680.572062268332 G: 1.5e-07
 Step:  414 E: -680.572062268332 G: 1.5e-07
 Step:  415 E: -680.572062268332 G: 1.4e-07
 Step:  416 E: -680.572062268331 G: 1.4e-07
 Step:  417 E: -680.572062268331 G: 1.3e-07
 Step:  418 E: -680.572062268332 G: 1.3e-07
 Step:  419 E: -680.572062268332 G: 1.3e-07
 Step:  420 E: -680.572062268331 G: 1.2e-07
 Step:  421 E: -680.572062268331 G: 1.2e-07
 Step:  422 E: -680.572062268331 G: 1.2e-07
 Step:  423 E: -680.572062268331 G: 1.1e-07
 Step:  424 E: -680.572062268332 G: 1.1e-07
 Step:  425 E: -680.572062268332 G: 1.1e-07
 Step:  426 E: -680.572062268332 G: 1.0e-07
 Step:  427 E: -680.572062268332 G: 1.0e-07
 Step:  428 E: -680.572062268331 G: 9.8e-08
 Step:  429 E: -680.572062268331 G: 9.6e-08
 Step:  430 E: -680.572062268331 G: 9.3e-08
 Step:  431 E: -680.572062268331 G: 9.1e-08
 Step:  432 E: -680.572062268331 G: 8.8e-08
 Step:  433 E: -680.572062268331 G: 8.6e-08
 Step:  434 E: -680.572062268331 G: 8.3e-08
 Step:  435 E: -680.572062268332 G: 8.1e-08
 Step:  436 E: -680.572062268332 G: 7.9e-08
 Step:  437 E: -680.572062268331 G: 7.6e-08
 Step:  438 E: -680.572062268332 G: 7.4e-08
 Step:  439 E: -680.572062268331 G: 7.2e-08
 Step:  440 E: -680.572062268331 G: 7.0e-08
 Step:  441 E: -680.572062268331 G: 6.8e-08
 Step:  442 E: -680.572062268331 G: 6.6e-08
 Step:  443 E: -680.572062268332 G: 6.5e-08
 Step:  444 E: -680.572062268331 G: 6.3e-08
 Step:  445 E: -680.572062268331 G: 6.1e-08
 Step:  446 E: -680.572062268332 G: 5.9e-08
 Step:  447 E: -680.572062268332 G: 5.8e-08
 Step:  448 E: -680.572062268332 G: 5.6e-08
 Step:  449 E: -680.572062268331 G: 5.5e-08
 Step:  450 E: -680.572062268332 G: 5.3e-08
 Step:  451 E: -680.572062268332 G: 5.2e-08
 Step:  452 E: -680.572062268331 G: 5.0e-08
 Step:  453 E: -680.572062268332 G: 4.9e-08
 Step:  454 E: -680.572062268331 G: 4.8e-08
 Step:  455 E: -680.572062268332 G: 4.6e-08
 Step:  456 E: -680.572062268332 G: 4.5e-08
 Step:  457 E: -680.572062268332 G: 4.4e-08
 Step:  458 E: -680.572062268331 G: 4.2e-08
 Step:  459 E: -680.572062268332 G: 4.1e-08
 Step:  460 E: -680.572062268332 G: 4.0e-08
 Step:  461 E: -680.572062268332 G: 3.9e-08
 Step:  462 E: -680.572062268332 G: 3.8e-08
 Step:  463 E: -680.572062268331 G: 3.7e-08
 Step:  464 E: -680.572062268332 G: 3.6e-08
 Step:  465 E: -680.572062268332 G: 3.5e-08
 Step:  466 E: -680.572062268332 G: 3.4e-08
 Step:  467 E: -680.572062268332 G: 3.3e-08
 Step:  468 E: -680.572062268331 G: 3.2e-08
 Step:  469 E: -680.572062268332 G: 3.1e-08
 Step:  470 E: -680.572062268332 G: 3.0e-08
 Step:  471 E: -680.572062268332 G: 3.0e-08
 Step:  472 E: -680.572062268332 G: 2.9e-08
 Step:  473 E: -680.572062268332 G: 2.8e-08
 Step:  474 E: -680.572062268332 G: 2.7e-08
 Step:  475 E: -680.572062268332 G: 2.6e-08
 Step:  476 E: -680.572062268331 G: 2.6e-08
 Step:  477 E: -680.572062268332 G: 2.5e-08
 Step:  478 E: -680.572062268332 G: 2.4e-08
 Step:  479 E: -680.572062268332 G: 2.4e-08
 Step:  480 E: -680.572062268332 G: 2.3e-08
 Step:  481 E: -680.572062268332 G: 2.2e-08
 Step:  482 E: -680.572062268332 G: 2.2e-08
 Step:  483 E: -680.572062268332 G: 2.1e-08
 Step:  484 E: -680.572062268331 G: 2.1e-08
 Step:  485 E: -680.572062268332 G: 2.0e-08
 Step:  486 E: -680.572062268332 G: 1.9e-08
 Step:  487 E: -680.572062268332 G: 1.9e-08
 Step:  488 E: -680.572062268331 G: 1.8e-08
 Step:  489 E: -680.572062268332 G: 1.8e-08
 Step:  490 E: -680.572062268332 G: 1.7e-08
 Step:  491 E: -680.572062268332 G: 1.7e-08
 Step:  492 E: -680.572062268333 G: 1.6e-08
 Step:  493 E: -680.572062268332 G: 1.6e-08
 Step:  494 E: -680.572062268332 G: 1.6e-08
 Step:  495 E: -680.572062268331 G: 1.5e-08
 Step:  496 E: -680.572062268331 G: 1.5e-08
 Step:  497 E: -680.572062268331 G: 1.4e-08
 Step:  498 E: -680.572062268332 G: 1.4e-08
 Step:  499 E: -680.572062268331 G: 1.3e-08
 Step:  500 E: -680.572062268331 G: 1.3e-08
 Step:  501 E: -680.572062268331 G: 1.3e-08
 Step:  502 E: -680.572062268331 G: 1.2e-08
 Step:  503 E: -680.572062268332 G: 1.2e-08
 Step:  504 E: -680.572062268332 G: 1.2e-08
 Step:  505 E: -680.572062268332 G: 1.1e-08
 Step:  506 E: -680.572062268331 G: 1.1e-08
 Step:  507 E: -680.572062268332 G: 1.1e-08
 Step:  508 E: -680.572062268332 G: 1.0e-08
 Step:  509 E: -680.572062268332 G: 1.0e-08
*Step:  510 E: -680.572062268331 G: 9.9e-09
135.043733 seconds (4.93 M allocations: 5.731 GiB, 0.91% gc time)
 Solve OO-CMF with DIIS
 ooCMF Iter:    1 Total= -680.511436332841 G=    4.389e-01 #SS:    1
 ooCMF Iter:    2 Total= -680.567199223554 G=    1.178e-01 #SS:    2
 ooCMF Iter:    3 Total= -680.570655095144 G=    4.943e-02 #SS:    3
 ooCMF Iter:    4 Total= -680.571379032718 G=    2.911e-02 #SS:    4
 ooCMF Iter:    5 Total= -680.571684922227 G=    1.650e-02 #SS:    5
 ooCMF Iter:    6 Total= -680.571720148104 G=    1.594e-02 #SS:    6
 ooCMF Iter:    7 Total= -680.571852574696 G=    1.756e-02 #SS:    7
 ooCMF Iter:    8 Total= -680.571996851164 G=    1.179e-02 #SS:    8
 ooCMF Iter:    9 Total= -680.572032084351 G=    7.580e-03 #SS:    9
 ooCMF Iter:   10 Total= -680.572058657335 G=    2.561e-03 #SS:   10
 ooCMF Iter:   11 Total= -680.572059924160 G=    1.961e-03 #SS:   11
 ooCMF Iter:   12 Total= -680.572060484178 G=    1.661e-03 #SS:   12
 ooCMF Iter:   13 Total= -680.572062187439 G=    3.983e-04 #SS:   13
 ooCMF Iter:   14 Total= -680.572062158374 G=    5.017e-04 #SS:   14
 ooCMF Iter:   15 Total= -680.572062267760 G=    2.904e-05 #SS:   15
 ooCMF Iter:   16 Total= -680.572062267934 G=    2.926e-05 #SS:   16
 ooCMF Iter:   17 Total= -680.572062268154 G=    1.249e-05 #SS:   17
 ooCMF Iter:   18 Total= -680.572062268080 G=    2.798e-05 #SS:   18
 ooCMF Iter:   19 Total= -680.572062268295 G=    9.644e-06 #SS:   19
 ooCMF Iter:   20 Total= -680.572062268331 G=    1.629e-06 #SS:   20
 ooCMF Iter:   21 Total= -680.572062268331 G=    8.593e-07 #SS:   21
 ooCMF Iter:   22 Total= -680.572062268331 G=    8.399e-07 #SS:   22
 ooCMF Iter:   23 Total= -680.572062268332 G=    8.295e-07 #SS:   23
 ooCMF Iter:   24 Total= -680.572062268331 G=    8.223e-07 #SS:   24
 ooCMF Iter:   25 Total= -680.572062268332 G=    4.941e-07 #SS:   24
 ooCMF Iter:   26 Total= -680.572062268332 G=    1.980e-07 #SS:   24
 ooCMF Iter:   27 Total= -680.572062268332 G=    1.017e-07 #SS:   24
 ooCMF Iter:   28 Total= -680.572062268332 G=    2.039e-08 #SS:   24
 ooCMF Iter:   29 Total= -680.572062268332 G=    1.553e-08 #SS:   24
 ooCMF Iter:   30 Total= -680.572062268331 G=    1.520e-08 #SS:   24
 ooCMF Iter:   31 Total= -680.572062268332 G=    1.496e-08 #SS:   24
 ooCMF Iter:   32 Total= -680.572062268332 G=    1.483e-08 #SS:   24
 ooCMF Iter:   33 Total= -680.572062268331 G=    1.472e-08 #SS:   24
*ooCMF Iter:   34 Total= -680.572062268332 G=    4.511e-09 #SS:   24
 23.440073 seconds (8.64 M allocations: 1.195 GiB, 0.68% gc time)
 Solve OO-CMF with DIIS
 ooCMF Iter:    1 Total= -680.571946072820 G=    1.488e-02 #SS:    1
 ooCMF Iter:    2 Total= -680.572058540291 G=    3.543e-03 #SS:    2
 ooCMF Iter:    3 Total= -680.572062228238 G=    3.903e-04 #SS:    3
 ooCMF Iter:    4 Total= -680.572062268287 G=    1.344e-05 #SS:    4
 ooCMF Iter:    5 Total= -680.572062268332 G=    4.425e-07 #SS:    5
 ooCMF Iter:    6 Total= -680.572062268332 G=    2.431e-08 #SS:    6
*ooCMF Iter:    7 Total= -680.572062268332 G=    4.900e-10 #SS:    7
  5.369083 seconds (219.44 k allocations: 279.982 MiB, 1.77% gc time)
 Solve OO-CMF with DIIS
 ooCMF Iter:    1 Total= -680.571892642200 G=    1.671e-02 #SS:    1
 ooCMF Iter:    2 Total= -680.572049780368 G=    4.336e-03 #SS:    2
 ooCMF Iter:    3 Total= -680.572061531790 G=    1.050e-03 #SS:    3
 ooCMF Iter:    4 Total= -680.572062266715 G=    5.133e-05 #SS:    4
 ooCMF Iter:    5 Total= -680.572062268330 G=    1.945e-06 #SS:    5
 ooCMF Iter:    6 Total= -680.572062268332 G=    9.817e-08 #SS:    6
*ooCMF Iter:    7 Total= -680.572062268332 G=    3.740e-09 #SS:    7
  5.407618 seconds (235.84 k allocations: 270.179 MiB)
 Solve OO-CMF with newton
 Step:    1 E: -680.485734325478 G:     5.31e-01  
 Step:    2 E: -680.571892642200 G:     1.67e-02  
 Step:    3 E: -680.572057915064 G:     2.55e-03  
 Step:    4 E: -680.572062108736 G:     4.87e-04  
 Step:    5 E: -680.572062262459 G:     9.34e-05  
 Step:    6 E: -680.572062268116 G:     1.79e-05  
 Step:    7 E: -680.572062268324 G:     3.44e-06  
 Step:    8 E: -680.572062268331 G:     6.59e-07  
 Step:    9 E: -680.572062268331 G:     1.26e-07  
 Step:   10 E: -680.572062268332 G:     2.43e-08  
 Step:   11 E: -680.572062268332 G:     4.65e-09  
  4.515016 seconds (184.46 k allocations: 197.153 MiB, 1.47% gc time)
 Solve OO-CMF with newton
 Step:    1 E: -680.485734325478 G:     5.31e-01  
 Step:    2 E: -680.571946072820 G:     1.49e-02  
 Step:    3 E: -680.572061315770 G:     1.07e-03  
 Step:    4 E: -680.572062251814 G:     1.34e-04  
 Step:    5 E: -680.572062268040 G:     1.77e-05  
 Step:    6 E: -680.572062268326 G:     2.35e-06  
 Step:    7 E: -680.572062268331 G:     3.13e-07  
 Step:    8 E: -680.572062268331 G:     4.16e-08  
 Step:    9 E: -680.572062268331 G:     5.52e-09  
  3.610900 seconds (143.56 k allocations: 166.501 MiB)