IDX001:DIM4096:001|002|003|004|005|006|
IDX002:DIM4096:007|008|009|010|011|012|
IDX003:DIM4096:013|014|015|016|017|018|
IDX004:DIM4096:019|020|021|022|023|024|
 ooCMF Iter:    1 Total= -904.748320933743 Active= -49.423697453704 G=     6.53e-01
 ooCMF Iter:    2 Total= -904.866039929708 Active= -49.541416449669 G=     1.79e-01
 ooCMF Iter:    3 Total= -904.873123612379 Active= -49.548500132339 G=     5.90e-02
 ooCMF Iter:    4 Total= -904.873997010620 Active= -49.549373530581 G=     2.76e-02
 ooCMF Iter:    5 Total= -904.874314397089 Active= -49.549690917050 G=     2.49e-02
 ooCMF Iter:    6 Total= -904.874607564276 Active= -49.549984084237 G=     1.48e-02
 ooCMF Iter:    7 Total= -904.874668604527 Active= -49.550045124488 G=     4.97e-03
 ooCMF Iter:    8 Total= -904.874673532708 Active= -49.550050052669 G=     2.05e-03
 ooCMF Iter:    9 Total= -904.874675565976 Active= -49.550052085937 G=     1.64e-03
 ooCMF Iter:   10 Total= -904.874676645822 Active= -49.550053165782 G=     1.25e-03
 ooCMF Iter:   11 Total= -904.874677093364 Active= -49.550053613325 G=     5.30e-04
 ooCMF Iter:   12 Total= -904.874677184773 Active= -49.550053704734 G=     2.60e-04
 ooCMF Iter:   13 Total= -904.874677204781 Active= -49.550053724742 G=     1.83e-04
 ooCMF Iter:   14 Total= -904.874677220158 Active= -49.550053740119 G=     1.04e-04
 ooCMF Iter:   15 Total= -904.874677225200 Active= -49.550053745161 G=     8.69e-05
 ooCMF Iter:   16 Total= -904.874677226645 Active= -49.550053746606 G=     5.05e-05
 ooCMF Iter:   17 Total= -904.874677227081 Active= -49.550053747042 G=     1.88e-05
 ooCMF Iter:   18 Total= -904.874677227249 Active= -49.550053747210 G=     1.52e-05
 ooCMF Iter:   19 Total= -904.874677227318 Active= -49.550053747279 G=     1.17e-05
 ooCMF Iter:   20 Total= -904.874677227356 Active= -49.550053747317 G=     3.33e-06
 ooCMF Iter:   21 Total= -904.874677227360 Active= -49.550053747321 G=     2.48e-06
 ooCMF Iter:   22 Total= -904.874677227361 Active= -49.550053747322 G=     1.29e-06
 ooCMF Iter:   23 Total= -904.874677227362 Active= -49.550053747322 G=     6.18e-07
 ooCMF Iter:   24 Total= -904.874677227362 Active= -49.550053747322 G=     5.38e-07
 ooCMF Iter:   25 Total= -904.874677227362 Active= -49.550053747322 G=     4.92e-07
 ooCMF Iter:   26 Total= -904.874677227362 Active= -49.550053747323 G=     2.53e-07
 ooCMF Iter:   27 Total= -904.874677227362 Active= -49.550053747323 G=     8.84e-08
 ooCMF Iter:   28 Total= -904.874677227362 Active= -49.550053747323 G=     5.86e-08
 ooCMF Iter:   29 Total= -904.874677227363 Active= -49.550053747323 G=     2.89e-08
 * Status: success

 * Candidate solution
    Final objective value:     -9.048747e+02

 * Found with
    Algorithm:     BFGS

 * Convergence measures
    |x - x'|               = 8.05e-09 ≰ 0.0e+00
    |x - x'|/|x'|          = 6.68e-08 ≰ 0.0e+00
    |f(x) - f(x')|         = 2.27e-13 ≰ 0.0e+00
    |f(x) - f(x')|/|f(x')| = 2.51e-16 ≰ 0.0e+00
    |g(x)|                 = 6.73e-09 ≤ 1.0e-08

 * Work counters
    Seconds run:   63  (vs limit Inf)
    Iterations:    28
    f(x) calls:    60
    ∇f(x) calls:   60

*ooCMF -904.87467723 
 64.737772 seconds (2.85 M allocations: 3.266 GiB, 0.89% gc time)
 ooCMF Iter:    1 Total= -904.748320933743 Active= -49.423697453704 G=     6.53e-01
 ooCMF Iter:    2 Total= -904.865942374717 Active= -49.541318894678 G=     1.84e-01
 ooCMF Iter:    3 Total= -904.873109874354 Active= -49.548486394315 G=     5.73e-02
 ooCMF Iter:    4 Total= -904.873979386068 Active= -49.549355906029 G=     2.63e-02
 ooCMF Iter:    5 Total= -904.874309276275 Active= -49.549685796236 G=     2.51e-02
 ooCMF Iter:    6 Total= -904.874600879476 Active= -49.549977399437 G=     1.54e-02
 ooCMF Iter:    7 Total= -904.874666603097 Active= -49.550043123057 G=     5.20e-03
 ooCMF Iter:    8 Total= -904.874673344353 Active= -49.550049864314 G=     2.00e-03
 ooCMF Iter:    9 Total= -904.874674780271 Active= -49.550051300231 G=     1.50e-03
 ooCMF Iter:   10 Total= -904.874676285012 Active= -49.550052804973 G=     1.80e-03
 ooCMF Iter:   11 Total= -904.874677030557 Active= -49.550053550518 G=     6.39e-04
 ooCMF Iter:   12 Total= -904.874677161892 Active= -49.550053681853 G=     2.64e-04
 ooCMF Iter:   13 Total= -904.874677192204 Active= -49.550053712165 G=     2.12e-04
 ooCMF Iter:   14 Total= -904.874677213433 Active= -49.550053733393 G=     1.68e-04
 ooCMF Iter:   15 Total= -904.874677225492 Active= -49.550053745453 G=     6.51e-05
 ooCMF Iter:   16 Total= -904.874677226387 Active= -49.550053746348 G=     2.74e-05
 ooCMF Iter:   17 Total= -904.874677226859 Active= -49.550053746820 G=     2.90e-05
 ooCMF Iter:   18 Total= -904.874677227242 Active= -49.550053747203 G=     1.90e-05
 ooCMF Iter:   19 Total= -904.874677227340 Active= -49.550053747301 G=     5.52e-06
 ooCMF Iter:   20 Total= -904.874677227344 Active= -49.550053747305 G=     4.22e-06
 ooCMF Iter:   21 Total= -904.874677227352 Active= -49.550053747313 G=     3.22e-06
 ooCMF Iter:   22 Total= -904.874677227358 Active= -49.550053747318 G=     3.08e-06
 ooCMF Iter:   23 Total= -904.874677227361 Active= -49.550053747322 G=     1.22e-06
 ooCMF Iter:   24 Total= -904.874677227362 Active= -49.550053747322 G=     7.25e-07
 ooCMF Iter:   25 Total= -904.874677227362 Active= -49.550053747323 G=     4.78e-07
 ooCMF Iter:   26 Total= -904.874677227362 Active= -49.550053747323 G=     3.83e-07
 ooCMF Iter:   27 Total= -904.874677227363 Active= -49.550053747323 G=     1.67e-07
 ooCMF Iter:   28 Total= -904.874677227362 Active= -49.550053747323 G=     6.12e-08
 ooCMF Iter:   29 Total= -904.874677227362 Active= -49.550053747323 G=     3.41e-08
 * Status: success

 * Candidate solution
    Final objective value:     -9.048747e+02

 * Found with
    Algorithm:     Conjugate Gradient

 * Convergence measures
    |x - x'|               = 7.80e-09 ≰ 0.0e+00
    |x - x'|/|x'|          = 6.48e-08 ≰ 0.0e+00
    |f(x) - f(x')|         = 3.41e-13 ≰ 0.0e+00
    |f(x) - f(x')|/|f(x')| = 3.77e-16 ≰ 0.0e+00
    |g(x)|                 = 6.36e-09 ≤ 1.0e-08

 * Work counters
    Seconds run:   52  (vs limit Inf)
    Iterations:    28
    f(x) calls:    69
    ∇f(x) calls:   42

*ooCMF -904.87467723 
 54.089220 seconds (2.33 M allocations: 2.692 GiB, 1.16% gc time)
 Step:    1 E: -904.748320933743 G: 6.5e-01
 Step:    2 E: -904.787194813350 G: 5.4e-01
 Step:    3 E: -904.813642140616 G: 4.4e-01
 Step:    4 E: -904.831730161106 G: 3.7e-01
 Step:    5 E: -904.844185850684 G: 3.1e-01
 Step:    6 E: -904.852827998558 G: 2.6e-01
 Step:    7 E: -904.858870951970 G: 2.2e-01
 Step:    8 E: -904.863129242973 G: 1.8e-01
 Step:    9 E: -904.866152797773 G: 1.5e-01
 Step:   10 E: -904.868315659559 G: 1.3e-01
 Step:   11 E: -904.869874210186 G: 1.1e-01
 Step:   12 E: -904.871005530756 G: 9.4e-02
 Step:   13 E: -904.871832834906 G: 8.1e-02
 Step:   14 E: -904.872442456732 G: 7.0e-02
 Step:   15 E: -904.872895287936 G: 6.0e-02
 Step:   16 E: -904.873234539874 G: 5.2e-02
 Step:   17 E: -904.873491053029 G: 4.6e-02
 Step:   18 E: -904.873686956439 G: 4.0e-02
 Step:   19 E: -904.873838208017 G: 3.5e-02
 Step:   20 E: -904.873956369945 G: 3.1e-02
 Step:   21 E: -904.874049857312 G: 2.8e-02
 Step:   22 E: -904.874124821410 G: 2.5e-02
 Step:   23 E: -904.874185777990 G: 2.3e-02
 Step:   24 E: -904.874236056337 G: 2.1e-02
 Step:   25 E: -904.874278121768 G: 1.9e-02
 Step:   26 E: -904.874313808179 G: 1.8e-02
 Step:   27 E: -904.874344486428 G: 1.7e-02
 Step:   28 E: -904.874371186666 G: 1.6e-02
 Step:   29 E: -904.874394687525 G: 1.5e-02
 Step:   30 E: -904.874415581347 G: 1.4e-02
 Step:   31 E: -904.874434322018 G: 1.3e-02
 Step:   32 E: -904.874451260162 G: 1.3e-02
 Step:   33 E: -904.874466669085 G: 1.2e-02
 Step:   34 E: -904.874480763966 G: 1.1e-02
 Step:   35 E: -904.874493716074 G: 1.1e-02
 Step:   36 E: -904.874505663347 G: 1.1e-02
 Step:   37 E: -904.874516718261 G: 1.0e-02
 Step:   38 E: -904.874526973724 G: 9.9e-03
 Step:   39 E: -904.874536507483 G: 9.5e-03
 Step:   40 E: -904.874545385446 G: 9.2e-03
 Step:   41 E: -904.874553664184 G: 8.9e-03
 Step:   42 E: -904.874561392830 G: 8.6e-03
 Step:   43 E: -904.874568614530 G: 8.3e-03
 Step:   44 E: -904.874575367539 G: 8.0e-03
 Step:   45 E: -904.874581686084 G: 7.8e-03
 Step:   46 E: -904.874587601020 G: 7.5e-03
 Step:   47 E: -904.874593140346 G: 7.3e-03
 Step:   48 E: -904.874598329619 G: 7.0e-03
 Step:   49 E: -904.874603192275 G: 6.8e-03
 Step:   50 E: -904.874607749890 G: 6.6e-03
 Step:   51 E: -904.874612022393 G: 6.4e-03
 Step:   52 E: -904.874616028245 G: 6.2e-03
 Step:   53 E: -904.874619784585 G: 6.0e-03
 Step:   54 E: -904.874623307350 G: 5.8e-03
 Step:   55 E: -904.874626611387 G: 5.6e-03
 Step:   56 E: -904.874629710542 G: 5.4e-03
 Step:   57 E: -904.874632617737 G: 5.3e-03
 Step:   58 E: -904.874635345046 G: 5.1e-03
 Step:   59 E: -904.874637903758 G: 4.9e-03
 Step:   60 E: -904.874640304431 G: 4.8e-03
 Step:   61 E: -904.874642556944 G: 4.6e-03
 Step:   62 E: -904.874644670547 G: 4.5e-03
 Step:   63 E: -904.874646653901 G: 4.3e-03
 Step:   64 E: -904.874648515115 G: 4.2e-03
 Step:   65 E: -904.874650261789 G: 4.1e-03
 Step:   66 E: -904.874651901043 G: 4.0e-03
 Step:   67 E: -904.874653439547 G: 3.8e-03
 Step:   68 E: -904.874654883554 G: 3.7e-03
 Step:   69 E: -904.874656238924 G: 3.6e-03
 Step:   70 E: -904.874657511151 G: 3.5e-03
 Step:   71 E: -904.874658705383 G: 3.4e-03
 Step:   72 E: -904.874659826449 G: 3.3e-03
 Step:   73 E: -904.874660878873 G: 3.2e-03
 Step:   74 E: -904.874661866901 G: 3.1e-03
 Step:   75 E: -904.874662794509 G: 3.0e-03
 Step:   76 E: -904.874663665431 G: 2.9e-03
 Step:   77 E: -904.874664483162 G: 2.8e-03
 Step:   78 E: -904.874665250986 G: 2.7e-03
 Step:   79 E: -904.874665971979 G: 2.6e-03
 Step:   80 E: -904.874666649024 G: 2.5e-03
 Step:   81 E: -904.874667284831 G: 2.5e-03
 Step:   82 E: -904.874667881934 G: 2.4e-03
 Step:   83 E: -904.874668442715 G: 2.3e-03
 Step:   84 E: -904.874668969409 G: 2.2e-03
 Step:   85 E: -904.874669464106 G: 2.2e-03
 Step:   86 E: -904.874669928774 G: 2.1e-03
 Step:   87 E: -904.874670365254 G: 2.0e-03
 Step:   88 E: -904.874670775277 G: 2.0e-03
 Step:   89 E: -904.874671160462 G: 1.9e-03
 Step:   90 E: -904.874671522331 G: 1.9e-03
 Step:   91 E: -904.874671862312 G: 1.8e-03
 Step:   92 E: -904.874672181745 G: 1.7e-03
 Step:   93 E: -904.874672481885 G: 1.7e-03
 Step:   94 E: -904.874672763910 G: 1.6e-03
 Step:   95 E: -904.874673028929 G: 1.6e-03
 Step:   96 E: -904.874673277977 G: 1.5e-03
 Step:   97 E: -904.874673512030 G: 1.5e-03
 Step:   98 E: -904.874673732002 G: 1.4e-03
 Step:   99 E: -904.874673938750 G: 1.4e-03
 Step:  100 E: -904.874674133078 G: 1.4e-03
 Step:  101 E: -904.874674315744 G: 1.3e-03
 Step:  102 E: -904.874674487455 G: 1.3e-03
 Step:  103 E: -904.874674648875 G: 1.2e-03
 Step:  104 E: -904.874674800632 G: 1.2e-03
 Step:  105 E: -904.874674943311 G: 1.2e-03
 Step:  106 E: -904.874675077462 G: 1.1e-03
 Step:  107 E: -904.874675203602 G: 1.1e-03
 Step:  108 E: -904.874675322216 G: 1.1e-03
 Step:  109 E: -904.874675433758 G: 1.0e-03
 Step:  110 E: -904.874675538657 G: 1.0e-03
 Step:  111 E: -904.874675637313 G: 9.7e-04
 Step:  112 E: -904.874675730105 G: 9.4e-04
 Step:  113 E: -904.874675817385 G: 9.1e-04
 Step:  114 E: -904.874675899484 G: 8.9e-04
 Step:  115 E: -904.874675976716 G: 8.6e-04
 Step:  116 E: -904.874676049374 G: 8.3e-04
 Step:  117 E: -904.874676117731 G: 8.1e-04
 Step:  118 E: -904.874676182049 G: 7.8e-04
 Step:  119 E: -904.874676242567 G: 7.6e-04
 Step:  120 E: -904.874676299513 G: 7.4e-04
 Step:  121 E: -904.874676353104 G: 7.2e-04
 Step:  122 E: -904.874676403539 G: 6.9e-04
 Step:  123 E: -904.874676451007 G: 6.7e-04
 Step:  124 E: -904.874676495684 G: 6.5e-04
 Step:  125 E: -904.874676537739 G: 6.3e-04
 Step:  126 E: -904.874676577328 G: 6.2e-04
 Step:  127 E: -904.874676614597 G: 6.0e-04
 Step:  128 E: -904.874676649686 G: 5.8e-04
 Step:  129 E: -904.874676682723 G: 5.6e-04
 Step:  130 E: -904.874676713830 G: 5.5e-04
 Step:  131 E: -904.874676743124 G: 5.3e-04
 Step:  132 E: -904.874676770710 G: 5.1e-04
 Step:  133 E: -904.874676796690 G: 5.0e-04
 Step:  134 E: -904.874676821161 G: 4.8e-04
 Step:  135 E: -904.874676844210 G: 4.7e-04
 Step:  136 E: -904.874676865921 G: 4.6e-04
 Step:  137 E: -904.874676886375 G: 4.4e-04
 Step:  138 E: -904.874676905646 G: 4.3e-04
 Step:  139 E: -904.874676923802 G: 4.2e-04
 Step:  140 E: -904.874676940910 G: 4.0e-04
 Step:  141 E: -904.874676957031 G: 3.9e-04
 Step:  142 E: -904.874676972224 G: 3.8e-04
 Step:  143 E: -904.874676986543 G: 3.7e-04
 Step:  144 E: -904.874677000038 G: 3.6e-04
 Step:  145 E: -904.874677012760 G: 3.5e-04
 Step:  146 E: -904.874677024752 G: 3.4e-04
 Step:  147 E: -904.874677036058 G: 3.3e-04
 Step:  148 E: -904.874677046718 G: 3.2e-04
 Step:  149 E: -904.874677056769 G: 3.1e-04
 Step:  150 E: -904.874677066246 G: 3.0e-04
 Step:  151 E: -904.874677075183 G: 2.9e-04
 Step:  152 E: -904.874677083613 G: 2.8e-04
 Step:  153 E: -904.874677091564 G: 2.8e-04
 Step:  154 E: -904.874677099063 G: 2.7e-04
 Step:  155 E: -904.874677106138 G: 2.6e-04
 Step:  156 E: -904.874677112812 G: 2.5e-04
 Step:  157 E: -904.874677119110 G: 2.5e-04
 Step:  158 E: -904.874677125051 G: 2.4e-04
 Step:  159 E: -904.874677130658 G: 2.3e-04
 Step:  160 E: -904.874677135949 G: 2.3e-04
 Step:  161 E: -904.874677140944 G: 2.2e-04
 Step:  162 E: -904.874677145658 G: 2.1e-04
 Step:  163 E: -904.874677150108 G: 2.1e-04
 Step:  164 E: -904.874677154309 G: 2.0e-04
 Step:  165 E: -904.874677158276 G: 1.9e-04
 Step:  166 E: -904.874677162020 G: 1.9e-04
 Step:  167 E: -904.874677165556 G: 1.8e-04
 Step:  168 E: -904.874677168896 G: 1.8e-04
 Step:  169 E: -904.874677172050 G: 1.7e-04
 Step:  170 E: -904.874677175029 G: 1.7e-04
 Step:  171 E: -904.874677177842 G: 1.6e-04
 Step:  172 E: -904.874677180501 G: 1.6e-04
 Step:  173 E: -904.874677183013 G: 1.6e-04
 Step:  174 E: -904.874677185386 G: 1.5e-04
 Step:  175 E: -904.874677187628 G: 1.5e-04
 Step:  176 E: -904.874677189747 G: 1.4e-04
 Step:  177 E: -904.874677191750 G: 1.4e-04
 Step:  178 E: -904.874677193643 G: 1.3e-04
 Step:  179 E: -904.874677195432 G: 1.3e-04
 Step:  180 E: -904.874677197125 G: 1.3e-04
 Step:  181 E: -904.874677198723 G: 1.2e-04
 Step:  182 E: -904.874677200236 G: 1.2e-04
 Step:  183 E: -904.874677201666 G: 1.2e-04
 Step:  184 E: -904.874677203018 G: 1.1e-04
 Step:  185 E: -904.874677204297 G: 1.1e-04
 Step:  186 E: -904.874677205507 G: 1.1e-04
 Step:  187 E: -904.874677206652 G: 1.0e-04
 Step:  188 E: -904.874677207734 G: 1.0e-04
 Step:  189 E: -904.874677208759 G: 9.9e-05
 Step:  190 E: -904.874677209729 G: 9.6e-05
 Step:  191 E: -904.874677210645 G: 9.4e-05
 Step:  192 E: -904.874677211514 G: 9.1e-05
 Step:  193 E: -904.874677212336 G: 8.9e-05
 Step:  194 E: -904.874677213113 G: 8.6e-05
 Step:  195 E: -904.874677213850 G: 8.4e-05
 Step:  196 E: -904.874677214547 G: 8.2e-05
 Step:  197 E: -904.874677215207 G: 8.0e-05
 Step:  198 E: -904.874677215832 G: 7.7e-05
 Step:  199 E: -904.874677216423 G: 7.5e-05
 Step:  200 E: -904.874677216985 G: 7.3e-05
 Step:  201 E: -904.874677217515 G: 7.1e-05
 Step:  202 E: -904.874677218018 G: 6.9e-05
 Step:  203 E: -904.874677218494 G: 6.8e-05
 Step:  204 E: -904.874677218946 G: 6.6e-05
 Step:  205 E: -904.874677219374 G: 6.4e-05
 Step:  206 E: -904.874677219779 G: 6.2e-05
 Step:  207 E: -904.874677220163 G: 6.1e-05
 Step:  208 E: -904.874677220528 G: 5.9e-05
 Step:  209 E: -904.874677220872 G: 5.8e-05
 Step:  210 E: -904.874677221199 G: 5.6e-05
 Step:  211 E: -904.874677221509 G: 5.5e-05
 Step:  212 E: -904.874677221803 G: 5.3e-05
 Step:  213 E: -904.874677222082 G: 5.2e-05
 Step:  214 E: -904.874677222346 G: 5.0e-05
 Step:  215 E: -904.874677222597 G: 4.9e-05
 Step:  216 E: -904.874677222835 G: 4.8e-05
 Step:  217 E: -904.874677223061 G: 4.7e-05
 Step:  218 E: -904.874677223274 G: 4.5e-05
 Step:  219 E: -904.874677223478 G: 4.4e-05
 Step:  220 E: -904.874677223671 G: 4.3e-05
 Step:  221 E: -904.874677223854 G: 4.2e-05
 Step:  222 E: -904.874677224027 G: 4.1e-05
 Step:  223 E: -904.874677224192 G: 4.0e-05
 Step:  224 E: -904.874677224347 G: 3.9e-05
 Step:  225 E: -904.874677224496 G: 3.8e-05
 Step:  226 E: -904.874677224637 G: 3.7e-05
 Step:  227 E: -904.874677224770 G: 3.6e-05
 Step:  228 E: -904.874677224898 G: 3.5e-05
 Step:  229 E: -904.874677225018 G: 3.4e-05
 Step:  230 E: -904.874677225133 G: 3.3e-05
 Step:  231 E: -904.874677225241 G: 3.2e-05
 Step:  232 E: -904.874677225345 G: 3.2e-05
 Step:  233 E: -904.874677225442 G: 3.1e-05
 Step:  234 E: -904.874677225535 G: 3.0e-05
 Step:  235 E: -904.874677225624 G: 2.9e-05
 Step:  236 E: -904.874677225709 G: 2.8e-05
 Step:  237 E: -904.874677225788 G: 2.8e-05
 Step:  238 E: -904.874677225864 G: 2.7e-05
 Step:  239 E: -904.874677225936 G: 2.6e-05
 Step:  240 E: -904.874677226005 G: 2.6e-05
 Step:  241 E: -904.874677226070 G: 2.5e-05
 Step:  242 E: -904.874677226133 G: 2.4e-05
 Step:  243 E: -904.874677226191 G: 2.4e-05
 Step:  244 E: -904.874677226247 G: 2.3e-05
 Step:  245 E: -904.874677226301 G: 2.3e-05
 Step:  246 E: -904.874677226351 G: 2.2e-05
 Step:  247 E: -904.874677226400 G: 2.2e-05
 Step:  248 E: -904.874677226446 G: 2.1e-05
 Step:  249 E: -904.874677226489 G: 2.0e-05
 Step:  250 E: -904.874677226531 G: 2.0e-05
 Step:  251 E: -904.874677226570 G: 1.9e-05
 Step:  252 E: -904.874677226607 G: 1.9e-05
 Step:  253 E: -904.874677226643 G: 1.9e-05
 Step:  254 E: -904.874677226678 G: 1.8e-05
 Step:  255 E: -904.874677226710 G: 1.8e-05
 Step:  256 E: -904.874677226740 G: 1.7e-05
 Step:  257 E: -904.874677226769 G: 1.7e-05
 Step:  258 E: -904.874677226798 G: 1.6e-05
 Step:  259 E: -904.874677226824 G: 1.6e-05
 Step:  260 E: -904.874677226849 G: 1.6e-05
 Step:  261 E: -904.874677226873 G: 1.5e-05
 Step:  262 E: -904.874677226896 G: 1.5e-05
 Step:  263 E: -904.874677226918 G: 1.4e-05
 Step:  264 E: -904.874677226938 G: 1.4e-05
 Step:  265 E: -904.874677226958 G: 1.4e-05
 Step:  266 E: -904.874677226977 G: 1.3e-05
 Step:  267 E: -904.874677226996 G: 1.3e-05
 Step:  268 E: -904.874677227012 G: 1.3e-05
 Step:  269 E: -904.874677227029 G: 1.3e-05
 Step:  270 E: -904.874677227043 G: 1.2e-05
 Step:  271 E: -904.874677227059 G: 1.2e-05
 Step:  272 E: -904.874677227073 G: 1.2e-05
 Step:  273 E: -904.874677227086 G: 1.1e-05
 Step:  274 E: -904.874677227099 G: 1.1e-05
 Step:  275 E: -904.874677227111 G: 1.1e-05
 Step:  276 E: -904.874677227122 G: 1.1e-05
 Step:  277 E: -904.874677227133 G: 1.0e-05
 Step:  278 E: -904.874677227144 G: 1.0e-05
 Step:  279 E: -904.874677227154 G: 9.8e-06
 Step:  280 E: -904.874677227163 G: 9.6e-06
 Step:  281 E: -904.874677227172 G: 9.4e-06
 Step:  282 E: -904.874677227182 G: 9.2e-06
 Step:  283 E: -904.874677227190 G: 8.9e-06
 Step:  284 E: -904.874677227197 G: 8.7e-06
 Step:  285 E: -904.874677227205 G: 8.5e-06
 Step:  286 E: -904.874677227212 G: 8.3e-06
 Step:  287 E: -904.874677227219 G: 8.1e-06
 Step:  288 E: -904.874677227226 G: 7.9e-06
 Step:  289 E: -904.874677227232 G: 7.7e-06
 Step:  290 E: -904.874677227237 G: 7.6e-06
 Step:  291 E: -904.874677227243 G: 7.4e-06
 Step:  292 E: -904.874677227249 G: 7.2e-06
 Step:  293 E: -904.874677227254 G: 7.0e-06
 Step:  294 E: -904.874677227260 G: 6.9e-06
 Step:  295 E: -904.874677227264 G: 6.7e-06
 Step:  296 E: -904.874677227268 G: 6.6e-06
 Step:  297 E: -904.874677227273 G: 6.4e-06
 Step:  298 E: -904.874677227276 G: 6.3e-06
 Step:  299 E: -904.874677227280 G: 6.1e-06
 Step:  300 E: -904.874677227284 G: 6.0e-06
 Step:  301 E: -904.874677227287 G: 5.8e-06
 Step:  302 E: -904.874677227291 G: 5.7e-06
 Step:  303 E: -904.874677227294 G: 5.6e-06
 Step:  304 E: -904.874677227297 G: 5.4e-06
 Step:  305 E: -904.874677227300 G: 5.3e-06
 Step:  306 E: -904.874677227303 G: 5.2e-06
 Step:  307 E: -904.874677227305 G: 5.1e-06
 Step:  308 E: -904.874677227308 G: 5.0e-06
 Step:  309 E: -904.874677227310 G: 4.8e-06
 Step:  310 E: -904.874677227313 G: 4.7e-06
 Step:  311 E: -904.874677227315 G: 4.6e-06
 Step:  312 E: -904.874677227317 G: 4.5e-06
 Step:  313 E: -904.874677227319 G: 4.4e-06
 Step:  314 E: -904.874677227321 G: 4.3e-06
 Step:  315 E: -904.874677227323 G: 4.2e-06
 Step:  316 E: -904.874677227324 G: 4.1e-06
 Step:  317 E: -904.874677227326 G: 4.0e-06
 Step:  318 E: -904.874677227328 G: 3.9e-06
 Step:  319 E: -904.874677227329 G: 3.8e-06
 Step:  320 E: -904.874677227331 G: 3.8e-06
 Step:  321 E: -904.874677227332 G: 3.7e-06
 Step:  322 E: -904.874677227333 G: 3.6e-06
 Step:  323 E: -904.874677227335 G: 3.5e-06
 Step:  324 E: -904.874677227337 G: 3.4e-06
 Step:  325 E: -904.874677227337 G: 3.3e-06
 Step:  326 E: -904.874677227339 G: 3.3e-06
 Step:  327 E: -904.874677227340 G: 3.2e-06
 Step:  328 E: -904.874677227340 G: 3.1e-06
 Step:  329 E: -904.874677227341 G: 3.1e-06
 Step:  330 E: -904.874677227343 G: 3.0e-06
 Step:  331 E: -904.874677227343 G: 2.9e-06
 Step:  332 E: -904.874677227344 G: 2.9e-06
 Step:  333 E: -904.874677227345 G: 2.8e-06
 Step:  334 E: -904.874677227346 G: 2.7e-06
 Step:  335 E: -904.874677227347 G: 2.7e-06
 Step:  336 E: -904.874677227347 G: 2.6e-06
 Step:  337 E: -904.874677227348 G: 2.5e-06
 Step:  338 E: -904.874677227349 G: 2.5e-06
 Step:  339 E: -904.874677227349 G: 2.4e-06
 Step:  340 E: -904.874677227350 G: 2.4e-06
 Step:  341 E: -904.874677227350 G: 2.3e-06
 Step:  342 E: -904.874677227351 G: 2.3e-06
 Step:  343 E: -904.874677227351 G: 2.2e-06
 Step:  344 E: -904.874677227352 G: 2.2e-06
 Step:  345 E: -904.874677227352 G: 2.1e-06
 Step:  346 E: -904.874677227352 G: 2.1e-06
 Step:  347 E: -904.874677227353 G: 2.0e-06
 Step:  348 E: -904.874677227353 G: 2.0e-06
 Step:  349 E: -904.874677227354 G: 1.9e-06
 Step:  350 E: -904.874677227354 G: 1.9e-06
 Step:  351 E: -904.874677227355 G: 1.9e-06
 Step:  352 E: -904.874677227355 G: 1.8e-06
 Step:  353 E: -904.874677227356 G: 1.8e-06
 Step:  354 E: -904.874677227356 G: 1.7e-06
 Step:  355 E: -904.874677227356 G: 1.7e-06
 Step:  356 E: -904.874677227356 G: 1.7e-06
 Step:  357 E: -904.874677227356 G: 1.6e-06
 Step:  358 E: -904.874677227356 G: 1.6e-06
 Step:  359 E: -904.874677227357 G: 1.5e-06
 Step:  360 E: -904.874677227357 G: 1.5e-06
 Step:  361 E: -904.874677227357 G: 1.5e-06
 Step:  362 E: -904.874677227358 G: 1.4e-06
 Step:  363 E: -904.874677227358 G: 1.4e-06
 Step:  364 E: -904.874677227358 G: 1.4e-06
 Step:  365 E: -904.874677227358 G: 1.4e-06
 Step:  366 E: -904.874677227358 G: 1.3e-06
 Step:  367 E: -904.874677227358 G: 1.3e-06
 Step:  368 E: -904.874677227358 G: 1.3e-06
 Step:  369 E: -904.874677227359 G: 1.2e-06
 Step:  370 E: -904.874677227359 G: 1.2e-06
 Step:  371 E: -904.874677227359 G: 1.2e-06
 Step:  372 E: -904.874677227359 G: 1.2e-06
 Step:  373 E: -904.874677227359 G: 1.1e-06
 Step:  374 E: -904.874677227359 G: 1.1e-06
 Step:  375 E: -904.874677227359 G: 1.1e-06
 Step:  376 E: -904.874677227360 G: 1.1e-06
 Step:  377 E: -904.874677227360 G: 1.0e-06
 Step:  378 E: -904.874677227360 G: 1.0e-06
 Step:  379 E: -904.874677227360 G: 9.9e-07
 Step:  380 E: -904.874677227361 G: 9.7e-07
 Step:  381 E: -904.874677227360 G: 9.5e-07
 Step:  382 E: -904.874677227360 G: 9.3e-07
 Step:  383 E: -904.874677227360 G: 9.1e-07
 Step:  384 E: -904.874677227361 G: 8.9e-07
 Step:  385 E: -904.874677227361 G: 8.7e-07
 Step:  386 E: -904.874677227360 G: 8.5e-07
 Step:  387 E: -904.874677227361 G: 8.3e-07
 Step:  388 E: -904.874677227360 G: 8.1e-07
 Step:  389 E: -904.874677227361 G: 7.9e-07
 Step:  390 E: -904.874677227360 G: 7.8e-07
 Step:  391 E: -904.874677227361 G: 7.6e-07
 Step:  392 E: -904.874677227361 G: 7.4e-07
 Step:  393 E: -904.874677227361 G: 7.3e-07
 Step:  394 E: -904.874677227361 G: 7.1e-07
 Step:  395 E: -904.874677227362 G: 6.9e-07
 Step:  396 E: -904.874677227361 G: 6.8e-07
 Step:  397 E: -904.874677227361 G: 6.6e-07
 Step:  398 E: -904.874677227361 G: 6.5e-07
 Step:  399 E: -904.874677227362 G: 6.4e-07
 Step:  400 E: -904.874677227362 G: 6.2e-07
 Step:  401 E: -904.874677227362 G: 6.1e-07
 Step:  402 E: -904.874677227362 G: 6.0e-07
 Step:  403 E: -904.874677227362 G: 5.8e-07
 Step:  404 E: -904.874677227361 G: 5.7e-07
 Step:  405 E: -904.874677227362 G: 5.6e-07
 Step:  406 E: -904.874677227362 G: 5.4e-07
 Step:  407 E: -904.874677227362 G: 5.3e-07
 Step:  408 E: -904.874677227362 G: 5.2e-07
 Step:  409 E: -904.874677227362 G: 5.1e-07
 Step:  410 E: -904.874677227362 G: 5.0e-07
 Step:  411 E: -904.874677227362 G: 4.9e-07
 Step:  412 E: -904.874677227362 G: 4.8e-07
 Step:  413 E: -904.874677227362 G: 4.7e-07
 Step:  414 E: -904.874677227362 G: 4.6e-07
 Step:  415 E: -904.874677227362 G: 4.5e-07
 Step:  416 E: -904.874677227362 G: 4.4e-07
 Step:  417 E: -904.874677227362 G: 4.3e-07
 Step:  418 E: -904.874677227362 G: 4.2e-07
 Step:  419 E: -904.874677227362 G: 4.1e-07
 Step:  420 E: -904.874677227362 G: 4.0e-07
 Step:  421 E: -904.874677227362 G: 3.9e-07
 Step:  422 E: -904.874677227362 G: 3.8e-07
 Step:  423 E: -904.874677227362 G: 3.7e-07
 Step:  424 E: -904.874677227362 G: 3.7e-07
 Step:  425 E: -904.874677227362 G: 3.6e-07
 Step:  426 E: -904.874677227362 G: 3.5e-07
 Step:  427 E: -904.874677227362 G: 3.4e-07
 Step:  428 E: -904.874677227362 G: 3.4e-07
 Step:  429 E: -904.874677227362 G: 3.3e-07
 Step:  430 E: -904.874677227362 G: 3.2e-07
 Step:  431 E: -904.874677227362 G: 3.1e-07
 Step:  432 E: -904.874677227362 G: 3.1e-07
 Step:  433 E: -904.874677227362 G: 3.0e-07
 Step:  434 E: -904.874677227362 G: 2.9e-07
 Step:  435 E: -904.874677227362 G: 2.9e-07
 Step:  436 E: -904.874677227363 G: 2.8e-07
 Step:  437 E: -904.874677227362 G: 2.8e-07
 Step:  438 E: -904.874677227362 G: 2.7e-07
 Step:  439 E: -904.874677227363 G: 2.6e-07
 Step:  440 E: -904.874677227362 G: 2.6e-07
 Step:  441 E: -904.874677227362 G: 2.5e-07
 Step:  442 E: -904.874677227363 G: 2.5e-07
 Step:  443 E: -904.874677227362 G: 2.4e-07
 Step:  444 E: -904.874677227362 G: 2.4e-07
 Step:  445 E: -904.874677227362 G: 2.3e-07
 Step:  446 E: -904.874677227362 G: 2.3e-07
 Step:  447 E: -904.874677227363 G: 2.2e-07
 Step:  448 E: -904.874677227362 G: 2.2e-07
 Step:  449 E: -904.874677227362 G: 2.1e-07
 Step:  450 E: -904.874677227362 G: 2.1e-07
 Step:  451 E: -904.874677227362 G: 2.0e-07
 Step:  452 E: -904.874677227363 G: 2.0e-07
 Step:  453 E: -904.874677227363 G: 1.9e-07
 Step:  454 E: -904.874677227363 G: 1.9e-07
 Step:  455 E: -904.874677227362 G: 1.9e-07
 Step:  456 E: -904.874677227363 G: 1.8e-07
 Step:  457 E: -904.874677227362 G: 1.8e-07
 Step:  458 E: -904.874677227363 G: 1.7e-07
 Step:  459 E: -904.874677227362 G: 1.7e-07
 Step:  460 E: -904.874677227363 G: 1.7e-07
 Step:  461 E: -904.874677227362 G: 1.6e-07
 Step:  462 E: -904.874677227362 G: 1.6e-07
 Step:  463 E: -904.874677227363 G: 1.6e-07
 Step:  464 E: -904.874677227363 G: 1.5e-07
 Step:  465 E: -904.874677227363 G: 1.5e-07
 Step:  466 E: -904.874677227363 G: 1.5e-07
 Step:  467 E: -904.874677227362 G: 1.4e-07
 Step:  468 E: -904.874677227362 G: 1.4e-07
 Step:  469 E: -904.874677227362 G: 1.4e-07
 Step:  470 E: -904.874677227362 G: 1.3e-07
 Step:  471 E: -904.874677227362 G: 1.3e-07
 Step:  472 E: -904.874677227362 G: 1.3e-07
 Step:  473 E: -904.874677227362 G: 1.3e-07
 Step:  474 E: -904.874677227362 G: 1.2e-07
 Step:  475 E: -904.874677227363 G: 1.2e-07
 Step:  476 E: -904.874677227362 G: 1.2e-07
 Step:  477 E: -904.874677227363 G: 1.1e-07
 Step:  478 E: -904.874677227363 G: 1.1e-07
 Step:  479 E: -904.874677227363 G: 1.1e-07
 Step:  480 E: -904.874677227362 G: 1.1e-07
 Step:  481 E: -904.874677227362 G: 1.1e-07
 Step:  482 E: -904.874677227363 G: 1.0e-07
 Step:  483 E: -904.874677227362 G: 1.0e-07
 Step:  484 E: -904.874677227363 G: 9.9e-08
 Step:  485 E: -904.874677227362 G: 9.7e-08
 Step:  486 E: -904.874677227363 G: 9.5e-08
 Step:  487 E: -904.874677227363 G: 9.2e-08
 Step:  488 E: -904.874677227362 G: 9.0e-08
 Step:  489 E: -904.874677227363 G: 8.9e-08
 Step:  490 E: -904.874677227363 G: 8.7e-08
 Step:  491 E: -904.874677227363 G: 8.5e-08
 Step:  492 E: -904.874677227363 G: 8.3e-08
 Step:  493 E: -904.874677227363 G: 8.1e-08
 Step:  494 E: -904.874677227363 G: 7.9e-08
 Step:  495 E: -904.874677227362 G: 7.8e-08
 Step:  496 E: -904.874677227362 G: 7.6e-08
 Step:  497 E: -904.874677227363 G: 7.4e-08
 Step:  498 E: -904.874677227363 G: 7.3e-08
 Step:  499 E: -904.874677227363 G: 7.1e-08
 Step:  500 E: -904.874677227363 G: 7.0e-08
 Step:  501 E: -904.874677227362 G: 6.8e-08
 Step:  502 E: -904.874677227363 G: 6.7e-08
 Step:  503 E: -904.874677227363 G: 6.5e-08
 Step:  504 E: -904.874677227363 G: 6.4e-08
 Step:  505 E: -904.874677227363 G: 6.3e-08
 Step:  506 E: -904.874677227363 G: 6.1e-08
 Step:  507 E: -904.874677227362 G: 6.0e-08
 Step:  508 E: -904.874677227363 G: 5.9e-08
 Step:  509 E: -904.874677227363 G: 5.7e-08
 Step:  510 E: -904.874677227363 G: 5.6e-08
 Step:  511 E: -904.874677227363 G: 5.5e-08
 Step:  512 E: -904.874677227362 G: 5.4e-08
 Step:  513 E: -904.874677227363 G: 5.3e-08
 Step:  514 E: -904.874677227362 G: 5.1e-08
 Step:  515 E: -904.874677227363 G: 5.0e-08
 Step:  516 E: -904.874677227363 G: 4.9e-08
 Step:  517 E: -904.874677227363 G: 4.8e-08
 Step:  518 E: -904.874677227362 G: 4.7e-08
 Step:  519 E: -904.874677227363 G: 4.6e-08
 Step:  520 E: -904.874677227363 G: 4.5e-08
 Step:  521 E: -904.874677227362 G: 4.4e-08
 Step:  522 E: -904.874677227363 G: 4.3e-08
 Step:  523 E: -904.874677227362 G: 4.2e-08
 Step:  524 E: -904.874677227363 G: 4.1e-08
 Step:  525 E: -904.874677227362 G: 4.1e-08
 Step:  526 E: -904.874677227362 G: 4.0e-08
 Step:  527 E: -904.874677227362 G: 3.9e-08
 Step:  528 E: -904.874677227362 G: 3.8e-08
 Step:  529 E: -904.874677227362 G: 3.7e-08
 Step:  530 E: -904.874677227362 G: 3.6e-08
 Step:  531 E: -904.874677227362 G: 3.6e-08
 Step:  532 E: -904.874677227363 G: 3.5e-08
 Step:  533 E: -904.874677227362 G: 3.4e-08
 Step:  534 E: -904.874677227363 G: 3.3e-08
 Step:  535 E: -904.874677227363 G: 3.3e-08
 Step:  536 E: -904.874677227363 G: 3.2e-08
 Step:  537 E: -904.874677227363 G: 3.1e-08
 Step:  538 E: -904.874677227363 G: 3.1e-08
 Step:  539 E: -904.874677227363 G: 3.0e-08
 Step:  540 E: -904.874677227362 G: 2.9e-08
 Step:  541 E: -904.874677227363 G: 2.9e-08
 Step:  542 E: -904.874677227363 G: 2.8e-08
 Step:  543 E: -904.874677227363 G: 2.7e-08
 Step:  544 E: -904.874677227363 G: 2.7e-08
 Step:  545 E: -904.874677227363 G: 2.6e-08
 Step:  546 E: -904.874677227363 G: 2.6e-08
 Step:  547 E: -904.874677227363 G: 2.5e-08
 Step:  548 E: -904.874677227363 G: 2.5e-08
 Step:  549 E: -904.874677227362 G: 2.4e-08
 Step:  550 E: -904.874677227363 G: 2.4e-08
 Step:  551 E: -904.874677227363 G: 2.3e-08
 Step:  552 E: -904.874677227363 G: 2.3e-08
 Step:  553 E: -904.874677227362 G: 2.2e-08
 Step:  554 E: -904.874677227363 G: 2.2e-08
 Step:  555 E: -904.874677227362 G: 2.1e-08
 Step:  556 E: -904.874677227363 G: 2.1e-08
 Step:  557 E: -904.874677227363 G: 2.0e-08
 Step:  558 E: -904.874677227363 G: 2.0e-08
 Step:  559 E: -904.874677227363 G: 1.9e-08
 Step:  560 E: -904.874677227363 G: 1.9e-08
 Step:  561 E: -904.874677227363 G: 1.9e-08
 Step:  562 E: -904.874677227363 G: 1.8e-08
 Step:  563 E: -904.874677227363 G: 1.8e-08
 Step:  564 E: -904.874677227363 G: 1.7e-08
 Step:  565 E: -904.874677227363 G: 1.7e-08
 Step:  566 E: -904.874677227363 G: 1.7e-08
 Step:  567 E: -904.874677227363 G: 1.6e-08
 Step:  568 E: -904.874677227363 G: 1.6e-08
 Step:  569 E: -904.874677227362 G: 1.6e-08
 Step:  570 E: -904.874677227363 G: 1.5e-08
 Step:  571 E: -904.874677227362 G: 1.5e-08
 Step:  572 E: -904.874677227363 G: 1.5e-08
 Step:  573 E: -904.874677227363 G: 1.4e-08
 Step:  574 E: -904.874677227363 G: 1.4e-08
 Step:  575 E: -904.874677227363 G: 1.4e-08
 Step:  576 E: -904.874677227362 G: 1.3e-08
 Step:  577 E: -904.874677227363 G: 1.3e-08
 Step:  578 E: -904.874677227363 G: 1.3e-08
 Step:  579 E: -904.874677227363 G: 1.3e-08
 Step:  580 E: -904.874677227363 G: 1.2e-08
 Step:  581 E: -904.874677227363 G: 1.2e-08
 Step:  582 E: -904.874677227363 G: 1.2e-08
 Step:  583 E: -904.874677227363 G: 1.2e-08
 Step:  584 E: -904.874677227363 G: 1.1e-08
 Step:  585 E: -904.874677227363 G: 1.1e-08
 Step:  586 E: -904.874677227363 G: 1.1e-08
 Step:  587 E: -904.874677227363 G: 1.1e-08
 Step:  588 E: -904.874677227363 G: 1.0e-08
 Step:  589 E: -904.874677227363 G: 1.0e-08
*Step:  590 E: -904.874677227363 G: 9.9e-09
211.371107 seconds (9.22 M allocations: 18.373 GiB, 1.82% gc time)
 Solve OO-CMF with DIIS
 ooCMF Iter:    1 Total= -904.787194813350 G=    5.383e-01 #SS:    1
 ooCMF Iter:    2 Total= -904.868512890814 G=    1.374e-01 #SS:    2
 ooCMF Iter:    3 Total= -904.872036258778 G=    7.470e-02 #SS:    3
 ooCMF Iter:    4 Total= -904.873626880126 G=    3.820e-02 #SS:    4
 ooCMF Iter:    5 Total= -904.874121505827 G=    2.062e-02 #SS:    5
 ooCMF Iter:    6 Total= -904.874147788447 G=    2.364e-02 #SS:    6
 ooCMF Iter:    7 Total= -904.874384443367 G=    1.431e-02 #SS:    7
 ooCMF Iter:    8 Total= -904.874604962603 G=    9.130e-03 #SS:    8
 ooCMF Iter:    9 Total= -904.874638727637 G=    6.260e-03 #SS:    9
 ooCMF Iter:   10 Total= -904.874674531162 G=    1.923e-03 #SS:   10
 ooCMF Iter:   11 Total= -904.874675511524 G=    1.338e-03 #SS:   11
 ooCMF Iter:   12 Total= -904.874675684365 G=    1.204e-03 #SS:   12
 ooCMF Iter:   13 Total= -904.874676483690 G=    7.715e-04 #SS:   13
 ooCMF Iter:   14 Total= -904.874677057304 G=    5.929e-04 #SS:   14
 ooCMF Iter:   15 Total= -904.874677142656 G=    3.548e-04 #SS:   15
 ooCMF Iter:   16 Total= -904.874677189114 G=    1.847e-04 #SS:   16
 ooCMF Iter:   17 Total= -904.874677201833 G=    1.757e-04 #SS:   17
 ooCMF Iter:   18 Total= -904.874677217067 G=    1.082e-04 #SS:   18
 ooCMF Iter:   19 Total= -904.874677226536 G=    3.065e-05 #SS:   19
 ooCMF Iter:   20 Total= -904.874677226638 G=    2.658e-05 #SS:   20
 ooCMF Iter:   21 Total= -904.874677226806 G=    2.280e-05 #SS:   21
 ooCMF Iter:   22 Total= -904.874677226846 G=    2.225e-05 #SS:   22
 ooCMF Iter:   23 Total= -904.874677227309 G=    1.049e-05 #SS:   23
 ooCMF Iter:   24 Total= -904.874677227330 G=    8.223e-06 #SS:   24
 ooCMF Iter:   25 Total= -904.874677227358 G=    1.762e-06 #SS:   24
 ooCMF Iter:   26 Total= -904.874677227360 G=    1.216e-06 #SS:   24
 ooCMF Iter:   27 Total= -904.874677227360 G=    1.153e-06 #SS:   24
 ooCMF Iter:   28 Total= -904.874677227361 G=    8.541e-07 #SS:   24
 ooCMF Iter:   29 Total= -904.874677227363 G=    3.554e-07 #SS:   24
 ooCMF Iter:   30 Total= -904.874677227362 G=    2.412e-07 #SS:   24
 ooCMF Iter:   31 Total= -904.874677227362 G=    1.828e-07 #SS:   24
 ooCMF Iter:   32 Total= -904.874677227362 G=    1.713e-07 #SS:   24
 ooCMF Iter:   33 Total= -904.874677227362 G=    6.695e-08 #SS:   24
 ooCMF Iter:   34 Total= -904.874677227362 G=    2.265e-08 #SS:   24
 ooCMF Iter:   35 Total= -904.874677227362 G=    1.975e-08 #SS:   24
 ooCMF Iter:   36 Total= -904.874677227362 G=    1.467e-08 #SS:   24
*ooCMF Iter:   37 Total= -904.874677227362 G=    9.391e-09 #SS:   24
 33.789523 seconds (10.91 M allocations: 3.232 GiB, 1.37% gc time)
 Solve OO-CMF with DIIS
 ooCMF Iter:    1 Total= -904.874373900892 G=    2.325e-02 #SS:    1
 ooCMF Iter:    2 Total= -904.874659538790 G=    8.922e-03 #SS:    2
 ooCMF Iter:    3 Total= -904.874677100825 G=    5.768e-04 #SS:    3
 ooCMF Iter:    4 Total= -904.874677225696 G=    4.962e-05 #SS:    4
 ooCMF Iter:    5 Total= -904.874677227356 G=    5.503e-06 #SS:    5
 ooCMF Iter:    6 Total= -904.874677227363 G=    1.927e-07 #SS:    6
 ooCMF Iter:    7 Total= -904.874677227362 G=    1.798e-08 #SS:    7
*ooCMF Iter:    8 Total= -904.874677227362 G=    2.275e-09 #SS:    8
  8.234068 seconds (406.09 k allocations: 866.763 MiB, 1.98% gc time)
 Solve OO-CMF with DIIS
 ooCMF Iter:    1 Total= -904.874008007828 G=    3.833e-02 #SS:    1
 ooCMF Iter:    2 Total= -904.874588641637 G=    9.247e-03 #SS:    2
 ooCMF Iter:    3 Total= -904.874657504899 G=    4.762e-03 #SS:    3
 ooCMF Iter:    4 Total= -904.874677147845 G=    4.117e-04 #SS:    4
 ooCMF Iter:    5 Total= -904.874677227096 G=    2.914e-05 #SS:    5
 ooCMF Iter:    6 Total= -904.874677227358 G=    3.005e-06 #SS:    6
 ooCMF Iter:    7 Total= -904.874677227362 G=    2.015e-07 #SS:    7
 ooCMF Iter:    8 Total= -904.874677227362 G=    2.007e-08 #SS:    8
*ooCMF Iter:    9 Total= -904.874677227362 G=    1.418e-09 #SS:    9
  9.349674 seconds (519.68 k allocations: 956.934 MiB, 1.69% gc time)
 Solve OO-CMF with newton
 Step:    1 E: -904.748320933743 G:     6.53e-01  
 Step:    2 E: -904.874008007828 G:     3.83e-02  
 Step:    3 E: -904.874648617281 G:     7.29e-03  
 Step:    4 E: -904.874675317716 G:     1.77e-03  
 Step:    5 E: -904.874677093198 G:     4.48e-04  
 Step:    6 E: -904.874677217765 G:     1.16e-04  
 Step:    7 E: -904.874677226671 G:     3.06e-05  
 Step:    8 E: -904.874677227312 G:     8.13e-06  
 Step:    9 E: -904.874677227358 G:     2.17e-06  
 Step:   10 E: -904.874677227362 G:     5.81e-07  
 Step:   11 E: -904.874677227361 G:     1.56e-07  
 Step:   12 E: -904.874677227363 G:     4.18e-08  
 Step:   13 E: -904.874677227362 G:     1.12e-08  
 Step:   14 E: -904.874677227362 G:     3.02e-09  
  7.792790 seconds (401.97 k allocations: 705.974 MiB, 1.10% gc time)
 Solve OO-CMF with newton
 Step:    1 E: -904.748320933743 G:     6.53e-01  
 Step:    2 E: -904.874373900892 G:     2.33e-02  
 Step:    3 E: -904.874675879947 G:     9.89e-04  
 Step:    4 E: -904.874677168864 G:     1.91e-04  
 Step:    5 E: -904.874677224626 G:     4.02e-05  
 Step:    6 E: -904.874677227233 G:     8.64e-06  
 Step:    7 E: -904.874677227356 G:     1.87e-06  
 Step:    8 E: -904.874677227362 G:     4.06e-07  
 Step:    9 E: -904.874677227362 G:     8.82e-08  
 Step:   10 E: -904.874677227363 G:     1.92e-08  
 Step:   11 E: -904.874677227362 G:     4.17e-09  
  6.119755 seconds (275.11 k allocations: 562.168 MiB, 1.66% gc time)