IDX001:DIM4096:001|002|003|004|005|006|
IDX002:DIM4096:007|008|009|010|011|012|
IDX003:DIM4096:013|014|015|016|017|018|
IDX004:DIM4096:019|020|021|022|023|024|
IDX005:DIM4096:025|026|027|028|029|030|
IDX006:DIM4096:031|032|033|034|035|036|
 ooCMF Iter:    1 Total= -1353.508454368890 Active= -93.348842759329 G=     9.03e-01
 ooCMF Iter:    2 Total= -1353.731432415604 Active= -93.571820806042 G=     2.43e-01
 ooCMF Iter:    3 Total= -1353.743437367399 Active= -93.583825757838 G=     7.69e-02
 ooCMF Iter:    4 Total= -1353.744771630217 Active= -93.585160020655 G=     3.68e-02
 ooCMF Iter:    5 Total= -1353.745344140035 Active= -93.585732530473 G=     3.51e-02
 ooCMF Iter:    6 Total= -1353.745931587373 Active= -93.586319977812 G=     1.90e-02
 ooCMF Iter:    7 Total= -1353.746016716442 Active= -93.586405106880 G=     5.20e-03
 ooCMF Iter:    8 Total= -1353.746021953137 Active= -93.586410343575 G=     1.97e-03
 ooCMF Iter:    9 Total= -1353.746023164808 Active= -93.586411555246 G=     1.17e-03
 ooCMF Iter:   10 Total= -1353.746023791680 Active= -93.586412182118 G=     1.11e-03
 ooCMF Iter:   11 Total= -1353.746024072414 Active= -93.586412462853 G=     5.34e-04
 ooCMF Iter:   12 Total= -1353.746024129754 Active= -93.586412520192 G=     1.56e-04
 ooCMF Iter:   13 Total= -1353.746024137799 Active= -93.586412528238 G=     8.63e-05
 ooCMF Iter:   14 Total= -1353.746024140133 Active= -93.586412530572 G=     6.18e-05
 ooCMF Iter:   15 Total= -1353.746024141569 Active= -93.586412532008 G=     4.55e-05
 ooCMF Iter:   16 Total= -1353.746024142106 Active= -93.586412532545 G=     2.49e-05
 ooCMF Iter:   17 Total= -1353.746024142237 Active= -93.586412532676 G=     1.42e-05
 ooCMF Iter:   18 Total= -1353.746024142270 Active= -93.586412532708 G=     4.61e-06
 ooCMF Iter:   19 Total= -1353.746024142275 Active= -93.586412532713 G=     1.93e-06
 ooCMF Iter:   20 Total= -1353.746024142277 Active= -93.586412532715 G=     1.43e-06
 ooCMF Iter:   21 Total= -1353.746024142276 Active= -93.586412532715 G=     9.85e-07
 ooCMF Iter:   22 Total= -1353.746024142276 Active= -93.586412532715 G=     5.14e-07
 ooCMF Iter:   23 Total= -1353.746024142277 Active= -93.586412532715 G=     2.15e-07
 ooCMF Iter:   24 Total= -1353.746024142276 Active= -93.586412532715 G=     1.32e-07
 ooCMF Iter:   25 Total= -1353.746024142277 Active= -93.586412532715 G=     4.44e-08
 * Status: success

 * Candidate solution
    Final objective value:     -1.353746e+03

 * Found with
    Algorithm:     BFGS

 * Convergence measures
    |x - x'|               = 9.29e-09 ≰ 0.0e+00
    |x - x'|/|x'|          = 8.49e-08 ≰ 0.0e+00
    |f(x) - f(x')|         = 6.82e-13 ≰ 0.0e+00
    |f(x) - f(x')|/|f(x')| = 5.04e-16 ≰ 0.0e+00
    |g(x)|                 = 5.65e-09 ≤ 1.0e-08

 * Work counters
    Seconds run:   92  (vs limit Inf)
    Iterations:    24
    f(x) calls:    49
    ∇f(x) calls:   49

*ooCMF -1353.74602414 
 96.125697 seconds (5.99 M allocations: 11.904 GiB, 1.39% gc time)
 ooCMF Iter:    1 Total= -1353.508454368890 Active= -93.348842759329 G=     9.03e-01
 ooCMF Iter:    2 Total= -1353.731287526758 Active= -93.571675917197 G=     2.49e-01
 ooCMF Iter:    3 Total= -1353.743427838180 Active= -93.583816228619 G=     7.61e-02
 ooCMF Iter:    4 Total= -1353.744757382085 Active= -93.585145772524 G=     3.49e-02
 ooCMF Iter:    5 Total= -1353.745333107118 Active= -93.585721497557 G=     3.73e-02
 ooCMF Iter:    6 Total= -1353.745924179842 Active= -93.586312570281 G=     1.88e-02
 ooCMF Iter:    7 Total= -1353.746014968191 Active= -93.586403358629 G=     5.51e-03
 ooCMF Iter:    8 Total= -1353.746021407505 Active= -93.586409797943 G=     2.07e-03
 ooCMF Iter:    9 Total= -1353.746022588639 Active= -93.586410979077 G=     1.28e-03
 ooCMF Iter:   10 Total= -1353.746023521062 Active= -93.586411911500 G=     1.34e-03
 ooCMF Iter:   11 Total= -1353.746024045529 Active= -93.586412435967 G=     5.99e-04
 ooCMF Iter:   12 Total= -1353.746024121228 Active= -93.586412511666 G=     2.27e-04
 ooCMF Iter:   13 Total= -1353.746024132886 Active= -93.586412523325 G=     9.29e-05
 ooCMF Iter:   14 Total= -1353.746024137506 Active= -93.586412527945 G=     1.02e-04
 ooCMF Iter:   15 Total= -1353.746024140843 Active= -93.586412531282 G=     8.19e-05
 ooCMF Iter:   16 Total= -1353.746024142153 Active= -93.586412532592 G=     2.06e-05
 ooCMF Iter:   17 Total= -1353.746024142236 Active= -93.586412532675 G=     7.81e-06
 ooCMF Iter:   18 Total= -1353.746024142253 Active= -93.586412532692 G=     5.40e-06
 ooCMF Iter:   19 Total= -1353.746024142269 Active= -93.586412532707 G=     4.73e-06
 ooCMF Iter:   20 Total= -1353.746024142275 Active= -93.586412532713 G=     2.88e-06
 ooCMF Iter:   21 Total= -1353.746024142276 Active= -93.586412532715 G=     7.18e-07
 ooCMF Iter:   22 Total= -1353.746024142276 Active= -93.586412532715 G=     3.39e-07
 ooCMF Iter:   23 Total= -1353.746024142276 Active= -93.586412532715 G=     3.74e-07
 ooCMF Iter:   24 Total= -1353.746024142276 Active= -93.586412532715 G=     1.47e-07
 * Status: success

 * Candidate solution
    Final objective value:     -1.353746e+03

 * Found with
    Algorithm:     Conjugate Gradient

 * Convergence measures
    |x - x'|               = 4.04e-08 ≰ 0.0e+00
    |x - x'|/|x'|          = 3.69e-07 ≰ 0.0e+00
    |f(x) - f(x')|         = 0.00e+00 ≤ 0.0e+00
    |f(x) - f(x')|/|f(x')| = 0.00e+00 ≤ 0.0e+00
    |g(x)|                 = 1.46e-08 ≰ 1.0e-08

 * Work counters
    Seconds run:   69  (vs limit Inf)
    Iterations:    23
    f(x) calls:    54
    ∇f(x) calls:   31

*ooCMF -1353.74602414 
 73.627325 seconds (4.56 M allocations: 9.041 GiB, 1.32% gc time)
 Step:    1 E: -1353.508454368890 G: 9.0e-01
 Step:    2 E: -1353.582697633298 G: 7.4e-01
 Step:    3 E: -1353.632943959638 G: 6.1e-01
 Step:    4 E: -1353.667126853882 G: 5.1e-01
 Step:    5 E: -1353.690530342277 G: 4.2e-01
 Step:    6 E: -1353.706662427174 G: 3.5e-01
 Step:    7 E: -1353.717857934874 G: 2.9e-01
 Step:    8 E: -1353.725679245775 G: 2.4e-01
 Step:    9 E: -1353.731178801134 G: 2.1e-01
 Step:   10 E: -1353.735070526060 G: 1.7e-01
 Step:   11 E: -1353.737842080531 G: 1.5e-01
 Step:   12 E: -1353.739828782494 G: 1.2e-01
 Step:   13 E: -1353.741262633891 G: 1.1e-01
 Step:   14 E: -1353.742305080438 G: 9.1e-02
 Step:   15 E: -1353.743069067605 G: 7.8e-02
 Step:   16 E: -1353.743633998638 G: 6.7e-02
 Step:   17 E: -1353.744055949035 G: 5.8e-02
 Step:   18 E: -1353.744374686837 G: 5.1e-02
 Step:   19 E: -1353.744618526504 G: 4.5e-02
 Step:   20 E: -1353.744807703364 G: 4.0e-02
 Step:   21 E: -1353.744956731432 G: 3.5e-02
 Step:   22 E: -1353.745076058452 G: 3.2e-02
 Step:   23 E: -1353.745173232528 G: 2.9e-02
 Step:   24 E: -1353.745253727629 G: 2.7e-02
 Step:   25 E: -1353.745321529741 G: 2.5e-02
 Step:   26 E: -1353.745379554395 G: 2.3e-02
 Step:   27 E: -1353.745429944938 G: 2.1e-02
 Step:   28 E: -1353.745474286191 G: 2.0e-02
 Step:   29 E: -1353.745513757859 G: 1.9e-02
 Step:   30 E: -1353.745549244952 G: 1.8e-02
 Step:   31 E: -1353.745581417417 G: 1.7e-02
 Step:   32 E: -1353.745610787702 G: 1.7e-02
 Step:   33 E: -1353.745637752454 G: 1.6e-02
 Step:   34 E: -1353.745662622764 G: 1.5e-02
 Step:   35 E: -1353.745685646185 G: 1.5e-02
 Step:   36 E: -1353.745707022766 G: 1.4e-02
 Step:   37 E: -1353.745726916779 G: 1.4e-02
 Step:   38 E: -1353.745745465309 G: 1.3e-02
 Step:   39 E: -1353.745762784570 G: 1.3e-02
 Step:   40 E: -1353.745778974564 G: 1.2e-02
 Step:   41 E: -1353.745794122535 G: 1.2e-02
 Step:   42 E: -1353.745808305547 G: 1.2e-02
 Step:   43 E: -1353.745821592404 G: 1.1e-02
 Step:   44 E: -1353.745834045124 G: 1.1e-02
 Step:   45 E: -1353.745845720031 G: 1.1e-02
 Step:   46 E: -1353.745856668621 G: 1.0e-02
 Step:   47 E: -1353.745866938229 G: 9.9e-03
 Step:   48 E: -1353.745876572548 G: 9.6e-03
 Step:   49 E: -1353.745885612051 G: 9.3e-03
 Step:   50 E: -1353.745894094335 G: 9.0e-03
 Step:   51 E: -1353.745902054403 G: 8.7e-03
 Step:   52 E: -1353.745909524893 G: 8.4e-03
 Step:   53 E: -1353.745916536290 G: 8.2e-03
 Step:   54 E: -1353.745923117091 G: 7.9e-03
 Step:   55 E: -1353.745929293961 G: 7.7e-03
 Step:   56 E: -1353.745935091865 G: 7.4e-03
 Step:   57 E: -1353.745940534192 G: 7.2e-03
 Step:   58 E: -1353.745945642859 G: 7.0e-03
 Step:   59 E: -1353.745950438415 G: 6.8e-03
 Step:   60 E: -1353.745954940126 G: 6.6e-03
 Step:   61 E: -1353.745959166063 G: 6.3e-03
 Step:   62 E: -1353.745963133179 G: 6.2e-03
 Step:   63 E: -1353.745966857374 G: 6.0e-03
 Step:   64 E: -1353.745970353569 G: 5.8e-03
 Step:   65 E: -1353.745973635762 G: 5.6e-03
 Step:   66 E: -1353.745976717090 G: 5.4e-03
 Step:   67 E: -1353.745979609880 G: 5.3e-03
 Step:   68 E: -1353.745982325700 G: 5.1e-03
 Step:   69 E: -1353.745984875406 G: 4.9e-03
 Step:   70 E: -1353.745987269187 G: 4.8e-03
 Step:   71 E: -1353.745989516601 G: 4.6e-03
 Step:   72 E: -1353.745991626627 G: 4.5e-03
 Step:   73 E: -1353.745993607685 G: 4.3e-03
 Step:   74 E: -1353.745995467679 G: 4.2e-03
 Step:   75 E: -1353.745997214026 G: 4.1e-03
 Step:   76 E: -1353.745998853694 G: 4.0e-03
 Step:   77 E: -1353.746000393214 G: 3.8e-03
 Step:   78 E: -1353.746001838723 G: 3.7e-03
 Step:   79 E: -1353.746003195976 G: 3.6e-03
 Step:   80 E: -1353.746004470379 G: 3.5e-03
 Step:   81 E: -1353.746005667002 G: 3.4e-03
 Step:   82 E: -1353.746006790609 G: 3.3e-03
 Step:   83 E: -1353.746007845665 G: 3.2e-03
 Step:   84 E: -1353.746008836367 G: 3.1e-03
 Step:   85 E: -1353.746009766650 G: 3.0e-03
 Step:   86 E: -1353.746010640212 G: 2.9e-03
 Step:   87 E: -1353.746011460521 G: 2.8e-03
 Step:   88 E: -1353.746012230832 G: 2.7e-03
 Step:   89 E: -1353.746012954202 G: 2.6e-03
 Step:   90 E: -1353.746013633501 G: 2.5e-03
 Step:   91 E: -1353.746014271422 G: 2.5e-03
 Step:   92 E: -1353.746014870494 G: 2.4e-03
 Step:   93 E: -1353.746015433089 G: 2.3e-03
 Step:   94 E: -1353.746015961435 G: 2.2e-03
 Step:   95 E: -1353.746016457624 G: 2.2e-03
 Step:   96 E: -1353.746016923619 G: 2.1e-03
 Step:   97 E: -1353.746017361264 G: 2.0e-03
 Step:   98 E: -1353.746017772288 G: 2.0e-03
 Step:   99 E: -1353.746018158316 G: 1.9e-03
 Step:  100 E: -1353.746018520872 G: 1.9e-03
 Step:  101 E: -1353.746018861389 G: 1.8e-03
 Step:  102 E: -1353.746019181211 G: 1.7e-03
 Step:  103 E: -1353.746019481599 G: 1.7e-03
 Step:  104 E: -1353.746019763738 G: 1.6e-03
 Step:  105 E: -1353.746020028741 G: 1.6e-03
 Step:  106 E: -1353.746020277651 G: 1.5e-03
 Step:  107 E: -1353.746020511448 G: 1.5e-03
 Step:  108 E: -1353.746020731054 G: 1.4e-03
 Step:  109 E: -1353.746020937334 G: 1.4e-03
 Step:  110 E: -1353.746021131096 G: 1.4e-03
 Step:  111 E: -1353.746021313105 G: 1.3e-03
 Step:  112 E: -1353.746021484076 G: 1.3e-03
 Step:  113 E: -1353.746021644679 G: 1.2e-03
 Step:  114 E: -1353.746021795545 G: 1.2e-03
 Step:  115 E: -1353.746021937269 G: 1.2e-03
 Step:  116 E: -1353.746022070403 G: 1.1e-03
 Step:  117 E: -1353.746022195472 G: 1.1e-03
 Step:  118 E: -1353.746022312966 G: 1.1e-03
 Step:  119 E: -1353.746022423343 G: 1.0e-03
 Step:  120 E: -1353.746022527038 G: 9.9e-04
 Step:  121 E: -1353.746022624456 G: 9.6e-04
 Step:  122 E: -1353.746022715979 G: 9.3e-04
 Step:  123 E: -1353.746022801964 G: 9.1e-04
 Step:  124 E: -1353.746022882747 G: 8.8e-04
 Step:  125 E: -1353.746022958645 G: 8.5e-04
 Step:  126 E: -1353.746023029953 G: 8.2e-04
 Step:  127 E: -1353.746023096950 G: 8.0e-04
 Step:  128 E: -1353.746023159898 G: 7.8e-04
 Step:  129 E: -1353.746023219043 G: 7.5e-04
 Step:  130 E: -1353.746023274613 G: 7.3e-04
 Step:  131 E: -1353.746023326828 G: 7.1e-04
 Step:  132 E: -1353.746023375889 G: 6.8e-04
 Step:  133 E: -1353.746023421988 G: 6.6e-04
 Step:  134 E: -1353.746023465305 G: 6.4e-04
 Step:  135 E: -1353.746023506007 G: 6.2e-04
 Step:  136 E: -1353.746023544254 G: 6.0e-04
 Step:  137 E: -1353.746023580193 G: 5.9e-04
 Step:  138 E: -1353.746023613966 G: 5.7e-04
 Step:  139 E: -1353.746023645702 G: 5.5e-04
 Step:  140 E: -1353.746023675525 G: 5.3e-04
 Step:  141 E: -1353.746023703551 G: 5.2e-04
 Step:  142 E: -1353.746023729887 G: 5.0e-04
 Step:  143 E: -1353.746023754636 G: 4.9e-04
 Step:  144 E: -1353.746023777897 G: 4.7e-04
 Step:  145 E: -1353.746023799755 G: 4.6e-04
 Step:  146 E: -1353.746023820298 G: 4.4e-04
 Step:  147 E: -1353.746023839604 G: 4.3e-04
 Step:  148 E: -1353.746023857749 G: 4.2e-04
 Step:  149 E: -1353.746023874803 G: 4.0e-04
 Step:  150 E: -1353.746023890829 G: 3.9e-04
 Step:  151 E: -1353.746023905892 G: 3.8e-04
 Step:  152 E: -1353.746023920051 G: 3.7e-04
 Step:  153 E: -1353.746023933358 G: 3.6e-04
 Step:  154 E: -1353.746023945865 G: 3.5e-04
 Step:  155 E: -1353.746023957621 G: 3.3e-04
 Step:  156 E: -1353.746023968671 G: 3.2e-04
 Step:  157 E: -1353.746023979056 G: 3.1e-04
 Step:  158 E: -1353.746023988819 G: 3.1e-04
 Step:  159 E: -1353.746023997996 G: 3.0e-04
 Step:  160 E: -1353.746024006622 G: 2.9e-04
 Step:  161 E: -1353.746024014730 G: 2.8e-04
 Step:  162 E: -1353.746024022351 G: 2.7e-04
 Step:  163 E: -1353.746024029516 G: 2.6e-04
 Step:  164 E: -1353.746024036251 G: 2.5e-04
 Step:  165 E: -1353.746024042582 G: 2.5e-04
 Step:  166 E: -1353.746024048534 G: 2.4e-04
 Step:  167 E: -1353.746024054130 G: 2.3e-04
 Step:  168 E: -1353.746024059390 G: 2.2e-04
 Step:  169 E: -1353.746024064335 G: 2.2e-04
 Step:  170 E: -1353.746024068985 G: 2.1e-04
 Step:  171 E: -1353.746024073355 G: 2.0e-04
 Step:  172 E: -1353.746024077464 G: 2.0e-04
 Step:  173 E: -1353.746024081327 G: 1.9e-04
 Step:  174 E: -1353.746024084959 G: 1.9e-04
 Step:  175 E: -1353.746024088374 G: 1.8e-04
 Step:  176 E: -1353.746024091584 G: 1.8e-04
 Step:  177 E: -1353.746024094603 G: 1.7e-04
 Step:  178 E: -1353.746024097441 G: 1.6e-04
 Step:  179 E: -1353.746024100110 G: 1.6e-04
 Step:  180 E: -1353.746024102619 G: 1.5e-04
 Step:  181 E: -1353.746024104978 G: 1.5e-04
 Step:  182 E: -1353.746024107196 G: 1.5e-04
 Step:  183 E: -1353.746024109284 G: 1.4e-04
 Step:  184 E: -1353.746024111245 G: 1.4e-04
 Step:  185 E: -1353.746024113090 G: 1.3e-04
 Step:  186 E: -1353.746024114824 G: 1.3e-04
 Step:  187 E: -1353.746024116454 G: 1.2e-04
 Step:  188 E: -1353.746024117987 G: 1.2e-04
 Step:  189 E: -1353.746024119430 G: 1.2e-04
 Step:  190 E: -1353.746024120787 G: 1.1e-04
 Step:  191 E: -1353.746024122062 G: 1.1e-04
 Step:  192 E: -1353.746024123262 G: 1.1e-04
 Step:  193 E: -1353.746024124389 G: 1.0e-04
 Step:  194 E: -1353.746024125451 G: 1.0e-04
 Step:  195 E: -1353.746024126449 G: 9.8e-05
 Step:  196 E: -1353.746024127387 G: 9.5e-05
 Step:  197 E: -1353.746024128269 G: 9.2e-05
 Step:  198 E: -1353.746024129099 G: 8.9e-05
 Step:  199 E: -1353.746024129880 G: 8.6e-05
 Step:  200 E: -1353.746024130614 G: 8.4e-05
 Step:  201 E: -1353.746024131304 G: 8.1e-05
 Step:  202 E: -1353.746024131955 G: 7.9e-05
 Step:  203 E: -1353.746024132565 G: 7.6e-05
 Step:  204 E: -1353.746024133141 G: 7.4e-05
 Step:  205 E: -1353.746024133680 G: 7.2e-05
 Step:  206 E: -1353.746024134189 G: 7.0e-05
 Step:  207 E: -1353.746024134668 G: 6.8e-05
 Step:  208 E: -1353.746024135117 G: 6.6e-05
 Step:  209 E: -1353.746024135540 G: 6.4e-05
 Step:  210 E: -1353.746024135938 G: 6.2e-05
 Step:  211 E: -1353.746024136313 G: 6.0e-05
 Step:  212 E: -1353.746024136664 G: 5.8e-05
 Step:  213 E: -1353.746024136996 G: 5.6e-05
 Step:  214 E: -1353.746024137308 G: 5.5e-05
 Step:  215 E: -1353.746024137601 G: 5.3e-05
 Step:  216 E: -1353.746024137878 G: 5.1e-05
 Step:  217 E: -1353.746024138137 G: 5.0e-05
 Step:  218 E: -1353.746024138380 G: 4.8e-05
 Step:  219 E: -1353.746024138610 G: 4.7e-05
 Step:  220 E: -1353.746024138826 G: 4.5e-05
 Step:  221 E: -1353.746024139029 G: 4.4e-05
 Step:  222 E: -1353.746024139221 G: 4.3e-05
 Step:  223 E: -1353.746024139401 G: 4.1e-05
 Step:  224 E: -1353.746024139571 G: 4.0e-05
 Step:  225 E: -1353.746024139730 G: 3.9e-05
 Step:  226 E: -1353.746024139880 G: 3.8e-05
 Step:  227 E: -1353.746024140020 G: 3.7e-05
 Step:  228 E: -1353.746024140153 G: 3.6e-05
 Step:  229 E: -1353.746024140278 G: 3.5e-05
 Step:  230 E: -1353.746024140396 G: 3.4e-05
 Step:  231 E: -1353.746024140507 G: 3.2e-05
 Step:  232 E: -1353.746024140611 G: 3.2e-05
 Step:  233 E: -1353.746024140709 G: 3.1e-05
 Step:  234 E: -1353.746024140800 G: 3.0e-05
 Step:  235 E: -1353.746024140887 G: 2.9e-05
 Step:  236 E: -1353.746024140969 G: 2.8e-05
 Step:  237 E: -1353.746024141045 G: 2.7e-05
 Step:  238 E: -1353.746024141117 G: 2.6e-05
 Step:  239 E: -1353.746024141186 G: 2.5e-05
 Step:  240 E: -1353.746024141250 G: 2.5e-05
 Step:  241 E: -1353.746024141310 G: 2.4e-05
 Step:  242 E: -1353.746024141367 G: 2.3e-05
 Step:  243 E: -1353.746024141419 G: 2.3e-05
 Step:  244 E: -1353.746024141470 G: 2.2e-05
 Step:  245 E: -1353.746024141517 G: 2.1e-05
 Step:  246 E: -1353.746024141562 G: 2.1e-05
 Step:  247 E: -1353.746024141603 G: 2.0e-05
 Step:  248 E: -1353.746024141643 G: 1.9e-05
 Step:  249 E: -1353.746024141679 G: 1.9e-05
 Step:  250 E: -1353.746024141715 G: 1.8e-05
 Step:  251 E: -1353.746024141747 G: 1.8e-05
 Step:  252 E: -1353.746024141780 G: 1.7e-05
 Step:  253 E: -1353.746024141808 G: 1.7e-05
 Step:  254 E: -1353.746024141835 G: 1.6e-05
 Step:  255 E: -1353.746024141861 G: 1.6e-05
 Step:  256 E: -1353.746024141885 G: 1.5e-05
 Step:  257 E: -1353.746024141908 G: 1.5e-05
 Step:  258 E: -1353.746024141930 G: 1.4e-05
 Step:  259 E: -1353.746024141949 G: 1.4e-05
 Step:  260 E: -1353.746024141969 G: 1.3e-05
 Step:  261 E: -1353.746024141986 G: 1.3e-05
 Step:  262 E: -1353.746024142003 G: 1.3e-05
 Step:  263 E: -1353.746024142020 G: 1.2e-05
 Step:  264 E: -1353.746024142034 G: 1.2e-05
 Step:  265 E: -1353.746024142048 G: 1.2e-05
 Step:  266 E: -1353.746024142062 G: 1.1e-05
 Step:  267 E: -1353.746024142074 G: 1.1e-05
 Step:  268 E: -1353.746024142087 G: 1.1e-05
 Step:  269 E: -1353.746024142097 G: 1.0e-05
 Step:  270 E: -1353.746024142109 G: 1.0e-05
 Step:  271 E: -1353.746024142118 G: 9.7e-06
 Step:  272 E: -1353.746024142127 G: 9.4e-06
 Step:  273 E: -1353.746024142135 G: 9.1e-06
 Step:  274 E: -1353.746024142143 G: 8.8e-06
 Step:  275 E: -1353.746024142151 G: 8.6e-06
 Step:  276 E: -1353.746024142159 G: 8.3e-06
 Step:  277 E: -1353.746024142165 G: 8.1e-06
 Step:  278 E: -1353.746024142172 G: 7.8e-06
 Step:  279 E: -1353.746024142178 G: 7.6e-06
 Step:  280 E: -1353.746024142183 G: 7.4e-06
 Step:  281 E: -1353.746024142189 G: 7.2e-06
 Step:  282 E: -1353.746024142195 G: 7.0e-06
 Step:  283 E: -1353.746024142199 G: 6.8e-06
 Step:  284 E: -1353.746024142203 G: 6.6e-06
 Step:  285 E: -1353.746024142207 G: 6.4e-06
 Step:  286 E: -1353.746024142211 G: 6.2e-06
 Step:  287 E: -1353.746024142216 G: 6.0e-06
 Step:  288 E: -1353.746024142219 G: 5.8e-06
 Step:  289 E: -1353.746024142222 G: 5.6e-06
 Step:  290 E: -1353.746024142225 G: 5.5e-06
 Step:  291 E: -1353.746024142228 G: 5.3e-06
 Step:  292 E: -1353.746024142231 G: 5.2e-06
 Step:  293 E: -1353.746024142234 G: 5.0e-06
 Step:  294 E: -1353.746024142236 G: 4.9e-06
 Step:  295 E: -1353.746024142238 G: 4.7e-06
 Step:  296 E: -1353.746024142240 G: 4.6e-06
 Step:  297 E: -1353.746024142243 G: 4.4e-06
 Step:  298 E: -1353.746024142245 G: 4.3e-06
 Step:  299 E: -1353.746024142246 G: 4.2e-06
 Step:  300 E: -1353.746024142248 G: 4.1e-06
 Step:  301 E: -1353.746024142250 G: 3.9e-06
 Step:  302 E: -1353.746024142251 G: 3.8e-06
 Step:  303 E: -1353.746024142253 G: 3.7e-06
 Step:  304 E: -1353.746024142253 G: 3.6e-06
 Step:  305 E: -1353.746024142255 G: 3.5e-06
 Step:  306 E: -1353.746024142257 G: 3.4e-06
 Step:  307 E: -1353.746024142258 G: 3.3e-06
 Step:  308 E: -1353.746024142259 G: 3.2e-06
 Step:  309 E: -1353.746024142260 G: 3.1e-06
 Step:  310 E: -1353.746024142260 G: 3.0e-06
 Step:  311 E: -1353.746024142261 G: 2.9e-06
 Step:  312 E: -1353.746024142263 G: 2.8e-06
 Step:  313 E: -1353.746024142263 G: 2.8e-06
 Step:  314 E: -1353.746024142264 G: 2.7e-06
 Step:  315 E: -1353.746024142265 G: 2.6e-06
 Step:  316 E: -1353.746024142265 G: 2.5e-06
 Step:  317 E: -1353.746024142266 G: 2.4e-06
 Step:  318 E: -1353.746024142266 G: 2.4e-06
 Step:  319 E: -1353.746024142267 G: 2.3e-06
 Step:  320 E: -1353.746024142267 G: 2.2e-06
 Step:  321 E: -1353.746024142268 G: 2.2e-06
 Step:  322 E: -1353.746024142268 G: 2.1e-06
 Step:  323 E: -1353.746024142269 G: 2.0e-06
 Step:  324 E: -1353.746024142268 G: 2.0e-06
 Step:  325 E: -1353.746024142270 G: 1.9e-06
 Step:  326 E: -1353.746024142270 G: 1.9e-06
 Step:  327 E: -1353.746024142270 G: 1.8e-06
 Step:  328 E: -1353.746024142270 G: 1.8e-06
 Step:  329 E: -1353.746024142271 G: 1.7e-06
 Step:  330 E: -1353.746024142271 G: 1.7e-06
 Step:  331 E: -1353.746024142271 G: 1.6e-06
 Step:  332 E: -1353.746024142273 G: 1.6e-06
 Step:  333 E: -1353.746024142272 G: 1.5e-06
 Step:  334 E: -1353.746024142272 G: 1.5e-06
 Step:  335 E: -1353.746024142272 G: 1.4e-06
 Step:  336 E: -1353.746024142272 G: 1.4e-06
 Step:  337 E: -1353.746024142273 G: 1.3e-06
 Step:  338 E: -1353.746024142273 G: 1.3e-06
 Step:  339 E: -1353.746024142272 G: 1.3e-06
 Step:  340 E: -1353.746024142273 G: 1.2e-06
 Step:  341 E: -1353.746024142274 G: 1.2e-06
 Step:  342 E: -1353.746024142273 G: 1.2e-06
 Step:  343 E: -1353.746024142275 G: 1.1e-06
 Step:  344 E: -1353.746024142274 G: 1.1e-06
 Step:  345 E: -1353.746024142274 G: 1.1e-06
 Step:  346 E: -1353.746024142274 G: 1.0e-06
 Step:  347 E: -1353.746024142274 G: 1.0e-06
 Step:  348 E: -1353.746024142274 G: 9.7e-07
 Step:  349 E: -1353.746024142274 G: 9.5e-07
 Step:  350 E: -1353.746024142274 G: 9.2e-07
 Step:  351 E: -1353.746024142274 G: 8.9e-07
 Step:  352 E: -1353.746024142275 G: 8.6e-07
 Step:  353 E: -1353.746024142275 G: 8.4e-07
 Step:  354 E: -1353.746024142275 G: 8.2e-07
 Step:  355 E: -1353.746024142275 G: 7.9e-07
 Step:  356 E: -1353.746024142274 G: 7.7e-07
 Step:  357 E: -1353.746024142275 G: 7.5e-07
 Step:  358 E: -1353.746024142275 G: 7.2e-07
 Step:  359 E: -1353.746024142275 G: 7.0e-07
 Step:  360 E: -1353.746024142275 G: 6.8e-07
 Step:  361 E: -1353.746024142275 G: 6.6e-07
 Step:  362 E: -1353.746024142275 G: 6.4e-07
 Step:  363 E: -1353.746024142275 G: 6.3e-07
 Step:  364 E: -1353.746024142275 G: 6.1e-07
 Step:  365 E: -1353.746024142276 G: 5.9e-07
 Step:  366 E: -1353.746024142275 G: 5.7e-07
 Step:  367 E: -1353.746024142275 G: 5.6e-07
 Step:  368 E: -1353.746024142275 G: 5.4e-07
 Step:  369 E: -1353.746024142276 G: 5.2e-07
 Step:  370 E: -1353.746024142276 G: 5.1e-07
 Step:  371 E: -1353.746024142275 G: 4.9e-07
 Step:  372 E: -1353.746024142275 G: 4.8e-07
 Step:  373 E: -1353.746024142276 G: 4.7e-07
 Step:  374 E: -1353.746024142276 G: 4.5e-07
 Step:  375 E: -1353.746024142275 G: 4.4e-07
 Step:  376 E: -1353.746024142275 G: 4.3e-07
 Step:  377 E: -1353.746024142275 G: 4.1e-07
 Step:  378 E: -1353.746024142275 G: 4.0e-07
 Step:  379 E: -1353.746024142275 G: 3.9e-07
 Step:  380 E: -1353.746024142275 G: 3.8e-07
 Step:  381 E: -1353.746024142275 G: 3.7e-07
 Step:  382 E: -1353.746024142276 G: 3.6e-07
 Step:  383 E: -1353.746024142276 G: 3.5e-07
 Step:  384 E: -1353.746024142276 G: 3.4e-07
 Step:  385 E: -1353.746024142276 G: 3.3e-07
 Step:  386 E: -1353.746024142276 G: 3.2e-07
 Step:  387 E: -1353.746024142275 G: 3.1e-07
 Step:  388 E: -1353.746024142276 G: 3.0e-07
 Step:  389 E: -1353.746024142275 G: 2.9e-07
 Step:  390 E: -1353.746024142276 G: 2.8e-07
 Step:  391 E: -1353.746024142275 G: 2.7e-07
 Step:  392 E: -1353.746024142276 G: 2.7e-07
 Step:  393 E: -1353.746024142276 G: 2.6e-07
 Step:  394 E: -1353.746024142276 G: 2.5e-07
 Step:  395 E: -1353.746024142276 G: 2.4e-07
 Step:  396 E: -1353.746024142275 G: 2.4e-07
 Step:  397 E: -1353.746024142275 G: 2.3e-07
 Step:  398 E: -1353.746024142275 G: 2.2e-07
 Step:  399 E: -1353.746024142276 G: 2.2e-07
 Step:  400 E: -1353.746024142276 G: 2.1e-07
 Step:  401 E: -1353.746024142276 G: 2.0e-07
 Step:  402 E: -1353.746024142276 G: 2.0e-07
 Step:  403 E: -1353.746024142276 G: 1.9e-07
 Step:  404 E: -1353.746024142275 G: 1.9e-07
 Step:  405 E: -1353.746024142276 G: 1.8e-07
 Step:  406 E: -1353.746024142276 G: 1.8e-07
 Step:  407 E: -1353.746024142276 G: 1.7e-07
 Step:  408 E: -1353.746024142275 G: 1.7e-07
 Step:  409 E: -1353.746024142276 G: 1.6e-07
 Step:  410 E: -1353.746024142276 G: 1.6e-07
 Step:  411 E: -1353.746024142276 G: 1.5e-07
 Step:  412 E: -1353.746024142276 G: 1.5e-07
 Step:  413 E: -1353.746024142276 G: 1.4e-07
 Step:  414 E: -1353.746024142276 G: 1.4e-07
 Step:  415 E: -1353.746024142277 G: 1.4e-07
 Step:  416 E: -1353.746024142276 G: 1.3e-07
 Step:  417 E: -1353.746024142276 G: 1.3e-07
 Step:  418 E: -1353.746024142276 G: 1.2e-07
 Step:  419 E: -1353.746024142276 G: 1.2e-07
 Step:  420 E: -1353.746024142275 G: 1.2e-07
 Step:  421 E: -1353.746024142276 G: 1.1e-07
 Step:  422 E: -1353.746024142276 G: 1.1e-07
 Step:  423 E: -1353.746024142276 G: 1.1e-07
 Step:  424 E: -1353.746024142275 G: 1.0e-07
 Step:  425 E: -1353.746024142276 G: 1.0e-07
 Step:  426 E: -1353.746024142276 G: 9.9e-08
 Step:  427 E: -1353.746024142276 G: 9.6e-08
 Step:  428 E: -1353.746024142276 G: 9.3e-08
 Step:  429 E: -1353.746024142275 G: 9.1e-08
 Step:  430 E: -1353.746024142276 G: 8.8e-08
 Step:  431 E: -1353.746024142276 G: 8.5e-08
 Step:  432 E: -1353.746024142276 G: 8.3e-08
 Step:  433 E: -1353.746024142276 G: 8.1e-08
 Step:  434 E: -1353.746024142276 G: 7.8e-08
 Step:  435 E: -1353.746024142275 G: 7.6e-08
 Step:  436 E: -1353.746024142276 G: 7.4e-08
 Step:  437 E: -1353.746024142275 G: 7.2e-08
 Step:  438 E: -1353.746024142276 G: 7.0e-08
 Step:  439 E: -1353.746024142275 G: 6.8e-08
 Step:  440 E: -1353.746024142276 G: 6.6e-08
 Step:  441 E: -1353.746024142276 G: 6.4e-08
 Step:  442 E: -1353.746024142275 G: 6.2e-08
 Step:  443 E: -1353.746024142275 G: 6.0e-08
 Step:  444 E: -1353.746024142275 G: 5.9e-08
 Step:  445 E: -1353.746024142275 G: 5.7e-08
 Step:  446 E: -1353.746024142275 G: 5.5e-08
 Step:  447 E: -1353.746024142276 G: 5.4e-08
 Step:  448 E: -1353.746024142275 G: 5.2e-08
 Step:  449 E: -1353.746024142275 G: 5.1e-08
 Step:  450 E: -1353.746024142275 G: 4.9e-08
 Step:  451 E: -1353.746024142276 G: 4.8e-08
 Step:  452 E: -1353.746024142276 G: 4.6e-08
 Step:  453 E: -1353.746024142276 G: 4.5e-08
 Step:  454 E: -1353.746024142276 G: 4.4e-08
 Step:  455 E: -1353.746024142276 G: 4.3e-08
 Step:  456 E: -1353.746024142276 G: 4.1e-08
 Step:  457 E: -1353.746024142275 G: 4.0e-08
 Step:  458 E: -1353.746024142275 G: 3.9e-08
 Step:  459 E: -1353.746024142276 G: 3.8e-08
 Step:  460 E: -1353.746024142276 G: 3.7e-08
 Step:  461 E: -1353.746024142276 G: 3.6e-08
 Step:  462 E: -1353.746024142276 G: 3.5e-08
 Step:  463 E: -1353.746024142276 G: 3.4e-08
 Step:  464 E: -1353.746024142276 G: 3.3e-08
 Step:  465 E: -1353.746024142276 G: 3.2e-08
 Step:  466 E: -1353.746024142276 G: 3.1e-08
 Step:  467 E: -1353.746024142276 G: 3.0e-08
 Step:  468 E: -1353.746024142275 G: 2.9e-08
 Step:  469 E: -1353.746024142277 G: 2.8e-08
 Step:  470 E: -1353.746024142277 G: 2.8e-08
 Step:  471 E: -1353.746024142276 G: 2.7e-08
 Step:  472 E: -1353.746024142277 G: 2.6e-08
 Step:  473 E: -1353.746024142276 G: 2.5e-08
 Step:  474 E: -1353.746024142276 G: 2.5e-08
 Step:  475 E: -1353.746024142276 G: 2.4e-08
 Step:  476 E: -1353.746024142277 G: 2.3e-08
 Step:  477 E: -1353.746024142276 G: 2.3e-08
 Step:  478 E: -1353.746024142276 G: 2.2e-08
 Step:  479 E: -1353.746024142276 G: 2.1e-08
 Step:  480 E: -1353.746024142275 G: 2.1e-08
 Step:  481 E: -1353.746024142275 G: 2.0e-08
 Step:  482 E: -1353.746024142276 G: 2.0e-08
 Step:  483 E: -1353.746024142276 G: 1.9e-08
 Step:  484 E: -1353.746024142276 G: 1.8e-08
 Step:  485 E: -1353.746024142276 G: 1.8e-08
 Step:  486 E: -1353.746024142276 G: 1.7e-08
 Step:  487 E: -1353.746024142276 G: 1.7e-08
 Step:  488 E: -1353.746024142276 G: 1.6e-08
 Step:  489 E: -1353.746024142276 G: 1.6e-08
 Step:  490 E: -1353.746024142276 G: 1.6e-08
 Step:  491 E: -1353.746024142275 G: 1.5e-08
 Step:  492 E: -1353.746024142276 G: 1.5e-08
 Step:  493 E: -1353.746024142276 G: 1.4e-08
 Step:  494 E: -1353.746024142276 G: 1.4e-08
 Step:  495 E: -1353.746024142276 G: 1.3e-08
 Step:  496 E: -1353.746024142276 G: 1.3e-08
 Step:  497 E: -1353.746024142276 G: 1.3e-08
 Step:  498 E: -1353.746024142276 G: 1.2e-08
 Step:  499 E: -1353.746024142276 G: 1.2e-08
 Step:  500 E: -1353.746024142276 G: 1.2e-08
 Step:  501 E: -1353.746024142276 G: 1.1e-08
 Step:  502 E: -1353.746024142275 G: 1.1e-08
 Step:  503 E: -1353.746024142276 G: 1.1e-08
 Step:  504 E: -1353.746024142275 G: 1.0e-08
 Step:  505 E: -1353.746024142275 G: 1.0e-08
*Step:  506 E: -1353.746024142275 G: 9.8e-09
300.973446 seconds (16.38 M allocations: 72.097 GiB, 2.18% gc time)
 Solve OO-CMF with DIIS
 ooCMF Iter:    1 Total= -1353.582697633298 G=    7.424e-01 #SS:    1
 ooCMF Iter:    2 Total= -1353.735904137461 G=    1.828e-01 #SS:    2
 ooCMF Iter:    3 Total= -1353.742063472793 G=    9.281e-02 #SS:    3
 ooCMF Iter:    4 Total= -1353.744290936907 G=    4.730e-02 #SS:    4
 ooCMF Iter:    5 Total= -1353.744978530555 G=    2.821e-02 #SS:    5
 ooCMF Iter:    6 Total= -1353.745103379637 G=    2.763e-02 #SS:    6
 ooCMF Iter:    7 Total= -1353.745462646153 G=    1.985e-02 #SS:    7
 ooCMF Iter:    8 Total= -1353.745944219179 G=    9.410e-03 #SS:    8
 ooCMF Iter:    9 Total= -1353.746002155992 G=    4.698e-03 #SS:    9
 ooCMF Iter:   10 Total= -1353.746021531981 G=    1.820e-03 #SS:   10
 ooCMF Iter:   11 Total= -1353.746022825225 G=    9.751e-04 #SS:   11
 ooCMF Iter:   12 Total= -1353.746023047573 G=    8.694e-04 #SS:   12
 ooCMF Iter:   13 Total= -1353.746023543838 G=    6.419e-04 #SS:   13
 ooCMF Iter:   14 Total= -1353.746024057887 G=    3.387e-04 #SS:   14
 ooCMF Iter:   15 Total= -1353.746024076427 G=    3.245e-04 #SS:   15
 ooCMF Iter:   16 Total= -1353.746024131927 G=    1.118e-04 #SS:   16
 ooCMF Iter:   17 Total= -1353.746024136025 G=    7.963e-05 #SS:   17
 ooCMF Iter:   18 Total= -1353.746024137264 G=    6.767e-05 #SS:   18
 ooCMF Iter:   19 Total= -1353.746024141114 G=    3.963e-05 #SS:   19
 ooCMF Iter:   20 Total= -1353.746024142177 G=    1.635e-05 #SS:   20
 ooCMF Iter:   21 Total= -1353.746024142248 G=    7.287e-06 #SS:   21
 ooCMF Iter:   22 Total= -1353.746024142263 G=    4.451e-06 #SS:   22
 ooCMF Iter:   23 Total= -1353.746024142263 G=    4.040e-06 #SS:   23
 ooCMF Iter:   24 Total= -1353.746024142265 G=    3.912e-06 #SS:   24
 ooCMF Iter:   25 Total= -1353.746024142271 G=    2.348e-06 #SS:   24
 ooCMF Iter:   26 Total= -1353.746024142271 G=    2.899e-06 #SS:   24
 ooCMF Iter:   27 Total= -1353.746024142276 G=    7.187e-07 #SS:   24
 ooCMF Iter:   28 Total= -1353.746024142276 G=    1.537e-07 #SS:   24
 ooCMF Iter:   29 Total= -1353.746024142277 G=    1.231e-07 #SS:   24
 ooCMF Iter:   30 Total= -1353.746024142277 G=    7.858e-08 #SS:   24
 ooCMF Iter:   31 Total= -1353.746024142276 G=    7.375e-08 #SS:   24
 ooCMF Iter:   32 Total= -1353.746024142277 G=    2.460e-08 #SS:   24
 ooCMF Iter:   33 Total= -1353.746024142277 G=    1.986e-08 #SS:   24
*ooCMF Iter:   34 Total= -1353.746024142277 G=    4.586e-09 #SS:   24
 68.393328 seconds (12.41 M allocations: 13.598 GiB, 1.70% gc time)
 Solve OO-CMF with DIIS
 ooCMF Iter:    1 Total= -1353.745765805814 G=    2.523e-02 #SS:    1
 ooCMF Iter:    2 Total= -1353.746013777996 G=    7.293e-03 #SS:    2
 ooCMF Iter:    3 Total= -1353.746024108754 G=    3.087e-04 #SS:    3
 ooCMF Iter:    4 Total= -1353.746024141669 G=    5.516e-05 #SS:    4
 ooCMF Iter:    5 Total= -1353.746024142275 G=    2.375e-06 #SS:    5
 ooCMF Iter:    6 Total= -1353.746024142277 G=    4.387e-07 #SS:    6
 ooCMF Iter:    7 Total= -1353.746024142276 G=    1.907e-08 #SS:    7
*ooCMF Iter:    8 Total= -1353.746024142277 G=    3.115e-09 #SS:    8
 19.805822 seconds (1.13 M allocations: 4.198 GiB, 1.47% gc time)
 Solve OO-CMF with DIIS
 ooCMF Iter:    1 Total= -1353.745493317466 G=    3.989e-02 #SS:    1
 ooCMF Iter:    2 Total= -1353.746018222087 G=    4.544e-03 #SS:    2
 ooCMF Iter:    3 Total= -1353.746024002420 G=    7.074e-04 #SS:    3
 ooCMF Iter:    4 Total= -1353.746024140415 G=    7.691e-05 #SS:    4
 ooCMF Iter:    5 Total= -1353.746024142244 G=    1.194e-05 #SS:    5
 ooCMF Iter:    6 Total= -1353.746024142277 G=    7.977e-07 #SS:    6
 ooCMF Iter:    7 Total= -1353.746024142277 G=    1.397e-07 #SS:    7
 ooCMF Iter:    8 Total= -1353.746024142276 G=    1.314e-08 #SS:    8
*ooCMF Iter:    9 Total= -1353.746024142276 G=    9.076e-09 #SS:    9
 25.344644 seconds (1.66 M allocations: 4.538 GiB, 1.49% gc time)
 Solve OO-CMF with newton
 Step:    1 E: -1353.508454368890 G:     9.03e-01  
 Step:    2 E: -1353.745493317465 G:     3.99e-02  
 Step:    3 E: -1353.746022737063 G:     2.14e-03  
 Step:    4 E: -1353.746024136208 G:     1.34e-04  
 Step:    5 E: -1353.746024142247 G:     8.74e-06  
 Step:    6 E: -1353.746024142276 G:     5.91e-07  
 Step:    7 E: -1353.746024142277 G:     4.14e-08  
 Step:    8 E: -1353.746024142276 G:     3.10e-09  
 13.218125 seconds (903.79 k allocations: 1.910 GiB, 1.06% gc time)
 Solve OO-CMF with newton
 Step:    1 E: -1353.508454368890 G:     9.03e-01  
 Step:    2 E: -1353.745765805814 G:     2.52e-02  
 Step:    3 E: -1353.746024085684 G:     2.93e-04  
 Step:    4 E: -1353.746024142176 G:     1.12e-05  
 Step:    5 E: -1353.746024142276 G:     5.74e-07  
 Step:    6 E: -1353.746024142277 G:     3.92e-08  
 Step:    7 E: -1353.746024142276 G:     2.95e-09  
  9.128353 seconds (441.27 k allocations: 1.659 GiB, 1.48% gc time)
