IDX001:DIM4096:001|002|003|018|019|020|
IDX002:DIM0016:004|005|
IDX003:DIM4096:006|007|008|009|021|022|
IDX004:DIM0016:010|011|
IDX005:DIM4096:012|013|014|015|023|024|
IDX006:DIM0016:016|017|
 ooCMF Iter:    1 Total= -904.785367396351 Active= -52.461267127611 G=     9.83e-01
 ooCMF Iter:    2 Total= -905.099574194361 Active= -52.775473925621 G=     3.17e-01
 ooCMF Iter:    3 Total= -905.128607819634 Active= -52.804507550894 G=     9.80e-02
 ooCMF Iter:    4 Total= -905.131408434498 Active= -52.807308165758 G=     3.83e-02
 ooCMF Iter:    5 Total= -905.131887704940 Active= -52.807787436200 G=     3.02e-02
 ooCMF Iter:    6 Total= -905.132408747601 Active= -52.808308478861 G=     2.75e-02
 ooCMF Iter:    7 Total= -905.132708036878 Active= -52.808607768138 G=     1.60e-02
 ooCMF Iter:    8 Total= -905.132778376101 Active= -52.808678107361 G=     6.40e-03
 ooCMF Iter:    9 Total= -905.132788531403 Active= -52.808688262663 G=     3.39e-03
 ooCMF Iter:   10 Total= -905.132792605106 Active= -52.808692336366 G=     2.10e-03
 ooCMF Iter:   11 Total= -905.132794452124 Active= -52.808694183384 G=     1.96e-03
 ooCMF Iter:   12 Total= -905.132796158824 Active= -52.808695890084 G=     1.00e-03
 ooCMF Iter:   13 Total= -905.132796431521 Active= -52.808696162781 G=     4.65e-04
 ooCMF Iter:   14 Total= -905.132796517425 Active= -52.808696248685 G=     2.29e-04
 ooCMF Iter:   15 Total= -905.132796533741 Active= -52.808696265000 G=     1.59e-04
 ooCMF Iter:   16 Total= -905.132796543759 Active= -52.808696275018 G=     9.62e-05
 ooCMF Iter:   17 Total= -905.132796547677 Active= -52.808696278936 G=     9.80e-05
 ooCMF Iter:   18 Total= -905.132796549506 Active= -52.808696280766 G=     7.51e-05
 ooCMF Iter:   19 Total= -905.132796550652 Active= -52.808696281912 G=     2.66e-05
 ooCMF Iter:   20 Total= -905.132796550963 Active= -52.808696282223 G=     1.40e-05
 ooCMF Iter:   21 Total= -905.132796551032 Active= -52.808696282292 G=     7.86e-06
 ooCMF Iter:   22 Total= -905.132796551052 Active= -52.808696282312 G=     4.84e-06
 ooCMF Iter:   23 Total= -905.132796551064 Active= -52.808696282324 G=     5.94e-06
 ooCMF Iter:   24 Total= -905.132796551069 Active= -52.808696282329 G=     4.42e-06
 ooCMF Iter:   25 Total= -905.132796551074 Active= -52.808696282333 G=     1.59e-06
 ooCMF Iter:   26 Total= -905.132796551075 Active= -52.808696282334 G=     1.14e-06
 ooCMF Iter:   27 Total= -905.132796551075 Active= -52.808696282335 G=     6.44e-07
 ooCMF Iter:   28 Total= -905.132796551075 Active= -52.808696282334 G=     2.70e-07
 ooCMF Iter:   29 Total= -905.132796551075 Active= -52.808696282335 G=     2.80e-07
 ooCMF Iter:   30 Total= -905.132796551075 Active= -52.808696282335 G=     1.79e-07
 ooCMF Iter:   31 Total= -905.132796551075 Active= -52.808696282335 G=     8.74e-08
 ooCMF Iter:   32 Total= -905.132796551075 Active= -52.808696282334 G=     7.79e-08
 ooCMF Iter:   33 Total= -905.132796551076 Active= -52.808696282335 G=     4.34e-08
 * Status: success

 * Candidate solution
    Final objective value:     -9.051328e+02

 * Found with
    Algorithm:     BFGS

 * Convergence measures
    |x - x'|               = 1.50e-08 ≰ 0.0e+00
    |x - x'|/|x'|          = 8.85e-08 ≰ 0.0e+00
    |f(x) - f(x')|         = 7.96e-13 ≰ 0.0e+00
    |f(x) - f(x')|/|f(x')| = 8.79e-16 ≰ 0.0e+00
    |g(x)|                 = 8.10e-09 ≤ 1.0e-08

 * Work counters
    Seconds run:   64  (vs limit Inf)
    Iterations:    32
    f(x) calls:    69
    ∇f(x) calls:   69

*ooCMF -905.13279655 
 66.758697 seconds (9.47 M allocations: 4.063 GiB, 1.17% gc time, 0.61% compilation time)
 ooCMF Iter:    1 Total= -904.785367396351 Active= -52.461267127611 G=     9.83e-01
 ooCMF Iter:    2 Total= -905.099601053277 Active= -52.775500784537 G=     3.16e-01
 ooCMF Iter:    3 Total= -905.128484727583 Active= -52.804384458843 G=     9.31e-02
 ooCMF Iter:    4 Total= -905.131387556420 Active= -52.807287287679 G=     3.93e-02
 ooCMF Iter:    5 Total= -905.131885806988 Active= -52.807785538248 G=     2.57e-02
 ooCMF Iter:    6 Total= -905.132203916459 Active= -52.808103647718 G=     2.33e-02
 ooCMF Iter:    7 Total= -905.132507775475 Active= -52.808407506735 G=     1.71e-02
 ooCMF Iter:    8 Total= -905.132729188610 Active= -52.808628919870 G=     1.58e-02
 ooCMF Iter:    9 Total= -905.132784178946 Active= -52.808683910206 G=     5.49e-03
 ooCMF Iter:   10 Total= -905.132790399462 Active= -52.808690130721 G=     2.15e-03
 ooCMF Iter:   11 Total= -905.132792348015 Active= -52.808692079274 G=     1.85e-03
 ooCMF Iter:   12 Total= -905.132794332277 Active= -52.808694063537 G=     1.80e-03
 ooCMF Iter:   13 Total= -905.132795967796 Active= -52.808695699056 G=     1.27e-03
 ooCMF Iter:   14 Total= -905.132796430235 Active= -52.808696161494 G=     4.80e-04
 ooCMF Iter:   15 Total= -905.132796502148 Active= -52.808696233407 G=     2.38e-04
 ooCMF Iter:   16 Total= -905.132796526032 Active= -52.808696257292 G=     1.56e-04
 ooCMF Iter:   17 Total= -905.132796536282 Active= -52.808696267542 G=     1.15e-04
 ooCMF Iter:   18 Total= -905.132796543628 Active= -52.808696274888 G=     9.70e-05
 ooCMF Iter:   19 Total= -905.132796549180 Active= -52.808696280439 G=     7.28e-05
 ooCMF Iter:   20 Total= -905.132796550712 Active= -52.808696281971 G=     2.51e-05
 ooCMF Iter:   21 Total= -905.132796550872 Active= -52.808696282132 G=     1.16e-05
 ooCMF Iter:   22 Total= -905.132796550967 Active= -52.808696282227 G=     1.58e-05
 ooCMF Iter:   23 Total= -905.132796551048 Active= -52.808696282308 G=     7.08e-06
 ooCMF Iter:   24 Total= -905.132796551064 Active= -52.808696282324 G=     4.13e-06
 ooCMF Iter:   25 Total= -905.132796551070 Active= -52.808696282330 G=     2.35e-06
 ooCMF Iter:   26 Total= -905.132796551073 Active= -52.808696282332 G=     1.68e-06
 ooCMF Iter:   27 Total= -905.132796551074 Active= -52.808696282333 G=     1.20e-06
 ooCMF Iter:   28 Total= -905.132796551074 Active= -52.808696282334 G=     1.05e-06
 ooCMF Iter:   29 Total= -905.132796551075 Active= -52.808696282335 G=     3.43e-07
 ooCMF Iter:   30 Total= -905.132796551075 Active= -52.808696282335 G=     1.52e-07
 ooCMF Iter:   31 Total= -905.132796551075 Active= -52.808696282335 G=     1.73e-07
 ooCMF Iter:   32 Total= -905.132796551075 Active= -52.808696282335 G=     1.23e-07
 ooCMF Iter:   33 Total= -905.132796551075 Active= -52.808696282335 G=     3.32e-08
 * Status: success

 * Candidate solution
    Final objective value:     -9.051328e+02

 * Found with
    Algorithm:     Conjugate Gradient

 * Convergence measures
    |x - x'|               = 1.95e-08 ≰ 0.0e+00
    |x - x'|/|x'|          = 1.15e-07 ≰ 0.0e+00
    |f(x) - f(x')|         = 4.55e-13 ≰ 0.0e+00
    |f(x) - f(x')|/|f(x')| = 5.02e-16 ≰ 0.0e+00
    |g(x)|                 = 5.77e-09 ≤ 1.0e-08

 * Work counters
    Seconds run:   49  (vs limit Inf)
    Iterations:    32
    f(x) calls:    74
    ∇f(x) calls:   42

*ooCMF -905.13279655 
 51.533833 seconds (7.55 M allocations: 3.066 GiB, 1.27% gc time, 0.93% compilation time)


#Gradient descent
Step:    1 E: -904.785367396351 G: 9.8e-01
 Step:    2 E: -904.874751085357 G: 8.4e-01
 Step:    3 E: -904.939494795640 G: 7.1e-01
 Step:    4 E: -904.986593630791 G: 6.1e-01
 Step:    5 E: -905.021105118792 G: 5.2e-01
 Step:    6 E: -905.046618636112 G: 4.5e-01
 Step:    7 E: -905.065663017979 G: 3.9e-01
 Step:    8 E: -905.080019278890 G: 3.4e-01
 Step:    9 E: -905.090946800738 G: 3.0e-01
 Step:   10 E: -905.099342131338 G: 2.6e-01
 Step:   11 E: -905.105848889831 G: 2.3e-01
 Step:   12 E: -905.110933435672 G: 2.1e-01
 Step:   13 E: -905.114936984171 G: 1.8e-01
 Step:   14 E: -905.118111640254 G: 1.6e-01
 Step:   15 E: -905.120645467553 G: 1.5e-01
 Step:   16 E: -905.122680063133 G: 1.3e-01
 Step:   17 E: -905.124322984055 G: 1.2e-01
 Step:   18 E: -905.125656613796 G: 1.1e-01
 Step:   19 E: -905.126744547566 G: 9.7e-02
 Step:   20 E: -905.127636233894 G: 8.8e-02
 Step:   21 E: -905.128370379899 G: 8.0e-02
 Step:   22 E: -905.128977472120 G: 7.3e-02
 Step:   23 E: -905.129481658895 G: 6.6e-02
 Step:   24 E: -905.129902167761 G: 6.1e-02
 Step:   25 E: -905.130254381245 G: 5.6e-02
 Step:   26 E: -905.130550659520 G: 5.1e-02
 Step:   27 E: -905.130800973984 G: 4.7e-02
 Step:   28 E: -905.131013398455 G: 4.3e-02
 Step:   29 E: -905.131194492352 G: 4.0e-02
 Step:   30 E: -905.131349601353 G: 3.7e-02
 Step:   31 E: -905.131483094557 G: 3.5e-02
 Step:   32 E: -905.131598552504 G: 3.2e-02
 Step:   33 E: -905.131698916904 G: 3.0e-02
 Step:   34 E: -905.131786610391 G: 2.8e-02
 Step:   35 E: -905.131863632660 G: 2.6e-02
 Step:   36 E: -905.131931637934 G: 2.5e-02
 Step:   37 E: -905.131991997578 G: 2.4e-02
 Step:   38 E: -905.132045850872 G: 2.2e-02
 Step:   39 E: -905.132094146282 G: 2.1e-02
 Step:   40 E: -905.132137675102 G: 2.0e-02
 Step:   41 E: -905.132177098934 G: 1.9e-02
 Step:   42 E: -905.132212972191 G: 1.8e-02
 Step:   43 E: -905.132245760540 G: 1.8e-02
 Step:   44 E: -905.132275856080 G: 1.7e-02
 Step:   45 E: -905.132303589807 G: 1.6e-02
 Step:   46 E: -905.132329241908 G: 1.6e-02
 Step:   47 E: -905.132353050256 G: 1.5e-02
 Step:   48 E: -905.132375217423 G: 1.5e-02
 Step:   49 E: -905.132395916495 G: 1.4e-02
 Step:   50 E: -905.132415295880 G: 1.4e-02
 Step:   51 E: -905.132433483304 G: 1.3e-02
 Step:   52 E: -905.132450589124 G: 1.3e-02
 Step:   53 E: -905.132466709087 G: 1.2e-02
 Step:   54 E: -905.132481926625 G: 1.2e-02
 Step:   55 E: -905.132496314761 G: 1.2e-02
 Step:   56 E: -905.132509937705 G: 1.1e-02
 Step:   57 E: -905.132522852190 G: 1.1e-02
 Step:   58 E: -905.132535108572 G: 1.1e-02
 Step:   59 E: -905.132546751776 G: 1.1e-02
 Step:   60 E: -905.132557822060 G: 1.0e-02
 Step:   61 E: -905.132568355684 G: 1.0e-02
 Step:   62 E: -905.132578385452 G: 9.8e-03
 Step:   63 E: -905.132587941172 G: 9.6e-03
 Step:   64 E: -905.132597050057 G: 9.4e-03
 Step:   65 E: -905.132605737044 G: 9.2e-03
 Step:   66 E: -905.132614025081 G: 8.9e-03
 Step:   67 E: -905.132621935360 G: 8.7e-03
 Step:   68 E: -905.132629487519 G: 8.5e-03
 Step:   69 E: -905.132636699811 G: 8.3e-03
 Step:   70 E: -905.132643589261 G: 8.2e-03
 Step:   71 E: -905.132650171779 G: 8.0e-03
 Step:   72 E: -905.132656462277 G: 7.8e-03
 Step:   73 E: -905.132662474764 G: 7.6e-03
 Step:   74 E: -905.132668222420 G: 7.5e-03
 Step:   75 E: -905.132673717673 G: 7.3e-03
 Step:   76 E: -905.132678972262 G: 7.1e-03
 Step:   77 E: -905.132683997285 G: 7.0e-03
 Step:   78 E: -905.132688803253 G: 6.8e-03
 Step:   79 E: -905.132693400131 G: 6.7e-03
 Step:   80 E: -905.132697797377 G: 6.5e-03
 Step:   81 E: -905.132702003972 G: 6.4e-03
 Step:   82 E: -905.132706028456 G: 6.2e-03
 Step:   83 E: -905.132709878950 G: 6.1e-03
 Step:   84 E: -905.132713563191 G: 6.0e-03
 Step:   85 E: -905.132717088542 G: 5.8e-03
 Step:   86 E: -905.132720462021 G: 5.7e-03
 Step:   87 E: -905.132723690318 G: 5.6e-03
 Step:   88 E: -905.132726779815 G: 5.5e-03
 Step:   89 E: -905.132729736598 G: 5.3e-03
 Step:   90 E: -905.132732566477 G: 5.2e-03
 Step:   91 E: -905.132735274996 G: 5.1e-03
 Step:   92 E: -905.132737867450 G: 5.0e-03
 Step:   93 E: -905.132740348892 G: 4.9e-03
 Step:   94 E: -905.132742724154 G: 4.8e-03
 Step:   95 E: -905.132744997849 G: 4.7e-03
 Step:   96 E: -905.132747174383 G: 4.6e-03
 Step:   97 E: -905.132749257967 G: 4.5e-03
 Step:   98 E: -905.132751252628 G: 4.4e-03
 Step:   99 E: -905.132753162211 G: 4.3e-03
 Step:  100 E: -905.132754990396 G: 4.2e-03
 Step:  101 E: -905.132756740697 G: 4.1e-03
 Step:  102 E: -905.132758416474 G: 4.0e-03
 Step:  103 E: -905.132760020941 G: 3.9e-03
 Step:  104 E: -905.132761557171 G: 3.9e-03
 Step:  105 E: -905.132763028101 G: 3.8e-03
 Step:  106 E: -905.132764436539 G: 3.7e-03
 Step:  107 E: -905.132765785175 G: 3.6e-03
 Step:  108 E: -905.132767076576 G: 3.5e-03
 Step:  109 E: -905.132768313203 G: 3.5e-03
 Step:  110 E: -905.132769497403 G: 3.4e-03
 Step:  111 E: -905.132770631425 G: 3.3e-03
 Step:  112 E: -905.132771717420 G: 3.2e-03
 Step:  113 E: -905.132772757446 G: 3.2e-03
 Step:  114 E: -905.132773753471 G: 3.1e-03
 Step:  115 E: -905.132774707375 G: 3.0e-03
 Step:  116 E: -905.132775620963 G: 3.0e-03
 Step:  117 E: -905.132776495956 G: 2.9e-03
 Step:  118 E: -905.132777334002 G: 2.8e-03
 Step:  119 E: -905.132778136679 G: 2.8e-03
 Step:  120 E: -905.132778905495 G: 2.7e-03
 Step:  121 E: -905.132779641895 G: 2.7e-03
 Step:  122 E: -905.132780347262 G: 2.6e-03
 Step:  123 E: -905.132781022915 G: 2.6e-03
 Step:  124 E: -905.132781670121 G: 2.5e-03
 Step:  125 E: -905.132782290089 G: 2.5e-03
 Step:  126 E: -905.132782883981 G: 2.4e-03
 Step:  127 E: -905.132783452901 G: 2.3e-03
 Step:  128 E: -905.132783997913 G: 2.3e-03
 Step:  129 E: -905.132784520031 G: 2.2e-03
 Step:  130 E: -905.132785020226 G: 2.2e-03
 Step:  131 E: -905.132785499431 G: 2.2e-03
 Step:  132 E: -905.132785958533 G: 2.1e-03
 Step:  133 E: -905.132786398385 G: 2.1e-03
 Step:  134 E: -905.132786819802 G: 2.0e-03
 Step:  135 E: -905.132787223564 G: 2.0e-03
 Step:  136 E: -905.132787610422 G: 1.9e-03
 Step:  137 E: -905.132787981086 G: 1.9e-03
 Step:  138 E: -905.132788336243 G: 1.9e-03
 Step:  139 E: -905.132788676549 G: 1.8e-03
 Step:  140 E: -905.132789002628 G: 1.8e-03
 Step:  141 E: -905.132789315085 G: 1.7e-03
 Step:  142 E: -905.132789614492 G: 1.7e-03
 Step:  143 E: -905.132789901400 G: 1.7e-03
 Step:  144 E: -905.132790176335 G: 1.6e-03
 Step:  145 E: -905.132790439803 G: 1.6e-03
 Step:  146 E: -905.132790692286 G: 1.6e-03
 Step:  147 E: -905.132790934247 G: 1.5e-03
 Step:  148 E: -905.132791166128 G: 1.5e-03
 Step:  149 E: -905.132791388353 G: 1.5e-03
 Step:  150 E: -905.132791601330 G: 1.4e-03
 Step:  151 E: -905.132791805444 G: 1.4e-03
 Step:  152 E: -905.132792001070 G: 1.4e-03
 Step:  153 E: -905.132792188563 G: 1.3e-03
 Step:  154 E: -905.132792368265 G: 1.3e-03
 Step:  155 E: -905.132792540502 G: 1.3e-03
 Step:  156 E: -905.132792705588 G: 1.3e-03
 Step:  157 E: -905.132792863822 G: 1.2e-03
 Step:  158 E: -905.132793015491 G: 1.2e-03
 Step:  159 E: -905.132793160869 G: 1.2e-03
 Step:  160 E: -905.132793300221 G: 1.2e-03
 Step:  161 E: -905.132793433799 G: 1.1e-03
 Step:  162 E: -905.132793561843 G: 1.1e-03
 Step:  163 E: -905.132793684584 G: 1.1e-03
 Step:  164 E: -905.132793802246 G: 1.1e-03
 Step:  165 E: -905.132793915039 G: 1.0e-03
 Step:  166 E: -905.132794023167 G: 1.0e-03
 Step:  167 E: -905.132794126825 G: 1.0e-03
 Step:  168 E: -905.132794226199 G: 9.8e-04
 Step:  169 E: -905.132794321466 G: 9.6e-04
 Step:  170 E: -905.132794412800 G: 9.4e-04
 Step:  171 E: -905.132794500364 G: 9.2e-04
 Step:  172 E: -905.132794584314 G: 9.0e-04
 Step:  173 E: -905.132794664801 G: 8.8e-04
 Step:  174 E: -905.132794741968 G: 8.6e-04
 Step:  175 E: -905.132794815955 G: 8.5e-04
 Step:  176 E: -905.132794886894 G: 8.3e-04
 Step:  177 E: -905.132794954909 G: 8.1e-04
 Step:  178 E: -905.132795020125 G: 7.9e-04
 Step:  179 E: -905.132795082656 G: 7.8e-04
 Step:  180 E: -905.132795142613 G: 7.6e-04
 Step:  181 E: -905.132795200106 G: 7.5e-04
 Step:  182 E: -905.132795255233 G: 7.3e-04
 Step:  183 E: -905.132795308094 G: 7.2e-04
 Step:  184 E: -905.132795358784 G: 7.0e-04
 Step:  185 E: -905.132795407391 G: 6.9e-04
 Step:  186 E: -905.132795454003 G: 6.7e-04
 Step:  187 E: -905.132795498701 G: 6.6e-04
 Step:  188 E: -905.132795541565 G: 6.4e-04
 Step:  189 E: -905.132795582671 G: 6.3e-04
 Step:  190 E: -905.132795622092 G: 6.2e-04
 Step:  191 E: -905.132795659896 G: 6.1e-04
 Step:  192 E: -905.132795696150 G: 5.9e-04
 Step:  193 E: -905.132795730921 G: 5.8e-04
 Step:  194 E: -905.132795764266 G: 5.7e-04
 Step:  195 E: -905.132795796247 G: 5.6e-04
 Step:  196 E: -905.132795826920 G: 5.5e-04
 Step:  197 E: -905.132795856337 G: 5.3e-04
 Step:  198 E: -905.132795884550 G: 5.2e-04
 Step:  199 E: -905.132795911611 G: 5.1e-04
 Step:  200 E: -905.132795937565 G: 5.0e-04
 Step:  201 E: -905.132795962460 G: 4.9e-04
 Step:  202 E: -905.132795986337 G: 4.8e-04
 Step:  203 E: -905.132796009239 G: 4.7e-04
 Step:  204 E: -905.132796031207 G: 4.6e-04
 Step:  205 E: -905.132796052278 G: 4.5e-04
 Step:  206 E: -905.132796072489 G: 4.4e-04
 Step:  207 E: -905.132796091876 G: 4.3e-04
 Step:  208 E: -905.132796110473 G: 4.2e-04
 Step:  209 E: -905.132796128311 G: 4.2e-04
 Step:  210 E: -905.132796145423 G: 4.1e-04
 Step:  211 E: -905.132796161839 G: 4.0e-04
 Step:  212 E: -905.132796177585 G: 3.9e-04
 Step:  213 E: -905.132796192690 G: 3.8e-04
 Step:  214 E: -905.132796207181 G: 3.7e-04
 Step:  215 E: -905.132796221082 G: 3.7e-04
 Step:  216 E: -905.132796234418 G: 3.6e-04
 Step:  217 E: -905.132796247211 G: 3.5e-04
 Step:  218 E: -905.132796259484 G: 3.4e-04
 Step:  219 E: -905.132796271258 G: 3.4e-04
 Step:  220 E: -905.132796282555 G: 3.3e-04
 Step:  221 E: -905.132796293393 G: 3.2e-04
 Step:  222 E: -905.132796303790 G: 3.2e-04
 Step:  223 E: -905.132796313766 G: 3.1e-04
 Step:  224 E: -905.132796323337 G: 3.0e-04
 Step:  225 E: -905.132796332519 G: 3.0e-04
 Step:  226 E: -905.132796341329 G: 2.9e-04
 Step:  227 E: -905.132796349782 G: 2.9e-04
 Step:  228 E: -905.132796357892 G: 2.8e-04
 Step:  229 E: -905.132796365674 G: 2.7e-04
 Step:  230 E: -905.132796373139 G: 2.7e-04
 Step:  231 E: -905.132796380303 G: 2.6e-04
 Step:  232 E: -905.132796387177 G: 2.6e-04
 Step:  233 E: -905.132796393773 G: 2.5e-04
 Step:  234 E: -905.132796400101 G: 2.5e-04
 Step:  235 E: -905.132796406173 G: 2.4e-04
 Step:  236 E: -905.132796412001 G: 2.4e-04
 Step:  237 E: -905.132796417592 G: 2.3e-04
 Step:  238 E: -905.132796422958 G: 2.3e-04
 Step:  239 E: -905.132796428106 G: 2.2e-04
 Step:  240 E: -905.132796433046 G: 2.2e-04
 Step:  241 E: -905.132796437787 G: 2.1e-04
 Step:  242 E: -905.132796442337 G: 2.1e-04
 Step:  243 E: -905.132796446703 G: 2.1e-04
 Step:  244 E: -905.132796450892 G: 2.0e-04
 Step:  245 E: -905.132796454913 G: 2.0e-04
 Step:  246 E: -905.132796458771 G: 1.9e-04
 Step:  247 E: -905.132796462474 G: 1.9e-04
 Step:  248 E: -905.132796466026 G: 1.9e-04
 Step:  249 E: -905.132796469436 G: 1.8e-04
 Step:  250 E: -905.132796472709 G: 1.8e-04
 Step:  251 E: -905.132796475850 G: 1.7e-04
 Step:  252 E: -905.132796478864 G: 1.7e-04
 Step:  253 E: -905.132796481758 G: 1.7e-04
 Step:  254 E: -905.132796484534 G: 1.6e-04
 Step:  255 E: -905.132796487198 G: 1.6e-04
 Step:  256 E: -905.132796489756 G: 1.6e-04
 Step:  257 E: -905.132796492210 G: 1.5e-04
 Step:  258 E: -905.132796494565 G: 1.5e-04
 Step:  259 E: -905.132796496827 G: 1.5e-04
 Step:  260 E: -905.132796498997 G: 1.5e-04
 Step:  261 E: -905.132796501079 G: 1.4e-04
 Step:  262 E: -905.132796503079 G: 1.4e-04
 Step:  263 E: -905.132796504997 G: 1.4e-04
 Step:  264 E: -905.132796506839 G: 1.3e-04
 Step:  265 E: -905.132796508607 G: 1.3e-04
 Step:  266 E: -905.132796510303 G: 1.3e-04
 Step:  267 E: -905.132796511932 G: 1.3e-04
 Step:  268 E: -905.132796513496 G: 1.2e-04
 Step:  269 E: -905.132796514997 G: 1.2e-04
 Step:  270 E: -905.132796516436 G: 1.2e-04
 Step:  271 E: -905.132796517820 G: 1.2e-04
 Step:  272 E: -905.132796519146 G: 1.1e-04
 Step:  273 E: -905.132796520420 G: 1.1e-04
 Step:  274 E: -905.132796521643 G: 1.1e-04
 Step:  275 E: -905.132796522817 G: 1.1e-04
 Step:  276 E: -905.132796523944 G: 1.0e-04
 Step:  277 E: -905.132796525025 G: 1.0e-04
 Step:  278 E: -905.132796526064 G: 1.0e-04
 Step:  279 E: -905.132796527061 G: 9.8e-05
 Step:  280 E: -905.132796528019 G: 9.6e-05
 Step:  281 E: -905.132796528937 G: 9.4e-05
 Step:  282 E: -905.132796529818 G: 9.2e-05
 Step:  283 E: -905.132796530665 G: 9.1e-05
 Step:  284 E: -905.132796531477 G: 8.9e-05
 Step:  285 E: -905.132796532258 G: 8.7e-05
 Step:  286 E: -905.132796533006 G: 8.5e-05
 Step:  287 E: -905.132796533726 G: 8.4e-05
 Step:  288 E: -905.132796534416 G: 8.2e-05
 Step:  289 E: -905.132796535079 G: 8.0e-05
 Step:  290 E: -905.132796535714 G: 7.9e-05
 Step:  291 E: -905.132796536325 G: 7.7e-05
 Step:  292 E: -905.132796536913 G: 7.5e-05
 Step:  293 E: -905.132796537476 G: 7.4e-05
 Step:  294 E: -905.132796538016 G: 7.2e-05
 Step:  295 E: -905.132796538535 G: 7.1e-05
 Step:  296 E: -905.132796539033 G: 7.0e-05
 Step:  297 E: -905.132796539512 G: 6.8e-05
 Step:  298 E: -905.132796539971 G: 6.7e-05
 Step:  299 E: -905.132796540412 G: 6.5e-05
 Step:  300 E: -905.132796540835 G: 6.4e-05
 Step:  301 E: -905.132796541242 G: 6.3e-05
 Step:  302 E: -905.132796541632 G: 6.2e-05
 Step:  303 E: -905.132796542007 G: 6.0e-05
 Step:  304 E: -905.132796542367 G: 5.9e-05
 Step:  305 E: -905.132796542713 G: 5.8e-05
 Step:  306 E: -905.132796543044 G: 5.7e-05
 Step:  307 E: -905.132796543363 G: 5.6e-05
 Step:  308 E: -905.132796543668 G: 5.4e-05
 Step:  309 E: -905.132796543962 G: 5.3e-05
 Step:  310 E: -905.132796544245 G: 5.2e-05
 Step:  311 E: -905.132796544515 G: 5.1e-05
 Step:  312 E: -905.132796544775 G: 5.0e-05
 Step:  313 E: -905.132796545024 G: 4.9e-05
 Step:  314 E: -905.132796545264 G: 4.8e-05
 Step:  315 E: -905.132796545495 G: 4.7e-05
 Step:  316 E: -905.132796545715 G: 4.6e-05
 Step:  317 E: -905.132796545927 G: 4.5e-05
 Step:  318 E: -905.132796546132 G: 4.4e-05
 Step:  319 E: -905.132796546328 G: 4.4e-05
 Step:  320 E: -905.132796546515 G: 4.3e-05
 Step:  321 E: -905.132796546695 G: 4.2e-05
 Step:  322 E: -905.132796546870 G: 4.1e-05
 Step:  323 E: -905.132796547036 G: 4.0e-05
 Step:  324 E: -905.132796547195 G: 3.9e-05
 Step:  325 E: -905.132796547349 G: 3.9e-05
 Step:  326 E: -905.132796547496 G: 3.8e-05
 Step:  327 E: -905.132796547637 G: 3.7e-05
 Step:  328 E: -905.132796547773 G: 3.6e-05
 Step:  329 E: -905.132796547904 G: 3.6e-05
 Step:  330 E: -905.132796548030 G: 3.5e-05
 Step:  331 E: -905.132796548150 G: 3.4e-05
 Step:  332 E: -905.132796548266 G: 3.3e-05
 Step:  333 E: -905.132796548376 G: 3.3e-05
 Step:  334 E: -905.132796548483 G: 3.2e-05
 Step:  335 E: -905.132796548586 G: 3.2e-05
 Step:  336 E: -905.132796548684 G: 3.1e-05
 Step:  337 E: -905.132796548778 G: 3.0e-05
 Step:  338 E: -905.132796548869 G: 3.0e-05
 Step:  339 E: -905.132796548957 G: 2.9e-05
 Step:  340 E: -905.132796549039 G: 2.8e-05
 Step:  341 E: -905.132796549120 G: 2.8e-05
 Step:  342 E: -905.132796549198 G: 2.7e-05
 Step:  343 E: -905.132796549272 G: 2.7e-05
 Step:  344 E: -905.132796549342 G: 2.6e-05
 Step:  345 E: -905.132796549411 G: 2.6e-05
 Step:  346 E: -905.132796549476 G: 2.5e-05
 Step:  347 E: -905.132796549539 G: 2.5e-05
 Step:  348 E: -905.132796549600 G: 2.4e-05
 Step:  349 E: -905.132796549658 G: 2.4e-05
 Step:  350 E: -905.132796549714 G: 2.3e-05
 Step:  351 E: -905.132796549767 G: 2.3e-05
 Step:  352 E: -905.132796549819 G: 2.2e-05
 Step:  353 E: -905.132796549868 G: 2.2e-05
 Step:  354 E: -905.132796549916 G: 2.1e-05
 Step:  355 E: -905.132796549962 G: 2.1e-05
 Step:  356 E: -905.132796550005 G: 2.1e-05
 Step:  357 E: -905.132796550048 G: 2.0e-05
 Step:  358 E: -905.132796550088 G: 2.0e-05
 Step:  359 E: -905.132796550127 G: 1.9e-05
 Step:  360 E: -905.132796550164 G: 1.9e-05
 Step:  361 E: -905.132796550201 G: 1.9e-05
 Step:  362 E: -905.132796550235 G: 1.8e-05
 Step:  363 E: -905.132796550268 G: 1.8e-05
 Step:  364 E: -905.132796550300 G: 1.8e-05
 Step:  365 E: -905.132796550330 G: 1.7e-05
 Step:  366 E: -905.132796550360 G: 1.7e-05
 Step:  367 E: -905.132796550387 G: 1.7e-05
 Step:  368 E: -905.132796550414 G: 1.6e-05
 Step:  369 E: -905.132796550441 G: 1.6e-05
 Step:  370 E: -905.132796550466 G: 1.6e-05
 Step:  371 E: -905.132796550490 G: 1.5e-05
 Step:  372 E: -905.132796550512 G: 1.5e-05
 Step:  373 E: -905.132796550534 G: 1.5e-05
 Step:  374 E: -905.132796550556 G: 1.4e-05
 Step:  375 E: -905.132796550576 G: 1.4e-05
 Step:  376 E: -905.132796550596 G: 1.4e-05
 Step:  377 E: -905.132796550614 G: 1.4e-05
 Step:  378 E: -905.132796550633 G: 1.3e-05
 Step:  379 E: -905.132796550650 G: 1.3e-05
 Step:  380 E: -905.132796550667 G: 1.3e-05
 Step:  381 E: -905.132796550682 G: 1.2e-05
 Step:  382 E: -905.132796550699 G: 1.2e-05
 Step:  383 E: -905.132796550713 G: 1.2e-05
 Step:  384 E: -905.132796550727 G: 1.2e-05
 Step:  385 E: -905.132796550741 G: 1.2e-05
 Step:  386 E: -905.132796550754 G: 1.1e-05
 Step:  387 E: -905.132796550767 G: 1.1e-05
 Step:  388 E: -905.132796550778 G: 1.1e-05
 Step:  389 E: -905.132796550791 G: 1.1e-05
 Step:  390 E: -905.132796550802 G: 1.0e-05
 Step:  391 E: -905.132796550812 G: 1.0e-05
 Step:  392 E: -905.132796550823 G: 1.0e-05
 Step:  393 E: -905.132796550832 G: 9.8e-06
 Step:  394 E: -905.132796550842 G: 9.6e-06
 Step:  395 E: -905.132796550851 G: 9.4e-06
 Step:  396 E: -905.132796550860 G: 9.2e-06
 Step:  397 E: -905.132796550869 G: 9.0e-06
 Step:  398 E: -905.132796550876 G: 8.9e-06
 Step:  399 E: -905.132796550885 G: 8.7e-06
 Step:  400 E: -905.132796550891 G: 8.5e-06
 Step:  401 E: -905.132796550899 G: 8.4e-06
 Step:  402 E: -905.132796550905 G: 8.2e-06
 Step:  403 E: -905.132796550912 G: 8.0e-06
 Step:  404 E: -905.132796550919 G: 7.9e-06
 Step:  405 E: -905.132796550925 G: 7.7e-06
 Step:  406 E: -905.132796550931 G: 7.6e-06
 Step:  407 E: -905.132796550937 G: 7.4e-06
 Step:  408 E: -905.132796550942 G: 7.3e-06
 Step:  409 E: -905.132796550948 G: 7.1e-06
 Step:  410 E: -905.132796550953 G: 7.0e-06
 Step:  411 E: -905.132796550957 G: 6.8e-06
 Step:  412 E: -905.132796550961 G: 6.7e-06
 Step:  413 E: -905.132796550966 G: 6.6e-06
 Step:  414 E: -905.132796550970 G: 6.4e-06
 Step:  415 E: -905.132796550974 G: 6.3e-06
 Step:  416 E: -905.132796550978 G: 6.2e-06
 Step:  417 E: -905.132796550982 G: 6.1e-06
 Step:  418 E: -905.132796550986 G: 5.9e-06
 Step:  419 E: -905.132796550990 G: 5.8e-06
 Step:  420 E: -905.132796550992 G: 5.7e-06
 Step:  421 E: -905.132796550996 G: 5.6e-06
 Step:  422 E: -905.132796550999 G: 5.5e-06
 Step:  423 E: -905.132796551002 G: 5.4e-06
 Step:  424 E: -905.132796551005 G: 5.3e-06
 Step:  425 E: -905.132796551007 G: 5.2e-06
 Step:  426 E: -905.132796551010 G: 5.1e-06
 Step:  427 E: -905.132796551013 G: 5.0e-06
 Step:  428 E: -905.132796551015 G: 4.9e-06
 Step:  429 E: -905.132796551017 G: 4.8e-06
 Step:  430 E: -905.132796551020 G: 4.7e-06
 Step:  431 E: -905.132796551021 G: 4.6e-06
 Step:  432 E: -905.132796551024 G: 4.5e-06
 Step:  433 E: -905.132796551026 G: 4.4e-06
 Step:  434 E: -905.132796551028 G: 4.3e-06
 Step:  435 E: -905.132796551030 G: 4.2e-06
 Step:  436 E: -905.132796551031 G: 4.1e-06
 Step:  437 E: -905.132796551033 G: 4.1e-06
 Step:  438 E: -905.132796551034 G: 4.0e-06
 Step:  439 E: -905.132796551036 G: 3.9e-06
 Step:  440 E: -905.132796551038 G: 3.8e-06
 Step:  441 E: -905.132796551039 G: 3.8e-06
 Step:  442 E: -905.132796551041 G: 3.7e-06
 Step:  443 E: -905.132796551042 G: 3.6e-06
 Step:  444 E: -905.132796551043 G: 3.5e-06
 Step:  445 E: -905.132796551045 G: 3.5e-06
 Step:  446 E: -905.132796551046 G: 3.4e-06
 Step:  447 E: -905.132796551047 G: 3.3e-06
 Step:  448 E: -905.132796551048 G: 3.3e-06
 Step:  449 E: -905.132796551049 G: 3.2e-06
 Step:  450 E: -905.132796551050 G: 3.1e-06
 Step:  451 E: -905.132796551051 G: 3.1e-06
 Step:  452 E: -905.132796551052 G: 3.0e-06
 Step:  453 E: -905.132796551053 G: 3.0e-06
 Step:  454 E: -905.132796551054 G: 2.9e-06
 Step:  455 E: -905.132796551055 G: 2.8e-06
 Step:  456 E: -905.132796551055 G: 2.8e-06
 Step:  457 E: -905.132796551056 G: 2.7e-06
 Step:  458 E: -905.132796551057 G: 2.7e-06
 Step:  459 E: -905.132796551057 G: 2.6e-06
 Step:  460 E: -905.132796551059 G: 2.6e-06
 Step:  461 E: -905.132796551058 G: 2.5e-06
 Step:  462 E: -905.132796551060 G: 2.5e-06
 Step:  463 E: -905.132796551060 G: 2.4e-06
 Step:  464 E: -905.132796551060 G: 2.4e-06
 Step:  465 E: -905.132796551061 G: 2.3e-06
 Step:  466 E: -905.132796551062 G: 2.3e-06
 Step:  467 E: -905.132796551063 G: 2.2e-06
 Step:  468 E: -905.132796551062 G: 2.2e-06
 Step:  469 E: -905.132796551063 G: 2.1e-06
 Step:  470 E: -905.132796551064 G: 2.1e-06
 Step:  471 E: -905.132796551064 G: 2.1e-06
 Step:  472 E: -905.132796551065 G: 2.0e-06
 Step:  473 E: -905.132796551065 G: 2.0e-06
 Step:  474 E: -905.132796551065 G: 1.9e-06
 Step:  475 E: -905.132796551066 G: 1.9e-06
 Step:  476 E: -905.132796551066 G: 1.9e-06
 Step:  477 E: -905.132796551066 G: 1.8e-06
 Step:  478 E: -905.132796551067 G: 1.8e-06
 Step:  479 E: -905.132796551068 G: 1.8e-06
 Step:  480 E: -905.132796551068 G: 1.7e-06
 Step:  481 E: -905.132796551067 G: 1.7e-06
 Step:  482 E: -905.132796551068 G: 1.7e-06
 Step:  483 E: -905.132796551068 G: 1.6e-06
 Step:  484 E: -905.132796551069 G: 1.6e-06
 Step:  485 E: -905.132796551069 G: 1.6e-06
 Step:  486 E: -905.132796551069 G: 1.5e-06
 Step:  487 E: -905.132796551069 G: 1.5e-06
 Step:  488 E: -905.132796551070 G: 1.5e-06
 Step:  489 E: -905.132796551070 G: 1.4e-06
 Step:  490 E: -905.132796551069 G: 1.4e-06
 Step:  491 E: -905.132796551070 G: 1.4e-06
 Step:  492 E: -905.132796551070 G: 1.4e-06
 Step:  493 E: -905.132796551071 G: 1.3e-06
 Step:  494 E: -905.132796551071 G: 1.3e-06
 Step:  495 E: -905.132796551070 G: 1.3e-06
 Step:  496 E: -905.132796551071 G: 1.3e-06
 Step:  497 E: -905.132796551071 G: 1.2e-06
 Step:  498 E: -905.132796551071 G: 1.2e-06
 Step:  499 E: -905.132796551071 G: 1.2e-06
 Step:  500 E: -905.132796551071 G: 1.2e-06
 Step:  501 E: -905.132796551072 G: 1.1e-06
 Step:  502 E: -905.132796551072 G: 1.1e-06
 Step:  503 E: -905.132796551072 G: 1.1e-06
 Step:  504 E: -905.132796551072 G: 1.1e-06
 Step:  505 E: -905.132796551073 G: 1.0e-06
 Step:  506 E: -905.132796551072 G: 1.0e-06
 Step:  507 E: -905.132796551072 G: 1.0e-06
 Step:  508 E: -905.132796551072 G: 9.9e-07
 Step:  509 E: -905.132796551073 G: 9.7e-07
 Step:  510 E: -905.132796551072 G: 9.5e-07
 Step:  511 E: -905.132796551073 G: 9.3e-07
 Step:  512 E: -905.132796551072 G: 9.1e-07
 Step:  513 E: -905.132796551073 G: 9.0e-07
 Step:  514 E: -905.132796551073 G: 8.8e-07
 Step:  515 E: -905.132796551073 G: 8.6e-07
 Step:  516 E: -905.132796551073 G: 8.4e-07
 Step:  517 E: -905.132796551074 G: 8.3e-07
 Step:  518 E: -905.132796551073 G: 8.1e-07
 Step:  519 E: -905.132796551074 G: 8.0e-07
 Step:  520 E: -905.132796551074 G: 7.8e-07
 Step:  521 E: -905.132796551074 G: 7.6e-07
 Step:  522 E: -905.132796551073 G: 7.5e-07
 Step:  523 E: -905.132796551074 G: 7.3e-07
 Step:  524 E: -905.132796551073 G: 7.2e-07
 Step:  525 E: -905.132796551074 G: 7.1e-07
 Step:  526 E: -905.132796551073 G: 6.9e-07
 Step:  527 E: -905.132796551073 G: 6.8e-07
 Step:  528 E: -905.132796551074 G: 6.7e-07
 Step:  529 E: -905.132796551074 G: 6.5e-07
 Step:  530 E: -905.132796551074 G: 6.4e-07
 Step:  531 E: -905.132796551074 G: 6.3e-07
 Step:  532 E: -905.132796551074 G: 6.1e-07
 Step:  533 E: -905.132796551074 G: 6.0e-07
 Step:  534 E: -905.132796551074 G: 5.9e-07
 Step:  535 E: -905.132796551074 G: 5.8e-07
 Step:  536 E: -905.132796551074 G: 5.7e-07
 Step:  537 E: -905.132796551074 G: 5.6e-07
 Step:  538 E: -905.132796551074 G: 5.5e-07
 Step:  539 E: -905.132796551074 G: 5.3e-07
 Step:  540 E: -905.132796551074 G: 5.2e-07
 Step:  541 E: -905.132796551074 G: 5.1e-07
 Step:  542 E: -905.132796551074 G: 5.0e-07
 Step:  543 E: -905.132796551075 G: 4.9e-07
 Step:  544 E: -905.132796551074 G: 4.8e-07
 Step:  545 E: -905.132796551075 G: 4.7e-07
 Step:  546 E: -905.132796551074 G: 4.7e-07
 Step:  547 E: -905.132796551074 G: 4.6e-07
 Step:  548 E: -905.132796551074 G: 4.5e-07
 Step:  549 E: -905.132796551075 G: 4.4e-07
 Step:  550 E: -905.132796551074 G: 4.3e-07
 Step:  551 E: -905.132796551074 G: 4.2e-07
 Step:  552 E: -905.132796551074 G: 4.1e-07
 Step:  553 E: -905.132796551075 G: 4.1e-07
 Step:  554 E: -905.132796551075 G: 4.0e-07
 Step:  555 E: -905.132796551075 G: 3.9e-07
 Step:  556 E: -905.132796551075 G: 3.8e-07
 Step:  557 E: -905.132796551074 G: 3.7e-07
 Step:  558 E: -905.132796551075 G: 3.7e-07
 Step:  559 E: -905.132796551075 G: 3.6e-07
 Step:  560 E: -905.132796551075 G: 3.5e-07
 Step:  561 E: -905.132796551075 G: 3.5e-07
 Step:  562 E: -905.132796551074 G: 3.4e-07
 Step:  563 E: -905.132796551075 G: 3.3e-07
 Step:  564 E: -905.132796551075 G: 3.3e-07
 Step:  565 E: -905.132796551075 G: 3.2e-07
 Step:  566 E: -905.132796551075 G: 3.1e-07
 Step:  567 E: -905.132796551075 G: 3.1e-07
 Step:  568 E: -905.132796551075 G: 3.0e-07
 Step:  569 E: -905.132796551075 G: 3.0e-07
 Step:  570 E: -905.132796551075 G: 2.9e-07
 Step:  571 E: -905.132796551075 G: 2.8e-07
 Step:  572 E: -905.132796551074 G: 2.8e-07
 Step:  573 E: -905.132796551075 G: 2.7e-07
 Step:  574 E: -905.132796551075 G: 2.7e-07
 Step:  575 E: -905.132796551075 G: 2.6e-07
 Step:  576 E: -905.132796551075 G: 2.6e-07
 Step:  577 E: -905.132796551075 G: 2.5e-07
 Step:  578 E: -905.132796551075 G: 2.5e-07
 Step:  579 E: -905.132796551075 G: 2.4e-07
 Step:  580 E: -905.132796551075 G: 2.4e-07
 Step:  581 E: -905.132796551075 G: 2.3e-07
 Step:  582 E: -905.132796551075 G: 2.3e-07
 Step:  583 E: -905.132796551075 G: 2.2e-07
 Step:  584 E: -905.132796551076 G: 2.2e-07
 Step:  585 E: -905.132796551075 G: 2.2e-07
 Step:  586 E: -905.132796551075 G: 2.1e-07
 Step:  587 E: -905.132796551076 G: 2.1e-07
 Step:  588 E: -905.132796551075 G: 2.0e-07
 Step:  589 E: -905.132796551075 G: 2.0e-07
 Step:  590 E: -905.132796551075 G: 2.0e-07
 Step:  591 E: -905.132796551075 G: 1.9e-07
 Step:  592 E: -905.132796551075 G: 1.9e-07
 Step:  593 E: -905.132796551075 G: 1.8e-07
 Step:  594 E: -905.132796551075 G: 1.8e-07
 Step:  595 E: -905.132796551075 G: 1.8e-07
 Step:  596 E: -905.132796551075 G: 1.7e-07
 Step:  597 E: -905.132796551075 G: 1.7e-07
 Step:  598 E: -905.132796551076 G: 1.7e-07
 Step:  599 E: -905.132796551076 G: 1.6e-07
 Step:  600 E: -905.132796551075 G: 1.6e-07
 Step:  601 E: -905.132796551075 G: 1.6e-07
 Step:  602 E: -905.132796551075 G: 1.5e-07
 Step:  603 E: -905.132796551075 G: 1.5e-07
 Step:  604 E: -905.132796551075 G: 1.5e-07
 Step:  605 E: -905.132796551075 G: 1.5e-07
 Step:  606 E: -905.132796551075 G: 1.4e-07
 Step:  607 E: -905.132796551075 G: 1.4e-07
 Step:  608 E: -905.132796551075 G: 1.4e-07
 Step:  609 E: -905.132796551075 G: 1.3e-07
 Step:  610 E: -905.132796551075 G: 1.3e-07
 Step:  611 E: -905.132796551075 G: 1.3e-07
 Step:  612 E: -905.132796551075 G: 1.3e-07
 Step:  613 E: -905.132796551075 G: 1.2e-07
 Step:  614 E: -905.132796551075 G: 1.2e-07
 Step:  615 E: -905.132796551075 G: 1.2e-07
 Step:  616 E: -905.132796551074 G: 1.2e-07
 Step:  617 E: -905.132796551075 G: 1.1e-07
 Step:  618 E: -905.132796551075 G: 1.1e-07
 Step:  619 E: -905.132796551076 G: 1.1e-07
 Step:  620 E: -905.132796551075 G: 1.1e-07
 Step:  621 E: -905.132796551075 G: 1.1e-07
 Step:  622 E: -905.132796551075 G: 1.0e-07
 Step:  623 E: -905.132796551075 G: 1.0e-07
 Step:  624 E: -905.132796551075 G: 1.0e-07
 Step:  625 E: -905.132796551075 G: 9.8e-08
 Step:  626 E: -905.132796551075 G: 9.6e-08
 Step:  627 E: -905.132796551075 G: 9.4e-08
 Step:  628 E: -905.132796551075 G: 9.2e-08
 Step:  629 E: -905.132796551074 G: 9.0e-08
 Step:  630 E: -905.132796551075 G: 8.9e-08
 Step:  631 E: -905.132796551075 G: 8.7e-08
 Step:  632 E: -905.132796551075 G: 8.5e-08
 Step:  633 E: -905.132796551075 G: 8.4e-08
 Step:  634 E: -905.132796551075 G: 8.2e-08
 Step:  635 E: -905.132796551075 G: 8.0e-08
 Step:  636 E: -905.132796551075 G: 7.9e-08
 Step:  637 E: -905.132796551075 G: 7.7e-08
 Step:  638 E: -905.132796551075 G: 7.6e-08
 Step:  639 E: -905.132796551075 G: 7.4e-08
 Step:  640 E: -905.132796551076 G: 7.3e-08
 Step:  641 E: -905.132796551075 G: 7.1e-08
 Step:  642 E: -905.132796551075 G: 7.0e-08
 Step:  643 E: -905.132796551075 G: 6.9e-08
 Step:  644 E: -905.132796551075 G: 6.7e-08
 Step:  645 E: -905.132796551075 G: 6.6e-08
 Step:  646 E: -905.132796551074 G: 6.5e-08
 Step:  647 E: -905.132796551075 G: 6.3e-08
 Step:  648 E: -905.132796551075 G: 6.2e-08
 Step:  649 E: -905.132796551075 G: 6.1e-08
 Step:  650 E: -905.132796551075 G: 6.0e-08
 Step:  651 E: -905.132796551075 G: 5.9e-08
 Step:  652 E: -905.132796551075 G: 5.7e-08
 Step:  653 E: -905.132796551075 G: 5.6e-08
 Step:  654 E: -905.132796551075 G: 5.5e-08
 Step:  655 E: -905.132796551075 G: 5.4e-08
 Step:  656 E: -905.132796551075 G: 5.3e-08
 Step:  657 E: -905.132796551075 G: 5.2e-08
 Step:  658 E: -905.132796551075 G: 5.1e-08
 Step:  659 E: -905.132796551075 G: 5.0e-08
 Step:  660 E: -905.132796551075 G: 4.9e-08
 Step:  661 E: -905.132796551075 G: 4.8e-08
 Step:  662 E: -905.132796551075 G: 4.7e-08
 Step:  663 E: -905.132796551076 G: 4.6e-08
 Step:  664 E: -905.132796551075 G: 4.5e-08
 Step:  665 E: -905.132796551075 G: 4.4e-08
 Step:  666 E: -905.132796551075 G: 4.4e-08
 Step:  667 E: -905.132796551074 G: 4.3e-08
 Step:  668 E: -905.132796551075 G: 4.2e-08
 Step:  669 E: -905.132796551075 G: 4.1e-08
 Step:  670 E: -905.132796551075 G: 4.0e-08
 Step:  671 E: -905.132796551075 G: 4.0e-08
 Step:  672 E: -905.132796551075 G: 3.9e-08
 Step:  673 E: -905.132796551075 G: 3.8e-08
 Step:  674 E: -905.132796551075 G: 3.7e-08
 Step:  675 E: -905.132796551075 G: 3.7e-08
 Step:  676 E: -905.132796551075 G: 3.6e-08
 Step:  677 E: -905.132796551075 G: 3.5e-08
 Step:  678 E: -905.132796551075 G: 3.4e-08
 Step:  679 E: -905.132796551075 G: 3.4e-08
 Step:  680 E: -905.132796551075 G: 3.3e-08
 Step:  681 E: -905.132796551074 G: 3.2e-08
 Step:  682 E: -905.132796551074 G: 3.2e-08
 Step:  683 E: -905.132796551075 G: 3.1e-08
 Step:  684 E: -905.132796551075 G: 3.1e-08
 Step:  685 E: -905.132796551075 G: 3.0e-08
 Step:  686 E: -905.132796551075 G: 2.9e-08
 Step:  687 E: -905.132796551074 G: 2.9e-08
 Step:  688 E: -905.132796551075 G: 2.8e-08
 Step:  689 E: -905.132796551075 G: 2.8e-08
 Step:  690 E: -905.132796551075 G: 2.7e-08
 Step:  691 E: -905.132796551075 G: 2.7e-08
 Step:  692 E: -905.132796551075 G: 2.6e-08
 Step:  693 E: -905.132796551074 G: 2.6e-08
 Step:  694 E: -905.132796551075 G: 2.5e-08
 Step:  695 E: -905.132796551075 G: 2.5e-08
 Step:  696 E: -905.132796551075 G: 2.4e-08
 Step:  697 E: -905.132796551075 G: 2.4e-08
 Step:  698 E: -905.132796551075 G: 2.3e-08
 Step:  699 E: -905.132796551074 G: 2.3e-08
 Step:  700 E: -905.132796551075 G: 2.2e-08
 Step:  701 E: -905.132796551075 G: 2.2e-08
 Step:  702 E: -905.132796551075 G: 2.1e-08
 Step:  703 E: -905.132796551075 G: 2.1e-08
 Step:  704 E: -905.132796551074 G: 2.1e-08
 Step:  705 E: -905.132796551075 G: 2.0e-08
 Step:  706 E: -905.132796551075 G: 2.0e-08
 Step:  707 E: -905.132796551074 G: 1.9e-08
 Step:  708 E: -905.132796551075 G: 1.9e-08
 Step:  709 E: -905.132796551074 G: 1.9e-08
 Step:  710 E: -905.132796551075 G: 1.8e-08
 Step:  711 E: -905.132796551075 G: 1.8e-08
 Step:  712 E: -905.132796551074 G: 1.8e-08
 Step:  713 E: -905.132796551075 G: 1.7e-08
 Step:  714 E: -905.132796551075 G: 1.7e-08
 Step:  715 E: -905.132796551075 G: 1.7e-08
 Step:  716 E: -905.132796551075 G: 1.6e-08
 Step:  717 E: -905.132796551075 G: 1.6e-08
 Step:  718 E: -905.132796551075 G: 1.6e-08
 Step:  719 E: -905.132796551075 G: 1.5e-08
 Step:  720 E: -905.132796551075 G: 1.5e-08
 Step:  721 E: -905.132796551075 G: 1.5e-08
 Step:  722 E: -905.132796551075 G: 1.4e-08
 Step:  723 E: -905.132796551075 G: 1.4e-08
 Step:  724 E: -905.132796551075 G: 1.4e-08
 Step:  725 E: -905.132796551075 G: 1.4e-08
 Step:  726 E: -905.132796551075 G: 1.3e-08
 Step:  727 E: -905.132796551075 G: 1.3e-08
 Step:  728 E: -905.132796551075 G: 1.3e-08
 Step:  729 E: -905.132796551075 G: 1.3e-08
 Step:  730 E: -905.132796551075 G: 1.2e-08
 Step:  731 E: -905.132796551075 G: 1.2e-08
 Step:  732 E: -905.132796551075 G: 1.2e-08
 Step:  733 E: -905.132796551074 G: 1.2e-08
 Step:  734 E: -905.132796551075 G: 1.1e-08
 Step:  735 E: -905.132796551075 G: 1.1e-08
 Step:  736 E: -905.132796551075 G: 1.1e-08
 Step:  737 E: -905.132796551075 G: 1.1e-08
 Step:  738 E: -905.132796551075 G: 1.1e-08
 Step:  739 E: -905.132796551075 G: 1.0e-08
 Step:  740 E: -905.132796551074 G: 1.0e-08
*Step:  741 E: -905.132796551075 G: 1.0e-08
250.881729 seconds (63.02 M allocations: 25.869 GiB, 2.19% gc time, 6.31% compilation time)
IDX001:DIM4096:001|002|003|018|019|020|
IDX002:DIM0016:004|005|
IDX003:DIM4096:006|007|008|009|021|022|
IDX004:DIM0016:010|011|
IDX005:DIM4096:012|013|014|015|023|024|
IDX006:DIM0016:016|017|
 Solve OO-CMF with DIIS with gradient only
Overwritten attributes  conv_tol_residual  of <class 'pyscf.fci.direct_spin1.FCISolver'>
 ooCMF Iter:    1 Total= -904.874751085357 G=    8.363e-01 step_norm=    9.829e-02 #SS:    1
 ooCMF Iter:    2 Total= -905.106191242579 G=    2.502e-01 step_norm=    6.095e-01 #SS:    2
 ooCMF Iter:    3 Total= -905.117358567589 G=    1.655e-01 step_norm=    6.129e-01 #SS:    3
 ooCMF Iter:    4 Total= -905.129006218552 G=    7.307e-02 step_norm=    7.176e-01 #SS:    4
 ooCMF Iter:    5 Total= -905.130533617178 G=    5.495e-02 step_norm=    7.880e-01 #SS:    5
 ooCMF Iter:    6 Total= -905.131444283451 G=    2.929e-02 step_norm=    7.423e-01 #SS:    6
 ooCMF Iter:    7 Total= -905.131820607144 G=    2.523e-02 step_norm=    7.627e-01 #SS:    7
 ooCMF Iter:    8 Total= -905.131706914911 G=    3.435e-02 step_norm=    7.809e-01 #SS:    8
 ooCMF Iter:    9 Total= -905.132104352045 G=    2.786e-02 step_norm=    7.771e-01 #SS:    9
 ooCMF Iter:   10 Total= -905.132355873115 G=    2.649e-02 step_norm=    7.809e-01 #SS:   10
 ooCMF Iter:   11 Total= -905.132717714764 G=    1.057e-02 step_norm=    7.691e-01 #SS:   11
 ooCMF Iter:   12 Total= -905.132765896489 G=    5.772e-03 step_norm=    7.662e-01 #SS:   12
 ooCMF Iter:   13 Total= -905.132786563675 G=    2.432e-03 step_norm=    7.636e-01 #SS:   13
 ooCMF Iter:   14 Total= -905.132789636534 G=    1.888e-03 step_norm=    7.630e-01 #SS:   14
 ooCMF Iter:   15 Total= -905.132791300666 G=    1.720e-03 step_norm=    7.629e-01 #SS:   15
 ooCMF Iter:   16 Total= -905.132795435362 G=    1.036e-03 step_norm=    7.637e-01 #SS:   16
 ooCMF Iter:   17 Total= -905.132796349520 G=    3.758e-04 step_norm=    7.633e-01 #SS:   17
 ooCMF Iter:   18 Total= -905.132796344603 G=    4.075e-04 step_norm=    7.635e-01 #SS:   18
 ooCMF Iter:   19 Total= -905.132796438599 G=    2.836e-04 step_norm=    7.635e-01 #SS:   19
 ooCMF Iter:   20 Total= -905.132796483096 G=    3.463e-04 step_norm=    7.632e-01 #SS:   20
 ooCMF Iter:   21 Total= -905.132796432636 G=    4.178e-04 step_norm=    7.632e-01 #SS:   21
 ooCMF Iter:   22 Total= -905.132796536426 G=    1.522e-04 step_norm=    7.633e-01 #SS:   22
 ooCMF Iter:   23 Total= -905.132796539035 G=    1.373e-04 step_norm=    7.633e-01 #SS:   23
 ooCMF Iter:   24 Total= -905.132796547067 G=    7.402e-05 step_norm=    7.633e-01 #SS:   24
 ooCMF Iter:   25 Total= -905.132796548923 G=    5.901e-05 step_norm=    7.633e-01 #SS:   24
 ooCMF Iter:   26 Total= -905.132796550614 G=    2.916e-05 step_norm=    7.634e-01 #SS:   24
 ooCMF Iter:   27 Total= -905.132796550909 G=    1.556e-05 step_norm=    7.634e-01 #SS:   24
 ooCMF Iter:   28 Total= -905.132796550969 G=    1.155e-05 step_norm=    7.634e-01 #SS:   24
 ooCMF Iter:   29 Total= -905.132796550971 G=    1.282e-05 step_norm=    7.634e-01 #SS:   24
 ooCMF Iter:   30 Total= -905.132796551072 G=    1.918e-06 step_norm=    7.634e-01 #SS:   24
 ooCMF Iter:   31 Total= -905.132796551074 G=    1.650e-06 step_norm=    7.634e-01 #SS:   24
 ooCMF Iter:   32 Total= -905.132796551075 G=    2.232e-07 step_norm=    7.634e-01 #SS:   24
 ooCMF Iter:   33 Total= -905.132796551075 G=    1.434e-07 step_norm=    7.634e-01 #SS:   24
 ooCMF Iter:   34 Total= -905.132796551076 G=    1.249e-07 step_norm=    7.634e-01 #SS:   24
 ooCMF Iter:   35 Total= -905.132796551075 G=    7.655e-08 step_norm=    7.634e-01 #SS:   24
 ooCMF Iter:   36 Total= -905.132796551076 G=    6.770e-08 step_norm=    7.634e-01 #SS:   24
 ooCMF Iter:   37 Total= -905.132796551075 G=    1.522e-08 step_norm=    7.634e-01 #SS:   24
*ooCMF Iter:   38 Total= -905.132796551075 G=    8.694e-09 step_norm=    7.634e-01 #SS:   24
157.745610 seconds (310.74 M allocations: 19.788 GiB, 3.28% gc time, 70.08% compilation time)
 Solve OO-CMF with DIIS
 ooCMF Iter:    1 Total= -905.129229679701 G=    7.756e-02 step_norm=    7.071e-01 #SS:    1
 ooCMF Iter:    2 Total= -905.132659513386 G=    1.820e-02 step_norm=    7.590e-01 #SS:    2
 ooCMF Iter:    3 Total= -905.132789381306 G=    4.663e-03 step_norm=    7.679e-01 #SS:    3
 ooCMF Iter:    4 Total= -905.132796387006 G=    6.107e-04 step_norm=    7.690e-01 #SS:    4
 ooCMF Iter:    5 Total= -905.132796536533 G=    2.443e-04 step_norm=    7.690e-01 #SS:    5
 ooCMF Iter:    6 Total= -905.132796550867 G=    2.746e-05 step_norm=    7.690e-01 #SS:    6
 ooCMF Iter:    7 Total= -905.132796551068 G=    5.250e-06 step_norm=    7.690e-01 #SS:    7
 ooCMF Iter:    8 Total= -905.132796551076 G=    3.637e-07 step_norm=    7.690e-01 #SS:    8
 ooCMF Iter:    9 Total= -905.132796551075 G=    6.143e-08 step_norm=    7.690e-01 #SS:    9
*ooCMF Iter:   10 Total= -905.132796551075 G=    4.713e-09 step_norm=    7.690e-01 #SS:   10
 10.080372 seconds (3.13 M allocations: 1.191 GiB, 1.45% gc time, 6.83% compilation time)
 Solve OO-CMF with DIIS
 ooCMF Iter:    1 Total= -905.128521373122908 G=    8.132e-02 #SS:    1
 ooCMF Iter:    2 Total= -905.132194472076094 G=    2.299e-02 #SS:    2
 ooCMF Iter:    3 Total= -905.132604610142835 G=    1.057e-02 #SS:    3
 ooCMF Iter:    4 Total= -905.132788409411091 G=    2.948e-03 #SS:    4
 ooCMF Iter:    5 Total= -905.132795558348334 G=    9.050e-04 #SS:    5
 ooCMF Iter:    6 Total= -905.132796455996981 G=    2.997e-04 #SS:    6
 ooCMF Iter:    7 Total= -905.132796550186072 G=    6.205e-05 #SS:    7
 ooCMF Iter:    8 Total= -905.132796551030424 G=    7.447e-06 #SS:    8
 ooCMF Iter:    9 Total= -905.132796551071124 G=    1.973e-06 #SS:    9
 ooCMF Iter:   10 Total= -905.132796551074762 G=    4.976e-07 #SS:   10
 ooCMF Iter:   11 Total= -905.132796551075444 G=    6.494e-08 #SS:   11
 ooCMF Iter:   12 Total= -905.132796551074421 G=    1.231e-08 #SS:   12
*ooCMF Iter:   13 Total= -905.132796551075216 G=    7.241e-09 #SS:   13
 17.690669 seconds (1.72 M allocations: 1.364 GiB, 1.39% gc time)




 Solve OO-CMF with newton with projection

 Solve OO-CMF with newton
 Step:    1 E: -904.785367396351 G:     9.83e-01 Norm_step:     6.97e-01 
 Step:    2 E: -905.128521373123 G:     8.13e-02 Norm_step:     9.36e-02 
 Step:    3 E: -905.132467834285 G:     1.97e-02 Norm_step:     2.94e-02 
 Step:    4 E: -905.132758284621 G:     6.63e-03 Norm_step:     1.05e-02 
 Step:    5 E: -905.132792068561 G:     2.27e-03 Norm_step:     3.62e-03 
 Step:    6 E: -905.132796027691 G:     7.74e-04 Norm_step:     1.24e-03 
 Step:    7 E: -905.132796490046 G:     2.64e-04 Norm_step:     4.24e-04 
 Step:    8 E: -905.132796543962 G:     9.01e-05 Norm_step:     1.45e-04 
 Step:    9 E: -905.132796550247 G:     3.07e-05 Norm_step:     4.94e-05 
 Step:   10 E: -905.132796550979 G:     1.05e-05 Norm_step:     1.69e-05 
 Step:   11 E: -905.132796551064 G:     3.58e-06 Norm_step:     5.76e-06 
 Step:   12 E: -905.132796551074 G:     1.22e-06 Norm_step:     1.97e-06 
 Step:   13 E: -905.132796551075 G:     4.17e-07 Norm_step:     6.71e-07 
 Step:   14 E: -905.132796551075 G:     1.42e-07 Norm_step:     2.29e-07 
 Step:   15 E: -905.132796551075 G:     4.86e-08 Norm_step:     7.82e-08 
 Step:   16 E: -905.132796551075 G:     1.66e-08 Norm_step:     2.67e-08 
 Step:   17 E: -905.132796551076 G:     5.66e-09 Norm_step:     9.11e-09 
 11.138381 seconds (1.26 M allocations: 892.465 MiB, 2.18% gc time, 3.30% compilation time)

  Solve OO-CMF with newton without projection
  Step:    1 E: -904.785367396351 G:     9.83e-01 step_norm:     7.07e-01  
 Step:    2 E: -905.129229679701 G:     7.76e-02 step_norm:     9.30e-02  
 Step:    3 E: -905.132695200142 G:     1.06e-02 step_norm:     1.96e-02  
 Step:    4 E: -905.132791664666 G:     2.08e-03 step_norm:     4.74e-03  
 Step:    5 E: -905.132796298349 G:     4.57e-04 step_norm:     1.10e-03  
 Step:    6 E: -905.132796537822 G:     1.03e-04 step_norm:     2.55e-04  
 Step:    7 E: -905.132796550376 G:     2.36e-05 step_norm:     5.88e-05  
 Step:    8 E: -905.132796551038 G:     5.41e-06 step_norm:     1.36e-05  
 Step:    9 E: -905.132796551073 G:     1.24e-06 step_norm:     3.13e-06  
 Step:   10 E: -905.132796551076 G:     2.86e-07 step_norm:     7.23e-07  
 Step:   11 E: -905.132796551075 G:     6.58e-08 step_norm:     1.67e-07  
 Step:   12 E: -905.132796551075 G:     1.52e-08 step_norm:     3.85e-08  
 Step:   13 E: -905.132796551075 G:     3.49e-09 step_norm:     8.90e-09  
  6.195047 seconds (724.89 k allocations: 673.626 MiB, 1.19% gc time)