symmertry
C1
converged SCF energy = -1581.70197439004
   1        A     -11.04247517
   2        A     -11.04246930
   3        A     -11.04246729
   4        A     -11.04245358
   5        A     -11.04245237
   6        A     -11.04244019
   7        A     -11.04243011
   8        A     -11.04242565
   9        A     -11.04242470
  10        A     -11.04242295
  11        A     -11.04242048
  12        A     -11.04241904
  13        A     -11.04176074
  14        A     -11.04175968
  15        A     -11.04168225
  16        A     -11.04162561
  17        A     -11.04162362
  18        A     -11.04161679
  19        A     -11.04151114
  20        A     -11.04150885
  21        A     -11.04149270
  22        A     -11.04148986
  23        A     -11.04148158
  24        A     -11.04146118
  25        A     -11.02828262
  26        A     -11.02827805
  27        A     -11.02827782
  28        A     -11.02827258
  29        A     -11.02827187
  30        A     -11.02826749
  31        A     -11.02772195
  32        A     -11.02770892
  33        A     -11.02770858
  34        A     -11.02767918
  35        A     -11.02767856
  36        A     -11.02765996
  37        A     -11.02754040
  38        A     -11.02752496
  39        A     -11.02752445
  40        A     -11.02750194
  41        A     -11.02750119
  42        A     -11.02749160
  43        A      -1.16255263
  44        A      -1.13331697
  45        A      -1.13330603
  46        A      -1.09745441
  47        A      -1.09744873
  48        A      -1.08430346
  49        A      -1.06968141
  50        A      -1.03327078
  51        A      -1.03326188
  52        A      -1.03106441
  53        A      -1.00865340
  54        A      -1.00864415
  55        A      -0.97166249
  56        A      -0.95618336
  57        A      -0.95617795
  58        A      -0.94844393
  59        A      -0.94843477
  60        A      -0.94088392
  61        A      -0.89750731
  62        A      -0.89403592
  63        A      -0.89402934
  64        A      -0.83458884
  65        A      -0.81690424
  66        A      -0.81101368
  67        A      -0.81100135
  68        A      -0.80347726
  69        A      -0.80346181
  70        A      -0.76656824
  71        A      -0.76656069
  72        A      -0.74406008
  73        A      -0.73302342
  74        A      -0.73301245
  75        A      -0.69179646
  76        A      -0.68154755
  77        A      -0.67626004
  78        A      -0.67625274
  79        A      -0.64861384
  80        A      -0.64376883
  81        A      -0.64376431
  82        A      -0.64007139
  83        A      -0.61800922
  84        A      -0.61155854
  85        A      -0.61155589
  86        A      -0.58152776
  87        A      -0.58151816
  88        A      -0.58105426
  89        A      -0.58105040
  90        A      -0.56084529
  91        A      -0.56049685
  92        A      -0.54576807
  93        A      -0.53443285
  94        A      -0.53442821
  95        A      -0.53397150
  96        A      -0.52458885
  97        A      -0.52457772
  98        A      -0.52108538
  99        A      -0.51803441
 100        A      -0.51803374
 101        A      -0.50715912
 102        A      -0.50714926
 103        A      -0.49683171
 104        A      -0.49681739
 105        A      -0.49680363
 106        A      -0.46701131
 107        A      -0.46099780
 108        A      -0.46099476
 109        A      -0.45968064
 110        A      -0.45967616
 111        A      -0.45636517
 112        A      -0.45635207
 113        A      -0.44243274
 114        A      -0.43686237
 115        A      -0.43470940
 116        A      -0.42264066
 117        A      -0.41392406
 118        A      -0.41390913
 119        A      -0.40690398
 120        A      -0.37071258
 121        A      -0.37068494
 122        A      -0.36951916
 123        A      -0.36710302
 124        A      -0.36709833
 125        A      -0.33947737
 126        A      -0.33946354
 127        A      -0.27917504
 128        A      -0.27021051
 129        A      -0.27018986
 130        A      -0.26788643
 131        A      -0.26742807
 132        A      -0.26742108
 133        A      -0.20355862
 134        A      -0.17068037
 135        A      -0.17066551
 136        A       0.14362851
 137        A       0.14364814
 138        A       0.17904065
 139        A       0.24575260
 140        A       0.24917758
 141        A       0.24920077
 142        A       0.25018474
 143        A       0.25019202
 144        A       0.26293514
 145        A       0.33603999
 146        A       0.33605543
 147        A       0.37360320
 148        A       0.37360867
 149        A       0.37908561
 150        A       0.44729466
 151        A       0.47881843
 152        A       0.50489485
 153        A       0.50489936
 154        A       0.56382049
 155        A       0.58038424
 156        A       0.58039233
 157        A       0.58131455
 158        A       0.58132461
 159        A       0.59970793
 160        A       0.59971383
 161        A       0.60135110
 162        A       0.61222464
 163        A       0.61228065
 164        A       0.62417450
 165        A       0.62420755
 166        A       0.62681919
 167        A       0.64303457
 168        A       0.64729788
 169        A       0.65067465
 170        A       0.65069328
 171        A       0.65837478
 172        A       0.65838622
 173        A       0.67326679
 174        A       0.67604501
 175        A       0.68694674
 176        A       0.68698826
 177        A       0.69550401
 178        A       0.71498835
 179        A       0.71499015
 180        A       0.73387898
 181        A       0.74043644
 182        A       0.74157084
 183        A       0.74938575
 184        A       0.74938804
 185        A       0.75101568
 186        A       0.75103559
 187        A       0.78060885
 188        A       0.80361892
 189        A       0.80362443
 190        A       0.81337738
 191        A       0.82176502
 192        A       0.82178407
 193        A       0.83392622
 194        A       0.83393494
 195        A       0.85217541
 196        A       0.85221047
 197        A       0.85665698
 198        A       0.86239808
 199        A       0.87691626
 200        A       0.90249971
 201        A       0.90252712
 202        A       0.90329165
 203        A       0.91273498
 204        A       0.91275623
 205        A       0.94148550
 206        A       0.94152550
 207        A       0.94932668
 208        A       0.94935083
 209        A       0.98637419
 210        A       0.98641387
 211        A       0.99966300
 212        A       1.00057147
 213        A       1.01650769
 214        A       1.01653142
 215        A       1.02828355
 216        A       1.07908691
 217        A       1.07931162
 218        A       1.09285278
 219        A       1.09287498
 220        A       1.10447157
 221        A       1.12382935
 222        A       1.12383998
 223        A       1.17203282
 224        A       1.17204721
 225        A       1.19150982
 226        A       1.19154971
 227        A       1.22841278
 228        A       1.24338903
[ True  True  True  True  True  True  True  True  True  True  True  True
  True  True  True  True  True  True  True  True  True  True  True  True
  True  True  True  True  True  True  True  True  True  True  True  True
  True  True  True  True  True  True  True  True  True  True  True  True
  True  True  True  True  True  True  True  True  True  True  True  True
  True  True  True  True  True  True  True  True  True  True  True  True
  True  True  True  True  True  True  True  True  True  True  True  True
  True  True  True  True  True  True  True  True  True  True  True  True
  True  True  True  True  True  True  True  True  True  True  True  True
  True  True  True  True  True  True  True  True  True  True  True  True
  True  True  True  True  True  True  True  True  True  True  True  True
  True  True  True False False False False False False False False False
 False False False False False False False False False False False False
 False False False False False False False False False False False False
 False False False False False False False False False False False False
 False False False False False False False False False False False False
 False False False False False False False False False False False False
 False False False False False False False False False False False False
 False False False False False False False False False False False False]
[False False False False False False False False False False False False
 False False False False False False False False False False False False
 False False False False False False False False False False False False
 False False False False False False False False False False False False
 False False False False False False False False False False False False
 False False False False False False False False False False False False
 False False False False False False False False False False False False
 False False False False False False False False False False False False
 False False False False False False False False False False False False
 False False False False False False False False False False False False
 False False False False False False False False False False False False
 False False False  True  True  True  True  True  True  True  True  True
  True  True  True  True  True  True  True  True  True  True  True  True
  True  True  True  True  True  True  True  True  True  True  True  True
  True  True  True  True  True  True  True  True  True  True  True  True
  True  True  True  True  True  True  True  True  True  True  True  True
  True  True  True  True  True  True  True  True  True  True  True  True
  True  True  True  True  True  True  True  True  True  True  True  True
  True  True  True  True  True  True  True  True  True  True  True  True]
[  0   1   2   3   4   5   6   7   8   9  10  11  12  13  14  15  16  17
  18  19  20  21  22  23  24  25  26  27  28  29  30  31  32  33  34  35
  36  37  38  39  40  41  42  43  44  45  46  47  48  49  50  51  52  53
  54  55  56  57  58  59  60  61  62  63  64  65  66  67  68  69  70  71
  72  73  74  75  76  77  78  79  80  81  82  83  84  85  86  87  88  89
  90  91  92  93  94  95  96  97  98  99 100 101 102 103 104 105 106 107
 108 109 110 111 112 113 114 115 116 117 118 119 120 121 122 123 124 125
 126 127 128 129 130 131 132 133 134]
[135 136 137 138 139 140 141 142 143 144 145 146 147 148 149 150 151 152
 153 154 155 156 157 158 159 160 161 162 163 164 165 166 167 168 169 170
 171 172 173 174 175 176 177 178 179 180 181 182 183 184 185 186 187 188
 189 190 191 192 193 194 195 196 197 198 199 200 201 202 203 204 205 206
 207 208 209 210 211 212 213 214 215 216 217 218 219 220 221 222 223 224
 225 226 227]
[6.24530699e-12 7.08978346e-12 3.44233297e-12 3.25191499e-12
 4.20082967e-12 1.63721805e-12 6.84084015e-12 5.90569470e-12
 2.88909666e-12 3.37016396e-12 5.83444153e-12 2.53782356e-12
 1.18023231e-12 3.38718994e-13 1.13880971e-12 1.17266730e-12
 6.20439523e-13 8.71103054e-13 5.61615617e-13 6.48309346e-13
 9.24121577e-13 1.83260644e-12 3.82463827e-13 1.80270885e-12
 3.64413103e-12 1.55333438e-12 2.83929699e-12 2.10240964e-12
 1.45982578e-12 3.79666166e-12 3.27473502e-12 1.34350945e-12
 4.87802273e-12 1.31467165e-12 3.58584476e-12 2.26422335e-12
 3.57034133e-12 2.23871605e-12 3.84496714e-12 1.64717788e-12
 3.63651213e-12 2.95470759e-12 1.36279785e-08 3.41311370e-08
 1.27337565e-08 5.35460588e-08 2.58197354e-08 2.81084045e-08
 6.13884455e-08 7.26749319e-08 1.74311200e-08 5.06797160e-08
 6.05623433e-08 9.15574018e-08 7.91948539e-08 6.58443098e-08
 3.43034893e-08 8.08373598e-08 8.55352528e-08 6.08334061e-08
 1.12098840e-07 1.12002092e-07 7.97872191e-08 1.23344580e-07
 1.20604095e-07 2.37371564e-07 7.97289665e-08 1.18650171e-07
 1.54635148e-07 1.24833339e-07 1.27256003e-07 2.60212004e-07
 2.95343861e-07 1.58681685e-07 2.25778337e-07 2.42970669e-07
 2.47068975e-07 6.25692255e-08 2.23923972e-07 3.60656544e-07
 1.30068410e-07 1.96462867e-07 2.42545728e-07 2.47431818e-07
 2.66488912e-07 6.33607739e-07 2.85821619e-07 2.90540368e-07
 2.43220047e-07 2.46748227e-07 2.97747955e-07 9.99998689e-01
 1.04501732e-06 6.89107330e-07 2.70801727e-07 5.72045054e-07
 6.82186750e-07 2.50812123e-07 5.35649660e-07 8.57581155e-07
 9.99997694e-01 9.99997798e-01 1.58472590e-06 6.43239102e-07
 4.10784633e-07 2.44814095e-06 5.07057649e-06 2.13642582e-05
 9.99961162e-01 9.99986034e-01 1.19192527e-05 1.11294930e-05
 9.99998859e-01 1.12304490e-06 9.31674074e-07 9.99997382e-01
 2.13556683e-06 5.05795837e-07 3.98882121e-07 5.50279758e-06
 1.52518045e-06 9.99996800e-01 9.99998782e-01 9.99996008e-01
 9.99999016e-01 9.99999057e-01 9.99999124e-01 9.99999247e-01
 9.99999377e-01 9.99999452e-01 9.99999394e-01 9.99999360e-01
 9.99999110e-01 9.99999220e-01 9.99999431e-01 9.99999399e-01
 9.99999276e-01 9.99999087e-01 9.99999483e-01 9.99999341e-01
 9.99999204e-01 9.99999411e-01 9.99999475e-01 9.99999198e-01
 9.99999055e-01 9.99999197e-01 9.99999452e-01 9.99999398e-01
 9.99999205e-01 9.99999027e-01 9.99999343e-01 9.99998914e-01
 9.99998542e-01 3.43669125e-06 4.80032424e-05 4.47625627e-05
 9.99987570e-01 9.99903457e-01 5.94521730e-07 8.73960643e-07
 4.62295863e-07 1.33971932e-06 8.20351829e-06 1.58124507e-06
 7.65571315e-07 7.75150970e-06 1.61204810e-07 9.99710259e-01
 2.56024998e-04 2.27123454e-05 8.75198994e-07 6.43817921e-07
 1.75680783e-07 8.96547203e-07 2.56605930e-07 1.94304467e-06
 5.33778730e-07 1.44669751e-07 1.14209690e-07 1.53209308e-07
 1.87251707e-07 3.51186730e-07 1.34511289e-07 1.10821952e-07
 1.29930958e-07 2.85713352e-07 2.00132616e-07 1.36780434e-07
 1.38911194e-07 1.20736305e-07 2.07337639e-07 1.85646849e-07
 2.13831834e-07 2.14958329e-07 1.17631390e-07 4.15985986e-07
 1.25765300e-07 2.85270298e-07 2.51563646e-07 1.03265227e-07
 1.76298527e-07 7.45587378e-08 1.12011803e-07 3.24214935e-07
 2.47632897e-07 2.63115484e-07 2.20250625e-07 2.18590366e-07
 6.18180779e-08 1.90112978e-07 1.95349379e-07 3.40373272e-07
 1.99694518e-07 2.00918099e-07 3.22935075e-07 2.39319148e-07
 3.05111182e-07 2.36306218e-07 4.00131148e-07 1.00700475e-07
 2.21120694e-07 1.98588167e-07 3.37248531e-07 2.51307030e-07
 1.26938456e-07 3.77060321e-07 1.67983040e-07 1.98527088e-07]
cas_list [167 157 108 109 156 123 121 115 100 101 152  91 122 112 151 124 149 144
 125 137 132 126 145 143 140 148 133 127 136 139 150 131 128 130 147 135
 141 134 129 146 142 138]
s population for active space orbitals [0.99971026 0.99990346 0.99996116 0.99998603 0.99998757 0.99999601
 0.9999968  0.99999738 0.99999769 0.9999978  0.99999854 0.99999869
 0.99999878 0.99999886 0.99999891 0.99999902 0.99999903 0.99999906
 0.99999906 0.99999909 0.99999911 0.99999912 0.9999992  0.9999992
 0.9999992  0.9999992  0.99999922 0.99999925 0.99999928 0.99999934
 0.99999934 0.99999936 0.99999938 0.99999939 0.9999994  0.9999994
 0.99999941 0.99999943 0.99999945 0.99999945 0.99999947 0.99999948]
[0, 1, 2, 3, 4, 5, 6, 7, 8, 9, 10, 11, 12, 13, 14, 15, 16, 17, 18, 19, 20, 21, 22, 23, 24, 25, 26, 27, 28, 29, 30, 31, 32, 33, 34, 35, 36, 37, 38, 39, 40, 41, 42, 43, 44, 45, 46, 47, 48, 49, 50, 51, 52, 53, 54, 55, 56, 57, 58, 59, 60, 61, 62, 63, 64, 65, 66, 67, 68, 69, 70, 71, 72, 73, 74, 75, 76, 77, 78, 79, 80, 81, 82, 83, 84, 85, 86, 87, 88, 89, 90, 92, 93, 94, 95, 96, 97, 98, 99, 102, 103, 104, 105, 106, 107, 110, 111, 113, 114, 116, 117, 118, 119, 120]
[153, 154, 155, 158, 159, 160, 161, 162, 163, 164, 165, 166, 168, 169, 170, 171, 172, 173, 174, 175, 176, 177, 178, 179, 180, 181, 182, 183, 184, 185, 186, 187, 188, 189, 190, 191, 192, 193, 194, 195, 196, 197, 198, 199, 200, 201, 202, 203, 204, 205, 206, 207, 208, 209, 210, 211, 212, 213, 214, 215, 216, 217, 218, 219, 220, 221, 222, 223, 224, 225, 226, 227]
Set conv_tol_grad to 0.000316228
macro= 1  f(x)= 100.64014999658  delta_f= 100.64  |g|= 0.101127  1 KF 3 Hx
macro= 2  f(x)= 100.64014999658  delta_f= -4.54747e-13  |g|= 1.28539e-06  1 KF 1 Hx
macro X = 2  f(x)= 100.64014999658  |g|= 1.28539e-06  4 intor 2 KF 4 Hx
/home/arnab22/.local/lib/python3.8/site-packages/pyscf/dft/libxc.py:772: UserWarning: Since PySCF-2.3, B3LYP (and B3P86) are changed to the VWN-RPA variant, the same to the B3LYP functional in Gaussian and ORCA (issue 1480). To restore the VWN5 definition, you can put the setting "B3LYP_WITH_VWN5 = True" in pyscf_conf.py
  warnings.warn('Since PySCF-2.3, B3LYP (and B3P86) are changed to the VWN-RPA variant, '
[6.24530699e-12 7.08978346e-12 3.44233297e-12 3.25191499e-12
 4.20082967e-12 1.63721805e-12 6.84084015e-12 5.90569470e-12
 2.88909666e-12 3.37016396e-12 5.83444153e-12 2.53782356e-12
 1.18023231e-12 3.38718994e-13 1.13880971e-12 1.17266730e-12
 6.20439523e-13 8.71103054e-13 5.61615617e-13 6.48309346e-13
 9.24121577e-13 1.83260644e-12 3.82463827e-13 1.80270885e-12
 3.64413103e-12 1.55333438e-12 2.83929699e-12 2.10240964e-12
 1.45982578e-12 3.79666166e-12 3.27473502e-12 1.34350945e-12
 4.87802273e-12 1.31467165e-12 3.58584476e-12 2.26422335e-12
 3.57034133e-12 2.23871605e-12 3.84496714e-12 1.64717788e-12
 3.63651213e-12 2.95470759e-12 1.36279785e-08 3.41311370e-08
 1.27337565e-08 5.35460588e-08 2.58197354e-08 2.81084045e-08
 6.13884455e-08 7.26749319e-08 1.74311200e-08 5.06797160e-08
 6.05623433e-08 9.15574018e-08 7.91948539e-08 6.58443098e-08
 3.43034893e-08 8.08373598e-08 8.55352528e-08 6.08334061e-08
 1.12098840e-07 1.12002092e-07 7.97872191e-08 1.23344580e-07
 1.20604095e-07 2.37371564e-07 7.97289665e-08 1.18650171e-07
 1.54635148e-07 1.24833339e-07 1.27256003e-07 2.60212004e-07
 2.95343861e-07 1.58681685e-07 2.25778337e-07 2.42970669e-07
 2.47068975e-07 6.25692255e-08 2.23923972e-07 3.60656544e-07
 1.30068410e-07 1.96462867e-07 2.42545728e-07 2.47431818e-07
 2.66488912e-07 6.33607739e-07 2.85821619e-07 2.90540368e-07
 2.43220047e-07 2.46748227e-07 2.97747955e-07 1.04501732e-06
 6.89107330e-07 2.70801727e-07 5.72045054e-07 6.82186750e-07
 2.50812123e-07 5.35649660e-07 8.57581155e-07 1.58472590e-06
 6.43239102e-07 4.10784633e-07 2.44814095e-06 5.07057649e-06
 2.13642582e-05 1.19192527e-05 1.11294930e-05 1.12304490e-06
 9.31674074e-07 2.13556683e-06 5.05795837e-07 3.98882121e-07
 5.50279758e-06 1.52518045e-06 9.99980101e-01 9.99979284e-01
 9.99978328e-01 9.99983594e-01 9.99989113e-01 9.99981155e-01
 9.99979694e-01 9.99996769e-01 9.99980440e-01 9.99990425e-01
 9.99989457e-01 9.99981243e-01 9.99979523e-01 9.99982409e-01
 9.99988914e-01 9.99996500e-01 9.99993008e-01 9.99992296e-01
 9.99994384e-01 9.99995845e-01 9.99995961e-01 9.99995585e-01
 9.99995437e-01 9.99996377e-01 9.99982268e-01 9.99981424e-01
 9.99989588e-01 9.99984170e-01 9.99994157e-01 9.99996147e-01
 9.99990601e-01 9.99986334e-01 9.99996070e-01 9.99983175e-01
 9.99986795e-01 9.99987965e-01 9.99988281e-01 9.99994299e-01
 9.99983905e-01 9.99991993e-01 9.99991100e-01 9.99984177e-01
 3.43669125e-06 4.80032424e-05 4.47625627e-05 5.94521730e-07
 8.73960643e-07 4.62295863e-07 1.33971932e-06 8.20351829e-06
 1.58124507e-06 7.65571315e-07 7.75150970e-06 1.61204810e-07
 2.56024998e-04 2.27123454e-05 8.75198994e-07 6.43817921e-07
 1.75680783e-07 8.96547203e-07 2.56605930e-07 1.94304467e-06
 5.33778730e-07 1.44669751e-07 1.14209690e-07 1.53209308e-07
 1.87251707e-07 3.51186730e-07 1.34511289e-07 1.10821952e-07
 1.29930958e-07 2.85713352e-07 2.00132616e-07 1.36780434e-07
 1.38911194e-07 1.20736305e-07 2.07337639e-07 1.85646849e-07
 2.13831834e-07 2.14958329e-07 1.17631390e-07 4.15985986e-07
 1.25765300e-07 2.85270298e-07 2.51563646e-07 1.03265227e-07
 1.76298527e-07 7.45587378e-08 1.12011803e-07 3.24214935e-07
 2.47632897e-07 2.63115484e-07 2.20250625e-07 2.18590366e-07
 6.18180779e-08 1.90112978e-07 1.95349379e-07 3.40373272e-07
 1.99694518e-07 2.00918099e-07 3.22935075e-07 2.39319148e-07
 3.05111182e-07 2.36306218e-07 4.00131148e-07 1.00700475e-07
 2.21120694e-07 1.98588167e-07 3.37248531e-07 2.51307030e-07
 1.26938456e-07 3.77060321e-07 1.67983040e-07 1.98527088e-07]
cas_list [116 115 126 120 114 122 119 125 139 138 127 147 117 152 141 155 145 148
 149 150 128 118 124 140 123 144 154 153 131 130 142 151 132 136 135 133
 134 146 143 137 129 121]
s population for active space orbitals [0.99997833 0.99997928 0.99997952 0.99997969 0.9999801  0.99998044
 0.99998115 0.99998124 0.99998142 0.99998227 0.99998241 0.99998317
 0.99998359 0.9999839  0.99998417 0.99998418 0.99998633 0.9999868
 0.99998796 0.99998828 0.99998891 0.99998911 0.99998946 0.99998959
 0.99999042 0.9999906  0.9999911  0.99999199 0.9999923  0.99999301
 0.99999416 0.9999943  0.99999438 0.99999544 0.99999559 0.99999585
 0.99999596 0.99999607 0.99999615 0.99999638 0.9999965  0.99999677]
[0, 1, 2, 3, 4, 5, 6, 7, 8, 9, 10, 11, 12, 13, 14, 15, 16, 17, 18, 19, 20, 21, 22, 23, 24, 25, 26, 27, 28, 29, 30, 31, 32, 33, 34, 35, 36, 37, 38, 39, 40, 41, 42, 43, 44, 45, 46, 47, 48, 49, 50, 51, 52, 53, 54, 55, 56, 57, 58, 59, 60, 61, 62, 63, 64, 65, 66, 67, 68, 69, 70, 71, 72, 73, 74, 75, 76, 77, 78, 79, 80, 81, 82, 83, 84, 85, 86, 87, 88, 89, 90, 91, 92, 93, 94, 95, 96, 97, 98, 99, 100, 101, 102, 103, 104, 105, 106, 107, 108, 109, 110, 111, 112, 113]
[156, 157, 158, 159, 160, 161, 162, 163, 164, 165, 166, 167, 168, 169, 170, 171, 172, 173, 174, 175, 176, 177, 178, 179, 180, 181, 182, 183, 184, 185, 186, 187, 188, 189, 190, 191, 192, 193, 194, 195, 196, 197, 198, 199, 200, 201, 202, 203, 204, 205, 206, 207, 208, 209, 210, 211, 212, 213, 214, 215, 216, 217, 218, 219, 220, 221, 222, 223, 224, 225, 226, 227]
[0, 1, 2, 3, 4, 5, 6, 7, 8, 9, 10, 11, 12, 13, 14, 15, 16, 17, 18, 19, 20, 21, 22, 23, 24, 25, 26, 27, 28, 29, 30, 31, 32, 33, 34, 35, 36, 37, 38, 39, 40, 41, 42, 43, 44, 45, 46, 47, 48, 49, 50, 51, 52, 53, 54, 55, 56, 57, 58, 59, 60, 61, 62, 63, 64, 65, 66, 67, 68, 69, 70, 71, 72, 73, 74, 75, 76, 77, 78, 79, 80, 81, 82, 83, 84, 85, 86, 87, 88, 89, 90, 91, 92, 93, 94, 95, 96, 97, 98, 99, 100, 101, 102, 103, 104, 105, 106, 107, 108, 109, 110, 111, 112, 113]
[156, 157, 158, 159, 160, 161, 162, 163, 164, 165, 166, 167, 168, 169, 170, 171, 172, 173, 174, 175, 176, 177, 178, 179, 180, 181, 182, 183, 184, 185, 186, 187, 188, 189, 190, 191, 192, 193, 194, 195, 196, 197, 198, 199, 200, 201, 202, 203, 204, 205, 206, 207, 208, 209, 210, 211, 212, 213, 214, 215, 216, 217, 218, 219, 220, 221, 222, 223, 224, 225, 226, 227]
ecore   -1458.96314052
MULLIKEN
[[-1.12282328e-02  8.60691918e-08  1.03354107e+00 ...  2.96815594e-08
   3.15028278e-08  2.79314303e-08]
 [ 3.39860117e-05 -4.04430022e-08 -1.12513540e-02 ...  4.74477234e-08
   1.95532140e-08  2.01326970e-07]
 [ 3.37614580e-05 -1.00351264e-07 -1.12467880e-02 ... -3.33728708e-09
  -2.59508467e-09  1.39815164e-07]
 ...
 [ 5.30713485e-08  3.41902118e-07  8.39042212e-09 ...  3.27084495e-09
   1.85970429e-08  3.23736109e-08]
 [ 1.40960127e-07  1.39650829e-07  2.54065007e-07 ...  1.16565796e-07
   2.42197729e-08  3.13968330e-12]
 [ 7.39270537e-09  1.56780345e-08  7.77856217e-08 ...  3.24073383e-08
   2.15815611e-09  2.37289257e-08]]
[[ 0  2]
 [ 1 10]
 [ 2  6]
 [ 3  7]
 [ 4  9]
 [ 5  4]
 [ 6  0]
 [ 7 16]
 [ 8 13]
 [ 9 11]
 [10 17]
 [11  1]
 [12  5]
 [13 21]
 [14  8]
 [15 19]
 [16 22]
 [17 12]
 [18 15]
 [19 18]
 [20 20]
 [21 14]
 [22 24]
 [23  3]
 [24 25]
 [25 35]
 [26 23]
 [27 36]
 [28 33]
 [29 32]
 [30 31]
 [31 30]
 [32 38]
 [33 27]
 [34 37]
 [35 26]
 [36 28]
 [37 40]
 [38 39]
 [39 34]
 [40 41]
 [41 29]]
(60, 42)
[[-1.12282328e-02  8.60691918e-08  1.03354107e+00 ...  2.96815594e-08
   3.15028278e-08  2.79314303e-08]
 [ 3.39860117e-05 -4.04430022e-08 -1.12513540e-02 ...  4.74477234e-08
   1.95532140e-08  2.01326970e-07]
 [ 3.37614580e-05 -1.00351264e-07 -1.12467880e-02 ... -3.33728708e-09
  -2.59508467e-09  1.39815164e-07]
 ...
 [ 5.30713485e-08  3.41902118e-07  8.39042212e-09 ...  3.27084495e-09
   1.85970429e-08  3.23736109e-08]
 [ 1.40960127e-07  1.39650829e-07  2.54065007e-07 ...  1.16565796e-07
   2.42197729e-08  3.13968330e-12]
 [ 7.39270537e-09  1.56780345e-08  7.77856217e-08 ...  3.24073383e-08
   2.15815611e-09  2.37289257e-08]]
(array([ 0,  1,  2,  3,  4,  5,  6,  7,  8,  9, 10, 11, 12, 13, 14, 15, 16,
       17, 18, 19, 20, 21, 22, 23, 24, 25, 26, 27, 28, 29, 30, 31, 32, 33,
       34, 35, 36, 37, 38, 39, 40, 41]), array([ 2, 10,  6,  7,  9,  4,  0, 16, 13, 11, 17,  1,  5, 21,  8, 19, 22,
       12, 15, 18, 20, 14, 24,  3, 25, 35, 23, 36, 33, 32, 31, 30, 38, 27,
       37, 26, 28, 40, 39, 34, 41, 29]))
[ 2 10  6  7  9  4  0 16 13 11 17  1  5 21  8 19 22 12 15 18 20 14 24  3
 25 35 23 36 33 32 31 30 38 27 37 26 28 40 39 34 41 29]
