IDX001:DIM1024:001|002|003|004|005|
IDX002:DIM1024:006|007|008|009|010|
IDX003:DIM1024:011|012|013|014|015|
IDX004:DIM1024:016|017|018|019|020|
IDX005:DIM1024:021|022|023|024|025|
IDX006:DIM1024:026|027|028|029|030|
IDX007:DIM1024:031|032|033|034|035|
IDX008:DIM1024:036|037|038|039|040|
(40, 40) ooCMF Iter:    1 Total= -22.861112667273 Active= -45.826787705501 G=     1.77e+00
 ooCMF Iter:    2 Total= -22.996184885584 Active= -45.961859923812 G=     7.48e-01
 ooCMF Iter:    3 Total= -23.005397838305 Active= -45.971072876532 G=     5.24e-01
 ooCMF Iter:    4 Total= -23.016524651149 Active= -45.982199689377 G=     2.51e-01
 ooCMF Iter:    5 Total= -23.019108488120 Active= -45.984783526347 G=     4.01e-02
 ooCMF Iter:    6 Total= -23.019200797817 Active= -45.984875836045 G=     1.42e-02
 ooCMF Iter:    7 Total= -23.019231397387 Active= -45.984906435615 G=     2.45e-02
 ooCMF Iter:    8 Total= -23.019618734178 Active= -45.985293772406 G=     5.80e-02
 ooCMF Iter:    9 Total= -23.019879889414 Active= -45.985554927642 G=     2.56e-02
 ooCMF Iter:   10 Total= -23.019901112287 Active= -45.985576150515 G=     1.59e-02
 ooCMF Iter:   11 Total= -23.019906066303 Active= -45.985581104530 G=     1.12e-02
 ooCMF Iter:   12 Total= -23.019910896244 Active= -45.985585934471 G=     3.54e-03
 ooCMF Iter:   13 Total= -23.019911476312 Active= -45.985586514540 G=     5.55e-04
 ooCMF Iter:   14 Total= -23.019911513148 Active= -45.985586551375 G=     8.26e-04
 ooCMF Iter:   15 Total= -23.019911813286 Active= -45.985586851514 G=     1.46e-03
 ooCMF Iter:   16 Total= -23.019911992100 Active= -45.985587030328 G=     7.08e-04
 ooCMF Iter:   17 Total= -23.019912064957 Active= -45.985587103185 G=     9.92e-04
 ooCMF Iter:   18 Total= -23.019912273937 Active= -45.985587312165 G=     6.51e-04
 ooCMF Iter:   19 Total= -23.019912295731 Active= -45.985587333958 G=     2.87e-04
 ooCMF Iter:   20 Total= -23.019912298856 Active= -45.985587337083 G=     2.85e-04
 ooCMF Iter:   21 Total= -23.019912312363 Active= -45.985587350591 G=     2.74e-04
 ooCMF Iter:   22 Total= -23.019912316587 Active= -45.985587354815 G=     2.60e-04
 ooCMF Iter:   23 Total= -23.019912321871 Active= -45.985587360098 G=     2.83e-04
 ooCMF Iter:   24 Total= -23.019912326259 Active= -45.985587364487 G=     5.67e-05
 ooCMF Iter:   25 Total= -23.019912326671 Active= -45.985587364899 G=     7.47e-05
 ooCMF Iter:   26 Total= -23.019912328411 Active= -45.985587366639 G=     1.45e-04
 ooCMF Iter:   27 Total= -23.019912329023 Active= -45.985587367250 G=     1.43e-04
 ooCMF Iter:   28 Total= -23.019912334028 Active= -45.985587372255 G=     1.25e-04
 ooCMF Iter:   29 Total= -23.019912334501 Active= -45.985587372729 G=     9.21e-05
 ooCMF Iter:   30 Total= -23.019912335168 Active= -45.985587373395 G=     2.79e-05
 ooCMF Iter:   31 Total= -23.019912335194 Active= -45.985587373422 G=     2.14e-05
 ooCMF Iter:   32 Total= -23.019912335336 Active= -45.985587373564 G=     3.12e-05
 ooCMF Iter:   33 Total= -23.019912335351 Active= -45.985587373579 G=     3.18e-05
 ooCMF Iter:   34 Total= -23.019912335488 Active= -45.985587373716 G=     1.51e-05
 ooCMF Iter:   35 Total= -23.019912335530 Active= -45.985587373757 G=     2.53e-05
 ooCMF Iter:   36 Total= -23.019912335554 Active= -45.985587373782 G=     1.52e-05
 ooCMF Iter:   37 Total= -23.019912335571 Active= -45.985587373798 G=     4.89e-06
 ooCMF Iter:   38 Total= -23.019912335576 Active= -45.985587373804 G=     4.10e-06
 ooCMF Iter:   39 Total= -23.019912335579 Active= -45.985587373807 G=     2.95e-06
 ooCMF Iter:   40 Total= -23.019912335579 Active= -45.985587373807 G=     2.87e-06
 ooCMF Iter:   41 Total= -23.019912335580 Active= -45.985587373807 G=     1.30e-06
 ooCMF Iter:   42 Total= -23.019912335580 Active= -45.985587373807 G=     8.73e-07
 ooCMF Iter:   43 Total= -23.019912335580 Active= -45.985587373808 G=     1.70e-06
 ooCMF Iter:   44 Total= -23.019912335580 Active= -45.985587373808 G=     1.75e-06
 ooCMF Iter:   45 Total= -23.019912335580 Active= -45.985587373808 G=     1.71e-06
 ooCMF Iter:   46 Total= -23.019912335580 Active= -45.985587373808 G=     6.81e-07
 ooCMF Iter:   47 Total= -23.019912335580 Active= -45.985587373808 G=     4.56e-07
 ooCMF Iter:   48 Total= -23.019912335580 Active= -45.985587373808 G=     6.13e-07
 ooCMF Iter:   49 Total= -23.019912335580 Active= -45.985587373808 G=     4.38e-07
 ooCMF Iter:   50 Total= -23.019912335580 Active= -45.985587373808 G=     3.85e-07
 ooCMF Iter:   51 Total= -23.019912335580 Active= -45.985587373808 G=     2.24e-07
 ooCMF Iter:   52 Total= -23.019912335580 Active= -45.985587373808 G=     1.48e-07
 ooCMF Iter:   53 Total= -23.019912335580 Active= -45.985587373808 G=     1.93e-07
 ooCMF Iter:   54 Total= -23.019912335580 Active= -45.985587373808 G=     2.51e-07
 ooCMF Iter:   55 Total= -23.019912335580 Active= -45.985587373808 G=     2.23e-07
 ooCMF Iter:   56 Total= -23.019912335580 Active= -45.985587373808 G=     2.59e-07
 ooCMF Iter:   57 Total= -23.019912335580 Active= -45.985587373808 G=     2.58e-07
 ooCMF Iter:   58 Total= -23.019912335580 Active= -45.985587373808 G=     2.49e-07
 ooCMF Iter:   59 Total= -23.019912335581 Active= -45.985587373808 G=     1.85e-07
 ooCMF Iter:   60 Total= -23.019912335581 Active= -45.985587373808 G=     7.37e-08
 ooCMF Iter:   61 Total= -23.019912335581 Active= -45.985587373808 G=     5.84e-08
 * Status: success

 * Candidate solution
    Final objective value:     -2.301991e+01

 * Found with
    Algorithm:     BFGS

 * Convergence measures
    |x - x'|               = 3.27e-09 ≰ 0.0e+00
    |x - x'|/|x'|          = 7.76e-08 ≰ 0.0e+00
    |f(x) - f(x')|         = 0.00e+00 ≤ 0.0e+00
    |f(x) - f(x')|/|f(x')| = 0.00e+00 ≤ 0.0e+00
    |g(x)|                 = 8.90e-09 ≤ 1.0e-08

 * Work counters
    Seconds run:   50  (vs limit Inf)
    Iterations:    60
    f(x) calls:    130
    ∇f(x) calls:   130

*ooCMF -23.01991234 
 50.969183 seconds (17.03 M allocations: 40.687 GiB, 10.16% gc time)
 ooCMF Iter:    1 Total= -22.861112667273 Active= -45.826787705501 G=     1.77e+00
 ooCMF Iter:    2 Total= -23.013414644446 Active= -45.979089682674 G=     3.39e-01
 ooCMF Iter:    3 Total= -23.019028678868 Active= -45.984703717095 G=     2.84e-02
 ooCMF Iter:    4 Total= -23.019069354326 Active= -45.984744392554 G=     1.45e-02
 ooCMF Iter:    5 Total= -23.019132106515 Active= -45.984807144742 G=     2.55e-02
 ooCMF Iter:    6 Total= -23.019432557588 Active= -45.985107595815 G=     6.24e-02
 ooCMF Iter:    7 Total= -23.019882714648 Active= -45.985557752875 G=     2.37e-02
 ooCMF Iter:    8 Total= -23.019909664643 Active= -45.985584702870 G=     5.10e-03
 ooCMF Iter:    9 Total= -23.019910966697 Active= -45.985586004924 G=     9.89e-04
 ooCMF Iter:   10 Total= -23.019911031291 Active= -45.985586069519 G=     6.81e-04
 ooCMF Iter:   11 Total= -23.019911207995 Active= -45.985586246223 G=     1.64e-03
 ooCMF Iter:   12 Total= -23.019911945701 Active= -45.985586983928 G=     1.63e-03
 ooCMF Iter:   13 Total= -23.019912098150 Active= -45.985587136378 G=     4.52e-04
 ooCMF Iter:   14 Total= -23.019912113442 Active= -45.985587151670 G=     3.78e-04
 ooCMF Iter:   15 Total= -23.019912173161 Active= -45.985587211389 G=     7.29e-04
 ooCMF Iter:   16 Total= -23.019912273472 Active= -45.985587311699 G=     9.01e-04
 ooCMF Iter:   17 Total= -23.019912319804 Active= -45.985587358032 G=     3.21e-04
 ooCMF Iter:   18 Total= -23.019912324564 Active= -45.985587362792 G=     7.28e-05
 ooCMF Iter:   19 Total= -23.019912325137 Active= -45.985587363365 G=     7.03e-05
 ooCMF Iter:   20 Total= -23.019912326393 Active= -45.985587364621 G=     1.25e-04
 ooCMF Iter:   21 Total= -23.019912330055 Active= -45.985587368283 G=     1.41e-04
 ooCMF Iter:   22 Total= -23.019912331007 Active= -45.985587369234 G=     3.44e-05
 ooCMF Iter:   23 Total= -23.019912331162 Active= -45.985587369390 G=     4.65e-05
 ooCMF Iter:   24 Total= -23.019912331872 Active= -45.985587370100 G=     9.69e-05
 ooCMF Iter:   25 Total= -23.019912334200 Active= -45.985587372428 G=     1.14e-04
 ooCMF Iter:   26 Total= -23.019912334836 Active= -45.985587373063 G=     3.13e-05
 ooCMF Iter:   27 Total= -23.019912334892 Active= -45.985587373120 G=     2.58e-05
 ooCMF Iter:   28 Total= -23.019912334950 Active= -45.985587373178 G=     2.09e-05
 ooCMF Iter:   29 Total= -23.019912335020 Active= -45.985587373247 G=     3.12e-05
 ooCMF Iter:   30 Total= -23.019912335215 Active= -45.985587373443 G=     4.27e-05
 ooCMF Iter:   31 Total= -23.019912335355 Active= -45.985587373583 G=     2.49e-05
 ooCMF Iter:   32 Total= -23.019912335395 Active= -45.985587373623 G=     1.46e-05
 ooCMF Iter:   33 Total= -23.019912335409 Active= -45.985587373637 G=     8.70e-06
 ooCMF Iter:   34 Total= -23.019912335417 Active= -45.985587373645 G=     9.21e-06
 ooCMF Iter:   35 Total= -23.019912335430 Active= -45.985587373657 G=     2.58e-05
 ooCMF Iter:   36 Total= -23.019912335504 Active= -45.985587373731 G=     2.11e-05
 ooCMF Iter:   37 Total= -23.019912335536 Active= -45.985587373764 G=     1.56e-05
 ooCMF Iter:   38 Total= -23.019912335555 Active= -45.985587373783 G=     8.52e-06
 ooCMF Iter:   39 Total= -23.019912335560 Active= -45.985587373787 G=     5.86e-06
 ooCMF Iter:   40 Total= -23.019912335562 Active= -45.985587373790 G=     3.14e-06
 ooCMF Iter:   41 Total= -23.019912335563 Active= -45.985587373791 G=     2.92e-06
 ooCMF Iter:   42 Total= -23.019912335564 Active= -45.985587373792 G=     4.87e-06
 ooCMF Iter:   43 Total= -23.019912335567 Active= -45.985587373795 G=     6.10e-06
 ooCMF Iter:   44 Total= -23.019912335570 Active= -45.985587373798 G=     8.86e-06
 ooCMF Iter:   45 Total= -23.019912335574 Active= -45.985587373802 G=     2.37e-06
 ooCMF Iter:   46 Total= -23.019912335574 Active= -45.985587373802 G=     1.40e-06
 ooCMF Iter:   47 Total= -23.019912335575 Active= -45.985587373802 G=     1.83e-06
 ooCMF Iter:   48 Total= -23.019912335576 Active= -45.985587373804 G=     4.17e-06
 ooCMF Iter:   49 Total= -23.019912335578 Active= -45.985587373806 G=     4.68e-06
 ooCMF Iter:   50 Total= -23.019912335579 Active= -45.985587373807 G=     1.08e-06
 ooCMF Iter:   51 Total= -23.019912335579 Active= -45.985587373807 G=     7.30e-07
 ooCMF Iter:   52 Total= -23.019912335579 Active= -45.985587373807 G=     1.91e-06
 ooCMF Iter:   53 Total= -23.019912335580 Active= -45.985587373808 G=     1.00e-06
 ooCMF Iter:   54 Total= -23.019912335580 Active= -45.985587373808 G=     3.47e-07
 ooCMF Iter:   55 Total= -23.019912335580 Active= -45.985587373808 G=     4.38e-07
 ooCMF Iter:   56 Total= -23.019912335580 Active= -45.985587373808 G=     1.16e-06
 ooCMF Iter:   57 Total= -23.019912335580 Active= -45.985587373808 G=     4.59e-07
 ooCMF Iter:   58 Total= -23.019912335580 Active= -45.985587373808 G=     2.07e-07
 ooCMF Iter:   59 Total= -23.019912335580 Active= -45.985587373808 G=     4.74e-07
 ooCMF Iter:   60 Total= -23.019912335580 Active= -45.985587373808 G=     8.34e-07
 ooCMF Iter:   61 Total= -23.019912335581 Active= -45.985587373808 G=     1.66e-07
 ooCMF Iter:   62 Total= -23.019912335581 Active= -45.985587373808 G=     6.57e-08
 * Status: success

 * Candidate solution
    Final objective value:     -2.301991e+01

 * Found with
    Algorithm:     Conjugate Gradient

 * Convergence measures
    |x - x'|               = 4.86e-09 ≰ 0.0e+00
    |x - x'|/|x'|          = 1.15e-07 ≰ 0.0e+00
    |f(x) - f(x')|         = 0.00e+00 ≤ 0.0e+00
    |f(x) - f(x')|/|f(x')| = 0.00e+00 ≤ 0.0e+00
    |g(x)|                 = 7.42e-09 ≤ 1.0e-08

 * Work counters
    Seconds run:   41  (vs limit Inf)
    Iterations:    61
    f(x) calls:    149
    ∇f(x) calls:   95

*ooCMF -23.01991234 
 41.488937 seconds (14.20 M allocations: 34.467 GiB, 9.82% gc time)
 Step:    1 E: -22.861112667273 G: 1.8e+00
 Step:    2 E: -23.013229884873 G: 3.6e-01
 Step:    3 E: -23.018772419918 G: 8.3e-02
 Step:    4 E: -23.019055002074 G: 2.6e-02
 Step:    5 E: -23.019087858038 G: 1.4e-02
 Step:    6 E: -23.019104109754 G: 1.2e-02
 Step:    7 E: -23.019118599292 G: 1.2e-02
 Step:    8 E: -23.019132656134 G: 1.2e-02
 Step:    9 E: -23.019146442347 G: 1.2e-02
 Step:   10 E: -23.019159984625 G: 1.2e-02
 Step:   11 E: -23.019173290595 G: 1.1e-02
 Step:   12 E: -23.019186364845 G: 1.1e-02
 Step:   13 E: -23.019199211400 G: 1.1e-02
 Step:   14 E: -23.019211834134 G: 1.1e-02
 Step:   15 E: -23.019224236846 G: 1.1e-02
 Step:   16 E: -23.019236423267 G: 1.1e-02
 Step:   17 E: -23.019248397070 G: 1.1e-02
 Step:   18 E: -23.019260161868 G: 1.1e-02
 Step:   19 E: -23.019271721215 G: 1.1e-02
 Step:   20 E: -23.019283078606 G: 1.1e-02
 Step:   21 E: -23.019294237483 G: 1.0e-02
 Step:   22 E: -23.019305201229 G: 1.0e-02
 Step:   23 E: -23.019315973172 G: 1.0e-02
 Step:   24 E: -23.019326556587 G: 1.0e-02
 Step:   25 E: -23.019336954695 G: 1.0e-02
 Step:   26 E: -23.019347170665 G: 1.0e-02
 Step:   27 E: -23.019357207612 G: 1.0e-02
 Step:   28 E: -23.019367068603 G: 9.9e-03
 Step:   29 E: -23.019376756652 G: 9.8e-03
 Step:   30 E: -23.019386274725 G: 9.7e-03
 Step:   31 E: -23.019395625738 G: 9.6e-03
 Step:   32 E: -23.019404812560 G: 9.5e-03
 Step:   33 E: -23.019413838013 G: 9.4e-03
 Step:   34 E: -23.019422704870 G: 9.4e-03
 Step:   35 E: -23.019431415861 G: 9.3e-03
 Step:   36 E: -23.019439973670 G: 9.2e-03
 Step:   37 E: -23.019448380934 G: 9.1e-03
 Step:   38 E: -23.019456640251 G: 9.0e-03
 Step:   39 E: -23.019464754171 G: 8.9e-03
 Step:   40 E: -23.019472725204 G: 8.9e-03
 Step:   41 E: -23.019480555819 G: 8.8e-03
 Step:   42 E: -23.019488248441 G: 8.7e-03
 Step:   43 E: -23.019495805457 G: 8.6e-03
 Step:   44 E: -23.019503229213 G: 8.6e-03
 Step:   45 E: -23.019510522017 G: 8.5e-03
 Step:   46 E: -23.019517686137 G: 8.4e-03
 Step:   47 E: -23.019524723802 G: 8.3e-03
 Step:   48 E: -23.019531637206 G: 8.3e-03
 Step:   49 E: -23.019538428506 G: 8.2e-03
 Step:   50 E: -23.019545099820 G: 8.1e-03
 Step:   51 E: -23.019551653233 G: 8.0e-03
 Step:   52 E: -23.019558090795 G: 8.0e-03
 Step:   53 E: -23.019564414518 G: 7.9e-03
 Step:   54 E: -23.019570626385 G: 7.8e-03
 Step:   55 E: -23.019576728341 G: 7.8e-03
 Step:   56 E: -23.019582722302 G: 7.7e-03
 Step:   57 E: -23.019588610147 G: 7.6e-03
 Step:   58 E: -23.019594393729 G: 7.6e-03
 Step:   59 E: -23.019600074864 G: 7.5e-03
 Step:   60 E: -23.019605655340 G: 7.4e-03
 Step:   61 E: -23.019611136915 G: 7.4e-03
 Step:   62 E: -23.019616521315 G: 7.3e-03
 Step:   63 E: -23.019621810240 G: 7.2e-03
 Step:   64 E: -23.019627005357 G: 7.2e-03
 Step:   65 E: -23.019632108307 G: 7.1e-03
 Step:   66 E: -23.019637120703 G: 7.0e-03
 Step:   67 E: -23.019642044130 G: 7.0e-03
 Step:   68 E: -23.019646880146 G: 6.9e-03
 Step:   69 E: -23.019651630282 G: 6.8e-03
 Step:   70 E: -23.019656296042 G: 6.8e-03
 Step:   71 E: -23.019660878908 G: 6.7e-03
 Step:   72 E: -23.019665380333 G: 6.7e-03
 Step:   73 E: -23.019669801745 G: 6.6e-03
 Step:   74 E: -23.019674144549 G: 6.5e-03
 Step:   75 E: -23.019678410127 G: 6.5e-03
 Step:   76 E: -23.019682599833 G: 6.4e-03
 Step:   77 E: -23.019686715003 G: 6.4e-03
 Step:   78 E: -23.019690756945 G: 6.3e-03
 Step:   79 E: -23.019694726949 G: 6.3e-03
 Step:   80 E: -23.019698626280 G: 6.2e-03
 Step:   81 E: -23.019702456182 G: 6.1e-03
 Step:   82 E: -23.019706217877 G: 6.1e-03
 Step:   83 E: -23.019709912566 G: 6.0e-03
 Step:   84 E: -23.019713541430 G: 6.0e-03
 Step:   85 E: -23.019717105630 G: 5.9e-03
 Step:   86 E: -23.019720606305 G: 5.9e-03
 Step:   87 E: -23.019724044576 G: 5.8e-03
 Step:   88 E: -23.019727421543 G: 5.8e-03
 Step:   89 E: -23.019730738289 G: 5.7e-03
 Step:   90 E: -23.019733995877 G: 5.7e-03
 Step:   91 E: -23.019737195352 G: 5.6e-03
 Step:   92 E: -23.019740337739 G: 5.6e-03
 Step:   93 E: -23.019743424048 G: 5.5e-03
 Step:   94 E: -23.019746455270 G: 5.5e-03
 Step:   95 E: -23.019749432380 G: 5.4e-03
 Step:   96 E: -23.019752356333 G: 5.4e-03
 Step:   97 E: -23.019755228071 G: 5.3e-03
 Step:   98 E: -23.019758048517 G: 5.3e-03
 Step:   99 E: -23.019760818580 G: 5.2e-03
 Step:  100 E: -23.019763539152 G: 5.2e-03
 Step:  101 E: -23.019766211109 G: 5.1e-03
 Step:  102 E: -23.019768835313 G: 5.1e-03
 Step:  103 E: -23.019771412609 G: 5.0e-03
 Step:  104 E: -23.019773943829 G: 5.0e-03
 Step:  105 E: -23.019776429791 G: 5.0e-03
 Step:  106 E: -23.019778871296 G: 4.9e-03
 Step:  107 E: -23.019781269134 G: 4.9e-03
 Step:  108 E: -23.019783624080 G: 4.8e-03
 Step:  109 E: -23.019785936894 G: 4.8e-03
 Step:  110 E: -23.019788208324 G: 4.7e-03
 Step:  111 E: -23.019790439107 G: 4.7e-03
 Step:  112 E: -23.019792629962 G: 4.6e-03
 Step:  113 E: -23.019794781601 G: 4.6e-03
 Step:  114 E: -23.019796894719 G: 4.6e-03
 Step:  115 E: -23.019798970001 G: 4.5e-03
 Step:  116 E: -23.019801008121 G: 4.5e-03
 Step:  117 E: -23.019803009738 G: 4.4e-03
 Step:  118 E: -23.019804975502 G: 4.4e-03
 Step:  119 E: -23.019806906052 G: 4.4e-03
 Step:  120 E: -23.019808802013 G: 4.3e-03
 Step:  121 E: -23.019810664001 G: 4.3e-03
 Step:  122 E: -23.019812492620 G: 4.2e-03
 Step:  123 E: -23.019814288466 G: 4.2e-03
 Step:  124 E: -23.019816052122 G: 4.2e-03
 Step:  125 E: -23.019817784160 G: 4.1e-03
 Step:  126 E: -23.019819485145 G: 4.1e-03
 Step:  127 E: -23.019821155630 G: 4.1e-03
 Step:  128 E: -23.019822796157 G: 4.0e-03
 Step:  129 E: -23.019824407263 G: 4.0e-03
 Step:  130 E: -23.019825989470 G: 4.0e-03
 Step:  131 E: -23.019827543294 G: 3.9e-03
 Step:  132 E: -23.019829069242 G: 3.9e-03
 Step:  133 E: -23.019830567811 G: 3.8e-03
 Step:  134 E: -23.019832039489 G: 3.8e-03
 Step:  135 E: -23.019833484756 G: 3.8e-03
 Step:  136 E: -23.019834904084 G: 3.7e-03
 Step:  137 E: -23.019836297935 G: 3.7e-03
 Step:  138 E: -23.019837666766 G: 3.7e-03
 Step:  139 E: -23.019839011021 G: 3.6e-03
 Step:  140 E: -23.019840331141 G: 3.6e-03
 Step:  141 E: -23.019841627557 G: 3.6e-03
 Step:  142 E: -23.019842900691 G: 3.5e-03
 Step:  143 E: -23.019844150961 G: 3.5e-03
 Step:  144 E: -23.019845378774 G: 3.5e-03
 Step:  145 E: -23.019846584532 G: 3.4e-03
 Step:  146 E: -23.019847768630 G: 3.4e-03
 Step:  147 E: -23.019848931455 G: 3.4e-03
 Step:  148 E: -23.019850073387 G: 3.4e-03
 Step:  149 E: -23.019851194800 G: 3.3e-03
 Step:  150 E: -23.019852296061 G: 3.3e-03
 Step:  151 E: -23.019853377530 G: 3.3e-03
 Step:  152 E: -23.019854439562 G: 3.2e-03
 ..........................................
Step:  829 E: -23.019912335223 G: 7.5e-06
 Step:  830 E: -23.019912335229 G: 7.4e-06
 Step:  831 E: -23.019912335234 G: 7.4e-06
 Step:  832 E: -23.019912335240 G: 7.3e-06
 Step:  833 E: -23.019912335245 G: 7.2e-06
 Step:  834 E: -23.019912335250 G: 7.2e-06
 Step:  835 E: -23.019912335256 G: 7.1e-06
 Step:  836 E: -23.019912335261 G: 7.1e-06
 Step:  837 E: -23.019912335266 G: 7.0e-06
 Step:  838 E: -23.019912335270 G: 6.9e-06
 Step:  839 E: -23.019912335275 G: 6.9e-06
 Step:  840 E: -23.019912335280 G: 6.8e-06
 Step:  841 E: -23.019912335284 G: 6.8e-06
 Step:  842 E: -23.019912335289 G: 6.7e-06
 Step:  843 E: -23.019912335294 G: 6.7e-06
 Step:  844 E: -23.019912335298 G: 6.6e-06
 Step:  845 E: -23.019912335302 G: 6.5e-06
 Step:  846 E: -23.019912335307 G: 6.5e-06
 Step:  847 E: -23.019912335311 G: 6.4e-06
 Step:  848 E: -23.019912335315 G: 6.4e-06
 Step:  849 E: -23.019912335319 G: 6.3e-06
 Step:  850 E: -23.019912335323 G: 6.3e-06
 Step:  851 E: -23.019912335327 G: 6.2e-06
 Step:  852 E: -23.019912335331 G: 6.2e-06
 Step:  853 E: -23.019912335335 G: 6.1e-06
 Step:  854 E: -23.019912335338 G: 6.1e-06
 Step:  855 E: -23.019912335342 G: 6.0e-06
 Step:  856 E: -23.019912335346 G: 6.0e-06
 Step:  857 E: -23.019912335349 G: 5.9e-06
 Step:  858 E: -23.019912335353 G: 5.9e-06
 Step:  859 E: -23.019912335356 G: 5.8e-06
 Step:  860 E: -23.019912335359 G: 5.8e-06
 Step:  861 E: -23.019912335363 G: 5.7e-06
 Step:  862 E: -23.019912335366 G: 5.7e-06
 Step:  863 E: -23.019912335369 G: 5.6e-06
 Step:  864 E: -23.019912335373 G: 5.6e-06
 Step:  865 E: -23.019912335376 G: 5.6e-06
 Step:  866 E: -23.019912335379 G: 5.5e-06
 Step:  867 E: -23.019912335382 G: 5.5e-06
 Step:  868 E: -23.019912335385 G: 5.4e-06
 Step:  869 E: -23.019912335388 G: 5.4e-06
 Step:  870 E: -23.019912335390 G: 5.3e-06
 Step:  871 E: -23.019912335393 G: 5.3e-06
 Step:  872 E: -23.019912335396 G: 5.2e-06
 Step:  873 E: -23.019912335399 G: 5.2e-06
 Step:  874 E: -23.019912335402 G: 5.2e-06
 Step:  875 E: -23.019912335404 G: 5.1e-06
 Step:  876 E: -23.019912335407 G: 5.1e-06
 Step:  877 E: -23.019912335409 G: 5.0e-06
 Step:  878 E: -23.019912335412 G: 5.0e-06
 Step:  879 E: -23.019912335414 G: 5.0e-06
 Step:  880 E: -23.019912335417 G: 4.9e-06
 Step:  881 E: -23.019912335419 G: 4.9e-06
 Step:  882 E: -23.019912335422 G: 4.8e-06
 Step:  883 E: -23.019912335424 G: 4.8e-06
 Step:  884 E: -23.019912335426 G: 4.8e-06
 Step:  885 E: -23.019912335429 G: 4.7e-06
 Step:  886 E: -23.019912335431 G: 4.7e-06
 Step:  887 E: -23.019912335433 G: 4.7e-06
 Step:  888 E: -23.019912335435 G: 4.6e-06
 Step:  889 E: -23.019912335437 G: 4.6e-06
 Step:  890 E: -23.019912335439 G: 4.5e-06
 Step:  891 E: -23.019912335441 G: 4.5e-06
 Step:  892 E: -23.019912335444 G: 4.5e-06
 Step:  893 E: -23.019912335445 G: 4.4e-06
 Step:  894 E: -23.019912335447 G: 4.4e-06
 Step:  895 E: -23.019912335449 G: 4.4e-06
 Step:  896 E: -23.019912335451 G: 4.3e-06
 Step:  897 E: -23.019912335453 G: 4.3e-06
 Step:  898 E: -23.019912335455 G: 4.3e-06
 Step:  899 E: -23.019912335457 G: 4.2e-06
 Step:  900 E: -23.019912335459 G: 4.2e-06
 Step:  901 E: -23.019912335460 G: 4.2e-06
 Step:  902 E: -23.019912335462 G: 4.1e-06
 Step:  903 E: -23.019912335463 G: 4.1e-06
 Step:  904 E: -23.019912335465 G: 4.1e-06
 Step:  905 E: -23.019912335467 G: 4.0e-06
 Step:  906 E: -23.019912335469 G: 4.0e-06
 Step:  907 E: -23.019912335470 G: 4.0e-06
 Step:  908 E: -23.019912335472 G: 3.9e-06
 Step:  909 E: -23.019912335473 G: 3.9e-06
 Step:  910 E: -23.019912335475 G: 3.9e-06
 Step:  911 E: -23.019912335476 G: 3.8e-06
 Step:  912 E: -23.019912335478 G: 3.8e-06
 Step:  913 E: -23.019912335479 G: 3.8e-06
 Step:  914 E: -23.019912335481 G: 3.8e-06
 Step:  915 E: -23.019912335482 G: 3.7e-06
 Step:  916 E: -23.019912335484 G: 3.7e-06
 Step:  917 E: -23.019912335485 G: 3.7e-06
 Step:  918 E: -23.019912335486 G: 3.6e-06
 Step:  919 E: -23.019912335488 G: 3.6e-06
 Step:  920 E: -23.019912335489 G: 3.6e-06
 Step:  921 E: -23.019912335490 G: 3.6e-06
 Step:  922 E: -23.019912335491 G: 3.5e-06
 Step:  923 E: -23.019912335493 G: 3.5e-06
 Step:  924 E: -23.019912335494 G: 3.5e-06
 Step:  925 E: -23.019912335495 G: 3.5e-06
 Step:  926 E: -23.019912335496 G: 3.4e-06
 Step:  927 E: -23.019912335497 G: 3.4e-06
 Step:  928 E: -23.019912335499 G: 3.4e-06
 Step:  929 E: -23.019912335500 G: 3.3e-06
 Step:  930 E: -23.019912335501 G: 3.3e-06
 Step:  931 E: -23.019912335502 G: 3.3e-06
 Step:  932 E: -23.019912335503 G: 3.3e-06
 Step:  933 E: -23.019912335504 G: 3.2e-06
 Step:  934 E: -23.019912335505 G: 3.2e-06
 Step:  935 E: -23.019912335506 G: 3.2e-06
 Step:  936 E: -23.019912335507 G: 3.2e-06
 Step:  937 E: -23.019912335508 G: 3.2e-06
 Step:  938 E: -23.019912335509 G: 3.1e-06
 Step:  939 E: -23.019912335510 G: 3.1e-06
 Step:  940 E: -23.019912335511 G: 3.1e-06
 Step:  941 E: -23.019912335512 G: 3.1e-06
 Step:  942 E: -23.019912335513 G: 3.0e-06
 Step:  943 E: -23.019912335514 G: 3.0e-06
 Step:  944 E: -23.019912335515 G: 3.0e-06
 Step:  945 E: -23.019912335516 G: 3.0e-06
 Step:  946 E: -23.019912335517 G: 2.9e-06
 Step:  947 E: -23.019912335517 G: 2.9e-06
 Step:  948 E: -23.019912335518 G: 2.9e-06
 Step:  949 E: -23.019912335519 G: 2.9e-06
 Step:  950 E: -23.019912335520 G: 2.9e-06
 Step:  951 E: -23.019912335521 G: 2.8e-06
 Step:  952 E: -23.019912335521 G: 2.8e-06
 Step:  953 E: -23.019912335522 G: 2.8e-06
 Step:  954 E: -23.019912335523 G: 2.8e-06
 Step:  955 E: -23.019912335524 G: 2.8e-06
 Step:  956 E: -23.019912335524 G: 2.7e-06
 Step:  957 E: -23.019912335525 G: 2.7e-06
 Step:  958 E: -23.019912335526 G: 2.7e-06
 Step:  959 E: -23.019912335527 G: 2.7e-06
 Step:  960 E: -23.019912335528 G: 2.7e-06
 Step:  961 E: -23.019912335528 G: 2.6e-06
 Step:  962 E: -23.019912335529 G: 2.6e-06
 Step:  963 E: -23.019912335530 G: 2.6e-06
 Step:  964 E: -23.019912335530 G: 2.6e-06
 Step:  965 E: -23.019912335531 G: 2.6e-06
 Step:  966 E: -23.019912335532 G: 2.5e-06
 Step:  967 E: -23.019912335532 G: 2.5e-06
 Step:  968 E: -23.019912335533 G: 2.5e-06
 Step:  969 E: -23.019912335533 G: 2.5e-06
 Step:  970 E: -23.019912335534 G: 2.5e-06
 Step:  971 E: -23.019912335534 G: 2.4e-06
 Step:  972 E: -23.019912335535 G: 2.4e-06
 Step:  973 E: -23.019912335536 G: 2.4e-06
 Step:  974 E: -23.019912335537 G: 2.4e-06
 Step:  975 E: -23.019912335537 G: 2.4e-06
 Step:  976 E: -23.019912335538 G: 2.4e-06
 Step:  977 E: -23.019912335538 G: 2.3e-06
 Step:  978 E: -23.019912335539 G: 2.3e-06
 Step:  979 E: -23.019912335539 G: 2.3e-06
 Step:  980 E: -23.019912335540 G: 2.3e-06
 Step:  981 E: -23.019912335540 G: 2.3e-06
 Step:  982 E: -23.019912335541 G: 2.3e-06
 Step:  983 E: -23.019912335541 G: 2.2e-06
 Step:  984 E: -23.019912335542 G: 2.2e-06
 Step:  985 E: -23.019912335542 G: 2.2e-06
 Step:  986 E: -23.019912335543 G: 2.2e-06
 Step:  987 E: -23.019912335543 G: 2.2e-06
 Step:  988 E: -23.019912335544 G: 2.2e-06
 Step:  989 E: -23.019912335544 G: 2.2e-06
 Step:  990 E: -23.019912335545 G: 2.1e-06
 Step:  991 E: -23.019912335545 G: 2.1e-06
 Step:  992 E: -23.019912335545 G: 2.1e-06
 Step:  993 E: -23.019912335546 G: 2.1e-06
 Step:  994 E: -23.019912335546 G: 2.1e-06
 Step:  995 E: -23.019912335547 G: 2.1e-06
 Step:  996 E: -23.019912335547 G: 2.0e-06
 Step:  997 E: -23.019912335548 G: 2.0e-06
 Step:  998 E: -23.019912335548 G: 2.0e-06
 Step:  999 E: -23.019912335549 G: 2.0e-06
 Step: 1000 E: -23.019912335549 G: 2.0e-06
 Step: 1001 E: -23.019912335549 G: 2.0e-06
 Step: 1002 E: -23.019912335550 G: 2.0e-06
 Step: 1003 E: -23.019912335550 G: 1.9e-06
 Step: 1004 E: -23.019912335550 G: 1.9e-06
 Step: 1005 E: -23.019912335551 G: 1.9e-06
 Step: 1006 E: -23.019912335551 G: 1.9e-06
 Step: 1007 E: -23.019912335552 G: 1.9e-06
 Step: 1008 E: -23.019912335552 G: 1.9e-06
 Step: 1009 E: -23.019912335552 G: 1.9e-06
 Step: 1010 E: -23.019912335553 G: 1.9e-06
 Step: 1011 E: -23.019912335553 G: 1.8e-06
 Step: 1012 E: -23.019912335553 G: 1.8e-06
 Step: 1013 E: -23.019912335554 G: 1.8e-06
 Step: 1014 E: -23.019912335554 G: 1.8e-06
 Step: 1015 E: -23.019912335554 G: 1.8e-06
 Step: 1016 E: -23.019912335555 G: 1.8e-06
 Step: 1017 E: -23.019912335555 G: 1.8e-06
 Step: 1018 E: -23.019912335556 G: 1.8e-06
 Step: 1019 E: -23.019912335556 G: 1.7e-06
 Step: 1020 E: -23.019912335556 G: 1.7e-06
 Step: 1021 E: -23.019912335556 G: 1.7e-06
 Step: 1022 E: -23.019912335557 G: 1.7e-06
 Step: 1023 E: -23.019912335557 G: 1.7e-06
 Step: 1024 E: -23.019912335557 G: 1.7e-06
 Step: 1025 E: -23.019912335557 G: 1.7e-06
 Step: 1026 E: -23.019912335558 G: 1.7e-06
 Step: 1027 E: -23.019912335558 G: 1.7e-06
 Step: 1028 E: -23.019912335558 G: 1.6e-06
 Step: 1029 E: -23.019912335558 G: 1.6e-06
 Step: 1030 E: -23.019912335559 G: 1.6e-06
 Step: 1031 E: -23.019912335559 G: 1.6e-06
 Step: 1032 E: -23.019912335559 G: 1.6e-06
 Step: 1033 E: -23.019912335560 G: 1.6e-06
 Step: 1034 E: -23.019912335560 G: 1.6e-06
 Step: 1035 E: -23.019912335560 G: 1.6e-06
 Step: 1036 E: -23.019912335560 G: 1.6e-06
 Step: 1037 E: -23.019912335560 G: 1.5e-06
 Step: 1038 E: -23.019912335561 G: 1.5e-06
 Step: 1039 E: -23.019912335561 G: 1.5e-06
 Step: 1040 E: -23.019912335561 G: 1.5e-06
 Step: 1041 E: -23.019912335561 G: 1.5e-06
 Step: 1042 E: -23.019912335562 G: 1.5e-06
 Step: 1043 E: -23.019912335562 G: 1.5e-06
 Step: 1044 E: -23.019912335562 G: 1.5e-06
 Step: 1045 E: -23.019912335562 G: 1.5e-06
 Step: 1046 E: -23.019912335563 G: 1.5e-06
 Step: 1047 E: -23.019912335563 G: 1.4e-06
 Step: 1048 E: -23.019912335563 G: 1.4e-06
 Step: 1049 E: -23.019912335563 G: 1.4e-06
 Step: 1050 E: -23.019912335563 G: 1.4e-06
 Step: 1051 E: -23.019912335564 G: 1.4e-06
 Step: 1052 E: -23.019912335564 G: 1.4e-06
 Step: 1053 E: -23.019912335564 G: 1.4e-06
 Step: 1054 E: -23.019912335564 G: 1.4e-06
 Step: 1055 E: -23.019912335564 G: 1.4e-06
 Step: 1056 E: -23.019912335564 G: 1.4e-06
 Step: 1057 E: -23.019912335565 G: 1.4e-06
 Step: 1058 E: -23.019912335565 G: 1.3e-06
 Step: 1059 E: -23.019912335565 G: 1.3e-06
 Step: 1060 E: -23.019912335565 G: 1.3e-06
 Step: 1061 E: -23.019912335565 G: 1.3e-06
 Step: 1062 E: -23.019912335566 G: 1.3e-06
 Step: 1063 E: -23.019912335566 G: 1.3e-06
 Step: 1064 E: -23.019912335566 G: 1.3e-06
 Step: 1065 E: -23.019912335566 G: 1.3e-06
 Step: 1066 E: -23.019912335566 G: 1.3e-06
 Step: 1067 E: -23.019912335566 G: 1.3e-06
 Step: 1068 E: -23.019912335567 G: 1.3e-06
 Step: 1069 E: -23.019912335567 G: 1.3e-06
 Step: 1070 E: -23.019912335567 G: 1.2e-06
 Step: 1071 E: -23.019912335567 G: 1.2e-06
 Step: 1072 E: -23.019912335567 G: 1.2e-06
 Step: 1073 E: -23.019912335567 G: 1.2e-06
 Step: 1074 E: -23.019912335568 G: 1.2e-06
 Step: 1075 E: -23.019912335568 G: 1.2e-06
 Step: 1076 E: -23.019912335568 G: 1.2e-06
 Step: 1077 E: -23.019912335568 G: 1.2e-06
 Step: 1078 E: -23.019912335568 G: 1.2e-06
 Step: 1079 E: -23.019912335568 G: 1.2e-06
 Step: 1080 E: -23.019912335568 G: 1.2e-06
 Step: 1081 E: -23.019912335568 G: 1.2e-06
 Step: 1082 E: -23.019912335569 G: 1.2e-06
 Step: 1083 E: -23.019912335569 G: 1.2e-06
 Step: 1084 E: -23.019912335569 G: 1.1e-06
 Step: 1085 E: -23.019912335569 G: 1.1e-06
 Step: 1086 E: -23.019912335569 G: 1.1e-06
 Step: 1087 E: -23.019912335569 G: 1.1e-06
 Step: 1088 E: -23.019912335569 G: 1.1e-06
 Step: 1089 E: -23.019912335570 G: 1.1e-06
 Step: 1090 E: -23.019912335570 G: 1.1e-06
 Step: 1091 E: -23.019912335570 G: 1.1e-06
 Step: 1092 E: -23.019912335570 G: 1.1e-06
 Step: 1093 E: -23.019912335570 G: 1.1e-06
 Step: 1094 E: -23.019912335570 G: 1.1e-06
 Step: 1095 E: -23.019912335570 G: 1.1e-06
 Step: 1096 E: -23.019912335570 G: 1.1e-06
 Step: 1097 E: -23.019912335571 G: 1.1e-06
 Step: 1098 E: -23.019912335571 G: 1.1e-06
 Step: 1099 E: -23.019912335571 G: 1.0e-06
 Step: 1100 E: -23.019912335571 G: 1.0e-06
 Step: 1101 E: -23.019912335571 G: 1.0e-06
 Step: 1102 E: -23.019912335571 G: 1.0e-06
 Step: 1103 E: -23.019912335571 G: 1.0e-06
 Step: 1104 E: -23.019912335571 G: 1.0e-06
 Step: 1105 E: -23.019912335571 G: 1.0e-06
 Step: 1106 E: -23.019912335572 G: 1.0e-06
 Step: 1107 E: -23.019912335572 G: 1.0e-06
 Step: 1108 E: -23.019912335572 G: 9.9e-07
 Step: 1109 E: -23.019912335572 G: 9.8e-07
 Step: 1110 E: -23.019912335572 G: 9.8e-07
 Step: 1111 E: -23.019912335572 G: 9.7e-07
 Step: 1112 E: -23.019912335572 G: 9.7e-07
 Step: 1113 E: -23.019912335572 G: 9.6e-07
 Step: 1114 E: -23.019912335572 G: 9.5e-07
 Step: 1115 E: -23.019912335572 G: 9.5e-07
 Step: 1116 E: -23.019912335573 G: 9.4e-07
 Step: 1117 E: -23.019912335573 G: 9.4e-07
 Step: 1118 E: -23.019912335573 G: 9.3e-07
 Step: 1119 E: -23.019912335573 G: 9.3e-07
 Step: 1120 E: -23.019912335573 G: 9.2e-07
 Step: 1121 E: -23.019912335573 G: 9.2e-07
 Step: 1122 E: -23.019912335573 G: 9.1e-07
 Step: 1123 E: -23.019912335573 G: 9.1e-07
 Step: 1124 E: -23.019912335573 G: 9.0e-07
 Step: 1125 E: -23.019912335573 G: 8.9e-07
 Step: 1126 E: -23.019912335573 G: 8.9e-07
 Step: 1127 E: -23.019912335574 G: 8.8e-07
 Step: 1128 E: -23.019912335574 G: 8.8e-07
 Step: 1129 E: -23.019912335574 G: 8.7e-07
 Step: 1130 E: -23.019912335574 G: 8.7e-07
 Step: 1131 E: -23.019912335574 G: 8.6e-07
 Step: 1132 E: -23.019912335574 G: 8.6e-07
 Step: 1133 E: -23.019912335574 G: 8.5e-07
 Step: 1134 E: -23.019912335574 G: 8.5e-07
 Step: 1135 E: -23.019912335574 G: 8.4e-07
 Step: 1136 E: -23.019912335574 G: 8.4e-07
 Step: 1137 E: -23.019912335574 G: 8.3e-07
 Step: 1138 E: -23.019912335575 G: 8.3e-07
 Step: 1139 E: -23.019912335574 G: 8.3e-07
 Step: 1140 E: -23.019912335575 G: 8.2e-07
 Step: 1141 E: -23.019912335575 G: 8.2e-07
 Step: 1142 E: -23.019912335575 G: 8.1e-07
 Step: 1143 E: -23.019912335575 G: 8.1e-07
 Step: 1144 E: -23.019912335575 G: 8.0e-07
 Step: 1145 E: -23.019912335575 G: 8.0e-07
 Step: 1146 E: -23.019912335575 G: 7.9e-07
 Step: 1147 E: -23.019912335575 G: 7.9e-07
 Step: 1148 E: -23.019912335575 G: 7.8e-07
 Step: 1149 E: -23.019912335575 G: 7.8e-07
 Step: 1150 E: -23.019912335575 G: 7.8e-07
 Step: 1151 E: -23.019912335575 G: 7.7e-07
 Step: 1152 E: -23.019912335575 G: 7.7e-07
 Step: 1153 E: -23.019912335575 G: 7.6e-07
 Step: 1154 E: -23.019912335575 G: 7.6e-07
 Step: 1155 E: -23.019912335575 G: 7.5e-07
 Step: 1156 E: -23.019912335575 G: 7.5e-07
 Step: 1157 E: -23.019912335575 G: 7.5e-07
 Step: 1158 E: -23.019912335576 G: 7.4e-07
 Step: 1159 E: -23.019912335576 G: 7.4e-07
 Step: 1160 E: -23.019912335576 G: 7.3e-07
 Step: 1161 E: -23.019912335576 G: 7.3e-07
 Step: 1162 E: -23.019912335576 G: 7.2e-07
 Step: 1163 E: -23.019912335576 G: 7.2e-07
 Step: 1164 E: -23.019912335576 G: 7.2e-07
 Step: 1165 E: -23.019912335576 G: 7.1e-07
 Step: 1166 E: -23.019912335576 G: 7.1e-07
 Step: 1167 E: -23.019912335576 G: 7.0e-07
 Step: 1168 E: -23.019912335576 G: 7.0e-07
 Step: 1169 E: -23.019912335576 G: 7.0e-07
 Step: 1170 E: -23.019912335576 G: 6.9e-07
 Step: 1171 E: -23.019912335576 G: 6.9e-07
 Step: 1172 E: -23.019912335576 G: 6.9e-07
 Step: 1173 E: -23.019912335576 G: 6.8e-07
 Step: 1174 E: -23.019912335576 G: 6.8e-07
 Step: 1175 E: -23.019912335576 G: 6.7e-07
 Step: 1176 E: -23.019912335577 G: 6.7e-07
 Step: 1177 E: -23.019912335576 G: 6.7e-07
 Step: 1178 E: -23.019912335577 G: 6.6e-07
 Step: 1179 E: -23.019912335577 G: 6.6e-07
 Step: 1180 E: -23.019912335577 G: 6.6e-07
 Step: 1181 E: -23.019912335577 G: 6.5e-07
 Step: 1182 E: -23.019912335577 G: 6.5e-07
 Step: 1183 E: -23.019912335577 G: 6.5e-07
 Step: 1184 E: -23.019912335577 G: 6.4e-07
 Step: 1185 E: -23.019912335577 G: 6.4e-07
 Step: 1186 E: -23.019912335577 G: 6.4e-07
 Step: 1187 E: -23.019912335577 G: 6.3e-07
 Step: 1188 E: -23.019912335577 G: 6.3e-07
 Step: 1189 E: -23.019912335577 G: 6.2e-07
 Step: 1190 E: -23.019912335577 G: 6.2e-07
 Step: 1191 E: -23.019912335577 G: 6.2e-07
 Step: 1192 E: -23.019912335577 G: 6.1e-07
 Step: 1193 E: -23.019912335577 G: 6.1e-07
 Step: 1194 E: -23.019912335577 G: 6.1e-07
 Step: 1195 E: -23.019912335577 G: 6.0e-07
 Step: 1196 E: -23.019912335577 G: 6.0e-07
 Step: 1197 E: -23.019912335577 G: 6.0e-07
 Step: 1198 E: -23.019912335577 G: 6.0e-07
 Step: 1199 E: -23.019912335577 G: 5.9e-07
 Step: 1200 E: -23.019912335577 G: 5.9e-07
 Step: 1201 E: -23.019912335578 G: 5.9e-07
 Step: 1202 E: -23.019912335577 G: 5.8e-07
 Step: 1203 E: -23.019912335578 G: 5.8e-07
 Step: 1204 E: -23.019912335577 G: 5.8e-07
 Step: 1205 E: -23.019912335577 G: 5.7e-07
 Step: 1206 E: -23.019912335578 G: 5.7e-07
 Step: 1207 E: -23.019912335578 G: 5.7e-07
 Step: 1208 E: -23.019912335578 G: 5.6e-07
 Step: 1209 E: -23.019912335578 G: 5.6e-07
 Step: 1210 E: -23.019912335578 G: 5.6e-07
 Step: 1211 E: -23.019912335578 G: 5.6e-07
 Step: 1212 E: -23.019912335578 G: 5.5e-07
 Step: 1213 E: -23.019912335578 G: 5.5e-07
 Step: 1214 E: -23.019912335578 G: 5.5e-07
 Step: 1215 E: -23.019912335578 G: 5.4e-07
 Step: 1216 E: -23.019912335578 G: 5.4e-07
 Step: 1217 E: -23.019912335578 G: 5.4e-07
 Step: 1218 E: -23.019912335578 G: 5.4e-07
 Step: 1219 E: -23.019912335578 G: 5.3e-07
 Step: 1220 E: -23.019912335578 G: 5.3e-07
 Step: 1221 E: -23.019912335578 G: 5.3e-07
 Step: 1222 E: -23.019912335578 G: 5.2e-07
 Step: 1223 E: -23.019912335578 G: 5.2e-07
 Step: 1224 E: -23.019912335578 G: 5.2e-07
 Step: 1225 E: -23.019912335578 G: 5.2e-07
 Step: 1226 E: -23.019912335578 G: 5.1e-07
 Step: 1227 E: -23.019912335578 G: 5.1e-07
 Step: 1228 E: -23.019912335578 G: 5.1e-07
 Step: 1229 E: -23.019912335578 G: 5.1e-07
 Step: 1230 E: -23.019912335578 G: 5.0e-07
 Step: 1231 E: -23.019912335578 G: 5.0e-07
 Step: 1232 E: -23.019912335578 G: 5.0e-07
 Step: 1233 E: -23.019912335578 G: 5.0e-07
 Step: 1234 E: -23.019912335578 G: 4.9e-07
 Step: 1235 E: -23.019912335578 G: 4.9e-07
 Step: 1236 E: -23.019912335578 G: 4.9e-07
 Step: 1237 E: -23.019912335578 G: 4.8e-07
 Step: 1238 E: -23.019912335578 G: 4.8e-07
 Step: 1239 E: -23.019912335578 G: 4.8e-07
 Step: 1240 E: -23.019912335578 G: 4.8e-07
 Step: 1241 E: -23.019912335578 G: 4.7e-07
 Step: 1242 E: -23.019912335579 G: 4.7e-07
 Step: 1243 E: -23.019912335579 G: 4.7e-07
 Step: 1244 E: -23.019912335579 G: 4.7e-07
 Step: 1245 E: -23.019912335579 G: 4.7e-07
 Step: 1246 E: -23.019912335579 G: 4.6e-07
 Step: 1247 E: -23.019912335579 G: 4.6e-07
 Step: 1248 E: -23.019912335579 G: 4.6e-07
 Step: 1249 E: -23.019912335579 G: 4.6e-07
 Step: 1250 E: -23.019912335579 G: 4.5e-07
 Step: 1251 E: -23.019912335579 G: 4.5e-07
 Step: 1252 E: -23.019912335579 G: 4.5e-07
 Step: 1253 E: -23.019912335579 G: 4.5e-07
 Step: 1254 E: -23.019912335579 G: 4.4e-07
 Step: 1255 E: -23.019912335579 G: 4.4e-07
 Step: 1256 E: -23.019912335579 G: 4.4e-07
 Step: 1257 E: -23.019912335579 G: 4.4e-07
 Step: 1258 E: -23.019912335579 G: 4.4e-07
 Step: 1259 E: -23.019912335579 G: 4.3e-07
 Step: 1260 E: -23.019912335579 G: 4.3e-07
 Step: 1261 E: -23.019912335579 G: 4.3e-07
 Step: 1262 E: -23.019912335579 G: 4.3e-07
 Step: 1263 E: -23.019912335579 G: 4.2e-07
 Step: 1264 E: -23.019912335579 G: 4.2e-07
 Step: 1265 E: -23.019912335579 G: 4.2e-07
 Step: 1266 E: -23.019912335579 G: 4.2e-07
 Step: 1267 E: -23.019912335579 G: 4.2e-07
 Step: 1268 E: -23.019912335579 G: 4.1e-07
 Step: 1269 E: -23.019912335579 G: 4.1e-07
 Step: 1270 E: -23.019912335579 G: 4.1e-07
 Step: 1271 E: -23.019912335579 G: 4.1e-07
 Step: 1272 E: -23.019912335579 G: 4.1e-07
 Step: 1273 E: -23.019912335579 G: 4.0e-07
 Step: 1274 E: -23.019912335579 G: 4.0e-07
 Step: 1275 E: -23.019912335579 G: 4.0e-07
 Step: 1276 E: -23.019912335579 G: 4.0e-07
 Step: 1277 E: -23.019912335579 G: 4.0e-07
 Step: 1278 E: -23.019912335579 G: 3.9e-07
 Step: 1279 E: -23.019912335579 G: 3.9e-07
 Step: 1280 E: -23.019912335579 G: 3.9e-07
 Step: 1281 E: -23.019912335579 G: 3.9e-07
 Step: 1282 E: -23.019912335579 G: 3.9e-07
 Step: 1283 E: -23.019912335579 G: 3.8e-07
 Step: 1284 E: -23.019912335579 G: 3.8e-07
 Step: 1285 E: -23.019912335580 G: 3.8e-07
 Step: 1286 E: -23.019912335579 G: 3.8e-07
 Step: 1287 E: -23.019912335579 G: 3.8e-07
 Step: 1288 E: -23.019912335579 G: 3.7e-07
 Step: 1289 E: -23.019912335579 G: 3.7e-07
 Step: 1290 E: -23.019912335580 G: 3.7e-07
 Step: 1291 E: -23.019912335579 G: 3.7e-07
 Step: 1292 E: -23.019912335580 G: 3.7e-07
 Step: 1293 E: -23.019912335579 G: 3.7e-07
 Step: 1294 E: -23.019912335580 G: 3.6e-07
 Step: 1295 E: -23.019912335580 G: 3.6e-07
 Step: 1296 E: -23.019912335579 G: 3.6e-07
 Step: 1297 E: -23.019912335580 G: 3.6e-07
 Step: 1298 E: -23.019912335580 G: 3.6e-07
 Step: 1299 E: -23.019912335580 G: 3.5e-07
 Step: 1300 E: -23.019912335580 G: 3.5e-07
 Step: 1301 E: -23.019912335580 G: 3.5e-07
 Step: 1302 E: -23.019912335580 G: 3.5e-07
 Step: 1303 E: -23.019912335580 G: 3.5e-07
 Step: 1304 E: -23.019912335580 G: 3.5e-07
 Step: 1305 E: -23.019912335580 G: 3.4e-07
 Step: 1306 E: -23.019912335580 G: 3.4e-07
 Step: 1307 E: -23.019912335580 G: 3.4e-07
 Step: 1308 E: -23.019912335579 G: 3.4e-07
 Step: 1309 E: -23.019912335580 G: 3.4e-07
 Step: 1310 E: -23.019912335580 G: 3.4e-07
 Step: 1311 E: -23.019912335580 G: 3.3e-07
 Step: 1312 E: -23.019912335580 G: 3.3e-07
 Step: 1313 E: -23.019912335580 G: 3.3e-07
 Step: 1314 E: -23.019912335580 G: 3.3e-07
 Step: 1315 E: -23.019912335580 G: 3.3e-07
 Step: 1316 E: -23.019912335580 G: 3.3e-07
 Step: 1317 E: -23.019912335580 G: 3.2e-07
 Step: 1318 E: -23.019912335580 G: 3.2e-07
 Step: 1319 E: -23.019912335580 G: 3.2e-07
 Step: 1320 E: -23.019912335580 G: 3.2e-07
 Step: 1321 E: -23.019912335580 G: 3.2e-07
 Step: 1322 E: -23.019912335580 G: 3.2e-07
 Step: 1323 E: -23.019912335580 G: 3.1e-07
 Step: 1324 E: -23.019912335580 G: 3.1e-07
 Step: 1325 E: -23.019912335580 G: 3.1e-07
 Step: 1326 E: -23.019912335580 G: 3.1e-07
 Step: 1327 E: -23.019912335580 G: 3.1e-07
 Step: 1328 E: -23.019912335580 G: 3.1e-07
 Step: 1329 E: -23.019912335580 G: 3.1e-07
 Step: 1330 E: -23.019912335580 G: 3.0e-07
 Step: 1331 E: -23.019912335580 G: 3.0e-07
 Step: 1332 E: -23.019912335580 G: 3.0e-07
 Step: 1333 E: -23.019912335580 G: 3.0e-07
 Step: 1334 E: -23.019912335580 G: 3.0e-07
 Step: 1335 E: -23.019912335580 G: 3.0e-07
 Step: 1336 E: -23.019912335580 G: 3.0e-07
 Step: 1337 E: -23.019912335580 G: 2.9e-07
 Step: 1338 E: -23.019912335580 G: 2.9e-07
 Step: 1339 E: -23.019912335580 G: 2.9e-07
 Step: 1340 E: -23.019912335580 G: 2.9e-07
 Step: 1341 E: -23.019912335580 G: 2.9e-07
 Step: 1342 E: -23.019912335580 G: 2.9e-07
 Step: 1343 E: -23.019912335580 G: 2.9e-07
 Step: 1344 E: -23.019912335580 G: 2.8e-07
 Step: 1345 E: -23.019912335580 G: 2.8e-07
 Step: 1346 E: -23.019912335580 G: 2.8e-07
 Step: 1347 E: -23.019912335580 G: 2.8e-07
 Step: 1348 E: -23.019912335580 G: 2.8e-07
 Step: 1349 E: -23.019912335580 G: 2.8e-07
 Step: 1350 E: -23.019912335580 G: 2.8e-07
 Step: 1351 E: -23.019912335580 G: 2.7e-07
 Step: 1352 E: -23.019912335580 G: 2.7e-07
 Step: 1353 E: -23.019912335580 G: 2.7e-07
 Step: 1354 E: -23.019912335580 G: 2.7e-07
 Step: 1355 E: -23.019912335580 G: 2.7e-07
 Step: 1356 E: -23.019912335580 G: 2.7e-07
 Step: 1357 E: -23.019912335580 G: 2.7e-07
 Step: 1358 E: -23.019912335580 G: 2.7e-07
 Step: 1359 E: -23.019912335580 G: 2.6e-07
 Step: 1360 E: -23.019912335580 G: 2.6e-07
 Step: 1361 E: -23.019912335580 G: 2.6e-07
 Step: 1362 E: -23.019912335580 G: 2.6e-07
 Step: 1363 E: -23.019912335580 G: 2.6e-07
 Step: 1364 E: -23.019912335580 G: 2.6e-07
 Step: 1365 E: -23.019912335580 G: 2.6e-07
 Step: 1366 E: -23.019912335580 G: 2.6e-07
 Step: 1367 E: -23.019912335580 G: 2.5e-07
 Step: 1368 E: -23.019912335580 G: 2.5e-07
 Step: 1369 E: -23.019912335580 G: 2.5e-07
 Step: 1370 E: -23.019912335580 G: 2.5e-07
 Step: 1371 E: -23.019912335580 G: 2.5e-07
 Step: 1372 E: -23.019912335580 G: 2.5e-07
 Step: 1373 E: -23.019912335580 G: 2.5e-07
 Step: 1374 E: -23.019912335580 G: 2.5e-07
 Step: 1375 E: -23.019912335580 G: 2.4e-07
 Step: 1376 E: -23.019912335580 G: 2.4e-07
 Step: 1377 E: -23.019912335580 G: 2.4e-07
 Step: 1378 E: -23.019912335580 G: 2.4e-07
 Step: 1379 E: -23.019912335580 G: 2.4e-07
 Step: 1380 E: -23.019912335580 G: 2.4e-07
 Step: 1381 E: -23.019912335580 G: 2.4e-07
 Step: 1382 E: -23.019912335581 G: 2.4e-07
 Step: 1383 E: -23.019912335580 G: 2.4e-07
 Step: 1384 E: -23.019912335580 G: 2.3e-07
 Step: 1385 E: -23.019912335580 G: 2.3e-07
 Step: 1386 E: -23.019912335581 G: 2.3e-07
 Step: 1387 E: -23.019912335581 G: 2.3e-07
 Step: 1388 E: -23.019912335580 G: 2.3e-07
 Step: 1389 E: -23.019912335580 G: 2.3e-07
 Step: 1390 E: -23.019912335580 G: 2.3e-07
 Step: 1391 E: -23.019912335580 G: 2.3e-07
 Step: 1392 E: -23.019912335580 G: 2.3e-07
 Step: 1393 E: -23.019912335580 G: 2.2e-07
 Step: 1394 E: -23.019912335580 G: 2.2e-07
 Step: 1395 E: -23.019912335580 G: 2.2e-07
 Step: 1396 E: -23.019912335580 G: 2.2e-07
 Step: 1397 E: -23.019912335580 G: 2.2e-07
 Step: 1398 E: -23.019912335580 G: 2.2e-07
 Step: 1399 E: -23.019912335580 G: 2.2e-07
 Step: 1400 E: -23.019912335580 G: 2.2e-07
 Step: 1401 E: -23.019912335580 G: 2.2e-07
 Step: 1402 E: -23.019912335580 G: 2.2e-07
 Step: 1403 E: -23.019912335580 G: 2.1e-07
 Step: 1404 E: -23.019912335580 G: 2.1e-07
 Step: 1405 E: -23.019912335580 G: 2.1e-07
 Step: 1406 E: -23.019912335580 G: 2.1e-07
 Step: 1407 E: -23.019912335580 G: 2.1e-07
 Step: 1408 E: -23.019912335580 G: 2.1e-07
 Step: 1409 E: -23.019912335581 G: 2.1e-07
 Step: 1410 E: -23.019912335580 G: 2.1e-07
 Step: 1411 E: -23.019912335580 G: 2.1e-07
 Step: 1412 E: -23.019912335581 G: 2.1e-07
 Step: 1413 E: -23.019912335580 G: 2.0e-07
 Step: 1414 E: -23.019912335580 G: 2.0e-07
 Step: 1415 E: -23.019912335581 G: 2.0e-07
 Step: 1416 E: -23.019912335581 G: 2.0e-07
 Step: 1417 E: -23.019912335581 G: 2.0e-07
 Step: 1418 E: -23.019912335580 G: 2.0e-07
 Step: 1419 E: -23.019912335580 G: 2.0e-07
 Step: 1420 E: -23.019912335580 G: 2.0e-07
 Step: 1421 E: -23.019912335580 G: 2.0e-07
 Step: 1422 E: -23.019912335581 G: 2.0e-07
 Step: 1423 E: -23.019912335581 G: 1.9e-07
 Step: 1424 E: -23.019912335581 G: 1.9e-07
 Step: 1425 E: -23.019912335580 G: 1.9e-07
 Step: 1426 E: -23.019912335581 G: 1.9e-07
 Step: 1427 E: -23.019912335581 G: 1.9e-07
 Step: 1428 E: -23.019912335581 G: 1.9e-07
 Step: 1429 E: -23.019912335581 G: 1.9e-07
 Step: 1430 E: -23.019912335581 G: 1.9e-07
 Step: 1431 E: -23.019912335581 G: 1.9e-07
 Step: 1432 E: -23.019912335581 G: 1.9e-07
 Step: 1433 E: -23.019912335581 G: 1.9e-07
 Step: 1434 E: -23.019912335581 G: 1.8e-07
 Step: 1435 E: -23.019912335581 G: 1.8e-07
 Step: 1436 E: -23.019912335581 G: 1.8e-07
 Step: 1437 E: -23.019912335581 G: 1.8e-07
 Step: 1438 E: -23.019912335581 G: 1.8e-07
 Step: 1439 E: -23.019912335581 G: 1.8e-07
 Step: 1440 E: -23.019912335581 G: 1.8e-07
 Step: 1441 E: -23.019912335581 G: 1.8e-07
 Step: 1442 E: -23.019912335581 G: 1.8e-07
 Step: 1443 E: -23.019912335581 G: 1.8e-07
 Step: 1444 E: -23.019912335581 G: 1.8e-07
 Step: 1445 E: -23.019912335581 G: 1.8e-07
 Step: 1446 E: -23.019912335581 G: 1.7e-07
 Step: 1447 E: -23.019912335581 G: 1.7e-07
 Step: 1448 E: -23.019912335581 G: 1.7e-07
 Step: 1449 E: -23.019912335581 G: 1.7e-07
 Step: 1450 E: -23.019912335581 G: 1.7e-07
 Step: 1451 E: -23.019912335581 G: 1.7e-07
 Step: 1452 E: -23.019912335581 G: 1.7e-07
 Step: 1453 E: -23.019912335581 G: 1.7e-07
 Step: 1454 E: -23.019912335581 G: 1.7e-07
 Step: 1455 E: -23.019912335581 G: 1.7e-07
 Step: 1456 E: -23.019912335581 G: 1.7e-07
 Step: 1457 E: -23.019912335581 G: 1.7e-07
 Step: 1458 E: -23.019912335581 G: 1.7e-07
 Step: 1459 E: -23.019912335580 G: 1.6e-07
 Step: 1460 E: -23.019912335581 G: 1.6e-07
 Step: 1461 E: -23.019912335581 G: 1.6e-07
 Step: 1462 E: -23.019912335580 G: 1.6e-07
 Step: 1463 E: -23.019912335580 G: 1.6e-07
 Step: 1464 E: -23.019912335581 G: 1.6e-07
 Step: 1465 E: -23.019912335581 G: 1.6e-07
 Step: 1466 E: -23.019912335581 G: 1.6e-07
 Step: 1467 E: -23.019912335581 G: 1.6e-07
 Step: 1468 E: -23.019912335581 G: 1.6e-07
 Step: 1469 E: -23.019912335581 G: 1.6e-07
 Step: 1470 E: -23.019912335581 G: 1.6e-07
 Step: 1471 E: -23.019912335581 G: 1.6e-07
 Step: 1472 E: -23.019912335580 G: 1.5e-07
 Step: 1473 E: -23.019912335581 G: 1.5e-07
 Step: 1474 E: -23.019912335581 G: 1.5e-07
 Step: 1475 E: -23.019912335580 G: 1.5e-07
 Step: 1476 E: -23.019912335581 G: 1.5e-07
 Step: 1477 E: -23.019912335580 G: 1.5e-07
 Step: 1478 E: -23.019912335581 G: 1.5e-07
 Step: 1479 E: -23.019912335581 G: 1.5e-07
 Step: 1480 E: -23.019912335581 G: 1.5e-07
 Step: 1481 E: -23.019912335581 G: 1.5e-07
 Step: 1482 E: -23.019912335581 G: 1.5e-07
 Step: 1483 E: -23.019912335581 G: 1.5e-07
 Step: 1484 E: -23.019912335581 G: 1.5e-07
 Step: 1485 E: -23.019912335581 G: 1.5e-07
 Step: 1486 E: -23.019912335580 G: 1.4e-07
 Step: 1487 E: -23.019912335581 G: 1.4e-07
 Step: 1488 E: -23.019912335581 G: 1.4e-07
 Step: 1489 E: -23.019912335581 G: 1.4e-07
 Step: 1490 E: -23.019912335581 G: 1.4e-07
 Step: 1491 E: -23.019912335581 G: 1.4e-07
 Step: 1492 E: -23.019912335581 G: 1.4e-07
 Step: 1493 E: -23.019912335581 G: 1.4e-07
 Step: 1494 E: -23.019912335581 G: 1.4e-07
 Step: 1495 E: -23.019912335581 G: 1.4e-07
 Step: 1496 E: -23.019912335581 G: 1.4e-07
 Step: 1497 E: -23.019912335581 G: 1.4e-07
 Step: 1498 E: -23.019912335581 G: 1.4e-07
 Step: 1499 E: -23.019912335581 G: 1.4e-07
 Step: 1500 E: -23.019912335580 G: 1.4e-07
 Step: 1501 E: -23.019912335581 G: 1.3e-07
 Step: 1502 E: -23.019912335581 G: 1.3e-07
 Step: 1503 E: -23.019912335581 G: 1.3e-07
 Step: 1504 E: -23.019912335581 G: 1.3e-07
 Step: 1505 E: -23.019912335581 G: 1.3e-07
 Step: 1506 E: -23.019912335581 G: 1.3e-07
 Step: 1507 E: -23.019912335581 G: 1.3e-07
 Step: 1508 E: -23.019912335581 G: 1.3e-07
 Step: 1509 E: -23.019912335581 G: 1.3e-07
 Step: 1510 E: -23.019912335580 G: 1.3e-07
 Step: 1511 E: -23.019912335581 G: 1.3e-07
 Step: 1512 E: -23.019912335581 G: 1.3e-07
 Step: 1513 E: -23.019912335581 G: 1.3e-07
 Step: 1514 E: -23.019912335581 G: 1.3e-07
 Step: 1515 E: -23.019912335581 G: 1.3e-07
 Step: 1516 E: -23.019912335581 G: 1.3e-07
 Step: 1517 E: -23.019912335581 G: 1.3e-07
 Step: 1518 E: -23.019912335581 G: 1.2e-07
 Step: 1519 E: -23.019912335581 G: 1.2e-07
 Step: 1520 E: -23.019912335581 G: 1.2e-07
 Step: 1521 E: -23.019912335581 G: 1.2e-07
 Step: 1522 E: -23.019912335581 G: 1.2e-07
 Step: 1523 E: -23.019912335581 G: 1.2e-07
 Step: 1524 E: -23.019912335581 G: 1.2e-07
 Step: 1525 E: -23.019912335581 G: 1.2e-07
 Step: 1526 E: -23.019912335581 G: 1.2e-07
 Step: 1527 E: -23.019912335581 G: 1.2e-07
 Step: 1528 E: -23.019912335581 G: 1.2e-07
 Step: 1529 E: -23.019912335581 G: 1.2e-07
 Step: 1530 E: -23.019912335581 G: 1.2e-07
 Step: 1531 E: -23.019912335581 G: 1.2e-07
 Step: 1532 E: -23.019912335581 G: 1.2e-07
 Step: 1533 E: -23.019912335581 G: 1.2e-07
 Step: 1534 E: -23.019912335581 G: 1.2e-07
 Step: 1535 E: -23.019912335581 G: 1.2e-07
 Step: 1536 E: -23.019912335581 G: 1.1e-07
 Step: 1537 E: -23.019912335581 G: 1.1e-07
 Step: 1538 E: -23.019912335581 G: 1.1e-07
 Step: 1539 E: -23.019912335581 G: 1.1e-07
 Step: 1540 E: -23.019912335581 G: 1.1e-07
 Step: 1541 E: -23.019912335581 G: 1.1e-07
 Step: 1542 E: -23.019912335581 G: 1.1e-07
 Step: 1543 E: -23.019912335581 G: 1.1e-07
 Step: 1544 E: -23.019912335581 G: 1.1e-07
 Step: 1545 E: -23.019912335581 G: 1.1e-07
 Step: 1546 E: -23.019912335581 G: 1.1e-07
 Step: 1547 E: -23.019912335581 G: 1.1e-07
 Step: 1548 E: -23.019912335581 G: 1.1e-07
 Step: 1549 E: -23.019912335581 G: 1.1e-07
 Step: 1550 E: -23.019912335581 G: 1.1e-07
 Step: 1551 E: -23.019912335581 G: 1.1e-07
 Step: 1552 E: -23.019912335581 G: 1.1e-07
 Step: 1553 E: -23.019912335581 G: 1.1e-07
 Step: 1554 E: -23.019912335581 G: 1.1e-07
 Step: 1555 E: -23.019912335581 G: 1.0e-07
 Step: 1556 E: -23.019912335581 G: 1.0e-07
 Step: 1557 E: -23.019912335581 G: 1.0e-07
 Step: 1558 E: -23.019912335581 G: 1.0e-07
 Step: 1559 E: -23.019912335581 G: 1.0e-07
 Step: 1560 E: -23.019912335581 G: 1.0e-07
 Step: 1561 E: -23.019912335581 G: 1.0e-07
 Step: 1562 E: -23.019912335581 G: 1.0e-07
 Step: 1563 E: -23.019912335581 G: 1.0e-07
 Step: 1564 E: -23.019912335581 G: 1.0e-07
 Step: 1565 E: -23.019912335581 G: 1.0e-07
 Step: 1566 E: -23.019912335581 G: 1.0e-07
 Step: 1567 E: -23.019912335581 G: 9.9e-08
 Step: 1568 E: -23.019912335581 G: 9.9e-08
 Step: 1569 E: -23.019912335581 G: 9.8e-08
 Step: 1570 E: -23.019912335581 G: 9.8e-08
 Step: 1571 E: -23.019912335581 G: 9.7e-08
 Step: 1572 E: -23.019912335581 G: 9.7e-08
 Step: 1573 E: -23.019912335581 G: 9.6e-08
 Step: 1574 E: -23.019912335581 G: 9.6e-08
 Step: 1575 E: -23.019912335581 G: 9.6e-08
 Step: 1576 E: -23.019912335581 G: 9.5e-08
 Step: 1577 E: -23.019912335581 G: 9.5e-08
 Step: 1578 E: -23.019912335581 G: 9.4e-08
 Step: 1579 E: -23.019912335581 G: 9.4e-08
 Step: 1580 E: -23.019912335581 G: 9.3e-08
 Step: 1581 E: -23.019912335581 G: 9.3e-08
 Step: 1582 E: -23.019912335581 G: 9.2e-08
 Step: 1583 E: -23.019912335581 G: 9.2e-08
 Step: 1584 E: -23.019912335581 G: 9.2e-08
 Step: 1585 E: -23.019912335581 G: 9.1e-08
 Step: 1586 E: -23.019912335581 G: 9.1e-08
 Step: 1587 E: -23.019912335581 G: 9.0e-08
 Step: 1588 E: -23.019912335581 G: 9.0e-08
 Step: 1589 E: -23.019912335581 G: 8.9e-08
 Step: 1590 E: -23.019912335581 G: 8.9e-08
 Step: 1591 E: -23.019912335581 G: 8.9e-08
 Step: 1592 E: -23.019912335581 G: 8.8e-08
 Step: 1593 E: -23.019912335581 G: 8.8e-08
 Step: 1594 E: -23.019912335581 G: 8.7e-08
 Step: 1595 E: -23.019912335581 G: 8.7e-08
 Step: 1596 E: -23.019912335581 G: 8.7e-08
 Step: 1597 E: -23.019912335581 G: 8.6e-08
 Step: 1598 E: -23.019912335581 G: 8.6e-08
 Step: 1599 E: -23.019912335581 G: 8.5e-08
 Step: 1600 E: -23.019912335581 G: 8.5e-08
 Step: 1601 E: -23.019912335581 G: 8.5e-08
 Step: 1602 E: -23.019912335581 G: 8.4e-08
 Step: 1603 E: -23.019912335581 G: 8.4e-08
 Step: 1604 E: -23.019912335581 G: 8.3e-08
 Step: 1605 E: -23.019912335581 G: 8.3e-08
 Step: 1606 E: -23.019912335581 G: 8.3e-08
 Step: 1607 E: -23.019912335581 G: 8.2e-08
 Step: 1608 E: -23.019912335581 G: 8.2e-08
 Step: 1609 E: -23.019912335581 G: 8.2e-08
 Step: 1610 E: -23.019912335581 G: 8.1e-08
 Step: 1611 E: -23.019912335581 G: 8.1e-08
 Step: 1612 E: -23.019912335581 G: 8.0e-08
 Step: 1613 E: -23.019912335581 G: 8.0e-08
 Step: 1614 E: -23.019912335581 G: 8.0e-08
 Step: 1615 E: -23.019912335581 G: 7.9e-08
 Step: 1616 E: -23.019912335581 G: 7.9e-08
 Step: 1617 E: -23.019912335581 G: 7.9e-08
 Step: 1618 E: -23.019912335581 G: 7.8e-08
 Step: 1619 E: -23.019912335581 G: 7.8e-08
 Step: 1620 E: -23.019912335581 G: 7.7e-08
 Step: 1621 E: -23.019912335581 G: 7.7e-08
 Step: 1622 E: -23.019912335581 G: 7.7e-08
 Step: 1623 E: -23.019912335581 G: 7.6e-08
 Step: 1624 E: -23.019912335581 G: 7.6e-08
 Step: 1625 E: -23.019912335581 G: 7.6e-08
 Step: 1626 E: -23.019912335581 G: 7.5e-08
 Step: 1627 E: -23.019912335581 G: 7.5e-08
 Step: 1628 E: -23.019912335581 G: 7.5e-08
 Step: 1629 E: -23.019912335581 G: 7.4e-08
 Step: 1630 E: -23.019912335581 G: 7.4e-08
 Step: 1631 E: -23.019912335581 G: 7.4e-08
 Step: 1632 E: -23.019912335581 G: 7.3e-08
 Step: 1633 E: -23.019912335581 G: 7.3e-08
 Step: 1634 E: -23.019912335581 G: 7.3e-08
 Step: 1635 E: -23.019912335581 G: 7.2e-08
 Step: 1636 E: -23.019912335581 G: 7.2e-08
 Step: 1637 E: -23.019912335581 G: 7.2e-08
 Step: 1638 E: -23.019912335581 G: 7.1e-08
 Step: 1639 E: -23.019912335581 G: 7.1e-08
 Step: 1640 E: -23.019912335581 G: 7.1e-08
 Step: 1641 E: -23.019912335581 G: 7.0e-08
 Step: 1642 E: -23.019912335581 G: 7.0e-08
 Step: 1643 E: -23.019912335581 G: 7.0e-08
 Step: 1644 E: -23.019912335581 G: 6.9e-08
 Step: 1645 E: -23.019912335581 G: 6.9e-08
 Step: 1646 E: -23.019912335581 G: 6.9e-08
 Step: 1647 E: -23.019912335581 G: 6.8e-08
 Step: 1648 E: -23.019912335581 G: 6.8e-08
 Step: 1649 E: -23.019912335581 G: 6.8e-08
 Step: 1650 E: -23.019912335581 G: 6.7e-08
 Step: 1651 E: -23.019912335581 G: 6.7e-08
 Step: 1652 E: -23.019912335581 G: 6.7e-08
 Step: 1653 E: -23.019912335581 G: 6.6e-08
 Step: 1654 E: -23.019912335581 G: 6.6e-08
 Step: 1655 E: -23.019912335581 G: 6.6e-08
 Step: 1656 E: -23.019912335581 G: 6.6e-08
 Step: 1657 E: -23.019912335581 G: 6.5e-08
 Step: 1658 E: -23.019912335581 G: 6.5e-08
 Step: 1659 E: -23.019912335581 G: 6.5e-08
 Step: 1660 E: -23.019912335581 G: 6.4e-08
 Step: 1661 E: -23.019912335581 G: 6.4e-08
 Step: 1662 E: -23.019912335581 G: 6.4e-08
 Step: 1663 E: -23.019912335581 G: 6.3e-08
 Step: 1664 E: -23.019912335581 G: 6.3e-08
 Step: 1665 E: -23.019912335581 G: 6.3e-08
 Step: 1666 E: -23.019912335581 G: 6.3e-08
 Step: 1667 E: -23.019912335581 G: 6.2e-08
 Step: 1668 E: -23.019912335581 G: 6.2e-08
 Step: 1669 E: -23.019912335581 G: 6.2e-08
 Step: 1670 E: -23.019912335581 G: 6.1e-08
 Step: 1671 E: -23.019912335581 G: 6.1e-08
 Step: 1672 E: -23.019912335581 G: 6.1e-08
 Step: 1673 E: -23.019912335581 G: 6.1e-08
 Step: 1674 E: -23.019912335581 G: 6.0e-08
 Step: 1675 E: -23.019912335581 G: 6.0e-08
 Step: 1676 E: -23.019912335581 G: 6.0e-08
 Step: 1677 E: -23.019912335581 G: 5.9e-08
 Step: 1678 E: -23.019912335581 G: 5.9e-08
 Step: 1679 E: -23.019912335581 G: 5.9e-08
 Step: 1680 E: -23.019912335581 G: 5.9e-08
 Step: 1681 E: -23.019912335581 G: 5.8e-08
 Step: 1682 E: -23.019912335581 G: 5.8e-08
 Step: 1683 E: -23.019912335581 G: 5.8e-08
 Step: 1684 E: -23.019912335581 G: 5.8e-08
 Step: 1685 E: -23.019912335581 G: 5.7e-08
 Step: 1686 E: -23.019912335581 G: 5.7e-08
 Step: 1687 E: -23.019912335581 G: 5.7e-08
 Step: 1688 E: -23.019912335581 G: 5.7e-08
 Step: 1689 E: -23.019912335581 G: 5.6e-08
 Step: 1690 E: -23.019912335581 G: 5.6e-08
 Step: 1691 E: -23.019912335581 G: 5.6e-08
 Step: 1692 E: -23.019912335581 G: 5.5e-08
 Step: 1693 E: -23.019912335581 G: 5.5e-08
 Step: 1694 E: -23.019912335581 G: 5.5e-08
 Step: 1695 E: -23.019912335581 G: 5.5e-08
 Step: 1696 E: -23.019912335581 G: 5.4e-08
 Step: 1697 E: -23.019912335581 G: 5.4e-08
 Step: 1698 E: -23.019912335581 G: 5.4e-08
 Step: 1699 E: -23.019912335581 G: 5.4e-08
 Step: 1700 E: -23.019912335581 G: 5.3e-08
 Step: 1701 E: -23.019912335581 G: 5.3e-08
 Step: 1702 E: -23.019912335581 G: 5.3e-08
 Step: 1703 E: -23.019912335581 G: 5.3e-08
 Step: 1704 E: -23.019912335581 G: 5.2e-08
 Step: 1705 E: -23.019912335581 G: 5.2e-08
 Step: 1706 E: -23.019912335581 G: 5.2e-08
 Step: 1707 E: -23.019912335581 G: 5.2e-08
 Step: 1708 E: -23.019912335581 G: 5.2e-08
 Step: 1709 E: -23.019912335581 G: 5.1e-08
 Step: 1710 E: -23.019912335581 G: 5.1e-08
 Step: 1711 E: -23.019912335581 G: 5.1e-08
 Step: 1712 E: -23.019912335581 G: 5.1e-08
 Step: 1713 E: -23.019912335581 G: 5.0e-08
 Step: 1714 E: -23.019912335581 G: 5.0e-08
 Step: 1715 E: -23.019912335581 G: 5.0e-08
 Step: 1716 E: -23.019912335581 G: 5.0e-08
 Step: 1717 E: -23.019912335581 G: 4.9e-08
 Step: 1718 E: -23.019912335581 G: 4.9e-08
 Step: 1719 E: -23.019912335581 G: 4.9e-08
 Step: 1720 E: -23.019912335581 G: 4.9e-08
 Step: 1721 E: -23.019912335581 G: 4.9e-08
 Step: 1722 E: -23.019912335581 G: 4.8e-08
 Step: 1723 E: -23.019912335581 G: 4.8e-08
 Step: 1724 E: -23.019912335581 G: 4.8e-08
 Step: 1725 E: -23.019912335581 G: 4.8e-08
 Step: 1726 E: -23.019912335581 G: 4.7e-08
 Step: 1727 E: -23.019912335581 G: 4.7e-08
 Step: 1728 E: -23.019912335581 G: 4.7e-08
 Step: 1729 E: -23.019912335581 G: 4.7e-08
 Step: 1730 E: -23.019912335581 G: 4.7e-08
 Step: 1731 E: -23.019912335581 G: 4.6e-08
 Step: 1732 E: -23.019912335581 G: 4.6e-08
 Step: 1733 E: -23.019912335581 G: 4.6e-08
 Step: 1734 E: -23.019912335581 G: 4.6e-08
 Step: 1735 E: -23.019912335581 G: 4.5e-08
 Step: 1736 E: -23.019912335581 G: 4.5e-08
 Step: 1737 E: -23.019912335581 G: 4.5e-08
 Step: 1738 E: -23.019912335581 G: 4.5e-08
 Step: 1739 E: -23.019912335581 G: 4.5e-08
 Step: 1740 E: -23.019912335581 G: 4.4e-08
 Step: 1741 E: -23.019912335581 G: 4.4e-08
 Step: 1742 E: -23.019912335581 G: 4.4e-08
 Step: 1743 E: -23.019912335581 G: 4.4e-08
 Step: 1744 E: -23.019912335581 G: 4.4e-08
 Step: 1745 E: -23.019912335581 G: 4.3e-08
 Step: 1746 E: -23.019912335581 G: 4.3e-08
 Step: 1747 E: -23.019912335581 G: 4.3e-08
 Step: 1748 E: -23.019912335581 G: 4.3e-08
 Step: 1749 E: -23.019912335581 G: 4.3e-08
 Step: 1750 E: -23.019912335581 G: 4.2e-08
 Step: 1751 E: -23.019912335581 G: 4.2e-08
 Step: 1752 E: -23.019912335581 G: 4.2e-08
 Step: 1753 E: -23.019912335581 G: 4.2e-08
 Step: 1754 E: -23.019912335581 G: 4.2e-08
 Step: 1755 E: -23.019912335581 G: 4.1e-08
 Step: 1756 E: -23.019912335581 G: 4.1e-08
 Step: 1757 E: -23.019912335581 G: 4.1e-08
 Step: 1758 E: -23.019912335581 G: 4.1e-08
 Step: 1759 E: -23.019912335581 G: 4.1e-08
 Step: 1760 E: -23.019912335581 G: 4.1e-08
 Step: 1761 E: -23.019912335581 G: 4.0e-08
 Step: 1762 E: -23.019912335581 G: 4.0e-08
 Step: 1763 E: -23.019912335581 G: 4.0e-08
 Step: 1764 E: -23.019912335581 G: 4.0e-08
 Step: 1765 E: -23.019912335581 G: 4.0e-08
 Step: 1766 E: -23.019912335581 G: 3.9e-08
 Step: 1767 E: -23.019912335581 G: 3.9e-08
 Step: 1768 E: -23.019912335581 G: 3.9e-08
 Step: 1769 E: -23.019912335581 G: 3.9e-08
 Step: 1770 E: -23.019912335581 G: 3.9e-08
 Step: 1771 E: -23.019912335581 G: 3.8e-08
 Step: 1772 E: -23.019912335581 G: 3.8e-08
 Step: 1773 E: -23.019912335581 G: 3.8e-08
 Step: 1774 E: -23.019912335581 G: 3.8e-08
 Step: 1775 E: -23.019912335581 G: 3.8e-08
 Step: 1776 E: -23.019912335581 G: 3.8e-08
 Step: 1777 E: -23.019912335581 G: 3.7e-08
 Step: 1778 E: -23.019912335581 G: 3.7e-08
 Step: 1779 E: -23.019912335581 G: 3.7e-08
 Step: 1780 E: -23.019912335581 G: 3.7e-08
 Step: 1781 E: -23.019912335581 G: 3.7e-08
 Step: 1782 E: -23.019912335581 G: 3.7e-08
 Step: 1783 E: -23.019912335581 G: 3.6e-08
 Step: 1784 E: -23.019912335581 G: 3.6e-08
 Step: 1785 E: -23.019912335581 G: 3.6e-08
 Step: 1786 E: -23.019912335581 G: 3.6e-08
 Step: 1787 E: -23.019912335581 G: 3.6e-08
 Step: 1788 E: -23.019912335581 G: 3.6e-08
 Step: 1789 E: -23.019912335581 G: 3.5e-08
 Step: 1790 E: -23.019912335581 G: 3.5e-08
 Step: 1791 E: -23.019912335581 G: 3.5e-08
 Step: 1792 E: -23.019912335581 G: 3.5e-08
 Step: 1793 E: -23.019912335581 G: 3.5e-08
 Step: 1794 E: -23.019912335581 G: 3.5e-08
 Step: 1795 E: -23.019912335581 G: 3.4e-08
 Step: 1796 E: -23.019912335581 G: 3.4e-08
 Step: 1797 E: -23.019912335581 G: 3.4e-08
 Step: 1798 E: -23.019912335581 G: 3.4e-08
 Step: 1799 E: -23.019912335581 G: 3.4e-08
 Step: 1800 E: -23.019912335581 G: 3.4e-08
419.586547 seconds (66.84 M allocations: 366.766 GiB, 8.79% gc time)
 Solve OO-CMF with DIIS
 ooCMF Iter:    1 Total= -23.013229884873 G=    3.553e-01 #SS:    1
 ooCMF Iter:    2 Total= -23.018846977754 G=    6.828e-02 #SS:    2
 ooCMF Iter:    3 Total= -23.019075295874 G=    1.469e-02 #SS:    3
 ooCMF Iter:    4 Total= -23.019089741302 G=    1.213e-02 #SS:    4
 ooCMF Iter:    5 Total= -23.019106612845 G=    1.196e-02 #SS:    5
 ooCMF Iter:    6 Total= -23.019160208700 G=    1.158e-02 #SS:    6
 ooCMF Iter:    7 Total= -23.019721098847 G=    6.046e-03 #SS:    7
 ooCMF Iter:    8 Total= -23.019910379910 G=    8.983e-04 #SS:    8
 ooCMF Iter:    9 Total= -23.019910895679 G=    6.085e-04 #SS:    9
 ooCMF Iter:   10 Total= -23.019910939995 G=    5.939e-04 #SS:   10
 ooCMF Iter:   11 Total= -23.019911055391 G=    5.627e-04 #SS:   11
 ooCMF Iter:   12 Total= -23.019911871563 G=    3.029e-04 #SS:   12
 ooCMF Iter:   13 Total= -23.019912013222 G=    2.609e-04 #SS:   13
 ooCMF Iter:   14 Total= -23.019912027717 G=    2.555e-04 #SS:   14
 ooCMF Iter:   15 Total= -23.019912183866 G=    1.836e-04 #SS:   15
 ooCMF Iter:   16 Total= -23.019912324430 G=    4.297e-05 #SS:   16
 ooCMF Iter:   17 Total= -23.019912325077 G=    3.579e-05 #SS:   17
 ooCMF Iter:   18 Total= -23.019912325233 G=    3.536e-05 #SS:   18
 ooCMF Iter:   19 Total= -23.019912326828 G=    3.177e-05 #SS:   19
 ooCMF Iter:   20 Total= -23.019912331318 G=    2.168e-05 #SS:   20
 ooCMF Iter:   21 Total= -23.019912331886 G=    2.090e-05 #SS:   21
 ooCMF Iter:   22 Total= -23.019912332062 G=    2.036e-05 #SS:   22
 ooCMF Iter:   23 Total= -23.019912334298 G=    1.185e-05 #SS:   23
 ooCMF Iter:   24 Total= -23.019912334790 G=    1.009e-05 #SS:   24
 ooCMF Iter:   25 Total= -23.019912334829 G=    9.869e-06 #SS:   24
 ooCMF Iter:   26 Total= -23.019912335291 G=    6.194e-06 #SS:   24
 ooCMF Iter:   27 Total= -23.019912335568 G=    1.538e-06 #SS:   24
 ooCMF Iter:   28 Total= -23.019912335568 G=    1.519e-06 #SS:   24
 ooCMF Iter:   29 Total= -23.019912335570 G=    1.410e-06 #SS:   24
 ooCMF Iter:   30 Total= -23.019912335580 G=    1.654e-07 #SS:   24
 ooCMF Iter:   31 Total= -23.019912335580 G=    1.341e-07 #SS:   24
 ooCMF Iter:   32 Total= -23.019912335580 G=    1.327e-07 #SS:   24
 ooCMF Iter:   33 Total= -23.019912335580 G=    1.281e-07 #SS:   24
 ooCMF Iter:   34 Total= -23.019912335580 G=    8.335e-08 #SS:   24
 ooCMF Iter:   35 Total= -23.019912335580 G=    4.803e-08 #SS:   24
 ooCMF Iter:   36 Total= -23.019912335580 G=    4.646e-08 #SS:   24
 ooCMF Iter:   37 Total= -23.019912335580 G=    4.593e-08 #SS:   24
 ooCMF Iter:   38 Total= -23.019912335580 G=    4.295e-08 #SS:   24
 ooCMF Iter:   39 Total= -23.019912335580 G=    1.981e-08 #SS:   24
 ooCMF Iter:   40 Total= -23.019912335581 G=    1.157e-08 #SS:   24
*ooCMF Iter:   41 Total= -23.019912335580 G=    8.016e-09 #SS:   24
 22.369863 seconds (17.76 M allocations: 22.348 GiB, 9.25% gc time)
 Solve OO-CMF with DIIS
 ooCMF Iter:    1 Total= -23.017679250258 G=    1.682e-01 #SS:    1
 ooCMF Iter:    2 Total= -23.019801831995 G=    4.403e-02 #SS:    2
 ooCMF Iter:    3 Total= -23.019906233726 G=    1.045e-02 #SS:    3
 ooCMF Iter:    4 Total= -23.019912028267 G=    2.639e-03 #SS:    4
 ooCMF Iter:    5 Total= -23.019912319847 G=    6.032e-04 #SS:    5
 ooCMF Iter:    6 Total= -23.019912334763 G=    1.364e-04 #SS:    6
 ooCMF Iter:    7 Total= -23.019912335578 G=    7.317e-06 #SS:    7
 ooCMF Iter:    8 Total= -23.019912335580 G=    1.701e-06 #SS:    8
 ooCMF Iter:    9 Total= -23.019912335580 G=    2.490e-07 #SS:    9
 ooCMF Iter:   10 Total= -23.019912335580 G=    2.244e-08 #SS:   10
 ooCMF Iter:   11 Total= -23.019912335580 G=    1.137e-08 #SS:   11
*ooCMF Iter:   12 Total= -23.019912335580 G=    7.535e-09 #SS:   12
 13.645164 seconds (1.90 M allocations: 8.331 GiB, 5.08% gc time)
 Solve OO-CMF with DIIS
 ooCMF Iter:    1 Total= -23.019452388117 G=    2.797e-02 #SS:    1
 ooCMF Iter:    2 Total= -23.019855275931 G=    2.795e-02 #SS:    2
 ooCMF Iter:    3 Total= -23.019911286989 G=    1.870e-03 #SS:    3
 ooCMF Iter:    4 Total= -23.019912134743 G=    7.442e-04 #SS:    4
 ooCMF Iter:    5 Total= -23.019912333510 G=    1.101e-04 #SS:    5
 ooCMF Iter:    6 Total= -23.019912335507 G=    2.143e-05 #SS:    6
 ooCMF Iter:    7 Total= -23.019912335579 G=    5.117e-06 #SS:    7
 ooCMF Iter:    8 Total= -23.019912335580 G=    3.139e-07 #SS:    8
 ooCMF Iter:    9 Total= -23.019912335580 G=    1.116e-07 #SS:    9
*ooCMF Iter:   10 Total= -23.019912335580 G=    9.478e-09 #SS:   10
 18.591061 seconds (2.30 M allocations: 7.072 GiB, 3.64% gc time)
 Solve OO-CMF with newton
 Step:    1 E: -22.861112667273 G:     1.77e+00  
 Step:    2 E: -23.019452388117 G:     2.80e-02  
 Step:    3 E: -23.019912216046 G:     4.60e-04  
 Step:    4 E: -23.019912335300 G:     1.42e-05  
 Step:    5 E: -23.019912335579 G:     7.17e-07  
 Step:    6 E: -23.019912335580 G:     5.00e-08  
 Step:    7 E: -23.019912335581 G:     3.84e-09  
 10.704949 seconds (1.33 M allocations: 2.433 GiB, 2.09% gc time)
 Solve OO-CMF with newton
 Step:    1 E: -22.861112667273 G:     1.77e+00  
 Step:    2 E: -23.017679250258 G:     1.68e-01  
 Step:    3 E: -23.019912086416 G:     1.88e-03  
 Step:    4 E: -23.019912335527 G:     3.77e-06  
 Step:    5 E: -23.019912335580 G:     1.95e-07  
 Step:    6 E: -23.019912335580 G:     1.18e-08  
 Step:    7 E: -23.019912335580 G:     7.33e-10  
  5.653085 seconds (576.02 k allocations: 2.374 GiB, 4.22% gc time)
