IDX001:DIM1024:001|002|003|004|005|
IDX002:DIM1024:006|007|008|009|010|
IDX003:DIM1024:011|012|013|014|015|
IDX004:DIM1024:016|017|018|019|020|
IDX005:DIM1024:021|022|023|024|025|
IDX006:DIM1024:026|027|028|029|030|
IDX007:DIM1024:031|032|033|034|035|
IDX008:DIM1024:036|037|038|039|040|
(40, 40) ooCMF Iter:    1 Total= -23.008857851519 Active= -47.724845700346 G=     1.06e+00
 ooCMF Iter:    2 Total= -23.066261121443 Active= -47.782248970271 G=     3.12e-01
 ooCMF Iter:    3 Total= -23.069144302367 Active= -47.785132151195 G=     1.46e-01
 ooCMF Iter:    4 Total= -23.069663715381 Active= -47.785651564209 G=     1.07e-01
 ooCMF Iter:    5 Total= -23.070284095136 Active= -47.786271943964 G=     1.83e-02
 ooCMF Iter:    6 Total= -23.070303721638 Active= -47.786291570466 G=     9.44e-03
 ooCMF Iter:    7 Total= -23.070319282010 Active= -47.786307130838 G=     1.66e-02
 ooCMF Iter:    8 Total= -23.070539453248 Active= -47.786527302076 G=     1.39e-02
 ooCMF Iter:    9 Total= -23.070549036793 Active= -47.786536885621 G=     4.01e-03
 ooCMF Iter:   10 Total= -23.070549684235 Active= -47.786537533063 G=     1.92e-03
 ooCMF Iter:   11 Total= -23.070549800673 Active= -47.786537649501 G=     1.45e-03
 ooCMF Iter:   12 Total= -23.070549949411 Active= -47.786537798239 G=     6.61e-04
 ooCMF Iter:   13 Total= -23.070549972677 Active= -47.786537821505 G=     4.00e-04
 ooCMF Iter:   14 Total= -23.070550020067 Active= -47.786537868895 G=     9.01e-04
 ooCMF Iter:   15 Total= -23.070550180627 Active= -47.786538029455 G=     7.04e-04
 ooCMF Iter:   16 Total= -23.070550191739 Active= -47.786538040566 G=     5.14e-04
 ooCMF Iter:   17 Total= -23.070550202970 Active= -47.786538051798 G=     3.24e-04
 ooCMF Iter:   18 Total= -23.070550210571 Active= -47.786538059399 G=     1.10e-04
 ooCMF Iter:   19 Total= -23.070550211309 Active= -47.786538060137 G=     1.38e-04
 ooCMF Iter:   20 Total= -23.070550215663 Active= -47.786538064491 G=     1.07e-04
 ooCMF Iter:   21 Total= -23.070550216277 Active= -47.786538065105 G=     5.07e-05
 ooCMF Iter:   22 Total= -23.070550216751 Active= -47.786538065579 G=     6.45e-05
 ooCMF Iter:   23 Total= -23.070550217028 Active= -47.786538065856 G=     2.21e-05
 ooCMF Iter:   24 Total= -23.070550217051 Active= -47.786538065879 G=     1.87e-05
 ooCMF Iter:   25 Total= -23.070550217075 Active= -47.786538065902 G=     7.36e-06
 ooCMF Iter:   26 Total= -23.070550217102 Active= -47.786538065930 G=     2.54e-05
 ooCMF Iter:   27 Total= -23.070550217126 Active= -47.786538065954 G=     2.44e-05
 ooCMF Iter:   28 Total= -23.070550217160 Active= -47.786538065988 G=     9.02e-06
 ooCMF Iter:   29 Total= -23.070550217163 Active= -47.786538065991 G=     2.63e-06
 ooCMF Iter:   30 Total= -23.070550217166 Active= -47.786538065994 G=     3.25e-06
 ooCMF Iter:   31 Total= -23.070550217166 Active= -47.786538065994 G=     2.69e-06
 ooCMF Iter:   32 Total= -23.070550217168 Active= -47.786538065996 G=     3.41e-06
 ooCMF Iter:   33 Total= -23.070550217168 Active= -47.786538065996 G=     4.13e-06
 ooCMF Iter:   34 Total= -23.070550217169 Active= -47.786538065997 G=     4.86e-06
 ooCMF Iter:   35 Total= -23.070550217171 Active= -47.786538065999 G=     2.51e-06
 ooCMF Iter:   36 Total= -23.070550217172 Active= -47.786538066000 G=     2.31e-06
 ooCMF Iter:   37 Total= -23.070550217172 Active= -47.786538066000 G=     1.92e-06
 ooCMF Iter:   38 Total= -23.070550217172 Active= -47.786538066000 G=     1.76e-06
 ooCMF Iter:   39 Total= -23.070550217173 Active= -47.786538066000 G=     5.92e-07
 ooCMF Iter:   40 Total= -23.070550217173 Active= -47.786538066001 G=     5.58e-07
 ooCMF Iter:   41 Total= -23.070550217173 Active= -47.786538066001 G=     8.84e-07
 ooCMF Iter:   42 Total= -23.070550217173 Active= -47.786538066001 G=     7.23e-07
 ooCMF Iter:   43 Total= -23.070550217173 Active= -47.786538066001 G=     5.57e-07
 ooCMF Iter:   44 Total= -23.070550217173 Active= -47.786538066001 G=     2.34e-07
 ooCMF Iter:   45 Total= -23.070550217173 Active= -47.786538066001 G=     1.44e-07
 ooCMF Iter:   46 Total= -23.070550217173 Active= -47.786538066001 G=     2.25e-07
 ooCMF Iter:   47 Total= -23.070550217173 Active= -47.786538066001 G=     1.61e-07
 ooCMF Iter:   48 Total= -23.070550217173 Active= -47.786538066001 G=     1.70e-07
 ooCMF Iter:   49 Total= -23.070550217173 Active= -47.786538066001 G=     2.04e-07
 ooCMF Iter:   50 Total= -23.070550217173 Active= -47.786538066001 G=     2.12e-07
 ooCMF Iter:   51 Total= -23.070550217173 Active= -47.786538066001 G=     1.85e-07
 ooCMF Iter:   52 Total= -23.070550217173 Active= -47.786538066001 G=     7.49e-08
 ooCMF Iter:   53 Total= -23.070550217173 Active= -47.786538066001 G=     4.94e-08
 ooCMF Iter:   54 Total= -23.070550217173 Active= -47.786538066001 G=     2.72e-08
 * Status: success

 * Candidate solution
    Final objective value:     -2.307055e+01

 * Found with
    Algorithm:     BFGS

 * Convergence measures
    |x - x'|               = 4.13e-09 ≰ 0.0e+00
    |x - x'|/|x'|          = 1.86e-07 ≰ 0.0e+00
    |f(x) - f(x')|         = 2.17e-13 ≰ 0.0e+00
    |f(x) - f(x')|/|f(x')| = 9.39e-15 ≰ 0.0e+00
    |g(x)|                 = 3.16e-09 ≤ 1.0e-08

 * Work counters
    Seconds run:   46  (vs limit Inf)
    Iterations:    53
    f(x) calls:    114
    ∇f(x) calls:   114

*ooCMF -23.07055022 
 46.051553 seconds (14.67 M allocations: 35.587 GiB, 12.45% gc time)
 ooCMF Iter:    1 Total= -23.008857851519 Active= -47.724845700346 G=     1.06e+00
 ooCMF Iter:    2 Total= -23.067555724577 Active= -47.783543573404 G=     2.35e-01
 ooCMF Iter:    3 Total= -23.070203571227 Active= -47.786191420055 G=     2.57e-02
 ooCMF Iter:    4 Total= -23.070243874659 Active= -47.786231723487 G=     8.35e-03
 ooCMF Iter:    5 Total= -23.070291704536 Active= -47.786279553364 G=     2.60e-02
 ooCMF Iter:    6 Total= -23.070499732470 Active= -47.786487581298 G=     3.08e-02
 ooCMF Iter:    7 Total= -23.070549311808 Active= -47.786537160636 G=     2.44e-03
 ooCMF Iter:    8 Total= -23.070549655092 Active= -47.786537503920 G=     8.93e-04
 ooCMF Iter:    9 Total= -23.070549696952 Active= -47.786537545780 G=     4.05e-04
 ooCMF Iter:   10 Total= -23.070549776473 Active= -47.786537625301 G=     9.01e-04
 ooCMF Iter:   11 Total= -23.070549988030 Active= -47.786537836858 G=     1.52e-03
 ooCMF Iter:   12 Total= -23.070550170940 Active= -47.786538019768 G=     3.00e-04
 ooCMF Iter:   13 Total= -23.070550177036 Active= -47.786538025864 G=     1.74e-04
 ooCMF Iter:   14 Total= -23.070550182291 Active= -47.786538031119 G=     3.23e-04
 ooCMF Iter:   15 Total= -23.070550204318 Active= -47.786538053145 G=     4.20e-04
 ooCMF Iter:   16 Total= -23.070550215145 Active= -47.786538063973 G=     1.08e-04
 ooCMF Iter:   17 Total= -23.070550215766 Active= -47.786538064594 G=     3.07e-05
 ooCMF Iter:   18 Total= -23.070550215836 Active= -47.786538064664 G=     2.08e-05
 ooCMF Iter:   19 Total= -23.070550215922 Active= -47.786538064750 G=     4.11e-05
 ooCMF Iter:   20 Total= -23.070550216554 Active= -47.786538065382 G=     8.69e-05
 ooCMF Iter:   21 Total= -23.070550217047 Active= -47.786538065875 G=     3.23e-05
 ooCMF Iter:   22 Total= -23.070550217111 Active= -47.786538065939 G=     9.07e-06
 ooCMF Iter:   23 Total= -23.070550217116 Active= -47.786538065944 G=     4.77e-06
 ooCMF Iter:   24 Total= -23.070550217119 Active= -47.786538065947 G=     6.17e-06
 ooCMF Iter:   25 Total= -23.070550217139 Active= -47.786538065967 G=     1.24e-05
 ooCMF Iter:   26 Total= -23.070550217151 Active= -47.786538065979 G=     6.96e-06
 ooCMF Iter:   27 Total= -23.070550217154 Active= -47.786538065982 G=     2.89e-06
 ooCMF Iter:   28 Total= -23.070550217154 Active= -47.786538065982 G=     2.35e-06
 ooCMF Iter:   29 Total= -23.070550217157 Active= -47.786538065985 G=     6.23e-06
 ooCMF Iter:   30 Total= -23.070550217168 Active= -47.786538065996 G=     4.34e-06
 ooCMF Iter:   31 Total= -23.070550217169 Active= -47.786538065997 G=     1.35e-06
 ooCMF Iter:   32 Total= -23.070550217169 Active= -47.786538065997 G=     1.34e-06
 ooCMF Iter:   33 Total= -23.070550217170 Active= -47.786538065998 G=     3.98e-06
 ooCMF Iter:   34 Total= -23.070550217172 Active= -47.786538066000 G=     1.40e-06
 ooCMF Iter:   35 Total= -23.070550217172 Active= -47.786538066000 G=     4.80e-07
 ooCMF Iter:   36 Total= -23.070550217172 Active= -47.786538066000 G=     1.23e-06
 ooCMF Iter:   37 Total= -23.070550217172 Active= -47.786538066000 G=     9.74e-07
 ooCMF Iter:   38 Total= -23.070550217173 Active= -47.786538066000 G=     1.18e-06
 ooCMF Iter:   39 Total= -23.070550217173 Active= -47.786538066001 G=     6.10e-07
 ooCMF Iter:   40 Total= -23.070550217173 Active= -47.786538066001 G=     2.08e-07
 ooCMF Iter:   41 Total= -23.070550217173 Active= -47.786538066001 G=     1.44e-07
 ooCMF Iter:   42 Total= -23.070550217173 Active= -47.786538066001 G=     1.97e-07
 ooCMF Iter:   43 Total= -23.070550217173 Active= -47.786538066001 G=     3.41e-07
 ooCMF Iter:   44 Total= -23.070550217173 Active= -47.786538066001 G=     2.28e-07
 ooCMF Iter:   45 Total= -23.070550217173 Active= -47.786538066001 G=     1.24e-07
 ooCMF Iter:   46 Total= -23.070550217173 Active= -47.786538066001 G=     5.91e-08
 ooCMF Iter:   47 Total= -23.070550217173 Active= -47.786538066001 G=     3.73e-08
 * Status: success

 * Candidate solution
    Final objective value:     -2.307055e+01

 * Found with
    Algorithm:     Conjugate Gradient

 * Convergence measures
    |x - x'|               = 2.42e-09 ≰ 0.0e+00
    |x - x'|/|x'|          = 1.09e-07 ≰ 0.0e+00
    |f(x) - f(x')|         = 5.68e-14 ≰ 0.0e+00
    |f(x) - f(x')|/|f(x')| = 2.46e-15 ≰ 0.0e+00
    |g(x)|                 = 7.89e-09 ≤ 1.0e-08

 * Work counters
    Seconds run:   38  (vs limit Inf)
    Iterations:    46
    f(x) calls:    126
    ∇f(x) calls:   86

*ooCMF -23.07055022 
 38.144369 seconds (11.84 M allocations: 30.169 GiB, 12.72% gc time)
 Step:    1 E: -23.008857851519 G: 1.1e+00
 Step:    2 E: -23.067463368870 G: 2.3e-01
 Step:    3 E: -23.070077599537 G: 5.7e-02
 Step:    4 E: -23.070233105524 G: 1.6e-02
 Step:    5 E: -23.070248275264 G: 8.5e-03
 Step:    6 E: -23.070254690581 G: 7.6e-03
 Step:    7 E: -23.070260439698 G: 7.5e-03
 Step:    8 E: -23.070266042527 G: 7.4e-03
 Step:    9 E: -23.070271535295 G: 7.4e-03
 Step:   10 E: -23.070276922355 G: 7.3e-03
 Step:   11 E: -23.070282205872 G: 7.2e-03
 Step:   12 E: -23.070287387827 G: 7.1e-03
 Step:   13 E: -23.070292470153 G: 7.1e-03
 Step:   14 E: -23.070297454745 G: 7.0e-03
 Step:   15 E: -23.070302343465 G: 6.9e-03
 Step:   16 E: -23.070307138138 G: 6.9e-03
 Step:   17 E: -23.070311840555 G: 6.8e-03
 Step:   18 E: -23.070316452475 G: 6.7e-03
 Step:   19 E: -23.070320975624 G: 6.7e-03
 Step:   20 E: -23.070325411693 G: 6.6e-03
 Step:   21 E: -23.070329762344 G: 6.5e-03
 Step:   22 E: -23.070334029207 G: 6.5e-03
 Step:   23 E: -23.070338213881 G: 6.4e-03
 Step:   24 E: -23.070342317936 G: 6.4e-03
 Step:   25 E: -23.070346342910 G: 6.3e-03
 Step:   26 E: -23.070350290317 G: 6.2e-03
 Step:   27 E: -23.070354161636 G: 6.2e-03
 Step:   28 E: -23.070357958324 G: 6.1e-03
 Step:   29 E: -23.070361681807 G: 6.1e-03
 Step:   30 E: -23.070365333486 G: 6.0e-03
 Step:   31 E: -23.070368914733 G: 5.9e-03
 Step:   32 E: -23.070372426898 G: 5.9e-03
 Step:   33 E: -23.070375871303 G: 5.8e-03
 Step:   34 E: -23.070379249245 G: 5.8e-03
 Step:   35 E: -23.070382561997 G: 5.7e-03
 Step:   36 E: -23.070385810808 G: 5.7e-03
 Step:   37 E: -23.070388996904 G: 5.6e-03
 Step:   38 E: -23.070392121486 G: 5.5e-03
 Step:   39 E: -23.070395185734 G: 5.5e-03
 Step:   40 E: -23.070398190806 G: 5.4e-03
 Step:   41 E: -23.070401137836 G: 5.4e-03
 Step:   42 E: -23.070404027937 G: 5.3e-03
 Step:   43 E: -23.070406862203 G: 5.3e-03
 Step:   44 E: -23.070409641705 G: 5.2e-03
 Step:   45 E: -23.070412367495 G: 5.2e-03
 Step:   46 E: -23.070415040604 G: 5.1e-03
 Step:   47 E: -23.070417662044 G: 5.1e-03
 Step:   48 E: -23.070420232808 G: 5.0e-03
 Step:   49 E: -23.070422753869 G: 5.0e-03
 Step:   50 E: -23.070425226184 G: 4.9e-03
 Step:   51 E: -23.070427650688 G: 4.9e-03
 Step:   52 E: -23.070430028302 G: 4.8e-03
 Step:   53 E: -23.070432359928 G: 4.8e-03
 Step:   54 E: -23.070434646449 G: 4.7e-03
 Step:   55 E: -23.070436888734 G: 4.7e-03
 Step:   56 E: -23.070439087634 G: 4.7e-03
 Step:   57 E: -23.070441243984 G: 4.6e-03
 Step:   58 E: -23.070443358603 G: 4.6e-03
 Step:   59 E: -23.070445432296 G: 4.5e-03
 Step:   60 E: -23.070447465849 G: 4.5e-03
 Step:   61 E: -23.070449460035 G: 4.4e-03
 Step:   62 E: -23.070451415615 G: 4.4e-03
 Step:   63 E: -23.070453333331 G: 4.3e-03
 Step:   64 E: -23.070455213913 G: 4.3e-03
 Step:   65 E: -23.070457058076 G: 4.3e-03
 Step:   66 E: -23.070458866523 G: 4.2e-03
 Step:   67 E: -23.070460639943 G: 4.2e-03
 Step:   68 E: -23.070462379011 G: 4.1e-03
 Step:   69 E: -23.070464084389 G: 4.1e-03
 Step:   70 E: -23.070465756728 G: 4.1e-03
 Step:   71 E: -23.070467396664 G: 4.0e-03
 Step:   72 E: -23.070469004823 G: 4.0e-03
 Step:   73 E: -23.070470581819 G: 3.9e-03
 Step:   74 E: -23.070472128253 G: 3.9e-03
 Step:   75 E: -23.070473644714 G: 3.9e-03
 Step:   76 E: -23.070475131782 G: 3.8e-03
 Step:   77 E: -23.070476590024 G: 3.8e-03
 Step:   78 E: -23.070478019996 G: 3.8e-03
 Step:   79 E: -23.070479422246 G: 3.7e-03
 Step:   80 E: -23.070480797307 G: 3.7e-03
 Step:   81 E: -23.070482145707 G: 3.6e-03
 Step:   82 E: -23.070483467959 G: 3.6e-03
 Step:   83 E: -23.070484764569 G: 3.6e-03
 Step:   84 E: -23.070486036033 G: 3.5e-03
 Step:   85 E: -23.070487282837 G: 3.5e-03
 Step:   86 E: -23.070488505457 G: 3.5e-03
 Step:   87 E: -23.070489704361 G: 3.4e-03
 Step:   88 E: -23.070490880008 G: 3.4e-03
 Step:   89 E: -23.070492032847 G: 3.4e-03
 Step:   90 E: -23.070493163320 G: 3.3e-03
 Step:   91 E: -23.070494271859 G: 3.3e-03
 Step:   92 E: -23.070495358889 G: 3.3e-03
 Step:   93 E: -23.070496424825 G: 3.2e-03
 Step:   94 E: -23.070497470076 G: 3.2e-03
 Step:   95 E: -23.070498495042 G: 3.2e-03
 Step:   96 E: -23.070499500117 G: 3.1e-03
 Step:   97 E: -23.070500485683 G: 3.1e-03
 Step:   98 E: -23.070501452121 G: 3.1e-03
 Step:   99 E: -23.070502399799 G: 3.1e-03
 Step:  100 E: -23.070503329080 G: 3.0e-03
 Step:  101 E: -23.070504240322 G: 3.0e-03
 Step:  102 E: -23.070505133874 G: 3.0e-03
 Step:  103 E: -23.070506010077 G: 2.9e-03
 Step:  104 E: -23.070506869269 G: 2.9e-03
 Step:  105 E: -23.070507711778 G: 2.9e-03
 Step:  106 E: -23.070508537928 G: 2.9e-03
 Step:  107 E: -23.070509348036 G: 2.8e-03
 Step:  108 E: -23.070510142412 G: 2.8e-03
 Step:  109 E: -23.070510921362 G: 2.8e-03
 Step:  110 E: -23.070511685184 G: 2.7e-03
 Step:  111 E: -23.070512434172 G: 2.7e-03
 Step:  112 E: -23.070513168613 G: 2.7e-03
 Step:  113 E: -23.070513888789 G: 2.7e-03
 Step:  114 E: -23.070514594976 G: 2.6e-03
 Step:  115 E: -23.070515287446 G: 2.6e-03
 Step:  116 E: -23.070515966465 G: 2.6e-03
 Step:  117 E: -23.070516632293 G: 2.6e-03
 Step:  118 E: -23.070517285187 G: 2.5e-03
 Step:  119 E: -23.070517925397 G: 2.5e-03
..........................................
 Step: 1039 E: -23.070550217173 G: 3.2e-07
 Step: 1040 E: -23.070550217173 G: 3.2e-07
 Step: 1041 E: -23.070550217173 G: 3.2e-07
 Step: 1042 E: -23.070550217173 G: 3.2e-07
 Step: 1043 E: -23.070550217173 G: 3.1e-07
 Step: 1044 E: -23.070550217173 G: 3.1e-07
 Step: 1045 E: -23.070550217173 G: 3.1e-07
 Step: 1046 E: -23.070550217173 G: 3.0e-07
 Step: 1047 E: -23.070550217173 G: 3.0e-07
 Step: 1048 E: -23.070550217173 G: 3.0e-07
 Step: 1049 E: -23.070550217173 G: 3.0e-07
 Step: 1050 E: -23.070550217173 G: 2.9e-07
 Step: 1051 E: -23.070550217173 G: 2.9e-07
 Step: 1052 E: -23.070550217173 G: 2.9e-07
 Step: 1053 E: -23.070550217173 G: 2.8e-07
 Step: 1054 E: -23.070550217173 G: 2.8e-07
 Step: 1055 E: -23.070550217173 G: 2.8e-07
 Step: 1056 E: -23.070550217173 G: 2.8e-07
 Step: 1057 E: -23.070550217173 G: 2.7e-07
 Step: 1058 E: -23.070550217173 G: 2.7e-07
 Step: 1059 E: -23.070550217173 G: 2.7e-07
 Step: 1060 E: -23.070550217173 G: 2.7e-07
 Step: 1061 E: -23.070550217173 G: 2.6e-07
 Step: 1062 E: -23.070550217173 G: 2.6e-07
 Step: 1063 E: -23.070550217173 G: 2.6e-07
 Step: 1064 E: -23.070550217173 G: 2.6e-07
 Step: 1065 E: -23.070550217173 G: 2.5e-07
 Step: 1066 E: -23.070550217173 G: 2.5e-07
 Step: 1067 E: -23.070550217173 G: 2.5e-07
 Step: 1068 E: -23.070550217173 G: 2.5e-07
 Step: 1069 E: -23.070550217173 G: 2.4e-07
 Step: 1070 E: -23.070550217173 G: 2.4e-07
 Step: 1071 E: -23.070550217173 G: 2.4e-07
 Step: 1072 E: -23.070550217173 G: 2.4e-07
 Step: 1073 E: -23.070550217173 G: 2.4e-07
 Step: 1074 E: -23.070550217173 G: 2.3e-07
 Step: 1075 E: -23.070550217173 G: 2.3e-07
 Step: 1076 E: -23.070550217173 G: 2.3e-07
 Step: 1077 E: -23.070550217173 G: 2.3e-07
 Step: 1078 E: -23.070550217173 G: 2.2e-07
 Step: 1079 E: -23.070550217173 G: 2.2e-07
 Step: 1080 E: -23.070550217173 G: 2.2e-07
 Step: 1081 E: -23.070550217173 G: 2.2e-07
 Step: 1082 E: -23.070550217173 G: 2.2e-07
 Step: 1083 E: -23.070550217173 G: 2.1e-07
 Step: 1084 E: -23.070550217173 G: 2.1e-07
 Step: 1085 E: -23.070550217173 G: 2.1e-07
 Step: 1086 E: -23.070550217173 G: 2.1e-07
 Step: 1087 E: -23.070550217173 G: 2.1e-07
 Step: 1088 E: -23.070550217174 G: 2.0e-07
 Step: 1089 E: -23.070550217173 G: 2.0e-07
 Step: 1090 E: -23.070550217173 G: 2.0e-07
 Step: 1091 E: -23.070550217173 G: 2.0e-07
 Step: 1092 E: -23.070550217173 G: 2.0e-07
 Step: 1093 E: -23.070550217173 G: 2.0e-07
 Step: 1094 E: -23.070550217174 G: 1.9e-07
 Step: 1095 E: -23.070550217173 G: 1.9e-07
 Step: 1096 E: -23.070550217173 G: 1.9e-07
 Step: 1097 E: -23.070550217173 G: 1.9e-07
 Step: 1098 E: -23.070550217173 G: 1.9e-07
 Step: 1099 E: -23.070550217173 G: 1.8e-07
 Step: 1100 E: -23.070550217174 G: 1.8e-07
 Step: 1101 E: -23.070550217174 G: 1.8e-07
 Step: 1102 E: -23.070550217174 G: 1.8e-07
 Step: 1103 E: -23.070550217174 G: 1.8e-07
 Step: 1104 E: -23.070550217174 G: 1.8e-07
 Step: 1105 E: -23.070550217174 G: 1.7e-07
 Step: 1106 E: -23.070550217174 G: 1.7e-07
 Step: 1107 E: -23.070550217174 G: 1.7e-07
 Step: 1108 E: -23.070550217174 G: 1.7e-07
 Step: 1109 E: -23.070550217174 G: 1.7e-07
 Step: 1110 E: -23.070550217174 G: 1.7e-07
 Step: 1111 E: -23.070550217173 G: 1.7e-07
 Step: 1112 E: -23.070550217174 G: 1.6e-07
 Step: 1113 E: -23.070550217173 G: 1.6e-07
 Step: 1114 E: -23.070550217174 G: 1.6e-07
 Step: 1115 E: -23.070550217173 G: 1.6e-07
 Step: 1116 E: -23.070550217173 G: 1.6e-07
 Step: 1117 E: -23.070550217173 G: 1.6e-07
 Step: 1118 E: -23.070550217173 G: 1.5e-07
 Step: 1119 E: -23.070550217173 G: 1.5e-07
 Step: 1120 E: -23.070550217174 G: 1.5e-07
 Step: 1121 E: -23.070550217173 G: 1.5e-07
 Step: 1122 E: -23.070550217173 G: 1.5e-07
 Step: 1123 E: -23.070550217173 G: 1.5e-07
 Step: 1124 E: -23.070550217174 G: 1.5e-07
 Step: 1125 E: -23.070550217173 G: 1.5e-07
 Step: 1126 E: -23.070550217173 G: 1.4e-07
 Step: 1127 E: -23.070550217173 G: 1.4e-07
 Step: 1128 E: -23.070550217174 G: 1.4e-07
 Step: 1129 E: -23.070550217174 G: 1.4e-07
 Step: 1130 E: -23.070550217173 G: 1.4e-07
 Step: 1131 E: -23.070550217173 G: 1.4e-07
 Step: 1132 E: -23.070550217173 G: 1.4e-07
 Step: 1133 E: -23.070550217174 G: 1.4e-07
 Step: 1134 E: -23.070550217173 G: 1.3e-07
 Step: 1135 E: -23.070550217173 G: 1.3e-07
 Step: 1136 E: -23.070550217173 G: 1.3e-07
 Step: 1137 E: -23.070550217174 G: 1.3e-07
 Step: 1138 E: -23.070550217173 G: 1.3e-07
 Step: 1139 E: -23.070550217174 G: 1.3e-07
 Step: 1140 E: -23.070550217174 G: 1.3e-07
 Step: 1141 E: -23.070550217173 G: 1.3e-07
 Step: 1142 E: -23.070550217174 G: 1.2e-07
 Step: 1143 E: -23.070550217174 G: 1.2e-07
 Step: 1144 E: -23.070550217174 G: 1.2e-07
 Step: 1145 E: -23.070550217174 G: 1.2e-07
 Step: 1146 E: -23.070550217174 G: 1.2e-07
 Step: 1147 E: -23.070550217174 G: 1.2e-07
 Step: 1148 E: -23.070550217174 G: 1.2e-07
 Step: 1149 E: -23.070550217174 G: 1.2e-07
 Step: 1150 E: -23.070550217174 G: 1.2e-07
 Step: 1151 E: -23.070550217174 G: 1.1e-07
 Step: 1152 E: -23.070550217174 G: 1.1e-07
 Step: 1153 E: -23.070550217174 G: 1.1e-07
 Step: 1154 E: -23.070550217174 G: 1.1e-07
 Step: 1155 E: -23.070550217174 G: 1.1e-07
 Step: 1156 E: -23.070550217174 G: 1.1e-07
 Step: 1157 E: -23.070550217174 G: 1.1e-07
 Step: 1158 E: -23.070550217174 G: 1.1e-07
 Step: 1159 E: -23.070550217174 G: 1.1e-07
 Step: 1160 E: -23.070550217174 G: 1.1e-07
 Step: 1161 E: -23.070550217174 G: 1.0e-07
 Step: 1162 E: -23.070550217174 G: 1.0e-07
 Step: 1163 E: -23.070550217174 G: 1.0e-07
 Step: 1164 E: -23.070550217174 G: 1.0e-07
 Step: 1165 E: -23.070550217173 G: 1.0e-07
 Step: 1166 E: -23.070550217174 G: 1.0e-07
 Step: 1167 E: -23.070550217174 G: 9.9e-08
 Step: 1168 E: -23.070550217174 G: 9.8e-08
 Step: 1169 E: -23.070550217174 G: 9.7e-08
 Step: 1170 E: -23.070550217174 G: 9.7e-08
 Step: 1171 E: -23.070550217174 G: 9.6e-08
 Step: 1172 E: -23.070550217174 G: 9.5e-08
 Step: 1173 E: -23.070550217174 G: 9.4e-08
 Step: 1174 E: -23.070550217174 G: 9.3e-08
 Step: 1175 E: -23.070550217174 G: 9.2e-08
 Step: 1176 E: -23.070550217174 G: 9.2e-08
 Step: 1177 E: -23.070550217174 G: 9.1e-08
 Step: 1178 E: -23.070550217174 G: 9.0e-08
 Step: 1179 E: -23.070550217174 G: 8.9e-08
 Step: 1180 E: -23.070550217174 G: 8.8e-08
 Step: 1181 E: -23.070550217174 G: 8.8e-08
 Step: 1182 E: -23.070550217174 G: 8.7e-08
 Step: 1183 E: -23.070550217174 G: 8.6e-08
 Step: 1184 E: -23.070550217174 G: 8.5e-08
 Step: 1185 E: -23.070550217174 G: 8.5e-08
 Step: 1186 E: -23.070550217174 G: 8.4e-08
 Step: 1187 E: -23.070550217174 G: 8.3e-08
 Step: 1188 E: -23.070550217174 G: 8.2e-08
 Step: 1189 E: -23.070550217174 G: 8.2e-08
 Step: 1190 E: -23.070550217174 G: 8.1e-08
 Step: 1191 E: -23.070550217173 G: 8.0e-08
 Step: 1192 E: -23.070550217174 G: 7.9e-08
 Step: 1193 E: -23.070550217174 G: 7.9e-08
 Step: 1194 E: -23.070550217174 G: 7.8e-08
 Step: 1195 E: -23.070550217174 G: 7.7e-08
 .........................................
 Step: 1275 E: -23.070550217173 G: 3.9e-08
 Step: 1276 E: -23.070550217174 G: 3.9e-08
 Step: 1277 E: -23.070550217173 G: 3.9e-08
 Step: 1278 E: -23.070550217173 G: 3.8e-08
 Step: 1279 E: -23.070550217173 G: 3.8e-08
 Step: 1280 E: -23.070550217173 G: 3.8e-08
 Step: 1281 E: -23.070550217173 G: 3.7e-08
 Step: 1282 E: -23.070550217174 G: 3.7e-08
 Step: 1283 E: -23.070550217173 G: 3.7e-08
 Step: 1284 E: -23.070550217173 G: 3.7e-08
 Step: 1285 E: -23.070550217173 G: 3.6e-08
 Step: 1286 E: -23.070550217173 G: 3.6e-08
 Step: 1287 E: -23.070550217173 G: 3.6e-08
 Step: 1288 E: -23.070550217174 G: 3.5e-08
 Step: 1289 E: -23.070550217173 G: 3.5e-08
 Step: 1290 E: -23.070550217174 G: 3.5e-08
 Step: 1291 E: -23.070550217173 G: 3.5e-08
 Step: 1292 E: -23.070550217173 G: 3.4e-08
 Step: 1293 E: -23.070550217174 G: 3.4e-08
 Step: 1294 E: -23.070550217174 G: 3.4e-08
 Step: 1295 E: -23.070550217173 G: 3.3e-08
 Step: 1296 E: -23.070550217174 G: 3.3e-08
 Step: 1297 E: -23.070550217174 G: 3.3e-08
 Step: 1298 E: -23.070550217174 G: 3.3e-08
 Step: 1299 E: -23.070550217174 G: 3.2e-08
 Step: 1300 E: -23.070550217174 G: 3.2e-08
 Step: 1301 E: -23.070550217174 G: 3.2e-08
 Step: 1302 E: -23.070550217174 G: 3.2e-08
 Step: 1303 E: -23.070550217174 G: 3.1e-08
 Step: 1304 E: -23.070550217174 G: 3.1e-08
 Step: 1305 E: -23.070550217174 G: 3.1e-08
 Step: 1306 E: -23.070550217174 G: 3.1e-08
 Step: 1307 E: -23.070550217174 G: 3.0e-08
 Step: 1308 E: -23.070550217174 G: 3.0e-08
 Step: 1309 E: -23.070550217173 G: 3.0e-08
 Step: 1310 E: -23.070550217174 G: 3.0e-08
 Step: 1311 E: -23.070550217174 G: 3.0e-08
 Step: 1312 E: -23.070550217174 G: 2.9e-08
 Step: 1313 E: -23.070550217174 G: 2.9e-08
 Step: 1314 E: -23.070550217173 G: 2.9e-08
 Step: 1315 E: -23.070550217173 G: 2.9e-08
 Step: 1316 E: -23.070550217174 G: 2.8e-08
 Step: 1317 E: -23.070550217174 G: 2.8e-08
 Step: 1318 E: -23.070550217174 G: 2.8e-08
 Step: 1319 E: -23.070550217174 G: 2.8e-08
 Step: 1320 E: -23.070550217174 G: 2.8e-08
 Step: 1321 E: -23.070550217174 G: 2.7e-08
 Step: 1322 E: -23.070550217173 G: 2.7e-08
 Step: 1323 E: -23.070550217173 G: 2.7e-08
 Step: 1324 E: -23.070550217174 G: 2.7e-08
 Step: 1325 E: -23.070550217173 G: 2.7e-08
 Step: 1326 E: -23.070550217174 G: 2.6e-08
 Step: 1327 E: -23.070550217174 G: 2.6e-08
 Step: 1328 E: -23.070550217174 G: 2.6e-08
 Step: 1329 E: -23.070550217174 G: 2.6e-08
 Step: 1330 E: -23.070550217174 G: 2.6e-08
 Step: 1331 E: -23.070550217174 G: 2.5e-08
 Step: 1332 E: -23.070550217174 G: 2.5e-08
 Step: 1333 E: -23.070550217173 G: 2.5e-08
 Step: 1334 E: -23.070550217174 G: 2.5e-08
 Step: 1335 E: -23.070550217174 G: 2.5e-08
 Step: 1336 E: -23.070550217173 G: 2.4e-08
 Step: 1337 E: -23.070550217173 G: 2.4e-08
 Step: 1338 E: -23.070550217174 G: 2.4e-08
 Step: 1339 E: -23.070550217174 G: 2.4e-08
 Step: 1340 E: -23.070550217174 G: 2.4e-08
 Step: 1341 E: -23.070550217174 G: 2.4e-08
 Step: 1342 E: -23.070550217174 G: 2.3e-08
 Step: 1343 E: -23.070550217173 G: 2.3e-08
 Step: 1344 E: -23.070550217173 G: 2.3e-08
 Step: 1345 E: -23.070550217174 G: 2.3e-08
 Step: 1346 E: -23.070550217173 G: 2.3e-08
 Step: 1347 E: -23.070550217173 G: 2.3e-08
 Step: 1348 E: -23.070550217173 G: 2.2e-08
 Step: 1349 E: -23.070550217174 G: 2.2e-08
 Step: 1350 E: -23.070550217174 G: 2.2e-08
 Step: 1351 E: -23.070550217173 G: 2.2e-08
 Step: 1352 E: -23.070550217173 G: 2.2e-08
 Step: 1353 E: -23.070550217173 G: 2.2e-08
 Step: 1354 E: -23.070550217173 G: 2.1e-08
 Step: 1355 E: -23.070550217173 G: 2.1e-08
 Step: 1356 E: -23.070550217174 G: 2.1e-08
 Step: 1357 E: -23.070550217174 G: 2.1e-08
 Step: 1358 E: -23.070550217174 G: 2.1e-08
 Step: 1359 E: -23.070550217173 G: 2.1e-08
 Step: 1360 E: -23.070550217174 G: 2.0e-08
 Step: 1361 E: -23.070550217173 G: 2.0e-08
 Step: 1362 E: -23.070550217174 G: 2.0e-08
 Step: 1363 E: -23.070550217174 G: 2.0e-08
 Step: 1364 E: -23.070550217174 G: 2.0e-08
 Step: 1365 E: -23.070550217173 G: 2.0e-08
 Step: 1366 E: -23.070550217173 G: 2.0e-08
 Step: 1367 E: -23.070550217173 G: 2.0e-08
 Step: 1368 E: -23.070550217174 G: 1.9e-08
 Step: 1369 E: -23.070550217174 G: 1.9e-08
 Step: 1370 E: -23.070550217173 G: 1.9e-08
 Step: 1371 E: -23.070550217173 G: 1.9e-08
 Step: 1372 E: -23.070550217174 G: 1.9e-08
 Step: 1373 E: -23.070550217174 G: 1.9e-08
 Step: 1374 E: -23.070550217174 G: 1.9e-08
 Step: 1375 E: -23.070550217174 G: 1.8e-08
 Step: 1376 E: -23.070550217174 G: 1.8e-08
 Step: 1377 E: -23.070550217173 G: 1.8e-08
 Step: 1378 E: -23.070550217173 G: 1.8e-08
 Step: 1379 E: -23.070550217174 G: 1.8e-08
 Step: 1380 E: -23.070550217174 G: 1.8e-08
 Step: 1381 E: -23.070550217173 G: 1.8e-08
 Step: 1382 E: -23.070550217174 G: 1.8e-08
 Step: 1383 E: -23.070550217173 G: 1.7e-08
 Step: 1384 E: -23.070550217174 G: 1.7e-08
 Step: 1385 E: -23.070550217174 G: 1.7e-08
 Step: 1386 E: -23.070550217174 G: 1.7e-08
 Step: 1387 E: -23.070550217174 G: 1.7e-08
 Step: 1388 E: -23.070550217173 G: 1.7e-08
 Step: 1389 E: -23.070550217174 G: 1.7e-08
 Step: 1390 E: -23.070550217174 G: 1.7e-08
 Step: 1391 E: -23.070550217174 G: 1.6e-08
 Step: 1392 E: -23.070550217174 G: 1.6e-08
 Step: 1393 E: -23.070550217174 G: 1.6e-08
 Step: 1394 E: -23.070550217174 G: 1.6e-08
 Step: 1395 E: -23.070550217174 G: 1.6e-08
 Step: 1396 E: -23.070550217174 G: 1.6e-08
 Step: 1397 E: -23.070550217174 G: 1.6e-08
 Step: 1398 E: -23.070550217174 G: 1.6e-08
 Step: 1399 E: -23.070550217174 G: 1.6e-08
 Step: 1400 E: -23.070550217174 G: 1.6e-08
 Step: 1401 E: -23.070550217174 G: 1.5e-08
 Step: 1402 E: -23.070550217173 G: 1.5e-08
 Step: 1403 E: -23.070550217174 G: 1.5e-08
 Step: 1404 E: -23.070550217174 G: 1.5e-08
 Step: 1405 E: -23.070550217174 G: 1.5e-08
 Step: 1406 E: -23.070550217174 G: 1.5e-08
 Step: 1407 E: -23.070550217174 G: 1.5e-08
 Step: 1408 E: -23.070550217174 G: 1.5e-08
 Step: 1409 E: -23.070550217174 G: 1.5e-08
 Step: 1410 E: -23.070550217174 G: 1.5e-08
 Step: 1411 E: -23.070550217174 G: 1.4e-08
 Step: 1412 E: -23.070550217174 G: 1.4e-08
 Step: 1413 E: -23.070550217174 G: 1.4e-08
 Step: 1414 E: -23.070550217174 G: 1.4e-08
 Step: 1415 E: -23.070550217174 G: 1.4e-08
 Step: 1416 E: -23.070550217174 G: 1.4e-08
 Step: 1417 E: -23.070550217174 G: 1.4e-08
 Step: 1418 E: -23.070550217174 G: 1.4e-08
 Step: 1419 E: -23.070550217174 G: 1.4e-08
 Step: 1420 E: -23.070550217174 G: 1.4e-08
 Step: 1421 E: -23.070550217174 G: 1.4e-08
 Step: 1422 E: -23.070550217174 G: 1.3e-08
 Step: 1423 E: -23.070550217174 G: 1.3e-08
 Step: 1424 E: -23.070550217174 G: 1.3e-08
 Step: 1425 E: -23.070550217174 G: 1.3e-08
 Step: 1426 E: -23.070550217174 G: 1.3e-08
 Step: 1427 E: -23.070550217174 G: 1.3e-08
 Step: 1428 E: -23.070550217174 G: 1.3e-08
 Step: 1429 E: -23.070550217174 G: 1.3e-08
 Step: 1430 E: -23.070550217174 G: 1.3e-08
 Step: 1431 E: -23.070550217174 G: 1.3e-08
 Step: 1432 E: -23.070550217174 G: 1.3e-08
 Step: 1433 E: -23.070550217174 G: 1.2e-08
 Step: 1434 E: -23.070550217174 G: 1.2e-08
 Step: 1435 E: -23.070550217174 G: 1.2e-08
 Step: 1436 E: -23.070550217174 G: 1.2e-08
 Step: 1437 E: -23.070550217174 G: 1.2e-08
 Step: 1438 E: -23.070550217174 G: 1.2e-08
 Step: 1439 E: -23.070550217174 G: 1.2e-08
 Step: 1440 E: -23.070550217174 G: 1.2e-08
 Step: 1441 E: -23.070550217174 G: 1.2e-08
 Step: 1442 E: -23.070550217174 G: 1.2e-08
 Step: 1443 E: -23.070550217174 G: 1.2e-08
 Step: 1444 E: -23.070550217174 G: 1.2e-08
 Step: 1445 E: -23.070550217174 G: 1.2e-08
 Step: 1446 E: -23.070550217174 G: 1.2e-08
 Step: 1447 E: -23.070550217174 G: 1.1e-08
 Step: 1448 E: -23.070550217174 G: 1.1e-08
 Step: 1449 E: -23.070550217174 G: 1.1e-08
 Step: 1450 E: -23.070550217174 G: 1.1e-08
 Step: 1451 E: -23.070550217174 G: 1.1e-08
 Step: 1452 E: -23.070550217174 G: 1.1e-08
 Step: 1453 E: -23.070550217174 G: 1.1e-08
 Step: 1454 E: -23.070550217174 G: 1.1e-08
 Step: 1455 E: -23.070550217174 G: 1.1e-08
 Step: 1456 E: -23.070550217174 G: 1.1e-08
 Step: 1457 E: -23.070550217174 G: 1.1e-08
 Step: 1458 E: -23.070550217174 G: 1.1e-08
 Step: 1459 E: -23.070550217174 G: 1.1e-08
 Step: 1460 E: -23.070550217174 G: 1.1e-08
 Step: 1461 E: -23.070550217174 G: 1.0e-08
 Step: 1462 E: -23.070550217174 G: 1.0e-08
 Step: 1463 E: -23.070550217174 G: 1.0e-08
 Step: 1464 E: -23.070550217174 G: 1.0e-08
 Step: 1465 E: -23.070550217174 G: 1.0e-08
 Step: 1466 E: -23.070550217174 G: 1.0e-08
 Step: 1467 E: -23.070550217174 G: 1.0e-08
 Step: 1468 E: -23.070550217174 G: 1.0e-08
*Step: 1469 E: -23.070550217174 G: 1.0e-08
360.192985 seconds (54.90 M allocations: 299.447 GiB, 10.96% gc time)
 Solve OO-CMF with DIIS
 ooCMF Iter:    1 Total= -23.067463368871 G=    2.296e-01 #SS:    1
 ooCMF Iter:    2 Total= -23.070077884547 G=    5.626e-02 #SS:    2
 ooCMF Iter:    3 Total= -23.070242379540 G=    8.611e-03 #SS:    3
 ooCMF Iter:    4 Total= -23.070249930983 G=    7.647e-03 #SS:    4
 ooCMF Iter:    5 Total= -23.070256672460 G=    7.553e-03 #SS:    5
 ooCMF Iter:    6 Total= -23.070285858681 G=    7.178e-03 #SS:    6
 ooCMF Iter:    7 Total= -23.070549286714 G=    5.800e-04 #SS:    7
 ooCMF Iter:    8 Total= -23.070549799127 G=    3.233e-04 #SS:    8
 ooCMF Iter:    9 Total= -23.070549812193 G=    2.990e-04 #SS:    9
 ooCMF Iter:   10 Total= -23.070549824941 G=    2.935e-04 #SS:   10
 ooCMF Iter:   11 Total= -23.070549985726 G=    2.220e-04 #SS:   11
 ooCMF Iter:   12 Total= -23.070550161022 G=    1.228e-04 #SS:   12
 ooCMF Iter:   13 Total= -23.070550165337 G=    1.199e-04 #SS:   13
 ooCMF Iter:   14 Total= -23.070550182211 G=    9.884e-05 #SS:   14
 ooCMF Iter:   15 Total= -23.070550215537 G=    2.343e-05 #SS:   15
 ooCMF Iter:   16 Total= -23.070550216887 G=    7.294e-06 #SS:   16
 ooCMF Iter:   17 Total= -23.070550216892 G=    7.167e-06 #SS:   17
 ooCMF Iter:   18 Total= -23.070550216915 G=    6.851e-06 #SS:   18
 ooCMF Iter:   19 Total= -23.070550217138 G=    2.583e-06 #SS:   19
 ooCMF Iter:   20 Total= -23.070550217141 G=    2.496e-06 #SS:   20
 ooCMF Iter:   21 Total= -23.070550217143 G=    2.382e-06 #SS:   21
 ooCMF Iter:   22 Total= -23.070550217144 G=    2.333e-06 #SS:   22
 ooCMF Iter:   23 Total= -23.070550217149 G=    2.006e-06 #SS:   23
 ooCMF Iter:   24 Total= -23.070550217162 G=    1.073e-06 #SS:   24
 ooCMF Iter:   25 Total= -23.070550217162 G=    1.065e-06 #SS:   24
 ooCMF Iter:   26 Total= -23.070550217163 G=    1.023e-06 #SS:   24
 ooCMF Iter:   27 Total= -23.070550217172 G=    3.155e-07 #SS:   24
 ooCMF Iter:   28 Total= -23.070550217172 G=    3.105e-07 #SS:   24
 ooCMF Iter:   29 Total= -23.070550217172 G=    2.962e-07 #SS:   24
 ooCMF Iter:   30 Total= -23.070550217173 G=    7.318e-08 #SS:   24
 ooCMF Iter:   31 Total= -23.070550217173 G=    3.318e-08 #SS:   24
 ooCMF Iter:   32 Total= -23.070550217173 G=    3.114e-08 #SS:   24
 ooCMF Iter:   33 Total= -23.070550217173 G=    3.061e-08 #SS:   24
 ooCMF Iter:   34 Total= -23.070550217173 G=    2.221e-08 #SS:   24
*ooCMF Iter:   35 Total= -23.070550217173 G=    3.543e-09 #SS:   24
 18.611784 seconds (13.22 M allocations: 19.112 GiB, 12.55% gc time)
 Solve OO-CMF with DIIS
 ooCMF Iter:    1 Total= -23.070444657145 G=    2.986e-02 #SS:    1
 ooCMF Iter:    2 Total= -23.070542898679 G=    1.349e-02 #SS:    2
 ooCMF Iter:    3 Total= -23.070546968299 G=    9.041e-03 #SS:    3
 ooCMF Iter:    4 Total= -23.070550215441 G=    1.747e-04 #SS:    4
 ooCMF Iter:    5 Total= -23.070550217167 G=    1.209e-05 #SS:    5
 ooCMF Iter:    6 Total= -23.070550217173 G=    2.730e-07 #SS:    6
 ooCMF Iter:    7 Total= -23.070550217173 G=    1.519e-08 #SS:    7
*ooCMF Iter:    8 Total= -23.070550217173 G=    6.486e-10 #SS:    8
  9.407668 seconds (1.09 M allocations: 5.872 GiB, 8.48% gc time)
 Solve OO-CMF with DIIS
 ooCMF Iter:    1 Total= -23.070486770364 G=    1.408e-02 #SS:    1
 ooCMF Iter:    2 Total= -23.070545495419 G=    1.015e-02 #SS:    2
 ooCMF Iter:    3 Total= -23.070550193320 G=    5.039e-04 #SS:    3
 ooCMF Iter:    4 Total= -23.070550216962 G=    5.704e-05 #SS:    4
 ooCMF Iter:    5 Total= -23.070550217173 G=    2.257e-06 #SS:    5
 ooCMF Iter:    6 Total= -23.070550217173 G=    1.887e-07 #SS:    6
*ooCMF Iter:    7 Total= -23.070550217173 G=    5.737e-09 #SS:    7
 13.279993 seconds (1.70 M allocations: 5.089 GiB, 3.70% gc time)
 Solve OO-CMF with newton
 Step:    1 E: -23.008857851519 G:     1.06e+00  
 Step:    2 E: -23.070486770364 G:     1.41e-02  
 Step:    3 E: -23.070550214685 G:     9.40e-05  
 Step:    4 E: -23.070550217171 G:     1.52e-06  
 Step:    5 E: -23.070550217173 G:     4.12e-08  
 Step:    6 E: -23.070550217173 G:     1.42e-09  
  9.602665 seconds (1.25 M allocations: 2.093 GiB, 3.06% gc time)
 Solve OO-CMF with newton
 Step:    1 E: -23.008857851519 G:     1.06e+00  
 Step:    2 E: -23.070444657145 G:     2.99e-02  
 Step:    3 E: -23.070550213386 G:     1.42e-04  
 Step:    4 E: -23.070550217170 G:     7.96e-07  
 Step:    5 E: -23.070550217173 G:     2.65e-08  
 Step:    6 E: -23.070550217173 G:     9.02e-10  
  5.023962 seconds (496.49 k allocations: 2.038 GiB, 6.65% gc time)