IDX001:DIM1024:001|002|003|004|005|
IDX002:DIM1024:006|007|008|009|010|
IDX003:DIM1024:011|012|013|014|015|
IDX004:DIM1024:016|017|018|019|020|
IDX005:DIM1024:021|022|023|024|025|
IDX006:DIM1024:026|027|028|029|030|
IDX007:DIM1024:031|032|033|034|035|
IDX008:DIM1024:036|037|038|039|040|
(40, 40) ooCMF Iter:    1 Total= -23.076097963130 Active= -44.195382116057 G=     5.52e-01
 ooCMF Iter:    2 Total= -23.092965675894 Active= -44.212249828821 G=     1.34e-01
 ooCMF Iter:    3 Total= -23.093674782233 Active= -44.212958935160 G=     2.86e-02
 ooCMF Iter:    4 Total= -23.093694122719 Active= -44.212978275646 G=     2.23e-02
 ooCMF Iter:    5 Total= -23.093730588848 Active= -44.213014741775 G=     6.98e-03
 ooCMF Iter:    6 Total= -23.093733163061 Active= -44.213017315988 G=     5.94e-03
 ooCMF Iter:    7 Total= -23.093739662776 Active= -44.213023815703 G=     1.08e-02
 ooCMF Iter:    8 Total= -23.093776197202 Active= -44.213060350129 G=     5.26e-03
 ooCMF Iter:    9 Total= -23.093777626688 Active= -44.213061779615 G=     1.94e-03
 ooCMF Iter:   10 Total= -23.093777700570 Active= -44.213061853496 G=     1.44e-03
 ooCMF Iter:   11 Total= -23.093777756952 Active= -44.213061909878 G=     8.17e-04
 ooCMF Iter:   12 Total= -23.093777793001 Active= -44.213061945928 G=     1.43e-04
 ooCMF Iter:   13 Total= -23.093777794400 Active= -44.213061947327 G=     1.35e-04
 ooCMF Iter:   14 Total= -23.093777802755 Active= -44.213061955682 G=     3.19e-04
 ooCMF Iter:   15 Total= -23.093777814198 Active= -44.213061967125 G=     1.49e-04
 ooCMF Iter:   16 Total= -23.093777816636 Active= -44.213061969563 G=     1.83e-04
 ooCMF Iter:   17 Total= -23.093777820233 Active= -44.213061973160 G=     9.85e-05
 ooCMF Iter:   18 Total= -23.093777820826 Active= -44.213061973753 G=     5.69e-05
 ooCMF Iter:   19 Total= -23.093777821446 Active= -44.213061974373 G=     8.36e-05
 ooCMF Iter:   20 Total= -23.093777822567 Active= -44.213061975494 G=     7.16e-05
 ooCMF Iter:   21 Total= -23.093777822758 Active= -44.213061975685 G=     4.93e-05
 ooCMF Iter:   22 Total= -23.093777822921 Active= -44.213061975847 G=     2.53e-05
 ooCMF Iter:   23 Total= -23.093777822951 Active= -44.213061975878 G=     6.98e-06
 ooCMF Iter:   24 Total= -23.093777822953 Active= -44.213061975880 G=     4.39e-06
 ooCMF Iter:   25 Total= -23.093777822960 Active= -44.213061975887 G=     6.93e-06
 ooCMF Iter:   26 Total= -23.093777822962 Active= -44.213061975889 G=     7.13e-06
 ooCMF Iter:   27 Total= -23.093777822966 Active= -44.213061975893 G=     8.92e-06
 ooCMF Iter:   28 Total= -23.093777822973 Active= -44.213061975900 G=     2.34e-06
 ooCMF Iter:   29 Total= -23.093777822974 Active= -44.213061975901 G=     1.87e-06
 ooCMF Iter:   30 Total= -23.093777822974 Active= -44.213061975901 G=     1.90e-06
 ooCMF Iter:   31 Total= -23.093777822975 Active= -44.213061975901 G=     6.04e-07
 ooCMF Iter:   32 Total= -23.093777822974 Active= -44.213061975901 G=     4.32e-07
 ooCMF Iter:   33 Total= -23.093777822975 Active= -44.213061975901 G=     1.59e-06
 ooCMF Iter:   34 Total= -23.093777822975 Active= -44.213061975902 G=     1.56e-06
 ooCMF Iter:   35 Total= -23.093777822975 Active= -44.213061975902 G=     1.36e-06
 ooCMF Iter:   36 Total= -23.093777822975 Active= -44.213061975902 G=     4.06e-07
 ooCMF Iter:   37 Total= -23.093777822975 Active= -44.213061975902 G=     4.09e-07
 ooCMF Iter:   38 Total= -23.093777822975 Active= -44.213061975902 G=     2.47e-07
 ooCMF Iter:   39 Total= -23.093777822975 Active= -44.213061975902 G=     3.09e-07
 ooCMF Iter:   40 Total= -23.093777822975 Active= -44.213061975902 G=     3.21e-07
 ooCMF Iter:   41 Total= -23.093777822975 Active= -44.213061975902 G=     1.61e-07
 ooCMF Iter:   42 Total= -23.093777822975 Active= -44.213061975902 G=     2.24e-07
 ooCMF Iter:   43 Total= -23.093777822975 Active= -44.213061975902 G=     2.31e-07
 ooCMF Iter:   44 Total= -23.093777822975 Active= -44.213061975902 G=     1.68e-07
 ooCMF Iter:   45 Total= -23.093777822975 Active= -44.213061975902 G=     8.27e-08
 ooCMF Iter:   46 Total= -23.093777822975 Active= -44.213061975902 G=     6.83e-08
 ooCMF Iter:   47 Total= -23.093777822975 Active= -44.213061975902 G=     2.01e-08
 * Status: success (objective increased between iterations)

 * Candidate solution
    Final objective value:     -2.309378e+01

 * Found with
    Algorithm:     BFGS

 * Convergence measures
    |x - x'|               = 7.66e-09 ≰ 0.0e+00
    |x - x'|/|x'|          = 6.33e-07 ≰ 0.0e+00
    |f(x) - f(x')|         = 5.68e-14 ≰ 0.0e+00
    |f(x) - f(x')|/|f(x')| = 2.46e-15 ≰ 0.0e+00
    |g(x)|                 = 4.46e-09 ≤ 1.0e-08

 * Work counters
    Seconds run:   38  (vs limit Inf)
    Iterations:    46
    f(x) calls:    99
    ∇f(x) calls:   99

*ooCMF -23.09377782 
 38.852609 seconds (11.85 M allocations: 30.606 GiB, 9.04% gc time)
 ooCMF Iter:    1 Total= -23.076097963130 Active= -44.195382116057 G=     5.52e-01
 ooCMF Iter:    2 Total= -23.093008224455 Active= -44.212292377382 G=     1.25e-01
 ooCMF Iter:    3 Total= -23.093710206568 Active= -44.212994359495 G=     1.23e-02
 ooCMF Iter:    4 Total= -23.093719714350 Active= -44.213003867277 G=     3.65e-03
 ooCMF Iter:    5 Total= -23.093739426654 Active= -44.213023579581 G=     1.44e-02
 ooCMF Iter:    6 Total= -23.093773992637 Active= -44.213058145564 G=     8.46e-03
 ooCMF Iter:    7 Total= -23.093777723803 Active= -44.213061876730 G=     8.23e-04
 ooCMF Iter:    8 Total= -23.093777762861 Active= -44.213061915788 G=     2.14e-04
 ooCMF Iter:    9 Total= -23.093777765937 Active= -44.213061918864 G=     1.54e-04
 ooCMF Iter:   10 Total= -23.093777782239 Active= -44.213061935166 G=     3.00e-04
 ooCMF Iter:   11 Total= -23.093777807905 Active= -44.213061960832 G=     3.22e-04
 ooCMF Iter:   12 Total= -23.093777813661 Active= -44.213061966588 G=     8.97e-05
 ooCMF Iter:   13 Total= -23.093777814284 Active= -44.213061967211 G=     7.07e-05
 ooCMF Iter:   14 Total= -23.093777818801 Active= -44.213061971728 G=     1.70e-04
 ooCMF Iter:   15 Total= -23.093777822185 Active= -44.213061975112 G=     8.87e-05
 ooCMF Iter:   16 Total= -23.093777822597 Active= -44.213061975524 G=     1.57e-05
 ooCMF Iter:   17 Total= -23.093777822617 Active= -44.213061975544 G=     1.25e-05
 ooCMF Iter:   18 Total= -23.093777822659 Active= -44.213061975586 G=     2.09e-05
 ooCMF Iter:   19 Total= -23.093777822784 Active= -44.213061975711 G=     3.95e-05
 ooCMF Iter:   20 Total= -23.093777822936 Active= -44.213061975863 G=     7.27e-06
 ooCMF Iter:   21 Total= -23.093777822939 Active= -44.213061975866 G=     3.53e-06
 ooCMF Iter:   22 Total= -23.093777822941 Active= -44.213061975868 G=     5.72e-06
 ooCMF Iter:   23 Total= -23.093777822945 Active= -44.213061975872 G=     5.19e-06
 ooCMF Iter:   24 Total= -23.093777822952 Active= -44.213061975879 G=     1.22e-05
 ooCMF Iter:   25 Total= -23.093777822965 Active= -44.213061975891 G=     8.06e-06
 ooCMF Iter:   26 Total= -23.093777822967 Active= -44.213061975894 G=     2.38e-06
 ooCMF Iter:   27 Total= -23.093777822968 Active= -44.213061975895 G=     2.25e-06
 ooCMF Iter:   28 Total= -23.093777822971 Active= -44.213061975897 G=     5.32e-06
 ooCMF Iter:   29 Total= -23.093777822974 Active= -44.213061975900 G=     1.87e-06
 ooCMF Iter:   30 Total= -23.093777822974 Active= -44.213061975901 G=     5.23e-07
 ooCMF Iter:   31 Total= -23.093777822974 Active= -44.213061975901 G=     9.41e-07
 ooCMF Iter:   32 Total= -23.093777822974 Active= -44.213061975901 G=     8.70e-07
 ooCMF Iter:   33 Total= -23.093777822974 Active= -44.213061975901 G=     2.13e-06
 ooCMF Iter:   34 Total= -23.093777822975 Active= -44.213061975902 G=     6.52e-07
 ooCMF Iter:   35 Total= -23.093777822975 Active= -44.213061975902 G=     1.73e-07
 ooCMF Iter:   36 Total= -23.093777822975 Active= -44.213061975902 G=     2.50e-07
 ooCMF Iter:   37 Total= -23.093777822975 Active= -44.213061975902 G=     7.30e-07
 ooCMF Iter:   38 Total= -23.093777822975 Active= -44.213061975902 G=     3.66e-07
 ooCMF Iter:   39 Total= -23.093777822975 Active= -44.213061975902 G=     1.22e-07
 ooCMF Iter:   40 Total= -23.093777822975 Active= -44.213061975902 G=     1.01e-07
 ooCMF Iter:   41 Total= -23.093777822975 Active= -44.213061975902 G=     2.45e-07
 ooCMF Iter:   42 Total= -23.093777822975 Active= -44.213061975902 G=     2.68e-07
 ooCMF Iter:   43 Total= -23.093777822975 Active= -44.213061975902 G=     9.03e-08
 ooCMF Iter:   44 Total= -23.093777822975 Active= -44.213061975902 G=     6.50e-08
 ooCMF Iter:   45 Total= -23.093777822975 Active= -44.213061975902 G=     8.35e-08
 ooCMF Iter:   46 Total= -23.093777822975 Active= -44.213061975902 G=     1.68e-07
 ooCMF Iter:   47 Total= -23.093777822975 Active= -44.213061975902 G=     1.15e-07
 ooCMF Iter:   48 Total= -23.093777822975 Active= -44.213061975902 G=     3.73e-08
 * Status: success (objective increased between iterations)

 * Candidate solution
    Final objective value:     -2.309378e+01

 * Found with
    Algorithm:     Conjugate Gradient

 * Convergence measures
    |x - x'|               = 1.95e-08 ≰ 0.0e+00
    |x - x'|/|x'|          = 1.61e-06 ≰ 0.0e+00
    |f(x) - f(x')|         = 4.26e-14 ≰ 0.0e+00
    |f(x) - f(x')|/|f(x')| = 1.85e-15 ≰ 0.0e+00
    |g(x)|                 = 8.87e-09 ≤ 1.0e-08

 * Work counters
    Seconds run:   34  (vs limit Inf)
    Iterations:    47
    f(x) calls:    125
    ∇f(x) calls:   83

*ooCMF -23.09377782 
 34.651022 seconds (10.47 M allocations: 29.053 GiB, 9.71% gc time)
 Step:    1 E: -23.076097963130 G: 5.5e-01
 Step:    2 E: -23.092847488205 G: 1.2e-01
 Step:    3 E: -23.093666413089 G: 3.1e-02
 Step:    4 E: -23.093715985993 G: 8.8e-03
 Step:    5 E: -23.093720292710 G: 4.1e-03
 Step:    6 E: -23.093721678569 G: 3.5e-03
 Step:    7 E: -23.093722844927 G: 3.4e-03
 Step:    8 E: -23.093723973901 G: 3.3e-03
 Step:    9 E: -23.093725078742 G: 3.3e-03
 Step:   10 E: -23.093726160857 G: 3.3e-03
 Step:   11 E: -23.093727220778 G: 3.2e-03
 Step:   12 E: -23.093728258968 G: 3.2e-03
 Step:   13 E: -23.093729275870 G: 3.2e-03
 Step:   14 E: -23.093730271921 G: 3.1e-03
 Step:   15 E: -23.093731247547 G: 3.1e-03
 Step:   16 E: -23.093732203168 G: 3.1e-03
 Step:   17 E: -23.093733139192 G: 3.0e-03
 Step:   18 E: -23.093734056021 G: 3.0e-03
 Step:   19 E: -23.093734954048 G: 3.0e-03
 Step:   20 E: -23.093735833659 G: 2.9e-03
 Step:   21 E: -23.093736695229 G: 2.9e-03
 Step:   22 E: -23.093737539130 G: 2.9e-03
 Step:   23 E: -23.093738365723 G: 2.9e-03
 Step:   24 E: -23.093739175362 G: 2.8e-03
 Step:   25 E: -23.093739968395 G: 2.8e-03
 Step:   26 E: -23.093740745162 G: 2.8e-03
 Step:   27 E: -23.093741505997 G: 2.7e-03
.........................................
Step:  265 E: -23.093777561081 G: 2.3e-04
 Step:  266 E: -23.093777566445 G: 2.3e-04
 Step:  267 E: -23.093777571700 G: 2.3e-04
 Step:  268 E: -23.093777576847 G: 2.3e-04
 Step:  269 E: -23.093777581889 G: 2.2e-04
 Step:  270 E: -23.093777586827 G: 2.2e-04
 Step:  271 E: -23.093777591664 G: 2.2e-04
 Step:  272 E: -23.093777596402 G: 2.2e-04
 Step:  273 E: -23.093777601043 G: 2.1e-04
 Step:  274 E: -23.093777605589 G: 2.1e-04
 Step:  275 E: -23.093777610041 G: 2.1e-04
 Step:  276 E: -23.093777614403 G: 2.1e-04
 Step:  277 E: -23.093777618675 G: 2.1e-04
 Step:  278 E: -23.093777622859 G: 2.0e-04
 Step:  279 E: -23.093777626958 G: 2.0e-04
 Step:  280 E: -23.093777630972 G: 2.0e-04
 Step:  281 E: -23.093777634905 G: 2.0e-04
 Step:  282 E: -23.093777638756 G: 1.9e-04
 Step:  283 E: -23.093777642529 G: 1.9e-04
 Step:  284 E: -23.093777646225 G: 1.9e-04
 Step:  285 E: -23.093777649844 G: 1.9e-04
 Step:  286 E: -23.093777653390 G: 1.9e-04
 Step:  287 E: -23.093777656863 G: 1.8e-04
 Step:  288 E: -23.093777660265 G: 1.8e-04
 Step:  289 E: -23.093777663597 G: 1.8e-04
 Step:  290 E: -23.093777666861 G: 1.8e-04
 Step:  291 E: -23.093777670058 G: 1.8e-04
 Step:  292 E: -23.093777673189 G: 1.8e-04
 Step:  293 E: -23.093777676256 G: 1.7e-04
 Step:  294 E: -23.093777679261 G: 1.7e-04
 Step:  295 E: -23.093777682204 G: 1.7e-04
 Step:  296 E: -23.093777685086 G: 1.7e-04
 Step:  297 E: -23.093777687909 G: 1.7e-04
 Step:  298 E: -23.093777690675 G: 1.7e-04
 Step:  299 E: -23.093777693384 G: 1.6e-04
 Step:  300 E: -23.093777696037 G: 1.6e-04
 Step:  301 E: -23.093777698637 G: 1.6e-04
 Step:  302 E: -23.093777701182 G: 1.6e-04
 Step:  303 E: -23.093777703676 G: 1.6e-04
 Step:  304 E: -23.093777706119 G: 1.6e-04
 Step:  305 E: -23.093777708511 G: 1.5e-04
 Step:  306 E: -23.093777710855 G: 1.5e-04
 Step:  307 E: -23.093777713150 G: 1.5e-04
 Step:  308 E: -23.093777715399 G: 1.5e-04
 Step:  309 E: -23.093777717601 G: 1.5e-04
 Step:  310 E: -23.093777719758 G: 1.5e-04
 Step:  311 E: -23.093777721871 G: 1.4e-04
 Step:  312 E: -23.093777723941 G: 1.4e-04
 Step:  313 E: -23.093777725969 G: 1.4e-04
 Step:  314 E: -23.093777727955 G: 1.4e-04
 Step:  315 E: -23.093777729900 G: 1.4e-04
 Step:  316 E: -23.093777731805 G: 1.4e-04
 Step:  317 E: -23.093777733671 G: 1.4e-04
 Step:  318 E: -23.093777735500 G: 1.3e-04
 Step:  319 E: -23.093777737290 G: 1.3e-04
 Step:  320 E: -23.093777739044 G: 1.3e-04
 Step:  321 E: -23.093777740762 G: 1.3e-04
 Step:  322 E: -23.093777742445 G: 1.3e-04
 Step:  323 E: -23.093777744094 G: 1.3e-04
 Step:  324 E: -23.093777745708 G: 1.3e-04
 Step:  325 E: -23.093777747290 G: 1.2e-04
 Step:  326 E: -23.093777748839 G: 1.2e-04
 Step:  327 E: -23.093777750356 G: 1.2e-04
 Step:  328 E: -23.093777751843 G: 1.2e-04
 Step:  329 E: -23.093777753299 G: 1.2e-04
 Step:  330 E: -23.093777754725 G: 1.2e-04
 Step:  331 E: -23.093777756122 G: 1.2e-04
 Step:  332 E: -23.093777757490 G: 1.2e-04
 Step:  333 E: -23.093777758830 G: 1.1e-04
 Step:  334 E: -23.093777760143 G: 1.1e-04
 Step:  335 E: -23.093777761429 G: 1.1e-04
 Step:  336 E: -23.093777762688 G: 1.1e-04
 Step:  337 E: -23.093777763922 G: 1.1e-04
 Step:  338 E: -23.093777765131 G: 1.1e-04
 Step:  339 E: -23.093777766315 G: 1.1e-04
 Step:  340 E: -23.093777767474 G: 1.1e-04
 Step:  341 E: -23.093777768610 G: 1.1e-04
 Step:  342 E: -23.093777769722 G: 1.0e-04
 Step:  343 E: -23.093777770812 G: 1.0e-04
 Step:  344 E: -23.093777771880 G: 1.0e-04
 Step:  345 E: -23.093777772925 G: 1.0e-04
 Step:  346 E: -23.093777773949 G: 1.0e-04
 Step:  347 E: -23.093777774952 G: 9.9e-05
 Step:  348 E: -23.093777775935 G: 9.8e-05
 Step:  349 E: -23.093777776898 G: 9.7e-05
 Step:  350 E: -23.093777777840 G: 9.6e-05
 Step:  351 E: -23.093777778764 G: 9.5e-05
 Step:  352 E: -23.093777779669 G: 9.4e-05
 Step:  353 E: -23.093777780555 G: 9.3e-05
 Step:  354 E: -23.093777781423 G: 9.2e-05
 Step:  355 E: -23.093777782273 G: 9.1e-05
 Step:  356 E: -23.093777783106 G: 9.1e-05
 Step:  357 E: -23.093777783921 G: 9.0e-05
 Step:  358 E: -23.093777784720 G: 8.9e-05
 Step:  359 E: -23.093777785503 G: 8.8e-05
 Step:  360 E: -23.093777786270 G: 8.7e-05
 Step:  361 E: -23.093777787021 G: 8.6e-05
 Step:  362 E: -23.093777787756 G: 8.5e-05
 Step:  363 E: -23.093777788477 G: 8.4e-05
 Step:  364 E: -23.093777789183 G: 8.3e-05
 Step:  365 E: -23.093777789874 G: 8.3e-05
 Step:  366 E: -23.093777790551 G: 8.2e-05
 Step:  367 E: -23.093777791214 G: 8.1e-05
 Step:  368 E: -23.093777791864 G: 8.0e-05
 Step:  369 E: -23.093777792500 G: 7.9e-05
 Step:  370 E: -23.093777793124 G: 7.8e-05
 Step:  371 E: -23.093777793734 G: 7.8e-05
 Step:  372 E: -23.093777794333 G: 7.7e-05
 Step:  373 E: -23.093777794919 G: 7.6e-05
 Step:  374 E: -23.093777795492 G: 7.5e-05
 Step:  375 E: -23.093777796055 G: 7.4e-05
 Step:  376 E: -23.093777796605 G: 7.4e-05
 Step:  377 E: -23.093777797145 G: 7.3e-05
 Step:  378 E: -23.093777797673 G: 7.2e-05
 Step:  379 E: -23.093777798191 G: 7.1e-05
 Step:  380 E: -23.093777798698 G: 7.1e-05
 Step:  381 E: -23.093777799194 G: 7.0e-05
 Step:  382 E: -23.093777799680 G: 6.9e-05
 Step:  383 E: -23.093777800157 G: 6.8e-05
 Step:  384 E: -23.093777800624 G: 6.8e-05
 Step:  385 E: -23.093777801081 G: 6.7e-05
 Step:  386 E: -23.093777801528 G: 6.6e-05
 Step:  387 E: -23.093777801967 G: 6.6e-05
 Step:  388 E: -23.093777802397 G: 6.5e-05
 Step:  389 E: -23.093777802818 G: 6.4e-05
 Step:  390 E: -23.093777803230 G: 6.4e-05
 Step:  391 E: -23.093777803634 G: 6.3e-05
 Step:  392 E: -23.093777804029 G: 6.2e-05
 Step:  393 E: -23.093777804417 G: 6.2e-05
 Step:  394 E: -23.093777804796 G: 6.1e-05
 Step:  395 E: -23.093777805168 G: 6.1e-05
 Step:  396 E: -23.093777805532 G: 6.0e-05
 Step:  397 E: -23.093777805889 G: 5.9e-05
 Step:  398 E: -23.093777806238 G: 5.9e-05
 Step:  399 E: -23.093777806580 G: 5.8e-05
 Step:  400 E: -23.093777806916 G: 5.7e-05
 Step:  401 E: -23.093777807244 G: 5.7e-05
 Step:  402 E: -23.093777807566 G: 5.6e-05
 Step:  403 E: -23.093777807881 G: 5.6e-05
 Step:  404 E: -23.093777808189 G: 5.5e-05
 Step:  405 E: -23.093777808492 G: 5.5e-05
 Step:  406 E: -23.093777808788 G: 5.4e-05
 Step:  407 E: -23.093777809078 G: 5.3e-05
 Step:  408 E: -23.093777809362 G: 5.3e-05
 Step:  409 E: -23.093777809640 G: 5.2e-05
 Step:  410 E: -23.093777809913 G: 5.2e-05
 Step:  411 E: -23.093777810180 G: 5.1e-05
 Step:  412 E: -23.093777810442 G: 5.1e-05
 Step:  413 E: -23.093777810698 G: 5.0e-05
 Step:  414 E: -23.093777810949 G: 5.0e-05
 Step:  415 E: -23.093777811195 G: 4.9e-05
 Step:  416 E: -23.093777811436 G: 4.9e-05
 Step:  417 E: -23.093777811671 G: 4.8e-05
 Step:  418 E: -23.093777811903 G: 4.8e-05
 Step:  419 E: -23.093777812129 G: 4.7e-05
 Step:  420 E: -23.093777812351 G: 4.7e-05
 Step:  421 E: -23.093777812568 G: 4.6e-05
 Step:  422 E: -23.093777812781 G: 4.6e-05
 Step:  423 E: -23.093777812989 G: 4.5e-05
 Step:  424 E: -23.093777813193 G: 4.5e-05
 Step:  425 E: -23.093777813393 G: 4.4e-05
 Step:  426 E: -23.093777813589 G: 4.4e-05
 Step:  427 E: -23.093777813781 G: 4.3e-05
 Step:  428 E: -23.093777813969 G: 4.3e-05
 Step:  429 E: -23.093777814153 G: 4.3e-05
 Step:  430 E: -23.093777814333 G: 4.2e-05
 Step:  431 E: -23.093777814510 G: 4.2e-05
 Step:  432 E: -23.093777814683 G: 4.1e-05
 Step:  433 E: -23.093777814852 G: 4.1e-05
 Step:  434 E: -23.093777815018 G: 4.0e-05
 Step:  435 E: -23.093777815181 G: 4.0e-05
 Step:  436 E: -23.093777815340 G: 4.0e-05
 Step:  437 E: -23.093777815496 G: 3.9e-05
 Step:  438 E: -23.093777815649 G: 3.9e-05
 Step:  439 E: -23.093777815799 G: 3.8e-05
 Step:  440 E: -23.093777815945 G: 3.8e-05
 Step:  441 E: -23.093777816089 G: 3.8e-05
 Step:  442 E: -23.093777816230 G: 3.7e-05
 Step:  443 E: -23.093777816368 G: 3.7e-05
 Step:  444 E: -23.093777816503 G: 3.6e-05
 Step:  445 E: -23.093777816635 G: 3.6e-05
 Step:  446 E: -23.093777816765 G: 3.6e-05
 Step:  447 E: -23.093777816892 G: 3.5e-05
 Step:  448 E: -23.093777817016 G: 3.5e-05
 Step:  449 E: -23.093777817138 G: 3.5e-05
 Step:  450 E: -23.093777817257 G: 3.4e-05
 Step:  451 E: -23.093777817374 G: 3.4e-05
 Step:  452 E: -23.093777817488 G: 3.4e-05
 Step:  453 E: -23.093777817600 G: 3.3e-05
 Step:  454 E: -23.093777817710 G: 3.3e-05
 Step:  455 E: -23.093777817818 G: 3.3e-05
 Step:  456 E: -23.093777817923 G: 3.2e-05
 Step:  457 E: -23.093777818026 G: 3.2e-05
 Step:  458 E: -23.093777818127 G: 3.2e-05
 Step:  459 E: -23.093777818226 G: 3.1e-05
 Step:  460 E: -23.093777818323 G: 3.1e-05
 Step:  461 E: -23.093777818419 G: 3.1e-05
 Step:  462 E: -23.093777818512 G: 3.0e-05
 Step:  463 E: -23.093777818603 G: 3.0e-05
 Step:  464 E: -23.093777818692 G: 3.0e-05
 Step:  465 E: -23.093777818780 G: 2.9e-05
 Step:  466 E: -23.093777818865 G: 2.9e-05
 Step:  467 E: -23.093777818949 G: 2.9e-05
 Step:  468 E: -23.093777819032 G: 2.8e-05
 Step:  469 E: -23.093777819112 G: 2.8e-05
 Step:  470 E: -23.093777819191 G: 2.8e-05
 Step:  471 E: -23.093777819268 G: 2.8e-05
 Step:  472 E: -23.093777819344 G: 2.7e-05
 Step:  473 E: -23.093777819418 G: 2.7e-05
 Step:  474 E: -23.093777819491 G: 2.7e-05
 Step:  475 E: -23.093777819562 G: 2.6e-05
 Step:  476 E: -23.093777819632 G: 2.6e-05
 Step:  477 E: -23.093777819700 G: 2.6e-05
 Step:  478 E: -23.093777819767 G: 2.6e-05
 Step:  479 E: -23.093777819833 G: 2.5e-05
 Step:  480 E: -23.093777819897 G: 2.5e-05
 Step:  481 E: -23.093777819960 G: 2.5e-05
 Step:  482 E: -23.093777820021 G: 2.5e-05
 Step:  483 E: -23.093777820082 G: 2.4e-05
 Step:  484 E: -23.093777820141 G: 2.4e-05
 Step:  485 E: -23.093777820199 G: 2.4e-05
 Step:  486 E: -23.093777820255 G: 2.4e-05
 Step:  487 E: -23.093777820311 G: 2.3e-05
 Step:  488 E: -23.093777820365 G: 2.3e-05
 Step:  489 E: -23.093777820419 G: 2.3e-05
 Step:  490 E: -23.093777820471 G: 2.3e-05
 Step:  491 E: -23.093777820522 G: 2.2e-05
 Step:  492 E: -23.093777820572 G: 2.2e-05
 Step:  493 E: -23.093777820621 G: 2.2e-05
 Step:  494 E: -23.093777820669 G: 2.2e-05
 Step:  495 E: -23.093777820716 G: 2.2e-05
 Step:  496 E: -23.093777820762 G: 2.1e-05
 Step:  497 E: -23.093777820808 G: 2.1e-05
 Step:  498 E: -23.093777820852 G: 2.1e-05
 Step:  499 E: -23.093777820895 G: 2.1e-05
 Step:  500 E: -23.093777820938 G: 2.0e-05
 Step:  501 E: -23.093777820979 G: 2.0e-05
 Step:  502 E: -23.093777821020 G: 2.0e-05
 Step:  503 E: -23.093777821060 G: 2.0e-05
 Step:  504 E: -23.093777821099 G: 2.0e-05
 Step:  505 E: -23.093777821137 G: 1.9e-05
 Step:  506 E: -23.093777821175 G: 1.9e-05
 Step:  507 E: -23.093777821212 G: 1.9e-05
 Step:  508 E: -23.093777821248 G: 1.9e-05
 Step:  509 E: -23.093777821283 G: 1.9e-05
 Step:  510 E: -23.093777821318 G: 1.8e-05
 Step:  511 E: -23.093777821351 G: 1.8e-05
 Step:  512 E: -23.093777821385 G: 1.8e-05
 Step:  513 E: -23.093777821417 G: 1.8e-05
 Step:  514 E: -23.093777821449 G: 1.8e-05
 Step:  515 E: -23.093777821480 G: 1.8e-05
 Step:  516 E: -23.093777821511 G: 1.7e-05
 Step:  517 E: -23.093777821540 G: 1.7e-05
 Step:  518 E: -23.093777821570 G: 1.7e-05
 Step:  519 E: -23.093777821598 G: 1.7e-05
 Step:  520 E: -23.093777821627 G: 1.7e-05
 Step:  521 E: -23.093777821654 G: 1.6e-05
 Step:  522 E: -23.093777821681 G: 1.6e-05
 Step:  523 E: -23.093777821708 G: 1.6e-05
 Step:  524 E: -23.093777821733 G: 1.6e-05
 Step:  525 E: -23.093777821759 G: 1.6e-05
 Step:  526 E: -23.093777821784 G: 1.6e-05
 Step:  527 E: -23.093777821808 G: 1.5e-05
 Step:  528 E: -23.093777821832 G: 1.5e-05
 Step:  529 E: -23.093777821855 G: 1.5e-05
 Step:  530 E: -23.093777821878 G: 1.5e-05
 Step:  531 E: -23.093777821900 G: 1.5e-05
 Step:  532 E: -23.093777821922 G: 1.5e-05
 Step:  533 E: -23.093777821944 G: 1.5e-05
 Step:  534 E: -23.093777821965 G: 1.4e-05
 Step:  535 E: -23.093777821985 G: 1.4e-05
 Step:  536 E: -23.093777822006 G: 1.4e-05
 Step:  537 E: -23.093777822026 G: 1.4e-05
 Step:  538 E: -23.093777822045 G: 1.4e-05
 Step:  539 E: -23.093777822064 G: 1.4e-05
 Step:  540 E: -23.093777822082 G: 1.4e-05
 Step:  541 E: -23.093777822101 G: 1.3e-05
 Step:  542 E: -23.093777822118 G: 1.3e-05
 Step:  543 E: -23.093777822136 G: 1.3e-05
 Step:  544 E: -23.093777822153 G: 1.3e-05
 Step:  545 E: -23.093777822170 G: 1.3e-05
 Step:  546 E: -23.093777822186 G: 1.3e-05
 Step:  547 E: -23.093777822203 G: 1.3e-05
 Step:  548 E: -23.093777822218 G: 1.2e-05
 Step:  549 E: -23.093777822234 G: 1.2e-05
 Step:  550 E: -23.093777822249 G: 1.2e-05
 Step:  551 E: -23.093777822264 G: 1.2e-05
 Step:  552 E: -23.093777822278 G: 1.2e-05
 Step:  553 E: -23.093777822292 G: 1.2e-05
 Step:  554 E: -23.093777822306 G: 1.2e-05
 Step:  555 E: -23.093777822320 G: 1.2e-05
 Step:  556 E: -23.093777822333 G: 1.1e-05
 Step:  557 E: -23.093777822347 G: 1.1e-05
 Step:  558 E: -23.093777822359 G: 1.1e-05
 Step:  559 E: -23.093777822372 G: 1.1e-05
 Step:  560 E: -23.093777822384 G: 1.1e-05
 Step:  561 E: -23.093777822396 G: 1.1e-05
 Step:  562 E: -23.093777822408 G: 1.1e-05
 Step:  563 E: -23.093777822420 G: 1.1e-05
 Step:  564 E: -23.093777822431 G: 1.1e-05
 Step:  565 E: -23.093777822442 G: 1.0e-05
 Step:  566 E: -23.093777822453 G: 1.0e-05
 Step:  567 E: -23.093777822464 G: 1.0e-05
 Step:  568 E: -23.093777822474 G: 1.0e-05
 Step:  569 E: -23.093777822484 G: 1.0e-05
 Step:  570 E: -23.093777822494 G: 9.9e-06
 Step:  571 E: -23.093777822504 G: 9.8e-06
 Step:  572 E: -23.093777822514 G: 9.7e-06
 Step:  573 E: -23.093777822523 G: 9.6e-06
 Step:  574 E: -23.093777822532 G: 9.5e-06
 Step:  575 E: -23.093777822541 G: 9.4e-06
 Step:  576 E: -23.093777822550 G: 9.3e-06
 Step:  577 E: -23.093777822559 G: 9.2e-06
 Step:  578 E: -23.093777822567 G: 9.1e-06
 Step:  579 E: -23.093777822576 G: 9.1e-06
 Step:  580 E: -23.093777822584 G: 9.0e-06
 Step:  581 E: -23.093777822592 G: 8.9e-06
 Step:  582 E: -23.093777822600 G: 8.8e-06
 Step:  583 E: -23.093777822607 G: 8.7e-06
 Step:  584 E: -23.093777822615 G: 8.6e-06
 Step:  585 E: -23.093777822622 G: 8.5e-06
 Step:  586 E: -23.093777822629 G: 8.4e-06
 Step:  587 E: -23.093777822637 G: 8.3e-06
 Step:  588 E: -23.093777822643 G: 8.2e-06
 Step:  589 E: -23.093777822650 G: 8.2e-06
 Step:  590 E: -23.093777822657 G: 8.1e-06
 Step:  591 E: -23.093777822663 G: 8.0e-06
 Step:  592 E: -23.093777822670 G: 7.9e-06
 Step:  593 E: -23.093777822676 G: 7.8e-06
 Step:  594 E: -23.093777822682 G: 7.8e-06
 Step:  595 E: -23.093777822688 G: 7.7e-06
 Step:  596 E: -23.093777822694 G: 7.6e-06
 Step:  597 E: -23.093777822700 G: 7.5e-06
 Step:  598 E: -23.093777822705 G: 7.4e-06
 Step:  599 E: -23.093777822711 G: 7.4e-06
 Step:  600 E: -23.093777822716 G: 7.3e-06
 Step:  601 E: -23.093777822721 G: 7.2e-06
 Step:  602 E: -23.093777822727 G: 7.1e-06
 Step:  603 E: -23.093777822732 G: 7.1e-06
 Step:  604 E: -23.093777822737 G: 7.0e-06
 Step:  605 E: -23.093777822741 G: 6.9e-06
 Step:  606 E: -23.093777822746 G: 6.9e-06
 Step:  607 E: -23.093777822751 G: 6.8e-06
 Step:  608 E: -23.093777822756 G: 6.7e-06
 Step:  609 E: -23.093777822760 G: 6.6e-06
 Step:  610 E: -23.093777822764 G: 6.6e-06
 Step:  611 E: -23.093777822769 G: 6.5e-06
 Step:  612 E: -23.093777822773 G: 6.4e-06
 Step:  613 E: -23.093777822777 G: 6.4e-06
 Step:  614 E: -23.093777822781 G: 6.3e-06
 Step:  615 E: -23.093777822785 G: 6.2e-06
 Step:  616 E: -23.093777822789 G: 6.2e-06
 Step:  617 E: -23.093777822793 G: 6.1e-06
 Step:  618 E: -23.093777822797 G: 6.1e-06
 Step:  619 E: -23.093777822800 G: 6.0e-06
 Step:  620 E: -23.093777822804 G: 5.9e-06
 Step:  621 E: -23.093777822807 G: 5.9e-06
 Step:  622 E: -23.093777822811 G: 5.8e-06
 Step:  623 E: -23.093777822814 G: 5.8e-06
 Step:  624 E: -23.093777822817 G: 5.7e-06
 Step:  625 E: -23.093777822821 G: 5.6e-06
 Step:  626 E: -23.093777822824 G: 5.6e-06
 Step:  627 E: -23.093777822827 G: 5.5e-06
 Step:  628 E: -23.093777822830 G: 5.5e-06
 Step:  629 E: -23.093777822833 G: 5.4e-06
 Step:  630 E: -23.093777822836 G: 5.4e-06
 Step:  631 E: -23.093777822839 G: 5.3e-06
 Step:  632 E: -23.093777822841 G: 5.2e-06
 Step:  633 E: -23.093777822844 G: 5.2e-06
 Step:  634 E: -23.093777822847 G: 5.1e-06
 Step:  635 E: -23.093777822849 G: 5.1e-06
 Step:  636 E: -23.093777822852 G: 5.0e-06
 Step:  637 E: -23.093777822855 G: 5.0e-06
 Step:  638 E: -23.093777822857 G: 4.9e-06
 Step:  639 E: -23.093777822859 G: 4.9e-06
 Step:  640 E: -23.093777822862 G: 4.8e-06
 Step:  641 E: -23.093777822864 G: 4.8e-06
 Step:  642 E: -23.093777822866 G: 4.7e-06
 Step:  643 E: -23.093777822869 G: 4.7e-06
 Step:  644 E: -23.093777822871 G: 4.6e-06
 Step:  645 E: -23.093777822873 G: 4.6e-06
 Step:  646 E: -23.093777822875 G: 4.5e-06
 Step:  647 E: -23.093777822877 G: 4.5e-06
 Step:  648 E: -23.093777822879 G: 4.4e-06
 Step:  649 E: -23.093777822881 G: 4.4e-06
 Step:  650 E: -23.093777822883 G: 4.4e-06
 Step:  651 E: -23.093777822885 G: 4.3e-06
 Step:  652 E: -23.093777822887 G: 4.3e-06
 Step:  653 E: -23.093777822888 G: 4.2e-06
 Step:  654 E: -23.093777822890 G: 4.2e-06
 Step:  655 E: -23.093777822892 G: 4.1e-06
 Step:  656 E: -23.093777822894 G: 4.1e-06
 Step:  657 E: -23.093777822895 G: 4.1e-06
 Step:  658 E: -23.093777822897 G: 4.0e-06
 Step:  659 E: -23.093777822899 G: 4.0e-06
 Step:  660 E: -23.093777822900 G: 3.9e-06
 Step:  661 E: -23.093777822902 G: 3.9e-06
 Step:  662 E: -23.093777822903 G: 3.8e-06
 Step:  663 E: -23.093777822905 G: 3.8e-06
 Step:  664 E: -23.093777822906 G: 3.8e-06
 Step:  665 E: -23.093777822908 G: 3.7e-06
 Step:  666 E: -23.093777822909 G: 3.7e-06
 Step:  667 E: -23.093777822910 G: 3.7e-06
 Step:  668 E: -23.093777822912 G: 3.6e-06
 Step:  669 E: -23.093777822913 G: 3.6e-06
 Step:  670 E: -23.093777822914 G: 3.5e-06
 Step:  671 E: -23.093777822915 G: 3.5e-06
 Step:  672 E: -23.093777822917 G: 3.5e-06
 Step:  673 E: -23.093777822918 G: 3.4e-06
 Step:  674 E: -23.093777822919 G: 3.4e-06
 Step:  675 E: -23.093777822920 G: 3.4e-06
 Step:  676 E: -23.093777822921 G: 3.3e-06
 Step:  677 E: -23.093777822922 G: 3.3e-06
 Step:  678 E: -23.093777822924 G: 3.3e-06
 Step:  679 E: -23.093777822925 G: 3.2e-06
 Step:  680 E: -23.093777822926 G: 3.2e-06
 Step:  681 E: -23.093777822927 G: 3.2e-06
 Step:  682 E: -23.093777822928 G: 3.1e-06
 Step:  683 E: -23.093777822929 G: 3.1e-06
 Step:  684 E: -23.093777822930 G: 3.1e-06
 Step:  685 E: -23.093777822931 G: 3.0e-06
 Step:  686 E: -23.093777822932 G: 3.0e-06
 Step:  687 E: -23.093777822932 G: 3.0e-06
 Step:  688 E: -23.093777822933 G: 2.9e-06
 Step:  689 E: -23.093777822934 G: 2.9e-06
 Step:  690 E: -23.093777822935 G: 2.9e-06
 Step:  691 E: -23.093777822936 G: 2.9e-06
 Step:  692 E: -23.093777822937 G: 2.8e-06
 Step:  693 E: -23.093777822937 G: 2.8e-06
 Step:  694 E: -23.093777822938 G: 2.8e-06
 Step:  695 E: -23.093777822939 G: 2.7e-06
 Step:  696 E: -23.093777822940 G: 2.7e-06
 Step:  697 E: -23.093777822940 G: 2.7e-06
 Step:  698 E: -23.093777822941 G: 2.7e-06
 Step:  699 E: -23.093777822942 G: 2.6e-06
 Step:  700 E: -23.093777822943 G: 2.6e-06
 Step:  701 E: -23.093777822943 G: 2.6e-06
 Step:  702 E: -23.093777822944 G: 2.5e-06
 Step:  703 E: -23.093777822945 G: 2.5e-06
 Step:  704 E: -23.093777822945 G: 2.5e-06
 Step:  705 E: -23.093777822946 G: 2.5e-06
 Step:  706 E: -23.093777822946 G: 2.4e-06
 Step:  707 E: -23.093777822947 G: 2.4e-06
 Step:  708 E: -23.093777822948 G: 2.4e-06
 Step:  709 E: -23.093777822948 G: 2.4e-06
 Step:  710 E: -23.093777822949 G: 2.3e-06
 Step:  711 E: -23.093777822949 G: 2.3e-06
 Step:  712 E: -23.093777822950 G: 2.3e-06
 Step:  713 E: -23.093777822950 G: 2.3e-06
 Step:  714 E: -23.093777822951 G: 2.3e-06
 Step:  715 E: -23.093777822951 G: 2.2e-06
 Step:  716 E: -23.093777822952 G: 2.2e-06
 Step:  717 E: -23.093777822952 G: 2.2e-06
 Step:  718 E: -23.093777822953 G: 2.2e-06
 Step:  719 E: -23.093777822953 G: 2.1e-06
 Step:  720 E: -23.093777822954 G: 2.1e-06
 Step:  721 E: -23.093777822954 G: 2.1e-06
 Step:  722 E: -23.093777822954 G: 2.1e-06
 Step:  723 E: -23.093777822955 G: 2.1e-06
 Step:  724 E: -23.093777822955 G: 2.0e-06
 Step:  725 E: -23.093777822956 G: 2.0e-06
 Step:  726 E: -23.093777822956 G: 2.0e-06
 Step:  727 E: -23.093777822957 G: 2.0e-06
 Step:  728 E: -23.093777822957 G: 2.0e-06
 Step:  729 E: -23.093777822957 G: 1.9e-06
 Step:  730 E: -23.093777822958 G: 1.9e-06
 Step:  731 E: -23.093777822958 G: 1.9e-06
 Step:  732 E: -23.093777822959 G: 1.9e-06
 Step:  733 E: -23.093777822959 G: 1.9e-06
 Step:  734 E: -23.093777822959 G: 1.8e-06
 Step:  735 E: -23.093777822959 G: 1.8e-06
 Step:  736 E: -23.093777822960 G: 1.8e-06
 Step:  737 E: -23.093777822960 G: 1.8e-06
 Step:  738 E: -23.093777822961 G: 1.8e-06
 Step:  739 E: -23.093777822961 G: 1.7e-06
 Step:  740 E: -23.093777822961 G: 1.7e-06
 Step:  741 E: -23.093777822961 G: 1.7e-06
 Step:  742 E: -23.093777822962 G: 1.7e-06
 Step:  743 E: -23.093777822962 G: 1.7e-06
 Step:  744 E: -23.093777822962 G: 1.7e-06
 Step:  745 E: -23.093777822962 G: 1.6e-06
 Step:  746 E: -23.093777822963 G: 1.6e-06
 Step:  747 E: -23.093777822963 G: 1.6e-06
 Step:  748 E: -23.093777822963 G: 1.6e-06
 Step:  749 E: -23.093777822963 G: 1.6e-06
 Step:  750 E: -23.093777822964 G: 1.6e-06
 Step:  751 E: -23.093777822964 G: 1.5e-06
 Step:  752 E: -23.093777822964 G: 1.5e-06
 Step:  753 E: -23.093777822964 G: 1.5e-06
 Step:  754 E: -23.093777822965 G: 1.5e-06
 Step:  755 E: -23.093777822965 G: 1.5e-06
 Step:  756 E: -23.093777822965 G: 1.5e-06
 Step:  757 E: -23.093777822965 G: 1.4e-06
 Step:  758 E: -23.093777822966 G: 1.4e-06
 Step:  759 E: -23.093777822966 G: 1.4e-06
 Step:  760 E: -23.093777822966 G: 1.4e-06
 Step:  761 E: -23.093777822966 G: 1.4e-06
 Step:  762 E: -23.093777822966 G: 1.4e-06
 Step:  763 E: -23.093777822967 G: 1.4e-06
 Step:  764 E: -23.093777822967 G: 1.3e-06
 Step:  765 E: -23.093777822967 G: 1.3e-06
 Step:  766 E: -23.093777822967 G: 1.3e-06
 Step:  767 E: -23.093777822967 G: 1.3e-06
 Step:  768 E: -23.093777822967 G: 1.3e-06
 Step:  769 E: -23.093777822968 G: 1.3e-06
 Step:  770 E: -23.093777822968 G: 1.3e-06
 Step:  771 E: -23.093777822968 G: 1.3e-06
 Step:  772 E: -23.093777822968 G: 1.2e-06
 Step:  773 E: -23.093777822968 G: 1.2e-06
 Step:  774 E: -23.093777822968 G: 1.2e-06
 Step:  775 E: -23.093777822968 G: 1.2e-06
 Step:  776 E: -23.093777822969 G: 1.2e-06
 Step:  777 E: -23.093777822969 G: 1.2e-06
 Step:  778 E: -23.093777822969 G: 1.2e-06
 Step:  779 E: -23.093777822969 G: 1.2e-06
 Step:  780 E: -23.093777822969 G: 1.1e-06
 Step:  781 E: -23.093777822969 G: 1.1e-06
 Step:  782 E: -23.093777822969 G: 1.1e-06
 Step:  783 E: -23.093777822970 G: 1.1e-06
 Step:  784 E: -23.093777822970 G: 1.1e-06
 Step:  785 E: -23.093777822970 G: 1.1e-06
 Step:  786 E: -23.093777822970 G: 1.1e-06
 Step:  787 E: -23.093777822970 G: 1.1e-06
 Step:  788 E: -23.093777822970 G: 1.1e-06
 Step:  789 E: -23.093777822970 G: 1.0e-06
 Step:  790 E: -23.093777822970 G: 1.0e-06
 Step:  791 E: -23.093777822971 G: 1.0e-06
 Step:  792 E: -23.093777822971 G: 1.0e-06
 Step:  793 E: -23.093777822971 G: 1.0e-06
 Step:  794 E: -23.093777822971 G: 9.9e-07
 Step:  795 E: -23.093777822971 G: 9.8e-07
 Step:  796 E: -23.093777822971 G: 9.7e-07
 Step:  797 E: -23.093777822971 G: 9.6e-07
 Step:  798 E: -23.093777822971 G: 9.5e-07
 Step:  799 E: -23.093777822971 G: 9.4e-07
 Step:  800 E: -23.093777822971 G: 9.3e-07
 Step:  801 E: -23.093777822972 G: 9.2e-07
 Step:  802 E: -23.093777822972 G: 9.1e-07
 Step:  803 E: -23.093777822972 G: 9.0e-07
 Step:  804 E: -23.093777822972 G: 8.9e-07
 Step:  805 E: -23.093777822972 G: 8.8e-07
 Step:  806 E: -23.093777822972 G: 8.8e-07
 Step:  807 E: -23.093777822972 G: 8.7e-07
 Step:  808 E: -23.093777822972 G: 8.6e-07
 Step:  809 E: -23.093777822972 G: 8.5e-07
 Step:  810 E: -23.093777822972 G: 8.4e-07
 Step:  811 E: -23.093777822972 G: 8.3e-07
 Step:  812 E: -23.093777822972 G: 8.2e-07
 Step:  813 E: -23.093777822972 G: 8.1e-07
 Step:  814 E: -23.093777822972 G: 8.1e-07
 Step:  815 E: -23.093777822972 G: 8.0e-07
 Step:  816 E: -23.093777822973 G: 7.9e-07
 Step:  817 E: -23.093777822973 G: 7.8e-07
 Step:  818 E: -23.093777822973 G: 7.7e-07
 Step:  819 E: -23.093777822973 G: 7.7e-07
 Step:  820 E: -23.093777822973 G: 7.6e-07
 Step:  821 E: -23.093777822973 G: 7.5e-07
 Step:  822 E: -23.093777822973 G: 7.4e-07
 Step:  823 E: -23.093777822973 G: 7.3e-07
 Step:  824 E: -23.093777822973 G: 7.3e-07
 Step:  825 E: -23.093777822973 G: 7.2e-07
 Step:  826 E: -23.093777822973 G: 7.1e-07
 Step:  827 E: -23.093777822973 G: 7.1e-07
 Step:  828 E: -23.093777822973 G: 7.0e-07
 Step:  829 E: -23.093777822973 G: 6.9e-07
 Step:  830 E: -23.093777822973 G: 6.8e-07
 Step:  831 E: -23.093777822973 G: 6.8e-07
 Step:  832 E: -23.093777822973 G: 6.7e-07
 Step:  833 E: -23.093777822974 G: 6.6e-07
 Step:  834 E: -23.093777822974 G: 6.6e-07
 Step:  835 E: -23.093777822974 G: 6.5e-07
 Step:  836 E: -23.093777822974 G: 6.4e-07
 Step:  837 E: -23.093777822974 G: 6.4e-07
 Step:  838 E: -23.093777822974 G: 6.3e-07
 Step:  839 E: -23.093777822974 G: 6.2e-07
 Step:  840 E: -23.093777822974 G: 6.2e-07
 Step:  841 E: -23.093777822974 G: 6.1e-07
 Step:  842 E: -23.093777822974 G: 6.0e-07
 Step:  843 E: -23.093777822974 G: 6.0e-07
 Step:  844 E: -23.093777822974 G: 5.9e-07
 Step:  845 E: -23.093777822974 G: 5.9e-07
 Step:  846 E: -23.093777822974 G: 5.8e-07
 Step:  847 E: -23.093777822974 G: 5.7e-07
 Step:  848 E: -23.093777822974 G: 5.7e-07
 Step:  849 E: -23.093777822974 G: 5.6e-07
 Step:  850 E: -23.093777822974 G: 5.6e-07
 Step:  851 E: -23.093777822974 G: 5.5e-07
 Step:  852 E: -23.093777822974 G: 5.5e-07
 Step:  853 E: -23.093777822974 G: 5.4e-07
 Step:  854 E: -23.093777822974 G: 5.3e-07
 Step:  855 E: -23.093777822974 G: 5.3e-07
 Step:  856 E: -23.093777822974 G: 5.2e-07
 Step:  857 E: -23.093777822974 G: 5.2e-07
 Step:  858 E: -23.093777822974 G: 5.1e-07
 Step:  859 E: -23.093777822974 G: 5.1e-07
 Step:  860 E: -23.093777822975 G: 5.0e-07
 Step:  861 E: -23.093777822974 G: 5.0e-07
 Step:  862 E: -23.093777822975 G: 4.9e-07
 Step:  863 E: -23.093777822975 G: 4.9e-07
 Step:  864 E: -23.093777822975 G: 4.8e-07
 Step:  865 E: -23.093777822975 G: 4.8e-07
 Step:  866 E: -23.093777822975 G: 4.7e-07
 Step:  867 E: -23.093777822975 G: 4.7e-07
 Step:  868 E: -23.093777822975 G: 4.6e-07
 Step:  869 E: -23.093777822975 G: 4.6e-07
 Step:  870 E: -23.093777822975 G: 4.5e-07
 Step:  871 E: -23.093777822975 G: 4.5e-07
 Step:  872 E: -23.093777822975 G: 4.4e-07
 Step:  873 E: -23.093777822975 G: 4.4e-07
 Step:  874 E: -23.093777822975 G: 4.4e-07
 Step:  875 E: -23.093777822975 G: 4.3e-07
 Step:  876 E: -23.093777822975 G: 4.3e-07
 Step:  877 E: -23.093777822975 G: 4.2e-07
 Step:  878 E: -23.093777822975 G: 4.2e-07
 Step:  879 E: -23.093777822975 G: 4.1e-07
 Step:  880 E: -23.093777822975 G: 4.1e-07
 Step:  881 E: -23.093777822975 G: 4.1e-07
 Step:  882 E: -23.093777822975 G: 4.0e-07
 Step:  883 E: -23.093777822975 G: 4.0e-07
 Step:  884 E: -23.093777822975 G: 3.9e-07
 Step:  885 E: -23.093777822975 G: 3.9e-07
 Step:  886 E: -23.093777822975 G: 3.9e-07
 Step:  887 E: -23.093777822975 G: 3.8e-07
 Step:  888 E: -23.093777822975 G: 3.8e-07
 Step:  889 E: -23.093777822975 G: 3.7e-07
 Step:  890 E: -23.093777822975 G: 3.7e-07
 Step:  891 E: -23.093777822975 G: 3.7e-07
 Step:  892 E: -23.093777822975 G: 3.6e-07
 Step:  893 E: -23.093777822975 G: 3.6e-07
 Step:  894 E: -23.093777822975 G: 3.5e-07
 Step:  895 E: -23.093777822975 G: 3.5e-07
 Step:  896 E: -23.093777822975 G: 3.5e-07
 Step:  897 E: -23.093777822975 G: 3.4e-07
 Step:  898 E: -23.093777822975 G: 3.4e-07
 Step:  899 E: -23.093777822975 G: 3.4e-07
 Step:  900 E: -23.093777822975 G: 3.3e-07
 Step:  901 E: -23.093777822975 G: 3.3e-07
 Step:  902 E: -23.093777822975 G: 3.3e-07
 Step:  903 E: -23.093777822975 G: 3.2e-07
 Step:  904 E: -23.093777822975 G: 3.2e-07
 Step:  905 E: -23.093777822975 G: 3.2e-07
 Step:  906 E: -23.093777822975 G: 3.1e-07
 Step:  907 E: -23.093777822975 G: 3.1e-07
 Step:  908 E: -23.093777822975 G: 3.1e-07
 Step:  909 E: -23.093777822975 G: 3.0e-07
 Step:  910 E: -23.093777822975 G: 3.0e-07
 Step:  911 E: -23.093777822975 G: 3.0e-07
 Step:  912 E: -23.093777822975 G: 3.0e-07
 Step:  913 E: -23.093777822975 G: 2.9e-07
 Step:  914 E: -23.093777822975 G: 2.9e-07
 Step:  915 E: -23.093777822975 G: 2.9e-07
 Step:  916 E: -23.093777822975 G: 2.8e-07
 Step:  917 E: -23.093777822975 G: 2.8e-07
 Step:  918 E: -23.093777822975 G: 2.8e-07
 Step:  919 E: -23.093777822975 G: 2.7e-07
 Step:  920 E: -23.093777822975 G: 2.7e-07
 Step:  921 E: -23.093777822975 G: 2.7e-07
 Step:  922 E: -23.093777822975 G: 2.7e-07
 Step:  923 E: -23.093777822975 G: 2.6e-07
 Step:  924 E: -23.093777822975 G: 2.6e-07
 Step:  925 E: -23.093777822975 G: 2.6e-07
 Step:  926 E: -23.093777822975 G: 2.6e-07
 Step:  927 E: -23.093777822975 G: 2.5e-07
 Step:  928 E: -23.093777822975 G: 2.5e-07
 Step:  929 E: -23.093777822975 G: 2.5e-07
 Step:  930 E: -23.093777822975 G: 2.5e-07
 Step:  931 E: -23.093777822975 G: 2.4e-07
 Step:  932 E: -23.093777822975 G: 2.4e-07
 Step:  933 E: -23.093777822975 G: 2.4e-07
 Step:  934 E: -23.093777822975 G: 2.4e-07
 Step:  935 E: -23.093777822976 G: 2.3e-07
 Step:  936 E: -23.093777822975 G: 2.3e-07
 Step:  937 E: -23.093777822975 G: 2.3e-07
 Step:  938 E: -23.093777822975 G: 2.3e-07
 Step:  939 E: -23.093777822975 G: 2.2e-07
 Step:  940 E: -23.093777822976 G: 2.2e-07
 Step:  941 E: -23.093777822975 G: 2.2e-07
 Step:  942 E: -23.093777822975 G: 2.2e-07
 Step:  943 E: -23.093777822975 G: 2.1e-07
 Step:  944 E: -23.093777822975 G: 2.1e-07
 Step:  945 E: -23.093777822975 G: 2.1e-07
 Step:  946 E: -23.093777822975 G: 2.1e-07
 Step:  947 E: -23.093777822975 G: 2.1e-07
 Step:  948 E: -23.093777822976 G: 2.0e-07
 Step:  949 E: -23.093777822976 G: 2.0e-07
 Step:  950 E: -23.093777822976 G: 2.0e-07
 Step:  951 E: -23.093777822976 G: 2.0e-07
 Step:  952 E: -23.093777822976 G: 2.0e-07
 Step:  953 E: -23.093777822976 G: 1.9e-07
 Step:  954 E: -23.093777822975 G: 1.9e-07
 Step:  955 E: -23.093777822976 G: 1.9e-07
 Step:  956 E: -23.093777822975 G: 1.9e-07
 Step:  957 E: -23.093777822975 G: 1.9e-07
 Step:  958 E: -23.093777822976 G: 1.8e-07
 Step:  959 E: -23.093777822975 G: 1.8e-07
 Step:  960 E: -23.093777822976 G: 1.8e-07
 Step:  961 E: -23.093777822976 G: 1.8e-07
 Step:  962 E: -23.093777822976 G: 1.8e-07
 Step:  963 E: -23.093777822976 G: 1.8e-07
 Step:  964 E: -23.093777822976 G: 1.7e-07
 Step:  965 E: -23.093777822976 G: 1.7e-07
 Step:  966 E: -23.093777822976 G: 1.7e-07
 Step:  967 E: -23.093777822976 G: 1.7e-07
 Step:  968 E: -23.093777822976 G: 1.7e-07
 Step:  969 E: -23.093777822976 G: 1.6e-07
 Step:  970 E: -23.093777822976 G: 1.6e-07
 Step:  971 E: -23.093777822976 G: 1.6e-07
 Step:  972 E: -23.093777822976 G: 1.6e-07
 Step:  973 E: -23.093777822976 G: 1.6e-07
 Step:  974 E: -23.093777822976 G: 1.6e-07
 Step:  975 E: -23.093777822976 G: 1.6e-07
 Step:  976 E: -23.093777822976 G: 1.5e-07
 Step:  977 E: -23.093777822976 G: 1.5e-07
 Step:  978 E: -23.093777822976 G: 1.5e-07
 Step:  979 E: -23.093777822976 G: 1.5e-07
 Step:  980 E: -23.093777822976 G: 1.5e-07
 Step:  981 E: -23.093777822976 G: 1.5e-07
 Step:  982 E: -23.093777822976 G: 1.4e-07
 Step:  983 E: -23.093777822976 G: 1.4e-07
 Step:  984 E: -23.093777822976 G: 1.4e-07
 Step:  985 E: -23.093777822976 G: 1.4e-07
 Step:  986 E: -23.093777822976 G: 1.4e-07
 Step:  987 E: -23.093777822976 G: 1.4e-07
 Step:  988 E: -23.093777822976 G: 1.4e-07
 Step:  989 E: -23.093777822976 G: 1.3e-07
 Step:  990 E: -23.093777822976 G: 1.3e-07
 Step:  991 E: -23.093777822976 G: 1.3e-07
 Step:  992 E: -23.093777822976 G: 1.3e-07
 Step:  993 E: -23.093777822976 G: 1.3e-07
 Step:  994 E: -23.093777822976 G: 1.3e-07
 Step:  995 E: -23.093777822976 G: 1.3e-07
 Step:  996 E: -23.093777822976 G: 1.3e-07
 Step:  997 E: -23.093777822976 G: 1.2e-07
 Step:  998 E: -23.093777822976 G: 1.2e-07
 Step:  999 E: -23.093777822976 G: 1.2e-07
 Step: 1000 E: -23.093777822976 G: 1.2e-07
 Step: 1001 E: -23.093777822976 G: 1.2e-07
 Step: 1002 E: -23.093777822976 G: 1.2e-07
 Step: 1003 E: -23.093777822976 G: 1.2e-07
 Step: 1004 E: -23.093777822976 G: 1.2e-07
 Step: 1005 E: -23.093777822976 G: 1.1e-07
 Step: 1006 E: -23.093777822976 G: 1.1e-07
 Step: 1007 E: -23.093777822976 G: 1.1e-07
 Step: 1008 E: -23.093777822976 G: 1.1e-07
 Step: 1009 E: -23.093777822976 G: 1.1e-07
 Step: 1010 E: -23.093777822976 G: 1.1e-07
 Step: 1011 E: -23.093777822976 G: 1.1e-07
 Step: 1012 E: -23.093777822976 G: 1.1e-07
 Step: 1013 E: -23.093777822976 G: 1.1e-07
 Step: 1014 E: -23.093777822976 G: 1.0e-07
 Step: 1015 E: -23.093777822976 G: 1.0e-07
 Step: 1016 E: -23.093777822976 G: 1.0e-07
 Step: 1017 E: -23.093777822976 G: 1.0e-07
 Step: 1018 E: -23.093777822976 G: 1.0e-07
 Step: 1019 E: -23.093777822976 G: 9.9e-08
 Step: 1020 E: -23.093777822976 G: 9.8e-08
 Step: 1021 E: -23.093777822976 G: 9.7e-08
 Step: 1022 E: -23.093777822976 G: 9.6e-08
 Step: 1023 E: -23.093777822976 G: 9.5e-08
 Step: 1024 E: -23.093777822976 G: 9.4e-08
 Step: 1025 E: -23.093777822976 G: 9.3e-08
 Step: 1026 E: -23.093777822976 G: 9.2e-08
 Step: 1027 E: -23.093777822976 G: 9.1e-08
 Step: 1028 E: -23.093777822976 G: 9.0e-08
 Step: 1029 E: -23.093777822976 G: 9.0e-08
 Step: 1030 E: -23.093777822976 G: 8.9e-08
 Step: 1031 E: -23.093777822976 G: 8.8e-08
 Step: 1032 E: -23.093777822976 G: 8.7e-08
 Step: 1033 E: -23.093777822976 G: 8.6e-08
 Step: 1034 E: -23.093777822976 G: 8.5e-08
 Step: 1035 E: -23.093777822976 G: 8.4e-08
 Step: 1036 E: -23.093777822976 G: 8.3e-08
 Step: 1037 E: -23.093777822976 G: 8.3e-08
 Step: 1038 E: -23.093777822976 G: 8.2e-08
 Step: 1039 E: -23.093777822976 G: 8.1e-08
 Step: 1040 E: -23.093777822976 G: 8.0e-08
 Step: 1041 E: -23.093777822976 G: 7.9e-08
 Step: 1042 E: -23.093777822976 G: 7.8e-08
 Step: 1043 E: -23.093777822976 G: 7.8e-08
 Step: 1044 E: -23.093777822976 G: 7.7e-08
 Step: 1045 E: -23.093777822976 G: 7.6e-08
 Step: 1046 E: -23.093777822976 G: 7.5e-08
 Step: 1047 E: -23.093777822976 G: 7.5e-08
 Step: 1048 E: -23.093777822976 G: 7.4e-08
 Step: 1049 E: -23.093777822976 G: 7.3e-08
 Step: 1050 E: -23.093777822976 G: 7.2e-08
 Step: 1051 E: -23.093777822976 G: 7.2e-08
 Step: 1052 E: -23.093777822976 G: 7.1e-08
 Step: 1053 E: -23.093777822976 G: 7.0e-08
 Step: 1054 E: -23.093777822976 G: 7.0e-08
 Step: 1055 E: -23.093777822976 G: 6.9e-08
 Step: 1056 E: -23.093777822976 G: 6.8e-08
 Step: 1057 E: -23.093777822976 G: 6.7e-08
 Step: 1058 E: -23.093777822976 G: 6.7e-08
 Step: 1059 E: -23.093777822976 G: 6.6e-08
 Step: 1060 E: -23.093777822976 G: 6.5e-08
 Step: 1061 E: -23.093777822976 G: 6.5e-08
 Step: 1062 E: -23.093777822976 G: 6.4e-08
 Step: 1063 E: -23.093777822976 G: 6.3e-08
 Step: 1064 E: -23.093777822976 G: 6.3e-08
 Step: 1065 E: -23.093777822976 G: 6.2e-08
 Step: 1066 E: -23.093777822976 G: 6.2e-08
 Step: 1067 E: -23.093777822976 G: 6.1e-08
 Step: 1068 E: -23.093777822976 G: 6.0e-08
 Step: 1069 E: -23.093777822976 G: 6.0e-08
 Step: 1070 E: -23.093777822976 G: 5.9e-08
 Step: 1071 E: -23.093777822976 G: 5.9e-08
 Step: 1072 E: -23.093777822976 G: 5.8e-08
 Step: 1073 E: -23.093777822976 G: 5.7e-08
 Step: 1074 E: -23.093777822976 G: 5.7e-08
 Step: 1075 E: -23.093777822976 G: 5.6e-08
 Step: 1076 E: -23.093777822976 G: 5.6e-08
 Step: 1077 E: -23.093777822976 G: 5.5e-08
 Step: 1078 E: -23.093777822976 G: 5.5e-08
 Step: 1079 E: -23.093777822976 G: 5.4e-08
 Step: 1080 E: -23.093777822976 G: 5.4e-08
 Step: 1081 E: -23.093777822976 G: 5.3e-08
 Step: 1082 E: -23.093777822976 G: 5.2e-08
 Step: 1083 E: -23.093777822976 G: 5.2e-08
 Step: 1084 E: -23.093777822976 G: 5.1e-08
 Step: 1085 E: -23.093777822976 G: 5.1e-08
 Step: 1086 E: -23.093777822976 G: 5.0e-08
 Step: 1087 E: -23.093777822976 G: 5.0e-08
 Step: 1088 E: -23.093777822976 G: 4.9e-08
 Step: 1089 E: -23.093777822976 G: 4.9e-08
 Step: 1090 E: -23.093777822975 G: 4.8e-08
 Step: 1091 E: -23.093777822976 G: 4.8e-08
 Step: 1092 E: -23.093777822976 G: 4.7e-08
 Step: 1093 E: -23.093777822976 G: 4.7e-08
 Step: 1094 E: -23.093777822976 G: 4.6e-08
 Step: 1095 E: -23.093777822976 G: 4.6e-08
 Step: 1096 E: -23.093777822976 G: 4.6e-08
 Step: 1097 E: -23.093777822976 G: 4.5e-08
 Step: 1098 E: -23.093777822976 G: 4.5e-08
 Step: 1099 E: -23.093777822976 G: 4.4e-08
 Step: 1100 E: -23.093777822976 G: 4.4e-08
 Step: 1101 E: -23.093777822976 G: 4.3e-08
 Step: 1102 E: -23.093777822976 G: 4.3e-08
 Step: 1103 E: -23.093777822976 G: 4.2e-08
 Step: 1104 E: -23.093777822976 G: 4.2e-08
 Step: 1105 E: -23.093777822976 G: 4.2e-08
 Step: 1106 E: -23.093777822976 G: 4.1e-08
 Step: 1107 E: -23.093777822976 G: 4.1e-08
 Step: 1108 E: -23.093777822976 G: 4.0e-08
 Step: 1109 E: -23.093777822976 G: 4.0e-08
 Step: 1110 E: -23.093777822976 G: 4.0e-08
 Step: 1111 E: -23.093777822976 G: 3.9e-08
 Step: 1112 E: -23.093777822976 G: 3.9e-08
 Step: 1113 E: -23.093777822976 G: 3.8e-08
 Step: 1114 E: -23.093777822976 G: 3.8e-08
 Step: 1115 E: -23.093777822976 G: 3.8e-08
 Step: 1116 E: -23.093777822976 G: 3.7e-08
 Step: 1117 E: -23.093777822976 G: 3.7e-08
 Step: 1118 E: -23.093777822976 G: 3.7e-08
 Step: 1119 E: -23.093777822976 G: 3.6e-08
 Step: 1120 E: -23.093777822976 G: 3.6e-08
 Step: 1121 E: -23.093777822976 G: 3.6e-08
 Step: 1122 E: -23.093777822976 G: 3.5e-08
 Step: 1123 E: -23.093777822976 G: 3.5e-08
 Step: 1124 E: -23.093777822976 G: 3.4e-08
 Step: 1125 E: -23.093777822976 G: 3.4e-08
 Step: 1126 E: -23.093777822976 G: 3.4e-08
 Step: 1127 E: -23.093777822976 G: 3.3e-08
 Step: 1128 E: -23.093777822976 G: 3.3e-08
 Step: 1129 E: -23.093777822976 G: 3.3e-08
 Step: 1130 E: -23.093777822976 G: 3.2e-08
 Step: 1131 E: -23.093777822976 G: 3.2e-08
 Step: 1132 E: -23.093777822976 G: 3.2e-08
 Step: 1133 E: -23.093777822976 G: 3.2e-08
 Step: 1134 E: -23.093777822976 G: 3.1e-08
 Step: 1135 E: -23.093777822976 G: 3.1e-08
 Step: 1136 E: -23.093777822976 G: 3.1e-08
 Step: 1137 E: -23.093777822976 G: 3.0e-08
 Step: 1138 E: -23.093777822976 G: 3.0e-08
 Step: 1139 E: -23.093777822976 G: 3.0e-08
 Step: 1140 E: -23.093777822976 G: 2.9e-08
 Step: 1141 E: -23.093777822976 G: 2.9e-08
 Step: 1142 E: -23.093777822976 G: 2.9e-08
 Step: 1143 E: -23.093777822976 G: 2.9e-08
 Step: 1144 E: -23.093777822976 G: 2.8e-08
 Step: 1145 E: -23.093777822976 G: 2.8e-08
 Step: 1146 E: -23.093777822976 G: 2.8e-08
 Step: 1147 E: -23.093777822976 G: 2.7e-08
 Step: 1148 E: -23.093777822976 G: 2.7e-08
 Step: 1149 E: -23.093777822976 G: 2.7e-08
 Step: 1150 E: -23.093777822976 G: 2.7e-08
 Step: 1151 E: -23.093777822976 G: 2.6e-08
 Step: 1152 E: -23.093777822976 G: 2.6e-08
 Step: 1153 E: -23.093777822976 G: 2.6e-08
 Step: 1154 E: -23.093777822976 G: 2.6e-08
 Step: 1155 E: -23.093777822976 G: 2.5e-08
 Step: 1156 E: -23.093777822976 G: 2.5e-08
 Step: 1157 E: -23.093777822976 G: 2.5e-08
 Step: 1158 E: -23.093777822976 G: 2.5e-08
 Step: 1159 E: -23.093777822976 G: 2.4e-08
 Step: 1160 E: -23.093777822976 G: 2.4e-08
 Step: 1161 E: -23.093777822976 G: 2.4e-08
 Step: 1162 E: -23.093777822976 G: 2.4e-08
 Step: 1163 E: -23.093777822976 G: 2.3e-08
 Step: 1164 E: -23.093777822976 G: 2.3e-08
 Step: 1165 E: -23.093777822976 G: 2.3e-08
 Step: 1166 E: -23.093777822976 G: 2.3e-08
 Step: 1167 E: -23.093777822976 G: 2.3e-08
 Step: 1168 E: -23.093777822976 G: 2.2e-08
 Step: 1169 E: -23.093777822976 G: 2.2e-08
 Step: 1170 E: -23.093777822976 G: 2.2e-08
 Step: 1171 E: -23.093777822976 G: 2.2e-08
 Step: 1172 E: -23.093777822976 G: 2.1e-08
 Step: 1173 E: -23.093777822976 G: 2.1e-08
 Step: 1174 E: -23.093777822976 G: 2.1e-08
 Step: 1175 E: -23.093777822976 G: 2.1e-08
 Step: 1176 E: -23.093777822976 G: 2.1e-08
 Step: 1177 E: -23.093777822976 G: 2.0e-08
 Step: 1178 E: -23.093777822976 G: 2.0e-08
 Step: 1179 E: -23.093777822976 G: 2.0e-08
 Step: 1180 E: -23.093777822976 G: 2.0e-08
 Step: 1181 E: -23.093777822976 G: 2.0e-08
 Step: 1182 E: -23.093777822976 G: 1.9e-08
 Step: 1183 E: -23.093777822976 G: 1.9e-08
 Step: 1184 E: -23.093777822976 G: 1.9e-08
 Step: 1185 E: -23.093777822976 G: 1.9e-08
 Step: 1186 E: -23.093777822976 G: 1.9e-08
 Step: 1187 E: -23.093777822976 G: 1.9e-08
 Step: 1188 E: -23.093777822976 G: 1.8e-08
 Step: 1189 E: -23.093777822976 G: 1.8e-08
 Step: 1190 E: -23.093777822976 G: 1.8e-08
 Step: 1191 E: -23.093777822976 G: 1.8e-08
 Step: 1192 E: -23.093777822976 G: 1.8e-08
 Step: 1193 E: -23.093777822976 G: 1.8e-08
 Step: 1194 E: -23.093777822976 G: 1.7e-08
 Step: 1195 E: -23.093777822976 G: 1.7e-08
 Step: 1196 E: -23.093777822976 G: 1.7e-08
 Step: 1197 E: -23.093777822976 G: 1.7e-08
 Step: 1198 E: -23.093777822976 G: 1.7e-08
 Step: 1199 E: -23.093777822976 G: 1.7e-08
 Step: 1200 E: -23.093777822976 G: 1.6e-08
 Step: 1201 E: -23.093777822976 G: 1.6e-08
 Step: 1202 E: -23.093777822976 G: 1.6e-08
 Step: 1203 E: -23.093777822976 G: 1.6e-08
 Step: 1204 E: -23.093777822976 G: 1.6e-08
 Step: 1205 E: -23.093777822976 G: 1.6e-08
 Step: 1206 E: -23.093777822976 G: 1.5e-08
 Step: 1207 E: -23.093777822976 G: 1.5e-08
 Step: 1208 E: -23.093777822976 G: 1.5e-08
 Step: 1209 E: -23.093777822976 G: 1.5e-08
 Step: 1210 E: -23.093777822976 G: 1.5e-08
 Step: 1211 E: -23.093777822976 G: 1.5e-08
 Step: 1212 E: -23.093777822976 G: 1.5e-08
 Step: 1213 E: -23.093777822976 G: 1.4e-08
 Step: 1214 E: -23.093777822976 G: 1.4e-08
 Step: 1215 E: -23.093777822976 G: 1.4e-08
 Step: 1216 E: -23.093777822976 G: 1.4e-08
 Step: 1217 E: -23.093777822976 G: 1.4e-08
 Step: 1218 E: -23.093777822976 G: 1.4e-08
 Step: 1219 E: -23.093777822976 G: 1.4e-08
 Step: 1220 E: -23.093777822976 G: 1.4e-08
 Step: 1221 E: -23.093777822976 G: 1.3e-08
 Step: 1222 E: -23.093777822976 G: 1.3e-08
 Step: 1223 E: -23.093777822976 G: 1.3e-08
 Step: 1224 E: -23.093777822976 G: 1.3e-08
 Step: 1225 E: -23.093777822976 G: 1.3e-08
 Step: 1226 E: -23.093777822976 G: 1.3e-08
 Step: 1227 E: -23.093777822976 G: 1.3e-08
 Step: 1228 E: -23.093777822976 G: 1.3e-08
 Step: 1229 E: -23.093777822976 G: 1.2e-08
 Step: 1230 E: -23.093777822976 G: 1.2e-08
 Step: 1231 E: -23.093777822976 G: 1.2e-08
 Step: 1232 E: -23.093777822976 G: 1.2e-08
 Step: 1233 E: -23.093777822976 G: 1.2e-08
 Step: 1234 E: -23.093777822976 G: 1.2e-08
 Step: 1235 E: -23.093777822976 G: 1.2e-08
 Step: 1236 E: -23.093777822976 G: 1.2e-08
 Step: 1237 E: -23.093777822976 G: 1.2e-08
 Step: 1238 E: -23.093777822976 G: 1.1e-08
 Step: 1239 E: -23.093777822976 G: 1.1e-08
 Step: 1240 E: -23.093777822976 G: 1.1e-08
 Step: 1241 E: -23.093777822976 G: 1.1e-08
 Step: 1242 E: -23.093777822976 G: 1.1e-08
 Step: 1243 E: -23.093777822976 G: 1.1e-08
 Step: 1244 E: -23.093777822976 G: 1.1e-08
 Step: 1245 E: -23.093777822976 G: 1.1e-08
 Step: 1246 E: -23.093777822976 G: 1.1e-08
 Step: 1247 E: -23.093777822976 G: 1.1e-08
 Step: 1248 E: -23.093777822976 G: 1.0e-08
 Step: 1249 E: -23.093777822976 G: 1.0e-08
 Step: 1250 E: -23.093777822976 G: 1.0e-08
 Step: 1251 E: -23.093777822976 G: 1.0e-08
 Step: 1252 E: -23.093777822976 G: 1.0e-08
*Step: 1253 E: -23.093777822976 G: 1.0e-08
288.882715 seconds (44.31 M allocations: 254.589 GiB, 8.93% gc time)
 Solve OO-CMF with DIIS
 ooCMF Iter:    1 Total= -23.092847488205 G=    1.248e-01 #SS:    1
 ooCMF Iter:    2 Total= -23.093668439583 G=    3.236e-02 #SS:    2
 ooCMF Iter:    3 Total= -23.093719043677 G=    3.966e-03 #SS:    3
 ooCMF Iter:    4 Total= -23.093720664869 G=    3.436e-03 #SS:    4
 ooCMF Iter:    5 Total= -23.093722121891 G=    3.390e-03 #SS:    5
 ooCMF Iter:    6 Total= -23.093735909836 G=    2.951e-03 #SS:    6
 ooCMF Iter:    7 Total= -23.093777659943 G=    2.320e-04 #SS:    7
 ooCMF Iter:    8 Total= -23.093777774332 G=    1.149e-04 #SS:    8
 ooCMF Iter:    9 Total= -23.093777775528 G=    1.084e-04 #SS:    9
 ooCMF Iter:   10 Total= -23.093777776917 G=    1.065e-04 #SS:   10
 ooCMF Iter:   11 Total= -23.093777808639 G=    5.606e-05 #SS:   11
 ooCMF Iter:   12 Total= -23.093777814636 G=    4.599e-05 #SS:   12
 ooCMF Iter:   13 Total= -23.093777815012 G=    4.539e-05 #SS:   13
 ooCMF Iter:   14 Total= -23.093777820826 G=    2.281e-05 #SS:   14
 ooCMF Iter:   15 Total= -23.093777822913 G=    4.057e-06 #SS:   15
 ooCMF Iter:   16 Total= -23.093777822928 G=    3.305e-06 #SS:   16
 ooCMF Iter:   17 Total= -23.093777822928 G=    3.246e-06 #SS:   17
 ooCMF Iter:   18 Total= -23.093777822941 G=    2.751e-06 #SS:   18
 ooCMF Iter:   19 Total= -23.093777822972 G=    8.712e-07 #SS:   19
 ooCMF Iter:   20 Total= -23.093777822973 G=    6.888e-07 #SS:   20
 ooCMF Iter:   21 Total= -23.093777822973 G=    6.691e-07 #SS:   21
 ooCMF Iter:   22 Total= -23.093777822973 G=    6.600e-07 #SS:   22
 ooCMF Iter:   23 Total= -23.093777822973 G=    6.519e-07 #SS:   23
 ooCMF Iter:   24 Total= -23.093777822973 G=    6.437e-07 #SS:   24
 ooCMF Iter:   25 Total= -23.093777822974 G=    3.119e-07 #SS:   24
 ooCMF Iter:   26 Total= -23.093777822974 G=    2.818e-07 #SS:   24
 ooCMF Iter:   27 Total= -23.093777822974 G=    2.781e-07 #SS:   24
 ooCMF Iter:   28 Total= -23.093777822975 G=    1.333e-07 #SS:   24
 ooCMF Iter:   29 Total= -23.093777822975 G=    1.076e-07 #SS:   24
 ooCMF Iter:   30 Total= -23.093777822975 G=    1.062e-07 #SS:   24
 ooCMF Iter:   31 Total= -23.093777822975 G=    1.043e-07 #SS:   24
 ooCMF Iter:   32 Total= -23.093777822975 G=    7.564e-08 #SS:   24
 ooCMF Iter:   33 Total= -23.093777822975 G=    3.955e-08 #SS:   24
 ooCMF Iter:   34 Total= -23.093777822975 G=    3.402e-08 #SS:   24
 ooCMF Iter:   35 Total= -23.093777822975 G=    3.257e-08 #SS:   24
 ooCMF Iter:   36 Total= -23.093777822975 G=    2.374e-08 #SS:   24
*ooCMF Iter:   37 Total= -23.093777822975 G=    3.494e-09 #SS:   24
 19.565296 seconds (14.45 M allocations: 19.943 GiB, 10.35% gc time)
 Solve OO-CMF with DIIS
 ooCMF Iter:    1 Total= -23.093770351723 G=    6.043e-03 #SS:    1
 ooCMF Iter:    2 Total= -23.093777515367 G=    2.766e-03 #SS:    2
 ooCMF Iter:    3 Total= -23.093777536078 G=    2.673e-03 #SS:    3
 ooCMF Iter:    4 Total= -23.093777822942 G=    2.304e-05 #SS:    4
 ooCMF Iter:    5 Total= -23.093777822975 G=    5.598e-07 #SS:    5
 ooCMF Iter:    6 Total= -23.093777822975 G=    2.908e-08 #SS:    6
*ooCMF Iter:    7 Total= -23.093777822975 G=    4.070e-09 #SS:    7
  7.868043 seconds (959.96 k allocations: 5.065 GiB, 5.65% gc time)
 Solve OO-CMF with DIIS
 ooCMF Iter:    1 Total= -23.093771915126 G=    3.872e-03 #SS:    1
 ooCMF Iter:    2 Total= -23.093777566710 G=    2.361e-03 #SS:    2
 ooCMF Iter:    3 Total= -23.093777822652 G=    7.060e-05 #SS:    3
 ooCMF Iter:    4 Total= -23.093777822974 G=    3.425e-06 #SS:    4
 ooCMF Iter:    5 Total= -23.093777822975 G=    1.180e-07 #SS:    5
*ooCMF Iter:    6 Total= -23.093777822975 G=    5.011e-09 #SS:    6
 11.245027 seconds (1.57 M allocations: 4.453 GiB, 4.15% gc time)
 Solve OO-CMF with newton
 Step:    1 E: -23.076097963130 G:     5.52e-01  
 Step:    2 E: -23.093771915126 G:     3.87e-03  
 Step:    3 E: -23.093777822879 G:     1.46e-05  
 Step:    4 E: -23.093777822975 G:     1.61e-07  
 Step:    5 E: -23.093777822975 G:     2.77e-09  
  7.363527 seconds (1.13 M allocations: 1.740 GiB)
 Solve OO-CMF with newton
 Step:    1 E: -23.076097963130 G:     5.52e-01  
 Step:    2 E: -23.093770351723 G:     6.04e-03  
 Step:    3 E: -23.093777822930 G:     1.30e-05  
 Step:    4 E: -23.093777822975 G:     5.96e-08  
 Step:    5 E: -23.093777822975 G:     1.38e-09  
  3.716707 seconds (396.25 k allocations: 1.696 GiB, 6.16% gc time)