IDX001:DIM1024:001|002|003|004|005|
IDX002:DIM1024:006|007|008|009|010|
IDX003:DIM1024:011|012|013|014|015|
IDX004:DIM1024:016|017|018|019|020|
IDX005:DIM1024:021|022|023|024|025|
IDX006:DIM1024:026|027|028|029|030|
IDX007:DIM1024:031|032|033|034|035|
IDX008:DIM1024:036|037|038|039|040|
(40, 40) ooCMF Iter:    1 Total= -22.904912774589 Active= -40.063931328134 G=     1.61e+00
 ooCMF Iter:    2 Total= -23.022817361863 Active= -40.181835915408 G=     5.60e-01
 ooCMF Iter:    3 Total= -23.028353905170 Active= -40.187372458715 G=     3.85e-01
 ooCMF Iter:    4 Total= -23.034132701242 Active= -40.193151254787 G=     1.91e-01
 ooCMF Iter:    5 Total= -23.035809227599 Active= -40.194827781144 G=     4.02e-02
 ooCMF Iter:    6 Total= -23.035889132468 Active= -40.194907686013 G=     1.18e-02
 ooCMF Iter:    7 Total= -23.035931409177 Active= -40.194949962722 G=     2.92e-02
 ooCMF Iter:    8 Total= -23.036262675716 Active= -40.195281229261 G=     5.01e-02
 ooCMF Iter:    9 Total= -23.036429579099 Active= -40.195448132644 G=     1.81e-02
 ooCMF Iter:   10 Total= -23.036434583113 Active= -40.195453136658 G=     1.44e-02
 ooCMF Iter:   11 Total= -23.036439250697 Active= -40.195457804242 G=     9.25e-03
 ooCMF Iter:   12 Total= -23.036442963100 Active= -40.195461516645 G=     1.94e-03
 ooCMF Iter:   13 Total= -23.036443154661 Active= -40.195461708206 G=     8.10e-04
 ooCMF Iter:   14 Total= -23.036443306441 Active= -40.195461859986 G=     1.40e-03
 ooCMF Iter:   15 Total= -23.036443604651 Active= -40.195462158196 G=     1.28e-03
 ooCMF Iter:   16 Total= -23.036443664350 Active= -40.195462217895 G=     1.08e-03
 ooCMF Iter:   17 Total= -23.036443949105 Active= -40.195462502650 G=     1.71e-03
 ooCMF Iter:   18 Total= -23.036444199409 Active= -40.195462752954 G=     1.34e-03
 ooCMF Iter:   19 Total= -23.036444232988 Active= -40.195462786533 G=     1.21e-03
 ooCMF Iter:   20 Total= -23.036444310715 Active= -40.195462864260 G=     8.21e-04
 ooCMF Iter:   21 Total= -23.036444347368 Active= -40.195462900913 G=     2.86e-04
 ooCMF Iter:   22 Total= -23.036444355094 Active= -40.195462908639 G=     3.10e-04
 ooCMF Iter:   23 Total= -23.036444392506 Active= -40.195462946051 G=     5.47e-04
 ooCMF Iter:   24 Total= -23.036444403810 Active= -40.195462957355 G=     4.06e-04
 ooCMF Iter:   25 Total= -23.036444407583 Active= -40.195462961128 G=     3.44e-04
 ooCMF Iter:   26 Total= -23.036444416247 Active= -40.195462969792 G=     1.57e-04
 ooCMF Iter:   27 Total= -23.036444417551 Active= -40.195462971096 G=     7.65e-05
 ooCMF Iter:   28 Total= -23.036444417708 Active= -40.195462971253 G=     7.18e-05
 ooCMF Iter:   29 Total= -23.036444418071 Active= -40.195462971616 G=     4.62e-05
 ooCMF Iter:   30 Total= -23.036444418159 Active= -40.195462971704 G=     1.86e-05
 ooCMF Iter:   31 Total= -23.036444418207 Active= -40.195462971752 G=     2.58e-05
 ooCMF Iter:   32 Total= -23.036444418426 Active= -40.195462971971 G=     5.42e-05
 ooCMF Iter:   33 Total= -23.036444418494 Active= -40.195462972040 G=     5.41e-05
 ooCMF Iter:   34 Total= -23.036444418634 Active= -40.195462972179 G=     4.60e-05
 ooCMF Iter:   35 Total= -23.036444418797 Active= -40.195462972342 G=     1.81e-05
 ooCMF Iter:   36 Total= -23.036444418813 Active= -40.195462972358 G=     1.40e-05
 ooCMF Iter:   37 Total= -23.036444418831 Active= -40.195462972376 G=     1.68e-05
 ooCMF Iter:   38 Total= -23.036444418850 Active= -40.195462972395 G=     8.71e-06
 ooCMF Iter:   39 Total= -23.036444418853 Active= -40.195462972398 G=     6.79e-06
 ooCMF Iter:   40 Total= -23.036444418868 Active= -40.195462972414 G=     1.36e-05
 ooCMF Iter:   41 Total= -23.036444418881 Active= -40.195462972426 G=     1.67e-05
 ooCMF Iter:   42 Total= -23.036444418885 Active= -40.195462972430 G=     1.67e-05
 ooCMF Iter:   43 Total= -23.036444418909 Active= -40.195462972454 G=     7.30e-06
 ooCMF Iter:   44 Total= -23.036444418912 Active= -40.195462972457 G=     3.78e-06
 ooCMF Iter:   45 Total= -23.036444418915 Active= -40.195462972460 G=     6.52e-06
 ooCMF Iter:   46 Total= -23.036444418920 Active= -40.195462972465 G=     5.74e-06
 ooCMF Iter:   47 Total= -23.036444418921 Active= -40.195462972466 G=     4.82e-06
 ooCMF Iter:   48 Total= -23.036444418925 Active= -40.195462972470 G=     4.87e-06
 ooCMF Iter:   49 Total= -23.036444418926 Active= -40.195462972471 G=     4.19e-06
 ooCMF Iter:   50 Total= -23.036444418927 Active= -40.195462972472 G=     3.94e-06
 ooCMF Iter:   51 Total= -23.036444418927 Active= -40.195462972472 G=     1.53e-06
 ooCMF Iter:   52 Total= -23.036444418928 Active= -40.195462972473 G=     8.12e-07
 ooCMF Iter:   53 Total= -23.036444418928 Active= -40.195462972473 G=     8.90e-07
 ooCMF Iter:   54 Total= -23.036444418928 Active= -40.195462972473 G=     1.22e-06
 ooCMF Iter:   55 Total= -23.036444418928 Active= -40.195462972473 G=     1.23e-06
 ooCMF Iter:   56 Total= -23.036444418928 Active= -40.195462972473 G=     1.20e-06
 ooCMF Iter:   57 Total= -23.036444418928 Active= -40.195462972473 G=     6.95e-07
 ooCMF Iter:   58 Total= -23.036444418928 Active= -40.195462972473 G=     7.18e-07
 ooCMF Iter:   59 Total= -23.036444418928 Active= -40.195462972473 G=     5.51e-07
 ooCMF Iter:   60 Total= -23.036444418928 Active= -40.195462972473 G=     3.26e-07
 ooCMF Iter:   61 Total= -23.036444418928 Active= -40.195462972473 G=     2.68e-07
 ooCMF Iter:   62 Total= -23.036444418928 Active= -40.195462972473 G=     8.70e-08
 ooCMF Iter:   63 Total= -23.036444418928 Active= -40.195462972473 G=     7.82e-08
 ooCMF Iter:   64 Total= -23.036444418928 Active= -40.195462972473 G=     1.04e-07
 ooCMF Iter:   65 Total= -23.036444418928 Active= -40.195462972473 G=     4.84e-08
 * Status: success

 * Candidate solution
    Final objective value:     -2.303644e+01

 * Found with
    Algorithm:     BFGS

 * Convergence measures
    |x - x'|               = 3.03e-08 ≰ 0.0e+00
    |x - x'|/|x'|          = 7.62e-07 ≰ 0.0e+00
    |f(x) - f(x')|         = 1.42e-14 ≰ 0.0e+00
    |f(x) - f(x')|/|f(x')| = 6.17e-16 ≰ 0.0e+00
    |g(x)|                 = 9.45e-09 ≤ 1.0e-08

 * Work counters
    Seconds run:   50  (vs limit Inf)
    Iterations:    64
    f(x) calls:    132
    ∇f(x) calls:   132

*ooCMF -23.03644442 
 50.868847 seconds (18.11 M allocations: 41.616 GiB, 8.17% gc time)
 ooCMF Iter:    1 Total= -22.904912774589 Active= -40.063931328134 G=     1.61e+00
 ooCMF Iter:    2 Total= -23.032035397979 Active= -40.191053951525 G=     2.80e-01
 ooCMF Iter:    3 Total= -23.035746168887 Active= -40.194764722432 G=     2.58e-02
 ooCMF Iter:    4 Total= -23.035783985901 Active= -40.194802539446 G=     1.28e-02
 ooCMF Iter:    5 Total= -23.035827793118 Active= -40.194846346663 G=     2.15e-02
 ooCMF Iter:    6 Total= -23.036031989381 Active= -40.195050542926 G=     6.55e-02
 ooCMF Iter:    7 Total= -23.036421081046 Active= -40.195439634591 G=     2.22e-02
 ooCMF Iter:    8 Total= -23.036441178016 Active= -40.195459731561 G=     4.95e-03
 ooCMF Iter:    9 Total= -23.036442310727 Active= -40.195460864272 G=     1.23e-03
 ooCMF Iter:   10 Total= -23.036442424782 Active= -40.195460978327 G=     9.36e-04
 ooCMF Iter:   11 Total= -23.036442790413 Active= -40.195461343958 G=     2.03e-03
 ooCMF Iter:   12 Total= -23.036443600453 Active= -40.195462153998 G=     2.76e-03
 ooCMF Iter:   13 Total= -23.036444012826 Active= -40.195462566371 G=     8.27e-04
 ooCMF Iter:   14 Total= -23.036444052416 Active= -40.195462605961 G=     4.30e-04
 ooCMF Iter:   15 Total= -23.036444094906 Active= -40.195462648451 G=     7.08e-04
 ooCMF Iter:   16 Total= -23.036444198112 Active= -40.195462751657 G=     1.22e-03
 ooCMF Iter:   17 Total= -23.036444359896 Active= -40.195462913441 G=     9.55e-04
 ooCMF Iter:   18 Total= -23.036444405400 Active= -40.195462958945 G=     3.39e-04
 ooCMF Iter:   19 Total= -23.036444411123 Active= -40.195462964668 G=     1.09e-04
 ooCMF Iter:   20 Total= -23.036444411756 Active= -40.195462965301 G=     5.31e-05
 ooCMF Iter:   21 Total= -23.036444412063 Active= -40.195462965608 G=     6.89e-05
 ooCMF Iter:   22 Total= -23.036444413086 Active= -40.195462966631 G=     1.54e-04
 ooCMF Iter:   23 Total= -23.036444416733 Active= -40.195462970278 G=     1.28e-04
 ooCMF Iter:   24 Total= -23.036444417819 Active= -40.195462971364 G=     7.91e-05
 ooCMF Iter:   25 Total= -23.036444418221 Active= -40.195462971766 G=     3.99e-05
 ooCMF Iter:   26 Total= -23.036444418308 Active= -40.195462971853 G=     2.58e-05
 ooCMF Iter:   27 Total= -23.036444418366 Active= -40.195462971912 G=     2.07e-05
 ooCMF Iter:   28 Total= -23.036444418432 Active= -40.195462971977 G=     3.42e-05
 ooCMF Iter:   29 Total= -23.036444418576 Active= -40.195462972121 G=     6.66e-05
 ooCMF Iter:   30 Total= -23.036444418814 Active= -40.195462972360 G=     2.21e-05
 ooCMF Iter:   31 Total= -23.036444418837 Active= -40.195462972382 G=     7.14e-06
 ooCMF Iter:   32 Total= -23.036444418839 Active= -40.195462972384 G=     8.02e-06
 ooCMF Iter:   33 Total= -23.036444418843 Active= -40.195462972388 G=     4.41e-06
 ooCMF Iter:   34 Total= -23.036444418849 Active= -40.195462972394 G=     1.15e-05
 ooCMF Iter:   35 Total= -23.036444418878 Active= -40.195462972423 G=     1.61e-05
 ooCMF Iter:   36 Total= -23.036444418906 Active= -40.195462972451 G=     1.07e-05
 ooCMF Iter:   37 Total= -23.036444418912 Active= -40.195462972457 G=     5.88e-06
 ooCMF Iter:   38 Total= -23.036444418914 Active= -40.195462972459 G=     2.22e-06
 ooCMF Iter:   39 Total= -23.036444418914 Active= -40.195462972459 G=     2.40e-06
 ooCMF Iter:   40 Total= -23.036444418916 Active= -40.195462972461 G=     5.91e-06
 ooCMF Iter:   41 Total= -23.036444418922 Active= -40.195462972467 G=     4.77e-06
 ooCMF Iter:   42 Total= -23.036444418923 Active= -40.195462972468 G=     1.48e-06
 ooCMF Iter:   43 Total= -23.036444418923 Active= -40.195462972468 G=     1.35e-06
 ooCMF Iter:   44 Total= -23.036444418924 Active= -40.195462972469 G=     4.32e-06
 ooCMF Iter:   45 Total= -23.036444418927 Active= -40.195462972472 G=     3.59e-06
 ooCMF Iter:   46 Total= -23.036444418928 Active= -40.195462972473 G=     7.16e-07
 ooCMF Iter:   47 Total= -23.036444418928 Active= -40.195462972473 G=     6.21e-07
 ooCMF Iter:   48 Total= -23.036444418928 Active= -40.195462972473 G=     3.40e-07
 ooCMF Iter:   49 Total= -23.036444418928 Active= -40.195462972473 G=     6.86e-07
 ooCMF Iter:   50 Total= -23.036444418928 Active= -40.195462972473 G=     5.77e-07
 ooCMF Iter:   51 Total= -23.036444418928 Active= -40.195462972473 G=     3.05e-07
 ooCMF Iter:   52 Total= -23.036444418928 Active= -40.195462972473 G=     1.01e-07
 ooCMF Iter:   53 Total= -23.036444418928 Active= -40.195462972473 G=     1.00e-07
 ooCMF Iter:   54 Total= -23.036444418928 Active= -40.195462972473 G=     3.78e-07
 ooCMF Iter:   55 Total= -23.036444418928 Active= -40.195462972473 G=     2.10e-07
 ooCMF Iter:   56 Total= -23.036444418928 Active= -40.195462972473 G=     5.18e-08
 ooCMF Iter:   57 Total= -23.036444418928 Active= -40.195462972473 G=     9.24e-08
 ooCMF Iter:   58 Total= -23.036444418928 Active= -40.195462972473 G=     1.28e-07
 ooCMF Iter:   59 Total= -23.036444418928 Active= -40.195462972473 G=     3.31e-08
 * Status: success

 * Candidate solution
    Final objective value:     -2.303644e+01

 * Found with
    Algorithm:     Conjugate Gradient

 * Convergence measures
    |x - x'|               = 2.86e-08 ≰ 0.0e+00
    |x - x'|/|x'|          = 7.20e-07 ≰ 0.0e+00
    |f(x) - f(x')|         = 4.26e-14 ≰ 0.0e+00
    |f(x) - f(x')|/|f(x')| = 1.85e-15 ≰ 0.0e+00
    |g(x)|                 = 5.85e-09 ≤ 1.0e-08

 * Work counters
    Seconds run:   36  (vs limit Inf)
    Iterations:    58
    f(x) calls:    141
    ∇f(x) calls:   86

*ooCMF -23.03644442 
 36.705933 seconds (12.91 M allocations: 31.701 GiB, 8.32% gc time)
 Step:    1 E: -22.904912774589 G: 1.6e+00
 Step:    2 E: -23.031979193686 G: 2.9e-01
 Step:    3 E: -23.035602095674 G: 6.5e-02
 Step:    4 E: -23.035776470884 G: 2.0e-02
 Step:    5 E: -23.035797936023 G: 1.2e-02
 Step:    6 E: -23.035810192752 G: 1.1e-02
 Step:    7 E: -23.035821573498 G: 1.1e-02
 Step:    8 E: -23.035832693503 G: 1.0e-02
 Step:    9 E: -23.035843611026 G: 1.0e-02
 Step:   10 E: -23.035854335192 G: 1.0e-02
 Step:   11 E: -23.035864870006 G: 1.0e-02
 Step:   12 E: -23.035875218830 G: 1.0e-02
 Step:   13 E: -23.035885384891 G: 1.0e-02
 Step:   14 E: -23.035895371358 G: 9.9e-03
 Step:   15 E: -23.035905181339 G: 9.8e-03
 Step:   16 E: -23.035914817895 G: 9.8e-03
 Step:   17 E: -23.035924284033 G: 9.7e-03
 Step:   18 E: -23.035933582709 G: 9.6e-03
 Step:   19 E: -23.035942716833 G: 9.5e-03
 Step:   20 E: -23.035951689262 G: 9.4e-03
 Step:   21 E: -23.035960502807 G: 9.3e-03
 Step:   22 E: -23.035969160233 G: 9.2e-03
 Step:   23 E: -23.035977664254 G: 9.2e-03
 Step:   24 E: -23.035986017544 G: 9.1e-03
 Step:   25 E: -23.035994222728 G: 9.0e-03
 Step:   26 E: -23.036002282388 G: 8.9e-03
 Step:   27 E: -23.036010199062 G: 8.8e-03
 Step:   28 E: -23.036017975244 G: 8.8e-03
 Step:   29 E: -23.036025613389 G: 8.7e-03
 Step:   30 E: -23.036033115907 G: 8.6e-03
 Step:   31 E: -23.036040485168 G: 8.5e-03
 Step:   32 E: -23.036047723504 G: 8.5e-03
 Step:   33 E: -23.036054833204 G: 8.4e-03
 Step:   34 E: -23.036061816519 G: 8.3e-03
 Step:   35 E: -23.036068675664 G: 8.2e-03
 Step:   36 E: -23.036075412814 G: 8.2e-03
 Step:   37 E: -23.036082030106 G: 8.1e-03
 Step:   38 E: -23.036088529644 G: 8.0e-03
 Step:   39 E: -23.036094913492 G: 7.9e-03
 Step:   40 E: -23.036101183682 G: 7.9e-03
 Step:   41 E: -23.036107342210 G: 7.8e-03
 Step:   42 E: -23.036113391037 G: 7.7e-03
 Step:   43 E: -23.036119332091 G: 7.7e-03
 Step:   44 E: -23.036125167268 G: 7.6e-03
 Step:   45 E: -23.036130898429 G: 7.5e-03
 Step:   46 E: -23.036136527406 G: 7.5e-03
 Step:   47 E: -23.036142055997 G: 7.4e-03
 Step:   48 E: -23.036147485971 G: 7.3e-03
 Step:   49 E: -23.036152819064 G: 7.3e-03
 Step:   50 E: -23.036158056986 G: 7.2e-03
 Step:   51 E: -23.036163201413 G: 7.1e-03
 Step:   52 E: -23.036168253996 G: 7.1e-03
 Step:   53 E: -23.036173216355 G: 7.0e-03
 Step:   54 E: -23.036178090083 G: 6.9e-03
 Step:   55 E: -23.036182876745 G: 6.9e-03
 Step:   56 E: -23.036187577880 G: 6.8e-03
 Step:   57 E: -23.036192194998 G: 6.7e-03
 Step:   58 E: -23.036196729586 G: 6.7e-03
 Step:   59 E: -23.036201183102 G: 6.6e-03
 Step:   60 E: -23.036205556982 G: 6.6e-03
 Step:   61 E: -23.036209852635 G: 6.5e-03
 Step:   62 E: -23.036214071445 G: 6.5e-03
 Step:   63 E: -23.036218214774 G: 6.4e-03
 Step:   64 E: -23.036222283958 G: 6.3e-03
 Step:   65 E: -23.036226280312 G: 6.3e-03
 Step:   66 E: -23.036230205127 G: 6.2e-03
 Step:   67 E: -23.036234059671 G: 6.2e-03
 Step:   68 E: -23.036237845190 G: 6.1e-03
 Step:   69 E: -23.036241562910 G: 6.1e-03
 Step:   70 E: -23.036245214034 G: 6.0e-03
 Step:   71 E: -23.036248799744 G: 5.9e-03
 Step:   72 E: -23.036252321202 G: 5.9e-03
 Step:   73 E: -23.036255779549 G: 5.8e-03
 Step:   74 E: -23.036259175907 G: 5.8e-03
 Step:   75 E: -23.036262511378 G: 5.7e-03
 Step:   76 E: -23.036265787043 G: 5.7e-03
 Step:   77 E: -23.036269003968 G: 5.6e-03
 Step:   78 E: -23.036272163196 G: 5.6e-03
.......................................
Step:  793 E: -23.036444418516 G: 8.5e-06
 Step:  794 E: -23.036444418524 G: 8.5e-06
 Step:  795 E: -23.036444418531 G: 8.4e-06
 Step:  796 E: -23.036444418538 G: 8.3e-06
 Step:  797 E: -23.036444418545 G: 8.2e-06
 Step:  798 E: -23.036444418551 G: 8.2e-06
 Step:  799 E: -23.036444418558 G: 8.1e-06
 Step:  800 E: -23.036444418565 G: 8.0e-06
 Step:  801 E: -23.036444418571 G: 8.0e-06
 Step:  802 E: -23.036444418577 G: 7.9e-06
 Step:  803 E: -23.036444418583 G: 7.8e-06
 Step:  804 E: -23.036444418590 G: 7.7e-06
 Step:  805 E: -23.036444418596 G: 7.7e-06
 Step:  806 E: -23.036444418601 G: 7.6e-06
 Step:  807 E: -23.036444418607 G: 7.5e-06
 Step:  808 E: -23.036444418613 G: 7.5e-06
 Step:  809 E: -23.036444418618 G: 7.4e-06
 Step:  810 E: -23.036444418624 G: 7.3e-06
 Step:  811 E: -23.036444418629 G: 7.3e-06
 Step:  812 E: -23.036444418634 G: 7.2e-06
 Step:  813 E: -23.036444418640 G: 7.1e-06
 Step:  814 E: -23.036444418645 G: 7.1e-06
 Step:  815 E: -23.036444418650 G: 7.0e-06
 Step:  816 E: -23.036444418655 G: 7.0e-06
 Step:  817 E: -23.036444418659 G: 6.9e-06
 Step:  818 E: -23.036444418664 G: 6.8e-06
 Step:  819 E: -23.036444418669 G: 6.8e-06
 Step:  820 E: -23.036444418673 G: 6.7e-06
 Step:  821 E: -23.036444418678 G: 6.7e-06
 Step:  822 E: -23.036444418682 G: 6.6e-06
 Step:  823 E: -23.036444418687 G: 6.5e-06
 Step:  824 E: -23.036444418691 G: 6.5e-06
 Step:  825 E: -23.036444418695 G: 6.4e-06
 Step:  826 E: -23.036444418699 G: 6.4e-06
 Step:  827 E: -23.036444418703 G: 6.3e-06
 Step:  828 E: -23.036444418707 G: 6.2e-06
 Step:  829 E: -23.036444418711 G: 6.2e-06
 Step:  830 E: -23.036444418715 G: 6.1e-06
 Step:  831 E: -23.036444418719 G: 6.1e-06
 Step:  832 E: -23.036444418722 G: 6.0e-06
 Step:  833 E: -23.036444418726 G: 6.0e-06
 Step:  834 E: -23.036444418729 G: 5.9e-06
 Step:  835 E: -23.036444418733 G: 5.9e-06
 Step:  836 E: -23.036444418736 G: 5.8e-06
 Step:  837 E: -23.036444418740 G: 5.8e-06
 Step:  838 E: -23.036444418743 G: 5.7e-06
 Step:  839 E: -23.036444418746 G: 5.7e-06
 Step:  840 E: -23.036444418749 G: 5.6e-06
 Step:  841 E: -23.036444418753 G: 5.6e-06
 Step:  842 E: -23.036444418756 G: 5.5e-06
 Step:  843 E: -23.036444418759 G: 5.5e-06
 Step:  844 E: -23.036444418762 G: 5.4e-06
 Step:  845 E: -23.036444418765 G: 5.4e-06
 Step:  846 E: -23.036444418767 G: 5.3e-06
 Step:  847 E: -23.036444418770 G: 5.3e-06
 Step:  848 E: -23.036444418773 G: 5.2e-06
 Step:  849 E: -23.036444418776 G: 5.2e-06
 Step:  850 E: -23.036444418778 G: 5.1e-06
 Step:  851 E: -23.036444418781 G: 5.1e-06
 Step:  852 E: -23.036444418784 G: 5.0e-06
 Step:  853 E: -23.036444418786 G: 5.0e-06
 Step:  854 E: -23.036444418789 G: 5.0e-06
 Step:  855 E: -23.036444418791 G: 4.9e-06
 Step:  856 E: -23.036444418793 G: 4.9e-06
 Step:  857 E: -23.036444418796 G: 4.8e-06
 Step:  858 E: -23.036444418798 G: 4.8e-06
 Step:  859 E: -23.036444418800 G: 4.7e-06
 Step:  860 E: -23.036444418803 G: 4.7e-06
 Step:  861 E: -23.036444418805 G: 4.7e-06
 Step:  862 E: -23.036444418807 G: 4.6e-06
 Step:  863 E: -23.036444418809 G: 4.6e-06
 Step:  864 E: -23.036444418811 G: 4.5e-06
 Step:  865 E: -23.036444418813 G: 4.5e-06
 Step:  866 E: -23.036444418815 G: 4.5e-06
 Step:  867 E: -23.036444418817 G: 4.4e-06
 Step:  868 E: -23.036444418819 G: 4.4e-06
 Step:  869 E: -23.036444418821 G: 4.3e-06
 Step:  870 E: -23.036444418823 G: 4.3e-06
 Step:  871 E: -23.036444418825 G: 4.3e-06
 Step:  872 E: -23.036444418827 G: 4.2e-06
 Step:  873 E: -23.036444418828 G: 4.2e-06
 Step:  874 E: -23.036444418830 G: 4.1e-06
 Step:  875 E: -23.036444418832 G: 4.1e-06
 Step:  876 E: -23.036444418833 G: 4.1e-06
 Step:  877 E: -23.036444418835 G: 4.0e-06
 Step:  878 E: -23.036444418837 G: 4.0e-06
 Step:  879 E: -23.036444418838 G: 4.0e-06
 Step:  880 E: -23.036444418840 G: 3.9e-06
 Step:  881 E: -23.036444418841 G: 3.9e-06
 Step:  882 E: -23.036444418843 G: 3.9e-06
 Step:  883 E: -23.036444418844 G: 3.8e-06
 Step:  884 E: -23.036444418846 G: 3.8e-06
 Step:  885 E: -23.036444418847 G: 3.8e-06
 Step:  886 E: -23.036444418849 G: 3.7e-06
 Step:  887 E: -23.036444418850 G: 3.7e-06
 Step:  888 E: -23.036444418852 G: 3.7e-06
 Step:  889 E: -23.036444418853 G: 3.6e-06
 Step:  890 E: -23.036444418854 G: 3.6e-06
 Step:  891 E: -23.036444418855 G: 3.6e-06
 Step:  892 E: -23.036444418857 G: 3.5e-06
 Step:  893 E: -23.036444418858 G: 3.5e-06
 Step:  894 E: -23.036444418859 G: 3.5e-06
 Step:  895 E: -23.036444418860 G: 3.4e-06
 Step:  896 E: -23.036444418862 G: 3.4e-06
 Step:  897 E: -23.036444418863 G: 3.4e-06
 Step:  898 E: -23.036444418864 G: 3.3e-06
 Step:  899 E: -23.036444418865 G: 3.3e-06
 Step:  900 E: -23.036444418866 G: 3.3e-06
 Step:  901 E: -23.036444418867 G: 3.3e-06
 Step:  902 E: -23.036444418868 G: 3.2e-06
 Step:  903 E: -23.036444418869 G: 3.2e-06
 Step:  904 E: -23.036444418870 G: 3.2e-06
 Step:  905 E: -23.036444418871 G: 3.1e-06
 Step:  906 E: -23.036444418872 G: 3.1e-06
 Step:  907 E: -23.036444418873 G: 3.1e-06
 Step:  908 E: -23.036444418874 G: 3.1e-06
 Step:  909 E: -23.036444418875 G: 3.0e-06
 Step:  910 E: -23.036444418876 G: 3.0e-06
 Step:  911 E: -23.036444418877 G: 3.0e-06
 Step:  912 E: -23.036444418878 G: 3.0e-06
 Step:  913 E: -23.036444418879 G: 2.9e-06
 Step:  914 E: -23.036444418880 G: 2.9e-06
 Step:  915 E: -23.036444418880 G: 2.9e-06
 Step:  916 E: -23.036444418881 G: 2.9e-06
 Step:  917 E: -23.036444418882 G: 2.8e-06
 Step:  918 E: -23.036444418883 G: 2.8e-06
 Step:  919 E: -23.036444418884 G: 2.8e-06
 Step:  920 E: -23.036444418884 G: 2.8e-06
 Step:  921 E: -23.036444418885 G: 2.7e-06
 Step:  922 E: -23.036444418886 G: 2.7e-06
 Step:  923 E: -23.036444418887 G: 2.7e-06
 Step:  924 E: -23.036444418887 G: 2.7e-06
 Step:  925 E: -23.036444418888 G: 2.6e-06
 Step:  926 E: -23.036444418889 G: 2.6e-06
 Step:  927 E: -23.036444418889 G: 2.6e-06
 Step:  928 E: -23.036444418890 G: 2.6e-06
 Step:  929 E: -23.036444418891 G: 2.5e-06
 Step:  930 E: -23.036444418891 G: 2.5e-06
 Step:  931 E: -23.036444418892 G: 2.5e-06
 Step:  932 E: -23.036444418893 G: 2.5e-06
 Step:  933 E: -23.036444418893 G: 2.5e-06
 Step:  934 E: -23.036444418894 G: 2.4e-06
 Step:  935 E: -23.036444418894 G: 2.4e-06
 Step:  936 E: -23.036444418895 G: 2.4e-06
 Step:  937 E: -23.036444418895 G: 2.4e-06
 Step:  938 E: -23.036444418896 G: 2.4e-06
 Step:  939 E: -23.036444418897 G: 2.3e-06
 Step:  940 E: -23.036444418897 G: 2.3e-06
 Step:  941 E: -23.036444418898 G: 2.3e-06
 Step:  942 E: -23.036444418898 G: 2.3e-06
 Step:  943 E: -23.036444418899 G: 2.2e-06
 Step:  944 E: -23.036444418899 G: 2.2e-06
 Step:  945 E: -23.036444418900 G: 2.2e-06
 Step:  946 E: -23.036444418900 G: 2.2e-06
 Step:  947 E: -23.036444418901 G: 2.2e-06
 Step:  948 E: -23.036444418901 G: 2.2e-06
 Step:  949 E: -23.036444418902 G: 2.1e-06
 Step:  950 E: -23.036444418902 G: 2.1e-06
 Step:  951 E: -23.036444418902 G: 2.1e-06
 Step:  952 E: -23.036444418903 G: 2.1e-06
 Step:  953 E: -23.036444418903 G: 2.1e-06
 Step:  954 E: -23.036444418904 G: 2.0e-06
 Step:  955 E: -23.036444418904 G: 2.0e-06
 Step:  956 E: -23.036444418905 G: 2.0e-06
 Step:  957 E: -23.036444418905 G: 2.0e-06
 Step:  958 E: -23.036444418905 G: 2.0e-06
 Step:  959 E: -23.036444418906 G: 2.0e-06
 Step:  960 E: -23.036444418906 G: 1.9e-06
 Step:  961 E: -23.036444418906 G: 1.9e-06
 Step:  962 E: -23.036444418907 G: 1.9e-06
 Step:  963 E: -23.036444418907 G: 1.9e-06
 Step:  964 E: -23.036444418908 G: 1.9e-06
 Step:  965 E: -23.036444418908 G: 1.9e-06
 Step:  966 E: -23.036444418908 G: 1.8e-06
 Step:  967 E: -23.036444418909 G: 1.8e-06
 Step:  968 E: -23.036444418909 G: 1.8e-06
 Step:  969 E: -23.036444418909 G: 1.8e-06
 Step:  970 E: -23.036444418910 G: 1.8e-06
 Step:  971 E: -23.036444418910 G: 1.8e-06
 Step:  972 E: -23.036444418910 G: 1.7e-06
 Step:  973 E: -23.036444418910 G: 1.7e-06
 Step:  974 E: -23.036444418911 G: 1.7e-06
 Step:  975 E: -23.036444418911 G: 1.7e-06
 Step:  976 E: -23.036444418911 G: 1.7e-06
 Step:  977 E: -23.036444418912 G: 1.7e-06
 Step:  978 E: -23.036444418912 G: 1.7e-06
 Step:  979 E: -23.036444418912 G: 1.6e-06
 Step:  980 E: -23.036444418912 G: 1.6e-06
 Step:  981 E: -23.036444418913 G: 1.6e-06
 Step:  982 E: -23.036444418913 G: 1.6e-06
 Step:  983 E: -23.036444418913 G: 1.6e-06
 Step:  984 E: -23.036444418913 G: 1.6e-06
 Step:  985 E: -23.036444418914 G: 1.6e-06
 Step:  986 E: -23.036444418914 G: 1.5e-06
 Step:  987 E: -23.036444418914 G: 1.5e-06
 Step:  988 E: -23.036444418914 G: 1.5e-06
 Step:  989 E: -23.036444418915 G: 1.5e-06
 Step:  990 E: -23.036444418915 G: 1.5e-06
 Step:  991 E: -23.036444418915 G: 1.5e-06
 Step:  992 E: -23.036444418915 G: 1.5e-06
 Step:  993 E: -23.036444418916 G: 1.5e-06
 Step:  994 E: -23.036444418916 G: 1.4e-06
 Step:  995 E: -23.036444418916 G: 1.4e-06
 Step:  996 E: -23.036444418916 G: 1.4e-06
 Step:  997 E: -23.036444418916 G: 1.4e-06
 Step:  998 E: -23.036444418917 G: 1.4e-06
 Step:  999 E: -23.036444418917 G: 1.4e-06
 Step: 1000 E: -23.036444418917 G: 1.4e-06
 Step: 1001 E: -23.036444418917 G: 1.4e-06
 Step: 1002 E: -23.036444418917 G: 1.3e-06
 Step: 1003 E: -23.036444418918 G: 1.3e-06
 Step: 1004 E: -23.036444418918 G: 1.3e-06
 Step: 1005 E: -23.036444418918 G: 1.3e-06
 Step: 1006 E: -23.036444418918 G: 1.3e-06
 Step: 1007 E: -23.036444418918 G: 1.3e-06
 Step: 1008 E: -23.036444418918 G: 1.3e-06
 Step: 1009 E: -23.036444418919 G: 1.3e-06
 Step: 1010 E: -23.036444418919 G: 1.3e-06
 Step: 1011 E: -23.036444418919 G: 1.2e-06
 Step: 1012 E: -23.036444418919 G: 1.2e-06
 Step: 1013 E: -23.036444418919 G: 1.2e-06
 Step: 1014 E: -23.036444418919 G: 1.2e-06
 Step: 1015 E: -23.036444418919 G: 1.2e-06
 Step: 1016 E: -23.036444418920 G: 1.2e-06
 Step: 1017 E: -23.036444418920 G: 1.2e-06
 Step: 1018 E: -23.036444418920 G: 1.2e-06
 Step: 1019 E: -23.036444418920 G: 1.2e-06
 Step: 1020 E: -23.036444418920 G: 1.1e-06
 Step: 1021 E: -23.036444418920 G: 1.1e-06
 Step: 1022 E: -23.036444418920 G: 1.1e-06
 Step: 1023 E: -23.036444418921 G: 1.1e-06
 Step: 1024 E: -23.036444418921 G: 1.1e-06
 Step: 1025 E: -23.036444418921 G: 1.1e-06
 Step: 1026 E: -23.036444418921 G: 1.1e-06
 Step: 1027 E: -23.036444418921 G: 1.1e-06
 Step: 1028 E: -23.036444418921 G: 1.1e-06
 Step: 1029 E: -23.036444418921 G: 1.1e-06
 Step: 1030 E: -23.036444418921 G: 1.1e-06
 Step: 1031 E: -23.036444418922 G: 1.0e-06
 Step: 1032 E: -23.036444418922 G: 1.0e-06
 Step: 1033 E: -23.036444418922 G: 1.0e-06
 Step: 1034 E: -23.036444418922 G: 1.0e-06
 Step: 1035 E: -23.036444418922 G: 1.0e-06
 Step: 1036 E: -23.036444418922 G: 1.0e-06
 Step: 1037 E: -23.036444418922 G: 9.9e-07
 Step: 1038 E: -23.036444418922 G: 9.8e-07
 Step: 1039 E: -23.036444418922 G: 9.7e-07
 Step: 1040 E: -23.036444418922 G: 9.7e-07
 Step: 1041 E: -23.036444418923 G: 9.6e-07
 Step: 1042 E: -23.036444418923 G: 9.5e-07
 Step: 1043 E: -23.036444418923 G: 9.4e-07
 Step: 1044 E: -23.036444418923 G: 9.3e-07
 Step: 1045 E: -23.036444418923 G: 9.3e-07
 Step: 1046 E: -23.036444418923 G: 9.2e-07
 Step: 1047 E: -23.036444418923 G: 9.1e-07
 Step: 1048 E: -23.036444418923 G: 9.0e-07
 Step: 1049 E: -23.036444418923 G: 8.9e-07
 Step: 1050 E: -23.036444418923 G: 8.9e-07
 Step: 1051 E: -23.036444418923 G: 8.8e-07
 Step: 1052 E: -23.036444418923 G: 8.7e-07
 Step: 1053 E: -23.036444418924 G: 8.6e-07
 Step: 1054 E: -23.036444418924 G: 8.6e-07
 Step: 1055 E: -23.036444418924 G: 8.5e-07
 Step: 1056 E: -23.036444418924 G: 8.4e-07
 Step: 1057 E: -23.036444418924 G: 8.3e-07
 Step: 1058 E: -23.036444418924 G: 8.3e-07
 Step: 1059 E: -23.036444418924 G: 8.2e-07
 Step: 1060 E: -23.036444418924 G: 8.1e-07
 Step: 1061 E: -23.036444418924 G: 8.1e-07
 Step: 1062 E: -23.036444418924 G: 8.0e-07
 Step: 1063 E: -23.036444418924 G: 7.9e-07
 Step: 1064 E: -23.036444418924 G: 7.9e-07
 Step: 1065 E: -23.036444418924 G: 7.8e-07
 Step: 1066 E: -23.036444418924 G: 7.7e-07
 Step: 1067 E: -23.036444418925 G: 7.7e-07
 Step: 1068 E: -23.036444418925 G: 7.6e-07
 Step: 1069 E: -23.036444418925 G: 7.5e-07
 Step: 1070 E: -23.036444418925 G: 7.5e-07
 Step: 1071 E: -23.036444418925 G: 7.4e-07
 Step: 1072 E: -23.036444418925 G: 7.3e-07
 Step: 1073 E: -23.036444418925 G: 7.3e-07
 Step: 1074 E: -23.036444418925 G: 7.2e-07
 Step: 1075 E: -23.036444418925 G: 7.2e-07
 Step: 1076 E: -23.036444418925 G: 7.1e-07
 Step: 1077 E: -23.036444418925 G: 7.0e-07
 Step: 1078 E: -23.036444418925 G: 7.0e-07
 Step: 1079 E: -23.036444418925 G: 6.9e-07
 Step: 1080 E: -23.036444418925 G: 6.9e-07
 Step: 1081 E: -23.036444418925 G: 6.8e-07
 Step: 1082 E: -23.036444418925 G: 6.8e-07
 Step: 1083 E: -23.036444418925 G: 6.7e-07
 Step: 1084 E: -23.036444418925 G: 6.6e-07
 Step: 1085 E: -23.036444418925 G: 6.6e-07
 Step: 1086 E: -23.036444418926 G: 6.5e-07
 Step: 1087 E: -23.036444418926 G: 6.5e-07
 Step: 1088 E: -23.036444418926 G: 6.4e-07
 Step: 1089 E: -23.036444418926 G: 6.4e-07
 Step: 1090 E: -23.036444418926 G: 6.3e-07
 Step: 1091 E: -23.036444418926 G: 6.3e-07
 Step: 1092 E: -23.036444418926 G: 6.2e-07
 Step: 1093 E: -23.036444418926 G: 6.2e-07
 Step: 1094 E: -23.036444418926 G: 6.1e-07
 Step: 1095 E: -23.036444418926 G: 6.0e-07
 Step: 1096 E: -23.036444418926 G: 6.0e-07
 Step: 1097 E: -23.036444418926 G: 5.9e-07
 Step: 1098 E: -23.036444418926 G: 5.9e-07
 Step: 1099 E: -23.036444418926 G: 5.9e-07
 Step: 1100 E: -23.036444418926 G: 5.8e-07
 Step: 1101 E: -23.036444418926 G: 5.8e-07
 Step: 1102 E: -23.036444418926 G: 5.7e-07
 Step: 1103 E: -23.036444418926 G: 5.7e-07
 Step: 1104 E: -23.036444418926 G: 5.6e-07
 Step: 1105 E: -23.036444418926 G: 5.6e-07
 Step: 1106 E: -23.036444418926 G: 5.5e-07
 Step: 1107 E: -23.036444418926 G: 5.5e-07
 Step: 1108 E: -23.036444418926 G: 5.4e-07
 Step: 1109 E: -23.036444418926 G: 5.4e-07
 Step: 1110 E: -23.036444418926 G: 5.3e-07
 Step: 1111 E: -23.036444418926 G: 5.3e-07
 Step: 1112 E: -23.036444418926 G: 5.2e-07
 Step: 1113 E: -23.036444418926 G: 5.2e-07
 Step: 1114 E: -23.036444418927 G: 5.2e-07
 Step: 1115 E: -23.036444418927 G: 5.1e-07
 Step: 1116 E: -23.036444418927 G: 5.1e-07
 Step: 1117 E: -23.036444418927 G: 5.0e-07
 Step: 1118 E: -23.036444418927 G: 5.0e-07
 Step: 1119 E: -23.036444418927 G: 5.0e-07
 Step: 1120 E: -23.036444418927 G: 4.9e-07
 Step: 1121 E: -23.036444418927 G: 4.9e-07
 Step: 1122 E: -23.036444418927 G: 4.8e-07
 Step: 1123 E: -23.036444418927 G: 4.8e-07
 Step: 1124 E: -23.036444418927 G: 4.8e-07
 Step: 1125 E: -23.036444418927 G: 4.7e-07
 Step: 1126 E: -23.036444418927 G: 4.7e-07
 Step: 1127 E: -23.036444418927 G: 4.6e-07
 Step: 1128 E: -23.036444418927 G: 4.6e-07
 Step: 1129 E: -23.036444418927 G: 4.6e-07
 Step: 1130 E: -23.036444418927 G: 4.5e-07
 Step: 1131 E: -23.036444418927 G: 4.5e-07
 Step: 1132 E: -23.036444418927 G: 4.4e-07
 Step: 1133 E: -23.036444418927 G: 4.4e-07
 Step: 1134 E: -23.036444418927 G: 4.4e-07
 Step: 1135 E: -23.036444418927 G: 4.3e-07
 Step: 1136 E: -23.036444418927 G: 4.3e-07
 Step: 1137 E: -23.036444418927 G: 4.3e-07
 Step: 1138 E: -23.036444418927 G: 4.2e-07
 Step: 1139 E: -23.036444418927 G: 4.2e-07
 Step: 1140 E: -23.036444418927 G: 4.2e-07
 Step: 1141 E: -23.036444418927 G: 4.1e-07
 Step: 1142 E: -23.036444418927 G: 4.1e-07
 Step: 1143 E: -23.036444418927 G: 4.1e-07
 Step: 1144 E: -23.036444418927 G: 4.0e-07
 Step: 1145 E: -23.036444418927 G: 4.0e-07
 Step: 1146 E: -23.036444418927 G: 4.0e-07
 Step: 1147 E: -23.036444418927 G: 3.9e-07
 Step: 1148 E: -23.036444418927 G: 3.9e-07
 Step: 1149 E: -23.036444418927 G: 3.9e-07
 Step: 1150 E: -23.036444418927 G: 3.8e-07
 Step: 1151 E: -23.036444418927 G: 3.8e-07
 Step: 1152 E: -23.036444418927 G: 3.8e-07
 Step: 1153 E: -23.036444418927 G: 3.7e-07
 Step: 1154 E: -23.036444418927 G: 3.7e-07
 Step: 1155 E: -23.036444418927 G: 3.7e-07
 Step: 1156 E: -23.036444418927 G: 3.7e-07
 Step: 1157 E: -23.036444418927 G: 3.6e-07
 Step: 1158 E: -23.036444418927 G: 3.6e-07
 Step: 1159 E: -23.036444418927 G: 3.6e-07
 Step: 1160 E: -23.036444418927 G: 3.5e-07
 Step: 1161 E: -23.036444418927 G: 3.5e-07
 Step: 1162 E: -23.036444418927 G: 3.5e-07
 Step: 1163 E: -23.036444418927 G: 3.5e-07
 Step: 1164 E: -23.036444418927 G: 3.4e-07
 Step: 1165 E: -23.036444418928 G: 3.4e-07
 Step: 1166 E: -23.036444418928 G: 3.4e-07
 Step: 1167 E: -23.036444418928 G: 3.3e-07
 Step: 1168 E: -23.036444418928 G: 3.3e-07
 Step: 1169 E: -23.036444418928 G: 3.3e-07
 Step: 1170 E: -23.036444418928 G: 3.3e-07
 Step: 1171 E: -23.036444418928 G: 3.2e-07
 Step: 1172 E: -23.036444418928 G: 3.2e-07
 Step: 1173 E: -23.036444418928 G: 3.2e-07
 Step: 1174 E: -23.036444418928 G: 3.2e-07
 Step: 1175 E: -23.036444418928 G: 3.1e-07
 Step: 1176 E: -23.036444418928 G: 3.1e-07
 Step: 1177 E: -23.036444418928 G: 3.1e-07
 Step: 1178 E: -23.036444418928 G: 3.1e-07
 Step: 1179 E: -23.036444418928 G: 3.0e-07
 Step: 1180 E: -23.036444418928 G: 3.0e-07
 Step: 1181 E: -23.036444418928 G: 3.0e-07
 Step: 1182 E: -23.036444418928 G: 3.0e-07
 Step: 1183 E: -23.036444418928 G: 2.9e-07
 Step: 1184 E: -23.036444418928 G: 2.9e-07
 Step: 1185 E: -23.036444418928 G: 2.9e-07
 Step: 1186 E: -23.036444418928 G: 2.9e-07
 Step: 1187 E: -23.036444418928 G: 2.9e-07
 Step: 1188 E: -23.036444418928 G: 2.8e-07
 Step: 1189 E: -23.036444418928 G: 2.8e-07
 Step: 1190 E: -23.036444418928 G: 2.8e-07
 Step: 1191 E: -23.036444418928 G: 2.8e-07
 Step: 1192 E: -23.036444418928 G: 2.7e-07
 Step: 1193 E: -23.036444418928 G: 2.7e-07
 Step: 1194 E: -23.036444418928 G: 2.7e-07
 Step: 1195 E: -23.036444418928 G: 2.7e-07
 Step: 1196 E: -23.036444418928 G: 2.7e-07
 Step: 1197 E: -23.036444418928 G: 2.6e-07
 Step: 1198 E: -23.036444418928 G: 2.6e-07
 Step: 1199 E: -23.036444418928 G: 2.6e-07
 Step: 1200 E: -23.036444418928 G: 2.6e-07
 Step: 1201 E: -23.036444418928 G: 2.6e-07
 Step: 1202 E: -23.036444418928 G: 2.5e-07
 Step: 1203 E: -23.036444418928 G: 2.5e-07
 Step: 1204 E: -23.036444418928 G: 2.5e-07
 Step: 1205 E: -23.036444418928 G: 2.5e-07
 Step: 1206 E: -23.036444418928 G: 2.5e-07
 Step: 1207 E: -23.036444418928 G: 2.4e-07
 Step: 1208 E: -23.036444418928 G: 2.4e-07
 Step: 1209 E: -23.036444418928 G: 2.4e-07
 Step: 1210 E: -23.036444418928 G: 2.4e-07
 Step: 1211 E: -23.036444418928 G: 2.4e-07
 Step: 1212 E: -23.036444418928 G: 2.3e-07
 Step: 1213 E: -23.036444418928 G: 2.3e-07
 Step: 1214 E: -23.036444418928 G: 2.3e-07
 Step: 1215 E: -23.036444418928 G: 2.3e-07
 Step: 1216 E: -23.036444418928 G: 2.3e-07
 Step: 1217 E: -23.036444418928 G: 2.3e-07
 Step: 1218 E: -23.036444418928 G: 2.2e-07
 Step: 1219 E: -23.036444418928 G: 2.2e-07
 Step: 1220 E: -23.036444418928 G: 2.2e-07
 Step: 1221 E: -23.036444418928 G: 2.2e-07
 Step: 1222 E: -23.036444418928 G: 2.2e-07
 Step: 1223 E: -23.036444418928 G: 2.2e-07
 Step: 1224 E: -23.036444418928 G: 2.1e-07
 Step: 1225 E: -23.036444418928 G: 2.1e-07
 Step: 1226 E: -23.036444418928 G: 2.1e-07
 Step: 1227 E: -23.036444418928 G: 2.1e-07
 Step: 1228 E: -23.036444418928 G: 2.1e-07
 Step: 1229 E: -23.036444418928 G: 2.1e-07
 Step: 1230 E: -23.036444418928 G: 2.0e-07
 Step: 1231 E: -23.036444418928 G: 2.0e-07
 Step: 1232 E: -23.036444418928 G: 2.0e-07
 Step: 1233 E: -23.036444418928 G: 2.0e-07
 Step: 1234 E: -23.036444418928 G: 2.0e-07
 Step: 1235 E: -23.036444418928 G: 2.0e-07
 Step: 1236 E: -23.036444418928 G: 2.0e-07
 Step: 1237 E: -23.036444418928 G: 1.9e-07
 Step: 1238 E: -23.036444418928 G: 1.9e-07
 Step: 1239 E: -23.036444418928 G: 1.9e-07
 Step: 1240 E: -23.036444418928 G: 1.9e-07
 Step: 1241 E: -23.036444418928 G: 1.9e-07
 Step: 1242 E: -23.036444418928 G: 1.9e-07
 Step: 1243 E: -23.036444418928 G: 1.9e-07
 Step: 1244 E: -23.036444418928 G: 1.8e-07
 Step: 1245 E: -23.036444418928 G: 1.8e-07
 Step: 1246 E: -23.036444418928 G: 1.8e-07
 Step: 1247 E: -23.036444418928 G: 1.8e-07
 Step: 1248 E: -23.036444418928 G: 1.8e-07
 Step: 1249 E: -23.036444418928 G: 1.8e-07
 Step: 1250 E: -23.036444418928 G: 1.8e-07
 Step: 1251 E: -23.036444418928 G: 1.7e-07
 Step: 1252 E: -23.036444418928 G: 1.7e-07
 Step: 1253 E: -23.036444418928 G: 1.7e-07
 Step: 1254 E: -23.036444418928 G: 1.7e-07
 Step: 1255 E: -23.036444418928 G: 1.7e-07
 Step: 1256 E: -23.036444418928 G: 1.7e-07
 Step: 1257 E: -23.036444418928 G: 1.7e-07
 Step: 1258 E: -23.036444418928 G: 1.7e-07
 Step: 1259 E: -23.036444418928 G: 1.6e-07
 Step: 1260 E: -23.036444418928 G: 1.6e-07
 Step: 1261 E: -23.036444418928 G: 1.6e-07
 Step: 1262 E: -23.036444418928 G: 1.6e-07
 Step: 1263 E: -23.036444418928 G: 1.6e-07
 Step: 1264 E: -23.036444418928 G: 1.6e-07
 Step: 1265 E: -23.036444418928 G: 1.6e-07
 Step: 1266 E: -23.036444418928 G: 1.6e-07
 Step: 1267 E: -23.036444418928 G: 1.6e-07
 Step: 1268 E: -23.036444418928 G: 1.5e-07
 Step: 1269 E: -23.036444418928 G: 1.5e-07
 Step: 1270 E: -23.036444418928 G: 1.5e-07
 Step: 1271 E: -23.036444418928 G: 1.5e-07
 Step: 1272 E: -23.036444418928 G: 1.5e-07
 Step: 1273 E: -23.036444418928 G: 1.5e-07
 Step: 1274 E: -23.036444418928 G: 1.5e-07
 Step: 1275 E: -23.036444418928 G: 1.5e-07
 Step: 1276 E: -23.036444418928 G: 1.5e-07
 Step: 1277 E: -23.036444418928 G: 1.4e-07
 Step: 1278 E: -23.036444418928 G: 1.4e-07
 Step: 1279 E: -23.036444418928 G: 1.4e-07
 Step: 1280 E: -23.036444418928 G: 1.4e-07
 Step: 1281 E: -23.036444418928 G: 1.4e-07
 Step: 1282 E: -23.036444418928 G: 1.4e-07
 Step: 1283 E: -23.036444418928 G: 1.4e-07
 Step: 1284 E: -23.036444418928 G: 1.4e-07
 Step: 1285 E: -23.036444418928 G: 1.4e-07
 Step: 1286 E: -23.036444418928 G: 1.4e-07
 Step: 1287 E: -23.036444418928 G: 1.3e-07
 Step: 1288 E: -23.036444418928 G: 1.3e-07
 Step: 1289 E: -23.036444418928 G: 1.3e-07
 Step: 1290 E: -23.036444418928 G: 1.3e-07
 Step: 1291 E: -23.036444418928 G: 1.3e-07
 Step: 1292 E: -23.036444418928 G: 1.3e-07
 Step: 1293 E: -23.036444418928 G: 1.3e-07
 Step: 1294 E: -23.036444418928 G: 1.3e-07
 Step: 1295 E: -23.036444418928 G: 1.3e-07
 Step: 1296 E: -23.036444418928 G: 1.3e-07
 Step: 1297 E: -23.036444418928 G: 1.3e-07
 Step: 1298 E: -23.036444418928 G: 1.2e-07
 Step: 1299 E: -23.036444418928 G: 1.2e-07
 Step: 1300 E: -23.036444418928 G: 1.2e-07
 Step: 1301 E: -23.036444418928 G: 1.2e-07
 Step: 1302 E: -23.036444418928 G: 1.2e-07
 Step: 1303 E: -23.036444418928 G: 1.2e-07
 Step: 1304 E: -23.036444418928 G: 1.2e-07
 Step: 1305 E: -23.036444418928 G: 1.2e-07
 Step: 1306 E: -23.036444418928 G: 1.2e-07
 Step: 1307 E: -23.036444418928 G: 1.2e-07
 Step: 1308 E: -23.036444418928 G: 1.2e-07
 Step: 1309 E: -23.036444418928 G: 1.2e-07
 Step: 1310 E: -23.036444418928 G: 1.1e-07
 Step: 1311 E: -23.036444418928 G: 1.1e-07
 Step: 1312 E: -23.036444418928 G: 1.1e-07
 Step: 1313 E: -23.036444418928 G: 1.1e-07
 Step: 1314 E: -23.036444418928 G: 1.1e-07
 Step: 1315 E: -23.036444418928 G: 1.1e-07
 Step: 1316 E: -23.036444418928 G: 1.1e-07
 Step: 1317 E: -23.036444418928 G: 1.1e-07
 Step: 1318 E: -23.036444418928 G: 1.1e-07
 Step: 1319 E: -23.036444418928 G: 1.1e-07
 Step: 1320 E: -23.036444418928 G: 1.1e-07
 Step: 1321 E: -23.036444418928 G: 1.1e-07
 Step: 1322 E: -23.036444418928 G: 1.1e-07
 Step: 1323 E: -23.036444418928 G: 1.0e-07
 Step: 1324 E: -23.036444418928 G: 1.0e-07
 Step: 1325 E: -23.036444418928 G: 1.0e-07
 Step: 1326 E: -23.036444418928 G: 1.0e-07
 Step: 1327 E: -23.036444418928 G: 1.0e-07
 Step: 1328 E: -23.036444418928 G: 1.0e-07
 Step: 1329 E: -23.036444418928 G: 1.0e-07
 Step: 1330 E: -23.036444418928 G: 1.0e-07
 Step: 1331 E: -23.036444418928 G: 9.9e-08
 Step: 1332 E: -23.036444418928 G: 9.9e-08
 Step: 1333 E: -23.036444418928 G: 9.8e-08
 Step: 1334 E: -23.036444418928 G: 9.7e-08
 Step: 1335 E: -23.036444418928 G: 9.7e-08
 Step: 1336 E: -23.036444418928 G: 9.6e-08
 Step: 1337 E: -23.036444418928 G: 9.6e-08
 Step: 1338 E: -23.036444418928 G: 9.5e-08
 Step: 1339 E: -23.036444418928 G: 9.4e-08
 Step: 1340 E: -23.036444418928 G: 9.4e-08
 Step: 1341 E: -23.036444418928 G: 9.3e-08
 Step: 1342 E: -23.036444418928 G: 9.2e-08
 Step: 1343 E: -23.036444418928 G: 9.2e-08
 Step: 1344 E: -23.036444418928 G: 9.1e-08
 Step: 1345 E: -23.036444418928 G: 9.1e-08
 Step: 1346 E: -23.036444418928 G: 9.0e-08
 Step: 1347 E: -23.036444418928 G: 8.9e-08
 Step: 1348 E: -23.036444418928 G: 8.9e-08
 Step: 1349 E: -23.036444418928 G: 8.8e-08
 Step: 1350 E: -23.036444418928 G: 8.8e-08
 Step: 1351 E: -23.036444418928 G: 8.7e-08
 Step: 1352 E: -23.036444418928 G: 8.7e-08
 Step: 1353 E: -23.036444418928 G: 8.6e-08
 Step: 1354 E: -23.036444418928 G: 8.5e-08
 Step: 1355 E: -23.036444418928 G: 8.5e-08
 Step: 1356 E: -23.036444418928 G: 8.4e-08
 Step: 1357 E: -23.036444418928 G: 8.4e-08
 Step: 1358 E: -23.036444418928 G: 8.3e-08
 Step: 1359 E: -23.036444418928 G: 8.3e-08
 Step: 1360 E: -23.036444418928 G: 8.2e-08
 Step: 1361 E: -23.036444418928 G: 8.2e-08
 Step: 1362 E: -23.036444418928 G: 8.1e-08
 Step: 1363 E: -23.036444418928 G: 8.1e-08
 Step: 1364 E: -23.036444418928 G: 8.0e-08
 Step: 1365 E: -23.036444418928 G: 8.0e-08
 Step: 1366 E: -23.036444418928 G: 7.9e-08
 Step: 1367 E: -23.036444418928 G: 7.9e-08
 Step: 1368 E: -23.036444418928 G: 7.8e-08
 Step: 1369 E: -23.036444418928 G: 7.8e-08
 Step: 1370 E: -23.036444418928 G: 7.7e-08
 Step: 1371 E: -23.036444418928 G: 7.7e-08
 Step: 1372 E: -23.036444418928 G: 7.6e-08
 Step: 1373 E: -23.036444418928 G: 7.6e-08
 Step: 1374 E: -23.036444418928 G: 7.5e-08
 Step: 1375 E: -23.036444418928 G: 7.5e-08
 Step: 1376 E: -23.036444418928 G: 7.4e-08
 Step: 1377 E: -23.036444418928 G: 7.4e-08
 Step: 1378 E: -23.036444418928 G: 7.3e-08
 Step: 1379 E: -23.036444418928 G: 7.3e-08
 Step: 1380 E: -23.036444418928 G: 7.2e-08
 Step: 1381 E: -23.036444418928 G: 7.2e-08
 Step: 1382 E: -23.036444418928 G: 7.2e-08
 Step: 1383 E: -23.036444418928 G: 7.1e-08
 Step: 1384 E: -23.036444418928 G: 7.1e-08
 Step: 1385 E: -23.036444418928 G: 7.0e-08
 Step: 1386 E: -23.036444418928 G: 7.0e-08
 Step: 1387 E: -23.036444418928 G: 6.9e-08
 Step: 1388 E: -23.036444418928 G: 6.9e-08
 Step: 1389 E: -23.036444418928 G: 6.8e-08
 Step: 1390 E: -23.036444418928 G: 6.8e-08
 Step: 1391 E: -23.036444418928 G: 6.8e-08
 Step: 1392 E: -23.036444418928 G: 6.7e-08
 Step: 1393 E: -23.036444418928 G: 6.7e-08
 Step: 1394 E: -23.036444418928 G: 6.6e-08
 Step: 1395 E: -23.036444418928 G: 6.6e-08
 Step: 1396 E: -23.036444418928 G: 6.6e-08
 Step: 1397 E: -23.036444418928 G: 6.5e-08
 Step: 1398 E: -23.036444418928 G: 6.5e-08
 Step: 1399 E: -23.036444418928 G: 6.4e-08
 Step: 1400 E: -23.036444418928 G: 6.4e-08
 Step: 1401 E: -23.036444418928 G: 6.4e-08
 Step: 1402 E: -23.036444418928 G: 6.3e-08
 Step: 1403 E: -23.036444418928 G: 6.3e-08
 Step: 1404 E: -23.036444418928 G: 6.2e-08
 Step: 1405 E: -23.036444418928 G: 6.2e-08
 Step: 1406 E: -23.036444418928 G: 6.2e-08
 Step: 1407 E: -23.036444418928 G: 6.1e-08
 Step: 1408 E: -23.036444418928 G: 6.1e-08
 Step: 1409 E: -23.036444418928 G: 6.1e-08
 Step: 1410 E: -23.036444418928 G: 6.0e-08
 Step: 1411 E: -23.036444418928 G: 6.0e-08
 Step: 1412 E: -23.036444418928 G: 6.0e-08
 Step: 1413 E: -23.036444418928 G: 5.9e-08
 Step: 1414 E: -23.036444418928 G: 5.9e-08
 Step: 1415 E: -23.036444418928 G: 5.8e-08
 Step: 1416 E: -23.036444418928 G: 5.8e-08
 Step: 1417 E: -23.036444418928 G: 5.8e-08
 Step: 1418 E: -23.036444418928 G: 5.7e-08
 Step: 1419 E: -23.036444418928 G: 5.7e-08
 Step: 1420 E: -23.036444418928 G: 5.7e-08
 Step: 1421 E: -23.036444418928 G: 5.6e-08
 Step: 1422 E: -23.036444418928 G: 5.6e-08
 Step: 1423 E: -23.036444418928 G: 5.6e-08
 Step: 1424 E: -23.036444418928 G: 5.5e-08
 Step: 1425 E: -23.036444418928 G: 5.5e-08
 Step: 1426 E: -23.036444418928 G: 5.5e-08
 Step: 1427 E: -23.036444418928 G: 5.4e-08
 Step: 1428 E: -23.036444418928 G: 5.4e-08
 Step: 1429 E: -23.036444418928 G: 5.4e-08
 Step: 1430 E: -23.036444418928 G: 5.4e-08
 Step: 1431 E: -23.036444418928 G: 5.3e-08
 Step: 1432 E: -23.036444418928 G: 5.3e-08
 Step: 1433 E: -23.036444418928 G: 5.3e-08
 Step: 1434 E: -23.036444418928 G: 5.2e-08
 Step: 1435 E: -23.036444418928 G: 5.2e-08
 Step: 1436 E: -23.036444418928 G: 5.2e-08
 Step: 1437 E: -23.036444418928 G: 5.1e-08
 Step: 1438 E: -23.036444418928 G: 5.1e-08
 Step: 1439 E: -23.036444418928 G: 5.1e-08
 Step: 1440 E: -23.036444418928 G: 5.0e-08
 Step: 1441 E: -23.036444418928 G: 5.0e-08
 Step: 1442 E: -23.036444418928 G: 5.0e-08
 Step: 1443 E: -23.036444418928 G: 5.0e-08
 Step: 1444 E: -23.036444418928 G: 4.9e-08
 Step: 1445 E: -23.036444418928 G: 4.9e-08
 Step: 1446 E: -23.036444418928 G: 4.9e-08
 Step: 1447 E: -23.036444418928 G: 4.8e-08
 Step: 1448 E: -23.036444418928 G: 4.8e-08
 Step: 1449 E: -23.036444418928 G: 4.8e-08
 Step: 1450 E: -23.036444418928 G: 4.8e-08
 Step: 1451 E: -23.036444418928 G: 4.7e-08
 Step: 1452 E: -23.036444418928 G: 4.7e-08
 Step: 1453 E: -23.036444418928 G: 4.7e-08
 Step: 1454 E: -23.036444418928 G: 4.7e-08
 Step: 1455 E: -23.036444418928 G: 4.6e-08
 Step: 1456 E: -23.036444418928 G: 4.6e-08
 Step: 1457 E: -23.036444418928 G: 4.6e-08
 Step: 1458 E: -23.036444418928 G: 4.6e-08
 Step: 1459 E: -23.036444418928 G: 4.5e-08
 Step: 1460 E: -23.036444418928 G: 4.5e-08
 Step: 1461 E: -23.036444418928 G: 4.5e-08
 Step: 1462 E: -23.036444418928 G: 4.5e-08
 Step: 1463 E: -23.036444418928 G: 4.4e-08
 Step: 1464 E: -23.036444418928 G: 4.4e-08
 Step: 1465 E: -23.036444418928 G: 4.4e-08
 Step: 1466 E: -23.036444418928 G: 4.4e-08
 Step: 1467 E: -23.036444418928 G: 4.3e-08
 Step: 1468 E: -23.036444418928 G: 4.3e-08
 Step: 1469 E: -23.036444418928 G: 4.3e-08
 Step: 1470 E: -23.036444418928 G: 4.3e-08
 Step: 1471 E: -23.036444418928 G: 4.2e-08
 Step: 1472 E: -23.036444418928 G: 4.2e-08
 Step: 1473 E: -23.036444418928 G: 4.2e-08
 Step: 1474 E: -23.036444418928 G: 4.2e-08
 Step: 1475 E: -23.036444418928 G: 4.1e-08
 Step: 1476 E: -23.036444418928 G: 4.1e-08
 Step: 1477 E: -23.036444418928 G: 4.1e-08
 Step: 1478 E: -23.036444418928 G: 4.1e-08
 Step: 1479 E: -23.036444418928 G: 4.0e-08
 Step: 1480 E: -23.036444418928 G: 4.0e-08
 Step: 1481 E: -23.036444418928 G: 4.0e-08
 Step: 1482 E: -23.036444418928 G: 4.0e-08
 Step: 1483 E: -23.036444418928 G: 4.0e-08
 Step: 1484 E: -23.036444418928 G: 3.9e-08
 Step: 1485 E: -23.036444418928 G: 3.9e-08
 Step: 1486 E: -23.036444418928 G: 3.9e-08
 Step: 1487 E: -23.036444418928 G: 3.9e-08
 Step: 1488 E: -23.036444418928 G: 3.9e-08
 Step: 1489 E: -23.036444418928 G: 3.8e-08
 Step: 1490 E: -23.036444418928 G: 3.8e-08
 Step: 1491 E: -23.036444418928 G: 3.8e-08
 Step: 1492 E: -23.036444418928 G: 3.8e-08
 Step: 1493 E: -23.036444418928 G: 3.7e-08
 Step: 1494 E: -23.036444418928 G: 3.7e-08
 Step: 1495 E: -23.036444418928 G: 3.7e-08
 Step: 1496 E: -23.036444418928 G: 3.7e-08
 Step: 1497 E: -23.036444418928 G: 3.7e-08
 Step: 1498 E: -23.036444418928 G: 3.6e-08
 Step: 1499 E: -23.036444418928 G: 3.6e-08
 Step: 1500 E: -23.036444418928 G: 3.6e-08
 Step: 1501 E: -23.036444418928 G: 3.6e-08
 Step: 1502 E: -23.036444418928 G: 3.6e-08
 Step: 1503 E: -23.036444418928 G: 3.5e-08
 Step: 1504 E: -23.036444418928 G: 3.5e-08
 Step: 1505 E: -23.036444418928 G: 3.5e-08
 Step: 1506 E: -23.036444418928 G: 3.5e-08
 Step: 1507 E: -23.036444418928 G: 3.5e-08
 Step: 1508 E: -23.036444418928 G: 3.5e-08
 Step: 1509 E: -23.036444418928 G: 3.4e-08
 Step: 1510 E: -23.036444418928 G: 3.4e-08
 Step: 1511 E: -23.036444418928 G: 3.4e-08
 Step: 1512 E: -23.036444418928 G: 3.4e-08
 Step: 1513 E: -23.036444418928 G: 3.4e-08
 Step: 1514 E: -23.036444418928 G: 3.3e-08
 Step: 1515 E: -23.036444418928 G: 3.3e-08
 Step: 1516 E: -23.036444418928 G: 3.3e-08
 Step: 1517 E: -23.036444418928 G: 3.3e-08
 Step: 1518 E: -23.036444418928 G: 3.3e-08
 Step: 1519 E: -23.036444418928 G: 3.3e-08
 Step: 1520 E: -23.036444418928 G: 3.2e-08
 Step: 1521 E: -23.036444418928 G: 3.2e-08
 Step: 1522 E: -23.036444418928 G: 3.2e-08
 Step: 1523 E: -23.036444418928 G: 3.2e-08
 Step: 1524 E: -23.036444418928 G: 3.2e-08
 Step: 1525 E: -23.036444418928 G: 3.2e-08
 Step: 1526 E: -23.036444418928 G: 3.1e-08
 Step: 1527 E: -23.036444418928 G: 3.1e-08
 Step: 1528 E: -23.036444418928 G: 3.1e-08
 Step: 1529 E: -23.036444418928 G: 3.1e-08
 Step: 1530 E: -23.036444418928 G: 3.1e-08
 Step: 1531 E: -23.036444418928 G: 3.1e-08
 Step: 1532 E: -23.036444418928 G: 3.0e-08
 Step: 1533 E: -23.036444418928 G: 3.0e-08
 Step: 1534 E: -23.036444418928 G: 3.0e-08
 Step: 1535 E: -23.036444418928 G: 3.0e-08
 Step: 1536 E: -23.036444418928 G: 3.0e-08
 Step: 1537 E: -23.036444418928 G: 3.0e-08
 Step: 1538 E: -23.036444418928 G: 2.9e-08
 Step: 1539 E: -23.036444418928 G: 2.9e-08
 Step: 1540 E: -23.036444418928 G: 2.9e-08
 Step: 1541 E: -23.036444418928 G: 2.9e-08
 Step: 1542 E: -23.036444418928 G: 2.9e-08
 Step: 1543 E: -23.036444418928 G: 2.9e-08
 Step: 1544 E: -23.036444418928 G: 2.9e-08
 Step: 1545 E: -23.036444418928 G: 2.8e-08
 Step: 1546 E: -23.036444418928 G: 2.8e-08
 Step: 1547 E: -23.036444418928 G: 2.8e-08
 Step: 1548 E: -23.036444418928 G: 2.8e-08
 Step: 1549 E: -23.036444418928 G: 2.8e-08
 Step: 1550 E: -23.036444418928 G: 2.8e-08
 Step: 1551 E: -23.036444418928 G: 2.8e-08
 Step: 1552 E: -23.036444418928 G: 2.7e-08
 Step: 1553 E: -23.036444418928 G: 2.7e-08
 Step: 1554 E: -23.036444418928 G: 2.7e-08
 Step: 1555 E: -23.036444418928 G: 2.7e-08
 Step: 1556 E: -23.036444418928 G: 2.7e-08
 Step: 1557 E: -23.036444418928 G: 2.7e-08
 Step: 1558 E: -23.036444418928 G: 2.7e-08
 Step: 1559 E: -23.036444418928 G: 2.6e-08
 Step: 1560 E: -23.036444418928 G: 2.6e-08
 Step: 1561 E: -23.036444418928 G: 2.6e-08
 Step: 1562 E: -23.036444418928 G: 2.6e-08
 Step: 1563 E: -23.036444418928 G: 2.6e-08
 Step: 1564 E: -23.036444418928 G: 2.6e-08
 Step: 1565 E: -23.036444418928 G: 2.6e-08
 Step: 1566 E: -23.036444418928 G: 2.5e-08
 Step: 1567 E: -23.036444418928 G: 2.5e-08
 Step: 1568 E: -23.036444418928 G: 2.5e-08
 Step: 1569 E: -23.036444418928 G: 2.5e-08
 Step: 1570 E: -23.036444418928 G: 2.5e-08
 Step: 1571 E: -23.036444418928 G: 2.5e-08
 Step: 1572 E: -23.036444418928 G: 2.5e-08
 Step: 1573 E: -23.036444418928 G: 2.5e-08
 Step: 1574 E: -23.036444418928 G: 2.4e-08
 Step: 1575 E: -23.036444418928 G: 2.4e-08
 Step: 1576 E: -23.036444418928 G: 2.4e-08
 Step: 1577 E: -23.036444418928 G: 2.4e-08
 Step: 1578 E: -23.036444418928 G: 2.4e-08
 Step: 1579 E: -23.036444418928 G: 2.4e-08
 Step: 1580 E: -23.036444418928 G: 2.4e-08
 Step: 1581 E: -23.036444418928 G: 2.4e-08
 Step: 1582 E: -23.036444418928 G: 2.3e-08
 Step: 1583 E: -23.036444418928 G: 2.3e-08
 Step: 1584 E: -23.036444418928 G: 2.3e-08
 Step: 1585 E: -23.036444418928 G: 2.3e-08
 Step: 1586 E: -23.036444418928 G: 2.3e-08
 Step: 1587 E: -23.036444418928 G: 2.3e-08
 Step: 1588 E: -23.036444418928 G: 2.3e-08
 Step: 1589 E: -23.036444418928 G: 2.3e-08
 Step: 1590 E: -23.036444418928 G: 2.3e-08
 Step: 1591 E: -23.036444418928 G: 2.2e-08
 Step: 1592 E: -23.036444418928 G: 2.2e-08
 Step: 1593 E: -23.036444418928 G: 2.2e-08
 Step: 1594 E: -23.036444418928 G: 2.2e-08
 Step: 1595 E: -23.036444418928 G: 2.2e-08
 Step: 1596 E: -23.036444418928 G: 2.2e-08
 Step: 1597 E: -23.036444418928 G: 2.2e-08
 Step: 1598 E: -23.036444418928 G: 2.2e-08
 Step: 1599 E: -23.036444418928 G: 2.2e-08
 Step: 1600 E: -23.036444418928 G: 2.1e-08
 Step: 1601 E: -23.036444418928 G: 2.1e-08
 Step: 1602 E: -23.036444418928 G: 2.1e-08
 Step: 1603 E: -23.036444418928 G: 2.1e-08
 Step: 1604 E: -23.036444418928 G: 2.1e-08
 Step: 1605 E: -23.036444418928 G: 2.1e-08
 Step: 1606 E: -23.036444418928 G: 2.1e-08
 Step: 1607 E: -23.036444418928 G: 2.1e-08
 Step: 1608 E: -23.036444418928 G: 2.1e-08
 Step: 1609 E: -23.036444418928 G: 2.0e-08
 Step: 1610 E: -23.036444418928 G: 2.0e-08
 Step: 1611 E: -23.036444418928 G: 2.0e-08
 Step: 1612 E: -23.036444418928 G: 2.0e-08
 Step: 1613 E: -23.036444418928 G: 2.0e-08
 Step: 1614 E: -23.036444418928 G: 2.0e-08
 Step: 1615 E: -23.036444418928 G: 2.0e-08
 Step: 1616 E: -23.036444418928 G: 2.0e-08
 Step: 1617 E: -23.036444418928 G: 2.0e-08
 Step: 1618 E: -23.036444418928 G: 2.0e-08
 Step: 1619 E: -23.036444418928 G: 1.9e-08
 Step: 1620 E: -23.036444418928 G: 1.9e-08
 Step: 1621 E: -23.036444418928 G: 1.9e-08
 Step: 1622 E: -23.036444418928 G: 1.9e-08
 Step: 1623 E: -23.036444418928 G: 1.9e-08
 Step: 1624 E: -23.036444418928 G: 1.9e-08
 Step: 1625 E: -23.036444418928 G: 1.9e-08
 Step: 1626 E: -23.036444418928 G: 1.9e-08
 Step: 1627 E: -23.036444418928 G: 1.9e-08
 Step: 1628 E: -23.036444418928 G: 1.9e-08
 Step: 1629 E: -23.036444418928 G: 1.9e-08
 Step: 1630 E: -23.036444418928 G: 1.8e-08
 Step: 1631 E: -23.036444418928 G: 1.8e-08
 Step: 1632 E: -23.036444418928 G: 1.8e-08
 Step: 1633 E: -23.036444418928 G: 1.8e-08
 Step: 1634 E: -23.036444418928 G: 1.8e-08
 Step: 1635 E: -23.036444418928 G: 1.8e-08
 Step: 1636 E: -23.036444418928 G: 1.8e-08
 Step: 1637 E: -23.036444418928 G: 1.8e-08
 Step: 1638 E: -23.036444418928 G: 1.8e-08
 Step: 1639 E: -23.036444418928 G: 1.8e-08
 Step: 1640 E: -23.036444418928 G: 1.8e-08
 Step: 1641 E: -23.036444418928 G: 1.7e-08
 Step: 1642 E: -23.036444418928 G: 1.7e-08
 Step: 1643 E: -23.036444418928 G: 1.7e-08
 Step: 1644 E: -23.036444418928 G: 1.7e-08
 Step: 1645 E: -23.036444418928 G: 1.7e-08
 Step: 1646 E: -23.036444418928 G: 1.7e-08
 Step: 1647 E: -23.036444418928 G: 1.7e-08
 Step: 1648 E: -23.036444418928 G: 1.7e-08
 Step: 1649 E: -23.036444418928 G: 1.7e-08
 Step: 1650 E: -23.036444418928 G: 1.7e-08
 Step: 1651 E: -23.036444418928 G: 1.7e-08
 Step: 1652 E: -23.036444418928 G: 1.7e-08
 Step: 1653 E: -23.036444418928 G: 1.6e-08
 Step: 1654 E: -23.036444418928 G: 1.6e-08
 Step: 1655 E: -23.036444418928 G: 1.6e-08
 Step: 1656 E: -23.036444418928 G: 1.6e-08
 Step: 1657 E: -23.036444418928 G: 1.6e-08
 Step: 1658 E: -23.036444418928 G: 1.6e-08
 Step: 1659 E: -23.036444418928 G: 1.6e-08
 Step: 1660 E: -23.036444418928 G: 1.6e-08
 Step: 1661 E: -23.036444418928 G: 1.6e-08
 Step: 1662 E: -23.036444418928 G: 1.6e-08
 Step: 1663 E: -23.036444418928 G: 1.6e-08
 Step: 1664 E: -23.036444418928 G: 1.6e-08
 Step: 1665 E: -23.036444418928 G: 1.6e-08
 Step: 1666 E: -23.036444418928 G: 1.5e-08
 Step: 1667 E: -23.036444418928 G: 1.5e-08
 Step: 1668 E: -23.036444418928 G: 1.5e-08
 Step: 1669 E: -23.036444418928 G: 1.5e-08
 Step: 1670 E: -23.036444418928 G: 1.5e-08
 Step: 1671 E: -23.036444418928 G: 1.5e-08
 Step: 1672 E: -23.036444418928 G: 1.5e-08
 Step: 1673 E: -23.036444418928 G: 1.5e-08
 Step: 1674 E: -23.036444418928 G: 1.5e-08
 Step: 1675 E: -23.036444418928 G: 1.5e-08
 Step: 1676 E: -23.036444418928 G: 1.5e-08
 Step: 1677 E: -23.036444418928 G: 1.5e-08
 Step: 1678 E: -23.036444418928 G: 1.5e-08
 Step: 1679 E: -23.036444418928 G: 1.4e-08
 Step: 1680 E: -23.036444418928 G: 1.4e-08
 Step: 1681 E: -23.036444418928 G: 1.4e-08
 Step: 1682 E: -23.036444418928 G: 1.4e-08
 Step: 1683 E: -23.036444418928 G: 1.4e-08
 Step: 1684 E: -23.036444418928 G: 1.4e-08
 Step: 1685 E: -23.036444418928 G: 1.4e-08
 Step: 1686 E: -23.036444418928 G: 1.4e-08
 Step: 1687 E: -23.036444418928 G: 1.4e-08
 Step: 1688 E: -23.036444418928 G: 1.4e-08
 Step: 1689 E: -23.036444418928 G: 1.4e-08
 Step: 1690 E: -23.036444418928 G: 1.4e-08
 Step: 1691 E: -23.036444418928 G: 1.4e-08
 Step: 1692 E: -23.036444418928 G: 1.4e-08
 Step: 1693 E: -23.036444418928 G: 1.4e-08
 Step: 1694 E: -23.036444418928 G: 1.3e-08
 Step: 1695 E: -23.036444418928 G: 1.3e-08
 Step: 1696 E: -23.036444418928 G: 1.3e-08
 Step: 1697 E: -23.036444418928 G: 1.3e-08
 Step: 1698 E: -23.036444418928 G: 1.3e-08
 Step: 1699 E: -23.036444418928 G: 1.3e-08
 Step: 1700 E: -23.036444418928 G: 1.3e-08
 Step: 1701 E: -23.036444418928 G: 1.3e-08
 Step: 1702 E: -23.036444418928 G: 1.3e-08
 Step: 1703 E: -23.036444418928 G: 1.3e-08
 Step: 1704 E: -23.036444418928 G: 1.3e-08
 Step: 1705 E: -23.036444418928 G: 1.3e-08
 Step: 1706 E: -23.036444418928 G: 1.3e-08
 Step: 1707 E: -23.036444418928 G: 1.3e-08
 Step: 1708 E: -23.036444418928 G: 1.3e-08
 Step: 1709 E: -23.036444418928 G: 1.3e-08
 Step: 1710 E: -23.036444418928 G: 1.2e-08
 Step: 1711 E: -23.036444418928 G: 1.2e-08
 Step: 1712 E: -23.036444418928 G: 1.2e-08
 Step: 1713 E: -23.036444418928 G: 1.2e-08
 Step: 1714 E: -23.036444418928 G: 1.2e-08
 Step: 1715 E: -23.036444418928 G: 1.2e-08
 Step: 1716 E: -23.036444418928 G: 1.2e-08
 Step: 1717 E: -23.036444418928 G: 1.2e-08
 Step: 1718 E: -23.036444418928 G: 1.2e-08
 Step: 1719 E: -23.036444418928 G: 1.2e-08
 Step: 1720 E: -23.036444418928 G: 1.2e-08
 Step: 1721 E: -23.036444418928 G: 1.2e-08
 Step: 1722 E: -23.036444418928 G: 1.2e-08
 Step: 1723 E: -23.036444418928 G: 1.2e-08
 Step: 1724 E: -23.036444418928 G: 1.2e-08
 Step: 1725 E: -23.036444418928 G: 1.2e-08
 Step: 1726 E: -23.036444418928 G: 1.2e-08
 Step: 1727 E: -23.036444418928 G: 1.1e-08
 Step: 1728 E: -23.036444418928 G: 1.1e-08
 Step: 1729 E: -23.036444418928 G: 1.1e-08
 Step: 1730 E: -23.036444418928 G: 1.1e-08
 Step: 1731 E: -23.036444418928 G: 1.1e-08
 Step: 1732 E: -23.036444418928 G: 1.1e-08
 Step: 1733 E: -23.036444418928 G: 1.1e-08
 Step: 1734 E: -23.036444418928 G: 1.1e-08
 Step: 1735 E: -23.036444418928 G: 1.1e-08
 Step: 1736 E: -23.036444418928 G: 1.1e-08
 Step: 1737 E: -23.036444418928 G: 1.1e-08
 Step: 1738 E: -23.036444418928 G: 1.1e-08
 Step: 1739 E: -23.036444418928 G: 1.1e-08
 Step: 1740 E: -23.036444418928 G: 1.1e-08
 Step: 1741 E: -23.036444418928 G: 1.1e-08
 Step: 1742 E: -23.036444418928 G: 1.1e-08
 Step: 1743 E: -23.036444418928 G: 1.1e-08
 Step: 1744 E: -23.036444418928 G: 1.1e-08
 Step: 1745 E: -23.036444418928 G: 1.1e-08
 Step: 1746 E: -23.036444418928 G: 1.0e-08
 Step: 1747 E: -23.036444418928 G: 1.0e-08
 Step: 1748 E: -23.036444418928 G: 1.0e-08
 Step: 1749 E: -23.036444418928 G: 1.0e-08
 Step: 1750 E: -23.036444418928 G: 1.0e-08
 Step: 1751 E: -23.036444418928 G: 1.0e-08
 Step: 1752 E: -23.036444418928 G: 1.0e-08
 Step: 1753 E: -23.036444418928 G: 1.0e-08
 Step: 1754 E: -23.036444418928 G: 1.0e-08
 Step: 1755 E: -23.036444418928 G: 1.0e-08
 Step: 1756 E: -23.036444418928 G: 1.0e-08
*Step: 1757 E: -23.036444418928 G: 1.0e-08
418.453719 seconds (64.94 M allocations: 357.971 GiB, 8.50% gc time)
 Solve OO-CMF with DIIS
 ooCMF Iter:    1 Total= -23.031979193686 G=    2.870e-01 #SS:    1
 ooCMF Iter:    2 Total= -23.035641408320 G=    5.537e-02 #SS:    2
 ooCMF Iter:    3 Total= -23.035787805027 G=    1.185e-02 #SS:    3
 ooCMF Iter:    4 Total= -23.035799678416 G=    1.081e-02 #SS:    4
 ooCMF Iter:    5 Total= -23.035810940008 G=    1.066e-02 #SS:    5
 ooCMF Iter:    6 Total= -23.035893490442 G=    9.971e-03 #SS:    6
 ooCMF Iter:    7 Total= -23.036371246231 G=    3.857e-03 #SS:    7
 ooCMF Iter:    8 Total= -23.036442616978 G=    6.999e-04 #SS:    8
 ooCMF Iter:    9 Total= -23.036442656594 G=    6.521e-04 #SS:    9
 ooCMF Iter:   10 Total= -23.036442708161 G=    6.383e-04 #SS:   10
 ooCMF Iter:   11 Total= -23.036443158461 G=    5.317e-04 #SS:   11
 ooCMF Iter:   12 Total= -23.036443956011 G=    3.072e-04 #SS:   12
 ooCMF Iter:   13 Total= -23.036444027962 G=    2.922e-04 #SS:   13
 ooCMF Iter:   14 Total= -23.036444051753 G=    2.840e-04 #SS:   14
 ooCMF Iter:   15 Total= -23.036444333833 G=    1.405e-04 #SS:   15
 ooCMF Iter:   16 Total= -23.036444416311 G=    2.578e-05 #SS:   16
 ooCMF Iter:   17 Total= -23.036444416565 G=    2.178e-05 #SS:   17
 ooCMF Iter:   18 Total= -23.036444416628 G=    2.138e-05 #SS:   18
 ooCMF Iter:   19 Total= -23.036444416847 G=    2.014e-05 #SS:   19
 ooCMF Iter:   20 Total= -23.036444418205 G=    1.094e-05 #SS:   20
 ooCMF Iter:   21 Total= -23.036444418408 G=    9.819e-06 #SS:   21
 ooCMF Iter:   22 Total= -23.036444418434 G=    9.597e-06 #SS:   22
 ooCMF Iter:   23 Total= -23.036444418635 G=    6.857e-06 #SS:   23
 ooCMF Iter:   24 Total= -23.036444418819 G=    3.378e-06 #SS:   24
 ooCMF Iter:   25 Total= -23.036444418823 G=    3.314e-06 #SS:   24
 ooCMF Iter:   26 Total= -23.036444418825 G=    3.278e-06 #SS:   24
 ooCMF Iter:   27 Total= -23.036444418848 G=    2.875e-06 #SS:   24
 ooCMF Iter:   28 Total= -23.036444418915 G=    1.272e-06 #SS:   24
 ooCMF Iter:   29 Total= -23.036444418919 G=    1.179e-06 #SS:   24
 ooCMF Iter:   30 Total= -23.036444418919 G=    1.159e-06 #SS:   24
 ooCMF Iter:   31 Total= -23.036444418922 G=    9.766e-07 #SS:   24
 ooCMF Iter:   32 Total= -23.036444418926 G=    5.799e-07 #SS:   24
 ooCMF Iter:   33 Total= -23.036444418927 G=    5.648e-07 #SS:   24
 ooCMF Iter:   34 Total= -23.036444418927 G=    5.353e-07 #SS:   24
 ooCMF Iter:   35 Total= -23.036444418927 G=    4.153e-07 #SS:   24
 ooCMF Iter:   36 Total= -23.036444418928 G=    2.890e-07 #SS:   24
 ooCMF Iter:   37 Total= -23.036444418928 G=    1.368e-07 #SS:   24
 ooCMF Iter:   38 Total= -23.036444418928 G=    1.248e-07 #SS:   24
 ooCMF Iter:   39 Total= -23.036444418928 G=    1.136e-07 #SS:   24
 ooCMF Iter:   40 Total= -23.036444418928 G=    7.352e-08 #SS:   24
 ooCMF Iter:   41 Total= -23.036444418928 G=    6.981e-08 #SS:   24
 ooCMF Iter:   42 Total= -23.036444418928 G=    6.819e-08 #SS:   24
 ooCMF Iter:   43 Total= -23.036444418928 G=    5.822e-08 #SS:   24
 ooCMF Iter:   44 Total= -23.036444418928 G=    5.498e-08 #SS:   24
 ooCMF Iter:   45 Total= -23.036444418928 G=    5.189e-08 #SS:   24
 ooCMF Iter:   46 Total= -23.036444418928 G=    3.838e-08 #SS:   24
 ooCMF Iter:   47 Total= -23.036444418928 G=    3.327e-08 #SS:   24
 ooCMF Iter:   48 Total= -23.036444418928 G=    2.835e-08 #SS:   24
 ooCMF Iter:   49 Total= -23.036444418928 G=    1.674e-08 #SS:   24
 ooCMF Iter:   50 Total= -23.036444418928 G=    1.541e-08 #SS:   24
 ooCMF Iter:   51 Total= -23.036444418928 G=    1.514e-08 #SS:   24
 ooCMF Iter:   52 Total= -23.036444418928 G=    1.298e-08 #SS:   24
*ooCMF Iter:   53 Total= -23.036444418928 G=    9.702e-09 #SS:   24
 28.567980 seconds (25.44 M allocations: 28.792 GiB, 10.61% gc time)
 Solve OO-CMF with DIIS
 ooCMF Iter:    1 Total= -23.036109442455 G=    4.013e-02 #SS:    1
 ooCMF Iter:    2 Total= -23.036417380908 G=    2.406e-02 #SS:    2
 ooCMF Iter:    3 Total= -23.036444165499 G=    2.288e-03 #SS:    3
 ooCMF Iter:    4 Total= -23.036444416188 G=    2.467e-04 #SS:    4
 ooCMF Iter:    5 Total= -23.036444418916 G=    1.635e-05 #SS:    5
 ooCMF Iter:    6 Total= -23.036444418928 G=    9.275e-07 #SS:    6
 ooCMF Iter:    7 Total= -23.036444418928 G=    5.055e-08 #SS:    7
*ooCMF Iter:    8 Total= -23.036444418928 G=    3.661e-09 #SS:    8
  8.807904 seconds (1.26 M allocations: 5.761 GiB, 6.66% gc time)
 Solve OO-CMF with DIIS
 ooCMF Iter:    1 Total= -23.036182549280 G=    1.801e-02 #SS:    1
 ooCMF Iter:    2 Total= -23.036414217880 G=    2.310e-02 #SS:    2
 ooCMF Iter:    3 Total= -23.036444268717 G=    8.408e-04 #SS:    3
 ooCMF Iter:    4 Total= -23.036444398883 G=    1.397e-04 #SS:    4
 ooCMF Iter:    5 Total= -23.036444418719 G=    3.564e-05 #SS:    5
 ooCMF Iter:    6 Total= -23.036444418919 G=    6.667e-06 #SS:    6
 ooCMF Iter:    7 Total= -23.036444418927 G=    1.591e-06 #SS:    7
 ooCMF Iter:    8 Total= -23.036444418928 G=    2.276e-07 #SS:    8
 ooCMF Iter:    9 Total= -23.036444418928 G=    4.781e-08 #SS:    9
*ooCMF Iter:   10 Total= -23.036444418928 G=    9.866e-09 #SS:   10
 17.687100 seconds (2.30 M allocations: 7.072 GiB, 3.02% gc time)
 Solve OO-CMF with newton
 Step:    1 E: -22.904912774589 G:     1.61e+00  
 Step:    2 E: -23.036182549280 G:     1.80e-02  
 Step:    3 E: -23.036444364507 G:     2.43e-04  
 Step:    4 E: -23.036444418849 G:     6.93e-06  
 Step:    5 E: -23.036444418928 G:     2.87e-07  
 Step:    6 E: -23.036444418928 G:     1.51e-08  
 Step:    7 E: -23.036444418928 G:     8.74e-10  
 10.243385 seconds (1.29 M allocations: 2.420 GiB, 1.77% gc time)
 Solve OO-CMF with newton
 Step:    1 E: -22.904912774589 G:     1.61e+00  
 Step:    2 E: -23.036109442455 G:     4.01e-02  
 Step:    3 E: -23.036444404779 G:     2.36e-04  
 Step:    4 E: -23.036444418919 G:     1.55e-06  
 Step:    5 E: -23.036444418928 G:     5.40e-08  
 Step:    6 E: -23.036444418928 G:     2.34e-09  
  4.452754 seconds (513.90 k allocations: 2.045 GiB, 3.85% gc time)