IDX001:DIM1024:001|002|003|004|005|
IDX002:DIM1024:006|007|008|009|010|
IDX003:DIM1024:011|012|013|014|015|
IDX004:DIM1024:016|017|018|019|020|
IDX005:DIM1024:021|022|023|024|025|
IDX006:DIM1024:026|027|028|029|030|
IDX007:DIM1024:031|032|033|034|035|
(35, 35) ooCMF Iter:    1 Total= -20.066670305890 Active= -39.533859051705 G=     1.34e+00
 ooCMF Iter:    2 Total= -20.149300853087 Active= -39.616489598902 G=     5.45e-01
 ooCMF Iter:    3 Total= -20.154525369708 Active= -39.621714115523 G=     3.68e-01
 ooCMF Iter:    4 Total= -20.160862161659 Active= -39.628050907474 G=     1.19e-01
 ooCMF Iter:    5 Total= -20.161553509161 Active= -39.628742254976 G=     3.15e-02
 ooCMF Iter:    6 Total= -20.161602092128 Active= -39.628790837943 G=     1.01e-02
 ooCMF Iter:    7 Total= -20.161653642416 Active= -39.628842388231 G=     3.11e-02
 ooCMF Iter:    8 Total= -20.161946079419 Active= -39.629134825234 G=     3.69e-02
 ooCMF Iter:    9 Total= -20.162022242968 Active= -39.629210988783 G=     1.19e-02
 ooCMF Iter:   10 Total= -20.162024375463 Active= -39.629213121278 G=     9.78e-03
 ooCMF Iter:   11 Total= -20.162027435717 Active= -39.629216181532 G=     5.27e-03
 ooCMF Iter:   12 Total= -20.162028885142 Active= -39.629217630957 G=     1.04e-03
 ooCMF Iter:   13 Total= -20.162028994978 Active= -39.629217740793 G=     1.41e-03
 ooCMF Iter:   14 Total= -20.162029393978 Active= -39.629218139793 G=     2.20e-03
 ooCMF Iter:   15 Total= -20.162029722892 Active= -39.629218468707 G=     1.13e-03
 ooCMF Iter:   16 Total= -20.162029833053 Active= -39.629218578868 G=     1.24e-03
 ooCMF Iter:   17 Total= -20.162030033734 Active= -39.629218779550 G=     1.06e-03
 ooCMF Iter:   18 Total= -20.162030091529 Active= -39.629218837344 G=     6.93e-04
 ooCMF Iter:   19 Total= -20.162030127147 Active= -39.629218872962 G=     8.16e-04
 ooCMF Iter:   20 Total= -20.162030203109 Active= -39.629218948924 G=     6.64e-04
 ooCMF Iter:   21 Total= -20.162030226726 Active= -39.629218972541 G=     7.94e-04
 ooCMF Iter:   22 Total= -20.162030275173 Active= -39.629219020989 G=     6.50e-04
 ooCMF Iter:   23 Total= -20.162030290427 Active= -39.629219036243 G=     3.18e-04
 ooCMF Iter:   24 Total= -20.162030294457 Active= -39.629219040272 G=     2.22e-04
 ooCMF Iter:   25 Total= -20.162030297992 Active= -39.629219043807 G=     1.03e-04
 ooCMF Iter:   26 Total= -20.162030298461 Active= -39.629219044276 G=     7.09e-05
 ooCMF Iter:   27 Total= -20.162030299100 Active= -39.629219044915 G=     6.65e-05
 ooCMF Iter:   28 Total= -20.162030299333 Active= -39.629219045148 G=     2.37e-05
 ooCMF Iter:   29 Total= -20.162030300240 Active= -39.629219046055 G=     9.12e-05
 ooCMF Iter:   30 Total= -20.162030300439 Active= -39.629219046254 G=     7.52e-05
 ooCMF Iter:   31 Total= -20.162030300862 Active= -39.629219046678 G=     1.96e-05
 ooCMF Iter:   32 Total= -20.162030300880 Active= -39.629219046695 G=     2.10e-05
 ooCMF Iter:   33 Total= -20.162030300947 Active= -39.629219046762 G=     2.13e-05
 ooCMF Iter:   34 Total= -20.162030300979 Active= -39.629219046794 G=     1.19e-05
 ooCMF Iter:   35 Total= -20.162030301009 Active= -39.629219046824 G=     2.10e-05
 ooCMF Iter:   36 Total= -20.162030301068 Active= -39.629219046883 G=     2.13e-05
 ooCMF Iter:   37 Total= -20.162030301076 Active= -39.629219046891 G=     1.98e-05
 ooCMF Iter:   38 Total= -20.162030301107 Active= -39.629219046922 G=     1.17e-05
 ooCMF Iter:   39 Total= -20.162030301114 Active= -39.629219046929 G=     7.32e-06
 ooCMF Iter:   40 Total= -20.162030301133 Active= -39.629219046948 G=     1.71e-05
 ooCMF Iter:   41 Total= -20.162030301145 Active= -39.629219046960 G=     1.46e-05
 ooCMF Iter:   42 Total= -20.162030301150 Active= -39.629219046965 G=     1.27e-05
 ooCMF Iter:   43 Total= -20.162030301168 Active= -39.629219046983 G=     4.75e-06
 ooCMF Iter:   44 Total= -20.162030301168 Active= -39.629219046983 G=     4.03e-06
 ooCMF Iter:   45 Total= -20.162030301169 Active= -39.629219046985 G=     4.00e-06
 ooCMF Iter:   46 Total= -20.162030301170 Active= -39.629219046985 G=     1.48e-06
 ooCMF Iter:   47 Total= -20.162030301170 Active= -39.629219046985 G=     1.74e-06
 ooCMF Iter:   48 Total= -20.162030301171 Active= -39.629219046986 G=     2.51e-06
 ooCMF Iter:   49 Total= -20.162030301171 Active= -39.629219046986 G=     2.64e-06
 ooCMF Iter:   50 Total= -20.162030301171 Active= -39.629219046987 G=     2.52e-06
 ooCMF Iter:   51 Total= -20.162030301172 Active= -39.629219046987 G=     7.33e-07
 ooCMF Iter:   52 Total= -20.162030301172 Active= -39.629219046987 G=     6.47e-07
 ooCMF Iter:   53 Total= -20.162030301172 Active= -39.629219046987 G=     7.37e-07
 ooCMF Iter:   54 Total= -20.162030301172 Active= -39.629219046987 G=     5.92e-07
 ooCMF Iter:   55 Total= -20.162030301172 Active= -39.629219046987 G=     3.96e-07
 ooCMF Iter:   56 Total= -20.162030301172 Active= -39.629219046987 G=     1.87e-07
 ooCMF Iter:   57 Total= -20.162030301172 Active= -39.629219046987 G=     1.87e-07
 ooCMF Iter:   58 Total= -20.162030301172 Active= -39.629219046987 G=     2.45e-07
 ooCMF Iter:   59 Total= -20.162030301172 Active= -39.629219046987 G=     1.61e-07
 ooCMF Iter:   60 Total= -20.162030301172 Active= -39.629219046987 G=     1.62e-07
 ooCMF Iter:   61 Total= -20.162030301172 Active= -39.629219046987 G=     1.17e-07
 ooCMF Iter:   62 Total= -20.162030301172 Active= -39.629219046987 G=     1.10e-07
 ooCMF Iter:   63 Total= -20.162030301172 Active= -39.629219046987 G=     6.16e-08
 ooCMF Iter:   64 Total= -20.162030301172 Active= -39.629219046987 G=     3.46e-08
 * Status: success

 * Candidate solution
    Final objective value:     -2.016203e+01

 * Found with
    Algorithm:     BFGS

 * Convergence measures
    |x - x'|               = 3.27e-09 ≰ 0.0e+00
    |x - x'|/|x'|          = 1.13e-07 ≰ 0.0e+00
    |f(x) - f(x')|         = 1.07e-14 ≰ 0.0e+00
    |f(x) - f(x')|/|f(x')| = 5.29e-16 ≰ 0.0e+00
    |g(x)|                 = 7.29e-09 ≤ 1.0e-08

 * Work counters
    Seconds run:   38  (vs limit Inf)
    Iterations:    63
    f(x) calls:    132
    ∇f(x) calls:   132

*ooCMF -20.16203030 
 38.087458 seconds (14.29 M allocations: 25.301 GiB, 15.08% gc time)
 ooCMF Iter:    1 Total= -20.066670305890 Active= -39.533859051705 G=     1.34e+00
 ooCMF Iter:    2 Total= -20.158003921881 Active= -39.625192667696 G=     2.70e-01
 ooCMF Iter:    3 Total= -20.161494860835 Active= -39.628683606650 G=     1.79e-02
 ooCMF Iter:    4 Total= -20.161519068123 Active= -39.628707813938 G=     1.22e-02
 ooCMF Iter:    5 Total= -20.161563679596 Active= -39.628752425412 G=     3.30e-02
 ooCMF Iter:    6 Total= -20.161958731249 Active= -39.629147477064 G=     2.15e-02
 ooCMF Iter:    7 Total= -20.162014241252 Active= -39.629202987067 G=     1.09e-02
 ooCMF Iter:    8 Total= -20.162023368893 Active= -39.629212114708 G=     6.36e-03
 ooCMF Iter:    9 Total= -20.162026484925 Active= -39.629215230740 G=     3.94e-03
 ooCMF Iter:   10 Total= -20.162027330165 Active= -39.629216075980 G=     2.01e-03
 ooCMF Iter:   11 Total= -20.162027736305 Active= -39.629216482120 G=     1.50e-03
 ooCMF Iter:   12 Total= -20.162027997904 Active= -39.629216743719 G=     1.85e-03
 ooCMF Iter:   13 Total= -20.162028697083 Active= -39.629217442898 G=     3.34e-03
 ooCMF Iter:   14 Total= -20.162029523708 Active= -39.629218269523 G=     2.28e-03
 ooCMF Iter:   15 Total= -20.162029827050 Active= -39.629218572865 G=     8.99e-04
 ooCMF Iter:   16 Total= -20.162029877067 Active= -39.629218622883 G=     5.61e-04
 ooCMF Iter:   17 Total= -20.162029904661 Active= -39.629218650476 G=     5.93e-04
 ooCMF Iter:   18 Total= -20.162029959128 Active= -39.629218704943 G=     8.90e-04
 ooCMF Iter:   19 Total= -20.162030063982 Active= -39.629218809797 G=     9.02e-04
 ooCMF Iter:   20 Total= -20.162030180653 Active= -39.629218926468 G=     9.66e-04
 ooCMF Iter:   21 Total= -20.162030248539 Active= -39.629218994354 G=     5.54e-04
 ooCMF Iter:   22 Total= -20.162030270403 Active= -39.629219016218 G=     4.07e-04
 ooCMF Iter:   23 Total= -20.162030279366 Active= -39.629219025181 G=     1.90e-04
 ooCMF Iter:   24 Total= -20.162030281779 Active= -39.629219027594 G=     1.10e-04
 ooCMF Iter:   25 Total= -20.162030282913 Active= -39.629219028728 G=     1.28e-04
 ooCMF Iter:   26 Total= -20.162030285585 Active= -39.629219031400 G=     1.84e-04
 ooCMF Iter:   27 Total= -20.162030291916 Active= -39.629219037731 G=     2.18e-04
 ooCMF Iter:   28 Total= -20.162030296432 Active= -39.629219042247 G=     1.62e-04
 ooCMF Iter:   29 Total= -20.162030298298 Active= -39.629219044113 G=     1.11e-04
 ooCMF Iter:   30 Total= -20.162030298881 Active= -39.629219044696 G=     4.67e-05
 ooCMF Iter:   31 Total= -20.162030299058 Active= -39.629219044873 G=     3.99e-05
 ooCMF Iter:   32 Total= -20.162030299218 Active= -39.629219045033 G=     4.69e-05
 ooCMF Iter:   33 Total= -20.162030299794 Active= -39.629219045609 G=     6.30e-05
 ooCMF Iter:   34 Total= -20.162030300353 Active= -39.629219046168 G=     7.28e-05
 ooCMF Iter:   35 Total= -20.162030300763 Active= -39.629219046578 G=     4.72e-05
 ooCMF Iter:   36 Total= -20.162030300871 Active= -39.629219046686 G=     1.66e-05
 ooCMF Iter:   37 Total= -20.162030300887 Active= -39.629219046702 G=     8.04e-06
 ooCMF Iter:   38 Total= -20.162030300896 Active= -39.629219046711 G=     1.40e-05
 ooCMF Iter:   39 Total= -20.162030300951 Active= -39.629219046766 G=     4.92e-05
 ooCMF Iter:   40 Total= -20.162030301088 Active= -39.629219046903 G=     1.40e-05
 ooCMF Iter:   41 Total= -20.162030301098 Active= -39.629219046913 G=     4.66e-06
 ooCMF Iter:   42 Total= -20.162030301099 Active= -39.629219046914 G=     4.03e-06
 ooCMF Iter:   43 Total= -20.162030301104 Active= -39.629219046919 G=     1.06e-05
 ooCMF Iter:   44 Total= -20.162030301133 Active= -39.629219046948 G=     1.13e-05
 ooCMF Iter:   45 Total= -20.162030301147 Active= -39.629219046962 G=     4.95e-06
 ooCMF Iter:   46 Total= -20.162030301148 Active= -39.629219046963 G=     2.40e-06
 ooCMF Iter:   47 Total= -20.162030301148 Active= -39.629219046963 G=     3.07e-06
 ooCMF Iter:   48 Total= -20.162030301151 Active= -39.629219046966 G=     6.51e-06
 ooCMF Iter:   49 Total= -20.162030301162 Active= -39.629219046977 G=     1.12e-05
 ooCMF Iter:   50 Total= -20.162030301169 Active= -39.629219046984 G=     3.52e-06
 ooCMF Iter:   51 Total= -20.162030301170 Active= -39.629219046985 G=     1.57e-06
 ooCMF Iter:   52 Total= -20.162030301170 Active= -39.629219046985 G=     1.58e-06
 ooCMF Iter:   53 Total= -20.162030301171 Active= -39.629219046986 G=     3.21e-06
 ooCMF Iter:   54 Total= -20.162030301172 Active= -39.629219046987 G=     2.02e-06
 ooCMF Iter:   55 Total= -20.162030301172 Active= -39.629219046987 G=     6.63e-07
 ooCMF Iter:   56 Total= -20.162030301172 Active= -39.629219046987 G=     2.70e-07
 ooCMF Iter:   57 Total= -20.162030301172 Active= -39.629219046987 G=     6.09e-07
 ooCMF Iter:   58 Total= -20.162030301172 Active= -39.629219046987 G=     1.13e-06
 ooCMF Iter:   59 Total= -20.162030301172 Active= -39.629219046987 G=     3.53e-07
 ooCMF Iter:   60 Total= -20.162030301172 Active= -39.629219046987 G=     1.10e-07
 ooCMF Iter:   61 Total= -20.162030301172 Active= -39.629219046987 G=     9.46e-08
 ooCMF Iter:   62 Total= -20.162030301172 Active= -39.629219046987 G=     2.40e-07
 ooCMF Iter:   63 Total= -20.162030301172 Active= -39.629219046987 G=     8.32e-08
 ooCMF Iter:   64 Total= -20.162030301172 Active= -39.629219046987 G=     6.96e-08
 ooCMF Iter:   65 Total= -20.162030301172 Active= -39.629219046987 G=     2.73e-08
 * Status: success (objective increased between iterations)

 * Candidate solution
    Final objective value:     -2.016203e+01

 * Found with
    Algorithm:     Conjugate Gradient

 * Convergence measures
    |x - x'|               = 1.48e-09 ≰ 0.0e+00
    |x - x'|/|x'|          = 5.14e-08 ≰ 0.0e+00
    |f(x) - f(x')|         = 4.97e-14 ≰ 0.0e+00
    |f(x) - f(x')|/|f(x')| = 2.47e-15 ≰ 0.0e+00
    |g(x)|                 = 7.16e-09 ≤ 1.0e-08

 * Work counters
    Seconds run:   30  (vs limit Inf)
    Iterations:    64
    f(x) calls:    154
    ∇f(x) calls:   95

*ooCMF -20.16203030 
 30.368154 seconds (12.20 M allocations: 21.402 GiB, 14.57% gc time)
 IDX001:DIM1024:001|002|003|004|005|
IDX002:DIM1024:006|007|008|009|010|
IDX003:DIM1024:011|012|013|014|015|
IDX004:DIM1024:016|017|018|019|020|
IDX005:DIM1024:021|022|023|024|025|
IDX006:DIM1024:026|027|028|029|030|
IDX007:DIM1024:031|032|033|034|035|
(35, 35) Step:    1 E: -20.066670305890 G: 1.3e+00
 Step:    2 E: -20.157997332798 G: 2.7e-01
 Step:    3 E: -20.161351483674 G: 5.9e-02
 Step:    4 E: -20.161509502679 G: 1.7e-02
 Step:    5 E: -20.161526578272 G: 1.0e-02
 Step:    6 E: -20.161536185345 G: 9.5e-03
 Step:    7 E: -20.161545190818 G: 9.4e-03
 Step:    8 E: -20.161554004032 G: 9.3e-03
 Step:    9 E: -20.161562656300 G: 9.2e-03
 Step:   10 E: -20.161571152884 G: 9.2e-03
 Step:   11 E: -20.161579496791 G: 9.1e-03
 Step:   12 E: -20.161587690748 G: 9.0e-03
 Step:   13 E: -20.161595737404 G: 8.9e-03
 Step:   14 E: -20.161603639360 G: 8.8e-03
 Step:   15 E: -20.161611399172 G: 8.7e-03
 Step:   16 E: -20.161619019351 G: 8.7e-03
 Step:   17 E: -20.161626502366 G: 8.6e-03
 Step:   18 E: -20.161633850642 G: 8.5e-03
 Step:   19 E: -20.161641066564 G: 8.4e-03
 Step:   20 E: -20.161648152474 G: 8.4e-03
 Step:   21 E: -20.161655110676 G: 8.3e-03
 Step:   22 E: -20.161661943433 G: 8.2e-03
 Step:   23 E: -20.161668652969 G: 8.1e-03
 Step:   24 E: -20.161675241469 G: 8.1e-03
 Step:   25 E: -20.161681711082 G: 8.0e-03
 Step:   26 E: -20.161688063918 G: 7.9e-03
 Step:   27 E: -20.161694302051 G: 7.8e-03
 Step:   28 E: -20.161700427521 G: 7.8e-03
 Step:   29 E: -20.161706442330 G: 7.7e-03
 Step:   30 E: -20.161712348447 G: 7.6e-03
 Step:   31 E: -20.161718147805 G: 7.6e-03
 Step:   32 E: -20.161723842307 G: 7.5e-03
 Step:   33 E: -20.161729433818 G: 7.4e-03
 Step:   34 E: -20.161734924176 G: 7.4e-03
 Step:   35 E: -20.161740315182 G: 7.3e-03
 Step:   36 E: -20.161745608609 G: 7.2e-03
 Step:   37 E: -20.161750806199 G: 7.2e-03
 Step:   38 E: -20.161755909661 G: 7.1e-03
 Step:   39 E: -20.161760920677 G: 7.0e-03
 Step:   40 E: -20.161765840899 G: 7.0e-03
 Step:   41 E: -20.161770671949 G: 6.9e-03
 Step:   42 E: -20.161775415421 G: 6.8e-03
 Step:   43 E: -20.161780072883 G: 6.8e-03
 Step:   44 E: -20.161784645874 G: 6.7e-03
 Step:   45 E: -20.161789135905 G: 6.7e-03
 Step:   46 E: -20.161793544463 G: 6.6e-03
 Step:   47 E: -20.161797873007 G: 6.5e-03
 Step:   48 E: -20.161802122971 G: 6.5e-03
 Step:   49 E: -20.161806295765 G: 6.4e-03
 Step:   50 E: -20.161810392772 G: 6.4e-03
 Step:   51 E: -20.161814415352 G: 6.3e-03
 Step:   52 E: -20.161818364842 G: 6.2e-03
 Step:   53 E: -20.161822242554 G: 6.2e-03
 Step:   54 E: -20.161826049777 G: 6.1e-03
 Step:   55 E: -20.161829787778 G: 6.1e-03
 Step:   56 E: -20.161833457801 G: 6.0e-03
 Step:   57 E: -20.161837061069 G: 6.0e-03
 Step:   58 E: -20.161840598783 G: 5.9e-03
 Step:   59 E: -20.161844072122 G: 5.9e-03
 Step:   60 E: -20.161847482245 G: 5.8e-03
 Step:   61 E: -20.161850830291 G: 5.7e-03
 Step:   62 E: -20.161854117377 G: 5.7e-03
 Step:   63 E: -20.161857344602 G: 5.6e-03
 Step:   64 E: -20.161860513046 G: 5.6e-03
 Step:   65 E: -20.161863623768 G: 5.5e-03
 Step:   66 E: -20.161866677809 G: 5.5e-03
 Step:   67 E: -20.161869676192 G: 5.4e-03
 Step:   68 E: -20.161872619921 G: 5.4e-03
 Step:   69 E: -20.161875509983 G: 5.3e-03
 Step:   70 E: -20.161878347348 G: 5.3e-03
 Step:   71 E: -20.161881132967 G: 5.2e-03
 Step:   72 E: -20.161883867774 G: 5.2e-03
 Step:   73 E: -20.161886552690 G: 5.1e-03
 Step:   74 E: -20.161889188615 G: 5.1e-03
 Step:   75 E: -20.161891776436 G: 5.1e-03
 Step:   76 E: -20.161894317023 G: 5.0e-03
 Step:   77 E: -20.161896811231 G: 5.0e-03
 Step:   78 E: -20.161899259899 G: 4.9e-03
 Step:   79 E: -20.161901663852 G: 4.9e-03
 Step:   80 E: -20.161904023899 G: 4.8e-03
 Step:   81 E: -20.161906340836 G: 4.8e-03
 Step:   82 E: -20.161908615445 G: 4.7e-03
 Step:   83 E: -20.161910848491 G: 4.7e-03
 Step:   84 E: -20.161913040729 G: 4.6e-03
 Step:   85 E: -20.161915192899 G: 4.6e-03
 Step:   86 E: -20.161917305728 G: 4.6e-03
 Step:   87 E: -20.161919379928 G: 4.5e-03
 Step:   88 E: -20.161921416203 G: 4.5e-03
 Step:   89 E: -20.161923415238 G: 4.4e-03
 Step:   90 E: -20.161925377712 G: 4.4e-03
 Step:   91 E: -20.161927304287 G: 4.4e-03
 Step:   92 E: -20.161929195617 G: 4.3e-03
 Step:   93 E: -20.161931052341 G: 4.3e-03
 Step:   94 E: -20.161932875087 G: 4.2e-03
 Step:   95 E: -20.161934664475 G: 4.2e-03
 Step:   96 E: -20.161936421110 G: 4.2e-03
 Step:   97 E: -20.161938145587 G: 4.1e-03
 Step:   98 E: -20.161939838493 G: 4.1e-03
 Step:   99 E: -20.161941500400 G: 4.0e-03
 Step:  100 E: -20.161943131874 G: 4.0e-03
 Step:  101 E: -20.161944733467 G: 4.0e-03
 Step:  102 E: -20.161946305725 G: 3.9e-03
 Step:  103 E: -20.161947849181 G: 3.9e-03
 Step:  104 E: -20.161949364359 G: 3.9e-03
 Step:  105 E: -20.161950851775 G: 3.8e-03
 Step:  106 E: -20.161952311935 G: 3.8e-03
 Step:  107 E: -20.161953745334 G: 3.8e-03
 Step:  108 E: -20.161955152462 G: 3.7e-03
 Step:  109 E: -20.161956533796 G: 3.7e-03
 Step:  110 E: -20.161957889807 G: 3.7e-03
 Step:  111 E: -20.161959220957 G: 3.6e-03
 Step:  112 E: -20.161960527699 G: 3.6e-03
 Step:  113 E: -20.161961810479 G: 3.6e-03
 Step:  114 E: -20.161963069732 G: 3.5e-03
 Step:  115 E: -20.161964305891 G: 3.5e-03
 Step:  116 E: -20.161965519374 G: 3.5e-03
 Step:  117 E: -20.161966710596 G: 3.4e-03
 Step:  118 E: -20.161967879965 G: 3.4e-03
 Step:  119 E: -20.161969027878 G: 3.4e-03
 Step:  120 E: -20.161970154728 G: 3.3e-03
 Step:  121 E: -20.161971260899 G: 3.3e-03
 Step:  122 E: -20.161972346769 G: 3.3e-03
 Step:  123 E: -20.161973412709 G: 3.2e-03
 Step:  124 E: -20.161974459084 G: 3.2e-03
 Step:  125 E: -20.161975486250 G: 3.2e-03
 Step:  126 E: -20.161976494559 G: 3.2e-03
 Step:  127 E: -20.161977484356 G: 3.1e-03
 Step:  128 E: -20.161978455980 G: 3.1e-03
 Step:  129 E: -20.161979409761 G: 3.1e-03
 Step:  130 E: -20.161980346028 G: 3.0e-03
 Step:  131 E: -20.161981265100 G: 3.0e-03
 Step:  132 E: -20.161982167291 G: 3.0e-03
 Step:  133 E: -20.161983052912 G: 3.0e-03
 Step:  134 E: -20.161983922264 G: 2.9e-03
 Step:  135 E: -20.161984775646 G: 2.9e-03
 Step:  136 E: -20.161985613351 G: 2.9e-03
 Step:  137 E: -20.161986435664 G: 2.8e-03
 Step:  138 E: -20.161987242868 G: 2.8e-03
 Step:  139 E: -20.161988035239 G: 2.8e-03
 Step:  140 E: -20.161988813050 G: 2.8e-03
 Step:  141 E: -20.161989576566 G: 2.7e-03
 Step:  142 E: -20.161990326050 G: 2.7e-03
 Step:  143 E: -20.161991061759 G: 2.7e-03
 Step:  144 E: -20.161991783945 G: 2.7e-03
 Step:  145 E: -20.161992492856 G: 2.6e-03
 Step:  146 E: -20.161993188736 G: 2.6e-03
 Step:  147 E: -20.161993871822 G: 2.6e-03
 Step:  148 E: -20.161994542350 G: 2.6e-03
 Step:  149 E: -20.161995200549 G: 2.5e-03
 Step:  150 E: -20.161995846647 G: 2.5e-03
 Step:  151 E: -20.161996480864 G: 2.5e-03
 Step:  152 E: -20.161997103419 G: 2.5e-03
 Step:  153 E: -20.161997714525 G: 2.5e-03
 Step:  154 E: -20.161998314393 G: 2.4e-03
 Step:  155 E: -20.161998903228 G: 2.4e-03
 Step:  156 E: -20.161999481234 G: 2.4e-03
 Step:  157 E: -20.162000048608 G: 2.4e-03
 Step:  158 E: -20.162000605545 G: 2.3e-03
 Step:  159 E: -20.162001152239 G: 2.3e-03
 Step:  160 E: -20.162001688875 G: 2.3e-03
 Step:  161 E: -20.162002215639 G: 2.3e-03
 Step:  162 E: -20.162002732712 G: 2.3e-03
 Step:  163 E: -20.162003240273 G: 2.2e-03
 Step:  164 E: -20.162003738494 G: 2.2e-03
 Step:  165 E: -20.162004227549 G: 2.2e-03
 Step:  166 E: -20.162004707605 G: 2.2e-03
 Step:  167 E: -20.162005178828 G: 2.2e-03
 Step:  168 E: -20.162005641380 G: 2.1e-03
 Step:  169 E: -20.162006095420 G: 2.1e-03
 Step:  170 E: -20.162006541104 G: 2.1e-03
 Step:  171 E: -20.162006978586 G: 2.1e-03
 Step:  172 E: -20.162007408017 G: 2.1e-03
 Step:  173 E: -20.162007829544 G: 2.0e-03
 Step:  174 E: -20.162008243312 G: 2.0e-03
 Step:  175 E: -20.162008649466 G: 2.0e-03
 Step:  176 E: -20.162009048143 G: 2.0e-03
 Step:  177 E: -20.162009439482 G: 2.0e-03
 Step:  178 E: -20.162009823617 G: 1.9e-03
 Step:  179 E: -20.162010200681 G: 1.9e-03
 Step:  180 E: -20.162010570803 G: 1.9e-03
 Step:  181 E: -20.162010934113 G: 1.9e-03
 Step:  182 E: -20.162011290734 G: 1.9e-03
 Step:  183 E: -20.162011640789 G: 1.9e-03
 Step:  184 E: -20.162011984400 G: 1.8e-03
 Step:  185 E: -20.162012321684 G: 1.8e-03
 Step:  186 E: -20.162012652759 G: 1.8e-03
 Step:  187 E: -20.162012977737 G: 1.8e-03
 Step:  188 E: -20.162013296733 G: 1.8e-03
 Step:  189 E: -20.162013609854 G: 1.8e-03
 Step:  190 E: -20.162013917210 G: 1.7e-03
 Step:  191 E: -20.162014218907 G: 1.7e-03
 Step:  192 E: -20.162014515048 G: 1.7e-03
 Step:  193 E: -20.162014805736 G: 1.7e-03
 Step:  194 E: -20.162015091071 G: 1.7e-03
 Step:  195 E: -20.162015371151 G: 1.7e-03
 Step:  196 E: -20.162015646074 G: 1.6e-03
 Step:  197 E: -20.162015915933 G: 1.6e-03
 Step:  198 E: -20.162016180824 G: 1.6e-03
 Step:  199 E: -20.162016440835 G: 1.6e-03
 Step:  200 E: -20.162016696059 G: 1.6e-03
 Step:  201 E: -20.162016946581 G: 1.6e-03
 Step:  202 E: -20.162017192490 G: 1.6e-03
 Step:  203 E: -20.162017433870 G: 1.5e-03
 Step:  204 E: -20.162017670804 G: 1.5e-03
 Step:  205 E: -20.162017903374 G: 1.5e-03
 Step:  206 E: -20.162018131661 G: 1.5e-03
 Step:  207 E: -20.162018355743 G: 1.5e-03
 Step:  208 E: -20.162018575698 G: 1.5e-03
 Step:  209 E: -20.162018791601 G: 1.5e-03
 Step:  210 E: -20.162019003528 G: 1.4e-03
 Step:  211 E: -20.162019211551 G: 1.4e-03
 Step:  212 E: -20.162019415742 G: 1.4e-03
 Step:  213 E: -20.162019616173 G: 1.4e-03
 Step:  214 E: -20.162019812911 G: 1.4e-03
 Step:  215 E: -20.162020006026 G: 1.4e-03
 Step:  216 E: -20.162020195583 G: 1.4e-03
 Step:  217 E: -20.162020381648 G: 1.4e-03
 Step:  218 E: -20.162020564286 G: 1.3e-03
 Step:  219 E: -20.162020743560 G: 1.3e-03
 Step:  220 E: -20.162020919532 G: 1.3e-03
 Step:  221 E: -20.162021092262 G: 1.3e-03
 Step:  222 E: -20.162021261810 G: 1.3e-03
 Step:  223 E: -20.162021428235 G: 1.3e-03
 Step:  224 E: -20.162021591594 G: 1.3e-03
 Step:  225 E: -20.162021751944 G: 1.3e-03
 Step:  226 E: -20.162021909340 G: 1.2e-03
 Step:  227 E: -20.162022063836 G: 1.2e-03
 Step:  228 E: -20.162022215487 G: 1.2e-03
 Step:  229 E: -20.162022364344 G: 1.2e-03
 Step:  230 E: -20.162022510458 G: 1.2e-03
 Step:  231 E: -20.162022653881 G: 1.2e-03
 Step:  232 E: -20.162022794663 G: 1.2e-03
 Step:  233 E: -20.162022932850 G: 1.2e-03
 Step:  234 E: -20.162023068492 G: 1.2e-03
 Step:  235 E: -20.162023201635 G: 1.1e-03
 Step:  236 E: -20.162023332326 G: 1.1e-03
 Step:  237 E: -20.162023460609 G: 1.1e-03
 Step:  238 E: -20.162023586528 G: 1.1e-03
 Step:  239 E: -20.162023710129 G: 1.1e-03
 Step:  240 E: -20.162023831452 G: 1.1e-03
 Step:  241 E: -20.162023950540 G: 1.1e-03
 Step:  242 E: -20.162024067435 G: 1.1e-03
 Step:  243 E: -20.162024182176 G: 1.1e-03
 Step:  244 E: -20.162024294803 G: 1.1e-03
 Step:  245 E: -20.162024405356 G: 1.0e-03
 Step:  246 E: -20.162024513872 G: 1.0e-03
 Step:  247 E: -20.162024620390 G: 1.0e-03
 Step:  248 E: -20.162024724945 G: 1.0e-03
 Step:  249 E: -20.162024827573 G: 1.0e-03
 Step:  250 E: -20.162024928312 G: 1.0e-03
 Step:  251 E: -20.162025027195 G: 9.9e-04
 Step:  252 E: -20.162025124256 G: 9.8e-04
 Step:  253 E: -20.162025219530 G: 9.7e-04
 Step:  254 E: -20.162025313048 G: 9.6e-04
 Step:  255 E: -20.162025404844 G: 9.5e-04
 Step:  256 E: -20.162025494949 G: 9.4e-04
 Step:  257 E: -20.162025583394 G: 9.3e-04
 Step:  258 E: -20.162025670210 G: 9.3e-04
 Step:  259 E: -20.162025755426 G: 9.2e-04
 Step:  260 E: -20.162025839074 G: 9.1e-04
 Step:  261 E: -20.162025921180 G: 9.0e-04
 Step:  262 E: -20.162026001774 G: 8.9e-04
 Step:  263 E: -20.162026080884 G: 8.8e-04
 Step:  264 E: -20.162026158536 G: 8.8e-04
 Step:  265 E: -20.162026234758 G: 8.7e-04
 Step:  266 E: -20.162026309577 G: 8.6e-04
 Step:  267 E: -20.162026383017 G: 8.5e-04
 Step:  268 E: -20.162026455104 G: 8.4e-04
 Step:  269 E: -20.162026525864 G: 8.4e-04
 Step:  270 E: -20.162026595321 G: 8.3e-04
 Step:  271 E: -20.162026663498 G: 8.2e-04
 Step:  272 E: -20.162026730420 G: 8.1e-04
 Step:  273 E: -20.162026796109 G: 8.0e-04
 Step:  274 E: -20.162026860588 G: 8.0e-04
 Step:  275 E: -20.162026923880 G: 7.9e-04
 Step:  276 E: -20.162026986006 G: 7.8e-04
 Step:  277 E: -20.162027046988 G: 7.8e-04
 Step:  278 E: -20.162027106847 G: 7.7e-04
 Step:  279 E: -20.162027165603 G: 7.6e-04
 Step:  280 E: -20.162027223278 G: 7.5e-04
 Step:  281 E: -20.162027279890 G: 7.5e-04
 Step:  282 E: -20.162027335460 G: 7.4e-04
 Step:  283 E: -20.162027390007 G: 7.3e-04
 Step:  284 E: -20.162027443549 G: 7.3e-04
 Step:  285 E: -20.162027496105 G: 7.2e-04
 Step:  286 E: -20.162027547694 G: 7.1e-04
 Step:  287 E: -20.162027598332 G: 7.1e-04
 Step:  288 E: -20.162027648038 G: 7.0e-04
 Step:  289 E: -20.162027696829 G: 6.9e-04
 Step:  290 E: -20.162027744721 G: 6.9e-04
 Step:  291 E: -20.162027791732 G: 6.8e-04
 Step:  292 E: -20.162027837877 G: 6.7e-04
 Step:  293 E: -20.162027883172 G: 6.7e-04
 Step:  294 E: -20.162027927633 G: 6.6e-04
 Step:  295 E: -20.162027971276 G: 6.6e-04
 Step:  296 E: -20.162028014115 G: 6.5e-04
 Step:  297 E: -20.162028056165 G: 6.4e-04
 Step:  298 E: -20.162028097442 G: 6.4e-04
 Step:  299 E: -20.162028137958 G: 6.3e-04
 Step:  300 E: -20.162028177728 G: 6.3e-04
 Step:  301 E: -20.162028216767 G: 6.2e-04
 Step:  302 E: -20.162028255086 G: 6.1e-04
 Step:  303 E: -20.162028292701 G: 6.1e-04
 Step:  304 E: -20.162028329622 G: 6.0e-04
 Step:  305 E: -20.162028365864 G: 6.0e-04
 Step:  306 E: -20.162028401439 G: 5.9e-04
 Step:  307 E: -20.162028436359 G: 5.9e-04
 Step:  308 E: -20.162028470637 G: 5.8e-04
 Step:  309 E: -20.162028504283 G: 5.8e-04
 Step:  310 E: -20.162028537310 G: 5.7e-04
 Step:  311 E: -20.162028569729 G: 5.7e-04
 Step:  312 E: -20.162028601551 G: 5.6e-04
 Step:  313 E: -20.162028632788 G: 5.6e-04
 Step:  314 E: -20.162028663450 G: 5.5e-04
 Step:  315 E: -20.162028693547 G: 5.4e-04
 Step:  316 E: -20.162028723091 G: 5.4e-04
 Step:  317 E: -20.162028752090 G: 5.3e-04
 Step:  318 E: -20.162028780557 G: 5.3e-04
 Step:  319 E: -20.162028808499 G: 5.2e-04
 Step:  320 E: -20.162028835927 G: 5.2e-04
 Step:  321 E: -20.162028862850 G: 5.2e-04
 Step:  322 E: -20.162028889278 G: 5.1e-04
 Step:  323 E: -20.162028915219 G: 5.1e-04
 Step:  324 E: -20.162028940683 G: 5.0e-04
 Step:  325 E: -20.162028965679 G: 5.0e-04
 Step:  326 E: -20.162028990215 G: 4.9e-04
 Step:  327 E: -20.162029014299 G: 4.9e-04
 Step:  328 E: -20.162029037940 G: 4.8e-04
 Step:  329 E: -20.162029061146 G: 4.8e-04
 Step:  330 E: -20.162029083925 G: 4.7e-04
 Step:  331 E: -20.162029106285 G: 4.7e-04
 Step:  332 E: -20.162029128233 G: 4.7e-04
 Step:  333 E: -20.162029149778 G: 4.6e-04
 Step:  334 E: -20.162029170927 G: 4.6e-04
 Step:  335 E: -20.162029191686 G: 4.5e-04
 Step:  336 E: -20.162029212063 G: 4.5e-04
 Step:  337 E: -20.162029232066 G: 4.4e-04
 Step:  338 E: -20.162029251701 G: 4.4e-04
 Step:  339 E: -20.162029270974 G: 4.4e-04
 Step:  340 E: -20.162029289893 G: 4.3e-04
 Step:  341 E: -20.162029308464 G: 4.3e-04
 Step:  342 E: -20.162029326693 G: 4.2e-04
 Step:  343 E: -20.162029344587 G: 4.2e-04
 Step:  344 E: -20.162029362152 G: 4.2e-04
 Step:  345 E: -20.162029379394 G: 4.1e-04
 Step:  346 E: -20.162029396319 G: 4.1e-04
 Step:  347 E: -20.162029412932 G: 4.0e-04
 Step:  348 E: -20.162029429240 G: 4.0e-04
 Step:  349 E: -20.162029445248 G: 4.0e-04
 Step:  350 E: -20.162029460962 G: 3.9e-04
 Step:  351 E: -20.162029476387 G: 3.9e-04
 Step:  352 E: -20.162029491528 G: 3.9e-04
 Step:  353 E: -20.162029506390 G: 3.8e-04
 Step:  354 E: -20.162029520979 G: 3.8e-04
 Step:  355 E: -20.162029535301 G: 3.8e-04
 Step:  356 E: -20.162029549358 G: 3.7e-04
 Step:  357 E: -20.162029563157 G: 3.7e-04
 Step:  358 E: -20.162029576703 G: 3.7e-04
 Step:  359 E: -20.162029590000 G: 3.6e-04
 Step:  360 E: -20.162029603051 G: 3.6e-04
 Step:  361 E: -20.162029615864 G: 3.6e-04
 Step:  362 E: -20.162029628440 G: 3.5e-04
 Step:  363 E: -20.162029640785 G: 3.5e-04
 Step:  364 E: -20.162029652904 G: 3.5e-04
 Step:  365 E: -20.162029664799 G: 3.4e-04
 Step:  366 E: -20.162029676476 G: 3.4e-04
 Step:  367 E: -20.162029687939 G: 3.4e-04
 Step:  368 E: -20.162029699190 G: 3.3e-04
 Step:  369 E: -20.162029710235 G: 3.3e-04
 Step:  370 E: -20.162029721077 G: 3.3e-04
 Step:  371 E: -20.162029731719 G: 3.2e-04
 Step:  372 E: -20.162029742166 G: 3.2e-04
 Step:  373 E: -20.162029752421 G: 3.2e-04
 Step:  374 E: -20.162029762488 G: 3.2e-04
 Step:  375 E: -20.162029772369 G: 3.1e-04
 Step:  376 E: -20.162029782069 G: 3.1e-04
 Step:  377 E: -20.162029791590 G: 3.1e-04
 Step:  378 E: -20.162029800937 G: 3.0e-04
 Step:  379 E: -20.162029810112 G: 3.0e-04
 Step:  380 E: -20.162029819118 G: 3.0e-04
 Step:  381 E: -20.162029827959 G: 3.0e-04
 Step:  382 E: -20.162029836637 G: 2.9e-04
 Step:  383 E: -20.162029845156 G: 2.9e-04
 Step:  384 E: -20.162029853519 G: 2.9e-04
 Step:  385 E: -20.162029861727 G: 2.8e-04
 Step:  386 E: -20.162029869785 G: 2.8e-04
 Step:  387 E: -20.162029877695 G: 2.8e-04
 Step:  388 E: -20.162029885460 G: 2.8e-04
 Step:  389 E: -20.162029893082 G: 2.7e-04
 Step:  390 E: -20.162029900564 G: 2.7e-04
 Step:  391 E: -20.162029907908 G: 2.7e-04
 Step:  392 E: -20.162029915118 G: 2.7e-04
 Step:  393 E: -20.162029922195 G: 2.6e-04
 Step:  394 E: -20.162029929142 G: 2.6e-04
 Step:  395 E: -20.162029935962 G: 2.6e-04
 Step:  396 E: -20.162029942656 G: 2.6e-04
 Step:  397 E: -20.162029949228 G: 2.5e-04
 Step:  398 E: -20.162029955678 G: 2.5e-04
 Step:  399 E: -20.162029962011 G: 2.5e-04
 Step:  400 E: -20.162029968227 G: 2.5e-04
 Step:  401 E: -20.162029974328 G: 2.5e-04
 Step:  402 E: -20.162029980318 G: 2.4e-04
 Step:  403 E: -20.162029986198 G: 2.4e-04
 Step:  404 E: -20.162029991970 G: 2.4e-04
 Step:  405 E: -20.162029997636 G: 2.4e-04
 Step:  406 E: -20.162030003197 G: 2.3e-04
 Step:  407 E: -20.162030008657 G: 2.3e-04
 Step:  408 E: -20.162030014016 G: 2.3e-04
 Step:  409 E: -20.162030019278 G: 2.3e-04
 Step:  410 E: -20.162030024442 G: 2.3e-04
 Step:  411 E: -20.162030029512 G: 2.2e-04
 Step:  412 E: -20.162030034488 G: 2.2e-04
 Step:  413 E: -20.162030039374 G: 2.2e-04
 Step:  414 E: -20.162030044169 G: 2.2e-04
 Step:  415 E: -20.162030048877 G: 2.2e-04
 Step:  416 E: -20.162030053498 G: 2.1e-04
 Step:  417 E: -20.162030058034 G: 2.1e-04
 Step:  418 E: -20.162030062487 G: 2.1e-04
 Step:  419 E: -20.162030066859 G: 2.1e-04
 Step:  420 E: -20.162030071150 G: 2.1e-04
 Step:  421 E: -20.162030075362 G: 2.0e-04
 Step:  422 E: -20.162030079497 G: 2.0e-04
 Step:  423 E: -20.162030083557 G: 2.0e-04
 Step:  424 E: -20.162030087541 G: 2.0e-04
 Step:  425 E: -20.162030091453 G: 2.0e-04
 Step:  426 E: -20.162030095293 G: 1.9e-04
 Step:  427 E: -20.162030099062 G: 1.9e-04
 Step:  428 E: -20.162030102762 G: 1.9e-04
 Step:  429 E: -20.162030106394 G: 1.9e-04
 Step:  430 E: -20.162030109960 G: 1.9e-04
 Step:  431 E: -20.162030113461 G: 1.9e-04
 Step:  432 E: -20.162030116897 G: 1.8e-04
 Step:  433 E: -20.162030120270 G: 1.8e-04
 Step:  434 E: -20.162030123581 G: 1.8e-04
 Step:  435 E: -20.162030126831 G: 1.8e-04
 Step:  436 E: -20.162030130022 G: 1.8e-04
 Step:  437 E: -20.162030133154 G: 1.8e-04
 Step:  438 E: -20.162030136229 G: 1.7e-04
 Step:  439 E: -20.162030139247 G: 1.7e-04
 Step:  440 E: -20.162030142211 G: 1.7e-04
 Step:  441 E: -20.162030145119 G: 1.7e-04
 Step:  442 E: -20.162030147975 G: 1.7e-04
 Step:  443 E: -20.162030150778 G: 1.7e-04
 Step:  444 E: -20.162030153529 G: 1.6e-04
 Step:  445 E: -20.162030156230 G: 1.6e-04
 Step:  446 E: -20.162030158882 G: 1.6e-04
 Step:  447 E: -20.162030161485 G: 1.6e-04
 Step:  448 E: -20.162030164041 G: 1.6e-04
 Step:  449 E: -20.162030166549 G: 1.6e-04
 Step:  450 E: -20.162030169011 G: 1.6e-04
 Step:  451 E: -20.162030171429 G: 1.5e-04
 Step:  452 E: -20.162030173802 G: 1.5e-04
 Step:  453 E: -20.162030176131 G: 1.5e-04
 Step:  454 E: -20.162030178418 G: 1.5e-04
 Step:  455 E: -20.162030180663 G: 1.5e-04
 Step:  456 E: -20.162030182867 G: 1.5e-04
 Step:  457 E: -20.162030185030 G: 1.5e-04
 Step:  458 E: -20.162030187154 G: 1.4e-04
 Step:  459 E: -20.162030189239 G: 1.4e-04
 Step:  460 E: -20.162030191285 G: 1.4e-04
 Step:  461 E: -20.162030193294 G: 1.4e-04
 Step:  462 E: -20.162030195266 G: 1.4e-04
 Step:  463 E: -20.162030197203 G: 1.4e-04
 Step:  464 E: -20.162030199103 G: 1.4e-04
 Step:  465 E: -20.162030200969 G: 1.4e-04
 Step:  466 E: -20.162030202800 G: 1.3e-04
 Step:  467 E: -20.162030204599 G: 1.3e-04
 Step:  468 E: -20.162030206364 G: 1.3e-04
 Step:  469 E: -20.162030208097 G: 1.3e-04
 Step:  470 E: -20.162030209797 G: 1.3e-04
 Step:  471 E: -20.162030211467 G: 1.3e-04
 Step:  472 E: -20.162030213107 G: 1.3e-04
 Step:  473 E: -20.162030214716 G: 1.3e-04
 Step:  474 E: -20.162030216296 G: 1.2e-04
 Step:  475 E: -20.162030217847 G: 1.2e-04
 Step:  476 E: -20.162030219369 G: 1.2e-04
 Step:  477 E: -20.162030220863 G: 1.2e-04
 Step:  478 E: -20.162030222331 G: 1.2e-04
 Step:  479 E: -20.162030223771 G: 1.2e-04
 Step:  480 E: -20.162030225185 G: 1.2e-04
 Step:  481 E: -20.162030226573 G: 1.2e-04
 Step:  482 E: -20.162030227935 G: 1.2e-04
 Step:  483 E: -20.162030229273 G: 1.1e-04
 Step:  484 E: -20.162030230586 G: 1.1e-04
 Step:  485 E: -20.162030231876 G: 1.1e-04
 Step:  486 E: -20.162030233141 G: 1.1e-04
 Step:  487 E: -20.162030234383 G: 1.1e-04
 Step:  488 E: -20.162030235603 G: 1.1e-04
 Step:  489 E: -20.162030236800 G: 1.1e-04
 Step:  490 E: -20.162030237976 G: 1.1e-04
 Step:  491 E: -20.162030239129 G: 1.1e-04
 Step:  492 E: -20.162030240262 G: 1.1e-04
 Step:  493 E: -20.162030241374 G: 1.0e-04
 Step:  494 E: -20.162030242466 G: 1.0e-04
 Step:  495 E: -20.162030243537 G: 1.0e-04
 Step:  496 E: -20.162030244590 G: 1.0e-04
 Step:  497 E: -20.162030245622 G: 1.0e-04
 Step:  498 E: -20.162030246636 G: 1.0e-04
 Step:  499 E: -20.162030247632 G: 9.9e-05
 Step:  500 E: -20.162030248609 G: 9.8e-05
 Step:  501 E: -20.162030249568 G: 9.7e-05
 Step:  502 E: -20.162030250509 G: 9.6e-05
 Step:  503 E: -20.162030251434 G: 9.5e-05
 Step:  504 E: -20.162030252342 G: 9.5e-05
 Step:  505 E: -20.162030253232 G: 9.4e-05
 Step:  506 E: -20.162030254107 G: 9.3e-05
 Step:  507 E: -20.162030254966 G: 9.2e-05
 Step:  508 E: -20.162030255809 G: 9.1e-05
 Step:  509 E: -20.162030256636 G: 9.0e-05
 Step:  510 E: -20.162030257449 G: 9.0e-05
 Step:  511 E: -20.162030258246 G: 8.9e-05
 Step:  512 E: -20.162030259029 G: 8.8e-05
 Step:  513 E: -20.162030259798 G: 8.7e-05
 Step:  514 E: -20.162030260552 G: 8.6e-05
 Step:  515 E: -20.162030261293 G: 8.5e-05
 Step:  516 E: -20.162030262020 G: 8.5e-05
 Step:  517 E: -20.162030262734 G: 8.4e-05
 Step:  518 E: -20.162030263435 G: 8.3e-05
 Step:  519 E: -20.162030264123 G: 8.2e-05
 Step:  520 E: -20.162030264799 G: 8.2e-05
 Step:  521 E: -20.162030265462 G: 8.1e-05
 Step:  522 E: -20.162030266113 G: 8.0e-05
 Step:  523 E: -20.162030266752 G: 7.9e-05
 Step:  524 E: -20.162030267379 G: 7.9e-05
 Step:  525 E: -20.162030267995 G: 7.8e-05
 Step:  526 E: -20.162030268600 G: 7.7e-05
 Step:  527 E: -20.162030269193 G: 7.7e-05
 Step:  528 E: -20.162030269776 G: 7.6e-05
 Step:  529 E: -20.162030270348 G: 7.5e-05
 Step:  530 E: -20.162030270910 G: 7.4e-05
 Step:  531 E: -20.162030271462 G: 7.4e-05
 Step:  532 E: -20.162030272003 G: 7.3e-05
 Step:  533 E: -20.162030272534 G: 7.2e-05
 Step:  534 E: -20.162030273056 G: 7.2e-05
 Step:  535 E: -20.162030273568 G: 7.1e-05
 Step:  536 E: -20.162030274071 G: 7.0e-05
 Step:  537 E: -20.162030274565 G: 7.0e-05
 Step:  538 E: -20.162030275049 G: 6.9e-05
 Step:  539 E: -20.162030275525 G: 6.9e-05
 Step:  540 E: -20.162030275992 G: 6.8e-05
 Step:  541 E: -20.162030276451 G: 6.7e-05
 Step:  542 E: -20.162030276901 G: 6.7e-05
 Step:  543 E: -20.162030277343 G: 6.6e-05
 Step:  544 E: -20.162030277777 G: 6.5e-05
 Step:  545 E: -20.162030278203 G: 6.5e-05
 Step:  546 E: -20.162030278621 G: 6.4e-05
 Step:  547 E: -20.162030279031 G: 6.4e-05
 Step:  548 E: -20.162030279434 G: 6.3e-05
 Step:  549 E: -20.162030279830 G: 6.2e-05
 Step:  550 E: -20.162030280219 G: 6.2e-05
 Step:  551 E: -20.162030280600 G: 6.1e-05
 Step:  552 E: -20.162030280974 G: 6.1e-05
 Step:  553 E: -20.162030281342 G: 6.0e-05
 Step:  554 E: -20.162030281703 G: 6.0e-05
 Step:  555 E: -20.162030282057 G: 5.9e-05
 Step:  556 E: -20.162030282405 G: 5.9e-05
 Step:  557 E: -20.162030282746 G: 5.8e-05
 Step:  558 E: -20.162030283082 G: 5.7e-05
 Step:  559 E: -20.162030283411 G: 5.7e-05
 Step:  560 E: -20.162030283734 G: 5.6e-05
 Step:  561 E: -20.162030284051 G: 5.6e-05
 Step:  562 E: -20.162030284362 G: 5.5e-05
 Step:  563 E: -20.162030284668 G: 5.5e-05
 Step:  564 E: -20.162030284968 G: 5.4e-05
 Step:  565 E: -20.162030285263 G: 5.4e-05
 Step:  566 E: -20.162030285552 G: 5.3e-05
 Step:  567 E: -20.162030285836 G: 5.3e-05
 Step:  568 E: -20.162030286115 G: 5.2e-05
 Step:  569 E: -20.162030286389 G: 5.2e-05
 Step:  570 E: -20.162030286658 G: 5.1e-05
 Step:  571 E: -20.162030286922 G: 5.1e-05
 Step:  572 E: -20.162030287180 G: 5.1e-05
 Step:  573 E: -20.162030287435 G: 5.0e-05
 Step:  574 E: -20.162030287684 G: 5.0e-05
 Step:  575 E: -20.162030287930 G: 4.9e-05
 Step:  576 E: -20.162030288170 G: 4.9e-05
 Step:  577 E: -20.162030288407 G: 4.8e-05
 Step:  578 E: -20.162030288639 G: 4.8e-05
 Step:  579 E: -20.162030288866 G: 4.7e-05
 Step:  580 E: -20.162030289090 G: 4.7e-05
 Step:  581 E: -20.162030289309 G: 4.7e-05
 Step:  582 E: -20.162030289525 G: 4.6e-05
 Step:  583 E: -20.162030289736 G: 4.6e-05
 Step:  584 E: -20.162030289944 G: 4.5e-05
 Step:  585 E: -20.162030290148 G: 4.5e-05
 Step:  586 E: -20.162030290348 G: 4.4e-05
 Step:  587 E: -20.162030290545 G: 4.4e-05
 Step:  588 E: -20.162030290738 G: 4.4e-05
 Step:  589 E: -20.162030290927 G: 4.3e-05
 Step:  590 E: -20.162030291113 G: 4.3e-05
 Step:  591 E: -20.162030291296 G: 4.2e-05
 Step:  592 E: -20.162030291475 G: 4.2e-05
 Step:  593 E: -20.162030291651 G: 4.2e-05
 Step:  594 E: -20.162030291824 G: 4.1e-05
 Step:  595 E: -20.162030291994 G: 4.1e-05
 Step:  596 E: -20.162030292160 G: 4.1e-05
 Step:  597 E: -20.162030292324 G: 4.0e-05
 Step:  598 E: -20.162030292484 G: 4.0e-05
 Step:  599 E: -20.162030292642 G: 3.9e-05
 Step:  600 E: -20.162030292797 G: 3.9e-05
 Step:  601 E: -20.162030292949 G: 3.9e-05
 Step:  602 E: -20.162030293098 G: 3.8e-05
 Step:  603 E: -20.162030293244 G: 3.8e-05
 Step:  604 E: -20.162030293388 G: 3.8e-05
 Step:  605 E: -20.162030293529 G: 3.7e-05
 Step:  606 E: -20.162030293668 G: 3.7e-05
 Step:  607 E: -20.162030293804 G: 3.7e-05
 Step:  608 E: -20.162030293938 G: 3.6e-05
 Step:  609 E: -20.162030294069 G: 3.6e-05
 Step:  610 E: -20.162030294198 G: 3.6e-05
 Step:  611 E: -20.162030294324 G: 3.5e-05
 Step:  612 E: -20.162030294448 G: 3.5e-05
 Step:  613 E: -20.162030294570 G: 3.5e-05
 Step:  614 E: -20.162030294690 G: 3.4e-05
 Step:  615 E: -20.162030294807 G: 3.4e-05
 Step:  616 E: -20.162030294922 G: 3.4e-05
 Step:  617 E: -20.162030295036 G: 3.3e-05
 Step:  618 E: -20.162030295147 G: 3.3e-05
 Step:  619 E: -20.162030295256 G: 3.3e-05
 Step:  620 E: -20.162030295363 G: 3.3e-05
 Step:  621 E: -20.162030295468 G: 3.2e-05
 Step:  622 E: -20.162030295572 G: 3.2e-05
 Step:  623 E: -20.162030295673 G: 3.2e-05
 Step:  624 E: -20.162030295773 G: 3.1e-05
 Step:  625 E: -20.162030295870 G: 3.1e-05
 Step:  626 E: -20.162030295966 G: 3.1e-05
 Step:  627 E: -20.162030296061 G: 3.0e-05
 Step:  628 E: -20.162030296153 G: 3.0e-05
 Step:  629 E: -20.162030296244 G: 3.0e-05
 Step:  630 E: -20.162030296333 G: 3.0e-05
 Step:  631 E: -20.162030296421 G: 2.9e-05
 Step:  632 E: -20.162030296507 G: 2.9e-05
 Step:  633 E: -20.162030296591 G: 2.9e-05
 Step:  634 E: -20.162030296674 G: 2.9e-05
 Step:  635 E: -20.162030296755 G: 2.8e-05
 Step:  636 E: -20.162030296835 G: 2.8e-05
 Step:  637 E: -20.162030296914 G: 2.8e-05
 Step:  638 E: -20.162030296991 G: 2.8e-05
 Step:  639 E: -20.162030297066 G: 2.7e-05
 Step:  640 E: -20.162030297141 G: 2.7e-05
 Step:  641 E: -20.162030297214 G: 2.7e-05
 Step:  642 E: -20.162030297285 G: 2.7e-05
 Step:  643 E: -20.162030297356 G: 2.6e-05
 Step:  644 E: -20.162030297424 G: 2.6e-05
 Step:  645 E: -20.162030297492 G: 2.6e-05
 Step:  646 E: -20.162030297559 G: 2.6e-05
 Step:  647 E: -20.162030297624 G: 2.5e-05
 Step:  648 E: -20.162030297688 G: 2.5e-05
 Step:  649 E: -20.162030297751 G: 2.5e-05
 Step:  650 E: -20.162030297813 G: 2.5e-05
 Step:  651 E: -20.162030297874 G: 2.4e-05
 Step:  652 E: -20.162030297933 G: 2.4e-05
 Step:  653 E: -20.162030297992 G: 2.4e-05
 Step:  654 E: -20.162030298049 G: 2.4e-05
 Step:  655 E: -20.162030298106 G: 2.4e-05
 Step:  656 E: -20.162030298161 G: 2.3e-05
 Step:  657 E: -20.162030298215 G: 2.3e-05
 Step:  658 E: -20.162030298269 G: 2.3e-05
 Step:  659 E: -20.162030298321 G: 2.3e-05
 Step:  660 E: -20.162030298373 G: 2.3e-05
 Step:  661 E: -20.162030298423 G: 2.2e-05
 Step:  662 E: -20.162030298473 G: 2.2e-05
 Step:  663 E: -20.162030298522 G: 2.2e-05
 Step:  664 E: -20.162030298569 G: 2.2e-05
 Step:  665 E: -20.162030298616 G: 2.2e-05
 Step:  666 E: -20.162030298662 G: 2.1e-05
 Step:  667 E: -20.162030298708 G: 2.1e-05
 Step:  668 E: -20.162030298752 G: 2.1e-05
 Step:  669 E: -20.162030298796 G: 2.1e-05
 Step:  670 E: -20.162030298839 G: 2.1e-05
 Step:  671 E: -20.162030298881 G: 2.0e-05
 Step:  672 E: -20.162030298922 G: 2.0e-05
 Step:  673 E: -20.162030298963 G: 2.0e-05
 Step:  674 E: -20.162030299002 G: 2.0e-05
 Step:  675 E: -20.162030299042 G: 2.0e-05
 Step:  676 E: -20.162030299080 G: 1.9e-05
 Step:  677 E: -20.162030299117 G: 1.9e-05
 Step:  678 E: -20.162030299155 G: 1.9e-05
 Step:  679 E: -20.162030299191 G: 1.9e-05
 Step:  680 E: -20.162030299227 G: 1.9e-05
 Step:  681 E: -20.162030299262 G: 1.9e-05
 Step:  682 E: -20.162030299296 G: 1.8e-05
 Step:  683 E: -20.162030299330 G: 1.8e-05
 Step:  684 E: -20.162030299363 G: 1.8e-05
 Step:  685 E: -20.162030299396 G: 1.8e-05
 Step:  686 E: -20.162030299428 G: 1.8e-05
 Step:  687 E: -20.162030299459 G: 1.8e-05
 Step:  688 E: -20.162030299490 G: 1.7e-05
 Step:  689 E: -20.162030299520 G: 1.7e-05
 Step:  690 E: -20.162030299550 G: 1.7e-05
 Step:  691 E: -20.162030299579 G: 1.7e-05
 Step:  692 E: -20.162030299608 G: 1.7e-05
 Step:  693 E: -20.162030299636 G: 1.7e-05
 Step:  694 E: -20.162030299664 G: 1.7e-05
 Step:  695 E: -20.162030299691 G: 1.6e-05
 Step:  696 E: -20.162030299717 G: 1.6e-05
 Step:  697 E: -20.162030299743 G: 1.6e-05
 Step:  698 E: -20.162030299769 G: 1.6e-05
 Step:  699 E: -20.162030299794 G: 1.6e-05
 Step:  700 E: -20.162030299819 G: 1.6e-05
 Step:  701 E: -20.162030299843 G: 1.5e-05
 Step:  702 E: -20.162030299867 G: 1.5e-05
 Step:  703 E: -20.162030299890 G: 1.5e-05
 Step:  704 E: -20.162030299914 G: 1.5e-05
 Step:  705 E: -20.162030299936 G: 1.5e-05
 Step:  706 E: -20.162030299958 G: 1.5e-05
 Step:  707 E: -20.162030299980 G: 1.5e-05
 Step:  708 E: -20.162030300002 G: 1.5e-05
 Step:  709 E: -20.162030300023 G: 1.4e-05
 Step:  710 E: -20.162030300043 G: 1.4e-05
 Step:  711 E: -20.162030300064 G: 1.4e-05
 Step:  712 E: -20.162030300083 G: 1.4e-05
 Step:  713 E: -20.162030300103 G: 1.4e-05
 Step:  714 E: -20.162030300122 G: 1.4e-05
 Step:  715 E: -20.162030300141 G: 1.4e-05
 Step:  716 E: -20.162030300159 G: 1.4e-05
 Step:  717 E: -20.162030300178 G: 1.3e-05
 Step:  718 E: -20.162030300196 G: 1.3e-05
 Step:  719 E: -20.162030300213 G: 1.3e-05
 Step:  720 E: -20.162030300230 G: 1.3e-05
 Step:  721 E: -20.162030300247 G: 1.3e-05
 Step:  722 E: -20.162030300264 G: 1.3e-05
 Step:  723 E: -20.162030300280 G: 1.3e-05
 Step:  724 E: -20.162030300296 G: 1.3e-05
 Step:  725 E: -20.162030300312 G: 1.2e-05
 Step:  726 E: -20.162030300327 G: 1.2e-05
 Step:  727 E: -20.162030300342 G: 1.2e-05
 Step:  728 E: -20.162030300357 G: 1.2e-05
 Step:  729 E: -20.162030300372 G: 1.2e-05
 Step:  730 E: -20.162030300386 G: 1.2e-05
 Step:  731 E: -20.162030300400 G: 1.2e-05
 Step:  732 E: -20.162030300414 G: 1.2e-05
 Step:  733 E: -20.162030300428 G: 1.2e-05
 Step:  734 E: -20.162030300441 G: 1.1e-05
 Step:  735 E: -20.162030300454 G: 1.1e-05
 Step:  736 E: -20.162030300467 G: 1.1e-05
 Step:  737 E: -20.162030300479 G: 1.1e-05
 Step:  738 E: -20.162030300492 G: 1.1e-05
 Step:  739 E: -20.162030300504 G: 1.1e-05
 Step:  740 E: -20.162030300516 G: 1.1e-05
 Step:  741 E: -20.162030300528 G: 1.1e-05
 Step:  742 E: -20.162030300539 G: 1.1e-05
 Step:  743 E: -20.162030300551 G: 1.1e-05
 Step:  744 E: -20.162030300562 G: 1.0e-05
 Step:  745 E: -20.162030300572 G: 1.0e-05
 Step:  746 E: -20.162030300583 G: 1.0e-05
 Step:  747 E: -20.162030300594 G: 1.0e-05
 Step:  748 E: -20.162030300604 G: 1.0e-05
 Step:  749 E: -20.162030300614 G: 1.0e-05
 Step:  750 E: -20.162030300624 G: 9.9e-06
 Step:  751 E: -20.162030300634 G: 9.8e-06
 Step:  752 E: -20.162030300644 G: 9.7e-06
 Step:  753 E: -20.162030300653 G: 9.6e-06
 Step:  754 E: -20.162030300662 G: 9.6e-06
 Step:  755 E: -20.162030300671 G: 9.5e-06
 Step:  756 E: -20.162030300680 G: 9.4e-06
 Step:  757 E: -20.162030300689 G: 9.3e-06
 Step:  758 E: -20.162030300698 G: 9.2e-06
 Step:  759 E: -20.162030300706 G: 9.1e-06
 Step:  760 E: -20.162030300714 G: 9.1e-06
 Step:  761 E: -20.162030300723 G: 9.0e-06
 Step:  762 E: -20.162030300731 G: 8.9e-06
 Step:  763 E: -20.162030300738 G: 8.8e-06
 Step:  764 E: -20.162030300746 G: 8.7e-06
 Step:  765 E: -20.162030300754 G: 8.6e-06
 Step:  766 E: -20.162030300761 G: 8.6e-06
 Step:  767 E: -20.162030300768 G: 8.5e-06
 Step:  768 E: -20.162030300776 G: 8.4e-06
 Step:  769 E: -20.162030300783 G: 8.3e-06
 Step:  770 E: -20.162030300790 G: 8.3e-06
 Step:  771 E: -20.162030300796 G: 8.2e-06
 Step:  772 E: -20.162030300803 G: 8.1e-06
 Step:  773 E: -20.162030300810 G: 8.0e-06
 Step:  774 E: -20.162030300816 G: 8.0e-06
 Step:  775 E: -20.162030300823 G: 7.9e-06
 Step:  776 E: -20.162030300829 G: 7.8e-06
 Step:  777 E: -20.162030300835 G: 7.8e-06
 Step:  778 E: -20.162030300841 G: 7.7e-06
 Step:  779 E: -20.162030300847 G: 7.6e-06
 Step:  780 E: -20.162030300852 G: 7.6e-06
 Step:  781 E: -20.162030300858 G: 7.5e-06
 Step:  782 E: -20.162030300864 G: 7.4e-06
 Step:  783 E: -20.162030300869 G: 7.3e-06
 Step:  784 E: -20.162030300874 G: 7.3e-06
 Step:  785 E: -20.162030300880 G: 7.2e-06
 Step:  786 E: -20.162030300885 G: 7.2e-06
 Step:  787 E: -20.162030300890 G: 7.1e-06
 Step:  788 E: -20.162030300895 G: 7.0e-06
 Step:  789 E: -20.162030300900 G: 7.0e-06
 Step:  790 E: -20.162030300905 G: 6.9e-06
 Step:  791 E: -20.162030300910 G: 6.8e-06
 Step:  792 E: -20.162030300914 G: 6.8e-06
 Step:  793 E: -20.162030300919 G: 6.7e-06
 Step:  794 E: -20.162030300923 G: 6.7e-06
 Step:  795 E: -20.162030300928 G: 6.6e-06
 Step:  796 E: -20.162030300932 G: 6.5e-06
 Step:  797 E: -20.162030300936 G: 6.5e-06
 Step:  798 E: -20.162030300940 G: 6.4e-06
 Step:  799 E: -20.162030300945 G: 6.4e-06
 Step:  800 E: -20.162030300949 G: 6.3e-06
134.313677 seconds (30.33 M allocations: 99.110 GiB, 14.30% gc time)
 Solve OO-CMF with DIIS
 ooCMF Iter:    1 Total= -20.157997332798 G=    2.678e-01 #SS:    1
 ooCMF Iter:    2 Total= -20.161363124796 G=    5.571e-02 #SS:    2
 ooCMF Iter:    3 Total= -20.161518219779 G=    1.015e-02 #SS:    3
 ooCMF Iter:    4 Total= -20.161528161945 G=    9.608e-03 #SS:    4
 ooCMF Iter:    5 Total= -20.161537227297 G=    9.489e-03 #SS:    5
 ooCMF Iter:    6 Total= -20.161635472392 G=    8.515e-03 #SS:    6
 ooCMF Iter:    7 Total= -20.162011257102 G=    2.069e-03 #SS:    7
 ooCMF Iter:    8 Total= -20.162028394449 G=    7.548e-04 #SS:    8
 ooCMF Iter:    9 Total= -20.162028449530 G=    7.312e-04 #SS:    9
 ooCMF Iter:   10 Total= -20.162028586497 G=    6.964e-04 #SS:   10
 ooCMF Iter:   11 Total= -20.162029746886 G=    3.467e-04 #SS:   11
 ooCMF Iter:   12 Total= -20.162029883242 G=    2.926e-04 #SS:   12
 ooCMF Iter:   13 Total= -20.162029898417 G=    2.873e-04 #SS:   13
 ooCMF Iter:   14 Total= -20.162029982279 G=    2.584e-04 #SS:   14
 ooCMF Iter:   15 Total= -20.162030290725 G=    5.113e-05 #SS:   15
 ooCMF Iter:   16 Total= -20.162030294780 G=    3.788e-05 #SS:   16
 ooCMF Iter:   17 Total= -20.162030294992 G=    3.705e-05 #SS:   17
 ooCMF Iter:   18 Total= -20.162030296529 G=    3.234e-05 #SS:   18
 ooCMF Iter:   19 Total= -20.162030299608 G=    1.708e-05 #SS:   19
 ooCMF Iter:   20 Total= -20.162030299789 G=    1.647e-05 #SS:   20
 ooCMF Iter:   21 Total= -20.162030299906 G=    1.574e-05 #SS:   21
 ooCMF Iter:   22 Total= -20.162030300609 G=    1.012e-05 #SS:   22
 ooCMF Iter:   23 Total= -20.162030300976 G=    4.666e-06 #SS:   23
 ooCMF Iter:   24 Total= -20.162030300979 G=    4.626e-06 #SS:   24
 ooCMF Iter:   25 Total= -20.162030300991 G=    4.468e-06 #SS:   24
 ooCMF Iter:   26 Total= -20.162030301130 G=    2.613e-06 #SS:   24
 ooCMF Iter:   27 Total= -20.162030301147 G=    1.950e-06 #SS:   24
 ooCMF Iter:   28 Total= -20.162030301148 G=    1.908e-06 #SS:   24
 ooCMF Iter:   29 Total= -20.162030301153 G=    1.668e-06 #SS:   24
 ooCMF Iter:   30 Total= -20.162030301166 G=    9.623e-07 #SS:   24
 ooCMF Iter:   31 Total= -20.162030301167 G=    9.475e-07 #SS:   24
 ooCMF Iter:   32 Total= -20.162030301167 G=    8.805e-07 #SS:   24
 ooCMF Iter:   33 Total= -20.162030301172 G=    3.250e-07 #SS:   24
 ooCMF Iter:   34 Total= -20.162030301172 G=    1.560e-07 #SS:   24
 ooCMF Iter:   35 Total= -20.162030301172 G=    1.486e-07 #SS:   24
 ooCMF Iter:   36 Total= -20.162030301172 G=    1.448e-07 #SS:   24
 ooCMF Iter:   37 Total= -20.162030301172 G=    1.030e-07 #SS:   24
 ooCMF Iter:   38 Total= -20.162030301172 G=    5.636e-08 #SS:   24
 ooCMF Iter:   39 Total= -20.162030301172 G=    4.251e-08 #SS:   24
 ooCMF Iter:   40 Total= -20.162030301172 G=    1.744e-08 #SS:   24
 ooCMF Iter:   41 Total= -20.162030301172 G=    1.662e-08 #SS:   24
 ooCMF Iter:   42 Total= -20.162030301172 G=    1.643e-08 #SS:   24
 ooCMF Iter:   43 Total= -20.162030301172 G=    1.595e-08 #SS:   24
 ooCMF Iter:   44 Total= -20.162030301172 G=    1.450e-08 #SS:   24
*ooCMF Iter:   45 Total= -20.162030301172 G=    8.133e-09 #SS:   24
 16.172079 seconds (17.83 M allocations: 14.663 GiB, 12.99% gc time, 0.08% compilation time)
 Solve OO-CMF with DIIS
 ooCMF Iter:    1 Total= -20.161494555392 G=    8.025e-02 #SS:    1
 ooCMF Iter:    2 Total= -20.161985853892 G=    3.334e-02 #SS:    2
 ooCMF Iter:    3 Total= -20.162029538628 G=    4.153e-03 #SS:    3
 ooCMF Iter:    4 Total= -20.162030296104 G=    3.409e-04 #SS:    4
 ooCMF Iter:    5 Total= -20.162030301088 G=    4.204e-05 #SS:    5
 ooCMF Iter:    6 Total= -20.162030301172 G=    2.981e-06 #SS:    6
 ooCMF Iter:    7 Total= -20.162030301172 G=    4.300e-07 #SS:    7
 ooCMF Iter:    8 Total= -20.162030301172 G=    6.027e-08 #SS:    8
 ooCMF Iter:    9 Total= -20.162030301172 G=    1.418e-08 #SS:    9
*ooCMF Iter:   10 Total= -20.162030301172 G=    7.447e-09 #SS:   10
  6.772523 seconds (1.06 M allocations: 4.239 GiB, 9.17% gc time)
 Solve OO-CMF with DIIS
 ooCMF Iter:    1 Total= -20.161841274798 G=    2.085e-02 #SS:    1
 ooCMF Iter:    2 Total= -20.162012514383 G=    1.610e-02 #SS:    2
 ooCMF Iter:    3 Total= -20.162029797254 G=    1.626e-03 #SS:    3
 ooCMF Iter:    4 Total= -20.162030257973 G=    3.899e-04 #SS:    4
 ooCMF Iter:    5 Total= -20.162030299312 G=    8.804e-05 #SS:    5
 ooCMF Iter:    6 Total= -20.162030301161 G=    1.199e-05 #SS:    6
 ooCMF Iter:    7 Total= -20.162030301172 G=    1.018e-06 #SS:    7
 ooCMF Iter:    8 Total= -20.162030301172 G=    3.605e-07 #SS:    8
 ooCMF Iter:    9 Total= -20.162030301172 G=    1.596e-08 #SS:    9
*ooCMF Iter:   10 Total= -20.162030301172 G=    2.416e-09 #SS:   10
  9.390051 seconds (1.42 M allocations: 4.146 GiB, 2.97% gc time)
 Solve OO-CMF with newton
 Step:    1 E: -20.066670305890 G:     1.34e+00  
 Step:    2 E: -20.161841274798 G:     2.08e-02  
 Step:    3 E: -20.162030260841 G:     2.88e-04  
 Step:    4 E: -20.162030301028 G:     1.04e-05  
 Step:    5 E: -20.162030301171 G:     6.18e-07  
 Step:    6 E: -20.162030301172 G:     4.40e-08  
 Step:    7 E: -20.162030301172 G:     3.29e-09  
  5.595793 seconds (788.87 k allocations: 1.434 GiB, 5.70% gc time)
 Solve OO-CMF with newton
 Step:    1 E: -20.066670305890 G:     1.34e+00  
 Step:    2 E: -20.161494555392 G:     8.03e-02  
 Step:    3 E: -20.162030204924 G:     7.58e-04  
 Step:    4 E: -20.162030300933 G:     7.78e-06  
 Step:    5 E: -20.162030301171 G:     5.01e-07  
 Step:    6 E: -20.162030301172 G:     3.31e-08  
 Step:    7 E: -20.162030301172 G:     2.19e-09  
  3.465890 seconds (446.16 k allocations: 1.414 GiB, 9.64% gc time)