IDX001:DIM1024:001|002|003|004|005|
IDX002:DIM1024:006|007|008|009|010|
IDX003:DIM1024:011|012|013|014|015|
IDX004:DIM1024:016|017|018|019|020|
IDX005:DIM1024:021|022|023|024|025|
IDX006:DIM1024:026|027|028|029|030|
IDX007:DIM1024:031|032|033|034|035|
IDX008:DIM1024:036|037|038|039|040|
(40, 40) ooCMF Iter:    1 Total= -22.753131993680 Active= -51.525945206536 G=     2.20e+00
 ooCMF Iter:    2 Total= -22.865940859142 Active= -51.638754071998 G=     1.71e+00
 ooCMF Iter:    3 Total= -22.905078783602 Active= -51.677891996458 G=     1.26e+00
 ooCMF Iter:    4 Total= -22.975068755255 Active= -51.747881968111 G=     5.02e-01
 ooCMF Iter:    5 Total= -22.985420419333 Active= -51.758233632189 G=     6.95e-02
 ooCMF Iter:    6 Total= -22.985658113303 Active= -51.758471326160 G=     2.52e-02
 ooCMF Iter:    7 Total= -22.985700569883 Active= -51.758513782739 G=     3.22e-02
 ooCMF Iter:    8 Total= -22.986193770285 Active= -51.759006983141 G=     6.67e-02
 ooCMF Iter:    9 Total= -22.986361735041 Active= -51.759174947897 G=     6.58e-02
 ooCMF Iter:   10 Total= -22.986486567557 Active= -51.759299780414 G=     5.56e-02
 ooCMF Iter:   11 Total= -22.986691476673 Active= -51.759504689530 G=     1.71e-02
 ooCMF Iter:   12 Total= -22.986699237876 Active= -51.759512450732 G=     1.42e-02
 ooCMF Iter:   13 Total= -22.986705577805 Active= -51.759518790661 G=     4.81e-03
 ooCMF Iter:   14 Total= -22.986707162410 Active= -51.759520375266 G=     1.41e-03
 ooCMF Iter:   15 Total= -22.986707462896 Active= -51.759520675752 G=     7.95e-04
 ooCMF Iter:   16 Total= -22.986707833130 Active= -51.759521045986 G=     2.27e-03
 ooCMF Iter:   17 Total= -22.986708126254 Active= -51.759521339110 G=     1.05e-03
 ooCMF Iter:   18 Total= -22.986708226822 Active= -51.759521439678 G=     3.49e-04
 ooCMF Iter:   19 Total= -22.986708236065 Active= -51.759521448921 G=     1.51e-04
 ooCMF Iter:   20 Total= -22.986708237822 Active= -51.759521450678 G=     1.70e-04
 ooCMF Iter:   21 Total= -22.986708240392 Active= -51.759521453248 G=     2.17e-04
 ooCMF Iter:   22 Total= -22.986708245370 Active= -51.759521458226 G=     2.66e-04
 ooCMF Iter:   23 Total= -22.986708246776 Active= -51.759521459632 G=     2.07e-04
 ooCMF Iter:   24 Total= -22.986708253891 Active= -51.759521466747 G=     2.02e-04
 ooCMF Iter:   25 Total= -22.986708255610 Active= -51.759521468466 G=     1.66e-04
 ooCMF Iter:   26 Total= -22.986708256141 Active= -51.759521468997 G=     1.59e-04
 ooCMF Iter:   27 Total= -22.986708257004 Active= -51.759521469860 G=     9.05e-05
 ooCMF Iter:   28 Total= -22.986708257216 Active= -51.759521470073 G=     5.15e-05
 ooCMF Iter:   29 Total= -22.986708257359 Active= -51.759521470215 G=     4.04e-05
 ooCMF Iter:   30 Total= -22.986708257557 Active= -51.759521470413 G=     3.90e-05
 ooCMF Iter:   31 Total= -22.986708257592 Active= -51.759521470448 G=     3.78e-05
 ooCMF Iter:   32 Total= -22.986708257633 Active= -51.759521470489 G=     3.33e-05
 ooCMF Iter:   33 Total= -22.986708257686 Active= -51.759521470542 G=     1.45e-05
 ooCMF Iter:   34 Total= -22.986708257701 Active= -51.759521470557 G=     1.10e-05
 ooCMF Iter:   35 Total= -22.986708257744 Active= -51.759521470600 G=     3.19e-05
 ooCMF Iter:   36 Total= -22.986708257760 Active= -51.759521470617 G=     4.05e-05
 ooCMF Iter:   37 Total= -22.986708257770 Active= -51.759521470626 G=     4.15e-05
 ooCMF Iter:   38 Total= -22.986708257824 Active= -51.759521470680 G=     2.24e-05
 ooCMF Iter:   39 Total= -22.986708257842 Active= -51.759521470698 G=     1.29e-05
 ooCMF Iter:   40 Total= -22.986708257861 Active= -51.759521470717 G=     1.18e-05
 ooCMF Iter:   41 Total= -22.986708257877 Active= -51.759521470733 G=     1.13e-05
 ooCMF Iter:   42 Total= -22.986708257878 Active= -51.759521470734 G=     1.05e-05
 ooCMF Iter:   43 Total= -22.986708257880 Active= -51.759521470737 G=     6.98e-06
 ooCMF Iter:   44 Total= -22.986708257882 Active= -51.759521470738 G=     3.31e-06
 ooCMF Iter:   45 Total= -22.986708257882 Active= -51.759521470738 G=     2.22e-06
 ooCMF Iter:   46 Total= -22.986708257882 Active= -51.759521470739 G=     1.81e-06
 ooCMF Iter:   47 Total= -22.986708257882 Active= -51.759521470739 G=     1.81e-06
 ooCMF Iter:   48 Total= -22.986708257882 Active= -51.759521470738 G=     1.77e-06
 ooCMF Iter:   49 Total= -22.986708257883 Active= -51.759521470739 G=     9.36e-07
 ooCMF Iter:   50 Total= -22.986708257882 Active= -51.759521470739 G=     6.36e-07
 ooCMF Iter:   51 Total= -22.986708257883 Active= -51.759521470739 G=     5.02e-07
 ooCMF Iter:   52 Total= -22.986708257883 Active= -51.759521470739 G=     4.88e-07
 ooCMF Iter:   53 Total= -22.986708257883 Active= -51.759521470739 G=     5.25e-07
 ooCMF Iter:   54 Total= -22.986708257883 Active= -51.759521470739 G=     3.19e-07
 ooCMF Iter:   55 Total= -22.986708257883 Active= -51.759521470739 G=     2.24e-07
 ooCMF Iter:   56 Total= -22.986708257882 Active= -51.759521470738 G=     3.29e-07
 ooCMF Iter:   57 Total= -22.986708257882 Active= -51.759521470739 G=     4.56e-07
 ooCMF Iter:   58 Total= -22.986708257883 Active= -51.759521470739 G=     4.88e-07
 ooCMF Iter:   59 Total= -22.986708257883 Active= -51.759521470739 G=     3.59e-07
 ooCMF Iter:   60 Total= -22.986708257883 Active= -51.759521470739 G=     1.93e-07
 ooCMF Iter:   61 Total= -22.986708257883 Active= -51.759521470740 G=     1.81e-07
 ooCMF Iter:   62 Total= -22.986708257883 Active= -51.759521470739 G=     1.80e-07
 ooCMF Iter:   63 Total= -22.986708257883 Active= -51.759521470739 G=     1.77e-07
 ooCMF Iter:   64 Total= -22.986708257883 Active= -51.759521470739 G=     1.35e-07
 ooCMF Iter:   65 Total= -22.986708257883 Active= -51.759521470739 G=     6.11e-08
 * Status: success

 * Candidate solution
    Final objective value:     -2.298671e+01

 * Found with
    Algorithm:     BFGS

 * Convergence measures
    |x - x'|               = 5.51e-09 ≰ 0.0e+00
    |x - x'|/|x'|          = 1.39e-07 ≰ 0.0e+00
    |f(x) - f(x')|         = 2.13e-13 ≰ 0.0e+00
    |f(x) - f(x')|/|f(x')| = 9.27e-15 ≰ 0.0e+00
    |g(x)|                 = 7.84e-09 ≤ 1.0e-08

 * Work counters
    Seconds run:   58  (vs limit Inf)
    Iterations:    64
    f(x) calls:    137
    ∇f(x) calls:   137

*ooCMF -22.98670826 
 58.478740 seconds (20.07 M allocations: 43.620 GiB, 11.95% gc time)
 ooCMF Iter:    1 Total= -22.753131993680 Active= -51.525945206536 G=     2.20e+00
 ooCMF Iter:    2 Total= -22.976502269876 Active= -51.749315482732 G=     4.29e-01
 ooCMF Iter:    3 Total= -22.985441011505 Active= -51.758254224362 G=     5.21e-02
 ooCMF Iter:    4 Total= -22.985560999485 Active= -51.758374212341 G=     1.67e-02
 ooCMF Iter:    5 Total= -22.985615543402 Active= -51.758428756259 G=     2.93e-02
 ooCMF Iter:    6 Total= -22.986349762917 Active= -51.759162975773 G=     7.80e-02
 ooCMF Iter:    7 Total= -22.986677191697 Active= -51.759490404553 G=     2.29e-02
 ooCMF Iter:    8 Total= -22.986705593593 Active= -51.759518806449 G=     4.33e-03
 ooCMF Iter:    9 Total= -22.986706402183 Active= -51.759519615040 G=     1.02e-03
 ooCMF Iter:   10 Total= -22.986706479913 Active= -51.759519692769 G=     7.50e-04
 ooCMF Iter:   11 Total= -22.986706754235 Active= -51.759519967091 G=     1.46e-03
 ooCMF Iter:   12 Total= -22.986707443472 Active= -51.759520656328 G=     3.68e-03
 ooCMF Iter:   13 Total= -22.986708200850 Active= -51.759521413706 G=     9.79e-04
 ooCMF Iter:   14 Total= -22.986708242040 Active= -51.759521454896 G=     3.96e-04
 ooCMF Iter:   15 Total= -22.986708249280 Active= -51.759521462136 G=     8.89e-05
 ooCMF Iter:   16 Total= -22.986708249737 Active= -51.759521462593 G=     3.98e-05
 ooCMF Iter:   17 Total= -22.986708250335 Active= -51.759521463191 G=     1.07e-04
 ooCMF Iter:   18 Total= -22.986708255616 Active= -51.759521468473 G=     1.64e-04
 ooCMF Iter:   19 Total= -22.986708256925 Active= -51.759521469781 G=     3.98e-05
 ooCMF Iter:   20 Total= -22.986708257010 Active= -51.759521469866 G=     1.27e-05
 ooCMF Iter:   21 Total= -22.986708257021 Active= -51.759521469878 G=     1.13e-05
 ooCMF Iter:   22 Total= -22.986708257050 Active= -51.759521469906 G=     2.51e-05
 ooCMF Iter:   23 Total= -22.986708257498 Active= -51.759521470354 G=     6.92e-05
 ooCMF Iter:   24 Total= -22.986708257633 Active= -51.759521470489 G=     1.99e-05
 ooCMF Iter:   25 Total= -22.986708257654 Active= -51.759521470510 G=     1.80e-05
 ooCMF Iter:   26 Total= -22.986708257671 Active= -51.759521470527 G=     1.76e-05
 ooCMF Iter:   27 Total= -22.986708257691 Active= -51.759521470547 G=     9.13e-06
 ooCMF Iter:   28 Total= -22.986708257703 Active= -51.759521470559 G=     1.19e-05
 ooCMF Iter:   29 Total= -22.986708257746 Active= -51.759521470603 G=     1.56e-05
 ooCMF Iter:   30 Total= -22.986708257799 Active= -51.759521470655 G=     2.63e-05
 ooCMF Iter:   31 Total= -22.986708257843 Active= -51.759521470699 G=     1.66e-05
 ooCMF Iter:   32 Total= -22.986708257863 Active= -51.759521470719 G=     6.19e-06
 ooCMF Iter:   33 Total= -22.986708257865 Active= -51.759521470721 G=     3.67e-06
 ooCMF Iter:   34 Total= -22.986708257866 Active= -51.759521470722 G=     3.25e-06
 ooCMF Iter:   35 Total= -22.986708257867 Active= -51.759521470724 G=     2.54e-06
 ooCMF Iter:   36 Total= -22.986708257867 Active= -51.759521470724 G=     2.37e-06
 ooCMF Iter:   37 Total= -22.986708257868 Active= -51.759521470724 G=     3.44e-06
 ooCMF Iter:   38 Total= -22.986708257870 Active= -51.759521470726 G=     4.72e-06
 ooCMF Iter:   39 Total= -22.986708257875 Active= -51.759521470731 G=     7.97e-06
 ooCMF Iter:   40 Total= -22.986708257877 Active= -51.759521470733 G=     4.89e-06
 ooCMF Iter:   41 Total= -22.986708257879 Active= -51.759521470735 G=     2.14e-06
 ooCMF Iter:   42 Total= -22.986708257879 Active= -51.759521470736 G=     9.35e-07
 ooCMF Iter:   43 Total= -22.986708257879 Active= -51.759521470735 G=     1.35e-06
 ooCMF Iter:   44 Total= -22.986708257880 Active= -51.759521470736 G=     2.36e-06
 ooCMF Iter:   45 Total= -22.986708257880 Active= -51.759521470737 G=     1.87e-06
 ooCMF Iter:   46 Total= -22.986708257881 Active= -51.759521470737 G=     1.17e-06
 ooCMF Iter:   47 Total= -22.986708257881 Active= -51.759521470738 G=     1.98e-06
 ooCMF Iter:   48 Total= -22.986708257882 Active= -51.759521470738 G=     2.69e-06
 ooCMF Iter:   49 Total= -22.986708257882 Active= -51.759521470739 G=     1.23e-06
 ooCMF Iter:   50 Total= -22.986708257883 Active= -51.759521470739 G=     3.81e-07
 ooCMF Iter:   51 Total= -22.986708257882 Active= -51.759521470738 G=     2.03e-07
 ooCMF Iter:   52 Total= -22.986708257883 Active= -51.759521470739 G=     3.65e-07
 ooCMF Iter:   53 Total= -22.986708257882 Active= -51.759521470739 G=     6.80e-07
 ooCMF Iter:   54 Total= -22.986708257882 Active= -51.759521470739 G=     5.16e-07
 ooCMF Iter:   55 Total= -22.986708257883 Active= -51.759521470739 G=     2.40e-07
 ooCMF Iter:   56 Total= -22.986708257883 Active= -51.759521470740 G=     3.72e-08
 * Status: success

 * Candidate solution
    Final objective value:     -2.298671e+01

 * Found with
    Algorithm:     Conjugate Gradient

 * Convergence measures
    |x - x'|               = 3.58e-09 ≰ 0.0e+00
    |x - x'|/|x'|          = 9.04e-08 ≰ 0.0e+00
    |f(x) - f(x')|         = 4.65e-13 ≰ 0.0e+00
    |f(x) - f(x')|/|f(x')| = 2.02e-14 ≰ 0.0e+00
    |g(x)|                 = 6.59e-09 ≤ 1.0e-08

 * Work counters
    Seconds run:   46  (vs limit Inf)
    Iterations:    55
    f(x) calls:    144
    ∇f(x) calls:   98

*ooCMF -22.98670826 
 46.109087 seconds (15.24 M allocations: 35.023 GiB, 12.17% gc time)
 Step:    1 E: -22.753131993680 G: 2.2e+00
 Step:    2 E: -22.974969048467 G: 5.0e-01
 Step:    3 E: -22.984773886119 G: 1.4e-01
 Step:    4 E: -22.985488779662 G: 5.1e-02
 Step:    5 E: -22.985583258997 G: 2.3e-02
 Step:    6 E: -22.985612839360 G: 1.6e-02
 Step:    7 E: -22.985633102772 G: 1.4e-02
 Step:    8 E: -22.985651598067 G: 1.3e-02
 Step:    9 E: -22.985669539019 G: 1.3e-02
 Step:   10 E: -22.985687139122 G: 1.3e-02
 Step:   11 E: -22.985704440350 G: 1.3e-02
 Step:   12 E: -22.985721454087 G: 1.3e-02
 Step:   13 E: -22.985738186111 G: 1.3e-02
 Step:   14 E: -22.985754641112 G: 1.3e-02
 Step:   15 E: -22.985770823530 G: 1.3e-02
 Step:   16 E: -22.985786737699 G: 1.3e-02
 Step:   17 E: -22.985802387888 G: 1.2e-02
 Step:   18 E: -22.985817778299 G: 1.2e-02
 Step:   19 E: -22.985832913075 G: 1.2e-02
 Step:   20 E: -22.985847796294 G: 1.2e-02
 Step:   21 E: -22.985862431974 G: 1.2e-02
 Step:   22 E: -22.985876824080 G: 1.2e-02
 Step:   23 E: -22.985890976508 G: 1.2e-02
 Step:   24 E: -22.985904893103 G: 1.2e-02
 Step:   25 E: -22.985918577652 G: 1.2e-02
 Step:   26 E: -22.985932033881 G: 1.2e-02
 Step:   27 E: -22.985945265464 G: 1.1e-02
 Step:   28 E: -22.985958276020 G: 1.1e-02
 Step:   29 E: -22.985971069111 G: 1.1e-02
 Step:   30 E: -22.985983648247 G: 1.1e-02
 Step:   31 E: -22.985996016885 G: 1.1e-02
 Step:   32 E: -22.986008178428 G: 1.1e-02
 Step:   33 E: -22.986020136229 G: 1.1e-02
 Step:   34 E: -22.986031893591 G: 1.1e-02
 Step:   35 E: -22.986043453762 G: 1.1e-02
 Step:   36 E: -22.986054819946 G: 1.1e-02
 Step:   37 E: -22.986065995295 G: 1.1e-02
 Step:   38 E: -22.986076982913 G: 1.0e-02
 Step:   39 E: -22.986087785857 G: 1.0e-02
 Step:   40 E: -22.986098407137 G: 1.0e-02
 Step:   41 E: -22.986108849715 G: 1.0e-02
 Step:   42 E: -22.986119116511 G: 1.0e-02
 Step:   43 E: -22.986129210395 G: 1.0e-02
 Step:   44 E: -22.986139134196 G: 9.9e-03
 Step:   45 E: -22.986148890698 G: 9.8e-03
 Step:   46 E: -22.986158482642 G: 9.7e-03
 Step:   47 E: -22.986167912728 G: 9.6e-03
 Step:   48 E: -22.986177183610 G: 9.6e-03
 Step:   49 E: -22.986186297902 G: 9.5e-03
 Step:   50 E: -22.986195258183 G: 9.4e-03
 Step:   51 E: -22.986204066981 G: 9.3e-03
 Step:   52 E: -22.986212726793 G: 9.2e-03
 Step:   53 E: -22.986221240073 G: 9.2e-03
 Step:   54 E: -22.986229609238 G: 9.1e-03
 Step:   55 E: -22.986237836664 G: 9.0e-03
 Step:   56 E: -22.986245924697 G: 8.9e-03
 Step:   57 E: -22.986253875634 G: 8.9e-03
 Step:   58 E: -22.986261691746 G: 8.8e-03
 Step:   59 E: -22.986269375266 G: 8.7e-03
 Step:   60 E: -22.986276928386 G: 8.6e-03
 Step:   61 E: -22.986284353271 G: 8.6e-03
 Step:   62 E: -22.986291652046 G: 8.5e-03
 Step:   63 E: -22.986298826805 G: 8.4e-03
 Step:   64 E: -22.986305879607 G: 8.3e-03
 Step:   65 E: -22.986312812479 G: 8.3e-03
 Step:   66 E: -22.986319627416 G: 8.2e-03
 Step:   67 E: -22.986326326382 G: 8.1e-03
 Step:   68 E: -22.986332911305 G: 8.1e-03
 Step:   69 E: -22.986339384087 G: 8.0e-03
 Step:   70 E: -22.986345746598 G: 7.9e-03
 Step:   71 E: -22.986352000679 G: 7.9e-03
 Step:   72 E: -22.986358148137 G: 7.8e-03
 Step:   73 E: -22.986364190756 G: 7.7e-03
 Step:   74 E: -22.986370130287 G: 7.7e-03
 Step:   75 E: -22.986375968454 G: 7.6e-03
 Step:   76 E: -22.986381706954 G: 7.5e-03
 Step:   77 E: -22.986387347455 G: 7.5e-03
 Step:   78 E: -22.986392891600 G: 7.4e-03
 Step:   79 E: -22.986398341003 G: 7.3e-03
 Step:   80 E: -22.986403697253 G: 7.3e-03
 Step:   81 E: -22.986408961914 G: 7.2e-03
 Step:   82 E: -22.986414136524 G: 7.1e-03
 Step:   83 E: -22.986419222596 G: 7.1e-03
 Step:   84 E: -22.986424221616 G: 7.0e-03
 Step:   85 E: -22.986429135051 G: 7.0e-03
 Step:   86 E: -22.986433964339 G: 6.9e-03
 .........................................
 Step: 1315 E: -22.986708257884 G: 2.4e-07
 Step: 1316 E: -22.986708257883 G: 2.3e-07
 Step: 1317 E: -22.986708257884 G: 2.3e-07
 Step: 1318 E: -22.986708257883 G: 2.3e-07
 Step: 1319 E: -22.986708257884 G: 2.3e-07
 Step: 1320 E: -22.986708257884 G: 2.3e-07
 Step: 1321 E: -22.986708257884 G: 2.3e-07
 Step: 1322 E: -22.986708257883 G: 2.3e-07
 Step: 1323 E: -22.986708257883 G: 2.2e-07
 Step: 1324 E: -22.986708257884 G: 2.2e-07
 Step: 1325 E: -22.986708257883 G: 2.2e-07
 Step: 1326 E: -22.986708257883 G: 2.2e-07
 Step: 1327 E: -22.986708257883 G: 2.2e-07
 Step: 1328 E: -22.986708257884 G: 2.2e-07
 Step: 1329 E: -22.986708257884 G: 2.2e-07
 Step: 1330 E: -22.986708257884 G: 2.1e-07
 Step: 1331 E: -22.986708257883 G: 2.1e-07
 Step: 1332 E: -22.986708257884 G: 2.1e-07
 Step: 1333 E: -22.986708257884 G: 2.1e-07
 Step: 1334 E: -22.986708257884 G: 2.1e-07
 Step: 1335 E: -22.986708257884 G: 2.1e-07
 Step: 1336 E: -22.986708257883 G: 2.1e-07
 Step: 1337 E: -22.986708257884 G: 2.1e-07
 Step: 1338 E: -22.986708257883 G: 2.0e-07
 Step: 1339 E: -22.986708257884 G: 2.0e-07
 Step: 1340 E: -22.986708257884 G: 2.0e-07
 Step: 1341 E: -22.986708257884 G: 2.0e-07
 Step: 1342 E: -22.986708257884 G: 2.0e-07
 Step: 1343 E: -22.986708257884 G: 2.0e-07
 Step: 1344 E: -22.986708257884 G: 2.0e-07
 Step: 1345 E: -22.986708257883 G: 2.0e-07
 Step: 1346 E: -22.986708257883 G: 2.0e-07
 Step: 1347 E: -22.986708257883 G: 1.9e-07
 Step: 1348 E: -22.986708257883 G: 1.9e-07
 Step: 1349 E: -22.986708257884 G: 1.9e-07
 Step: 1350 E: -22.986708257883 G: 1.9e-07
 Step: 1351 E: -22.986708257883 G: 1.9e-07
 Step: 1352 E: -22.986708257884 G: 1.9e-07
 Step: 1353 E: -22.986708257883 G: 1.9e-07
 Step: 1354 E: -22.986708257884 G: 1.9e-07
 Step: 1355 E: -22.986708257884 G: 1.9e-07
 Step: 1356 E: -22.986708257884 G: 1.8e-07
 Step: 1357 E: -22.986708257884 G: 1.8e-07
 Step: 1358 E: -22.986708257884 G: 1.8e-07
 Step: 1359 E: -22.986708257884 G: 1.8e-07
 Step: 1360 E: -22.986708257884 G: 1.8e-07
 Step: 1361 E: -22.986708257884 G: 1.8e-07
 Step: 1362 E: -22.986708257883 G: 1.8e-07
 Step: 1363 E: -22.986708257883 G: 1.8e-07
 Step: 1364 E: -22.986708257883 G: 1.8e-07
 Step: 1365 E: -22.986708257883 G: 1.7e-07
 Step: 1366 E: -22.986708257883 G: 1.7e-07
 Step: 1367 E: -22.986708257883 G: 1.7e-07
 Step: 1368 E: -22.986708257883 G: 1.7e-07
 Step: 1369 E: -22.986708257883 G: 1.7e-07
 Step: 1370 E: -22.986708257883 G: 1.7e-07
 Step: 1371 E: -22.986708257883 G: 1.7e-07
 Step: 1372 E: -22.986708257883 G: 1.7e-07
 Step: 1373 E: -22.986708257883 G: 1.7e-07
 Step: 1374 E: -22.986708257883 G: 1.7e-07
 Step: 1375 E: -22.986708257883 G: 1.7e-07
 Step: 1376 E: -22.986708257883 G: 1.6e-07
 Step: 1377 E: -22.986708257884 G: 1.6e-07
 Step: 1378 E: -22.986708257884 G: 1.6e-07
 Step: 1379 E: -22.986708257884 G: 1.6e-07
 Step: 1380 E: -22.986708257883 G: 1.6e-07
 Step: 1381 E: -22.986708257884 G: 1.6e-07
 Step: 1382 E: -22.986708257883 G: 1.6e-07
 Step: 1383 E: -22.986708257883 G: 1.6e-07
 Step: 1384 E: -22.986708257883 G: 1.6e-07
 Step: 1385 E: -22.986708257884 G: 1.6e-07
 Step: 1386 E: -22.986708257884 G: 1.6e-07
 Step: 1387 E: -22.986708257884 G: 1.5e-07
 Step: 1388 E: -22.986708257883 G: 1.5e-07
 Step: 1389 E: -22.986708257884 G: 1.5e-07
 Step: 1390 E: -22.986708257883 G: 1.5e-07
 Step: 1391 E: -22.986708257883 G: 1.5e-07
 Step: 1392 E: -22.986708257883 G: 1.5e-07
 Step: 1393 E: -22.986708257884 G: 1.5e-07
 Step: 1394 E: -22.986708257884 G: 1.5e-07
 Step: 1395 E: -22.986708257883 G: 1.5e-07
 Step: 1396 E: -22.986708257884 G: 1.5e-07
 Step: 1397 E: -22.986708257884 G: 1.5e-07
 Step: 1398 E: -22.986708257884 G: 1.4e-07
 Step: 1399 E: -22.986708257883 G: 1.4e-07
 Step: 1400 E: -22.986708257883 G: 1.4e-07
 Step: 1401 E: -22.986708257884 G: 1.4e-07
 Step: 1402 E: -22.986708257883 G: 1.4e-07
 Step: 1403 E: -22.986708257884 G: 1.4e-07
 Step: 1404 E: -22.986708257884 G: 1.4e-07
 Step: 1405 E: -22.986708257884 G: 1.4e-07
 Step: 1406 E: -22.986708257884 G: 1.4e-07
 Step: 1407 E: -22.986708257884 G: 1.4e-07
 Step: 1408 E: -22.986708257884 G: 1.4e-07
 Step: 1409 E: -22.986708257884 G: 1.4e-07
 Step: 1410 E: -22.986708257884 G: 1.4e-07
 Step: 1411 E: -22.986708257883 G: 1.3e-07
 Step: 1412 E: -22.986708257883 G: 1.3e-07
 Step: 1413 E: -22.986708257883 G: 1.3e-07
 Step: 1414 E: -22.986708257884 G: 1.3e-07
 Step: 1415 E: -22.986708257884 G: 1.3e-07
 Step: 1416 E: -22.986708257884 G: 1.3e-07
 Step: 1417 E: -22.986708257883 G: 1.3e-07
 Step: 1418 E: -22.986708257884 G: 1.3e-07
 Step: 1419 E: -22.986708257884 G: 1.3e-07
 Step: 1420 E: -22.986708257883 G: 1.3e-07
 Step: 1421 E: -22.986708257883 G: 1.3e-07
 Step: 1422 E: -22.986708257883 G: 1.3e-07
 Step: 1423 E: -22.986708257884 G: 1.3e-07
 Step: 1424 E: -22.986708257884 G: 1.3e-07
 Step: 1425 E: -22.986708257884 G: 1.2e-07
 Step: 1426 E: -22.986708257884 G: 1.2e-07
 Step: 1427 E: -22.986708257884 G: 1.2e-07
 Step: 1428 E: -22.986708257884 G: 1.2e-07
 Step: 1429 E: -22.986708257884 G: 1.2e-07
 Step: 1430 E: -22.986708257884 G: 1.2e-07
 Step: 1431 E: -22.986708257884 G: 1.2e-07
 Step: 1432 E: -22.986708257884 G: 1.2e-07
 Step: 1433 E: -22.986708257884 G: 1.2e-07
 Step: 1434 E: -22.986708257884 G: 1.2e-07
 Step: 1435 E: -22.986708257884 G: 1.2e-07
 Step: 1436 E: -22.986708257884 G: 1.2e-07
 Step: 1437 E: -22.986708257884 G: 1.2e-07
 Step: 1438 E: -22.986708257883 G: 1.2e-07
 Step: 1439 E: -22.986708257884 G: 1.2e-07
 Step: 1440 E: -22.986708257884 G: 1.2e-07
 Step: 1441 E: -22.986708257884 G: 1.1e-07
 Step: 1442 E: -22.986708257884 G: 1.1e-07
 Step: 1443 E: -22.986708257884 G: 1.1e-07
 Step: 1444 E: -22.986708257884 G: 1.1e-07
 Step: 1445 E: -22.986708257884 G: 1.1e-07
 Step: 1446 E: -22.986708257884 G: 1.1e-07
 Step: 1447 E: -22.986708257884 G: 1.1e-07
 Step: 1448 E: -22.986708257884 G: 1.1e-07
 Step: 1449 E: -22.986708257884 G: 1.1e-07
 Step: 1450 E: -22.986708257884 G: 1.1e-07
 Step: 1451 E: -22.986708257884 G: 1.1e-07
 Step: 1452 E: -22.986708257884 G: 1.1e-07
 Step: 1453 E: -22.986708257884 G: 1.1e-07
 Step: 1454 E: -22.986708257884 G: 1.1e-07
 Step: 1455 E: -22.986708257884 G: 1.1e-07
 Step: 1456 E: -22.986708257884 G: 1.1e-07
 Step: 1457 E: -22.986708257884 G: 1.1e-07
 Step: 1458 E: -22.986708257884 G: 1.0e-07
 Step: 1459 E: -22.986708257884 G: 1.0e-07
 Step: 1460 E: -22.986708257884 G: 1.0e-07
 Step: 1461 E: -22.986708257884 G: 1.0e-07
 Step: 1462 E: -22.986708257884 G: 1.0e-07
 Step: 1463 E: -22.986708257884 G: 1.0e-07
 Step: 1464 E: -22.986708257884 G: 1.0e-07
 Step: 1465 E: -22.986708257884 G: 1.0e-07
 Step: 1466 E: -22.986708257884 G: 1.0e-07
 Step: 1467 E: -22.986708257884 G: 1.0e-07
 Step: 1468 E: -22.986708257884 G: 9.9e-08
 Step: 1469 E: -22.986708257884 G: 9.9e-08
 Step: 1470 E: -22.986708257884 G: 9.8e-08
 Step: 1471 E: -22.986708257884 G: 9.8e-08
 Step: 1472 E: -22.986708257884 G: 9.7e-08
 Step: 1473 E: -22.986708257884 G: 9.6e-08
 Step: 1474 E: -22.986708257884 G: 9.6e-08
 Step: 1475 E: -22.986708257884 G: 9.5e-08
 Step: 1476 E: -22.986708257885 G: 9.5e-08
 Step: 1477 E: -22.986708257884 G: 9.4e-08
 Step: 1478 E: -22.986708257884 G: 9.4e-08
 Step: 1479 E: -22.986708257884 G: 9.3e-08
 Step: 1480 E: -22.986708257884 G: 9.3e-08
 Step: 1481 E: -22.986708257884 G: 9.3e-08
 Step: 1482 E: -22.986708257884 G: 9.2e-08
 Step: 1483 E: -22.986708257884 G: 9.2e-08
 Step: 1484 E: -22.986708257884 G: 9.1e-08
 Step: 1485 E: -22.986708257884 G: 9.1e-08
 Step: 1486 E: -22.986708257884 G: 9.0e-08
 Step: 1487 E: -22.986708257884 G: 9.0e-08
 Step: 1488 E: -22.986708257885 G: 8.9e-08
 Step: 1489 E: -22.986708257884 G: 8.9e-08
 Step: 1490 E: -22.986708257885 G: 8.8e-08
 Step: 1491 E: -22.986708257884 G: 8.8e-08
 Step: 1492 E: -22.986708257884 G: 8.7e-08
 Step: 1493 E: -22.986708257884 G: 8.7e-08
 Step: 1494 E: -22.986708257884 G: 8.6e-08
 Step: 1495 E: -22.986708257884 G: 8.6e-08
 Step: 1496 E: -22.986708257884 G: 8.6e-08
 Step: 1497 E: -22.986708257884 G: 8.5e-08
 Step: 1498 E: -22.986708257885 G: 8.5e-08
 Step: 1499 E: -22.986708257885 G: 8.4e-08
 Step: 1500 E: -22.986708257884 G: 8.4e-08
 Step: 1501 E: -22.986708257885 G: 8.3e-08
 Step: 1502 E: -22.986708257884 G: 8.3e-08
 Step: 1503 E: -22.986708257884 G: 8.3e-08
 Step: 1504 E: -22.986708257884 G: 8.2e-08
 Step: 1505 E: -22.986708257884 G: 8.2e-08
 Step: 1506 E: -22.986708257884 G: 8.1e-08
 Step: 1507 E: -22.986708257884 G: 8.1e-08
 Step: 1508 E: -22.986708257885 G: 8.0e-08
 Step: 1509 E: -22.986708257884 G: 8.0e-08
 Step: 1510 E: -22.986708257884 G: 8.0e-08
 Step: 1511 E: -22.986708257884 G: 7.9e-08
 Step: 1512 E: -22.986708257885 G: 7.9e-08
 Step: 1513 E: -22.986708257884 G: 7.8e-08
 Step: 1514 E: -22.986708257884 G: 7.8e-08
 Step: 1515 E: -22.986708257884 G: 7.8e-08
 Step: 1516 E: -22.986708257884 G: 7.7e-08
 Step: 1517 E: -22.986708257885 G: 7.7e-08
 Step: 1518 E: -22.986708257884 G: 7.6e-08
 Step: 1519 E: -22.986708257885 G: 7.6e-08
 Step: 1520 E: -22.986708257884 G: 7.6e-08
 Step: 1521 E: -22.986708257885 G: 7.5e-08
 Step: 1522 E: -22.986708257885 G: 7.5e-08
 Step: 1523 E: -22.986708257885 G: 7.4e-08
 Step: 1524 E: -22.986708257884 G: 7.4e-08
 Step: 1525 E: -22.986708257884 G: 7.4e-08
 Step: 1526 E: -22.986708257884 G: 7.3e-08
 Step: 1527 E: -22.986708257884 G: 7.3e-08
 Step: 1528 E: -22.986708257884 G: 7.3e-08
 Step: 1529 E: -22.986708257884 G: 7.2e-08
 Step: 1530 E: -22.986708257885 G: 7.2e-08
 Step: 1531 E: -22.986708257885 G: 7.1e-08
 Step: 1532 E: -22.986708257884 G: 7.1e-08
 Step: 1533 E: -22.986708257884 G: 7.1e-08
 Step: 1534 E: -22.986708257884 G: 7.0e-08
 Step: 1535 E: -22.986708257884 G: 7.0e-08
 Step: 1536 E: -22.986708257884 G: 7.0e-08
 Step: 1537 E: -22.986708257884 G: 6.9e-08
 Step: 1538 E: -22.986708257884 G: 6.9e-08
 Step: 1539 E: -22.986708257884 G: 6.9e-08
 Step: 1540 E: -22.986708257884 G: 6.8e-08
 Step: 1541 E: -22.986708257884 G: 6.8e-08
 Step: 1542 E: -22.986708257884 G: 6.8e-08
 Step: 1543 E: -22.986708257884 G: 6.7e-08
 Step: 1544 E: -22.986708257884 G: 6.7e-08
 Step: 1545 E: -22.986708257884 G: 6.7e-08
 Step: 1546 E: -22.986708257884 G: 6.6e-08
 Step: 1547 E: -22.986708257884 G: 6.6e-08
 Step: 1548 E: -22.986708257884 G: 6.6e-08
 Step: 1549 E: -22.986708257884 G: 6.5e-08
 Step: 1550 E: -22.986708257885 G: 6.5e-08
 Step: 1551 E: -22.986708257884 G: 6.5e-08
 Step: 1552 E: -22.986708257884 G: 6.4e-08
 Step: 1553 E: -22.986708257884 G: 6.4e-08
 Step: 1554 E: -22.986708257884 G: 6.4e-08
 Step: 1555 E: -22.986708257884 G: 6.3e-08
 Step: 1556 E: -22.986708257884 G: 6.3e-08
 Step: 1557 E: -22.986708257884 G: 6.3e-08
 Step: 1558 E: -22.986708257884 G: 6.2e-08
 Step: 1559 E: -22.986708257884 G: 6.2e-08
 Step: 1560 E: -22.986708257884 G: 6.2e-08
 Step: 1561 E: -22.986708257884 G: 6.1e-08
 Step: 1562 E: -22.986708257885 G: 6.1e-08
 Step: 1563 E: -22.986708257884 G: 6.1e-08
 Step: 1564 E: -22.986708257884 G: 6.1e-08
 Step: 1565 E: -22.986708257884 G: 6.0e-08
 Step: 1566 E: -22.986708257884 G: 6.0e-08
 Step: 1567 E: -22.986708257884 G: 6.0e-08
 Step: 1568 E: -22.986708257884 G: 5.9e-08
 Step: 1569 E: -22.986708257884 G: 5.9e-08
 Step: 1570 E: -22.986708257884 G: 5.9e-08
 Step: 1571 E: -22.986708257884 G: 5.8e-08
 Step: 1572 E: -22.986708257884 G: 5.8e-08
 Step: 1573 E: -22.986708257884 G: 5.8e-08
 Step: 1574 E: -22.986708257884 G: 5.8e-08
 Step: 1575 E: -22.986708257884 G: 5.7e-08
 Step: 1576 E: -22.986708257884 G: 5.7e-08
 Step: 1577 E: -22.986708257884 G: 5.7e-08
 Step: 1578 E: -22.986708257884 G: 5.6e-08
 Step: 1579 E: -22.986708257884 G: 5.6e-08
 Step: 1580 E: -22.986708257884 G: 5.6e-08
 Step: 1581 E: -22.986708257884 G: 5.6e-08
 Step: 1582 E: -22.986708257884 G: 5.5e-08
 Step: 1583 E: -22.986708257884 G: 5.5e-08
 Step: 1584 E: -22.986708257884 G: 5.5e-08
 Step: 1585 E: -22.986708257884 G: 5.4e-08
 Step: 1586 E: -22.986708257884 G: 5.4e-08
 Step: 1587 E: -22.986708257884 G: 5.4e-08
 Step: 1588 E: -22.986708257884 G: 5.4e-08
 Step: 1589 E: -22.986708257884 G: 5.3e-08
 Step: 1590 E: -22.986708257884 G: 5.3e-08
 Step: 1591 E: -22.986708257884 G: 5.3e-08
 Step: 1592 E: -22.986708257884 G: 5.3e-08
 Step: 1593 E: -22.986708257884 G: 5.2e-08
 Step: 1594 E: -22.986708257884 G: 5.2e-08
 Step: 1595 E: -22.986708257884 G: 5.2e-08
 Step: 1596 E: -22.986708257885 G: 5.2e-08
 Step: 1597 E: -22.986708257884 G: 5.1e-08
 Step: 1598 E: -22.986708257884 G: 5.1e-08
 Step: 1599 E: -22.986708257884 G: 5.1e-08
 Step: 1600 E: -22.986708257884 G: 5.1e-08
 Step: 1601 E: -22.986708257884 G: 5.0e-08
 Step: 1602 E: -22.986708257884 G: 5.0e-08
 Step: 1603 E: -22.986708257884 G: 5.0e-08
 Step: 1604 E: -22.986708257884 G: 5.0e-08
 Step: 1605 E: -22.986708257884 G: 4.9e-08
 Step: 1606 E: -22.986708257883 G: 4.9e-08
 Step: 1607 E: -22.986708257884 G: 4.9e-08
 Step: 1608 E: -22.986708257884 G: 4.9e-08
 Step: 1609 E: -22.986708257884 G: 4.8e-08
 Step: 1610 E: -22.986708257883 G: 4.8e-08
 Step: 1611 E: -22.986708257883 G: 4.8e-08
 Step: 1612 E: -22.986708257883 G: 4.8e-08
 Step: 1613 E: -22.986708257883 G: 4.7e-08
 Step: 1614 E: -22.986708257883 G: 4.7e-08
 Step: 1615 E: -22.986708257883 G: 4.7e-08
 Step: 1616 E: -22.986708257883 G: 4.7e-08
 Step: 1617 E: -22.986708257884 G: 4.7e-08
 Step: 1618 E: -22.986708257883 G: 4.6e-08
 Step: 1619 E: -22.986708257883 G: 4.6e-08
 Step: 1620 E: -22.986708257883 G: 4.6e-08
 Step: 1621 E: -22.986708257883 G: 4.6e-08
 Step: 1622 E: -22.986708257883 G: 4.5e-08
 Step: 1623 E: -22.986708257883 G: 4.5e-08
 Step: 1624 E: -22.986708257883 G: 4.5e-08
 Step: 1625 E: -22.986708257883 G: 4.5e-08
 Step: 1626 E: -22.986708257883 G: 4.4e-08
 Step: 1627 E: -22.986708257883 G: 4.4e-08
 Step: 1628 E: -22.986708257883 G: 4.4e-08
 Step: 1629 E: -22.986708257883 G: 4.4e-08
 Step: 1630 E: -22.986708257883 G: 4.4e-08
 Step: 1631 E: -22.986708257883 G: 4.3e-08
 Step: 1632 E: -22.986708257884 G: 4.3e-08
 Step: 1633 E: -22.986708257883 G: 4.3e-08
 Step: 1634 E: -22.986708257883 G: 4.3e-08
 Step: 1635 E: -22.986708257883 G: 4.3e-08
 Step: 1636 E: -22.986708257883 G: 4.2e-08
 Step: 1637 E: -22.986708257883 G: 4.2e-08
 Step: 1638 E: -22.986708257883 G: 4.2e-08
 Step: 1639 E: -22.986708257883 G: 4.2e-08
 Step: 1640 E: -22.986708257883 G: 4.2e-08
 Step: 1641 E: -22.986708257884 G: 4.1e-08
 Step: 1642 E: -22.986708257884 G: 4.1e-08
 Step: 1643 E: -22.986708257883 G: 4.1e-08
 Step: 1644 E: -22.986708257883 G: 4.1e-08
 Step: 1645 E: -22.986708257883 G: 4.1e-08
 Step: 1646 E: -22.986708257883 G: 4.0e-08
 Step: 1647 E: -22.986708257883 G: 4.0e-08
 Step: 1648 E: -22.986708257883 G: 4.0e-08
 Step: 1649 E: -22.986708257883 G: 4.0e-08
 Step: 1650 E: -22.986708257883 G: 4.0e-08
 Step: 1651 E: -22.986708257883 G: 3.9e-08
 Step: 1652 E: -22.986708257883 G: 3.9e-08
 Step: 1653 E: -22.986708257883 G: 3.9e-08
 Step: 1654 E: -22.986708257883 G: 3.9e-08
 Step: 1655 E: -22.986708257883 G: 3.9e-08
 Step: 1656 E: -22.986708257883 G: 3.8e-08
 Step: 1657 E: -22.986708257883 G: 3.8e-08
 Step: 1658 E: -22.986708257883 G: 3.8e-08
 Step: 1659 E: -22.986708257883 G: 3.8e-08
 Step: 1660 E: -22.986708257883 G: 3.8e-08
 Step: 1661 E: -22.986708257883 G: 3.7e-08
 Step: 1662 E: -22.986708257884 G: 3.7e-08
 Step: 1663 E: -22.986708257883 G: 3.7e-08
 Step: 1664 E: -22.986708257883 G: 3.7e-08
 Step: 1665 E: -22.986708257883 G: 3.7e-08
 Step: 1666 E: -22.986708257883 G: 3.7e-08
 Step: 1667 E: -22.986708257883 G: 3.6e-08
 Step: 1668 E: -22.986708257883 G: 3.6e-08
 Step: 1669 E: -22.986708257884 G: 3.6e-08
 Step: 1670 E: -22.986708257883 G: 3.6e-08
 Step: 1671 E: -22.986708257883 G: 3.6e-08
 Step: 1672 E: -22.986708257883 G: 3.6e-08
 Step: 1673 E: -22.986708257884 G: 3.5e-08
 Step: 1674 E: -22.986708257884 G: 3.5e-08
 Step: 1675 E: -22.986708257883 G: 3.5e-08
 Step: 1676 E: -22.986708257883 G: 3.5e-08
 Step: 1677 E: -22.986708257883 G: 3.5e-08
 Step: 1678 E: -22.986708257883 G: 3.5e-08
 Step: 1679 E: -22.986708257883 G: 3.4e-08
 Step: 1680 E: -22.986708257883 G: 3.4e-08
 Step: 1681 E: -22.986708257883 G: 3.4e-08
 Step: 1682 E: -22.986708257883 G: 3.4e-08
 Step: 1683 E: -22.986708257884 G: 3.4e-08
 Step: 1684 E: -22.986708257883 G: 3.4e-08
 Step: 1685 E: -22.986708257884 G: 3.3e-08
 Step: 1686 E: -22.986708257883 G: 3.3e-08
 Step: 1687 E: -22.986708257883 G: 3.3e-08
 Step: 1688 E: -22.986708257883 G: 3.3e-08
 Step: 1689 E: -22.986708257883 G: 3.3e-08
 Step: 1690 E: -22.986708257883 G: 3.3e-08
 Step: 1691 E: -22.986708257883 G: 3.2e-08
 Step: 1692 E: -22.986708257883 G: 3.2e-08
 Step: 1693 E: -22.986708257883 G: 3.2e-08
 Step: 1694 E: -22.986708257883 G: 3.2e-08
 Step: 1695 E: -22.986708257883 G: 3.2e-08
 Step: 1696 E: -22.986708257883 G: 3.2e-08
 Step: 1697 E: -22.986708257883 G: 3.1e-08
 Step: 1698 E: -22.986708257883 G: 3.1e-08
 Step: 1699 E: -22.986708257883 G: 3.1e-08
 Step: 1700 E: -22.986708257883 G: 3.1e-08
 Step: 1701 E: -22.986708257883 G: 3.1e-08
 Step: 1702 E: -22.986708257883 G: 3.1e-08
 Step: 1703 E: -22.986708257883 G: 3.1e-08
 Step: 1704 E: -22.986708257883 G: 3.0e-08
 Step: 1705 E: -22.986708257883 G: 3.0e-08
 Step: 1706 E: -22.986708257883 G: 3.0e-08
 Step: 1707 E: -22.986708257883 G: 3.0e-08
 Step: 1708 E: -22.986708257883 G: 3.0e-08
 Step: 1709 E: -22.986708257882 G: 3.0e-08
 Step: 1710 E: -22.986708257883 G: 3.0e-08
 Step: 1711 E: -22.986708257883 G: 2.9e-08
 Step: 1712 E: -22.986708257883 G: 2.9e-08
 Step: 1713 E: -22.986708257883 G: 2.9e-08
 Step: 1714 E: -22.986708257883 G: 2.9e-08
 Step: 1715 E: -22.986708257883 G: 2.9e-08
 Step: 1716 E: -22.986708257883 G: 2.9e-08
 Step: 1717 E: -22.986708257883 G: 2.9e-08
 Step: 1718 E: -22.986708257883 G: 2.8e-08
 Step: 1719 E: -22.986708257883 G: 2.8e-08
 Step: 1720 E: -22.986708257883 G: 2.8e-08
 Step: 1721 E: -22.986708257883 G: 2.8e-08
 Step: 1722 E: -22.986708257883 G: 2.8e-08
 Step: 1723 E: -22.986708257883 G: 2.8e-08
 Step: 1724 E: -22.986708257883 G: 2.8e-08
 Step: 1725 E: -22.986708257883 G: 2.7e-08
 Step: 1726 E: -22.986708257883 G: 2.7e-08
 Step: 1727 E: -22.986708257883 G: 2.7e-08
 Step: 1728 E: -22.986708257883 G: 2.7e-08
 Step: 1729 E: -22.986708257883 G: 2.7e-08
 Step: 1730 E: -22.986708257883 G: 2.7e-08
 Step: 1731 E: -22.986708257883 G: 2.7e-08
 Step: 1732 E: -22.986708257883 G: 2.7e-08
 Step: 1733 E: -22.986708257883 G: 2.6e-08
 Step: 1734 E: -22.986708257883 G: 2.6e-08
 Step: 1735 E: -22.986708257883 G: 2.6e-08
 Step: 1736 E: -22.986708257883 G: 2.6e-08
 Step: 1737 E: -22.986708257883 G: 2.6e-08
 Step: 1738 E: -22.986708257883 G: 2.6e-08
 Step: 1739 E: -22.986708257883 G: 2.6e-08
 Step: 1740 E: -22.986708257883 G: 2.6e-08
 Step: 1741 E: -22.986708257883 G: 2.5e-08
 Step: 1742 E: -22.986708257883 G: 2.5e-08
 Step: 1743 E: -22.986708257883 G: 2.5e-08
 Step: 1744 E: -22.986708257883 G: 2.5e-08
 Step: 1745 E: -22.986708257884 G: 2.5e-08
 Step: 1746 E: -22.986708257883 G: 2.5e-08
 Step: 1747 E: -22.986708257883 G: 2.5e-08
 Step: 1748 E: -22.986708257883 G: 2.5e-08
 Step: 1749 E: -22.986708257884 G: 2.4e-08
 Step: 1750 E: -22.986708257884 G: 2.4e-08
 Step: 1751 E: -22.986708257883 G: 2.4e-08
 Step: 1752 E: -22.986708257883 G: 2.4e-08
 Step: 1753 E: -22.986708257883 G: 2.4e-08
 Step: 1754 E: -22.986708257884 G: 2.4e-08
 Step: 1755 E: -22.986708257883 G: 2.4e-08
 Step: 1756 E: -22.986708257883 G: 2.4e-08
 Step: 1757 E: -22.986708257883 G: 2.4e-08
 Step: 1758 E: -22.986708257883 G: 2.3e-08
 Step: 1759 E: -22.986708257883 G: 2.3e-08
 Step: 1760 E: -22.986708257883 G: 2.3e-08
 Step: 1761 E: -22.986708257883 G: 2.3e-08
 Step: 1762 E: -22.986708257884 G: 2.3e-08
 Step: 1763 E: -22.986708257884 G: 2.3e-08
 Step: 1764 E: -22.986708257883 G: 2.3e-08
 Step: 1765 E: -22.986708257883 G: 2.3e-08
 Step: 1766 E: -22.986708257883 G: 2.3e-08
 Step: 1767 E: -22.986708257883 G: 2.2e-08
 Step: 1768 E: -22.986708257883 G: 2.2e-08
 Step: 1769 E: -22.986708257883 G: 2.2e-08
 Step: 1770 E: -22.986708257883 G: 2.2e-08
 Step: 1771 E: -22.986708257883 G: 2.2e-08
 Step: 1772 E: -22.986708257883 G: 2.2e-08
 Step: 1773 E: -22.986708257883 G: 2.2e-08
 Step: 1774 E: -22.986708257883 G: 2.2e-08
 Step: 1775 E: -22.986708257883 G: 2.2e-08
 Step: 1776 E: -22.986708257883 G: 2.2e-08
 Step: 1777 E: -22.986708257883 G: 2.1e-08
 Step: 1778 E: -22.986708257884 G: 2.1e-08
 Step: 1779 E: -22.986708257883 G: 2.1e-08
 Step: 1780 E: -22.986708257883 G: 2.1e-08
 Step: 1781 E: -22.986708257883 G: 2.1e-08
 Step: 1782 E: -22.986708257883 G: 2.1e-08
 Step: 1783 E: -22.986708257883 G: 2.1e-08
 Step: 1784 E: -22.986708257883 G: 2.1e-08
 Step: 1785 E: -22.986708257883 G: 2.1e-08
 Step: 1786 E: -22.986708257883 G: 2.0e-08
 Step: 1787 E: -22.986708257884 G: 2.0e-08
 Step: 1788 E: -22.986708257883 G: 2.0e-08
 Step: 1789 E: -22.986708257883 G: 2.0e-08
 Step: 1790 E: -22.986708257883 G: 2.0e-08
 Step: 1791 E: -22.986708257883 G: 2.0e-08
 Step: 1792 E: -22.986708257883 G: 2.0e-08
 Step: 1793 E: -22.986708257883 G: 2.0e-08
 Step: 1794 E: -22.986708257883 G: 2.0e-08
 Step: 1795 E: -22.986708257883 G: 2.0e-08
 Step: 1796 E: -22.986708257883 G: 2.0e-08
 Step: 1797 E: -22.986708257883 G: 1.9e-08
 Step: 1798 E: -22.986708257883 G: 1.9e-08
 Step: 1799 E: -22.986708257883 G: 1.9e-08
 Step: 1800 E: -22.986708257883 G: 1.9e-08
448.581381 seconds (68.59 M allocations: 367.378 GiB, 10.59% gc time)
 Solve OO-CMF with DIIS
 ooCMF Iter:    1 Total= -22.974969048467 G=    4.969e-01 #SS:    1
 ooCMF Iter:    2 Total= -22.985166049651 G=    9.518e-02 #SS:    2
 ooCMF Iter:    3 Total= -22.985574120486 G=    2.214e-02 #SS:    3
 ooCMF Iter:    4 Total= -22.985600607502 G=    1.378e-02 #SS:    4
 ooCMF Iter:    5 Total= -22.985621149122 G=    1.360e-02 #SS:    5
 ooCMF Iter:    6 Total= -22.985678775399 G=    1.327e-02 #SS:    6
 ooCMF Iter:    7 Total= -22.986604160473 G=    4.420e-03 #SS:    7
 ooCMF Iter:    8 Total= -22.986706624997 G=    6.607e-04 #SS:    8
 ooCMF Iter:    9 Total= -22.986706656731 G=    5.503e-04 #SS:    9
 ooCMF Iter:   10 Total= -22.986706753197 G=    5.639e-04 #SS:   10
 ooCMF Iter:   11 Total= -22.986708182600 G=    1.311e-04 #SS:   11
 ooCMF Iter:   12 Total= -22.986708247686 G=    4.355e-05 #SS:   12
 ooCMF Iter:   13 Total= -22.986708248800 G=    3.797e-05 #SS:   13
 ooCMF Iter:   14 Total= -22.986708248821 G=    3.789e-05 #SS:   14
 ooCMF Iter:   15 Total= -22.986708248831 G=    3.785e-05 #SS:   15
 ooCMF Iter:   16 Total= -22.986708248839 G=    3.782e-05 #SS:   16
 ooCMF Iter:   17 Total= -22.986708248844 G=    3.780e-05 #SS:   17
 ooCMF Iter:   18 Total= -22.986708248848 G=    3.779e-05 #SS:   18
 ooCMF Iter:   19 Total= -22.986708248851 G=    3.778e-05 #SS:   19
 ooCMF Iter:   20 Total= -22.986708248854 G=    3.777e-05 #SS:   20
 ooCMF Iter:   21 Total= -22.986708248856 G=    3.776e-05 #SS:   21
 ooCMF Iter:   22 Total= -22.986708248858 G=    3.775e-05 #SS:   22
 ooCMF Iter:   23 Total= -22.986708248860 G=    3.775e-05 #SS:   23
 ooCMF Iter:   24 Total= -22.986708248861 G=    3.774e-05 #SS:   24
 ooCMF Iter:   25 Total= -22.986708256724 G=    2.364e-05 #SS:   24
 ooCMF Iter:   26 Total= -22.986708256920 G=    1.067e-05 #SS:   24
 ooCMF Iter:   27 Total= -22.986708256936 G=    9.995e-06 #SS:   24
 ooCMF Iter:   28 Total= -22.986708257870 G=    2.561e-06 #SS:   24
 ooCMF Iter:   29 Total= -22.986708257880 G=    6.200e-07 #SS:   24
 ooCMF Iter:   30 Total= -22.986708257881 G=    5.596e-07 #SS:   24
 ooCMF Iter:   31 Total= -22.986708257881 G=    5.279e-07 #SS:   24
 ooCMF Iter:   32 Total= -22.986708257882 G=    1.714e-07 #SS:   24
 ooCMF Iter:   33 Total= -22.986708257882 G=    2.825e-08 #SS:   24
 ooCMF Iter:   34 Total= -22.986708257882 G=    2.284e-08 #SS:   24
 ooCMF Iter:   35 Total= -22.986708257882 G=    2.255e-08 #SS:   24
 ooCMF Iter:   36 Total= -22.986708257883 G=    2.169e-08 #SS:   24
*ooCMF Iter:   37 Total= -22.986708257882 G=    6.378e-09 #SS:   24
 21.401840 seconds (15.20 M allocations: 20.200 GiB, 10.16% gc time)
 Solve OO-CMF with DIIS
 ooCMF Iter:    1 Total= -22.896952632076 G=    7.819e-01 #SS:    1
 ooCMF Iter:    2 Total= -22.477379066010 G=    2.741e+00 #SS:    2
 ooCMF Iter:    3 Total= -22.669030706678 G=    2.241e+00 #SS:    3
 ooCMF Iter:    4 Total= -22.638217010985 G=    2.425e+00 #SS:    4
 ooCMF Iter:    5 Total= -22.711697267729 G=    2.134e+00 #SS:    5
 ooCMF Iter:    6 Total= -22.685892080745 G=    2.277e+00 #SS:    6
 ooCMF Iter:    7 Total= -22.810477706409 G=    1.337e+00 #SS:    7
 ooCMF Iter:    8 Total= -22.839581815412 G=    1.058e+00 #SS:    8
 ooCMF Iter:    9 Total= -22.886244820160 G=    6.360e-01 #SS:    9
 ooCMF Iter:   10 Total= -22.876251492320 G=    1.598e+00 #SS:   10
 ooCMF Iter:   11 Total= -22.869093101801 G=    1.657e+00 #SS:   11
 ooCMF Iter:   12 Total= -22.886157712655 G=    1.518e+00 #SS:   12
 ooCMF Iter:   13 Total= -22.797462776823 G=    2.094e+00 #SS:   13
 ooCMF Iter:   14 Total= -22.781171664283 G=    2.094e+00 #SS:   14
 ooCMF Iter:   15 Total= -22.771221891556 G=    2.027e+00 #SS:   15
 ooCMF Iter:   16 Total= -22.770214659314 G=    2.040e+00 #SS:   16
 ooCMF Iter:   17 Total= -22.789338142834 G=    1.615e+00 #SS:   17
 ooCMF Iter:   18 Total= -22.789592906670 G=    1.628e+00 #SS:   18
 ooCMF Iter:   19 Total= -22.789589893216 G=    1.629e+00 #SS:   19
 ooCMF Iter:   20 Total= -22.789696742993 G=    1.636e+00 #SS:   20
 ooCMF Iter:   21 Total= -22.789521890401 G=    1.637e+00 #SS:   21
 ooCMF Iter:   22 Total= -22.793605361192 G=    1.607e+00 #SS:   22
 ooCMF Iter:   23 Total= -22.794505711632 G=    1.589e+00 #SS:   23
 ooCMF Iter:   24 Total= -22.795722930350 G=    1.566e+00 #SS:   24
 ooCMF Iter:   25 Total= -22.805337132098 G=    1.514e+00 #SS:   24
 ooCMF Iter:   26 Total= -22.828749548942 G=    1.846e+00 #SS:   24
 ooCMF Iter:   27 Total= -22.795489384507 G=    2.093e+00 #SS:   24
 ooCMF Iter:   28 Total= -22.826985055711 G=    2.050e+00 #SS:   24
 ooCMF Iter:   29 Total= -22.820313100132 G=    2.090e+00 #SS:   24
 ooCMF Iter:   30 Total= -22.842749023953 G=    1.915e+00 #SS:   24
 ooCMF Iter:   31 Total= -22.847967317905 G=    1.878e+00 #SS:   24
 ooCMF Iter:   32 Total= -22.868169187897 G=    1.685e+00 #SS:   24
 ooCMF Iter:   33 Total= -22.848613601835 G=    1.839e+00 #SS:   24
 ooCMF Iter:   34 Total= -22.795863790998 G=    2.077e+00 #SS:   24
 ooCMF Iter:   35 Total= -22.820462874603 G=    1.913e+00 #SS:   24
 ooCMF Iter:   36 Total= -22.813861989764 G=    1.935e+00 #SS:   24
 ooCMF Iter:   37 Total= -22.811639010623 G=    1.949e+00 #SS:   24
 ooCMF Iter:   38 Total= -22.825265651451 G=    1.877e+00 #SS:   24
 ooCMF Iter:   39 Total= -22.843386356126 G=    1.758e+00 #SS:   24
 ooCMF Iter:   40 Total= -22.837165929086 G=    1.830e+00 #SS:   24
 ooCMF Iter:   41 Total= -22.846930102256 G=    1.813e+00 #SS:   24
 ooCMF Iter:   42 Total= -22.852015746333 G=    1.804e+00 #SS:   24
 ooCMF Iter:   43 Total= -22.859349744139 G=    1.755e+00 #SS:   24
 ooCMF Iter:   44 Total= -22.875935070783 G=    1.639e+00 #SS:   24
 ooCMF Iter:   45 Total= -22.872214872304 G=    1.663e+00 #SS:   24
 ooCMF Iter:   46 Total= -22.887174459960 G=    1.528e+00 #SS:   24
 ooCMF Iter:   47 Total= -22.882923955261 G=    1.523e+00 #SS:   24
 ooCMF Iter:   48 Total= -22.881892691907 G=    1.514e+00 #SS:   24
 ooCMF Iter:   49 Total= -22.877276570047 G=    1.544e+00 #SS:   24
 ooCMF Iter:   50 Total= -22.934610841759 G=    1.032e+00 #SS:   24
 ooCMF Iter:   51 Total= -22.951737302754 G=    8.479e-01 #SS:   24
 ooCMF Iter:   52 Total= -22.951383730636 G=    8.823e-01 #SS:   24
 ooCMF Iter:   53 Total= -22.955857605439 G=    8.249e-01 #SS:   24
 ooCMF Iter:   54 Total= -22.949546693293 G=    9.781e-01 #SS:   24
 ooCMF Iter:   55 Total= -22.959914242742 G=    8.204e-01 #SS:   24
 ooCMF Iter:   56 Total= -22.964382546008 G=    7.241e-01 #SS:   24
 ooCMF Iter:   57 Total= -22.944480463896 G=    1.028e+00 #SS:   24
 ooCMF Iter:   58 Total= -22.971314191112 G=    6.072e-01 #SS:   24
 ooCMF Iter:   59 Total= -22.972997352647 G=    5.758e-01 #SS:   24
 ooCMF Iter:   60 Total= -22.971583344317 G=    6.099e-01 #SS:   24
 ooCMF Iter:   61 Total= -22.975334291218 G=    5.192e-01 #SS:   24
 ooCMF Iter:   62 Total= -22.975535027479 G=    5.024e-01 #SS:   24
 ooCMF Iter:   63 Total= -22.974178209649 G=    5.482e-01 #SS:   24
 ooCMF Iter:   64 Total= -22.975172372720 G=    4.953e-01 #SS:   24
 ooCMF Iter:   65 Total= -22.974965236167 G=    5.029e-01 #SS:   24
 ooCMF Iter:   66 Total= -22.974523885422 G=    5.073e-01 #SS:   24
 ooCMF Iter:   67 Total= -22.974284316284 G=    5.189e-01 #SS:   24
 ooCMF Iter:   68 Total= -22.976877525929 G=    4.509e-01 #SS:   24
 ooCMF Iter:   69 Total= -22.976559628490 G=    4.643e-01 #SS:   24
 ooCMF Iter:   70 Total= -22.976278594050 G=    4.700e-01 #SS:   24
 ooCMF Iter:   71 Total= -22.974161080271 G=    5.246e-01 #SS:   24
 ooCMF Iter:   72 Total= -22.974573828227 G=    5.138e-01 #SS:   24
 ooCMF Iter:   73 Total= -22.975605625844 G=    4.890e-01 #SS:   24
 ooCMF Iter:   74 Total= -22.975337352193 G=    4.982e-01 #SS:   24
 ooCMF Iter:   75 Total= -22.975194553807 G=    5.011e-01 #SS:   24
 ooCMF Iter:   76 Total= -22.973604994207 G=    5.461e-01 #SS:   24
 ooCMF Iter:   77 Total= -22.973643277484 G=    5.446e-01 #SS:   24
 ooCMF Iter:   78 Total= -22.973250452293 G=    5.546e-01 #SS:   24
 ooCMF Iter:   79 Total= -22.974905606890 G=    5.102e-01 #SS:   24
 ooCMF Iter:   80 Total= -22.975044640255 G=    5.052e-01 #SS:   24
 ooCMF Iter:   81 Total= -22.975710431957 G=    4.923e-01 #SS:   24
 ooCMF Iter:   82 Total= -22.979958433519 G=    3.665e-01 #SS:   24
 ooCMF Iter:   83 Total= -22.980035059635 G=    3.652e-01 #SS:   24
 ooCMF Iter:   84 Total= -22.979885953210 G=    3.879e-01 #SS:   24
 ooCMF Iter:   85 Total= -22.980025448518 G=    3.828e-01 #SS:   24
 ooCMF Iter:   86 Total= -22.978640427423 G=    4.119e-01 #SS:   24
 ooCMF Iter:   87 Total= -22.979156634921 G=    4.150e-01 #SS:   24
 ooCMF Iter:   88 Total= -22.979409625959 G=    4.090e-01 #SS:   24
 ooCMF Iter:   89 Total= -22.979553282674 G=    3.961e-01 #SS:   24
 ooCMF Iter:   90 Total= -22.980473358442 G=    3.664e-01 #SS:   24
 ooCMF Iter:   91 Total= -22.980357594635 G=    3.725e-01 #SS:   24
 ooCMF Iter:   92 Total= -22.980029362260 G=    3.945e-01 #SS:   24
 ooCMF Iter:   93 Total= -22.980134032404 G=    3.911e-01 #SS:   24
 ooCMF Iter:   94 Total= -22.980239800966 G=    3.762e-01 #SS:   24
 ooCMF Iter:   95 Total= -22.980575152455 G=    3.642e-01 #SS:   24
 ooCMF Iter:   96 Total= -22.980697260822 G=    3.520e-01 #SS:   24
 ooCMF Iter:   97 Total= -22.980661388386 G=    3.562e-01 #SS:   24
 ooCMF Iter:   98 Total= -22.980700630461 G=    3.554e-01 #SS:   24
 ooCMF Iter:   99 Total= -22.979922776393 G=    3.833e-01 #SS:   24
 ooCMF Iter:  100 Total= -22.978401711125 G=    4.430e-01 #SS:   24
 ooCMF Iter:  101 Total= -22.979983123697 G=    3.924e-01 #SS:   24
 ooCMF Iter:  102 Total= -22.979679886376 G=    4.001e-01 #SS:   24
 ooCMF Iter:  103 Total= -22.979368174079 G=    4.129e-01 #SS:   24
 ooCMF Iter:  104 Total= -22.978425140969 G=    4.397e-01 #SS:   24
 ooCMF Iter:  105 Total= -22.978668077257 G=    4.338e-01 #SS:   24
 ooCMF Iter:  106 Total= -22.978746408908 G=    4.321e-01 #SS:   24
 ooCMF Iter:  107 Total= -22.978624883260 G=    4.358e-01 #SS:   24
 ooCMF Iter:  108 Total= -22.978430821436 G=    4.419e-01 #SS:   24
 ooCMF Iter:  109 Total= -22.978729817587 G=    4.334e-01 #SS:   24
 ooCMF Iter:  110 Total= -22.978953571068 G=    4.258e-01 #SS:   24
 ooCMF Iter:  111 Total= -22.979919422767 G=    3.993e-01 #SS:   24
 ooCMF Iter:  112 Total= -22.980196563269 G=    3.924e-01 #SS:   24
 ooCMF Iter:  113 Total= -22.979701912686 G=    4.053e-01 #SS:   24
 ooCMF Iter:  114 Total= -22.979475515360 G=    4.115e-01 #SS:   24
 ooCMF Iter:  115 Total= -22.979401872614 G=    4.158e-01 #SS:   24
 ooCMF Iter:  116 Total= -22.979699169914 G=    4.043e-01 #SS:   24
 ooCMF Iter:  117 Total= -22.979858263941 G=    4.026e-01 #SS:   24
 ooCMF Iter:  118 Total= -22.979655146904 G=    4.161e-01 #SS:   24
 ooCMF Iter:  119 Total= -22.979646460266 G=    4.161e-01 #SS:   24
 ooCMF Iter:  120 Total= -22.979676220584 G=    4.155e-01 #SS:   24
 ooCMF Iter:  121 Total= -22.979638836157 G=    4.169e-01 #SS:   24
 ooCMF Iter:  122 Total= -22.979492338722 G=    4.229e-01 #SS:   24
 ooCMF Iter:  123 Total= -22.979836688191 G=    4.130e-01 #SS:   24
 ooCMF Iter:  124 Total= -22.979841761517 G=    4.130e-01 #SS:   24
 ooCMF Iter:  125 Total= -22.979362996050 G=    4.259e-01 #SS:   24
 ooCMF Iter:  126 Total= -22.980488120061 G=    3.950e-01 #SS:   24
 ooCMF Iter:  127 Total= -22.980841545870 G=    3.829e-01 #SS:   24
 ooCMF Iter:  128 Total= -22.980442034331 G=    3.979e-01 #SS:   24
 ooCMF Iter:  129 Total= -22.979793677216 G=    4.211e-01 #SS:   24
 ooCMF Iter:  130 Total= -22.979740269424 G=    4.239e-01 #SS:   24
 ooCMF Iter:  131 Total= -22.979983697893 G=    4.173e-01 #SS:   24
 ooCMF Iter:  132 Total= -22.980270861657 G=    4.073e-01 #SS:   24
 ooCMF Iter:  133 Total= -22.980366049813 G=    4.035e-01 #SS:   24
 ooCMF Iter:  134 Total= -22.980287203780 G=    4.056e-01 #SS:   24
 ooCMF Iter:  135 Total= -22.980304028154 G=    4.052e-01 #SS:   24
 ooCMF Iter:  136 Total= -22.980333327977 G=    4.043e-01 #SS:   24
 ooCMF Iter:  137 Total= -22.980248430699 G=    4.066e-01 #SS:   24
 ooCMF Iter:  138 Total= -22.980133865338 G=    4.100e-01 #SS:   24
 ooCMF Iter:  139 Total= -22.980064280781 G=    4.137e-01 #SS:   24
 ooCMF Iter:  140 Total= -22.980109929653 G=    4.125e-01 #SS:   24
 ooCMF Iter:  141 Total= -22.979936625598 G=    4.161e-01 #SS:   24
 ooCMF Iter:  142 Total= -22.979911597995 G=    4.169e-01 #SS:   24
 ooCMF Iter:  143 Total= -22.980418062214 G=    4.022e-01 #SS:   24
 ooCMF Iter:  144 Total= -22.980213855618 G=    4.080e-01 #SS:   24
 ooCMF Iter:  145 Total= -22.980139571411 G=    4.100e-01 #SS:   24
 ooCMF Iter:  146 Total= -22.980258570955 G=    4.052e-01 #SS:   24
 ooCMF Iter:  147 Total= -22.980332941150 G=    4.029e-01 #SS:   24
 ooCMF Iter:  148 Total= -22.980274322422 G=    4.042e-01 #SS:   24
 ooCMF Iter:  149 Total= -22.980440633498 G=    3.988e-01 #SS:   24
 ooCMF Iter:  150 Total= -22.980677957357 G=    3.916e-01 #SS:   24
 ooCMF Iter:  151 Total= -22.980893287448 G=    3.841e-01 #SS:   24
 ooCMF Iter:  152 Total= -22.980602644745 G=    3.936e-01 #SS:   24
 ooCMF Iter:  153 Total= -22.980810780879 G=    3.860e-01 #SS:   24
 ooCMF Iter:  154 Total= -22.980824068835 G=    3.854e-01 #SS:   24
 ooCMF Iter:  155 Total= -22.980953774173 G=    3.806e-01 #SS:   24
 ooCMF Iter:  156 Total= -22.980909702885 G=    3.835e-01 #SS:   24
 ooCMF Iter:  157 Total= -22.981467980545 G=    3.654e-01 #SS:   24
 ooCMF Iter:  158 Total= -22.981402432405 G=    3.673e-01 #SS:   24
 ooCMF Iter:  159 Total= -22.981450642670 G=    3.654e-01 #SS:   24
 ooCMF Iter:  160 Total= -22.981451688169 G=    3.653e-01 #SS:   24
 ooCMF Iter:  161 Total= -22.981547535260 G=    3.616e-01 #SS:   24
 ooCMF Iter:  162 Total= -22.981557806610 G=    3.611e-01 #SS:   24
 ooCMF Iter:  163 Total= -22.981165939992 G=    3.758e-01 #SS:   24
 ooCMF Iter:  164 Total= -22.980983911196 G=    3.823e-01 #SS:   24
 ooCMF Iter:  165 Total= -22.980941987420 G=    3.826e-01 #SS:   24
 ooCMF Iter:  166 Total= -22.980929501818 G=    3.832e-01 #SS:   24
 ooCMF Iter:  167 Total= -22.980954088793 G=    3.824e-01 #SS:   24
 ooCMF Iter:  168 Total= -22.981267967972 G=    3.706e-01 #SS:   24
 ooCMF Iter:  169 Total= -22.981361616616 G=    3.672e-01 #SS:   24
 ooCMF Iter:  170 Total= -22.981323862589 G=    3.687e-01 #SS:   24
 ooCMF Iter:  171 Total= -22.981527572242 G=    3.617e-01 #SS:   24
 ooCMF Iter:  172 Total= -22.981549109600 G=    3.604e-01 #SS:   24
 ooCMF Iter:  173 Total= -22.981381984316 G=    3.676e-01 #SS:   24
 ooCMF Iter:  174 Total= -22.981432060180 G=    3.664e-01 #SS:   24
 ooCMF Iter:  175 Total= -22.982103022899 G=    3.411e-01 #SS:   24
 ooCMF Iter:  176 Total= -22.982027295997 G=    3.437e-01 #SS:   24
 ooCMF Iter:  177 Total= -22.981941471807 G=    3.472e-01 #SS:   24
 ooCMF Iter:  178 Total= -22.981572816175 G=    3.599e-01 #SS:   24
 ooCMF Iter:  179 Total= -22.981437694544 G=    3.652e-01 #SS:   24
 ooCMF Iter:  180 Total= -22.981456295461 G=    3.646e-01 #SS:   24
 ooCMF Iter:  181 Total= -22.981625332855 G=    3.596e-01 #SS:   24
 ooCMF Iter:  182 Total= -22.981735930890 G=    3.557e-01 #SS:   24
 ooCMF Iter:  183 Total= -22.981753875567 G=    3.553e-01 #SS:   24
 ooCMF Iter:  184 Total= -22.981600945759 G=    3.600e-01 #SS:   24
 ooCMF Iter:  185 Total= -22.981744542952 G=    3.562e-01 #SS:   24
 ooCMF Iter:  186 Total= -22.981774901827 G=    3.552e-01 #SS:   24
 ooCMF Iter:  187 Total= -22.981569923360 G=    3.625e-01 #SS:   24
 ooCMF Iter:  188 Total= -22.981599417807 G=    3.610e-01 #SS:   24
 ooCMF Iter:  189 Total= -22.981498706060 G=    3.641e-01 #SS:   24
 ooCMF Iter:  190 Total= -22.981725664941 G=    3.564e-01 #SS:   24
 ooCMF Iter:  191 Total= -22.981480465756 G=    3.669e-01 #SS:   24
 ooCMF Iter:  192 Total= -22.981789832020 G=    3.546e-01 #SS:   24
 ooCMF Iter:  193 Total= -22.981702286606 G=    3.581e-01 #SS:   24
 ooCMF Iter:  194 Total= -22.981705342455 G=    3.580e-01 #SS:   24
 ooCMF Iter:  195 Total= -22.981856542616 G=    3.525e-01 #SS:   24
 ooCMF Iter:  196 Total= -22.981777234042 G=    3.550e-01 #SS:   24
 ooCMF Iter:  197 Total= -22.981802209474 G=    3.540e-01 #SS:   24
 ooCMF Iter:  198 Total= -22.980992882932 G=    3.850e-01 #SS:   24
 ooCMF Iter:  199 Total= -22.981306157470 G=    3.747e-01 #SS:   24
 ooCMF Iter:  200 Total= -22.981293656293 G=    3.743e-01 #SS:   24
 ooCMF Iter:  201 Total= -22.981487979799 G=    3.694e-01 #SS:   24
 ooCMF Iter:  202 Total= -22.981633468707 G=    3.624e-01 #SS:   24
 ooCMF Iter:  203 Total= -22.981546143151 G=    3.653e-01 #SS:   24
 ooCMF Iter:  204 Total= -22.981635203727 G=    3.615e-01 #SS:   24
 ooCMF Iter:  205 Total= -22.981682043181 G=    3.588e-01 #SS:   24
 ooCMF Iter:  206 Total= -22.981990862277 G=    3.471e-01 #SS:   24
 ooCMF Iter:  207 Total= -22.982006679920 G=    3.456e-01 #SS:   24
 ooCMF Iter:  208 Total= -22.982013576419 G=    3.453e-01 #SS:   24
 ooCMF Iter:  209 Total= -22.982048869689 G=    3.448e-01 #SS:   24
 ooCMF Iter:  210 Total= -22.981869581440 G=    3.518e-01 #SS:   24
 ooCMF Iter:  211 Total= -22.981598745900 G=    3.622e-01 #SS:   24
 ooCMF Iter:  212 Total= -22.982203108663 G=    3.390e-01 #SS:   24
 ooCMF Iter:  213 Total= -22.982108606238 G=    3.438e-01 #SS:   24
 ooCMF Iter:  214 Total= -22.982297404386 G=    3.378e-01 #SS:   24
 ooCMF Iter:  215 Total= -22.982050314765 G=    3.489e-01 #SS:   24
 ooCMF Iter:  216 Total= -22.982052172498 G=    3.491e-01 #SS:   24
 ooCMF Iter:  217 Total= -22.982138101886 G=    3.455e-01 #SS:   24
 ooCMF Iter:  218 Total= -22.982058003663 G=    3.482e-01 #SS:   24
 ooCMF Iter:  219 Total= -22.982179354840 G=    3.439e-01 #SS:   24
 ooCMF Iter:  220 Total= -22.982363888257 G=    3.367e-01 #SS:   24
 ooCMF Iter:  221 Total= -22.982393019148 G=    3.364e-01 #SS:   24
 ooCMF Iter:  222 Total= -22.982564415135 G=    3.292e-01 #SS:   24
 ooCMF Iter:  223 Total= -22.982598709556 G=    3.275e-01 #SS:   24
 ooCMF Iter:  224 Total= -22.982544416883 G=    3.301e-01 #SS:   24
 ooCMF Iter:  225 Total= -22.982485869692 G=    3.322e-01 #SS:   24
 ooCMF Iter:  226 Total= -22.982446808323 G=    3.323e-01 #SS:   24
 ooCMF Iter:  227 Total= -22.982482299374 G=    3.316e-01 #SS:   24
 ooCMF Iter:  228 Total= -22.981955322254 G=    3.529e-01 #SS:   24
 ooCMF Iter:  229 Total= -22.981961148105 G=    3.523e-01 #SS:   24
 ooCMF Iter:  230 Total= -22.982111510341 G=    3.466e-01 #SS:   24
 ooCMF Iter:  231 Total= -22.982043885013 G=    3.489e-01 #SS:   24
 ooCMF Iter:  232 Total= -22.982117851384 G=    3.457e-01 #SS:   24
 ooCMF Iter:  233 Total= -22.982160648297 G=    3.452e-01 #SS:   24
 ooCMF Iter:  234 Total= -22.982235077159 G=    3.421e-01 #SS:   24
 ooCMF Iter:  235 Total= -22.982202008657 G=    3.436e-01 #SS:   24
 ooCMF Iter:  236 Total= -22.982130240598 G=    3.468e-01 #SS:   24
 ooCMF Iter:  237 Total= -22.982160228364 G=    3.456e-01 #SS:   24
 ooCMF Iter:  238 Total= -22.982121957663 G=    3.471e-01 #SS:   24
 ooCMF Iter:  239 Total= -22.982116456513 G=    3.473e-01 #SS:   24
 ooCMF Iter:  240 Total= -22.982122773859 G=    3.472e-01 #SS:   24
 ooCMF Iter:  241 Total= -22.982173529737 G=    3.450e-01 #SS:   24
 ooCMF Iter:  242 Total= -22.982176266539 G=    3.451e-01 #SS:   24
 ooCMF Iter:  243 Total= -22.982185360697 G=    3.447e-01 #SS:   24
 ooCMF Iter:  244 Total= -22.982091382458 G=    3.480e-01 #SS:   24
 ooCMF Iter:  245 Total= -22.982098850417 G=    3.477e-01 #SS:   24
 ooCMF Iter:  246 Total= -22.982224967323 G=    3.422e-01 #SS:   24
 ooCMF Iter:  247 Total= -22.982057894304 G=    3.493e-01 #SS:   24
 ooCMF Iter:  248 Total= -22.982098330135 G=    3.475e-01 #SS:   24
 ooCMF Iter:  249 Total= -22.982117872869 G=    3.468e-01 #SS:   24
 ooCMF Iter:  250 Total= -22.982144532592 G=    3.459e-01 #SS:   24
 ooCMF Iter:  251 Total= -22.982164755775 G=    3.451e-01 #SS:   24
 ooCMF Iter:  252 Total= -22.982129985901 G=    3.463e-01 #SS:   24
 ooCMF Iter:  253 Total= -22.982011442764 G=    3.508e-01 #SS:   24
 ooCMF Iter:  254 Total= -22.982308354427 G=    3.401e-01 #SS:   24
 ooCMF Iter:  255 Total= -22.982342975103 G=    3.388e-01 #SS:   24
 ooCMF Iter:  256 Total= -22.982403741658 G=    3.366e-01 #SS:   24
 ooCMF Iter:  257 Total= -22.982425615633 G=    3.358e-01 #SS:   24
 ooCMF Iter:  258 Total= -22.982395821901 G=    3.369e-01 #SS:   24
 ooCMF Iter:  259 Total= -22.982475048954 G=    3.340e-01 #SS:   24
 ooCMF Iter:  260 Total= -22.982521597267 G=    3.322e-01 #SS:   24
 ooCMF Iter:  261 Total= -22.982446936766 G=    3.352e-01 #SS:   24
 ooCMF Iter:  262 Total= -22.982269140587 G=    3.414e-01 #SS:   24
 ooCMF Iter:  263 Total= -22.982358990168 G=    3.375e-01 #SS:   24
 ooCMF Iter:  264 Total= -22.982247064802 G=    3.429e-01 #SS:   24
 ooCMF Iter:  265 Total= -22.982372825828 G=    3.371e-01 #SS:   24
 ooCMF Iter:  266 Total= -22.982209594184 G=    3.445e-01 #SS:   24
 ooCMF Iter:  267 Total= -22.982279112536 G=    3.416e-01 #SS:   24
 ooCMF Iter:  268 Total= -22.982329169778 G=    3.396e-01 #SS:   24
 ooCMF Iter:  269 Total= -22.982304956048 G=    3.401e-01 #SS:   24
 ooCMF Iter:  270 Total= -22.982226083130 G=    3.437e-01 #SS:   24
 ooCMF Iter:  271 Total= -22.982271378469 G=    3.418e-01 #SS:   24
 ooCMF Iter:  272 Total= -22.982251879041 G=    3.425e-01 #SS:   24
 ooCMF Iter:  273 Total= -22.982195987214 G=    3.448e-01 #SS:   24
 ooCMF Iter:  274 Total= -22.982177446698 G=    3.456e-01 #SS:   24
 ooCMF Iter:  275 Total= -22.982216216260 G=    3.442e-01 #SS:   24
 ooCMF Iter:  276 Total= -22.982215243540 G=    3.442e-01 #SS:   24
 ooCMF Iter:  277 Total= -22.982269889847 G=    3.420e-01 #SS:   24
 ooCMF Iter:  278 Total= -22.982157764258 G=    3.462e-01 #SS:   24
 ooCMF Iter:  279 Total= -22.982247949073 G=    3.430e-01 #SS:   24
 ooCMF Iter:  280 Total= -22.982266918902 G=    3.423e-01 #SS:   24
 ooCMF Iter:  281 Total= -22.982264090906 G=    3.424e-01 #SS:   24
 ooCMF Iter:  282 Total= -22.982193731736 G=    3.453e-01 #SS:   24
 ooCMF Iter:  283 Total= -22.982236445152 G=    3.435e-01 #SS:   24
 ooCMF Iter:  284 Total= -22.982277183612 G=    3.419e-01 #SS:   24
 ooCMF Iter:  285 Total= -22.982221627676 G=    3.442e-01 #SS:   24
 ooCMF Iter:  286 Total= -22.982085682029 G=    3.485e-01 #SS:   24
 ooCMF Iter:  287 Total= -22.982273998874 G=    3.417e-01 #SS:   24
 ooCMF Iter:  288 Total= -22.982242861849 G=    3.426e-01 #SS:   24
 ooCMF Iter:  289 Total= -22.982145598946 G=    3.469e-01 #SS:   24
 ooCMF Iter:  290 Total= -22.982308756662 G=    3.400e-01 #SS:   24
 ooCMF Iter:  291 Total= -22.982247879181 G=    3.437e-01 #SS:   24
 ooCMF Iter:  292 Total= -22.982437366828 G=    3.361e-01 #SS:   24
 ooCMF Iter:  293 Total= -22.982410102671 G=    3.374e-01 #SS:   24
 ooCMF Iter:  294 Total= -22.982481133833 G=    3.347e-01 #SS:   24
 ooCMF Iter:  295 Total= -22.982484682635 G=    3.345e-01 #SS:   24
 ooCMF Iter:  296 Total= -22.982396636842 G=    3.378e-01 #SS:   24
 ooCMF Iter:  297 Total= -22.982443454152 G=    3.357e-01 #SS:   24
 ooCMF Iter:  298 Total= -22.982383228901 G=    3.380e-01 #SS:   24
 ooCMF Iter:  299 Total= -22.982565757176 G=    3.303e-01 #SS:   24
 ooCMF Iter:  300 Total= -22.982566203892 G=    3.312e-01 #SS:   24
 ooCMF Iter:  301 Total= -22.982623324748 G=    3.285e-01 #SS:   24
 ooCMF Iter:  302 Total= -22.982519363662 G=    3.324e-01 #SS:   24
 ooCMF Iter:  303 Total= -22.982491338991 G=    3.331e-01 #SS:   24
 ooCMF Iter:  304 Total= -22.982529242574 G=    3.318e-01 #SS:   24
 ooCMF Iter:  305 Total= -22.982483285900 G=    3.335e-01 #SS:   24
 ooCMF Iter:  306 Total= -22.982551539245 G=    3.311e-01 #SS:   24
 ooCMF Iter:  307 Total= -22.982547389882 G=    3.313e-01 #SS:   24
 ooCMF Iter:  308 Total= -22.982561540172 G=    3.308e-01 #SS:   24
 ooCMF Iter:  309 Total= -22.982577899255 G=    3.302e-01 #SS:   24
 ooCMF Iter:  310 Total= -22.982596555014 G=    3.293e-01 #SS:   24
 ooCMF Iter:  311 Total= -22.982488359225 G=    3.338e-01 #SS:   24
 ooCMF Iter:  312 Total= -22.982502879567 G=    3.332e-01 #SS:   24
 ooCMF Iter:  313 Total= -22.982571968667 G=    3.298e-01 #SS:   24
 ooCMF Iter:  314 Total= -22.982493151535 G=    3.334e-01 #SS:   24
 ooCMF Iter:  315 Total= -22.982529866815 G=    3.314e-01 #SS:   24
 ooCMF Iter:  316 Total= -22.982523324372 G=    3.314e-01 #SS:   24
 ooCMF Iter:  317 Total= -22.982610703735 G=    3.276e-01 #SS:   24
 ooCMF Iter:  318 Total= -22.982655379339 G=    3.256e-01 #SS:   24
 ooCMF Iter:  319 Total= -22.982649334839 G=    3.257e-01 #SS:   24
 ooCMF Iter:  320 Total= -22.982651298297 G=    3.257e-01 #SS:   24
 ooCMF Iter:  321 Total= -22.982641278528 G=    3.261e-01 #SS:   24
 ooCMF Iter:  322 Total= -22.982612831362 G=    3.278e-01 #SS:   24
 ooCMF Iter:  323 Total= -22.982640974910 G=    3.266e-01 #SS:   24
 ooCMF Iter:  324 Total= -22.982640118097 G=    3.265e-01 #SS:   24
 ooCMF Iter:  325 Total= -22.982677400202 G=    3.252e-01 #SS:   24
 ooCMF Iter:  326 Total= -22.982688637052 G=    3.251e-01 #SS:   24
 ooCMF Iter:  327 Total= -22.982647136002 G=    3.263e-01 #SS:   24
 ooCMF Iter:  328 Total= -22.982686199173 G=    3.247e-01 #SS:   24
 ooCMF Iter:  329 Total= -22.982733809526 G=    3.224e-01 #SS:   24
 ooCMF Iter:  330 Total= -22.982760418322 G=    3.212e-01 #SS:   24
 ooCMF Iter:  331 Total= -22.982784994204 G=    3.202e-01 #SS:   24
 ooCMF Iter:  332 Total= -22.982825219528 G=    3.184e-01 #SS:   24
 ooCMF Iter:  333 Total= -22.982794373118 G=    3.192e-01 #SS:   24
 ooCMF Iter:  334 Total= -22.982814941605 G=    3.186e-01 #SS:   24
 ooCMF Iter:  335 Total= -22.982780485663 G=    3.209e-01 #SS:   24
 ooCMF Iter:  336 Total= -22.982815896087 G=    3.195e-01 #SS:   24
 ooCMF Iter:  337 Total= -22.982824117259 G=    3.192e-01 #SS:   24
 ooCMF Iter:  338 Total= -22.982762420925 G=    3.224e-01 #SS:   24
 ooCMF Iter:  339 Total= -22.982855726734 G=    3.175e-01 #SS:   24
 ooCMF Iter:  340 Total= -22.982817164680 G=    3.195e-01 #SS:   24
 ooCMF Iter:  341 Total= -22.982775912650 G=    3.220e-01 #SS:   24
 ooCMF Iter:  342 Total= -22.982833617443 G=    3.191e-01 #SS:   24
 ooCMF Iter:  343 Total= -22.982842415814 G=    3.187e-01 #SS:   24
 ooCMF Iter:  344 Total= -22.982842808404 G=    3.187e-01 #SS:   24
 ooCMF Iter:  345 Total= -22.982835735872 G=    3.190e-01 #SS:   24
 ooCMF Iter:  346 Total= -22.982832209773 G=    3.192e-01 #SS:   24
 ooCMF Iter:  347 Total= -22.982829815794 G=    3.192e-01 #SS:   24
 ooCMF Iter:  348 Total= -22.982762973189 G=    3.216e-01 #SS:   24
 ooCMF Iter:  349 Total= -22.982727821428 G=    3.232e-01 #SS:   24
 ooCMF Iter:  350 Total= -22.982730786455 G=    3.232e-01 #SS:   24
 ooCMF Iter:  351 Total= -22.982743257015 G=    3.226e-01 #SS:   24
 ooCMF Iter:  352 Total= -22.982741542055 G=    3.227e-01 #SS:   24
 ooCMF Iter:  353 Total= -22.982781167694 G=    3.218e-01 #SS:   24
 ooCMF Iter:  354 Total= -22.982864198363 G=    3.188e-01 #SS:   24
 ooCMF Iter:  355 Total= -22.982865614372 G=    3.185e-01 #SS:   24
 ooCMF Iter:  356 Total= -22.982900603821 G=    3.174e-01 #SS:   24
 ooCMF Iter:  357 Total= -22.982807719475 G=    3.209e-01 #SS:   24
 ooCMF Iter:  358 Total= -22.982831859099 G=    3.199e-01 #SS:   24
 ooCMF Iter:  359 Total= -22.982797291058 G=    3.214e-01 #SS:   24
 ooCMF Iter:  360 Total= -22.982797764525 G=    3.213e-01 #SS:   24
 ooCMF Iter:  361 Total= -22.982805092986 G=    3.210e-01 #SS:   24
 ooCMF Iter:  362 Total= -22.982798674453 G=    3.213e-01 #SS:   24
 ooCMF Iter:  363 Total= -22.982941212719 G=    3.148e-01 #SS:   24
 ooCMF Iter:  364 Total= -22.982848648877 G=    3.191e-01 #SS:   24
 ooCMF Iter:  365 Total= -22.982835929460 G=    3.193e-01 #SS:   24
 ooCMF Iter:  366 Total= -22.982833790027 G=    3.199e-01 #SS:   24
 ooCMF Iter:  367 Total= -22.982861861782 G=    3.186e-01 #SS:   24
 ooCMF Iter:  368 Total= -22.982771921748 G=    3.223e-01 #SS:   24
 ooCMF Iter:  369 Total= -22.982883229619 G=    3.176e-01 #SS:   24
 ooCMF Iter:  370 Total= -22.982888099810 G=    3.174e-01 #SS:   24
 ooCMF Iter:  371 Total= -22.982890854963 G=    3.170e-01 #SS:   24
 ooCMF Iter:  372 Total= -22.982894067823 G=    3.169e-01 #SS:   24
 ooCMF Iter:  373 Total= -22.982873501572 G=    3.176e-01 #SS:   24
 ooCMF Iter:  374 Total= -22.982904772757 G=    3.168e-01 #SS:   24
 ooCMF Iter:  375 Total= -22.982937943566 G=    3.145e-01 #SS:   24
 ooCMF Iter:  376 Total= -22.982872561000 G=    3.180e-01 #SS:   24
 ooCMF Iter:  377 Total= -22.982886019633 G=    3.172e-01 #SS:   24
 ooCMF Iter:  378 Total= -22.982868613722 G=    3.178e-01 #SS:   24
 ooCMF Iter:  379 Total= -22.982940716252 G=    3.151e-01 #SS:   24
 ooCMF Iter:  380 Total= -22.982996975392 G=    3.122e-01 #SS:   24
 ooCMF Iter:  381 Total= -22.982902809030 G=    3.159e-01 #SS:   24
 ooCMF Iter:  382 Total= -22.982891096939 G=    3.160e-01 #SS:   24
 ooCMF Iter:  383 Total= -22.982922663348 G=    3.148e-01 #SS:   24
 ooCMF Iter:  384 Total= -22.982964783786 G=    3.128e-01 #SS:   24
 ooCMF Iter:  385 Total= -22.983019903390 G=    3.096e-01 #SS:   24
 ooCMF Iter:  386 Total= -22.982955247343 G=    3.130e-01 #SS:   24
 ooCMF Iter:  387 Total= -22.982954186708 G=    3.133e-01 #SS:   24
 ooCMF Iter:  388 Total= -22.983015126091 G=    3.107e-01 #SS:   24
 ooCMF Iter:  389 Total= -22.983043092447 G=    3.092e-01 #SS:   24
 ooCMF Iter:  390 Total= -22.982988158591 G=    3.119e-01 #SS:   24
 ooCMF Iter:  391 Total= -22.982980931080 G=    3.115e-01 #SS:   24
 ooCMF Iter:  392 Total= -22.983016203108 G=    3.100e-01 #SS:   24
 ooCMF Iter:  393 Total= -22.983007123050 G=    3.100e-01 #SS:   24
 ooCMF Iter:  394 Total= -22.982916762532 G=    3.167e-01 #SS:   24
 ooCMF Iter:  395 Total= -22.982867094190 G=    3.186e-01 #SS:   24
 ooCMF Iter:  396 Total= -22.982818466197 G=    3.207e-01 #SS:   24
 ooCMF Iter:  397 Total= -22.982827762126 G=    3.198e-01 #SS:   24
 ooCMF Iter:  398 Total= -22.982846213264 G=    3.192e-01 #SS:   24
 ooCMF Iter:  399 Total= -22.982817197067 G=    3.204e-01 #SS:   24
 ooCMF Iter:  400 Total= -22.982926974696 G=    3.145e-01 #SS:   24
 ooCMF Iter:  401 Total= -22.982857828080 G=    3.183e-01 #SS:   24
 ooCMF Iter:  402 Total= -22.982851740077 G=    3.185e-01 #SS:   24
 ooCMF Iter:  403 Total= -22.982869908577 G=    3.174e-01 #SS:   24
 ooCMF Iter:  404 Total= -22.982948830803 G=    3.142e-01 #SS:   24
 ooCMF Iter:  405 Total= -22.982972185584 G=    3.133e-01 #SS:   24
 ooCMF Iter:  406 Total= -22.983033818634 G=    3.100e-01 #SS:   24
 ooCMF Iter:  407 Total= -22.983086031100 G=    3.079e-01 #SS:   24
 ooCMF Iter:  408 Total= -22.983081335838 G=    3.082e-01 #SS:   24
 ooCMF Iter:  409 Total= -22.983091686230 G=    3.082e-01 #SS:   24
 ooCMF Iter:  410 Total= -22.983027956419 G=    3.110e-01 #SS:   24
 ooCMF Iter:  411 Total= -22.983063062781 G=    3.093e-01 #SS:   24
 ooCMF Iter:  412 Total= -22.983039728581 G=    3.099e-01 #SS:   24
 ooCMF Iter:  413 Total= -22.983067245213 G=    3.088e-01 #SS:   24
 ooCMF Iter:  414 Total= -22.983072042979 G=    3.084e-01 #SS:   24
 ooCMF Iter:  415 Total= -22.983062620227 G=    3.090e-01 #SS:   24
 ooCMF Iter:  416 Total= -22.983061396262 G=    3.091e-01 #SS:   24
 ooCMF Iter:  417 Total= -22.983059895127 G=    3.093e-01 #SS:   24
 ooCMF Iter:  418 Total= -22.983050078407 G=    3.098e-01 #SS:   24
 ooCMF Iter:  419 Total= -22.983163468368 G=    3.042e-01 #SS:   24
 ooCMF Iter:  420 Total= -22.983183867076 G=    3.029e-01 #SS:   24
 ooCMF Iter:  421 Total= -22.983185164416 G=    3.021e-01 #SS:   24
 ooCMF Iter:  422 Total= -22.983193842895 G=    3.024e-01 #SS:   24
 ooCMF Iter:  423 Total= -22.983002863733 G=    3.106e-01 #SS:   24
 ooCMF Iter:  424 Total= -22.982983972944 G=    3.110e-01 #SS:   24
 ooCMF Iter:  425 Total= -22.982984051969 G=    3.107e-01 #SS:   24
 ooCMF Iter:  426 Total= -22.982965804912 G=    3.119e-01 #SS:   24
 ooCMF Iter:  427 Total= -22.983043516143 G=    3.082e-01 #SS:   24
 ooCMF Iter:  428 Total= -22.982973672477 G=    3.115e-01 #SS:   24
 ooCMF Iter:  429 Total= -22.983003630132 G=    3.098e-01 #SS:   24
 ooCMF Iter:  430 Total= -22.982955229038 G=    3.122e-01 #SS:   24
 ooCMF Iter:  431 Total= -22.982954191009 G=    3.122e-01 #SS:   24
 ooCMF Iter:  432 Total= -22.982953994324 G=    3.120e-01 #SS:   24
 ooCMF Iter:  433 Total= -22.982990251317 G=    3.104e-01 #SS:   24
 ooCMF Iter:  434 Total= -22.982980797473 G=    3.109e-01 #SS:   24
 ooCMF Iter:  435 Total= -22.982974234572 G=    3.111e-01 #SS:   24
 ooCMF Iter:  436 Total= -22.982920595082 G=    3.141e-01 #SS:   24
 ooCMF Iter:  437 Total= -22.982937307861 G=    3.138e-01 #SS:   24
 ooCMF Iter:  438 Total= -22.982863719842 G=    3.171e-01 #SS:   24
 ooCMF Iter:  439 Total= -22.982881709493 G=    3.163e-01 #SS:   24
 ooCMF Iter:  440 Total= -22.982869858478 G=    3.165e-01 #SS:   24
 ooCMF Iter:  441 Total= -22.982907627897 G=    3.155e-01 #SS:   24
 ooCMF Iter:  442 Total= -22.982917806672 G=    3.149e-01 #SS:   24
 ooCMF Iter:  443 Total= -22.982911478746 G=    3.153e-01 #SS:   24
 ooCMF Iter:  444 Total= -22.982917940549 G=    3.151e-01 #SS:   24
 ooCMF Iter:  445 Total= -22.982940789326 G=    3.138e-01 #SS:   24
 ooCMF Iter:  446 Total= -22.982968192462 G=    3.133e-01 #SS:   24
 ooCMF Iter:  447 Total= -22.982840331105 G=    3.179e-01 #SS:   24
 ooCMF Iter:  448 Total= -22.982914991525 G=    3.152e-01 #SS:   24
 ooCMF Iter:  449 Total= -22.982959458713 G=    3.142e-01 #SS:   24
 ooCMF Iter:  450 Total= -22.982938153489 G=    3.149e-01 #SS:   24
 ooCMF Iter:  451 Total= -22.982975314552 G=    3.135e-01 #SS:   24
 ooCMF Iter:  452 Total= -22.983018605752 G=    3.118e-01 #SS:   24
 ooCMF Iter:  453 Total= -22.983096875393 G=    3.064e-01 #SS:   24
 ooCMF Iter:  454 Total= -22.983059642162 G=    3.085e-01 #SS:   24
 ooCMF Iter:  455 Total= -22.983077153331 G=    3.075e-01 #SS:   24
 ooCMF Iter:  456 Total= -22.983105764041 G=    3.054e-01 #SS:   24
 ooCMF Iter:  457 Total= -22.983036615741 G=    3.089e-01 #SS:   24
 ooCMF Iter:  458 Total= -22.983035790597 G=    3.089e-01 #SS:   24
 ooCMF Iter:  459 Total= -22.983022212036 G=    3.096e-01 #SS:   24
 ooCMF Iter:  460 Total= -22.983034222252 G=    3.092e-01 #SS:   24
 ooCMF Iter:  461 Total= -22.983043612209 G=    3.091e-01 #SS:   24
 ooCMF Iter:  462 Total= -22.983112869031 G=    3.056e-01 #SS:   24
 ooCMF Iter:  463 Total= -22.983093850728 G=    3.067e-01 #SS:   24
 ooCMF Iter:  464 Total= -22.983066764276 G=    3.073e-01 #SS:   24
 ooCMF Iter:  465 Total= -22.983061579331 G=    3.074e-01 #SS:   24
 ooCMF Iter:  466 Total= -22.983079567846 G=    3.068e-01 #SS:   24
 ooCMF Iter:  467 Total= -22.983026578968 G=    3.083e-01 #SS:   24
 ooCMF Iter:  468 Total= -22.982978931155 G=    3.102e-01 #SS:   24
 ooCMF Iter:  469 Total= -22.982994113711 G=    3.099e-01 #SS:   24
 ooCMF Iter:  470 Total= -22.983009932154 G=    3.096e-01 #SS:   24
 ooCMF Iter:  471 Total= -22.982968770297 G=    3.112e-01 #SS:   24
 ooCMF Iter:  472 Total= -22.982918869341 G=    3.136e-01 #SS:   24
 ooCMF Iter:  473 Total= -22.982985137751 G=    3.111e-01 #SS:   24
 ooCMF Iter:  474 Total= -22.983020114452 G=    3.098e-01 #SS:   24
 ooCMF Iter:  475 Total= -22.983100713358 G=    3.078e-01 #SS:   24
 ooCMF Iter:  476 Total= -22.983086415725 G=    3.082e-01 #SS:   24
 ooCMF Iter:  477 Total= -22.983051612392 G=    3.096e-01 #SS:   24
 ooCMF Iter:  478 Total= -22.983079250730 G=    3.085e-01 #SS:   24
 ooCMF Iter:  479 Total= -22.983145075214 G=    3.051e-01 #SS:   24
 ooCMF Iter:  480 Total= -22.983266209576 G=    2.983e-01 #SS:   24
 ooCMF Iter:  481 Total= -22.983265078686 G=    2.991e-01 #SS:   24
 ooCMF Iter:  482 Total= -22.983180339072 G=    3.038e-01 #SS:   24
 ooCMF Iter:  483 Total= -22.983234227497 G=    3.012e-01 #SS:   24
 ooCMF Iter:  484 Total= -22.983246616637 G=    3.005e-01 #SS:   24
 ooCMF Iter:  485 Total= -22.983246953386 G=    3.004e-01 #SS:   24
 ooCMF Iter:  486 Total= -22.983239702979 G=    3.008e-01 #SS:   24
 ooCMF Iter:  487 Total= -22.983241284541 G=    3.005e-01 #SS:   24
 ooCMF Iter:  488 Total= -22.983207815150 G=    3.016e-01 #SS:   24
 ooCMF Iter:  489 Total= -22.983233372411 G=    3.011e-01 #SS:   24
 ooCMF Iter:  490 Total= -22.983237608401 G=    3.008e-01 #SS:   24
 ooCMF Iter:  491 Total= -22.983209881640 G=    3.013e-01 #SS:   24
 ooCMF Iter:  492 Total= -22.983232826263 G=    2.997e-01 #SS:   24
 ooCMF Iter:  493 Total= -22.983241836684 G=    2.995e-01 #SS:   24
 ooCMF Iter:  494 Total= -22.983221941343 G=    3.014e-01 #SS:   24
 ooCMF Iter:  495 Total= -22.983223559980 G=    3.011e-01 #SS:   24
 ooCMF Iter:  496 Total= -22.983236451718 G=    3.005e-01 #SS:   24
 ooCMF Iter:  497 Total= -22.983161976289 G=    3.036e-01 #SS:   24
 ooCMF Iter:  498 Total= -22.983099070479 G=    3.064e-01 #SS:   24
 ooCMF Iter:  499 Total= -22.983128777540 G=    3.054e-01 #SS:   24
 ooCMF Iter:  500 Total= -22.983158567665 G=    3.039e-01 #SS:   24
564.425256 seconds (312.23 M allocations: 327.640 GiB, 6.38% gc time)
 Solve OO-CMF with DIIS
 ooCMF Iter:    1 Total= -22.984153344291 G=    6.071e-02 #SS:    1
 ooCMF Iter:    2 Total= -22.985969315334 G=    7.975e-02 #SS:    2
 ooCMF Iter:    3 Total= -22.986697651376 G=    9.271e-03 #SS:    3
 ooCMF Iter:    4 Total= -22.986706571766 G=    2.419e-03 #SS:    4
 ooCMF Iter:    5 Total= -22.986708256744 G=    1.623e-04 #SS:    5
 ooCMF Iter:    6 Total= -22.986708257880 G=    5.670e-06 #SS:    6
 ooCMF Iter:    7 Total= -22.986708257883 G=    2.237e-07 #SS:    7
 ooCMF Iter:    8 Total= -22.986708257883 G=    2.795e-08 #SS:    8
*ooCMF Iter:    9 Total= -22.986708257883 G=    1.032e-09 #SS:    9
 16.405526 seconds (2.15 M allocations: 6.429 GiB, 4.34% gc time)
 Solve OO-CMF with newton
 Step:    1 E: -22.753131993680 G:     2.20e+00  
 Step:    2 E: -22.984153344291 G:     6.07e-02  
 Step:    3 E: -22.986706280482 G:     1.65e-03  
 Step:    4 E: -22.986708257008 G:     2.06e-05  
 Step:    5 E: -22.986708257881 G:     9.98e-07  
 Step:    6 E: -22.986708257882 G:     4.26e-08  
 Step:    7 E: -22.986708257883 G:     1.71e-09  
 10.253158 seconds (1.33 M allocations: 2.433 GiB, 2.39% gc time)
 Solve OO-CMF with newton
 Step:    1 E: -22.753131993680 G:     2.20e+00  
 Step:    2 E: -22.896952632076 G:     7.82e-01  
 Step:    3 E: -22.856576498914 G:     5.07e-01  
 Step:    4 E: -22.869326297453 G:     3.24e-01  
 Step:    5 E: -22.880198903307 G:     8.14e-02  
 Step:    6 E: -22.882129863822 G:     3.56e-03  
 Step:    7 E: -22.882133620557 G:     2.50e-05  
 Step:    8 E: -22.882133621555 G:     1.13e-06  
 Step:    9 E: -22.882133621557 G:     5.03e-08  
 Step:   10 E: -22.882133621557 G:     9.28e-09  
  7.645982 seconds (968.80 k allocations: 3.434 GiB, 3.31% gc time)