IDX001:DIM1024:001|002|003|004|005|
IDX002:DIM1024:006|007|008|009|010|
IDX003:DIM1024:011|012|013|014|015|
IDX004:DIM1024:016|017|018|019|020|
IDX005:DIM1024:021|022|023|024|025|
IDX006:DIM1024:026|027|028|029|030|
IDX007:DIM1024:031|032|033|034|035|
IDX008:DIM1024:036|037|038|039|040|
(40, 40) ooCMF Iter:    1 Total= -22.847345004434 Active= -51.158293683877 G=     1.80e+00
 ooCMF Iter:    2 Total= -22.979358168110 Active= -51.290306847553 G=     8.95e-01
 ooCMF Iter:    3 Total= -22.991606940227 Active= -51.302555619669 G=     6.38e-01
 ooCMF Iter:    4 Total= -23.009949051146 Active= -51.320897730589 G=     2.34e-01
 ooCMF Iter:    5 Total= -23.012268764276 Active= -51.323217443718 G=     4.69e-02
 ooCMF Iter:    6 Total= -23.012393054417 Active= -51.323341733859 G=     1.33e-02
 ooCMF Iter:    7 Total= -23.012455470478 Active= -51.323404149920 G=     3.77e-02
 ooCMF Iter:    8 Total= -23.013079096712 Active= -51.324027776154 G=     3.47e-02
 ooCMF Iter:    9 Total= -23.013111159147 Active= -51.324059838589 G=     2.36e-02
 ooCMF Iter:   10 Total= -23.013120115450 Active= -51.324068794892 G=     1.87e-02
 ooCMF Iter:   11 Total= -23.013135804851 Active= -51.324084484293 G=     3.69e-03
 ooCMF Iter:   12 Total= -23.013136379104 Active= -51.324085058547 G=     7.72e-04
 ooCMF Iter:   13 Total= -23.013136493236 Active= -51.324085172679 G=     1.21e-03
 ooCMF Iter:   14 Total= -23.013136665766 Active= -51.324085345208 G=     9.01e-04
 ooCMF Iter:   15 Total= -23.013136719094 Active= -51.324085398536 G=     9.20e-04
 ooCMF Iter:   16 Total= -23.013137229277 Active= -51.324085908719 G=     1.15e-03
 ooCMF Iter:   17 Total= -23.013137261686 Active= -51.324085941128 G=     8.24e-04
 ooCMF Iter:   18 Total= -23.013137300007 Active= -51.324085979449 G=     2.43e-04
 ooCMF Iter:   19 Total= -23.013137301849 Active= -51.324085981292 G=     1.08e-04
 ooCMF Iter:   20 Total= -23.013137303392 Active= -51.324085982835 G=     8.42e-05
 ooCMF Iter:   21 Total= -23.013137303585 Active= -51.324085983028 G=     9.26e-05
 ooCMF Iter:   22 Total= -23.013137306476 Active= -51.324085985918 G=     6.61e-05
 ooCMF Iter:   23 Total= -23.013137307465 Active= -51.324085986907 G=     1.18e-04
 ooCMF Iter:   24 Total= -23.013137308656 Active= -51.324085988099 G=     1.07e-04
 ooCMF Iter:   25 Total= -23.013137308861 Active= -51.324085988303 G=     9.27e-05
 ooCMF Iter:   26 Total= -23.013137309125 Active= -51.324085988568 G=     5.04e-05
 ooCMF Iter:   27 Total= -23.013137309236 Active= -51.324085988678 G=     1.81e-05
 ooCMF Iter:   28 Total= -23.013137309265 Active= -51.324085988708 G=     1.86e-05
 ooCMF Iter:   29 Total= -23.013137309340 Active= -51.324085988782 G=     3.14e-05
 ooCMF Iter:   30 Total= -23.013137309350 Active= -51.324085988793 G=     3.16e-05
 ooCMF Iter:   31 Total= -23.013137309442 Active= -51.324085988885 G=     1.79e-05
 ooCMF Iter:   32 Total= -23.013137309476 Active= -51.324085988918 G=     1.68e-05
 ooCMF Iter:   33 Total= -23.013137309557 Active= -51.324085988999 G=     2.59e-05
 ooCMF Iter:   34 Total= -23.013137309566 Active= -51.324085989009 G=     2.27e-05
 ooCMF Iter:   35 Total= -23.013137309584 Active= -51.324085989027 G=     1.39e-05
 ooCMF Iter:   36 Total= -23.013137309596 Active= -51.324085989038 G=     4.73e-06
 ooCMF Iter:   37 Total= -23.013137309598 Active= -51.324085989040 G=     6.81e-06
 ooCMF Iter:   38 Total= -23.013137309601 Active= -51.324085989043 G=     5.20e-06
 ooCMF Iter:   39 Total= -23.013137309602 Active= -51.324085989044 G=     2.20e-06
 ooCMF Iter:   40 Total= -23.013137309602 Active= -51.324085989044 G=     6.42e-07
 ooCMF Iter:   41 Total= -23.013137309602 Active= -51.324085989045 G=     1.28e-06
 ooCMF Iter:   42 Total= -23.013137309602 Active= -51.324085989045 G=     1.06e-06
 ooCMF Iter:   43 Total= -23.013137309602 Active= -51.324085989045 G=     3.76e-07
 ooCMF Iter:   44 Total= -23.013137309602 Active= -51.324085989045 G=     4.52e-07
 ooCMF Iter:   45 Total= -23.013137309602 Active= -51.324085989045 G=     8.45e-07
 ooCMF Iter:   46 Total= -23.013137309602 Active= -51.324085989045 G=     8.06e-07
 ooCMF Iter:   47 Total= -23.013137309602 Active= -51.324085989045 G=     6.86e-07
 ooCMF Iter:   48 Total= -23.013137309602 Active= -51.324085989045 G=     3.48e-07
 ooCMF Iter:   49 Total= -23.013137309602 Active= -51.324085989045 G=     5.63e-07
 ooCMF Iter:   50 Total= -23.013137309602 Active= -51.324085989045 G=     4.63e-07
 ooCMF Iter:   51 Total= -23.013137309603 Active= -51.324085989045 G=     3.84e-07
 ooCMF Iter:   52 Total= -23.013137309602 Active= -51.324085989045 G=     1.68e-07
 ooCMF Iter:   53 Total= -23.013137309602 Active= -51.324085989045 G=     1.04e-07
 ooCMF Iter:   54 Total= -23.013137309602 Active= -51.324085989045 G=     1.41e-07
 ooCMF Iter:   55 Total= -23.013137309602 Active= -51.324085989045 G=     1.55e-07
 ooCMF Iter:   56 Total= -23.013137309603 Active= -51.324085989045 G=     1.49e-07
 ooCMF Iter:   57 Total= -23.013137309602 Active= -51.324085989045 G=     1.14e-07
 ooCMF Iter:   58 Total= -23.013137309602 Active= -51.324085989045 G=     1.38e-07
 ooCMF Iter:   59 Total= -23.013137309602 Active= -51.324085989045 G=     2.01e-07
 ooCMF Iter:   60 Total= -23.013137309602 Active= -51.324085989045 G=     1.59e-07
 ooCMF Iter:   61 Total= -23.013137309602 Active= -51.324085989045 G=     1.25e-07
 ooCMF Iter:   62 Total= -23.013137309602 Active= -51.324085989045 G=     8.54e-08
 ooCMF Iter:   63 Total= -23.013137309602 Active= -51.324085989045 G=     7.77e-08
 * Status: success

 * Candidate solution
    Final objective value:     -2.301314e+01

 * Found with
    Algorithm:     BFGS

 * Convergence measures
    |x - x'|               = 3.33e-09 ≰ 0.0e+00
    |x - x'|/|x'|          = 9.19e-08 ≰ 0.0e+00
    |f(x) - f(x')|         = 9.59e-14 ≰ 0.0e+00
    |f(x) - f(x')|/|f(x')| = 4.17e-15 ≰ 0.0e+00
    |g(x)|                 = 9.64e-09 ≤ 1.0e-08

 * Work counters
    Seconds run:   48  (vs limit Inf)
    Iterations:    62
    f(x) calls:    130
    ∇f(x) calls:   130

*ooCMF -23.01313731 
 48.347987 seconds (18.10 M allocations: 41.083 GiB, 7.87% gc time)
 ooCMF Iter:    1 Total= -22.847345004434 Active= -51.158293683877 G=     1.80e+00
 ooCMF Iter:    2 Total= -23.005647018552 Active= -51.316595697995 G=     3.66e-01
 ooCMF Iter:    3 Total= -23.012217398117 Active= -51.323166077560 G=     2.83e-02
 ooCMF Iter:    4 Total= -23.012263228192 Active= -51.323211907635 G=     1.55e-02
 ooCMF Iter:    5 Total= -23.012315905149 Active= -51.323264584592 G=     3.30e-02
 ooCMF Iter:    6 Total= -23.012900388009 Active= -51.323849067452 G=     3.69e-02
 ooCMF Iter:    7 Total= -23.013093450339 Active= -51.324042129781 G=     2.44e-02
 ooCMF Iter:    8 Total= -23.013129835938 Active= -51.324078515380 G=     1.09e-02
 ooCMF Iter:    9 Total= -23.013134984004 Active= -51.324083663447 G=     2.52e-03
 ooCMF Iter:   10 Total= -23.013135316257 Active= -51.324083995699 G=     6.78e-04
 ooCMF Iter:   11 Total= -23.013135433151 Active= -51.324084112594 G=     1.35e-03
 ooCMF Iter:   12 Total= -23.013136688672 Active= -51.324085368115 G=     3.04e-03
 ooCMF Iter:   13 Total= -23.013137252532 Active= -51.324085931974 G=     1.05e-03
 ooCMF Iter:   14 Total= -23.013137300897 Active= -51.324085980340 G=     1.07e-04
 ooCMF Iter:   15 Total= -23.013137301526 Active= -51.324085980968 G=     4.68e-05
 ooCMF Iter:   16 Total= -23.013137301953 Active= -51.324085981396 G=     6.38e-05
 ooCMF Iter:   17 Total= -23.013137304489 Active= -51.324085983931 G=     1.89e-04
 ooCMF Iter:   18 Total= -23.013137308933 Active= -51.324085988375 G=     4.88e-05
 ooCMF Iter:   19 Total= -23.013137309054 Active= -51.324085988497 G=     1.52e-05
 ooCMF Iter:   20 Total= -23.013137309068 Active= -51.324085988510 G=     7.81e-06
 ooCMF Iter:   21 Total= -23.013137309097 Active= -51.324085988539 G=     2.83e-05
 ooCMF Iter:   22 Total= -23.013137309438 Active= -51.324085988881 G=     3.80e-05
 ooCMF Iter:   23 Total= -23.013137309561 Active= -51.324085989004 G=     1.02e-05
 ooCMF Iter:   24 Total= -23.013137309566 Active= -51.324085989009 G=     3.08e-06
 ooCMF Iter:   25 Total= -23.013137309566 Active= -51.324085989009 G=     2.77e-06
 ooCMF Iter:   26 Total= -23.013137309567 Active= -51.324085989010 G=     4.24e-06
 ooCMF Iter:   27 Total= -23.013137309581 Active= -51.324085989024 G=     1.24e-05
 ooCMF Iter:   28 Total= -23.013137309600 Active= -51.324085989043 G=     7.02e-06
 ooCMF Iter:   29 Total= -23.013137309602 Active= -51.324085989045 G=     8.53e-07
 ooCMF Iter:   30 Total= -23.013137309602 Active= -51.324085989045 G=     1.55e-07
 ooCMF Iter:   31 Total= -23.013137309602 Active= -51.324085989045 G=     2.19e-07
 ooCMF Iter:   32 Total= -23.013137309603 Active= -51.324085989045 G=     5.76e-07
 ooCMF Iter:   33 Total= -23.013137309602 Active= -51.324085989045 G=     4.15e-07
 ooCMF Iter:   34 Total= -23.013137309602 Active= -51.324085989045 G=     2.31e-07
 ooCMF Iter:   35 Total= -23.013137309602 Active= -51.324085989045 G=     2.51e-07
 ooCMF Iter:   36 Total= -23.013137309603 Active= -51.324085989045 G=     2.89e-07
 ooCMF Iter:   37 Total= -23.013137309602 Active= -51.324085989045 G=     2.19e-07
 ooCMF Iter:   38 Total= -23.013137309602 Active= -51.324085989045 G=     1.84e-07
 ooCMF Iter:   39 Total= -23.013137309602 Active= -51.324085989045 G=     1.43e-07
 ooCMF Iter:   40 Total= -23.013137309602 Active= -51.324085989045 G=     1.47e-07
 ooCMF Iter:   41 Total= -23.013137309602 Active= -51.324085989045 G=     1.47e-07
 ooCMF Iter:   42 Total= -23.013137309602 Active= -51.324085989045 G=     1.62e-07
 ooCMF Iter:   43 Total= -23.013137309602 Active= -51.324085989045 G=     1.25e-07
 ooCMF Iter:   44 Total= -23.013137309602 Active= -51.324085989045 G=     8.15e-08
 ooCMF Iter:   45 Total= -23.013137309602 Active= -51.324085989045 G=     6.37e-08
 * Status: success

 * Candidate solution
    Final objective value:     -2.301314e+01

 * Found with
    Algorithm:     Conjugate Gradient

 * Convergence measures
    |x - x'|               = 4.28e-09 ≰ 0.0e+00
    |x - x'|/|x'|          = 1.18e-07 ≰ 0.0e+00
    |f(x) - f(x')|         = 1.56e-13 ≰ 0.0e+00
    |f(x) - f(x')|/|f(x')| = 6.79e-15 ≰ 0.0e+00
    |g(x)|                 = 8.13e-09 ≤ 1.0e-08

 * Work counters
    Seconds run:   32  (vs limit Inf)
    Iterations:    44
    f(x) calls:    115
    ∇f(x) calls:   78

*ooCMF -23.01313731 
 31.989529 seconds (11.69 M allocations: 27.763 GiB, 8.08% gc time)
 Step:    1 E: -22.847345004434 G: 1.8e+00
 Step:    2 E: -23.005556843470 G: 3.8e-01
 Step:    3 E: -23.011913809631 G: 8.9e-02
 Step:    4 E: -23.012246080804 G: 2.6e-02
 Step:    5 E: -23.012281339606 G: 1.4e-02
 Step:    6 E: -23.012297969345 G: 1.2e-02
 Step:    7 E: -23.012312915018 G: 1.2e-02
 Step:    8 E: -23.012327468543 G: 1.2e-02
 Step:    9 E: -23.012341755307 G: 1.2e-02
 Step:   10 E: -23.012355792952 G: 1.2e-02
 Step:   11 E: -23.012369587267 G: 1.2e-02
 Step:   12 E: -23.012383142539 G: 1.2e-02
 Step:   13 E: -23.012396462806 G: 1.1e-02
 Step:   14 E: -23.012409552014 G: 1.1e-02
 Step:   15 E: -23.012422414047 G: 1.1e-02
 Step:   16 E: -23.012435052725 G: 1.1e-02
 Step:   17 E: -23.012447471808 G: 1.1e-02
 Step:   18 E: -23.012459674996 G: 1.1e-02
 Step:   19 E: -23.012471665930 G: 1.1e-02
 Step:   20 E: -23.012483448195 G: 1.1e-02
 Step:   21 E: -23.012495025315 G: 1.1e-02
 Step:   22 E: -23.012506400761 G: 1.1e-02
 Step:   23 E: -23.012517577946 G: 1.1e-02
 Step:   24 E: -23.012528560229 G: 1.0e-02
 Step:   25 E: -23.012539350916 G: 1.0e-02
 Step:   26 E: -23.012549953259 G: 1.0e-02
 Step:   27 E: -23.012560370456 G: 1.0e-02
 Step:   28 E: -23.012570605656 G: 1.0e-02
 Step:   29 E: -23.012580661956 G: 1.0e-02
 Step:   30 E: -23.012590542402 G: 9.9e-03
 Step:   31 E: -23.012600249991 G: 9.8e-03
 Step:   32 E: -23.012609787672 G: 9.7e-03
 Step:   33 E: -23.012619158344 G: 9.6e-03
 Step:   34 E: -23.012628364861 G: 9.5e-03
 Step:   35 E: -23.012637410030 G: 9.4e-03
 Step:   36 E: -23.012646296611 G: 9.4e-03
 Step:   37 E: -23.012655027319 G: 9.3e-03
 Step:   38 E: -23.012663604826 G: 9.2e-03
 Step:   39 E: -23.012672031757 G: 9.1e-03
 Step:   40 E: -23.012680310698 G: 9.0e-03
 Step:   41 E: -23.012688444188 G: 9.0e-03
 Step:   42 E: -23.012696434728 G: 8.9e-03
 Step:   43 E: -23.012704284775 G: 8.8e-03
 Step:   44 E: -23.012711996747 G: 8.7e-03
 Step:   45 E: -23.012719573021 G: 8.6e-03
 Step:   46 E: -23.012727015936 G: 8.6e-03
 Step:   47 E: -23.012734327790 G: 8.5e-03
 Step:   48 E: -23.012741510844 G: 8.4e-03
 Step:   49 E: -23.012748567323 G: 8.3e-03
 Step:   50 E: -23.012755499412 G: 8.3e-03
 Step:   51 E: -23.012762309261 G: 8.2e-03
 Step:   52 E: -23.012768998984 G: 8.1e-03
 Step:   53 E: -23.012775570661 G: 8.1e-03
 Step:   54 E: -23.012782026335 G: 8.0e-03
 Step:   55 E: -23.012788368017 G: 7.9e-03
 Step:   56 E: -23.012794597681 G: 7.8e-03
 Step:   57 E: -23.012800717271 G: 7.8e-03
 Step:   58 E: -23.012806728698 G: 7.7e-03
 Step:   59 E: -23.012812633840 G: 7.6e-03
 Step:   60 E: -23.012818434542 G: 7.6e-03
 Step:   61 E: -23.012824132622 G: 7.5e-03
 Step:   62 E: -23.012829729864 G: 7.4e-03
 Step:   63 E: -23.012835228022 G: 7.4e-03
 Step:   64 E: -23.012840628822 G: 7.3e-03
 Step:   65 E: -23.012845933959 G: 7.2e-03
 Step:   66 E: -23.012851145101 G: 7.2e-03
 Step:   67 E: -23.012856263887 G: 7.1e-03
 Step:   68 E: -23.012861291929 G: 7.0e-03
 Step:   69 E: -23.012866230810 G: 7.0e-03
 Step:   70 E: -23.012871082087 G: 6.9e-03
 Step:   71 E: -23.012875847290 G: 6.9e-03
 Step:   72 E: -23.012880527924 G: 6.8e-03
 Step:   73 E: -23.012885125469 G: 6.7e-03
 Step:   74 E: -23.012889641377 G: 6.7e-03
 Step:   75 E: -23.012894077078 G: 6.6e-03
 Step:   76 E: -23.012898433976 G: 6.6e-03
 Step:   77 E: -23.012902713452 G: 6.5e-03
 Step:   78 E: -23.012906916863 G: 6.4e-03
 Step:   79 E: -23.012911045542 G: 6.4e-03
 Step:   80 E: -23.012915100800 G: 6.3e-03
 Step:   81 E: -23.012919083925 G: 6.3e-03
 Step:   82 E: -23.012922996184 G: 6.2e-03
 Step:   83 E: -23.012926838823 G: 6.2e-03
 Step:   84 E: -23.012930613062 G: 6.1e-03
 Step:   85 E: -23.012934320106 G: 6.0e-03
 Step:   86 E: -23.012937961135 G: 6.0e-03
 Step:   87 E: -23.012941537312 G: 5.9e-03
 Step:   88 E: -23.012945049776 G: 5.9e-03
 Step:   89 E: -23.012948499649 G: 5.8e-03
 Step:   90 E: -23.012951888034 G: 5.8e-03
 Step:   91 E: -23.012955216014 G: 5.7e-03
 Step:   92 E: -23.012958484654 G: 5.7e-03
 Step:   93 E: -23.012961694999 G: 5.6e-03
 Step:   94 E: -23.012964848078 G: 5.6e-03
 Step:   95 E: -23.012967944901 G: 5.5e-03
 Step:   96 E: -23.012970986461 G: 5.5e-03
 Step:   97 E: -23.012973973732 G: 5.4e-03
 Step:   98 E: -23.012976907675 G: 5.4e-03
 Step:   99 E: -23.012979789231 G: 5.3e-03
 Step:  100 E: -23.012982619325 G: 5.3e-03
 Step:  101 E: -23.012985398868 G: 5.2e-03
 Step:  102 E: -23.012988128753 G: 5.2e-03
 Step:  103 E: -23.012990809859 G: 5.1e-03
 Step:  104 E: -23.012993443049 G: 5.1e-03
 Step:  105 E: -23.012996029170 G: 5.1e-03
 Step:  106 E: -23.012998569056 G: 5.0e-03
 Step:  107 E: -23.013001063526 G: 5.0e-03
 Step:  108 E: -23.013003513385 G: 4.9e-03
 Step:  109 E: -23.013005919422 G: 4.9e-03
 Step:  110 E: -23.013008282415 G: 4.8e-03
 Step:  111 E: -23.013010603126 G: 4.8e-03
 Step:  112 E: -23.013012882307 G: 4.7e-03
 Step:  113 E: -23.013015120692 G: 4.7e-03
 Step:  114 E: -23.013017319007 G: 4.7e-03
 Step:  115 E: -23.013019477962 G: 4.6e-03
 Step:  116 E: -23.013021598256 G: 4.6e-03
 Step:  117 E: -23.013023680577 G: 4.5e-03
 Step:  118 E: -23.013025725597 G: 4.5e-03
 Step:  119 E: -23.013027733981 G: 4.5e-03
 Step:  120 E: -23.013029706378 G: 4.4e-03
 Step:  121 E: -23.013031643430 G: 4.4e-03
 Step:  122 E: -23.013033545763 G: 4.3e-03
 Step:  123 E: -23.013035413997 G: 4.3e-03
 Step:  124 E: -23.013037248738 G: 4.3e-03
 Step:  125 E: -23.013039050580 G: 4.2e-03
 Step:  126 E: -23.013040820111 G: 4.2e-03
 Step:  127 E: -23.013042557904 G: 4.1e-03
 Step:  128 E: -23.013044264526 G: 4.1e-03
 Step:  129 E: -23.013045940532 G: 4.1e-03
 Step:  130 E: -23.013047586466 G: 4.0e-03
 Step:  131 E: -23.013049202865 G: 4.0e-03
 Step:  132 E: -23.013050790254 G: 4.0e-03
 Step:  133 E: -23.013052349152 G: 3.9e-03
 Step:  134 E: -23.013053880066 G: 3.9e-03
 Step:  135 E: -23.013055383495 G: 3.9e-03
 Step:  136 E: -23.013056859930 G: 3.8e-03
 Step:  137 E: -23.013058309852 G: 3.8e-03
 Step:  138 E: -23.013059733733 G: 3.7e-03
 Step:  139 E: -23.013061132040 G: 3.7e-03
 Step:  140 E: -23.013062505228 G: 3.7e-03
 Step:  141 E: -23.013063853746 G: 3.6e-03
 Step:  142 E: -23.013065178034 G: 3.6e-03
 Step:  143 E: -23.013066478525 G: 3.6e-03
 Step:  144 E: -23.013067755645 G: 3.5e-03
 Step:  145 E: -23.013069009810 G: 3.5e-03
 Step:  146 E: -23.013070241432 G: 3.5e-03
 Step:  147 E: -23.013071450913 G: 3.5e-03
 Step:  148 E: -23.013072638649 G: 3.4e-03
 Step:  149 E: -23.013073805028 G: 3.4e-03
 Step:  150 E: -23.013074950433 G: 3.4e-03
 Step:  151 E: -23.013076075239 G: 3.3e-03
 Step:  152 E: -23.013077179814 G: 3.3e-03
 Step:  153 E: -23.013078264521 G: 3.3e-03
 Step:  154 E: -23.013079329714 G: 3.2e-03
 Step:  155 E: -23.013080375744 G: 3.2e-03
 Step:  156 E: -23.013081402952 G: 3.2e-03
 Step:  157 E: -23.013082411677 G: 3.2e-03
 Step:  158 E: -23.013083402249 G: 3.1e-03
 Step:  159 E: -23.013084374994 G: 3.1e-03
 Step:  160 E: -23.013085330229 G: 3.1e-03
 Step:  161 E: -23.013086268270 G: 3.0e-03
 Step:  162 E: -23.013087189425 G: 3.0e-03
 Step:  163 E: -23.013088093995 G: 3.0e-03
 Step:  164 E: -23.013088982279 G: 3.0e-03
 Step:  165 E: -23.013089854568 G: 2.9e-03
 Step:  166 E: -23.013090711149 G: 2.9e-03
 Step:  167 E: -23.013091552303 G: 2.9e-03
 Step:  168 E: -23.013092378308 G: 2.9e-03
 Step:  169 E: -23.013093189435 G: 2.8e-03
 Step:  170 E: -23.013093985950 G: 2.8e-03
 Step:  171 E: -23.013094768116 G: 2.8e-03
 Step:  172 E: -23.013095536191 G: 2.8e-03
 Step:  173 E: -23.013096290427 G: 2.7e-03
 .........................................
 Step:  879 E: -23.013137309482 G: 4.5e-06
 Step:  880 E: -23.013137309484 G: 4.5e-06
 Step:  881 E: -23.013137309486 G: 4.5e-06
 Step:  882 E: -23.013137309488 G: 4.4e-06
 Step:  883 E: -23.013137309490 G: 4.4e-06
 Step:  884 E: -23.013137309492 G: 4.3e-06
 Step:  885 E: -23.013137309494 G: 4.3e-06
 Step:  886 E: -23.013137309496 G: 4.3e-06
 Step:  887 E: -23.013137309498 G: 4.2e-06
 Step:  888 E: -23.013137309500 G: 4.2e-06
 Step:  889 E: -23.013137309501 G: 4.2e-06
 Step:  890 E: -23.013137309503 G: 4.1e-06
 Step:  891 E: -23.013137309505 G: 4.1e-06
 Step:  892 E: -23.013137309506 G: 4.1e-06
 Step:  893 E: -23.013137309508 G: 4.0e-06
 Step:  894 E: -23.013137309510 G: 4.0e-06
 Step:  895 E: -23.013137309511 G: 3.9e-06
 Step:  896 E: -23.013137309513 G: 3.9e-06
 Step:  897 E: -23.013137309514 G: 3.9e-06
 Step:  898 E: -23.013137309516 G: 3.8e-06
 Step:  899 E: -23.013137309517 G: 3.8e-06
 Step:  900 E: -23.013137309519 G: 3.8e-06
 Step:  901 E: -23.013137309520 G: 3.7e-06
 Step:  902 E: -23.013137309522 G: 3.7e-06
 Step:  903 E: -23.013137309523 G: 3.7e-06
 Step:  904 E: -23.013137309524 G: 3.6e-06
 Step:  905 E: -23.013137309526 G: 3.6e-06
 Step:  906 E: -23.013137309527 G: 3.6e-06
 Step:  907 E: -23.013137309528 G: 3.6e-06
 Step:  908 E: -23.013137309530 G: 3.5e-06
 Step:  909 E: -23.013137309531 G: 3.5e-06
 Step:  910 E: -23.013137309532 G: 3.5e-06
 Step:  911 E: -23.013137309533 G: 3.4e-06
 Step:  912 E: -23.013137309534 G: 3.4e-06
 Step:  913 E: -23.013137309536 G: 3.4e-06
 Step:  914 E: -23.013137309537 G: 3.3e-06
 Step:  915 E: -23.013137309538 G: 3.3e-06
 Step:  916 E: -23.013137309539 G: 3.3e-06
 Step:  917 E: -23.013137309540 G: 3.3e-06
 Step:  918 E: -23.013137309541 G: 3.2e-06
 Step:  919 E: -23.013137309542 G: 3.2e-06
 Step:  920 E: -23.013137309543 G: 3.2e-06
 Step:  921 E: -23.013137309544 G: 3.1e-06
 Step:  922 E: -23.013137309545 G: 3.1e-06
 Step:  923 E: -23.013137309546 G: 3.1e-06
 Step:  924 E: -23.013137309547 G: 3.1e-06
 Step:  925 E: -23.013137309548 G: 3.0e-06
 Step:  926 E: -23.013137309549 G: 3.0e-06
 Step:  927 E: -23.013137309550 G: 3.0e-06
 Step:  928 E: -23.013137309551 G: 3.0e-06
 Step:  929 E: -23.013137309551 G: 2.9e-06
 Step:  930 E: -23.013137309552 G: 2.9e-06
 Step:  931 E: -23.013137309553 G: 2.9e-06
 Step:  932 E: -23.013137309554 G: 2.9e-06
 Step:  933 E: -23.013137309555 G: 2.8e-06
 Step:  934 E: -23.013137309556 G: 2.8e-06
 Step:  935 E: -23.013137309556 G: 2.8e-06
 Step:  936 E: -23.013137309557 G: 2.8e-06
 Step:  937 E: -23.013137309558 G: 2.7e-06
 Step:  938 E: -23.013137309559 G: 2.7e-06
 Step:  939 E: -23.013137309559 G: 2.7e-06
 Step:  940 E: -23.013137309560 G: 2.7e-06
 Step:  941 E: -23.013137309561 G: 2.6e-06
 Step:  942 E: -23.013137309562 G: 2.6e-06
 Step:  943 E: -23.013137309562 G: 2.6e-06
 Step:  944 E: -23.013137309563 G: 2.6e-06
 Step:  945 E: -23.013137309564 G: 2.6e-06
 Step:  946 E: -23.013137309564 G: 2.5e-06
 Step:  947 E: -23.013137309565 G: 2.5e-06
 Step:  948 E: -23.013137309566 G: 2.5e-06
 Step:  949 E: -23.013137309566 G: 2.5e-06
 Step:  950 E: -23.013137309567 G: 2.4e-06
 Step:  951 E: -23.013137309567 G: 2.4e-06
 Step:  952 E: -23.013137309568 G: 2.4e-06
 Step:  953 E: -23.013137309569 G: 2.4e-06
 Step:  954 E: -23.013137309569 G: 2.4e-06
 Step:  955 E: -23.013137309570 G: 2.3e-06
 Step:  956 E: -23.013137309570 G: 2.3e-06
 Step:  957 E: -23.013137309571 G: 2.3e-06
 Step:  958 E: -23.013137309571 G: 2.3e-06
 Step:  959 E: -23.013137309572 G: 2.3e-06
 Step:  960 E: -23.013137309572 G: 2.2e-06
 Step:  961 E: -23.013137309573 G: 2.2e-06
 Step:  962 E: -23.013137309573 G: 2.2e-06
 Step:  963 E: -23.013137309574 G: 2.2e-06
 Step:  964 E: -23.013137309574 G: 2.2e-06
 Step:  965 E: -23.013137309575 G: 2.1e-06
 Step:  966 E: -23.013137309575 G: 2.1e-06
 Step:  967 E: -23.013137309576 G: 2.1e-06
 Step:  968 E: -23.013137309576 G: 2.1e-06
 Step:  969 E: -23.013137309577 G: 2.1e-06
 Step:  970 E: -23.013137309577 G: 2.1e-06
 Step:  971 E: -23.013137309577 G: 2.0e-06
 Step:  972 E: -23.013137309578 G: 2.0e-06
 Step:  973 E: -23.013137309578 G: 2.0e-06
 Step:  974 E: -23.013137309579 G: 2.0e-06
 Step:  975 E: -23.013137309579 G: 2.0e-06
 Step:  976 E: -23.013137309580 G: 2.0e-06
 Step:  977 E: -23.013137309580 G: 1.9e-06
 Step:  978 E: -23.013137309580 G: 1.9e-06
 Step:  979 E: -23.013137309581 G: 1.9e-06
 Step:  980 E: -23.013137309581 G: 1.9e-06
 Step:  981 E: -23.013137309581 G: 1.9e-06
 Step:  982 E: -23.013137309582 G: 1.9e-06
 Step:  983 E: -23.013137309582 G: 1.8e-06
 Step:  984 E: -23.013137309582 G: 1.8e-06
 Step:  985 E: -23.013137309583 G: 1.8e-06
 Step:  986 E: -23.013137309583 G: 1.8e-06
 Step:  987 E: -23.013137309583 G: 1.8e-06
 Step:  988 E: -23.013137309584 G: 1.8e-06
 Step:  989 E: -23.013137309584 G: 1.8e-06
 Step:  990 E: -23.013137309584 G: 1.7e-06
 Step:  991 E: -23.013137309584 G: 1.7e-06
 Step:  992 E: -23.013137309585 G: 1.7e-06
 Step:  993 E: -23.013137309585 G: 1.7e-06
 Step:  994 E: -23.013137309585 G: 1.7e-06
 Step:  995 E: -23.013137309586 G: 1.7e-06
 Step:  996 E: -23.013137309586 G: 1.7e-06
 Step:  997 E: -23.013137309586 G: 1.6e-06
 Step:  998 E: -23.013137309587 G: 1.6e-06
 Step:  999 E: -23.013137309587 G: 1.6e-06
 Step: 1000 E: -23.013137309587 G: 1.6e-06
 Step: 1001 E: -23.013137309587 G: 1.6e-06
 Step: 1002 E: -23.013137309588 G: 1.6e-06
 Step: 1003 E: -23.013137309587 G: 1.6e-06
 Step: 1004 E: -23.013137309588 G: 1.5e-06
 Step: 1005 E: -23.013137309588 G: 1.5e-06
 Step: 1006 E: -23.013137309589 G: 1.5e-06
 Step: 1007 E: -23.013137309588 G: 1.5e-06
 Step: 1008 E: -23.013137309589 G: 1.5e-06
 Step: 1009 E: -23.013137309589 G: 1.5e-06
 Step: 1010 E: -23.013137309589 G: 1.5e-06
 Step: 1011 E: -23.013137309589 G: 1.5e-06
 Step: 1012 E: -23.013137309590 G: 1.4e-06
 Step: 1013 E: -23.013137309590 G: 1.4e-06
 Step: 1014 E: -23.013137309590 G: 1.4e-06
 Step: 1015 E: -23.013137309590 G: 1.4e-06
 Step: 1016 E: -23.013137309591 G: 1.4e-06
 Step: 1017 E: -23.013137309591 G: 1.4e-06
 Step: 1018 E: -23.013137309591 G: 1.4e-06
 Step: 1019 E: -23.013137309591 G: 1.4e-06
 Step: 1020 E: -23.013137309592 G: 1.4e-06
 Step: 1021 E: -23.013137309592 G: 1.3e-06
 Step: 1022 E: -23.013137309592 G: 1.3e-06
 Step: 1023 E: -23.013137309592 G: 1.3e-06
 Step: 1024 E: -23.013137309592 G: 1.3e-06
 Step: 1025 E: -23.013137309592 G: 1.3e-06
 Step: 1026 E: -23.013137309593 G: 1.3e-06
 Step: 1027 E: -23.013137309593 G: 1.3e-06
 Step: 1028 E: -23.013137309593 G: 1.3e-06
 Step: 1029 E: -23.013137309593 G: 1.3e-06
 Step: 1030 E: -23.013137309593 G: 1.2e-06
 Step: 1031 E: -23.013137309593 G: 1.2e-06
 Step: 1032 E: -23.013137309593 G: 1.2e-06
 Step: 1033 E: -23.013137309594 G: 1.2e-06
 Step: 1034 E: -23.013137309594 G: 1.2e-06
 Step: 1035 E: -23.013137309594 G: 1.2e-06
 Step: 1036 E: -23.013137309594 G: 1.2e-06
 Step: 1037 E: -23.013137309594 G: 1.2e-06
 Step: 1038 E: -23.013137309594 G: 1.2e-06
 Step: 1039 E: -23.013137309594 G: 1.2e-06
 Step: 1040 E: -23.013137309595 G: 1.1e-06
 Step: 1041 E: -23.013137309595 G: 1.1e-06
 Step: 1042 E: -23.013137309595 G: 1.1e-06
 Step: 1043 E: -23.013137309595 G: 1.1e-06
 Step: 1044 E: -23.013137309595 G: 1.1e-06
 Step: 1045 E: -23.013137309595 G: 1.1e-06
 Step: 1046 E: -23.013137309595 G: 1.1e-06
 Step: 1047 E: -23.013137309595 G: 1.1e-06
 Step: 1048 E: -23.013137309596 G: 1.1e-06
 Step: 1049 E: -23.013137309596 G: 1.1e-06
 Step: 1050 E: -23.013137309596 G: 1.1e-06
 Step: 1051 E: -23.013137309596 G: 1.0e-06
 Step: 1052 E: -23.013137309596 G: 1.0e-06
 Step: 1053 E: -23.013137309596 G: 1.0e-06
 Step: 1054 E: -23.013137309596 G: 1.0e-06
 Step: 1055 E: -23.013137309596 G: 1.0e-06
 Step: 1056 E: -23.013137309597 G: 1.0e-06
 Step: 1057 E: -23.013137309597 G: 1.0e-06
 Step: 1058 E: -23.013137309597 G: 9.9e-07
 Step: 1059 E: -23.013137309597 G: 9.8e-07
 Step: 1060 E: -23.013137309597 G: 9.7e-07
 Step: 1061 E: -23.013137309597 G: 9.6e-07
 Step: 1062 E: -23.013137309597 G: 9.6e-07
 Step: 1063 E: -23.013137309597 G: 9.5e-07
 Step: 1064 E: -23.013137309597 G: 9.4e-07
 Step: 1065 E: -23.013137309597 G: 9.3e-07
 Step: 1066 E: -23.013137309597 G: 9.3e-07
 Step: 1067 E: -23.013137309597 G: 9.2e-07
 Step: 1068 E: -23.013137309597 G: 9.1e-07
 Step: 1069 E: -23.013137309598 G: 9.0e-07
 Step: 1070 E: -23.013137309598 G: 9.0e-07
 Step: 1071 E: -23.013137309598 G: 8.9e-07
 Step: 1072 E: -23.013137309598 G: 8.8e-07
 Step: 1073 E: -23.013137309598 G: 8.8e-07
 Step: 1074 E: -23.013137309598 G: 8.7e-07
 Step: 1075 E: -23.013137309598 G: 8.6e-07
 Step: 1076 E: -23.013137309598 G: 8.6e-07
 Step: 1077 E: -23.013137309598 G: 8.5e-07
 Step: 1078 E: -23.013137309598 G: 8.4e-07
 Step: 1079 E: -23.013137309598 G: 8.4e-07
 Step: 1080 E: -23.013137309599 G: 8.3e-07
 Step: 1081 E: -23.013137309599 G: 8.2e-07
 Step: 1082 E: -23.013137309599 G: 8.2e-07
 Step: 1083 E: -23.013137309599 G: 8.1e-07
 Step: 1084 E: -23.013137309599 G: 8.0e-07
 Step: 1085 E: -23.013137309599 G: 8.0e-07
 Step: 1086 E: -23.013137309599 G: 7.9e-07
 Step: 1087 E: -23.013137309599 G: 7.8e-07
 Step: 1088 E: -23.013137309599 G: 7.8e-07
 Step: 1089 E: -23.013137309599 G: 7.7e-07
 Step: 1090 E: -23.013137309599 G: 7.7e-07
 Step: 1091 E: -23.013137309599 G: 7.6e-07
 Step: 1092 E: -23.013137309599 G: 7.5e-07
 Step: 1093 E: -23.013137309599 G: 7.5e-07
 Step: 1094 E: -23.013137309599 G: 7.4e-07
 Step: 1095 E: -23.013137309599 G: 7.4e-07
 Step: 1096 E: -23.013137309599 G: 7.3e-07
 Step: 1097 E: -23.013137309600 G: 7.2e-07
 Step: 1098 E: -23.013137309599 G: 7.2e-07
 Step: 1099 E: -23.013137309600 G: 7.1e-07
 Step: 1100 E: -23.013137309600 G: 7.1e-07
 Step: 1101 E: -23.013137309599 G: 7.0e-07
 Step: 1102 E: -23.013137309600 G: 7.0e-07
 Step: 1103 E: -23.013137309600 G: 6.9e-07
 Step: 1104 E: -23.013137309600 G: 6.9e-07
 Step: 1105 E: -23.013137309600 G: 6.8e-07
 Step: 1106 E: -23.013137309600 G: 6.8e-07
 Step: 1107 E: -23.013137309600 G: 6.7e-07
 Step: 1108 E: -23.013137309600 G: 6.6e-07
 Step: 1109 E: -23.013137309600 G: 6.6e-07
 Step: 1110 E: -23.013137309600 G: 6.5e-07
 Step: 1111 E: -23.013137309600 G: 6.5e-07
 Step: 1112 E: -23.013137309600 G: 6.4e-07
 Step: 1113 E: -23.013137309600 G: 6.4e-07
 Step: 1114 E: -23.013137309600 G: 6.3e-07
 Step: 1115 E: -23.013137309600 G: 6.3e-07
 Step: 1116 E: -23.013137309600 G: 6.3e-07
 Step: 1117 E: -23.013137309600 G: 6.2e-07
 Step: 1118 E: -23.013137309600 G: 6.2e-07
 Step: 1119 E: -23.013137309600 G: 6.1e-07
 Step: 1120 E: -23.013137309600 G: 6.1e-07
 Step: 1121 E: -23.013137309600 G: 6.0e-07
 Step: 1122 E: -23.013137309600 G: 6.0e-07
 Step: 1123 E: -23.013137309600 G: 5.9e-07
 Step: 1124 E: -23.013137309600 G: 5.9e-07
 Step: 1125 E: -23.013137309600 G: 5.8e-07
 Step: 1126 E: -23.013137309601 G: 5.8e-07
 Step: 1127 E: -23.013137309600 G: 5.7e-07
 Step: 1128 E: -23.013137309600 G: 5.7e-07
 Step: 1129 E: -23.013137309601 G: 5.7e-07
 Step: 1130 E: -23.013137309601 G: 5.6e-07
 Step: 1131 E: -23.013137309601 G: 5.6e-07
 Step: 1132 E: -23.013137309601 G: 5.5e-07
 Step: 1133 E: -23.013137309601 G: 5.5e-07
 Step: 1134 E: -23.013137309601 G: 5.5e-07
 Step: 1135 E: -23.013137309601 G: 5.4e-07
 Step: 1136 E: -23.013137309601 G: 5.4e-07
 Step: 1137 E: -23.013137309601 G: 5.3e-07
 Step: 1138 E: -23.013137309601 G: 5.3e-07
 Step: 1139 E: -23.013137309601 G: 5.2e-07
 Step: 1140 E: -23.013137309601 G: 5.2e-07
 Step: 1141 E: -23.013137309601 G: 5.2e-07
 Step: 1142 E: -23.013137309601 G: 5.1e-07
 Step: 1143 E: -23.013137309601 G: 5.1e-07
 Step: 1144 E: -23.013137309601 G: 5.1e-07
 Step: 1145 E: -23.013137309601 G: 5.0e-07
 Step: 1146 E: -23.013137309601 G: 5.0e-07
 Step: 1147 E: -23.013137309601 G: 4.9e-07
 Step: 1148 E: -23.013137309601 G: 4.9e-07
 Step: 1149 E: -23.013137309601 G: 4.9e-07
 Step: 1150 E: -23.013137309601 G: 4.8e-07
 Step: 1151 E: -23.013137309601 G: 4.8e-07
 Step: 1152 E: -23.013137309601 G: 4.8e-07
 Step: 1153 E: -23.013137309601 G: 4.7e-07
 Step: 1154 E: -23.013137309601 G: 4.7e-07
 Step: 1155 E: -23.013137309601 G: 4.7e-07
 Step: 1156 E: -23.013137309601 G: 4.6e-07
 Step: 1157 E: -23.013137309601 G: 4.6e-07
 Step: 1158 E: -23.013137309601 G: 4.6e-07
 Step: 1159 E: -23.013137309602 G: 4.5e-07
 Step: 1160 E: -23.013137309601 G: 4.5e-07
 Step: 1161 E: -23.013137309601 G: 4.5e-07
 Step: 1162 E: -23.013137309601 G: 4.4e-07
 Step: 1163 E: -23.013137309601 G: 4.4e-07
 Step: 1164 E: -23.013137309601 G: 4.4e-07
 Step: 1165 E: -23.013137309601 G: 4.3e-07
 Step: 1166 E: -23.013137309601 G: 4.3e-07
 Step: 1167 E: -23.013137309601 G: 4.3e-07
 Step: 1168 E: -23.013137309602 G: 4.2e-07
 Step: 1169 E: -23.013137309602 G: 4.2e-07
 Step: 1170 E: -23.013137309602 G: 4.2e-07
 Step: 1171 E: -23.013137309602 G: 4.1e-07
 Step: 1172 E: -23.013137309602 G: 4.1e-07
 Step: 1173 E: -23.013137309602 G: 4.1e-07
 Step: 1174 E: -23.013137309602 G: 4.1e-07
 Step: 1175 E: -23.013137309602 G: 4.0e-07
 Step: 1176 E: -23.013137309602 G: 4.0e-07
 Step: 1177 E: -23.013137309602 G: 4.0e-07
 Step: 1178 E: -23.013137309602 G: 3.9e-07
 Step: 1179 E: -23.013137309602 G: 3.9e-07
 Step: 1180 E: -23.013137309602 G: 3.9e-07
 Step: 1181 E: -23.013137309602 G: 3.9e-07
 Step: 1182 E: -23.013137309602 G: 3.8e-07
 Step: 1183 E: -23.013137309602 G: 3.8e-07
 Step: 1184 E: -23.013137309602 G: 3.8e-07
 Step: 1185 E: -23.013137309602 G: 3.8e-07
 Step: 1186 E: -23.013137309602 G: 3.7e-07
 Step: 1187 E: -23.013137309602 G: 3.7e-07
 Step: 1188 E: -23.013137309602 G: 3.7e-07
 Step: 1189 E: -23.013137309602 G: 3.6e-07
 Step: 1190 E: -23.013137309602 G: 3.6e-07
 Step: 1191 E: -23.013137309602 G: 3.6e-07
 Step: 1192 E: -23.013137309602 G: 3.6e-07
 Step: 1193 E: -23.013137309602 G: 3.5e-07
 Step: 1194 E: -23.013137309602 G: 3.5e-07
 Step: 1195 E: -23.013137309602 G: 3.5e-07
 Step: 1196 E: -23.013137309602 G: 3.5e-07
 Step: 1197 E: -23.013137309602 G: 3.4e-07
 Step: 1198 E: -23.013137309602 G: 3.4e-07
 Step: 1199 E: -23.013137309602 G: 3.4e-07
 Step: 1200 E: -23.013137309602 G: 3.4e-07
 Step: 1201 E: -23.013137309602 G: 3.4e-07
 Step: 1202 E: -23.013137309602 G: 3.3e-07
 Step: 1203 E: -23.013137309602 G: 3.3e-07
 Step: 1204 E: -23.013137309602 G: 3.3e-07
 Step: 1205 E: -23.013137309602 G: 3.3e-07
 Step: 1206 E: -23.013137309602 G: 3.2e-07
 Step: 1207 E: -23.013137309602 G: 3.2e-07
 Step: 1208 E: -23.013137309602 G: 3.2e-07
 Step: 1209 E: -23.013137309602 G: 3.2e-07
 Step: 1210 E: -23.013137309602 G: 3.1e-07
 Step: 1211 E: -23.013137309602 G: 3.1e-07
 Step: 1212 E: -23.013137309602 G: 3.1e-07
 Step: 1213 E: -23.013137309602 G: 3.1e-07
 Step: 1214 E: -23.013137309602 G: 3.1e-07
 Step: 1215 E: -23.013137309602 G: 3.0e-07
 Step: 1216 E: -23.013137309602 G: 3.0e-07
 Step: 1217 E: -23.013137309602 G: 3.0e-07
 Step: 1218 E: -23.013137309602 G: 3.0e-07
 Step: 1219 E: -23.013137309602 G: 3.0e-07
 Step: 1220 E: -23.013137309602 G: 2.9e-07
 Step: 1221 E: -23.013137309602 G: 2.9e-07
 Step: 1222 E: -23.013137309602 G: 2.9e-07
 Step: 1223 E: -23.013137309602 G: 2.9e-07
 Step: 1224 E: -23.013137309602 G: 2.9e-07
 Step: 1225 E: -23.013137309602 G: 2.8e-07
 Step: 1226 E: -23.013137309602 G: 2.8e-07
 Step: 1227 E: -23.013137309602 G: 2.8e-07
 Step: 1228 E: -23.013137309602 G: 2.8e-07
 Step: 1229 E: -23.013137309602 G: 2.8e-07
 Step: 1230 E: -23.013137309602 G: 2.7e-07
 Step: 1231 E: -23.013137309602 G: 2.7e-07
 Step: 1232 E: -23.013137309602 G: 2.7e-07
 Step: 1233 E: -23.013137309602 G: 2.7e-07
 Step: 1234 E: -23.013137309602 G: 2.7e-07
 Step: 1235 E: -23.013137309602 G: 2.7e-07
 Step: 1236 E: -23.013137309602 G: 2.6e-07
 Step: 1237 E: -23.013137309603 G: 2.6e-07
 Step: 1238 E: -23.013137309602 G: 2.6e-07
 Step: 1239 E: -23.013137309602 G: 2.6e-07
 Step: 1240 E: -23.013137309602 G: 2.6e-07
 Step: 1241 E: -23.013137309603 G: 2.6e-07
 Step: 1242 E: -23.013137309602 G: 2.5e-07
 Step: 1243 E: -23.013137309603 G: 2.5e-07
 Step: 1244 E: -23.013137309603 G: 2.5e-07
 Step: 1245 E: -23.013137309603 G: 2.5e-07
 Step: 1246 E: -23.013137309603 G: 2.5e-07
 Step: 1247 E: -23.013137309603 G: 2.5e-07
 Step: 1248 E: -23.013137309602 G: 2.4e-07
 Step: 1249 E: -23.013137309602 G: 2.4e-07
 Step: 1250 E: -23.013137309603 G: 2.4e-07
 Step: 1251 E: -23.013137309603 G: 2.4e-07
 Step: 1252 E: -23.013137309602 G: 2.4e-07
 Step: 1253 E: -23.013137309603 G: 2.4e-07
 Step: 1254 E: -23.013137309603 G: 2.3e-07
 Step: 1255 E: -23.013137309602 G: 2.3e-07
 Step: 1256 E: -23.013137309602 G: 2.3e-07
 Step: 1257 E: -23.013137309602 G: 2.3e-07
 Step: 1258 E: -23.013137309603 G: 2.3e-07
 Step: 1259 E: -23.013137309603 G: 2.3e-07
 Step: 1260 E: -23.013137309603 G: 2.3e-07
 Step: 1261 E: -23.013137309603 G: 2.2e-07
 Step: 1262 E: -23.013137309602 G: 2.2e-07
 Step: 1263 E: -23.013137309603 G: 2.2e-07
 Step: 1264 E: -23.013137309603 G: 2.2e-07
 Step: 1265 E: -23.013137309603 G: 2.2e-07
 Step: 1266 E: -23.013137309603 G: 2.2e-07
 Step: 1267 E: -23.013137309603 G: 2.2e-07
 Step: 1268 E: -23.013137309602 G: 2.1e-07
 Step: 1269 E: -23.013137309603 G: 2.1e-07
 Step: 1270 E: -23.013137309603 G: 2.1e-07
 Step: 1271 E: -23.013137309603 G: 2.1e-07
 Step: 1272 E: -23.013137309603 G: 2.1e-07
 Step: 1273 E: -23.013137309603 G: 2.1e-07
 Step: 1274 E: -23.013137309603 G: 2.1e-07
 Step: 1275 E: -23.013137309603 G: 2.1e-07
 Step: 1276 E: -23.013137309603 G: 2.0e-07
 Step: 1277 E: -23.013137309603 G: 2.0e-07
 Step: 1278 E: -23.013137309603 G: 2.0e-07
 Step: 1279 E: -23.013137309603 G: 2.0e-07
 Step: 1280 E: -23.013137309603 G: 2.0e-07
 Step: 1281 E: -23.013137309603 G: 2.0e-07
 Step: 1282 E: -23.013137309603 G: 2.0e-07
 Step: 1283 E: -23.013137309603 G: 2.0e-07
 Step: 1284 E: -23.013137309603 G: 1.9e-07
 Step: 1285 E: -23.013137309603 G: 1.9e-07
 Step: 1286 E: -23.013137309603 G: 1.9e-07
 Step: 1287 E: -23.013137309603 G: 1.9e-07
 Step: 1288 E: -23.013137309603 G: 1.9e-07
 Step: 1289 E: -23.013137309603 G: 1.9e-07
 Step: 1290 E: -23.013137309603 G: 1.9e-07
 Step: 1291 E: -23.013137309603 G: 1.9e-07
 Step: 1292 E: -23.013137309603 G: 1.8e-07
 Step: 1293 E: -23.013137309603 G: 1.8e-07
 Step: 1294 E: -23.013137309603 G: 1.8e-07
 Step: 1295 E: -23.013137309603 G: 1.8e-07
 Step: 1296 E: -23.013137309603 G: 1.8e-07
 Step: 1297 E: -23.013137309603 G: 1.8e-07
 Step: 1298 E: -23.013137309603 G: 1.8e-07
 Step: 1299 E: -23.013137309603 G: 1.8e-07
 Step: 1300 E: -23.013137309603 G: 1.8e-07
 Step: 1301 E: -23.013137309603 G: 1.7e-07
 Step: 1302 E: -23.013137309603 G: 1.7e-07
 Step: 1303 E: -23.013137309603 G: 1.7e-07
 Step: 1304 E: -23.013137309603 G: 1.7e-07
 Step: 1305 E: -23.013137309603 G: 1.7e-07
 Step: 1306 E: -23.013137309603 G: 1.7e-07
 Step: 1307 E: -23.013137309603 G: 1.7e-07
 Step: 1308 E: -23.013137309603 G: 1.7e-07
 Step: 1309 E: -23.013137309603 G: 1.7e-07
 Step: 1310 E: -23.013137309602 G: 1.7e-07
 Step: 1311 E: -23.013137309603 G: 1.6e-07
 Step: 1312 E: -23.013137309603 G: 1.6e-07
 Step: 1313 E: -23.013137309603 G: 1.6e-07
 Step: 1314 E: -23.013137309603 G: 1.6e-07
 Step: 1315 E: -23.013137309603 G: 1.6e-07
 Step: 1316 E: -23.013137309603 G: 1.6e-07
 Step: 1317 E: -23.013137309603 G: 1.6e-07
 Step: 1318 E: -23.013137309603 G: 1.6e-07
 Step: 1319 E: -23.013137309603 G: 1.6e-07
 Step: 1320 E: -23.013137309603 G: 1.6e-07
 Step: 1321 E: -23.013137309603 G: 1.5e-07
 Step: 1322 E: -23.013137309603 G: 1.5e-07
 Step: 1323 E: -23.013137309603 G: 1.5e-07
 Step: 1324 E: -23.013137309603 G: 1.5e-07
 Step: 1325 E: -23.013137309603 G: 1.5e-07
 Step: 1326 E: -23.013137309603 G: 1.5e-07
 Step: 1327 E: -23.013137309603 G: 1.5e-07
 Step: 1328 E: -23.013137309603 G: 1.5e-07
 Step: 1329 E: -23.013137309603 G: 1.5e-07
 Step: 1330 E: -23.013137309603 G: 1.5e-07
 Step: 1331 E: -23.013137309603 G: 1.5e-07
 Step: 1332 E: -23.013137309603 G: 1.4e-07
 Step: 1333 E: -23.013137309603 G: 1.4e-07
 Step: 1334 E: -23.013137309603 G: 1.4e-07
 Step: 1335 E: -23.013137309603 G: 1.4e-07
 Step: 1336 E: -23.013137309603 G: 1.4e-07
 Step: 1337 E: -23.013137309603 G: 1.4e-07
 Step: 1338 E: -23.013137309603 G: 1.4e-07
 Step: 1339 E: -23.013137309603 G: 1.4e-07
 Step: 1340 E: -23.013137309603 G: 1.4e-07
 Step: 1341 E: -23.013137309603 G: 1.4e-07
 Step: 1342 E: -23.013137309603 G: 1.4e-07
 Step: 1343 E: -23.013137309603 G: 1.4e-07
 Step: 1344 E: -23.013137309603 G: 1.4e-07
 Step: 1345 E: -23.013137309603 G: 1.3e-07
 Step: 1346 E: -23.013137309603 G: 1.3e-07
 Step: 1347 E: -23.013137309603 G: 1.3e-07
 Step: 1348 E: -23.013137309603 G: 1.3e-07
 Step: 1349 E: -23.013137309603 G: 1.3e-07
 Step: 1350 E: -23.013137309603 G: 1.3e-07
 Step: 1351 E: -23.013137309603 G: 1.3e-07
 Step: 1352 E: -23.013137309603 G: 1.3e-07
 Step: 1353 E: -23.013137309603 G: 1.3e-07
 Step: 1354 E: -23.013137309603 G: 1.3e-07
 Step: 1355 E: -23.013137309603 G: 1.3e-07
 Step: 1356 E: -23.013137309603 G: 1.3e-07
 Step: 1357 E: -23.013137309603 G: 1.3e-07
 Step: 1358 E: -23.013137309603 G: 1.2e-07
 Step: 1359 E: -23.013137309603 G: 1.2e-07
 Step: 1360 E: -23.013137309603 G: 1.2e-07
 Step: 1361 E: -23.013137309603 G: 1.2e-07
 Step: 1362 E: -23.013137309603 G: 1.2e-07
 Step: 1363 E: -23.013137309603 G: 1.2e-07
 Step: 1364 E: -23.013137309603 G: 1.2e-07
 Step: 1365 E: -23.013137309603 G: 1.2e-07
 Step: 1366 E: -23.013137309603 G: 1.2e-07
 Step: 1367 E: -23.013137309603 G: 1.2e-07
 Step: 1368 E: -23.013137309603 G: 1.2e-07
 Step: 1369 E: -23.013137309603 G: 1.2e-07
 Step: 1370 E: -23.013137309603 G: 1.2e-07
 Step: 1371 E: -23.013137309603 G: 1.2e-07
 Step: 1372 E: -23.013137309603 G: 1.2e-07
 Step: 1373 E: -23.013137309603 G: 1.1e-07
 Step: 1374 E: -23.013137309603 G: 1.1e-07
 Step: 1375 E: -23.013137309603 G: 1.1e-07
 Step: 1376 E: -23.013137309603 G: 1.1e-07
 Step: 1377 E: -23.013137309603 G: 1.1e-07
 Step: 1378 E: -23.013137309603 G: 1.1e-07
 Step: 1379 E: -23.013137309603 G: 1.1e-07
 Step: 1380 E: -23.013137309603 G: 1.1e-07
 Step: 1381 E: -23.013137309603 G: 1.1e-07
 Step: 1382 E: -23.013137309603 G: 1.1e-07
 Step: 1383 E: -23.013137309603 G: 1.1e-07
 Step: 1384 E: -23.013137309603 G: 1.1e-07
 Step: 1385 E: -23.013137309603 G: 1.1e-07
 Step: 1386 E: -23.013137309603 G: 1.1e-07
 Step: 1387 E: -23.013137309603 G: 1.1e-07
 Step: 1388 E: -23.013137309603 G: 1.1e-07
 Step: 1389 E: -23.013137309603 G: 1.0e-07
 Step: 1390 E: -23.013137309603 G: 1.0e-07
 Step: 1391 E: -23.013137309603 G: 1.0e-07
 Step: 1392 E: -23.013137309603 G: 1.0e-07
 Step: 1393 E: -23.013137309603 G: 1.0e-07
 Step: 1394 E: -23.013137309603 G: 1.0e-07
 Step: 1395 E: -23.013137309603 G: 1.0e-07
 Step: 1396 E: -23.013137309603 G: 1.0e-07
 Step: 1397 E: -23.013137309603 G: 1.0e-07
 Step: 1398 E: -23.013137309603 G: 1.0e-07
 Step: 1399 E: -23.013137309603 G: 9.9e-08
 Step: 1400 E: -23.013137309603 G: 9.8e-08
 Step: 1401 E: -23.013137309603 G: 9.8e-08
 Step: 1402 E: -23.013137309603 G: 9.7e-08
 Step: 1403 E: -23.013137309603 G: 9.7e-08
 Step: 1404 E: -23.013137309603 G: 9.6e-08
 Step: 1405 E: -23.013137309603 G: 9.6e-08
 Step: 1406 E: -23.013137309603 G: 9.5e-08
 Step: 1407 E: -23.013137309603 G: 9.5e-08
 Step: 1408 E: -23.013137309603 G: 9.4e-08
 Step: 1409 E: -23.013137309603 G: 9.4e-08
 Step: 1410 E: -23.013137309603 G: 9.3e-08
 Step: 1411 E: -23.013137309603 G: 9.3e-08
 Step: 1412 E: -23.013137309603 G: 9.2e-08
 Step: 1413 E: -23.013137309603 G: 9.2e-08
 Step: 1414 E: -23.013137309603 G: 9.1e-08
 Step: 1415 E: -23.013137309603 G: 9.1e-08
 Step: 1416 E: -23.013137309603 G: 9.0e-08
 Step: 1417 E: -23.013137309603 G: 9.0e-08
 Step: 1418 E: -23.013137309603 G: 8.9e-08
 Step: 1419 E: -23.013137309603 G: 8.9e-08
 Step: 1420 E: -23.013137309603 G: 8.8e-08
 Step: 1421 E: -23.013137309603 G: 8.8e-08
 Step: 1422 E: -23.013137309603 G: 8.7e-08
 Step: 1423 E: -23.013137309603 G: 8.7e-08
 Step: 1424 E: -23.013137309603 G: 8.6e-08
 Step: 1425 E: -23.013137309603 G: 8.6e-08
 Step: 1426 E: -23.013137309603 G: 8.5e-08
 Step: 1427 E: -23.013137309603 G: 8.5e-08
 Step: 1428 E: -23.013137309603 G: 8.5e-08
 Step: 1429 E: -23.013137309603 G: 8.4e-08
 Step: 1430 E: -23.013137309603 G: 8.4e-08
 Step: 1431 E: -23.013137309603 G: 8.3e-08
 Step: 1432 E: -23.013137309603 G: 8.3e-08
 Step: 1433 E: -23.013137309603 G: 8.2e-08
 Step: 1434 E: -23.013137309603 G: 8.2e-08
 Step: 1435 E: -23.013137309603 G: 8.1e-08
 Step: 1436 E: -23.013137309603 G: 8.1e-08
 Step: 1437 E: -23.013137309603 G: 8.1e-08
 Step: 1438 E: -23.013137309603 G: 8.0e-08
 Step: 1439 E: -23.013137309603 G: 8.0e-08
 Step: 1440 E: -23.013137309603 G: 7.9e-08
 Step: 1441 E: -23.013137309603 G: 7.9e-08
 Step: 1442 E: -23.013137309603 G: 7.8e-08
 Step: 1443 E: -23.013137309603 G: 7.8e-08
 Step: 1444 E: -23.013137309603 G: 7.8e-08
 Step: 1445 E: -23.013137309603 G: 7.7e-08
 Step: 1446 E: -23.013137309603 G: 7.7e-08
 Step: 1447 E: -23.013137309603 G: 7.6e-08
 Step: 1448 E: -23.013137309603 G: 7.6e-08
 Step: 1449 E: -23.013137309603 G: 7.6e-08
 Step: 1450 E: -23.013137309603 G: 7.5e-08
 Step: 1451 E: -23.013137309603 G: 7.5e-08
 Step: 1452 E: -23.013137309603 G: 7.4e-08
 Step: 1453 E: -23.013137309603 G: 7.4e-08
 Step: 1454 E: -23.013137309603 G: 7.4e-08
 Step: 1455 E: -23.013137309603 G: 7.3e-08
 Step: 1456 E: -23.013137309603 G: 7.3e-08
 Step: 1457 E: -23.013137309603 G: 7.2e-08
 Step: 1458 E: -23.013137309603 G: 7.2e-08
 Step: 1459 E: -23.013137309603 G: 7.2e-08
 Step: 1460 E: -23.013137309603 G: 7.1e-08
 Step: 1461 E: -23.013137309603 G: 7.1e-08
 Step: 1462 E: -23.013137309603 G: 7.1e-08
 Step: 1463 E: -23.013137309603 G: 7.0e-08
 Step: 1464 E: -23.013137309603 G: 7.0e-08
 Step: 1465 E: -23.013137309603 G: 6.9e-08
 Step: 1466 E: -23.013137309603 G: 6.9e-08
 Step: 1467 E: -23.013137309603 G: 6.9e-08
 Step: 1468 E: -23.013137309603 G: 6.8e-08
 Step: 1469 E: -23.013137309603 G: 6.8e-08
 Step: 1470 E: -23.013137309603 G: 6.8e-08
 Step: 1471 E: -23.013137309603 G: 6.7e-08
 Step: 1472 E: -23.013137309603 G: 6.7e-08
 Step: 1473 E: -23.013137309603 G: 6.7e-08
 Step: 1474 E: -23.013137309603 G: 6.6e-08
 Step: 1475 E: -23.013137309603 G: 6.6e-08
 Step: 1476 E: -23.013137309603 G: 6.6e-08
 Step: 1477 E: -23.013137309603 G: 6.5e-08
 Step: 1478 E: -23.013137309603 G: 6.5e-08
 Step: 1479 E: -23.013137309603 G: 6.5e-08
 Step: 1480 E: -23.013137309603 G: 6.4e-08
 Step: 1481 E: -23.013137309603 G: 6.4e-08
 Step: 1482 E: -23.013137309603 G: 6.4e-08
 Step: 1483 E: -23.013137309603 G: 6.3e-08
 Step: 1484 E: -23.013137309603 G: 6.3e-08
 Step: 1485 E: -23.013137309603 G: 6.3e-08
 Step: 1486 E: -23.013137309603 G: 6.2e-08
 Step: 1487 E: -23.013137309603 G: 6.2e-08
 Step: 1488 E: -23.013137309603 G: 6.2e-08
 Step: 1489 E: -23.013137309603 G: 6.1e-08
 Step: 1490 E: -23.013137309603 G: 6.1e-08
 Step: 1491 E: -23.013137309603 G: 6.1e-08
 Step: 1492 E: -23.013137309603 G: 6.0e-08
 Step: 1493 E: -23.013137309603 G: 6.0e-08
 Step: 1494 E: -23.013137309603 G: 6.0e-08
 Step: 1495 E: -23.013137309603 G: 5.9e-08
 Step: 1496 E: -23.013137309603 G: 5.9e-08
 Step: 1497 E: -23.013137309603 G: 5.9e-08
 Step: 1498 E: -23.013137309603 G: 5.9e-08
 Step: 1499 E: -23.013137309603 G: 5.8e-08
 Step: 1500 E: -23.013137309603 G: 5.8e-08
 Step: 1501 E: -23.013137309603 G: 5.8e-08
 Step: 1502 E: -23.013137309603 G: 5.7e-08
 Step: 1503 E: -23.013137309603 G: 5.7e-08
 Step: 1504 E: -23.013137309603 G: 5.7e-08
 Step: 1505 E: -23.013137309603 G: 5.6e-08
 Step: 1506 E: -23.013137309603 G: 5.6e-08
 Step: 1507 E: -23.013137309603 G: 5.6e-08
 Step: 1508 E: -23.013137309603 G: 5.6e-08
 Step: 1509 E: -23.013137309603 G: 5.5e-08
 Step: 1510 E: -23.013137309603 G: 5.5e-08
 Step: 1511 E: -23.013137309603 G: 5.5e-08
 Step: 1512 E: -23.013137309603 G: 5.4e-08
 Step: 1513 E: -23.013137309603 G: 5.4e-08
 Step: 1514 E: -23.013137309603 G: 5.4e-08
 Step: 1515 E: -23.013137309603 G: 5.4e-08
 Step: 1516 E: -23.013137309603 G: 5.3e-08
 Step: 1517 E: -23.013137309603 G: 5.3e-08
 Step: 1518 E: -23.013137309603 G: 5.3e-08
 Step: 1519 E: -23.013137309603 G: 5.3e-08
 Step: 1520 E: -23.013137309603 G: 5.2e-08
 Step: 1521 E: -23.013137309603 G: 5.2e-08
 Step: 1522 E: -23.013137309603 G: 5.2e-08
 Step: 1523 E: -23.013137309603 G: 5.2e-08
 Step: 1524 E: -23.013137309603 G: 5.1e-08
 Step: 1525 E: -23.013137309603 G: 5.1e-08
 Step: 1526 E: -23.013137309603 G: 5.1e-08
 Step: 1527 E: -23.013137309603 G: 5.0e-08
 Step: 1528 E: -23.013137309603 G: 5.0e-08
 Step: 1529 E: -23.013137309603 G: 5.0e-08
 Step: 1530 E: -23.013137309603 G: 5.0e-08
 Step: 1531 E: -23.013137309603 G: 4.9e-08
 Step: 1532 E: -23.013137309603 G: 4.9e-08
 Step: 1533 E: -23.013137309603 G: 4.9e-08
 Step: 1534 E: -23.013137309603 G: 4.9e-08
 Step: 1535 E: -23.013137309603 G: 4.8e-08
 Step: 1536 E: -23.013137309603 G: 4.8e-08
 Step: 1537 E: -23.013137309603 G: 4.8e-08
 Step: 1538 E: -23.013137309603 G: 4.8e-08
 Step: 1539 E: -23.013137309603 G: 4.7e-08
 Step: 1540 E: -23.013137309603 G: 4.7e-08
 Step: 1541 E: -23.013137309603 G: 4.7e-08
 Step: 1542 E: -23.013137309603 G: 4.7e-08
 Step: 1543 E: -23.013137309603 G: 4.7e-08
 Step: 1544 E: -23.013137309603 G: 4.6e-08
 Step: 1545 E: -23.013137309603 G: 4.6e-08
 Step: 1546 E: -23.013137309603 G: 4.6e-08
 Step: 1547 E: -23.013137309603 G: 4.6e-08
 Step: 1548 E: -23.013137309603 G: 4.5e-08
 Step: 1549 E: -23.013137309603 G: 4.5e-08
 Step: 1550 E: -23.013137309603 G: 4.5e-08
 Step: 1551 E: -23.013137309603 G: 4.5e-08
 Step: 1552 E: -23.013137309603 G: 4.4e-08
 Step: 1553 E: -23.013137309603 G: 4.4e-08
 Step: 1554 E: -23.013137309603 G: 4.4e-08
 Step: 1555 E: -23.013137309603 G: 4.4e-08
 Step: 1556 E: -23.013137309603 G: 4.4e-08
 Step: 1557 E: -23.013137309603 G: 4.3e-08
 Step: 1558 E: -23.013137309603 G: 4.3e-08
 Step: 1559 E: -23.013137309603 G: 4.3e-08
 Step: 1560 E: -23.013137309603 G: 4.3e-08
 Step: 1561 E: -23.013137309603 G: 4.3e-08
 Step: 1562 E: -23.013137309603 G: 4.2e-08
 Step: 1563 E: -23.013137309603 G: 4.2e-08
 Step: 1564 E: -23.013137309603 G: 4.2e-08
 Step: 1565 E: -23.013137309603 G: 4.2e-08
 Step: 1566 E: -23.013137309603 G: 4.1e-08
 Step: 1567 E: -23.013137309603 G: 4.1e-08
 Step: 1568 E: -23.013137309603 G: 4.1e-08
 Step: 1569 E: -23.013137309603 G: 4.1e-08
 Step: 1570 E: -23.013137309603 G: 4.1e-08
 Step: 1571 E: -23.013137309603 G: 4.0e-08
 Step: 1572 E: -23.013137309603 G: 4.0e-08
 Step: 1573 E: -23.013137309603 G: 4.0e-08
 Step: 1574 E: -23.013137309603 G: 4.0e-08
 Step: 1575 E: -23.013137309603 G: 4.0e-08
 Step: 1576 E: -23.013137309603 G: 3.9e-08
 Step: 1577 E: -23.013137309603 G: 3.9e-08
 Step: 1578 E: -23.013137309603 G: 3.9e-08
 Step: 1579 E: -23.013137309603 G: 3.9e-08
 Step: 1580 E: -23.013137309603 G: 3.9e-08
 Step: 1581 E: -23.013137309603 G: 3.8e-08
 Step: 1582 E: -23.013137309603 G: 3.8e-08
 Step: 1583 E: -23.013137309603 G: 3.8e-08
 Step: 1584 E: -23.013137309603 G: 3.8e-08
 Step: 1585 E: -23.013137309603 G: 3.8e-08
 Step: 1586 E: -23.013137309603 G: 3.8e-08
 Step: 1587 E: -23.013137309603 G: 3.7e-08
 Step: 1588 E: -23.013137309603 G: 3.7e-08
 Step: 1589 E: -23.013137309603 G: 3.7e-08
 Step: 1590 E: -23.013137309603 G: 3.7e-08
 Step: 1591 E: -23.013137309603 G: 3.7e-08
 Step: 1592 E: -23.013137309603 G: 3.6e-08
 Step: 1593 E: -23.013137309603 G: 3.6e-08
 Step: 1594 E: -23.013137309603 G: 3.6e-08
 Step: 1595 E: -23.013137309603 G: 3.6e-08
 Step: 1596 E: -23.013137309603 G: 3.6e-08
 Step: 1597 E: -23.013137309603 G: 3.6e-08
 Step: 1598 E: -23.013137309603 G: 3.5e-08
 Step: 1599 E: -23.013137309603 G: 3.5e-08
 Step: 1600 E: -23.013137309603 G: 3.5e-08
 Step: 1601 E: -23.013137309603 G: 3.5e-08
 Step: 1602 E: -23.013137309603 G: 3.5e-08
 Step: 1603 E: -23.013137309603 G: 3.4e-08
 Step: 1604 E: -23.013137309603 G: 3.4e-08
 Step: 1605 E: -23.013137309603 G: 3.4e-08
 Step: 1606 E: -23.013137309603 G: 3.4e-08
 Step: 1607 E: -23.013137309603 G: 3.4e-08
 Step: 1608 E: -23.013137309603 G: 3.4e-08
 Step: 1609 E: -23.013137309603 G: 3.3e-08
 Step: 1610 E: -23.013137309603 G: 3.3e-08
 Step: 1611 E: -23.013137309603 G: 3.3e-08
 Step: 1612 E: -23.013137309603 G: 3.3e-08
 Step: 1613 E: -23.013137309603 G: 3.3e-08
 Step: 1614 E: -23.013137309604 G: 3.3e-08
 Step: 1615 E: -23.013137309603 G: 3.2e-08
 Step: 1616 E: -23.013137309603 G: 3.2e-08
 Step: 1617 E: -23.013137309603 G: 3.2e-08
 Step: 1618 E: -23.013137309603 G: 3.2e-08
 Step: 1619 E: -23.013137309603 G: 3.2e-08
 Step: 1620 E: -23.013137309603 G: 3.2e-08
 Step: 1621 E: -23.013137309603 G: 3.2e-08
 Step: 1622 E: -23.013137309603 G: 3.1e-08
 Step: 1623 E: -23.013137309603 G: 3.1e-08
 Step: 1624 E: -23.013137309603 G: 3.1e-08
 Step: 1625 E: -23.013137309603 G: 3.1e-08
 Step: 1626 E: -23.013137309603 G: 3.1e-08
 Step: 1627 E: -23.013137309603 G: 3.1e-08
 Step: 1628 E: -23.013137309603 G: 3.0e-08
 Step: 1629 E: -23.013137309603 G: 3.0e-08
 Step: 1630 E: -23.013137309603 G: 3.0e-08
 Step: 1631 E: -23.013137309603 G: 3.0e-08
 Step: 1632 E: -23.013137309603 G: 3.0e-08
 Step: 1633 E: -23.013137309603 G: 3.0e-08
 Step: 1634 E: -23.013137309603 G: 3.0e-08
 Step: 1635 E: -23.013137309603 G: 2.9e-08
 Step: 1636 E: -23.013137309603 G: 2.9e-08
 Step: 1637 E: -23.013137309603 G: 2.9e-08
 Step: 1638 E: -23.013137309603 G: 2.9e-08
 Step: 1639 E: -23.013137309603 G: 2.9e-08
 Step: 1640 E: -23.013137309603 G: 2.9e-08
 Step: 1641 E: -23.013137309603 G: 2.9e-08
 Step: 1642 E: -23.013137309603 G: 2.8e-08
 Step: 1643 E: -23.013137309603 G: 2.8e-08
 Step: 1644 E: -23.013137309603 G: 2.8e-08
 Step: 1645 E: -23.013137309603 G: 2.8e-08
 Step: 1646 E: -23.013137309603 G: 2.8e-08
 Step: 1647 E: -23.013137309603 G: 2.8e-08
 Step: 1648 E: -23.013137309603 G: 2.8e-08
 Step: 1649 E: -23.013137309603 G: 2.7e-08
 Step: 1650 E: -23.013137309603 G: 2.7e-08
 Step: 1651 E: -23.013137309603 G: 2.7e-08
 Step: 1652 E: -23.013137309603 G: 2.7e-08
 Step: 1653 E: -23.013137309603 G: 2.7e-08
 Step: 1654 E: -23.013137309603 G: 2.7e-08
 Step: 1655 E: -23.013137309603 G: 2.7e-08
 Step: 1656 E: -23.013137309603 G: 2.7e-08
 Step: 1657 E: -23.013137309603 G: 2.6e-08
 Step: 1658 E: -23.013137309603 G: 2.6e-08
 Step: 1659 E: -23.013137309603 G: 2.6e-08
 Step: 1660 E: -23.013137309603 G: 2.6e-08
 Step: 1661 E: -23.013137309603 G: 2.6e-08
 Step: 1662 E: -23.013137309603 G: 2.6e-08
 Step: 1663 E: -23.013137309603 G: 2.6e-08
 Step: 1664 E: -23.013137309603 G: 2.6e-08
 Step: 1665 E: -23.013137309603 G: 2.5e-08
 Step: 1666 E: -23.013137309603 G: 2.5e-08
 Step: 1667 E: -23.013137309603 G: 2.5e-08
 Step: 1668 E: -23.013137309603 G: 2.5e-08
 Step: 1669 E: -23.013137309603 G: 2.5e-08
 Step: 1670 E: -23.013137309603 G: 2.5e-08
 Step: 1671 E: -23.013137309603 G: 2.5e-08
 Step: 1672 E: -23.013137309603 G: 2.5e-08
 Step: 1673 E: -23.013137309603 G: 2.4e-08
 Step: 1674 E: -23.013137309603 G: 2.4e-08
 Step: 1675 E: -23.013137309603 G: 2.4e-08
 Step: 1676 E: -23.013137309603 G: 2.4e-08
 Step: 1677 E: -23.013137309603 G: 2.4e-08
 Step: 1678 E: -23.013137309603 G: 2.4e-08
 Step: 1679 E: -23.013137309603 G: 2.4e-08
 Step: 1680 E: -23.013137309603 G: 2.4e-08
 Step: 1681 E: -23.013137309603 G: 2.3e-08
 Step: 1682 E: -23.013137309603 G: 2.3e-08
 Step: 1683 E: -23.013137309603 G: 2.3e-08
 Step: 1684 E: -23.013137309603 G: 2.3e-08
 Step: 1685 E: -23.013137309603 G: 2.3e-08
 Step: 1686 E: -23.013137309603 G: 2.3e-08
 Step: 1687 E: -23.013137309603 G: 2.3e-08
 Step: 1688 E: -23.013137309603 G: 2.3e-08
 Step: 1689 E: -23.013137309603 G: 2.3e-08
 Step: 1690 E: -23.013137309603 G: 2.2e-08
 Step: 1691 E: -23.013137309603 G: 2.2e-08
 Step: 1692 E: -23.013137309603 G: 2.2e-08
 Step: 1693 E: -23.013137309603 G: 2.2e-08
 Step: 1694 E: -23.013137309603 G: 2.2e-08
 Step: 1695 E: -23.013137309603 G: 2.2e-08
 Step: 1696 E: -23.013137309603 G: 2.2e-08
 Step: 1697 E: -23.013137309603 G: 2.2e-08
 Step: 1698 E: -23.013137309603 G: 2.2e-08
 Step: 1699 E: -23.013137309603 G: 2.1e-08
 Step: 1700 E: -23.013137309603 G: 2.1e-08
 Step: 1701 E: -23.013137309603 G: 2.1e-08
 Step: 1702 E: -23.013137309603 G: 2.1e-08
 Step: 1703 E: -23.013137309603 G: 2.1e-08
 Step: 1704 E: -23.013137309603 G: 2.1e-08
 Step: 1705 E: -23.013137309603 G: 2.1e-08
 Step: 1706 E: -23.013137309603 G: 2.1e-08
 Step: 1707 E: -23.013137309603 G: 2.1e-08
 Step: 1708 E: -23.013137309603 G: 2.1e-08
 Step: 1709 E: -23.013137309603 G: 2.0e-08
 Step: 1710 E: -23.013137309603 G: 2.0e-08
 Step: 1711 E: -23.013137309603 G: 2.0e-08
 Step: 1712 E: -23.013137309603 G: 2.0e-08
 Step: 1713 E: -23.013137309603 G: 2.0e-08
 Step: 1714 E: -23.013137309603 G: 2.0e-08
 Step: 1715 E: -23.013137309603 G: 2.0e-08
 Step: 1716 E: -23.013137309603 G: 2.0e-08
 Step: 1717 E: -23.013137309603 G: 2.0e-08
 Step: 1718 E: -23.013137309603 G: 2.0e-08
 Step: 1719 E: -23.013137309603 G: 1.9e-08
 Step: 1720 E: -23.013137309603 G: 1.9e-08
 Step: 1721 E: -23.013137309603 G: 1.9e-08
 Step: 1722 E: -23.013137309603 G: 1.9e-08
 Step: 1723 E: -23.013137309603 G: 1.9e-08
 Step: 1724 E: -23.013137309603 G: 1.9e-08
 Step: 1725 E: -23.013137309603 G: 1.9e-08
 Step: 1726 E: -23.013137309603 G: 1.9e-08
 Step: 1727 E: -23.013137309603 G: 1.9e-08
 Step: 1728 E: -23.013137309603 G: 1.9e-08
 Step: 1729 E: -23.013137309603 G: 1.9e-08
 Step: 1730 E: -23.013137309603 G: 1.8e-08
 Step: 1731 E: -23.013137309603 G: 1.8e-08
 Step: 1732 E: -23.013137309603 G: 1.8e-08
 Step: 1733 E: -23.013137309603 G: 1.8e-08
 Step: 1734 E: -23.013137309603 G: 1.8e-08
 Step: 1735 E: -23.013137309603 G: 1.8e-08
 Step: 1736 E: -23.013137309603 G: 1.8e-08
 Step: 1737 E: -23.013137309603 G: 1.8e-08
 Step: 1738 E: -23.013137309603 G: 1.8e-08
 Step: 1739 E: -23.013137309603 G: 1.8e-08
 Step: 1740 E: -23.013137309603 G: 1.8e-08
 Step: 1741 E: -23.013137309603 G: 1.8e-08
 Step: 1742 E: -23.013137309603 G: 1.7e-08
 Step: 1743 E: -23.013137309603 G: 1.7e-08
 Step: 1744 E: -23.013137309603 G: 1.7e-08
 Step: 1745 E: -23.013137309603 G: 1.7e-08
 Step: 1746 E: -23.013137309603 G: 1.7e-08
 Step: 1747 E: -23.013137309603 G: 1.7e-08
 Step: 1748 E: -23.013137309603 G: 1.7e-08
 Step: 1749 E: -23.013137309603 G: 1.7e-08
 Step: 1750 E: -23.013137309603 G: 1.7e-08
 Step: 1751 E: -23.013137309603 G: 1.7e-08
 Step: 1752 E: -23.013137309603 G: 1.7e-08
 Step: 1753 E: -23.013137309603 G: 1.7e-08
 Step: 1754 E: -23.013137309603 G: 1.6e-08
 Step: 1755 E: -23.013137309603 G: 1.6e-08
 Step: 1756 E: -23.013137309603 G: 1.6e-08
 Step: 1757 E: -23.013137309603 G: 1.6e-08
 Step: 1758 E: -23.013137309603 G: 1.6e-08
 Step: 1759 E: -23.013137309603 G: 1.6e-08
 Step: 1760 E: -23.013137309603 G: 1.6e-08
 Step: 1761 E: -23.013137309603 G: 1.6e-08
 Step: 1762 E: -23.013137309603 G: 1.6e-08
 Step: 1763 E: -23.013137309603 G: 1.6e-08
 Step: 1764 E: -23.013137309603 G: 1.6e-08
 Step: 1765 E: -23.013137309603 G: 1.6e-08
 Step: 1766 E: -23.013137309603 G: 1.6e-08
 Step: 1767 E: -23.013137309603 G: 1.5e-08
 Step: 1768 E: -23.013137309603 G: 1.5e-08
 Step: 1769 E: -23.013137309603 G: 1.5e-08
 Step: 1770 E: -23.013137309603 G: 1.5e-08
 Step: 1771 E: -23.013137309603 G: 1.5e-08
 Step: 1772 E: -23.013137309603 G: 1.5e-08
 Step: 1773 E: -23.013137309603 G: 1.5e-08
 Step: 1774 E: -23.013137309603 G: 1.5e-08
 Step: 1775 E: -23.013137309603 G: 1.5e-08
 Step: 1776 E: -23.013137309603 G: 1.5e-08
 Step: 1777 E: -23.013137309603 G: 1.5e-08
 Step: 1778 E: -23.013137309603 G: 1.5e-08
 Step: 1779 E: -23.013137309603 G: 1.5e-08
 Step: 1780 E: -23.013137309603 G: 1.4e-08
 Step: 1781 E: -23.013137309603 G: 1.4e-08
 Step: 1782 E: -23.013137309603 G: 1.4e-08
 Step: 1783 E: -23.013137309603 G: 1.4e-08
 Step: 1784 E: -23.013137309603 G: 1.4e-08
 Step: 1785 E: -23.013137309603 G: 1.4e-08
 Step: 1786 E: -23.013137309603 G: 1.4e-08
 Step: 1787 E: -23.013137309603 G: 1.4e-08
 Step: 1788 E: -23.013137309603 G: 1.4e-08
 Step: 1789 E: -23.013137309603 G: 1.4e-08
 Step: 1790 E: -23.013137309603 G: 1.4e-08
 Step: 1791 E: -23.013137309603 G: 1.4e-08
 Step: 1792 E: -23.013137309603 G: 1.4e-08
 Step: 1793 E: -23.013137309603 G: 1.4e-08
 Step: 1794 E: -23.013137309603 G: 1.4e-08
 Step: 1795 E: -23.013137309603 G: 1.3e-08
 Step: 1796 E: -23.013137309603 G: 1.3e-08
 Step: 1797 E: -23.013137309603 G: 1.3e-08
 Step: 1798 E: -23.013137309603 G: 1.3e-08
 Step: 1799 E: -23.013137309603 G: 1.3e-08
 Step: 1800 E: -23.013137309603 G: 1.3e-08
 Step: 1801 E: -23.013137309603 G: 1.3e-08
 Step: 1802 E: -23.013137309603 G: 1.3e-08
 Step: 1803 E: -23.013137309603 G: 1.3e-08
 Step: 1804 E: -23.013137309603 G: 1.3e-08
 Step: 1805 E: -23.013137309603 G: 1.3e-08
 Step: 1806 E: -23.013137309603 G: 1.3e-08
 Step: 1807 E: -23.013137309603 G: 1.3e-08
 Step: 1808 E: -23.013137309603 G: 1.3e-08
 Step: 1809 E: -23.013137309603 G: 1.3e-08
 Step: 1810 E: -23.013137309603 G: 1.3e-08
 Step: 1811 E: -23.013137309603 G: 1.2e-08
 Step: 1812 E: -23.013137309603 G: 1.2e-08
 Step: 1813 E: -23.013137309603 G: 1.2e-08
 Step: 1814 E: -23.013137309603 G: 1.2e-08
 Step: 1815 E: -23.013137309603 G: 1.2e-08
 Step: 1816 E: -23.013137309603 G: 1.2e-08
 Step: 1817 E: -23.013137309603 G: 1.2e-08
 Step: 1818 E: -23.013137309603 G: 1.2e-08
 Step: 1819 E: -23.013137309603 G: 1.2e-08
 Step: 1820 E: -23.013137309603 G: 1.2e-08
 Step: 1821 E: -23.013137309603 G: 1.2e-08
 Step: 1822 E: -23.013137309603 G: 1.2e-08
 Step: 1823 E: -23.013137309603 G: 1.2e-08
 Step: 1824 E: -23.013137309603 G: 1.2e-08
 Step: 1825 E: -23.013137309603 G: 1.2e-08
 Step: 1826 E: -23.013137309603 G: 1.2e-08
 Step: 1827 E: -23.013137309603 G: 1.2e-08
 Step: 1828 E: -23.013137309603 G: 1.1e-08
 Step: 1829 E: -23.013137309603 G: 1.1e-08
 Step: 1830 E: -23.013137309603 G: 1.1e-08
 Step: 1831 E: -23.013137309603 G: 1.1e-08
 Step: 1832 E: -23.013137309603 G: 1.1e-08
 Step: 1833 E: -23.013137309603 G: 1.1e-08
 Step: 1834 E: -23.013137309603 G: 1.1e-08
 Step: 1835 E: -23.013137309603 G: 1.1e-08
 Step: 1836 E: -23.013137309603 G: 1.1e-08
 Step: 1837 E: -23.013137309603 G: 1.1e-08
 Step: 1838 E: -23.013137309603 G: 1.1e-08
 Step: 1839 E: -23.013137309603 G: 1.1e-08
 Step: 1840 E: -23.013137309603 G: 1.1e-08
 Step: 1841 E: -23.013137309603 G: 1.1e-08
 Step: 1842 E: -23.013137309603 G: 1.1e-08
 Step: 1843 E: -23.013137309603 G: 1.1e-08
 Step: 1844 E: -23.013137309603 G: 1.1e-08
 Step: 1845 E: -23.013137309603 G: 1.1e-08
 Step: 1846 E: -23.013137309603 G: 1.1e-08
 Step: 1847 E: -23.013137309603 G: 1.0e-08
 Step: 1848 E: -23.013137309603 G: 1.0e-08
 Step: 1849 E: -23.013137309603 G: 1.0e-08
 Step: 1850 E: -23.013137309603 G: 1.0e-08
 Step: 1851 E: -23.013137309603 G: 1.0e-08
 Step: 1852 E: -23.013137309603 G: 1.0e-08
 Step: 1853 E: -23.013137309603 G: 1.0e-08
 Step: 1854 E: -23.013137309603 G: 1.0e-08
 Step: 1855 E: -23.013137309603 G: 1.0e-08
 Step: 1856 E: -23.013137309603 G: 1.0e-08
*Step: 1857 E: -23.013137309603 G: 1.0e-08
421.793346 seconds (67.57 M allocations: 377.971 GiB, 7.90% gc time)
 Solve OO-CMF with DIIS
 ooCMF Iter:    1 Total= -23.005556843470 G=    3.764e-01 #SS:    1
 ooCMF Iter:    2 Total= -23.011978117237 G=    7.597e-02 #SS:    2
 ooCMF Iter:    3 Total= -23.012269115274 G=    1.423e-02 #SS:    3
 ooCMF Iter:    4 Total= -23.012284458561 G=    1.234e-02 #SS:    4
 ooCMF Iter:    5 Total= -23.012301248466 G=    1.218e-02 #SS:    5
 ooCMF Iter:    6 Total= -23.012436702743 G=    1.119e-02 #SS:    6
 ooCMF Iter:    7 Total= -23.013135721433 G=    9.830e-04 #SS:    7
 ooCMF Iter:    8 Total= -23.013136091167 G=    5.040e-04 #SS:    8
 ooCMF Iter:    9 Total= -23.013136111720 G=    4.808e-04 #SS:    9
 ooCMF Iter:   10 Total= -23.013136211742 G=    4.811e-04 #SS:   10
 ooCMF Iter:   11 Total= -23.013136772160 G=    3.599e-04 #SS:   11
 ooCMF Iter:   12 Total= -23.013137302577 G=    3.621e-05 #SS:   12
 ooCMF Iter:   13 Total= -23.013137304442 G=    2.618e-05 #SS:   13
 ooCMF Iter:   14 Total= -23.013137304385 G=    2.666e-05 #SS:   14
 ooCMF Iter:   15 Total= -23.013137305279 G=    2.395e-05 #SS:   15
 ooCMF Iter:   16 Total= -23.013137308892 G=    9.714e-06 #SS:   16
 ooCMF Iter:   17 Total= -23.013137309002 G=    8.150e-06 #SS:   17
 ooCMF Iter:   18 Total= -23.013137309011 G=    8.175e-06 #SS:   18
 ooCMF Iter:   19 Total= -23.013137309024 G=    8.122e-06 #SS:   19
 ooCMF Iter:   20 Total= -23.013137309051 G=    7.991e-06 #SS:   20
 ooCMF Iter:   21 Total= -23.013137309560 G=    3.024e-06 #SS:   21
 ooCMF Iter:   22 Total= -23.013137309600 G=    6.374e-07 #SS:   22
 ooCMF Iter:   23 Total= -23.013137309600 G=    6.211e-07 #SS:   23
 ooCMF Iter:   24 Total= -23.013137309600 G=    6.186e-07 #SS:   24
 ooCMF Iter:   25 Total= -23.013137309600 G=    5.985e-07 #SS:   24
 ooCMF Iter:   26 Total= -23.013137309600 G=    5.972e-07 #SS:   24
 ooCMF Iter:   27 Total= -23.013137309601 G=    6.771e-07 #SS:   24
 ooCMF Iter:   28 Total= -23.013137309602 G=    8.264e-08 #SS:   24
 ooCMF Iter:   29 Total= -23.013137309602 G=    8.078e-08 #SS:   24
 ooCMF Iter:   30 Total= -23.013137309602 G=    7.697e-08 #SS:   24
 ooCMF Iter:   31 Total= -23.013137309602 G=    6.040e-08 #SS:   24
 ooCMF Iter:   32 Total= -23.013137309602 G=    5.325e-08 #SS:   24
 ooCMF Iter:   33 Total= -23.013137309602 G=    5.261e-08 #SS:   24
 ooCMF Iter:   34 Total= -23.013137309602 G=    4.048e-08 #SS:   24
 ooCMF Iter:   35 Total= -23.013137309602 G=    1.455e-08 #SS:   24
*ooCMF Iter:   36 Total= -23.013137309602 G=    9.316e-09 #SS:   24
 18.839488 seconds (14.54 M allocations: 19.662 GiB, 8.56% gc time)
 Solve OO-CMF with DIIS
 ooCMF Iter:    1 Total= -23.009530588459 G=    2.294e-01 #SS:    1
 ooCMF Iter:    2 Total= -23.012967215712 G=    6.152e-02 #SS:    2
 ooCMF Iter:    3 Total= -23.013130661491 G=    1.090e-02 #SS:    3
 ooCMF Iter:    4 Total= -23.013136963836 G=    2.872e-03 #SS:    4
 ooCMF Iter:    5 Total= -23.013137296329 G=    5.525e-04 #SS:    5
 ooCMF Iter:    6 Total= -23.013137309191 G=    9.689e-05 #SS:    6
 ooCMF Iter:    7 Total= -23.013137309599 G=    8.683e-06 #SS:    7
 ooCMF Iter:    8 Total= -23.013137309602 G=    2.467e-06 #SS:    8
 ooCMF Iter:    9 Total= -23.013137309602 G=    2.492e-07 #SS:    9
 ooCMF Iter:   10 Total= -23.013137309602 G=    2.243e-08 #SS:   10
 ooCMF Iter:   11 Total= -23.013137309603 G=    1.229e-08 #SS:   11
*ooCMF Iter:   12 Total= -23.013137309602 G=    8.433e-09 #SS:   12
 13.099497 seconds (1.89 M allocations: 8.331 GiB, 5.79% gc time)
 Solve OO-CMF with DIIS
 ooCMF Iter:    1 Total= -23.012555745657 G=    3.469e-02 #SS:    1
 ooCMF Iter:    2 Total= -23.013060486267 G=    3.179e-02 #SS:    2
 ooCMF Iter:    3 Total= -23.013136877006 G=    1.919e-03 #SS:    3
 ooCMF Iter:    4 Total= -23.013137260659 G=    4.758e-04 #SS:    4
 ooCMF Iter:    5 Total= -23.013137309438 G=    4.602e-05 #SS:    5
 ooCMF Iter:    6 Total= -23.013137309601 G=    2.387e-06 #SS:    6
 ooCMF Iter:    7 Total= -23.013137309602 G=    8.536e-07 #SS:    7
 ooCMF Iter:    8 Total= -23.013137309602 G=    9.705e-08 #SS:    8
*ooCMF Iter:    9 Total= -23.013137309602 G=    2.199e-09 #SS:    9
 16.044873 seconds (2.14 M allocations: 6.429 GiB, 2.29% gc time)
 Solve OO-CMF with newton
 Step:    1 E: -22.847345004434 G:     1.80e+00  
 Step:    2 E: -23.012555745657 G:     3.47e-02  
 Step:    3 E: -23.013137183668 G:     4.78e-04  
 Step:    4 E: -23.013137309507 G:     1.35e-05  
 Step:    5 E: -23.013137309602 G:     3.96e-07  
 Step:    6 E: -23.013137309603 G:     1.17e-08  
 Step:    7 E: -23.013137309603 G:     3.49e-10  
 10.174798 seconds (1.31 M allocations: 2.427 GiB, 1.72% gc time)
 Solve OO-CMF with newton
 Step:    1 E: -22.847345004434 G:     1.80e+00  
 Step:    2 E: -23.009530588459 G:     2.29e-01  
 Step:    3 E: -23.013136809434 G:     2.79e-03  
 Step:    4 E: -23.013137309598 G:     1.14e-06  
 Step:    5 E: -23.013137309602 G:     3.16e-08  
 Step:    6 E: -23.013137309602 G:     9.30e-10  
  4.507111 seconds (552.30 k allocations: 2.058 GiB, 3.92% gc time)