IDX001:DIM1024:001|002|003|004|005|
IDX002:DIM1024:006|007|008|009|010|
IDX003:DIM1024:011|012|013|014|015|
IDX004:DIM1024:016|017|018|019|020|
IDX005:DIM1024:021|022|023|024|025|
IDX006:DIM1024:026|027|028|029|030|
IDX007:DIM1024:031|032|033|034|035|
IDX008:DIM1024:036|037|038|039|040|
(40, 40) ooCMF Iter:    1 Total= -22.769747279941 Active= -50.850038268956 G=     2.09e+00
 ooCMF Iter:    2 Total= -22.871766805597 Active= -50.952057794612 G=     1.64e+00
 ooCMF Iter:    3 Total= -22.909223018103 Active= -50.989514007118 G=     1.20e+00
 ooCMF Iter:    4 Total= -22.976695956765 Active= -51.056986945780 G=     4.35e-01
 ooCMF Iter:    5 Total= -22.984320663667 Active= -51.064611652681 G=     5.83e-02
 ooCMF Iter:    6 Total= -22.984486617557 Active= -51.064777606571 G=     2.11e-02
 ooCMF Iter:    7 Total= -22.984521218343 Active= -51.064812207358 G=     2.62e-02
 ooCMF Iter:    8 Total= -22.985057157574 Active= -51.065348146588 G=     6.87e-02
 ooCMF Iter:    9 Total= -22.985245330174 Active= -51.065536319189 G=     6.10e-02
 ooCMF Iter:   10 Total= -22.985308249956 Active= -51.065599238971 G=     5.35e-02
 ooCMF Iter:   11 Total= -22.985432699575 Active= -51.065723688590 G=     2.67e-02
 ooCMF Iter:   12 Total= -22.985465670982 Active= -51.065756659996 G=     7.30e-03
 ooCMF Iter:   13 Total= -22.985467624971 Active= -51.065758613986 G=     5.36e-03
 ooCMF Iter:   14 Total= -22.985468876058 Active= -51.065759865073 G=     4.96e-03
 ooCMF Iter:   15 Total= -22.985470223411 Active= -51.065761212426 G=     1.20e-03
 ooCMF Iter:   16 Total= -22.985470375532 Active= -51.065761364547 G=     1.37e-03
 ooCMF Iter:   17 Total= -22.985470922802 Active= -51.065761911817 G=     2.81e-03
 ooCMF Iter:   18 Total= -22.985471241660 Active= -51.065762230675 G=     2.97e-03
 ooCMF Iter:   19 Total= -22.985471451766 Active= -51.065762440781 G=     2.77e-03
 ooCMF Iter:   20 Total= -22.985471932065 Active= -51.065762921080 G=     1.24e-03
 ooCMF Iter:   21 Total= -22.985472029428 Active= -51.065763018443 G=     6.71e-04
 ooCMF Iter:   22 Total= -22.985472113205 Active= -51.065763102220 G=     1.13e-03
 ooCMF Iter:   23 Total= -22.985472196680 Active= -51.065763185695 G=     7.06e-04
 ooCMF Iter:   24 Total= -22.985472223640 Active= -51.065763212654 G=     6.65e-04
 ooCMF Iter:   25 Total= -22.985472312393 Active= -51.065763301408 G=     8.24e-04
 ooCMF Iter:   26 Total= -22.985472342794 Active= -51.065763331809 G=     6.90e-04
 ooCMF Iter:   27 Total= -22.985472353388 Active= -51.065763342403 G=     5.91e-04
 ooCMF Iter:   28 Total= -22.985472369836 Active= -51.065763358850 G=     2.37e-04
 ooCMF Iter:   29 Total= -22.985472371822 Active= -51.065763360837 G=     1.15e-04
 ooCMF Iter:   30 Total= -22.985472375236 Active= -51.065763364251 G=     2.25e-04
 ooCMF Iter:   31 Total= -22.985472377324 Active= -51.065763366339 G=     2.34e-04
 ooCMF Iter:   32 Total= -22.985472380943 Active= -51.065763369958 G=     2.92e-04
 ooCMF Iter:   33 Total= -22.985472389039 Active= -51.065763378054 G=     1.15e-04
 ooCMF Iter:   34 Total= -22.985472396690 Active= -51.065763385705 G=     2.04e-04
 ooCMF Iter:   35 Total= -22.985472397448 Active= -51.065763386463 G=     1.62e-04
 ooCMF Iter:   36 Total= -22.985472398803 Active= -51.065763387818 G=     3.74e-05
 ooCMF Iter:   37 Total= -22.985472398877 Active= -51.065763387892 G=     3.28e-05
 ooCMF Iter:   38 Total= -22.985472399059 Active= -51.065763388074 G=     5.01e-05
 ooCMF Iter:   39 Total= -22.985472399155 Active= -51.065763388170 G=     3.78e-05
 ooCMF Iter:   40 Total= -22.985472399194 Active= -51.065763388209 G=     3.17e-05
 ooCMF Iter:   41 Total= -22.985472399345 Active= -51.065763388360 G=     3.23e-05
 ooCMF Iter:   42 Total= -22.985472399402 Active= -51.065763388417 G=     3.62e-05
 ooCMF Iter:   43 Total= -22.985472399441 Active= -51.065763388455 G=     3.93e-05
 ooCMF Iter:   44 Total= -22.985472399506 Active= -51.065763388521 G=     1.78e-05
 ooCMF Iter:   45 Total= -22.985472399517 Active= -51.065763388532 G=     1.42e-05
 ooCMF Iter:   46 Total= -22.985472399543 Active= -51.065763388558 G=     1.41e-05
 ooCMF Iter:   47 Total= -22.985472399553 Active= -51.065763388568 G=     1.41e-05
 ooCMF Iter:   48 Total= -22.985472399563 Active= -51.065763388578 G=     1.17e-05
 ooCMF Iter:   49 Total= -22.985472399569 Active= -51.065763388584 G=     4.21e-06
 ooCMF Iter:   50 Total= -22.985472399572 Active= -51.065763388587 G=     4.93e-06
 ooCMF Iter:   51 Total= -22.985472399577 Active= -51.065763388592 G=     6.83e-06
 ooCMF Iter:   52 Total= -22.985472399578 Active= -51.065763388592 G=     6.07e-06
 ooCMF Iter:   53 Total= -22.985472399579 Active= -51.065763388594 G=     2.74e-06
 ooCMF Iter:   54 Total= -22.985472399579 Active= -51.065763388594 G=     9.21e-07
 ooCMF Iter:   55 Total= -22.985472399579 Active= -51.065763388594 G=     1.38e-06
 ooCMF Iter:   56 Total= -22.985472399580 Active= -51.065763388594 G=     1.86e-06
 ooCMF Iter:   57 Total= -22.985472399580 Active= -51.065763388595 G=     1.61e-06
 ooCMF Iter:   58 Total= -22.985472399580 Active= -51.065763388595 G=     1.53e-06
 ooCMF Iter:   59 Total= -22.985472399580 Active= -51.065763388595 G=     1.41e-06
 ooCMF Iter:   60 Total= -22.985472399580 Active= -51.065763388595 G=     1.61e-06
 ooCMF Iter:   61 Total= -22.985472399581 Active= -51.065763388595 G=     1.86e-06
 ooCMF Iter:   62 Total= -22.985472399581 Active= -51.065763388595 G=     1.38e-06
 ooCMF Iter:   63 Total= -22.985472399581 Active= -51.065763388596 G=     8.77e-07
 ooCMF Iter:   64 Total= -22.985472399581 Active= -51.065763388596 G=     4.88e-07
 ooCMF Iter:   65 Total= -22.985472399581 Active= -51.065763388596 G=     4.93e-07
 ooCMF Iter:   66 Total= -22.985472399581 Active= -51.065763388596 G=     4.11e-07
 ooCMF Iter:   67 Total= -22.985472399581 Active= -51.065763388596 G=     2.89e-07
 ooCMF Iter:   68 Total= -22.985472399581 Active= -51.065763388596 G=     5.16e-07
 ooCMF Iter:   69 Total= -22.985472399581 Active= -51.065763388595 G=     6.78e-07
 ooCMF Iter:   70 Total= -22.985472399581 Active= -51.065763388596 G=     7.09e-07
 ooCMF Iter:   71 Total= -22.985472399581 Active= -51.065763388596 G=     2.56e-07
 ooCMF Iter:   72 Total= -22.985472399581 Active= -51.065763388596 G=     2.55e-07
 ooCMF Iter:   73 Total= -22.985472399581 Active= -51.065763388596 G=     1.97e-07
 ooCMF Iter:   74 Total= -22.985472399581 Active= -51.065763388596 G=     1.75e-07
 ooCMF Iter:   75 Total= -22.985472399581 Active= -51.065763388596 G=     1.51e-07
 ooCMF Iter:   76 Total= -22.985472399581 Active= -51.065763388596 G=     4.96e-08
 * Status: success

 * Candidate solution
    Final objective value:     -2.298547e+01

 * Found with
    Algorithm:     BFGS

 * Convergence measures
    |x - x'|               = 1.24e-08 ≰ 0.0e+00
    |x - x'|/|x'|          = 2.11e-07 ≰ 0.0e+00
    |f(x) - f(x')|         = 8.88e-14 ≰ 0.0e+00
    |f(x) - f(x')|/|f(x')| = 3.86e-15 ≰ 0.0e+00
    |g(x)|                 = 9.39e-09 ≤ 1.0e-08

 * Work counters
    Seconds run:   63  (vs limit Inf)
    Iterations:    75
    f(x) calls:    158
    ∇f(x) calls:   158

*ooCMF -22.98547240 
 63.879942 seconds (23.61 M allocations: 50.492 GiB, 8.24% gc time)
 ooCMF Iter:    1 Total= -22.769747279941 Active= -50.850038268956 G=     2.09e+00
 ooCMF Iter:    2 Total= -22.975727498716 Active= -51.056018487731 G=     4.16e-01
 ooCMF Iter:    3 Total= -22.984298220318 Active= -51.064589209333 G=     4.33e-02
 ooCMF Iter:    4 Total= -22.984382486268 Active= -51.064673475282 G=     1.59e-02
 ooCMF Iter:    5 Total= -22.984445041122 Active= -51.064736030137 G=     3.26e-02
 ooCMF Iter:    6 Total= -22.985065679075 Active= -51.065356668090 G=     5.28e-02
 ooCMF Iter:    7 Total= -22.985445981171 Active= -51.065736970186 G=     1.83e-02
 ooCMF Iter:    8 Total= -22.985465835287 Active= -51.065756824302 G=     7.07e-03
 ooCMF Iter:    9 Total= -22.985468085632 Active= -51.065759074646 G=     1.87e-03
 ooCMF Iter:   10 Total= -22.985468364526 Active= -51.065759353541 G=     1.48e-03
 ooCMF Iter:   11 Total= -22.985468941660 Active= -51.065759930674 G=     2.89e-03
 ooCMF Iter:   12 Total= -22.985470966897 Active= -51.065761955912 G=     3.04e-03
 ooCMF Iter:   13 Total= -22.985471484970 Active= -51.065762473985 G=     9.83e-04
 ooCMF Iter:   14 Total= -22.985471551541 Active= -51.065762540555 G=     5.77e-04
 ooCMF Iter:   15 Total= -22.985471605869 Active= -51.065762594884 G=     9.43e-04
 ooCMF Iter:   16 Total= -22.985471823138 Active= -51.065762812153 G=     2.65e-03
 ooCMF Iter:   17 Total= -22.985472274093 Active= -51.065763263108 G=     1.10e-03
 ooCMF Iter:   18 Total= -22.985472332006 Active= -51.065763321020 G=     3.41e-04
 ooCMF Iter:   19 Total= -22.985472338732 Active= -51.065763327747 G=     1.92e-04
 ooCMF Iter:   20 Total= -22.985472343412 Active= -51.065763332427 G=     2.56e-04
 ooCMF Iter:   21 Total= -22.985472364509 Active= -51.065763353524 G=     4.63e-04
 ooCMF Iter:   22 Total= -22.985472379997 Active= -51.065763369012 G=     2.16e-04
 ooCMF Iter:   23 Total= -22.985472382883 Active= -51.065763371898 G=     7.91e-05
 ooCMF Iter:   24 Total= -22.985472383294 Active= -51.065763372309 G=     6.28e-05
 ooCMF Iter:   25 Total= -22.985472385002 Active= -51.065763374017 G=     1.69e-04
 ooCMF Iter:   26 Total= -22.985472391583 Active= -51.065763380597 G=     2.81e-04
 ooCMF Iter:   27 Total= -22.985472397263 Active= -51.065763386277 G=     7.78e-05
 ooCMF Iter:   28 Total= -22.985472397567 Active= -51.065763386582 G=     3.30e-05
 ooCMF Iter:   29 Total= -22.985472397646 Active= -51.065763386661 G=     2.17e-05
 ooCMF Iter:   30 Total= -22.985472397751 Active= -51.065763386766 G=     4.37e-05
 ooCMF Iter:   31 Total= -22.985472398370 Active= -51.065763387385 G=     8.39e-05
 ooCMF Iter:   32 Total= -22.985472399059 Active= -51.065763388074 G=     4.63e-05
 ooCMF Iter:   33 Total= -22.985472399192 Active= -51.065763388207 G=     2.05e-05
 ooCMF Iter:   34 Total= -22.985472399221 Active= -51.065763388235 G=     1.58e-05
 ooCMF Iter:   35 Total= -22.985472399281 Active= -51.065763388295 G=     3.20e-05
 ooCMF Iter:   36 Total= -22.985472399432 Active= -51.065763388447 G=     3.90e-05
 ooCMF Iter:   37 Total= -22.985472399542 Active= -51.065763388557 G=     1.73e-05
 ooCMF Iter:   38 Total= -22.985472399559 Active= -51.065763388574 G=     8.07e-06
 ooCMF Iter:   39 Total= -22.985472399561 Active= -51.065763388576 G=     5.30e-06
 ooCMF Iter:   40 Total= -22.985472399562 Active= -51.065763388577 G=     2.52e-06
 ooCMF Iter:   41 Total= -22.985472399564 Active= -51.065763388579 G=     5.55e-06
 ooCMF Iter:   42 Total= -22.985472399572 Active= -51.065763388587 G=     7.00e-06
 ooCMF Iter:   43 Total= -22.985472399576 Active= -51.065763388591 G=     1.93e-06
 ooCMF Iter:   44 Total= -22.985472399576 Active= -51.065763388591 G=     1.21e-06
 ooCMF Iter:   45 Total= -22.985472399576 Active= -51.065763388591 G=     2.24e-06
 ooCMF Iter:   46 Total= -22.985472399578 Active= -51.065763388592 G=     4.31e-06
 ooCMF Iter:   47 Total= -22.985472399580 Active= -51.065763388594 G=     1.90e-06
 ooCMF Iter:   48 Total= -22.985472399580 Active= -51.065763388595 G=     8.60e-07
 ooCMF Iter:   49 Total= -22.985472399580 Active= -51.065763388595 G=     1.20e-06
 ooCMF Iter:   50 Total= -22.985472399580 Active= -51.065763388595 G=     1.17e-06
 ooCMF Iter:   51 Total= -22.985472399580 Active= -51.065763388595 G=     6.63e-07
 ooCMF Iter:   52 Total= -22.985472399581 Active= -51.065763388595 G=     4.72e-07
 ooCMF Iter:   53 Total= -22.985472399580 Active= -51.065763388595 G=     5.36e-07
 ooCMF Iter:   54 Total= -22.985472399581 Active= -51.065763388595 G=     7.69e-07
 ooCMF Iter:   55 Total= -22.985472399581 Active= -51.065763388595 G=     9.77e-07
 ooCMF Iter:   56 Total= -22.985472399581 Active= -51.065763388595 G=     7.20e-07
 ooCMF Iter:   57 Total= -22.985472399581 Active= -51.065763388596 G=     4.41e-07
 ooCMF Iter:   58 Total= -22.985472399581 Active= -51.065763388596 G=     4.82e-07
 ooCMF Iter:   59 Total= -22.985472399581 Active= -51.065763388595 G=     7.23e-07
 ooCMF Iter:   60 Total= -22.985472399581 Active= -51.065763388596 G=     7.89e-07
 ooCMF Iter:   61 Total= -22.985472399581 Active= -51.065763388596 G=     4.59e-07
 ooCMF Iter:   62 Total= -22.985472399581 Active= -51.065763388596 G=     2.61e-07
 ooCMF Iter:   63 Total= -22.985472399581 Active= -51.065763388596 G=     2.04e-07
 ooCMF Iter:   64 Total= -22.985472399581 Active= -51.065763388596 G=     2.63e-07
 ooCMF Iter:   65 Total= -22.985472399581 Active= -51.065763388596 G=     3.16e-07
 ooCMF Iter:   66 Total= -22.985472399581 Active= -51.065763388596 G=     2.45e-07
 ooCMF Iter:   67 Total= -22.985472399581 Active= -51.065763388596 G=     1.36e-07
 ooCMF Iter:   68 Total= -22.985472399581 Active= -51.065763388596 G=     1.06e-07
 ooCMF Iter:   69 Total= -22.985472399581 Active= -51.065763388596 G=     1.33e-07
 ooCMF Iter:   70 Total= -22.985472399581 Active= -51.065763388596 G=     2.10e-07
 ooCMF Iter:   71 Total= -22.985472399581 Active= -51.065763388596 G=     1.86e-07
 ooCMF Iter:   72 Total= -22.985472399581 Active= -51.065763388596 G=     1.11e-07
 ooCMF Iter:   73 Total= -22.985472399581 Active= -51.065763388596 G=     8.05e-08
 ooCMF Iter:   74 Total= -22.985472399581 Active= -51.065763388596 G=     9.75e-08
 ooCMF Iter:   75 Total= -22.985472399581 Active= -51.065763388596 G=     1.17e-07
 ooCMF Iter:   76 Total= -22.985472399581 Active= -51.065763388596 G=     1.11e-07
 ooCMF Iter:   77 Total= -22.985472399581 Active= -51.065763388596 G=     7.18e-08
 * Status: success (objective increased between iterations)

 * Candidate solution
    Final objective value:     -2.298547e+01

 * Found with
    Algorithm:     Conjugate Gradient

 * Convergence measures
    |x - x'|               = 9.79e-09 ≰ 0.0e+00
    |x - x'|/|x'|          = 1.67e-07 ≰ 0.0e+00
    |f(x) - f(x')|         = 8.17e-14 ≰ 0.0e+00
    |f(x) - f(x')|/|f(x')| = 3.55e-15 ≰ 0.0e+00
    |g(x)|                 = 9.17e-09 ≤ 1.0e-08

 * Work counters
    Seconds run:   55  (vs limit Inf)
    Iterations:    76
    f(x) calls:    200
    ∇f(x) calls:   137

*ooCMF -22.98547240 
 55.110207 seconds (19.34 M allocations: 48.195 GiB, 8.17% gc time)
 Step:    1 E: -22.769747279941 G: 2.1e+00
 Step:    2 E: -22.974971685515 G: 4.6e-01
 Step:    3 E: -22.983805040645 G: 1.2e-01
 Step:    4 E: -22.984341999132 G: 3.9e-02
 Step:    5 E: -22.984404665760 G: 1.9e-02
 Step:    6 E: -22.984428013680 G: 1.4e-02
 Step:    7 E: -22.984446553943 G: 1.3e-02
 Step:    8 E: -22.984464142247 G: 1.3e-02
 Step:    9 E: -22.984481331585 G: 1.3e-02
 Step:   10 E: -22.984498215924 G: 1.3e-02
 Step:   11 E: -22.984514815433 G: 1.3e-02
 Step:   12 E: -22.984531137453 G: 1.3e-02
 Step:   13 E: -22.984547186959 G: 1.3e-02
 Step:   14 E: -22.984562968434 G: 1.2e-02
 Step:   15 E: -22.984578486215 G: 1.2e-02
 Step:   16 E: -22.984593744559 G: 1.2e-02
 Step:   17 E: -22.984608747656 G: 1.2e-02
 Step:   18 E: -22.984623499631 G: 1.2e-02
 Step:   19 E: -22.984638004544 G: 1.2e-02
 Step:   20 E: -22.984652266398 G: 1.2e-02
 Step:   21 E: -22.984666289131 G: 1.2e-02
 Step:   22 E: -22.984680076621 G: 1.2e-02
 Step:   23 E: -22.984693632688 G: 1.2e-02
 Step:   24 E: -22.984706961094 G: 1.1e-02
 Step:   25 E: -22.984720065540 G: 1.1e-02
 Step:   26 E: -22.984732949674 G: 1.1e-02
 Step:   27 E: -22.984745617084 G: 1.1e-02
 Step:   28 E: -22.984758071306 G: 1.1e-02
 Step:   29 E: -22.984770315819 G: 1.1e-02
 Step:   30 E: -22.984782354050 G: 1.1e-02
 Step:   31 E: -22.984794189370 G: 1.1e-02
 Step:   32 E: -22.984805825101 G: 1.1e-02
 Step:   33 E: -22.984817264512 G: 1.1e-02
 Step:   34 E: -22.984828510820 G: 1.1e-02
 Step:   35 E: -22.984839567194 G: 1.0e-02
 Step:   36 E: -22.984850436752 G: 1.0e-02
 Step:   37 E: -22.984861122564 G: 1.0e-02
 Step:   38 E: -22.984871627652 G: 1.0e-02
 Step:   39 E: -22.984881954989 G: 1.0e-02
 Step:   40 E: -22.984892107505 G: 1.0e-02
 Step:   41 E: -22.984902088079 G: 9.9e-03
 Step:   42 E: -22.984911899549 G: 9.8e-03
 .......................................
  Step: 1653 E: -22.985472399581 G: 1.0e-07
 Step: 1654 E: -22.985472399581 G: 1.0e-07
 Step: 1655 E: -22.985472399582 G: 1.0e-07
 Step: 1656 E: -22.985472399582 G: 1.0e-07
 Step: 1657 E: -22.985472399582 G: 1.0e-07
 Step: 1658 E: -22.985472399581 G: 1.0e-07
 Step: 1659 E: -22.985472399581 G: 1.0e-07
 Step: 1660 E: -22.985472399582 G: 9.9e-08
 Step: 1661 E: -22.985472399582 G: 9.9e-08
 Step: 1662 E: -22.985472399582 G: 9.9e-08
 Step: 1663 E: -22.985472399581 G: 9.8e-08
 Step: 1664 E: -22.985472399582 G: 9.8e-08
 Step: 1665 E: -22.985472399582 G: 9.7e-08
 Step: 1666 E: -22.985472399582 G: 9.7e-08
 Step: 1667 E: -22.985472399581 G: 9.6e-08
 Step: 1668 E: -22.985472399582 G: 9.6e-08
 Step: 1669 E: -22.985472399581 G: 9.5e-08
 Step: 1670 E: -22.985472399582 G: 9.5e-08
 Step: 1671 E: -22.985472399582 G: 9.4e-08
 Step: 1672 E: -22.985472399582 G: 9.4e-08
 Step: 1673 E: -22.985472399582 G: 9.4e-08
 Step: 1674 E: -22.985472399582 G: 9.3e-08
 Step: 1675 E: -22.985472399582 G: 9.3e-08
 Step: 1676 E: -22.985472399582 G: 9.2e-08
 Step: 1677 E: -22.985472399581 G: 9.2e-08
 Step: 1678 E: -22.985472399582 G: 9.1e-08
 Step: 1679 E: -22.985472399581 G: 9.1e-08
 Step: 1680 E: -22.985472399582 G: 9.0e-08
 Step: 1681 E: -22.985472399582 G: 9.0e-08
 Step: 1682 E: -22.985472399582 G: 9.0e-08
 Step: 1683 E: -22.985472399581 G: 8.9e-08
 Step: 1684 E: -22.985472399582 G: 8.9e-08
 Step: 1685 E: -22.985472399582 G: 8.8e-08
 Step: 1686 E: -22.985472399582 G: 8.8e-08
 Step: 1687 E: -22.985472399582 G: 8.8e-08
 Step: 1688 E: -22.985472399581 G: 8.7e-08
 Step: 1689 E: -22.985472399582 G: 8.7e-08
 Step: 1690 E: -22.985472399582 G: 8.6e-08
 Step: 1691 E: -22.985472399582 G: 8.6e-08
 Step: 1692 E: -22.985472399581 G: 8.5e-08
 Step: 1693 E: -22.985472399581 G: 8.5e-08
 Step: 1694 E: -22.985472399581 G: 8.5e-08
 Step: 1695 E: -22.985472399582 G: 8.4e-08
 Step: 1696 E: -22.985472399581 G: 8.4e-08
 Step: 1697 E: -22.985472399581 G: 8.3e-08
 Step: 1698 E: -22.985472399581 G: 8.3e-08
 Step: 1699 E: -22.985472399581 G: 8.3e-08
 Step: 1700 E: -22.985472399582 G: 8.2e-08
 Step: 1701 E: -22.985472399582 G: 8.2e-08
 Step: 1702 E: -22.985472399581 G: 8.2e-08
 Step: 1703 E: -22.985472399582 G: 8.1e-08
 Step: 1704 E: -22.985472399582 G: 8.1e-08
 Step: 1705 E: -22.985472399582 G: 8.0e-08
 Step: 1706 E: -22.985472399582 G: 8.0e-08
 Step: 1707 E: -22.985472399581 G: 8.0e-08
 Step: 1708 E: -22.985472399582 G: 7.9e-08
 Step: 1709 E: -22.985472399582 G: 7.9e-08
 Step: 1710 E: -22.985472399582 G: 7.9e-08
 Step: 1711 E: -22.985472399582 G: 7.8e-08
 Step: 1712 E: -22.985472399581 G: 7.8e-08
 Step: 1713 E: -22.985472399582 G: 7.7e-08
 Step: 1714 E: -22.985472399581 G: 7.7e-08
 Step: 1715 E: -22.985472399582 G: 7.7e-08
 Step: 1716 E: -22.985472399581 G: 7.6e-08
 Step: 1717 E: -22.985472399582 G: 7.6e-08
 Step: 1718 E: -22.985472399582 G: 7.6e-08
 Step: 1719 E: -22.985472399581 G: 7.5e-08
 Step: 1720 E: -22.985472399582 G: 7.5e-08
 Step: 1721 E: -22.985472399581 G: 7.5e-08
 Step: 1722 E: -22.985472399581 G: 7.4e-08
 Step: 1723 E: -22.985472399581 G: 7.4e-08
 Step: 1724 E: -22.985472399581 G: 7.3e-08
 Step: 1725 E: -22.985472399581 G: 7.3e-08
 Step: 1726 E: -22.985472399581 G: 7.3e-08
 Step: 1727 E: -22.985472399581 G: 7.2e-08
 Step: 1728 E: -22.985472399581 G: 7.2e-08
 Step: 1729 E: -22.985472399581 G: 7.2e-08
 Step: 1730 E: -22.985472399581 G: 7.1e-08
 Step: 1731 E: -22.985472399581 G: 7.1e-08
 Step: 1732 E: -22.985472399581 G: 7.1e-08
 Step: 1733 E: -22.985472399581 G: 7.0e-08
 Step: 1734 E: -22.985472399582 G: 7.0e-08
 Step: 1735 E: -22.985472399582 G: 7.0e-08
 Step: 1736 E: -22.985472399581 G: 6.9e-08
 Step: 1737 E: -22.985472399581 G: 6.9e-08
 Step: 1738 E: -22.985472399582 G: 6.9e-08
 Step: 1739 E: -22.985472399581 G: 6.8e-08
 Step: 1740 E: -22.985472399581 G: 6.8e-08
 Step: 1741 E: -22.985472399581 G: 6.8e-08
 Step: 1742 E: -22.985472399581 G: 6.8e-08
 Step: 1743 E: -22.985472399582 G: 6.7e-08
 Step: 1744 E: -22.985472399581 G: 6.7e-08
 Step: 1745 E: -22.985472399582 G: 6.7e-08
 Step: 1746 E: -22.985472399581 G: 6.6e-08
 Step: 1747 E: -22.985472399582 G: 6.6e-08
 Step: 1748 E: -22.985472399582 G: 6.6e-08
 Step: 1749 E: -22.985472399582 G: 6.5e-08
 Step: 1750 E: -22.985472399582 G: 6.5e-08
 Step: 1751 E: -22.985472399582 G: 6.5e-08
 Step: 1752 E: -22.985472399582 G: 6.4e-08
 Step: 1753 E: -22.985472399582 G: 6.4e-08
 Step: 1754 E: -22.985472399582 G: 6.4e-08
 Step: 1755 E: -22.985472399581 G: 6.3e-08
 Step: 1756 E: -22.985472399582 G: 6.3e-08
 Step: 1757 E: -22.985472399582 G: 6.3e-08
 Step: 1758 E: -22.985472399582 G: 6.3e-08
 Step: 1759 E: -22.985472399582 G: 6.2e-08
 Step: 1760 E: -22.985472399582 G: 6.2e-08
 Step: 1761 E: -22.985472399582 G: 6.2e-08
 Step: 1762 E: -22.985472399581 G: 6.1e-08
 Step: 1763 E: -22.985472399582 G: 6.1e-08
 Step: 1764 E: -22.985472399582 G: 6.1e-08
 Step: 1765 E: -22.985472399581 G: 6.1e-08
 Step: 1766 E: -22.985472399582 G: 6.0e-08
 Step: 1767 E: -22.985472399582 G: 6.0e-08
 Step: 1768 E: -22.985472399582 G: 6.0e-08
 Step: 1769 E: -22.985472399582 G: 5.9e-08
 Step: 1770 E: -22.985472399582 G: 5.9e-08
 Step: 1771 E: -22.985472399581 G: 5.9e-08
 Step: 1772 E: -22.985472399582 G: 5.9e-08
 Step: 1773 E: -22.985472399581 G: 5.8e-08
 Step: 1774 E: -22.985472399582 G: 5.8e-08
 Step: 1775 E: -22.985472399582 G: 5.8e-08
 Step: 1776 E: -22.985472399582 G: 5.8e-08
 Step: 1777 E: -22.985472399582 G: 5.7e-08
 Step: 1778 E: -22.985472399582 G: 5.7e-08
 Step: 1779 E: -22.985472399582 G: 5.7e-08
 Step: 1780 E: -22.985472399582 G: 5.6e-08
 Step: 1781 E: -22.985472399582 G: 5.6e-08
 Step: 1782 E: -22.985472399582 G: 5.6e-08
 Step: 1783 E: -22.985472399582 G: 5.6e-08
 Step: 1784 E: -22.985472399582 G: 5.5e-08
 Step: 1785 E: -22.985472399582 G: 5.5e-08
 Step: 1786 E: -22.985472399581 G: 5.5e-08
 Step: 1787 E: -22.985472399582 G: 5.5e-08
 Step: 1788 E: -22.985472399582 G: 5.4e-08
 Step: 1789 E: -22.985472399582 G: 5.4e-08
 Step: 1790 E: -22.985472399582 G: 5.4e-08
 Step: 1791 E: -22.985472399582 G: 5.4e-08
 Step: 1792 E: -22.985472399582 G: 5.3e-08
 Step: 1793 E: -22.985472399582 G: 5.3e-08
 Step: 1794 E: -22.985472399582 G: 5.3e-08
 Step: 1795 E: -22.985472399582 G: 5.3e-08
 Step: 1796 E: -22.985472399582 G: 5.2e-08
 Step: 1797 E: -22.985472399582 G: 5.2e-08
 Step: 1798 E: -22.985472399582 G: 5.2e-08
 Step: 1799 E: -22.985472399582 G: 5.2e-08
 Step: 1800 E: -22.985472399582 G: 5.1e-08
410.971616 seconds (68.38 M allocations: 367.380 GiB, 8.15% gc time)
 Solve OO-CMF with DIIS
 ooCMF Iter:    1 Total= -22.974971685515 G=    4.571e-01 #SS:    1
 ooCMF Iter:    2 Total= -22.984006712909 G=    8.908e-02 #SS:    2
 ooCMF Iter:    3 Total= -22.984390327180 G=    1.943e-02 #SS:    3
 ooCMF Iter:    4 Total= -22.984412061077 G=    1.351e-02 #SS:    4
 ooCMF Iter:    5 Total= -22.984431553271 G=    1.335e-02 #SS:    5
 ooCMF Iter:    6 Total= -22.984474955930 G=    1.307e-02 #SS:    6
 ooCMF Iter:    7 Total= -22.985337252755 G=    5.194e-03 #SS:    7
 ooCMF Iter:    8 Total= -22.985467624874 G=    1.375e-03 #SS:    8
 ooCMF Iter:    9 Total= -22.985468266964 G=    1.093e-03 #SS:    9
 ooCMF Iter:   10 Total= -22.985468452023 G=    1.064e-03 #SS:   10
 ooCMF Iter:   11 Total= -22.985469304507 G=    9.161e-04 #SS:   11
 ooCMF Iter:   12 Total= -22.985471357150 G=    4.474e-04 #SS:   12
 ooCMF Iter:   13 Total= -22.985471480607 G=    4.263e-04 #SS:   13
 ooCMF Iter:   14 Total= -22.985471566373 G=    4.064e-04 #SS:   14
 ooCMF Iter:   15 Total= -22.985472000886 G=    2.798e-04 #SS:   15
 ooCMF Iter:   16 Total= -22.985472368056 G=    6.750e-05 #SS:   16
 ooCMF Iter:   17 Total= -22.985472372850 G=    5.663e-05 #SS:   17
 ooCMF Iter:   18 Total= -22.985472373223 G=    5.604e-05 #SS:   18
 ooCMF Iter:   19 Total= -22.985472377376 G=    4.968e-05 #SS:   19
 ooCMF Iter:   20 Total= -22.985472387242 G=    3.672e-05 #SS:   20
 ooCMF Iter:   21 Total= -22.985472387899 G=    3.620e-05 #SS:   21
 ooCMF Iter:   22 Total= -22.985472388981 G=    3.463e-05 #SS:   22
 ooCMF Iter:   23 Total= -22.985472397573 G=    1.533e-05 #SS:   23
 ooCMF Iter:   24 Total= -22.985472398696 G=    1.150e-05 #SS:   24
 ooCMF Iter:   25 Total= -22.985472398723 G=    1.135e-05 #SS:   24
 ooCMF Iter:   26 Total= -22.985472398939 G=    1.000e-05 #SS:   24
 ooCMF Iter:   27 Total= -22.985472399564 G=    2.480e-06 #SS:   24
 ooCMF Iter:   28 Total= -22.985472399574 G=    1.085e-06 #SS:   24
 ooCMF Iter:   29 Total= -22.985472399574 G=    1.049e-06 #SS:   24
 ooCMF Iter:   30 Total= -22.985472399574 G=    1.032e-06 #SS:   24
 ooCMF Iter:   31 Total= -22.985472399578 G=    6.459e-07 #SS:   24
 ooCMF Iter:   32 Total= -22.985472399580 G=    2.819e-07 #SS:   24
 ooCMF Iter:   33 Total= -22.985472399580 G=    2.754e-07 #SS:   24
 ooCMF Iter:   34 Total= -22.985472399580 G=    2.707e-07 #SS:   24
 ooCMF Iter:   35 Total= -22.985472399580 G=    2.188e-07 #SS:   24
 ooCMF Iter:   36 Total= -22.985472399581 G=    1.569e-07 #SS:   24
 ooCMF Iter:   37 Total= -22.985472399581 G=    8.284e-08 #SS:   24
 ooCMF Iter:   38 Total= -22.985472399581 G=    7.999e-08 #SS:   24
 ooCMF Iter:   39 Total= -22.985472399581 G=    7.886e-08 #SS:   24
 ooCMF Iter:   40 Total= -22.985472399581 G=    6.922e-08 #SS:   24
 ooCMF Iter:   41 Total= -22.985472399581 G=    6.318e-08 #SS:   24
 ooCMF Iter:   42 Total= -22.985472399581 G=    5.400e-08 #SS:   24
 ooCMF Iter:   43 Total= -22.985472399581 G=    1.973e-08 #SS:   24
 ooCMF Iter:   44 Total= -22.985472399581 G=    1.359e-08 #SS:   24
 ooCMF Iter:   45 Total= -22.985472399581 G=    1.221e-08 #SS:   24
*ooCMF Iter:   46 Total= -22.985472399581 G=    9.042e-09 #SS:   24
 24.059383 seconds (20.95 M allocations: 25.033 GiB, 8.86% gc time)
 Solve OO-CMF with DIIS
 ooCMF Iter:    1 Total= -22.957052345076 G=    6.155e-01 #SS:    1
 ooCMF Iter:    2 Total= -22.975525431638 G=    4.164e-01 #SS:    2
 ooCMF Iter:    3 Total= -22.980314076681 G=    2.911e-01 #SS:    3
 ooCMF Iter:    4 Total= -22.983862362603 G=    1.663e-01 #SS:    4
 ooCMF Iter:    5 Total= -22.985144068425 G=    7.333e-02 #SS:    5
 ooCMF Iter:    6 Total= -22.985399651119 G=    3.902e-02 #SS:    6
 ooCMF Iter:    7 Total= -22.985444219131 G=    2.424e-02 #SS:    7
 ooCMF Iter:    8 Total= -22.985470001971 G=    6.910e-03 #SS:    8
 ooCMF Iter:    9 Total= -22.985471975240 G=    2.925e-03 #SS:    9
 ooCMF Iter:   10 Total= -22.985472244472 G=    1.776e-03 #SS:   10
 ooCMF Iter:   11 Total= -22.985472389898 G=    4.481e-04 #SS:   11
 ooCMF Iter:   12 Total= -22.985472389937 G=    4.468e-04 #SS:   12
 ooCMF Iter:   13 Total= -22.985472389960 G=    4.463e-04 #SS:   13
 ooCMF Iter:   14 Total= -22.985472394532 G=    3.422e-04 #SS:   14
 ooCMF Iter:   15 Total= -22.985472397954 G=    1.902e-04 #SS:   15
 ooCMF Iter:   16 Total= -22.985472399537 G=    2.971e-05 #SS:   16
 ooCMF Iter:   17 Total= -22.985472399570 G=    1.538e-05 #SS:   17
 ooCMF Iter:   18 Total= -22.985472399578 G=    7.846e-06 #SS:   18
 ooCMF Iter:   19 Total= -22.985472399580 G=    2.658e-06 #SS:   19
 ooCMF Iter:   20 Total= -22.985472399581 G=    2.208e-06 #SS:   20
 ooCMF Iter:   21 Total= -22.985472399581 G=    1.953e-06 #SS:   21
 ooCMF Iter:   22 Total= -22.985472399581 G=    1.891e-06 #SS:   22
 ooCMF Iter:   23 Total= -22.985472399581 G=    1.864e-06 #SS:   23
 ooCMF Iter:   24 Total= -22.985472399581 G=    1.849e-06 #SS:   24
 ooCMF Iter:   25 Total= -22.985472399581 G=    1.651e-06 #SS:   24
 ooCMF Iter:   26 Total= -22.985472399581 G=    2.702e-06 #SS:   24
 ooCMF Iter:   27 Total= -22.985472399581 G=    2.059e-06 #SS:   24
 ooCMF Iter:   28 Total= -22.985472399581 G=    3.855e-07 #SS:   24
 ooCMF Iter:   29 Total= -22.985472399581 G=    2.340e-07 #SS:   24
 ooCMF Iter:   30 Total= -22.985472399581 G=    2.278e-07 #SS:   24
 ooCMF Iter:   31 Total= -22.985472399581 G=    2.221e-07 #SS:   24
 ooCMF Iter:   32 Total= -22.985472399581 G=    2.162e-07 #SS:   24
 ooCMF Iter:   33 Total= -22.985472399581 G=    2.111e-07 #SS:   24
 ooCMF Iter:   34 Total= -22.985472399581 G=    2.112e-07 #SS:   24
 ooCMF Iter:   35 Total= -22.985472399581 G=    2.139e-07 #SS:   24
 ooCMF Iter:   36 Total= -22.985472399581 G=    2.772e-07 #SS:   24
 ooCMF Iter:   37 Total= -22.985472399581 G=    1.787e-07 #SS:   24
 ooCMF Iter:   38 Total= -22.985472399581 G=    3.187e-08 #SS:   24
 ooCMF Iter:   39 Total= -22.985472399581 G=    1.199e-08 #SS:   24
*ooCMF Iter:   40 Total= -22.985472399581 G=    6.944e-09 #SS:   24
 43.579225 seconds (16.43 M allocations: 26.568 GiB, 5.32% gc time)
 Solve OO-CMF with DIIS
 ooCMF Iter:    1 Total= -22.984049017870 G=    5.532e-02 #SS:    1
 ooCMF Iter:    2 Total= -22.985164865948 G=    5.968e-02 #SS:    2
 ooCMF Iter:    3 Total= -22.985470983510 G=    4.827e-03 #SS:    3
 ooCMF Iter:    4 Total= -22.985472291887 G=    6.321e-04 #SS:    4
 ooCMF Iter:    5 Total= -22.985472389777 G=    1.749e-04 #SS:    5
 ooCMF Iter:    6 Total= -22.985472399374 G=    3.214e-05 #SS:    6
 ooCMF Iter:    7 Total= -22.985472399577 G=    7.844e-06 #SS:    7
 ooCMF Iter:    8 Total= -22.985472399581 G=    1.049e-06 #SS:    8
 ooCMF Iter:    9 Total= -22.985472399581 G=    1.226e-07 #SS:    9
 ooCMF Iter:   10 Total= -22.985472399581 G=    1.595e-08 #SS:   10
*ooCMF Iter:   11 Total= -22.985472399581 G=    9.004e-09 #SS:   11
 20.286329 seconds (2.46 M allocations: 7.715 GiB, 2.71% gc time)
 Solve OO-CMF with newton
 Step:    1 E: -22.769747279941 G:     2.09e+00  
 Step:    2 E: -22.984049017870 G:     5.53e-02  
 Step:    3 E: -22.985471928374 G:     6.20e-04  
 Step:    4 E: -22.985472398839 G:     2.13e-05  
 Step:    5 E: -22.985472399580 G:     1.03e-06  
 Step:    6 E: -22.985472399581 G:     4.95e-08  
 Step:    7 E: -22.985472399581 G:     2.42e-09  
 10.469130 seconds (1.31 M allocations: 2.427 GiB, 1.75% gc time)
 Solve OO-CMF with newton
 Step:    1 E: -22.769747279941 G:     2.09e+00  
 Step:    2 E: -22.957052345076 G:     6.16e-01  
 Step:    3 E: -22.985237216543 G:     3.50e-02  
 Step:    4 E: -22.985472380058 G:     3.08e-04  
 Step:    5 E: -22.985472399569 G:     1.77e-06  
 Step:    6 E: -22.985472399581 G:     5.83e-08  
 Step:    7 E: -22.985472399581 G:     2.05e-09  
  5.466499 seconds (631.57 k allocations: 2.394 GiB, 3.68% gc time)