IDX001:DIM1024:001|002|003|004|005|
IDX002:DIM1024:006|007|008|009|010|
IDX003:DIM1024:011|012|013|014|015|
IDX004:DIM1024:016|017|018|019|020|
IDX005:DIM1024:021|022|023|024|025|
IDX006:DIM1024:026|027|028|029|030|
IDX007:DIM1024:031|032|033|034|035|
IDX008:DIM1024:036|037|038|039|040|
(40, 40) ooCMF Iter:    1 Total= -22.820252111598 Active= -47.044763704675 G=     1.96e+00
 ooCMF Iter:    2 Total= -22.954090608523 Active= -47.178602201600 G=     1.14e+00
 ooCMF Iter:    3 Total= -22.971947505217 Active= -47.196459098294 G=     8.48e-01
 ooCMF Iter:    4 Total= -23.003658213865 Active= -47.228169806941 G=     3.18e-01
 ooCMF Iter:    5 Total= -23.008037613691 Active= -47.232549206767 G=     5.94e-02
 ooCMF Iter:    6 Total= -23.008211498640 Active= -47.232723091717 G=     1.54e-02
 ooCMF Iter:    7 Total= -23.008245998512 Active= -47.232757591588 G=     2.69e-02
 ooCMF Iter:    8 Total= -23.008688348915 Active= -47.233199941991 G=     6.20e-02
 ooCMF Iter:    9 Total= -23.008981042997 Active= -47.233492636074 G=     3.09e-02
 ooCMF Iter:   10 Total= -23.008996903229 Active= -47.233508496306 G=     2.54e-02
 ooCMF Iter:   11 Total= -23.009019494212 Active= -47.233531087288 G=     1.29e-02
 ooCMF Iter:   12 Total= -23.009027142212 Active= -47.233538735289 G=     2.79e-03
 ooCMF Iter:   13 Total= -23.009027631570 Active= -47.233539224647 G=     1.67e-03
 ooCMF Iter:   14 Total= -23.009028280492 Active= -47.233539873569 G=     2.78e-03
 ooCMF Iter:   15 Total= -23.009028811210 Active= -47.233540404286 G=     1.61e-03
 ooCMF Iter:   16 Total= -23.009028954560 Active= -47.233540547636 G=     1.25e-03
 ooCMF Iter:   17 Total= -23.009029692105 Active= -47.233541285182 G=     2.61e-03
 ooCMF Iter:   18 Total= -23.009030082598 Active= -47.233541675675 G=     1.97e-03
 ooCMF Iter:   19 Total= -23.009030175458 Active= -47.233541768535 G=     1.79e-03
 ooCMF Iter:   20 Total= -23.009030392296 Active= -47.233541985372 G=     1.14e-03
 ooCMF Iter:   21 Total= -23.009030471521 Active= -47.233542064597 G=     6.25e-04
 ooCMF Iter:   22 Total= -23.009030513226 Active= -47.233542106303 G=     1.04e-03
 ooCMF Iter:   23 Total= -23.009030613565 Active= -47.233542206641 G=     9.74e-04
 ooCMF Iter:   24 Total= -23.009030645056 Active= -47.233542238133 G=     6.87e-04
 ooCMF Iter:   25 Total= -23.009030686595 Active= -47.233542279671 G=     6.20e-04
 ooCMF Iter:   26 Total= -23.009030716354 Active= -47.233542309431 G=     3.04e-04
 ooCMF Iter:   27 Total= -23.009030719595 Active= -47.233542312671 G=     2.60e-04
 ooCMF Iter:   28 Total= -23.009030723640 Active= -47.233542316716 G=     2.08e-04
 ooCMF Iter:   29 Total= -23.009030725131 Active= -47.233542318208 G=     8.51e-05
 ooCMF Iter:   30 Total= -23.009030725526 Active= -47.233542318602 G=     7.06e-05
 ooCMF Iter:   31 Total= -23.009030726429 Active= -47.233542319506 G=     1.04e-04
 ooCMF Iter:   32 Total= -23.009030726843 Active= -47.233542319919 G=     1.17e-04
 ooCMF Iter:   33 Total= -23.009030727511 Active= -47.233542320587 G=     1.39e-04
 ooCMF Iter:   34 Total= -23.009030728766 Active= -47.233542321843 G=     7.42e-05
 ooCMF Iter:   35 Total= -23.009030729254 Active= -47.233542322330 G=     5.26e-05
 ooCMF Iter:   36 Total= -23.009030730588 Active= -47.233542323665 G=     1.11e-04
 ooCMF Iter:   37 Total= -23.009030730900 Active= -47.233542323976 G=     9.38e-05
 ooCMF Iter:   38 Total= -23.009030731110 Active= -47.233542324187 G=     7.53e-05
 ooCMF Iter:   39 Total= -23.009030731389 Active= -47.233542324466 G=     2.84e-05
 ooCMF Iter:   40 Total= -23.009030731444 Active= -47.233542324521 G=     1.66e-05
 ooCMF Iter:   41 Total= -23.009030731587 Active= -47.233542324664 G=     3.87e-05
 ooCMF Iter:   42 Total= -23.009030731607 Active= -47.233542324683 G=     3.66e-05
 ooCMF Iter:   43 Total= -23.009030731687 Active= -47.233542324763 G=     2.56e-05
 ooCMF Iter:   44 Total= -23.009030731748 Active= -47.233542324824 G=     1.45e-05
 ooCMF Iter:   45 Total= -23.009030731771 Active= -47.233542324847 G=     2.52e-05
 ooCMF Iter:   46 Total= -23.009030731820 Active= -47.233542324896 G=     2.74e-05
 ooCMF Iter:   47 Total= -23.009030731830 Active= -47.233542324907 G=     2.45e-05
 ooCMF Iter:   48 Total= -23.009030731859 Active= -47.233542324935 G=     1.63e-05
 ooCMF Iter:   49 Total= -23.009030731879 Active= -47.233542324956 G=     8.81e-06
 ooCMF Iter:   50 Total= -23.009030731888 Active= -47.233542324964 G=     1.49e-05
 ooCMF Iter:   51 Total= -23.009030731899 Active= -47.233542324975 G=     1.06e-05
 ooCMF Iter:   52 Total= -23.009030731904 Active= -47.233542324981 G=     7.97e-06
 ooCMF Iter:   53 Total= -23.009030731910 Active= -47.233542324986 G=     5.67e-06
 ooCMF Iter:   54 Total= -23.009030731911 Active= -47.233542324987 G=     5.75e-06
 ooCMF Iter:   55 Total= -23.009030731913 Active= -47.233542324990 G=     4.95e-06
 ooCMF Iter:   56 Total= -23.009030731913 Active= -47.233542324990 G=     3.81e-06
 ooCMF Iter:   57 Total= -23.009030731914 Active= -47.233542324991 G=     1.31e-06
 ooCMF Iter:   58 Total= -23.009030731915 Active= -47.233542324991 G=     1.20e-06
 ooCMF Iter:   59 Total= -23.009030731915 Active= -47.233542324991 G=     1.33e-06
 ooCMF Iter:   60 Total= -23.009030731915 Active= -47.233542324991 G=     1.12e-06
 ooCMF Iter:   61 Total= -23.009030731915 Active= -47.233542324991 G=     9.51e-07
 ooCMF Iter:   62 Total= -23.009030731915 Active= -47.233542324991 G=     9.74e-07
 ooCMF Iter:   63 Total= -23.009030731915 Active= -47.233542324992 G=     1.19e-06
 ooCMF Iter:   64 Total= -23.009030731915 Active= -47.233542324992 G=     1.01e-06
 ooCMF Iter:   65 Total= -23.009030731915 Active= -47.233542324992 G=     3.56e-07
 ooCMF Iter:   66 Total= -23.009030731915 Active= -47.233542324992 G=     4.78e-07
 ooCMF Iter:   67 Total= -23.009030731915 Active= -47.233542324992 G=     3.63e-07
 ooCMF Iter:   68 Total= -23.009030731915 Active= -47.233542324992 G=     3.09e-07
 ooCMF Iter:   69 Total= -23.009030731915 Active= -47.233542324992 G=     1.05e-07
 ooCMF Iter:   70 Total= -23.009030731915 Active= -47.233542324992 G=     1.27e-07
 ooCMF Iter:   71 Total= -23.009030731915 Active= -47.233542324992 G=     1.81e-07
 ooCMF Iter:   72 Total= -23.009030731915 Active= -47.233542324992 G=     1.61e-07
 ooCMF Iter:   73 Total= -23.009030731915 Active= -47.233542324992 G=     1.47e-07
 ooCMF Iter:   74 Total= -23.009030731915 Active= -47.233542324992 G=     1.36e-07
 ooCMF Iter:   75 Total= -23.009030731915 Active= -47.233542324992 G=     1.79e-07
 ooCMF Iter:   76 Total= -23.009030731915 Active= -47.233542324992 G=     1.80e-07
 ooCMF Iter:   77 Total= -23.009030731915 Active= -47.233542324992 G=     1.48e-07
 ooCMF Iter:   78 Total= -23.009030731915 Active= -47.233542324992 G=     9.17e-08
 ooCMF Iter:   79 Total= -23.009030731915 Active= -47.233542324992 G=     7.21e-08
 ooCMF Iter:   80 Total= -23.009030731915 Active= -47.233542324992 G=     8.27e-08
 ooCMF Iter:   81 Total= -23.009030731915 Active= -47.233542324992 G=     7.08e-08
 ooCMF Iter:   82 Total= -23.009030731915 Active= -47.233542324992 G=     5.14e-08
 * Status: success

 * Candidate solution
    Final objective value:     -2.300903e+01

 * Found with
    Algorithm:     BFGS

 * Convergence measures
    |x - x'|               = 3.27e-09 ≰ 0.0e+00
    |x - x'|/|x'|          = 8.11e-08 ≰ 0.0e+00
    |f(x) - f(x')|         = 1.60e-13 ≰ 0.0e+00
    |f(x) - f(x')|/|f(x')| = 6.95e-15 ≰ 0.0e+00
    |g(x)|                 = 9.10e-09 ≤ 1.0e-08

 * Work counters
    Seconds run:   66  (vs limit Inf)
    Iterations:    81
    f(x) calls:    169
    ∇f(x) calls:   169

*ooCMF -23.00903073 
 66.508832 seconds (22.94 M allocations: 53.196 GiB, 9.39% gc time)
 ooCMF Iter:    1 Total= -22.820252111598 Active= -47.044763704675 G=     1.96e+00
 ooCMF Iter:    2 Total= -23.001569155931 Active= -47.226080749007 G=     3.64e-01
 ooCMF Iter:    3 Total= -23.008032025720 Active= -47.232543618796 G=     3.65e-02
 ooCMF Iter:    4 Total= -23.008100616778 Active= -47.232612209854 G=     1.52e-02
 ooCMF Iter:    5 Total= -23.008146459164 Active= -47.232658052240 G=     2.80e-02
 ooCMF Iter:    6 Total= -23.008779316768 Active= -47.233290909844 G=     4.40e-02
 ooCMF Iter:    7 Total= -23.008996715778 Active= -47.233508308855 G=     1.91e-02
 ooCMF Iter:    8 Total= -23.009021657619 Active= -47.233533250695 G=     8.26e-03
 ooCMF Iter:    9 Total= -23.009025775559 Active= -47.233537368635 G=     3.77e-03
 ooCMF Iter:   10 Total= -23.009026550350 Active= -47.233538143426 G=     1.59e-03
 ooCMF Iter:   11 Total= -23.009026796528 Active= -47.233538389604 G=     1.78e-03
 ooCMF Iter:   12 Total= -23.009027411052 Active= -47.233539004129 G=     2.25e-03
 ooCMF Iter:   13 Total= -23.009028369385 Active= -47.233539962461 G=     3.70e-03
 ooCMF Iter:   14 Total= -23.009029612012 Active= -47.233541205088 G=     2.99e-03
 ooCMF Iter:   15 Total= -23.009030020481 Active= -47.233541613557 G=     1.01e-03
 ooCMF Iter:   16 Total= -23.009030081373 Active= -47.233541674449 G=     5.31e-04
 ooCMF Iter:   17 Total= -23.009030155930 Active= -47.233541749007 G=     1.09e-03
 ooCMF Iter:   18 Total= -23.009030489446 Active= -47.233542082523 G=     1.49e-03
 ooCMF Iter:   19 Total= -23.009030653090 Active= -47.233542246167 G=     4.61e-04
 ooCMF Iter:   20 Total= -23.009030663343 Active= -47.233542256419 G=     2.66e-04
 ooCMF Iter:   21 Total= -23.009030668520 Active= -47.233542261596 G=     1.59e-04
 ooCMF Iter:   22 Total= -23.009030673893 Active= -47.233542266970 G=     3.54e-04
 ooCMF Iter:   23 Total= -23.009030698998 Active= -47.233542292074 G=     5.15e-04
 ooCMF Iter:   24 Total= -23.009030723496 Active= -47.233542316572 G=     3.14e-04
 ooCMF Iter:   25 Total= -23.009030728483 Active= -47.233542321559 G=     1.18e-04
 ooCMF Iter:   26 Total= -23.009030729186 Active= -47.233542322263 G=     3.86e-05
 ooCMF Iter:   27 Total= -23.009030729295 Active= -47.233542322371 G=     3.39e-05
 ooCMF Iter:   28 Total= -23.009030729553 Active= -47.233542322630 G=     4.84e-05
 ooCMF Iter:   29 Total= -23.009030730087 Active= -47.233542323163 G=     9.72e-05
 ooCMF Iter:   30 Total= -23.009030730942 Active= -47.233542324019 G=     6.12e-05
 ooCMF Iter:   31 Total= -23.009030731164 Active= -47.233542324241 G=     2.32e-05
 ooCMF Iter:   32 Total= -23.009030731201 Active= -47.233542324278 G=     1.64e-05
 ooCMF Iter:   33 Total= -23.009030731218 Active= -47.233542324295 G=     4.69e-05
 ooCMF Iter:   34 Total= -23.009030731400 Active= -47.233542324477 G=     2.80e-05
 ooCMF Iter:   35 Total= -23.009030731479 Active= -47.233542324556 G=     2.68e-05
 ooCMF Iter:   36 Total= -23.009030731575 Active= -47.233542324652 G=     3.40e-05
 ooCMF Iter:   37 Total= -23.009030731671 Active= -47.233542324747 G=     2.84e-05
 ooCMF Iter:   38 Total= -23.009030731727 Active= -47.233542324804 G=     1.80e-05
 ooCMF Iter:   39 Total= -23.009030731748 Active= -47.233542324825 G=     1.05e-05
 ooCMF Iter:   40 Total= -23.009030731756 Active= -47.233542324832 G=     7.29e-06
 ooCMF Iter:   41 Total= -23.009030731761 Active= -47.233542324838 G=     7.43e-06
 ooCMF Iter:   42 Total= -23.009030731766 Active= -47.233542324842 G=     7.10e-06
 ooCMF Iter:   43 Total= -23.009030731773 Active= -47.233542324850 G=     1.48e-05
 ooCMF Iter:   44 Total= -23.009030731810 Active= -47.233542324886 G=     3.57e-05
 ooCMF Iter:   45 Total= -23.009030731892 Active= -47.233542324969 G=     1.32e-05
 ooCMF Iter:   46 Total= -23.009030731900 Active= -47.233542324977 G=     6.14e-06
 ooCMF Iter:   47 Total= -23.009030731903 Active= -47.233542324979 G=     2.20e-06
 ooCMF Iter:   48 Total= -23.009030731903 Active= -47.233542324980 G=     2.55e-06
 ooCMF Iter:   49 Total= -23.009030731905 Active= -47.233542324982 G=     5.51e-06
 ooCMF Iter:   50 Total= -23.009030731910 Active= -47.233542324986 G=     6.09e-06
 ooCMF Iter:   51 Total= -23.009030731912 Active= -47.233542324989 G=     3.77e-06
 ooCMF Iter:   52 Total= -23.009030731913 Active= -47.233542324990 G=     1.24e-06
 ooCMF Iter:   53 Total= -23.009030731913 Active= -47.233542324990 G=     1.18e-06
 ooCMF Iter:   54 Total= -23.009030731914 Active= -47.233542324990 G=     2.70e-06
 ooCMF Iter:   55 Total= -23.009030731915 Active= -47.233542324991 G=     1.81e-06
 ooCMF Iter:   56 Total= -23.009030731915 Active= -47.233542324991 G=     4.02e-07
 ooCMF Iter:   57 Total= -23.009030731915 Active= -47.233542324991 G=     2.41e-07
 ooCMF Iter:   58 Total= -23.009030731915 Active= -47.233542324991 G=     5.37e-07
 ooCMF Iter:   59 Total= -23.009030731915 Active= -47.233542324992 G=     6.70e-07
 ooCMF Iter:   60 Total= -23.009030731915 Active= -47.233542324992 G=     2.13e-07
 ooCMF Iter:   61 Total= -23.009030731915 Active= -47.233542324992 G=     2.25e-07
 ooCMF Iter:   62 Total= -23.009030731915 Active= -47.233542324992 G=     7.65e-07
 ooCMF Iter:   63 Total= -23.009030731915 Active= -47.233542324992 G=     7.93e-07
 ooCMF Iter:   64 Total= -23.009030731915 Active= -47.233542324992 G=     1.83e-07
 ooCMF Iter:   65 Total= -23.009030731915 Active= -47.233542324992 G=     3.33e-07
 ooCMF Iter:   66 Total= -23.009030731915 Active= -47.233542324992 G=     3.77e-07
 ooCMF Iter:   67 Total= -23.009030731915 Active= -47.233542324992 G=     4.71e-08
 ooCMF Iter:   68 Total= -23.009030731915 Active= -47.233542324992 G=     2.05e-08
 * Status: success (objective increased between iterations)

 * Candidate solution
    Final objective value:     -2.300903e+01

 * Found with
    Algorithm:     Conjugate Gradient

 * Convergence measures
    |x - x'|               = 1.35e-09 ≰ 0.0e+00
    |x - x'|/|x'|          = 3.35e-08 ≰ 0.0e+00
    |f(x) - f(x')|         = 2.49e-14 ≰ 0.0e+00
    |f(x) - f(x')|/|f(x')| = 1.08e-15 ≰ 0.0e+00
    |g(x)|                 = 2.98e-09 ≤ 1.0e-08

 * Work counters
    Seconds run:   47  (vs limit Inf)
    Iterations:    67
    f(x) calls:    164
    ∇f(x) calls:   103

*ooCMF -23.00903073 
 47.321918 seconds (16.28 M allocations: 37.886 GiB, 9.17% gc time)
 Step:    1 E: -22.820252111598 G: 2.0e+00
 Step:    2 E: -23.000962964979 G: 4.0e-01
 Step:    3 E: -23.007687491905 G: 1.0e-01
 Step:    4 E: -23.008078313038 G: 3.1e-02
 Step:    5 E: -23.008122234173 G: 1.5e-02
 Step:    6 E: -23.008140491384 G: 1.3e-02
 Step:    7 E: -23.008156103830 G: 1.2e-02
 Step:    8 E: -23.008171186718 G: 1.2e-02
 Step:    9 E: -23.008185980028 G: 1.2e-02
 Step:   10 E: -23.008200518229 G: 1.2e-02
 Step:   11 E: -23.008214809728 G: 1.2e-02
 Step:   12 E: -23.008228859221 G: 1.2e-02
 Step:   13 E: -23.008242670789 G: 1.2e-02
 Step:   14 E: -23.008256248363 G: 1.2e-02
 Step:   15 E: -23.008269595795 G: 1.1e-02
 Step:   16 E: -23.008282716877 G: 1.1e-02
 Step:   17 E: -23.008295615338 G: 1.1e-02
 Step:   18 E: -23.008308294852 G: 1.1e-02
 Step:   19 E: -23.008320759034 G: 1.1e-02
 Step:   20 E: -23.008333011440 G: 1.1e-02
 Step:   21 E: -23.008345055572 G: 1.1e-02
 Step:   22 E: -23.008356894879 G: 1.1e-02
 Step:   23 E: -23.008368532752 G: 1.1e-02
 Step:   24 E: -23.008379972530 G: 1.1e-02
 Step:   25 E: -23.008391217498 G: 1.1e-02
 Step:   26 E: -23.008402270891 G: 1.0e-02
 Step:   27 E: -23.008413135892 G: 1.0e-02
 Step:   28 E: -23.008423815632 G: 1.0e-02
 Step:   29 E: -23.008434313193 G: 1.0e-02
 Step:   30 E: -23.008444631610 G: 1.0e-02
 Step:   31 E: -23.008454773867 G: 1.0e-02
 Step:   32 E: -23.008464742901 G: 9.9e-03
 Step:   33 E: -23.008474541602 G: 9.8e-03
 Step:   34 E: -23.008484172814 G: 9.8e-03
 Step:   35 E: -23.008493639337 G: 9.7e-03
 Step:   36 E: -23.008502943923 G: 9.6e-03
 Step:   37 E: -23.008512089281 G: 9.5e-03
 Step:   38 E: -23.008521078079 G: 9.4e-03
 Step:   39 E: -23.008529912937 G: 9.3e-03
 Step:   40 E: -23.008538596438 G: 9.3e-03
 Step:   41 E: -23.008547131120 G: 9.2e-03
 Step:   42 E: -23.008555519481 G: 9.1e-03
 Step:   43 E: -23.008563763978 G: 9.0e-03
 Step:   44 E: -23.008571867030 G: 8.9e-03
 Step:   45 E: -23.008579831015 G: 8.9e-03
 Step:   46 E: -23.008587658272 G: 8.8e-03
 Step:   47 E: -23.008595351105 G: 8.7e-03
 Step:   48 E: -23.008602911777 G: 8.6e-03
 Step:   49 E: -23.008610342517 G: 8.6e-03
 Step:   50 E: -23.008617645515 G: 8.5e-03
 Step:   51 E: -23.008624822928 G: 8.4e-03
 Step:   52 E: -23.008631876875 G: 8.3e-03
 Step:   53 E: -23.008638809444 G: 8.3e-03
 Step:   54 E: -23.008645622685 G: 8.2e-03
 Step:   55 E: -23.008652318616 G: 8.1e-03
 Step:   56 E: -23.008658899224 G: 8.1e-03
 Step:   57 E: -23.008665366460 G: 8.0e-03
 Step:   58 E: -23.008671722244 G: 7.9e-03
 Step:   59 E: -23.008677968466 G: 7.9e-03
 Step:   60 E: -23.008684106984 G: 7.8e-03
 Step:   61 E: -23.008690139624 G: 7.7e-03
 Step:   62 E: -23.008696068184 G: 7.6e-03
 Step:   63 E: -23.008701894431 G: 7.6e-03
 Step:   64 E: -23.008707620104 G: 7.5e-03
 Step:   65 E: -23.008713246913 G: 7.5e-03
 Step:   66 E: -23.008718776538 G: 7.4e-03
 Step:   67 E: -23.008724210632 G: 7.3e-03
 Step:   68 E: -23.008729550824 G: 7.3e-03
 Step:   69 E: -23.008734798710 G: 7.2e-03
 Step:   70 E: -23.008739955865 G: 7.1e-03
 Step:   71 E: -23.008745023834 G: 7.1e-03
 Step:   72 E: -23.008750004138 G: 7.0e-03
 Step:   73 E: -23.008754898274 G: 7.0e-03
 Step:   74 E: -23.008759707711 G: 6.9e-03
 Step:   75 E: -23.008764433896 G: 6.8e-03
 Step:   76 E: -23.008769078251 G: 6.8e-03
 Step:   77 E: -23.008773642174 G: 6.7e-03
 Step:   78 E: -23.008778127040 G: 6.7e-03
 Step:   79 E: -23.008782534201 G: 6.6e-03
 Step:   80 E: -23.008786864987 G: 6.5e-03
 Step:   81 E: -23.008791120705 G: 6.5e-03
 Step:   82 E: -23.008795302640 G: 6.4e-03
 Step:   83 E: -23.008799412057 G: 6.4e-03
 Step:   84 E: -23.008803450196 G: 6.3e-03
 Step:   85 E: -23.008807418282 G: 6.3e-03
 Step:   86 E: -23.008811317514 G: 6.2e-03
 Step:   87 E: -23.008815149074 G: 6.1e-03
 Step:   88 E: -23.008818914123 G: 6.1e-03
 Step:   89 E: -23.008822613804 G: 6.0e-03
 Step:   90 E: -23.008826249237 G: 6.0e-03
 Step:   91 E: -23.008829821528 G: 5.9e-03
 Step:   92 E: -23.008833331760 G: 5.9e-03
 Step:   93 E: -23.008836781002 G: 5.8e-03
 Step:   94 E: -23.008840170301 G: 5.8e-03
 Step:   95 E: -23.008843500689 G: 5.7e-03
 Step:   96 E: -23.008846773179 G: 5.7e-03
 Step:   97 E: -23.008849988768 G: 5.6e-03
 Step:   98 E: -23.008853148435 G: 5.6e-03
 Step:   99 E: -23.008856253144 G: 5.5e-03
 Step:  100 E: -23.008859303842 G: 5.5e-03
 Step:  101 E: -23.008862301459 G: 5.4e-03
 Step:  102 E: -23.008865246910 G: 5.4e-03
 Step:  103 E: -23.008868141095 G: 5.3e-03
 Step:  104 E: -23.008870984898 G: 5.3e-03
 Step:  105 E: -23.008873779188 G: 5.3e-03
 Step:  106 E: -23.008876524820 G: 5.2e-03
 Step:  107 E: -23.008879222635 G: 5.2e-03
 Step:  108 E: -23.008881873456 G: 5.1e-03
 Step:  109 E: -23.008884478096 G: 5.1e-03
 Step:  110 E: -23.008887037354 G: 5.0e-03
 Step:  111 E: -23.008889552013 G: 5.0e-03
 Step:  112 E: -23.008892022844 G: 4.9e-03
 Step:  113 E: -23.008894450606 G: 4.9e-03
 Step:  114 E: -23.008896836042 G: 4.9e-03
 Step:  115 E: -23.008899179886 G: 4.8e-03
 Step:  116 E: -23.008901482856 G: 4.8e-03
 Step:  117 E: -23.008903745661 G: 4.7e-03
 Step:  118 E: -23.008905968995 G: 4.7e-03
 Step:  119 E: -23.008908153542 G: 4.6e-03
 Step:  120 E: -23.008910299975 G: 4.6e-03
 Step:  121 E: -23.008912408952 G: 4.6e-03
 Step:  122 E: -23.008914481124 G: 4.5e-03
 Step:  123 E: -23.008916517128 G: 4.5e-03
 Step:  124 E: -23.008918517592 G: 4.4e-03
 Step:  125 E: -23.008920483131 G: 4.4e-03
 Step:  126 E: -23.008922414350 G: 4.4e-03
 Step:  127 E: -23.008924311847 G: 4.3e-03
 Step:  128 E: -23.008926176205 G: 4.3e-03
 Step:  129 E: -23.008928008000 G: 4.3e-03
 Step:  130 E: -23.008929807797 G: 4.2e-03
 Step:  131 E: -23.008931576151 G: 4.2e-03
 Step:  132 E: -23.008933313609 G: 4.1e-03
 Step:  133 E: -23.008935020707 G: 4.1e-03
 Step:  134 E: -23.008936697973 G: 4.1e-03
 Step:  135 E: -23.008938345924 G: 4.0e-03
 Step:  136 E: -23.008939965071 G: 4.0e-03
 Step:  137 E: -23.008941555914 G: 4.0e-03
 Step:  138 E: -23.008943118945 G: 3.9e-03
 Step:  139 E: -23.008944654647 G: 3.9e-03
 Step:  140 E: -23.008946163497 G: 3.9e-03
 Step:  141 E: -23.008947645961 G: 3.8e-03
 Step:  142 E: -23.008949102497 G: 3.8e-03
 Step:  143 E: -23.008950533558 G: 3.8e-03
 Step:  144 E: -23.008951939587 G: 3.7e-03
 Step:  145 E: -23.008953321019 G: 3.7e-03
 Step:  146 E: -23.008954678282 G: 3.7e-03
 Step:  147 E: -23.008956011798 G: 3.6e-03
 Step:  148 E: -23.008957321980 G: 3.6e-03
 Step:  149 E: -23.008958609234 G: 3.6e-03
 Step:  150 E: -23.008959873960 G: 3.5e-03
 Step:  151 E: -23.008961116550 G: 3.5e-03
 Step:  152 E: -23.008962337390 G: 3.5e-03
 Step:  153 E: -23.008963536859 G: 3.4e-03
 Step:  154 E: -23.008964715330 G: 3.4e-03
 Step:  155 E: -23.008965873168 G: 3.4e-03
 Step:  156 E: -23.008967010734 G: 3.4e-03
 Step:  157 E: -23.008968128380 G: 3.3e-03
 Step:  158 E: -23.008969226455 G: 3.3e-03
 Step:  159 E: -23.008970305300 G: 3.3e-03
 Step:  160 E: -23.008971365250 G: 3.2e-03
 Step:  161 E: -23.008972406634 G: 3.2e-03
 Step:  162 E: -23.008973429778 G: 3.2e-03
 Step:  163 E: -23.008974434998 G: 3.1e-03
 Step:  164 E: -23.008975422609 G: 3.1e-03
 Step:  165 E: -23.008976392917 G: 3.1e-03
 Step:  166 E: -23.008977346224 G: 3.1e-03
 .........................................
 Step: 1604 E: -23.009030731915 G: 5.6e-08
 Step: 1605 E: -23.009030731915 G: 5.5e-08
 Step: 1606 E: -23.009030731915 G: 5.5e-08
 Step: 1607 E: -23.009030731915 G: 5.5e-08
 Step: 1608 E: -23.009030731915 G: 5.4e-08
 Step: 1609 E: -23.009030731915 G: 5.4e-08
 Step: 1610 E: -23.009030731915 G: 5.4e-08
 Step: 1611 E: -23.009030731915 G: 5.4e-08
 Step: 1612 E: -23.009030731915 G: 5.3e-08
 Step: 1613 E: -23.009030731915 G: 5.3e-08
 Step: 1614 E: -23.009030731915 G: 5.3e-08
 Step: 1615 E: -23.009030731915 G: 5.3e-08
 Step: 1616 E: -23.009030731915 G: 5.2e-08
 Step: 1617 E: -23.009030731915 G: 5.2e-08
 Step: 1618 E: -23.009030731915 G: 5.2e-08
 Step: 1619 E: -23.009030731915 G: 5.2e-08
 Step: 1620 E: -23.009030731915 G: 5.1e-08
 Step: 1621 E: -23.009030731915 G: 5.1e-08
 Step: 1622 E: -23.009030731915 G: 5.1e-08
 Step: 1623 E: -23.009030731915 G: 5.1e-08
 Step: 1624 E: -23.009030731915 G: 5.0e-08
 Step: 1625 E: -23.009030731915 G: 5.0e-08
 Step: 1626 E: -23.009030731915 G: 5.0e-08
 Step: 1627 E: -23.009030731915 G: 5.0e-08
 Step: 1628 E: -23.009030731915 G: 4.9e-08
 Step: 1629 E: -23.009030731915 G: 4.9e-08
 Step: 1630 E: -23.009030731915 G: 4.9e-08
 Step: 1631 E: -23.009030731915 G: 4.9e-08
 Step: 1632 E: -23.009030731915 G: 4.9e-08
 Step: 1633 E: -23.009030731915 G: 4.8e-08
 Step: 1634 E: -23.009030731915 G: 4.8e-08
 Step: 1635 E: -23.009030731915 G: 4.8e-08
 Step: 1636 E: -23.009030731915 G: 4.8e-08
 Step: 1637 E: -23.009030731915 G: 4.7e-08
 Step: 1638 E: -23.009030731915 G: 4.7e-08
 Step: 1639 E: -23.009030731915 G: 4.7e-08
 Step: 1640 E: -23.009030731915 G: 4.7e-08
 Step: 1641 E: -23.009030731915 G: 4.6e-08
 Step: 1642 E: -23.009030731915 G: 4.6e-08
 Step: 1643 E: -23.009030731915 G: 4.6e-08
 Step: 1644 E: -23.009030731915 G: 4.6e-08
 Step: 1645 E: -23.009030731915 G: 4.6e-08
 Step: 1646 E: -23.009030731915 G: 4.5e-08
 Step: 1647 E: -23.009030731915 G: 4.5e-08
 Step: 1648 E: -23.009030731915 G: 4.5e-08
 Step: 1649 E: -23.009030731915 G: 4.5e-08
 Step: 1650 E: -23.009030731915 G: 4.4e-08
 Step: 1651 E: -23.009030731915 G: 4.4e-08
 Step: 1652 E: -23.009030731915 G: 4.4e-08
 Step: 1653 E: -23.009030731915 G: 4.4e-08
 Step: 1654 E: -23.009030731915 G: 4.4e-08
 Step: 1655 E: -23.009030731915 G: 4.3e-08
 Step: 1656 E: -23.009030731915 G: 4.3e-08
 Step: 1657 E: -23.009030731915 G: 4.3e-08
 Step: 1658 E: -23.009030731915 G: 4.3e-08
 Step: 1659 E: -23.009030731915 G: 4.3e-08
 Step: 1660 E: -23.009030731915 G: 4.2e-08
 Step: 1661 E: -23.009030731915 G: 4.2e-08
 Step: 1662 E: -23.009030731915 G: 4.2e-08
 Step: 1663 E: -23.009030731915 G: 4.2e-08
 Step: 1664 E: -23.009030731915 G: 4.2e-08
 Step: 1665 E: -23.009030731915 G: 4.1e-08
 Step: 1666 E: -23.009030731915 G: 4.1e-08
 Step: 1667 E: -23.009030731915 G: 4.1e-08
 Step: 1668 E: -23.009030731915 G: 4.1e-08
 Step: 1669 E: -23.009030731915 G: 4.1e-08
 Step: 1670 E: -23.009030731915 G: 4.0e-08
 Step: 1671 E: -23.009030731915 G: 4.0e-08
 Step: 1672 E: -23.009030731915 G: 4.0e-08
 Step: 1673 E: -23.009030731915 G: 4.0e-08
 Step: 1674 E: -23.009030731915 G: 4.0e-08
 Step: 1675 E: -23.009030731915 G: 3.9e-08
 Step: 1676 E: -23.009030731915 G: 3.9e-08
 Step: 1677 E: -23.009030731915 G: 3.9e-08
 Step: 1678 E: -23.009030731915 G: 3.9e-08
 Step: 1679 E: -23.009030731915 G: 3.9e-08
 Step: 1680 E: -23.009030731915 G: 3.8e-08
 Step: 1681 E: -23.009030731915 G: 3.8e-08
 Step: 1682 E: -23.009030731915 G: 3.8e-08
 Step: 1683 E: -23.009030731915 G: 3.8e-08
 Step: 1684 E: -23.009030731915 G: 3.8e-08
 Step: 1685 E: -23.009030731915 G: 3.8e-08
 Step: 1686 E: -23.009030731915 G: 3.7e-08
 Step: 1687 E: -23.009030731915 G: 3.7e-08
 Step: 1688 E: -23.009030731915 G: 3.7e-08
 Step: 1689 E: -23.009030731915 G: 3.7e-08
 Step: 1690 E: -23.009030731915 G: 3.7e-08
 Step: 1691 E: -23.009030731915 G: 3.7e-08
 Step: 1692 E: -23.009030731915 G: 3.6e-08
 Step: 1693 E: -23.009030731915 G: 3.6e-08
 Step: 1694 E: -23.009030731915 G: 3.6e-08
 Step: 1695 E: -23.009030731915 G: 3.6e-08
 Step: 1696 E: -23.009030731915 G: 3.6e-08
 Step: 1697 E: -23.009030731915 G: 3.5e-08
 Step: 1698 E: -23.009030731915 G: 3.5e-08
 Step: 1699 E: -23.009030731915 G: 3.5e-08
 Step: 1700 E: -23.009030731915 G: 3.5e-08
 Step: 1701 E: -23.009030731915 G: 3.5e-08
 Step: 1702 E: -23.009030731915 G: 3.5e-08
 Step: 1703 E: -23.009030731915 G: 3.4e-08
 Step: 1704 E: -23.009030731915 G: 3.4e-08
 Step: 1705 E: -23.009030731915 G: 3.4e-08
 Step: 1706 E: -23.009030731915 G: 3.4e-08
 Step: 1707 E: -23.009030731915 G: 3.4e-08
 Step: 1708 E: -23.009030731915 G: 3.4e-08
 Step: 1709 E: -23.009030731915 G: 3.3e-08
 Step: 1710 E: -23.009030731915 G: 3.3e-08
 Step: 1711 E: -23.009030731915 G: 3.3e-08
 Step: 1712 E: -23.009030731915 G: 3.3e-08
 Step: 1713 E: -23.009030731915 G: 3.3e-08
 Step: 1714 E: -23.009030731915 G: 3.3e-08
 Step: 1715 E: -23.009030731915 G: 3.3e-08
 Step: 1716 E: -23.009030731915 G: 3.2e-08
 Step: 1717 E: -23.009030731915 G: 3.2e-08
 Step: 1718 E: -23.009030731915 G: 3.2e-08
 Step: 1719 E: -23.009030731915 G: 3.2e-08
 Step: 1720 E: -23.009030731915 G: 3.2e-08
 Step: 1721 E: -23.009030731915 G: 3.2e-08
 Step: 1722 E: -23.009030731915 G: 3.1e-08
 Step: 1723 E: -23.009030731915 G: 3.1e-08
 Step: 1724 E: -23.009030731915 G: 3.1e-08
 Step: 1725 E: -23.009030731915 G: 3.1e-08
 Step: 1726 E: -23.009030731915 G: 3.1e-08
 Step: 1727 E: -23.009030731915 G: 3.1e-08
 Step: 1728 E: -23.009030731915 G: 3.1e-08
 Step: 1729 E: -23.009030731915 G: 3.0e-08
 Step: 1730 E: -23.009030731915 G: 3.0e-08
 Step: 1731 E: -23.009030731915 G: 3.0e-08
 Step: 1732 E: -23.009030731915 G: 3.0e-08
 Step: 1733 E: -23.009030731915 G: 3.0e-08
 Step: 1734 E: -23.009030731915 G: 3.0e-08
 Step: 1735 E: -23.009030731915 G: 3.0e-08
 Step: 1736 E: -23.009030731915 G: 2.9e-08
 Step: 1737 E: -23.009030731915 G: 2.9e-08
 Step: 1738 E: -23.009030731915 G: 2.9e-08
 Step: 1739 E: -23.009030731915 G: 2.9e-08
 Step: 1740 E: -23.009030731915 G: 2.9e-08
 Step: 1741 E: -23.009030731915 G: 2.9e-08
 Step: 1742 E: -23.009030731915 G: 2.9e-08
 Step: 1743 E: -23.009030731915 G: 2.8e-08
 Step: 1744 E: -23.009030731915 G: 2.8e-08
 Step: 1745 E: -23.009030731915 G: 2.8e-08
 Step: 1746 E: -23.009030731915 G: 2.8e-08
 Step: 1747 E: -23.009030731915 G: 2.8e-08
 Step: 1748 E: -23.009030731915 G: 2.8e-08
 Step: 1749 E: -23.009030731915 G: 2.8e-08
 Step: 1750 E: -23.009030731915 G: 2.8e-08
 Step: 1751 E: -23.009030731915 G: 2.7e-08
 Step: 1752 E: -23.009030731915 G: 2.7e-08
 Step: 1753 E: -23.009030731915 G: 2.7e-08
 Step: 1754 E: -23.009030731915 G: 2.7e-08
 Step: 1755 E: -23.009030731915 G: 2.7e-08
 Step: 1756 E: -23.009030731915 G: 2.7e-08
 Step: 1757 E: -23.009030731915 G: 2.7e-08
 Step: 1758 E: -23.009030731915 G: 2.7e-08
 Step: 1759 E: -23.009030731915 G: 2.6e-08
 Step: 1760 E: -23.009030731915 G: 2.6e-08
 Step: 1761 E: -23.009030731915 G: 2.6e-08
 Step: 1762 E: -23.009030731915 G: 2.6e-08
 Step: 1763 E: -23.009030731915 G: 2.6e-08
 Step: 1764 E: -23.009030731915 G: 2.6e-08
 Step: 1765 E: -23.009030731915 G: 2.6e-08
 Step: 1766 E: -23.009030731915 G: 2.6e-08
 Step: 1767 E: -23.009030731915 G: 2.5e-08
 Step: 1768 E: -23.009030731915 G: 2.5e-08
 Step: 1769 E: -23.009030731915 G: 2.5e-08
 Step: 1770 E: -23.009030731915 G: 2.5e-08
 Step: 1771 E: -23.009030731915 G: 2.5e-08
 Step: 1772 E: -23.009030731915 G: 2.5e-08
 Step: 1773 E: -23.009030731915 G: 2.5e-08
 Step: 1774 E: -23.009030731915 G: 2.5e-08
 Step: 1775 E: -23.009030731915 G: 2.4e-08
 Step: 1776 E: -23.009030731915 G: 2.4e-08
 Step: 1777 E: -23.009030731915 G: 2.4e-08
 Step: 1778 E: -23.009030731915 G: 2.4e-08
 Step: 1779 E: -23.009030731915 G: 2.4e-08
 Step: 1780 E: -23.009030731915 G: 2.4e-08
 Step: 1781 E: -23.009030731915 G: 2.4e-08
 Step: 1782 E: -23.009030731915 G: 2.4e-08
 Step: 1783 E: -23.009030731915 G: 2.4e-08
 Step: 1784 E: -23.009030731915 G: 2.3e-08
 Step: 1785 E: -23.009030731915 G: 2.3e-08
 Step: 1786 E: -23.009030731915 G: 2.3e-08
 Step: 1787 E: -23.009030731915 G: 2.3e-08
 Step: 1788 E: -23.009030731915 G: 2.3e-08
 Step: 1789 E: -23.009030731915 G: 2.3e-08
 Step: 1790 E: -23.009030731915 G: 2.3e-08
 Step: 1791 E: -23.009030731915 G: 2.3e-08
 Step: 1792 E: -23.009030731915 G: 2.3e-08
 Step: 1793 E: -23.009030731915 G: 2.2e-08
 Step: 1794 E: -23.009030731915 G: 2.2e-08
 Step: 1795 E: -23.009030731915 G: 2.2e-08
 Step: 1796 E: -23.009030731915 G: 2.2e-08
 Step: 1797 E: -23.009030731915 G: 2.2e-08
 Step: 1798 E: -23.009030731915 G: 2.2e-08
 Step: 1799 E: -23.009030731915 G: 2.2e-08
 Step: 1800 E: -23.009030731915 G: 2.2e-08
424.957007 seconds (68.13 M allocations: 367.292 GiB, 8.76% gc time)
 Solve OO-CMF with DIIS
 ooCMF Iter:    1 Total= -23.000962964979 G=    4.000e-01 #SS:    1
 ooCMF Iter:    2 Total= -23.007845962892 G=    7.421e-02 #SS:    2
 ooCMF Iter:    3 Total= -23.008111675063 G=    1.548e-02 #SS:    3
 ooCMF Iter:    4 Total= -23.008128680631 G=    1.255e-02 #SS:    4
 ooCMF Iter:    5 Total= -23.008144398992 G=    1.238e-02 #SS:    5
 ooCMF Iter:    6 Total= -23.008201449899 G=    1.200e-02 #SS:    6
 ooCMF Iter:    7 Total= -23.008836969681 G=    5.956e-03 #SS:    7
 ooCMF Iter:    8 Total= -23.009027238939 G=    1.033e-03 #SS:    8
 ooCMF Iter:    9 Total= -23.009027345065 G=    9.024e-04 #SS:    9
 ooCMF Iter:   10 Total= -23.009027438998 G=    8.811e-04 #SS:   10
 ooCMF Iter:   11 Total= -23.009028038345 G=    7.771e-04 #SS:   11
 ooCMF Iter:   12 Total= -23.009029788146 G=    4.276e-04 #SS:   12
 ooCMF Iter:   13 Total= -23.009029917755 G=    4.079e-04 #SS:   13
 ooCMF Iter:   14 Total= -23.009029953523 G=    3.993e-04 #SS:   14
 ooCMF Iter:   15 Total= -23.009030488628 G=    2.323e-04 #SS:   15
 ooCMF Iter:   16 Total= -23.009030722284 G=    4.500e-05 #SS:   16
 ooCMF Iter:   17 Total= -23.009030723231 G=    3.951e-05 #SS:   17
 ooCMF Iter:   18 Total= -23.009030723468 G=    3.871e-05 #SS:   18
 ooCMF Iter:   19 Total= -23.009030724978 G=    3.420e-05 #SS:   19
 ooCMF Iter:   20 Total= -23.009030728719 G=    2.101e-05 #SS:   20
 ooCMF Iter:   21 Total= -23.009030728977 G=    2.047e-05 #SS:   21
 ooCMF Iter:   22 Total= -23.009030729104 G=    2.000e-05 #SS:   22
 ooCMF Iter:   23 Total= -23.009030730735 G=    1.164e-05 #SS:   23
 ooCMF Iter:   24 Total= -23.009030731334 G=    7.866e-06 #SS:   24
 ooCMF Iter:   25 Total= -23.009030731357 G=    7.768e-06 #SS:   24
 ooCMF Iter:   26 Total= -23.009030731378 G=    7.617e-06 #SS:   24
 ooCMF Iter:   27 Total= -23.009030731667 G=    5.230e-06 #SS:   24
 ooCMF Iter:   28 Total= -23.009030731874 G=    2.709e-06 #SS:   24
 ooCMF Iter:   29 Total= -23.009030731880 G=    2.631e-06 #SS:   24
 ooCMF Iter:   30 Total= -23.009030731883 G=    2.528e-06 #SS:   24
 ooCMF Iter:   31 Total= -23.009030731905 G=    1.304e-06 #SS:   24
 ooCMF Iter:   32 Total= -23.009030731909 G=    1.124e-06 #SS:   24
 ooCMF Iter:   33 Total= -23.009030731909 G=    1.105e-06 #SS:   24
 ooCMF Iter:   34 Total= -23.009030731910 G=    1.008e-06 #SS:   24
 ooCMF Iter:   35 Total= -23.009030731914 G=    3.975e-07 #SS:   24
 ooCMF Iter:   36 Total= -23.009030731915 G=    2.142e-07 #SS:   24
 ooCMF Iter:   37 Total= -23.009030731915 G=    1.450e-07 #SS:   24
 ooCMF Iter:   38 Total= -23.009030731915 G=    1.404e-07 #SS:   24
 ooCMF Iter:   39 Total= -23.009030731915 G=    1.339e-07 #SS:   24
 ooCMF Iter:   40 Total= -23.009030731915 G=    1.222e-07 #SS:   24
 ooCMF Iter:   41 Total= -23.009030731915 G=    1.190e-07 #SS:   24
 ooCMF Iter:   42 Total= -23.009030731915 G=    1.065e-07 #SS:   24
 ooCMF Iter:   43 Total= -23.009030731915 G=    8.829e-08 #SS:   24
 ooCMF Iter:   44 Total= -23.009030731915 G=    5.723e-08 #SS:   24
 ooCMF Iter:   45 Total= -23.009030731915 G=    3.450e-08 #SS:   24
 ooCMF Iter:   46 Total= -23.009030731915 G=    3.389e-08 #SS:   24
 ooCMF Iter:   47 Total= -23.009030731915 G=    3.290e-08 #SS:   24
 ooCMF Iter:   48 Total= -23.009030731915 G=    2.461e-08 #SS:   24
 ooCMF Iter:   49 Total= -23.009030731915 G=    2.302e-08 #SS:   24
 ooCMF Iter:   50 Total= -23.009030731915 G=    2.187e-08 #SS:   24
 ooCMF Iter:   51 Total= -23.009030731915 G=    1.899e-08 #SS:   24
 ooCMF Iter:   52 Total= -23.009030731915 G=    1.848e-08 #SS:   24
 ooCMF Iter:   53 Total= -23.009030731915 G=    1.773e-08 #SS:   24
*ooCMF Iter:   54 Total= -23.009030731915 G=    8.643e-09 #SS:   24
 29.466360 seconds (26.08 M allocations: 29.329 GiB, 10.40% gc time)
 Solve OO-CMF with DIIS
 ooCMF Iter:    1 Total= -22.898276258622 G=    1.406e+00 #SS:    1
 ooCMF Iter:    2 Total= -22.818306926087 G=    1.968e+00 #SS:    2
 ooCMF Iter:    3 Total= -22.772219492244 G=    2.242e+00 #SS:    3
 ooCMF Iter:    4 Total= -22.778970427309 G=    2.207e+00 #SS:    4
 ooCMF Iter:    5 Total= -22.769737507730 G=    2.248e+00 #SS:    5
 ooCMF Iter:    6 Total= -22.780870073577 G=    2.197e+00 #SS:    6
 ooCMF Iter:    7 Total= -22.777243886662 G=    2.205e+00 #SS:    7
 ooCMF Iter:    8 Total= -22.775958641155 G=    2.210e+00 #SS:    8
 ooCMF Iter:    9 Total= -22.754658472933 G=    2.320e+00 #SS:    9
 ooCMF Iter:   10 Total= -22.751511419134 G=    2.350e+00 #SS:   10
 ooCMF Iter:   11 Total= -22.748027905920 G=    2.367e+00 #SS:   11
 ooCMF Iter:   12 Total= -22.756235335134 G=    2.319e+00 #SS:   12
 ooCMF Iter:   13 Total= -22.757910858675 G=    2.313e+00 #SS:   13
 ooCMF Iter:   14 Total= -22.756410536161 G=    2.323e+00 #SS:   14
 ooCMF Iter:   15 Total= -22.756337653271 G=    2.324e+00 #SS:   15
 ooCMF Iter:   16 Total= -22.760843344182 G=    2.285e+00 #SS:   16
 ooCMF Iter:   17 Total= -22.760810308235 G=    2.285e+00 #SS:   17
 ooCMF Iter:   18 Total= -22.765454962984 G=    2.260e+00 #SS:   18
 ooCMF Iter:   19 Total= -22.765303949492 G=    2.261e+00 #SS:   19
 ooCMF Iter:   20 Total= -22.767474363038 G=    2.249e+00 #SS:   20
 ooCMF Iter:   21 Total= -22.768322997645 G=    2.248e+00 #SS:   21
 ooCMF Iter:   22 Total= -22.772981101549 G=    2.235e+00 #SS:   22
 ooCMF Iter:   23 Total= -22.772717820473 G=    2.237e+00 #SS:   23
 ooCMF Iter:   24 Total= -22.770128315031 G=    2.256e+00 #SS:   24
 ooCMF Iter:   25 Total= -22.769679864302 G=    2.259e+00 #SS:   24
 ooCMF Iter:   26 Total= -22.758578724653 G=    2.303e+00 #SS:   24
 ooCMF Iter:   27 Total= -22.709457138256 G=    2.532e+00 #SS:   24
 ooCMF Iter:   28 Total= -22.709788427058 G=    2.529e+00 #SS:   24
 ooCMF Iter:   29 Total= -22.695924746296 G=    2.587e+00 #SS:   24
 ooCMF Iter:   30 Total= -22.693393863800 G=    2.654e+00 #SS:   24
 ooCMF Iter:   31 Total= -22.698909652990 G=    2.639e+00 #SS:   24
 ooCMF Iter:   32 Total= -22.700401847610 G=    2.630e+00 #SS:   24
 ooCMF Iter:   33 Total= -22.695893446107 G=    2.657e+00 #SS:   24
 ooCMF Iter:   34 Total= -22.690295115534 G=    2.686e+00 #SS:   24
 ooCMF Iter:   35 Total= -22.704291770253 G=    2.614e+00 #SS:   24
 ooCMF Iter:   36 Total= -22.673846987468 G=    2.743e+00 #SS:   24
 ooCMF Iter:   37 Total= -22.674144079725 G=    2.742e+00 #SS:   24
 ooCMF Iter:   38 Total= -22.664691837716 G=    2.784e+00 #SS:   24
 ooCMF Iter:   39 Total= -22.664357921682 G=    2.788e+00 #SS:   24
 ooCMF Iter:   40 Total= -22.652185017778 G=    2.828e+00 #SS:   24
 ooCMF Iter:   41 Total= -22.676692312221 G=    2.716e+00 #SS:   24
 ooCMF Iter:   42 Total= -22.675046885324 G=    2.707e+00 #SS:   24
 ooCMF Iter:   43 Total= -22.673002712189 G=    2.710e+00 #SS:   24
 ooCMF Iter:   44 Total= -22.667133958687 G=    2.722e+00 #SS:   24
 ooCMF Iter:   45 Total= -22.655850845016 G=    2.779e+00 #SS:   24
 ooCMF Iter:   46 Total= -22.626954985410 G=    2.893e+00 #SS:   24
 ooCMF Iter:   47 Total= -22.623017225556 G=    2.907e+00 #SS:   24
 ooCMF Iter:   48 Total= -22.623517917894 G=    2.907e+00 #SS:   24
 ooCMF Iter:   49 Total= -22.627984954679 G=    2.879e+00 #SS:   24
 ooCMF Iter:   50 Total= -22.605419405872 G=    2.961e+00 #SS:   24



 Solve OO-CMF with DIIS
 ooCMF Iter:    1 Total= -23.007892910915 G=    3.691e-02 #SS:    1
 ooCMF Iter:    2 Total= -23.008768686570 G=    5.207e-02 #SS:    2
 ooCMF Iter:    3 Total= -23.009027320865 G=    4.820e-03 #SS:    3
 ooCMF Iter:    4 Total= -23.009030194769 G=    1.051e-03 #SS:    4
 ooCMF Iter:    5 Total= -23.009030720448 G=    2.615e-04 #SS:    5
 ooCMF Iter:    6 Total= -23.009030731343 G=    5.237e-05 #SS:    6
 ooCMF Iter:    7 Total= -23.009030731891 G=    1.077e-05 #SS:    7
 ooCMF Iter:    8 Total= -23.009030731914 G=    3.021e-06 #SS:    8
 ooCMF Iter:    9 Total= -23.009030731915 G=    4.427e-07 #SS:    9
 ooCMF Iter:   10 Total= -23.009030731915 G=    9.153e-08 #SS:   10
*ooCMF Iter:   11 Total= -23.009030731915 G=    9.225e-09 #SS:   11
 21.163719 seconds (2.46 M allocations: 7.715 GiB, 3.65% gc time)
 Solve OO-CMF with newton
 Step:    1 E: -22.820252111598 G:     1.96e+00  
 Step:    2 E: -23.007892910915 G:     3.69e-02  
 Step:    3 E: -23.009030161808 G:     7.25e-04  
 Step:    4 E: -23.009030730640 G:     2.72e-05  
 Step:    5 E: -23.009030731910 G:     1.60e-06  
 Step:    6 E: -23.009030731915 G:     1.06e-07  
 Step:    7 E: -23.009030731915 G:     7.52e-09  
 10.881423 seconds (1.33 M allocations: 2.433 GiB, 2.32% gc time)
 Solve OO-CMF with newton
 Step:    1 E: -22.820252111598 G:     1.96e+00  
 Step:    2 E: -22.898276258622 G:     1.41e+00  
 Step:    3 E: -23.001431530735 G:     2.01e-01  
 Step:    4 E: -23.009003657900 G:     4.78e-03  
 Step:    5 E: -23.009030729666 G:     2.27e-05  
 Step:    6 E: -23.009030731911 G:     1.09e-06  
 Step:    7 E: -23.009030731915 G:     5.25e-08  
 Step:    8 E: -23.009030731915 G:     2.59e-09  
  6.182723 seconds (710.82 k allocations: 2.729 GiB, 4.29% gc time)