IDX001:DIM1024:001|002|003|004|005|
IDX002:DIM1024:006|007|008|009|010|
IDX003:DIM1024:011|012|013|014|015|
IDX004:DIM1024:016|017|018|019|020|
IDX005:DIM1024:021|022|023|024|025|
IDX006:DIM1024:026|027|028|029|030|
IDX007:DIM1024:031|032|033|034|035|
(35, 35) ooCMF Iter:    1 Total= -20.167345788449 Active= -37.085439014219 G=     7.72e-01
 ooCMF Iter:    2 Total= -20.196797945665 Active= -37.114891171435 G=     2.24e-01
 ooCMF Iter:    3 Total= -20.198250617033 Active= -37.116343842803 G=     1.07e-01
 ooCMF Iter:    4 Total= -20.198554094569 Active= -37.116647320339 G=     7.44e-02
 ooCMF Iter:    5 Total= -20.198826245184 Active= -37.116919470954 G=     2.16e-02
 ooCMF Iter:    6 Total= -20.198848426802 Active= -37.116941652572 G=     6.61e-03
 ooCMF Iter:    7 Total= -20.198855937270 Active= -37.116949163039 G=     9.93e-03
 ooCMF Iter:    8 Total= -20.198944912910 Active= -37.117038138680 G=     2.24e-02
 ooCMF Iter:    9 Total= -20.198970438660 Active= -37.117063664430 G=     5.96e-03
 ooCMF Iter:   10 Total= -20.198971140424 Active= -37.117064366194 G=     4.74e-03
 ooCMF Iter:   11 Total= -20.198972357938 Active= -37.117065583708 G=     2.06e-03
 ooCMF Iter:   12 Total= -20.198972572051 Active= -37.117065797821 G=     1.02e-03
 ooCMF Iter:   13 Total= -20.198973189405 Active= -37.117066415175 G=     1.10e-03
 ooCMF Iter:   14 Total= -20.198973233939 Active= -37.117066459709 G=     1.05e-03
 ooCMF Iter:   15 Total= -20.198973397156 Active= -37.117066622926 G=     5.09e-04
 ooCMF Iter:   16 Total= -20.198973487344 Active= -37.117066713113 G=     3.22e-04
 ooCMF Iter:   17 Total= -20.198973543217 Active= -37.117066768987 G=     2.22e-04
 ooCMF Iter:   18 Total= -20.198973546801 Active= -37.117066772571 G=     4.68e-05
 ooCMF Iter:   19 Total= -20.198973547087 Active= -37.117066772857 G=     4.56e-05
 ooCMF Iter:   20 Total= -20.198973547231 Active= -37.117066773001 G=     1.82e-05
 ooCMF Iter:   21 Total= -20.198973547336 Active= -37.117066773106 G=     3.89e-05
 ooCMF Iter:   22 Total= -20.198973547676 Active= -37.117066773446 G=     6.10e-05
 ooCMF Iter:   23 Total= -20.198973547766 Active= -37.117066773536 G=     5.63e-05
 ooCMF Iter:   24 Total= -20.198973547882 Active= -37.117066773652 G=     3.45e-05
 ooCMF Iter:   25 Total= -20.198973547933 Active= -37.117066773703 G=     9.24e-06
 ooCMF Iter:   26 Total= -20.198973547940 Active= -37.117066773710 G=     3.28e-06
 ooCMF Iter:   27 Total= -20.198973547948 Active= -37.117066773718 G=     4.78e-06
 ooCMF Iter:   28 Total= -20.198973547949 Active= -37.117066773719 G=     3.49e-06
 ooCMF Iter:   29 Total= -20.198973547950 Active= -37.117066773719 G=     3.10e-06
 ooCMF Iter:   30 Total= -20.198973547951 Active= -37.117066773720 G=     2.48e-06
 ooCMF Iter:   31 Total= -20.198973547951 Active= -37.117066773721 G=     3.55e-06
 ooCMF Iter:   32 Total= -20.198973547953 Active= -37.117066773723 G=     4.07e-06
 ooCMF Iter:   33 Total= -20.198973547954 Active= -37.117066773724 G=     2.88e-06
 ooCMF Iter:   34 Total= -20.198973547956 Active= -37.117066773725 G=     2.75e-06
 ooCMF Iter:   35 Total= -20.198973547956 Active= -37.117066773726 G=     1.70e-06
 ooCMF Iter:   36 Total= -20.198973547956 Active= -37.117066773726 G=     1.54e-06
 ooCMF Iter:   37 Total= -20.198973547956 Active= -37.117066773726 G=     5.91e-07
 ooCMF Iter:   38 Total= -20.198973547956 Active= -37.117066773726 G=     2.12e-07
 ooCMF Iter:   39 Total= -20.198973547956 Active= -37.117066773726 G=     5.06e-07
 ooCMF Iter:   40 Total= -20.198973547956 Active= -37.117066773726 G=     6.56e-07
 ooCMF Iter:   41 Total= -20.198973547956 Active= -37.117066773726 G=     6.57e-07
 ooCMF Iter:   42 Total= -20.198973547956 Active= -37.117066773726 G=     2.55e-07
 ooCMF Iter:   43 Total= -20.198973547956 Active= -37.117066773726 G=     1.91e-07
 ooCMF Iter:   44 Total= -20.198973547956 Active= -37.117066773726 G=     2.39e-07
 ooCMF Iter:   45 Total= -20.198973547956 Active= -37.117066773726 G=     1.03e-07
 ooCMF Iter:   46 Total= -20.198973547956 Active= -37.117066773726 G=     8.45e-08
 ooCMF Iter:   47 Total= -20.198973547956 Active= -37.117066773726 G=     1.04e-08
 * Status: success (objective increased between iterations)

 * Candidate solution
    Final objective value:     -2.019897e+01

 * Found with
    Algorithm:     BFGS

 * Convergence measures
    |x - x'|               = 6.49e-09 ≰ 0.0e+00
    |x - x'|/|x'|          = 2.81e-07 ≰ 0.0e+00
    |f(x) - f(x')|         = 3.20e-14 ≰ 0.0e+00
    |f(x) - f(x')|/|f(x')| = 1.58e-15 ≰ 0.0e+00
    |g(x)|                 = 1.54e-09 ≤ 1.0e-08

 * Work counters
    Seconds run:   26  (vs limit Inf)
    Iterations:    46
    f(x) calls:    100
    ∇f(x) calls:   100

*ooCMF -20.19897355 
 26.564210 seconds (9.62 M allocations: 18.723 GiB, 12.04% gc time)
 ooCMF Iter:    1 Total= -20.167345788449 Active= -37.085439014219 G=     7.72e-01
 ooCMF Iter:    2 Total= -20.197478695913 Active= -37.115571921683 G=     1.66e-01
 ooCMF Iter:    3 Total= -20.198806466686 Active= -37.116899692455 G=     1.48e-02
 ooCMF Iter:    4 Total= -20.198819599952 Active= -37.116912825722 G=     6.32e-03
 ooCMF Iter:    5 Total= -20.198830084487 Active= -37.116923310257 G=     1.66e-02
 ooCMF Iter:    6 Total= -20.198915709324 Active= -37.117008935093 G=     1.84e-02
 ooCMF Iter:    7 Total= -20.198968905303 Active= -37.117062131073 G=     7.46e-03
 ooCMF Iter:    8 Total= -20.198971638632 Active= -37.117064864401 G=     2.13e-03
 ooCMF Iter:    9 Total= -20.198971904897 Active= -37.117065130667 G=     9.01e-04
 ooCMF Iter:   10 Total= -20.198972072665 Active= -37.117065298435 G=     1.56e-03
 ooCMF Iter:   11 Total= -20.198972943272 Active= -37.117066169042 G=     2.78e-03
 ooCMF Iter:   12 Total= -20.198973200166 Active= -37.117066425935 G=     5.75e-04
 ooCMF Iter:   13 Total= -20.198973238001 Active= -37.117066463770 G=     5.67e-04
 ooCMF Iter:   14 Total= -20.198973347645 Active= -37.117066573414 G=     4.95e-04
 ooCMF Iter:   15 Total= -20.198973399839 Active= -37.117066625609 G=     5.06e-04
 ooCMF Iter:   16 Total= -20.198973420648 Active= -37.117066646418 G=     2.26e-04
 ooCMF Iter:   17 Total= -20.198973428548 Active= -37.117066654318 G=     2.86e-04
 ooCMF Iter:   18 Total= -20.198973447858 Active= -37.117066673628 G=     6.42e-04
 ooCMF Iter:   19 Total= -20.198973494536 Active= -37.117066720306 G=     1.59e-04
 ooCMF Iter:   20 Total= -20.198973500675 Active= -37.117066726445 G=     2.85e-04
 ooCMF Iter:   21 Total= -20.198973511993 Active= -37.117066737763 G=     5.90e-04
 ooCMF Iter:   22 Total= -20.198973523321 Active= -37.117066749091 G=     1.48e-04
 ooCMF Iter:   23 Total= -20.198973526030 Active= -37.117066751799 G=     1.28e-04
 ooCMF Iter:   24 Total= -20.198973532128 Active= -37.117066757898 G=     2.97e-04
 ooCMF Iter:   25 Total= -20.198973544633 Active= -37.117066770403 G=     2.43e-04
 ooCMF Iter:   26 Total= -20.198973547007 Active= -37.117066772777 G=     3.76e-05
 ooCMF Iter:   27 Total= -20.198973547099 Active= -37.117066772869 G=     1.65e-05
 ooCMF Iter:   28 Total= -20.198973547145 Active= -37.117066772915 G=     4.81e-05
 ooCMF Iter:   29 Total= -20.198973547421 Active= -37.117066773191 G=     4.34e-05
 ooCMF Iter:   30 Total= -20.198973547700 Active= -37.117066773470 G=     3.95e-05
 ooCMF Iter:   31 Total= -20.198973547828 Active= -37.117066773598 G=     3.11e-05
 ooCMF Iter:   32 Total= -20.198973547897 Active= -37.117066773667 G=     1.69e-05
 ooCMF Iter:   33 Total= -20.198973547913 Active= -37.117066773683 G=     9.79e-06
 ooCMF Iter:   34 Total= -20.198973547920 Active= -37.117066773690 G=     6.09e-06
 ooCMF Iter:   35 Total= -20.198973547923 Active= -37.117066773693 G=     4.41e-06
 ooCMF Iter:   36 Total= -20.198973547925 Active= -37.117066773695 G=     5.97e-06
 ooCMF Iter:   37 Total= -20.198973547928 Active= -37.117066773698 G=     1.51e-05
 ooCMF Iter:   38 Total= -20.198973547946 Active= -37.117066773716 G=     5.00e-06
 ooCMF Iter:   39 Total= -20.198973547948 Active= -37.117066773718 G=     3.81e-06
 ooCMF Iter:   40 Total= -20.198973547949 Active= -37.117066773719 G=     5.50e-06
 ooCMF Iter:   41 Total= -20.198973547950 Active= -37.117066773720 G=     7.42e-06
 ooCMF Iter:   42 Total= -20.198973547952 Active= -37.117066773722 G=     1.63e-06
 ooCMF Iter:   43 Total= -20.198973547953 Active= -37.117066773722 G=     1.10e-06
 ooCMF Iter:   44 Total= -20.198973547953 Active= -37.117066773723 G=     2.17e-06
 ooCMF Iter:   45 Total= -20.198973547955 Active= -37.117066773725 G=     2.76e-06
 ooCMF Iter:   46 Total= -20.198973547956 Active= -37.117066773725 G=     1.42e-06
 ooCMF Iter:   47 Total= -20.198973547956 Active= -37.117066773726 G=     6.41e-07
 ooCMF Iter:   48 Total= -20.198973547956 Active= -37.117066773726 G=     5.87e-07
 ooCMF Iter:   49 Total= -20.198973547956 Active= -37.117066773726 G=     8.87e-07
 ooCMF Iter:   50 Total= -20.198973547956 Active= -37.117066773726 G=     1.41e-06
 ooCMF Iter:   51 Total= -20.198973547956 Active= -37.117066773726 G=     9.06e-07
 ooCMF Iter:   52 Total= -20.198973547956 Active= -37.117066773726 G=     2.47e-07
 ooCMF Iter:   53 Total= -20.198973547956 Active= -37.117066773726 G=     2.55e-07
 ooCMF Iter:   54 Total= -20.198973547956 Active= -37.117066773726 G=     8.36e-07
 ooCMF Iter:   55 Total= -20.198973547956 Active= -37.117066773726 G=     3.49e-07
 ooCMF Iter:   56 Total= -20.198973547956 Active= -37.117066773726 G=     1.17e-07
 ooCMF Iter:   57 Total= -20.198973547956 Active= -37.117066773726 G=     1.68e-07
 ooCMF Iter:   58 Total= -20.198973547956 Active= -37.117066773726 G=     2.12e-07
 ooCMF Iter:   59 Total= -20.198973547956 Active= -37.117066773726 G=     1.70e-07
 ooCMF Iter:   60 Total= -20.198973547956 Active= -37.117066773726 G=     8.41e-08
 ooCMF Iter:   61 Total= -20.198973547956 Active= -37.117066773726 G=     7.32e-08
 ooCMF Iter:   62 Total= -20.198973547956 Active= -37.117066773726 G=     8.78e-08
 ooCMF Iter:   63 Total= -20.198973547956 Active= -37.117066773726 G=     1.13e-07
 ooCMF Iter:   64 Total= -20.198973547956 Active= -37.117066773726 G=     7.26e-08
 ooCMF Iter:   65 Total= -20.198973547956 Active= -37.117066773726 G=     3.77e-08
 * Status: success

 * Candidate solution
    Final objective value:     -2.019897e+01

 * Found with
    Algorithm:     Conjugate Gradient

 * Convergence measures
    |x - x'|               = 5.52e-09 ≰ 0.0e+00
    |x - x'|/|x'|          = 2.39e-07 ≰ 0.0e+00
    |f(x) - f(x')|         = 1.78e-14 ≰ 0.0e+00
    |f(x) - f(x')|/|f(x')| = 8.79e-16 ≰ 0.0e+00
    |g(x)|                 = 9.71e-09 ≤ 1.0e-08

 * Work counters
    Seconds run:   32  (vs limit Inf)
    Iterations:    64
    f(x) calls:    163
    ∇f(x) calls:   107

*ooCMF -20.19897355 
 32.502109 seconds (11.21 M allocations: 22.833 GiB, 14.75% gc time)
 Step:    1 E: -20.167345788449 G: 7.7e-01
 Step:    2 E: -20.197476079501 G: 1.7e-01
 Step:    3 E: -20.198743628965 G: 4.0e-02
 Step:    4 E: -20.198815315176 G: 1.2e-02
 Step:    5 E: -20.198822604799 G: 6.1e-03
 Step:    6 E: -20.198825807611 G: 5.4e-03
 Step:    7 E: -20.198828665544 G: 5.3e-03
 Step:    8 E: -20.198831445341 G: 5.2e-03
 Step:    9 E: -20.198834169464 G: 5.2e-03
 Step:   10 E: -20.198836840898 G: 5.1e-03
 Step:   11 E: -20.198839460856 G: 5.1e-03
 Step:   12 E: -20.198842030362 G: 5.0e-03
 Step:   13 E: -20.198844550396 G: 5.0e-03
 Step:   14 E: -20.198847021921 G: 4.9e-03
 Step:   15 E: -20.198849445877 G: 4.9e-03
 Step:   16 E: -20.198851823186 G: 4.8e-03
 Step:   17 E: -20.198854154754 G: 4.8e-03
 Step:   18 E: -20.198856441468 G: 4.7e-03
 Step:   19 E: -20.198858684196 G: 4.7e-03
 Step:   20 E: -20.198860883790 G: 4.7e-03
 Step:   21 E: -20.198863041085 G: 4.6e-03
 Step:   22 E: -20.198865156901 G: 4.6e-03
 Step:   23 E: -20.198867232040 G: 4.5e-03
 Step:   24 E: -20.198869267290 G: 4.5e-03
 Step:   25 E: -20.198871263420 G: 4.4e-03
 Step:   26 E: -20.198873221189 G: 4.4e-03
 Step:   27 E: -20.198875141338 G: 4.4e-03
 Step:   28 E: -20.198877024593 G: 4.3e-03
 Step:   29 E: -20.198878871668 G: 4.3e-03
 Step:   30 E: -20.198880683261 G: 4.2e-03
 Step:   31 E: -20.198882460058 G: 4.2e-03
 Step:   32 E: -20.198884202730 G: 4.1e-03
 Step:   33 E: -20.198885911936 G: 4.1e-03
 Step:   34 E: -20.198887588323 G: 4.1e-03
 Step:   35 E: -20.198889232523 G: 4.0e-03
 Step:   36 E: -20.198890845157 G: 4.0e-03
 Step:   37 E: -20.198892426834 G: 3.9e-03
 Step:   38 E: -20.198893978152 G: 3.9e-03
 Step:   39 E: -20.198895499696 G: 3.9e-03
 Step:   40 E: -20.198896992039 G: 3.8e-03
 Step:   41 E: -20.198898455744 G: 3.8e-03
 Step:   42 E: -20.198899891365 G: 3.8e-03
 Step:   43 E: -20.198901299440 G: 3.7e-03
 Step:   44 E: -20.198902680502 G: 3.7e-03
 Step:   45 E: -20.198904035071 G: 3.7e-03
 Step:   46 E: -20.198905363657 G: 3.6e-03
 Step:   47 E: -20.198906666760 G: 3.6e-03
 Step:   48 E: -20.198907944872 G: 3.5e-03
 Step:   49 E: -20.198909198472 G: 3.5e-03
 Step:   50 E: -20.198910428034 G: 3.5e-03
 Step:   51 E: -20.198911634020 G: 3.4e-03
 Step:   52 E: -20.198912816883 G: 3.4e-03
 Step:   53 E: -20.198913977069 G: 3.4e-03
 Step:   54 E: -20.198915115014 G: 3.3e-03
 Step:   55 E: -20.198916231146 G: 3.3e-03
 Step:   56 E: -20.198917325884 G: 3.3e-03
 Step:   57 E: -20.198918399641 G: 3.3e-03
 Step:   58 E: -20.198919452819 G: 3.2e-03
 Step:   59 E: -20.198920485814 G: 3.2e-03
 Step:   60 E: -20.198921499015 G: 3.2e-03
 Step:   61 E: -20.198922492803 G: 3.1e-03
 Step:   62 E: -20.198923467549 G: 3.1e-03
 Step:   63 E: -20.198924423621 G: 3.1e-03
 Step:   64 E: -20.198925361378 G: 3.0e-03
 Step:   65 E: -20.198926281171 G: 3.0e-03
 Step:   66 E: -20.198927183346 G: 3.0e-03
 Step:   67 E: -20.198928068242 G: 3.0e-03
 Step:   68 E: -20.198928936189 G: 2.9e-03
 Step:   69 E: -20.198929787515 G: 2.9e-03
 Step:   70 E: -20.198930622539 G: 2.9e-03
 Step:   71 E: -20.198931441573 G: 2.8e-03
 Step:   72 E: -20.198932244925 G: 2.8e-03
 Step:   73 E: -20.198933032896 G: 2.8e-03
 Step:   74 E: -20.198933805782 G: 2.8e-03
 Step:   75 E: -20.198934563872 G: 2.7e-03
 Step:   76 E: -20.198935307451 G: 2.7e-03
 Step:   77 E: -20.198936036797 G: 2.7e-03
 Step:   78 E: -20.198936752183 G: 2.7e-03
 Step:   79 E: -20.198937453878 G: 2.6e-03
 Step:   80 E: -20.198938142144 G: 2.6e-03
 Step:   81 E: -20.198938817240 G: 2.6e-03
 Step:   82 E: -20.198939479418 G: 2.6e-03
 Step:   83 E: -20.198940128925 G: 2.5e-03
 Step:   84 E: -20.198940766007 G: 2.5e-03
 Step:   85 E: -20.198941390900 G: 2.5e-03
 Step:   86 E: -20.198942003838 G: 2.5e-03
 Step:   87 E: -20.198942605052 G: 2.4e-03
 Step:   88 E: -20.198943194766 G: 2.4e-03
 Step:   89 E: -20.198943773201 G: 2.4e-03
 Step:   90 E: -20.198944340573 G: 2.4e-03
 Step:   91 E: -20.198944897094 G: 2.3e-03
 Step:   92 E: -20.198945442974 G: 2.3e-03
 Step:   93 E: -20.198945978415 G: 2.3e-03
 Step:   94 E: -20.198946503619 G: 2.3e-03
 Step:   95 E: -20.198947018781 G: 2.3e-03
 Step:   96 E: -20.198947524094 G: 2.2e-03
 Step:   97 E: -20.198948019747 G: 2.2e-03
 Step:   98 E: -20.198948505925 G: 2.2e-03
 Step:   99 E: -20.198948982811 G: 2.2e-03
 Step:  100 E: -20.198949450582 G: 2.1e-03
 Step:  101 E: -20.198949909412 G: 2.1e-03
 Step:  102 E: -20.198950359475 G: 2.1e-03
 Step:  103 E: -20.198950800936 G: 2.1e-03
 Step:  104 E: -20.198951233963 G: 2.1e-03
 Step:  105 E: -20.198951658715 G: 2.0e-03
 Step:  106 E: -20.198952075353 G: 2.0e-03
 Step:  107 E: -20.198952484030 G: 2.0e-03
 Step:  108 E: -20.198952884901 G: 2.0e-03
 Step:  109 E: -20.198953278114 G: 2.0e-03
 Step:  110 E: -20.198953663816 G: 1.9e-03
 Step:  111 E: -20.198954042152 G: 1.9e-03
 Step:  112 E: -20.198954413263 G: 1.9e-03
 Step:  113 E: -20.198954777286 G: 1.9e-03
 Step:  114 E: -20.198955134358 G: 1.9e-03
 Step:  115 E: -20.198955484612 G: 1.9e-03
 Step:  116 E: -20.198955828178 G: 1.8e-03
 Step:  117 E: -20.198956165185 G: 1.8e-03
 Step:  118 E: -20.198956495758 G: 1.8e-03
 Step:  119 E: -20.198956820021 G: 1.8e-03
 Step:  120 E: -20.198957138094 G: 1.8e-03
 Step:  121 E: -20.198957450097 G: 1.8e-03
 Step:  122 E: -20.198957756145 G: 1.7e-03
 Step:  123 E: -20.198958056351 G: 1.7e-03
 Step:  124 E: -20.198958350830 G: 1.7e-03
 Step:  125 E: -20.198958639689 G: 1.7e-03
 Step:  126 E: -20.198958923036 G: 1.7e-03
 Step:  127 E: -20.198959200978 G: 1.7e-03
 Step:  128 E: -20.198959473617 G: 1.6e-03
 Step:  129 E: -20.198959741055 G: 1.6e-03
 Step:  130 E: -20.198960003391 G: 1.6e-03
 Step:  131 E: -20.198960260724 G: 1.6e-03
 Step:  132 E: -20.198960513149 G: 1.6e-03
 Step:  133 E: -20.198960760760 G: 1.6e-03
 Step:  134 E: -20.198961003649 G: 1.5e-03
 Step:  135 E: -20.198961241906 G: 1.5e-03
 Step:  136 E: -20.198961475621 G: 1.5e-03
 Step:  137 E: -20.198961704879 G: 1.5e-03
 Step:  138 E: -20.198961929767 G: 1.5e-03
 Step:  139 E: -20.198962150368 G: 1.5e-03
 Step:  140 E: -20.198962366763 G: 1.5e-03
 Step:  141 E: -20.198962579034 G: 1.4e-03
 Step:  142 E: -20.198962787260 G: 1.4e-03
 Step:  143 E: -20.198962991516 G: 1.4e-03
 Step:  144 E: -20.198963191881 G: 1.4e-03
 Step:  145 E: -20.198963388428 G: 1.4e-03
 Step:  146 E: -20.198963581229 G: 1.4e-03
 Step:  147 E: -20.198963770358 G: 1.4e-03
 Step:  148 E: -20.198963955883 G: 1.4e-03
 Step:  149 E: -20.198964137874 G: 1.3e-03
 Step:  150 E: -20.198964316398 G: 1.3e-03
 Step:  151 E: -20.198964491522 G: 1.3e-03
 Step:  152 E: -20.198964663311 G: 1.3e-03
 Step:  153 E: -20.198964831828 G: 1.3e-03
 Step:  154 E: -20.198964997136 G: 1.3e-03
 Step:  155 E: -20.198965159297 G: 1.3e-03
 Step:  156 E: -20.198965318369 G: 1.3e-03
 Step:  157 E: -20.198965474414 G: 1.2e-03
 Step:  158 E: -20.198965627487 G: 1.2e-03
 Step:  159 E: -20.198965777647 G: 1.2e-03
 Step:  160 E: -20.198965924949 G: 1.2e-03
 Step:  161 E: -20.198966069447 G: 1.2e-03
 Step:  162 E: -20.198966211194 G: 1.2e-03
 Step:  163 E: -20.198966350245 G: 1.2e-03
 Step:  164 E: -20.198966486649 G: 1.2e-03
 Step:  165 E: -20.198966620458 G: 1.1e-03
 Step:  166 E: -20.198966751721 G: 1.1e-03
 Step:  167 E: -20.198966880487 G: 1.1e-03
 Step:  168 E: -20.198967006804 G: 1.1e-03
 Step:  169 E: -20.198967130717 G: 1.1e-03
 Step:  170 E: -20.198967252274 G: 1.1e-03
 Step:  171 E: -20.198967371519 G: 1.1e-03
 Step:  172 E: -20.198967488496 G: 1.1e-03
 Step:  173 E: -20.198967603248 G: 1.1e-03
 Step:  174 E: -20.198967715819 G: 1.1e-03
 Step:  175 E: -20.198967826249 G: 1.0e-03
 Step:  176 E: -20.198967934580 G: 1.0e-03
 Step:  177 E: -20.198968040851 G: 1.0e-03
 Step:  178 E: -20.198968145103 G: 1.0e-03
 Step:  179 E: -20.198968247372 G: 1.0e-03
 Step:  180 E: -20.198968347698 G: 9.9e-04
 Step:  181 E: -20.198968446117 G: 9.8e-04
 Step:  182 E: -20.198968542667 G: 9.8e-04
 Step:  183 E: -20.198968637381 G: 9.7e-04
 Step:  184 E: -20.198968730296 G: 9.6e-04
 Step:  185 E: -20.198968821445 G: 9.5e-04
 Step:  186 E: -20.198968910863 G: 9.4e-04
 Step:  187 E: -20.198968998582 G: 9.3e-04
 Step:  188 E: -20.198969084636 G: 9.2e-04
 Step:  189 E: -20.198969169054 G: 9.1e-04
 Step:  190 E: -20.198969251870 G: 9.0e-04
 Step:  191 E: -20.198969333112 G: 8.9e-04
 Step:  192 E: -20.198969412813 G: 8.9e-04
 Step:  193 E: -20.198969490999 G: 8.8e-04
 Step:  194 E: -20.198969567702 G: 8.7e-04
 Step:  195 E: -20.198969642948 G: 8.6e-04
 Step:  196 E: -20.198969716766 G: 8.5e-04
 Step:  197 E: -20.198969789183 G: 8.4e-04
 Step:  198 E: -20.198969860225 G: 8.4e-04
 Step:  199 E: -20.198969929919 G: 8.3e-04
 Step:  200 E: -20.198969998290 G: 8.2e-04
 Step:  201 E: -20.198970065364 G: 8.1e-04
 Step:  202 E: -20.198970131165 G: 8.1e-04
 Step:  203 E: -20.198970195718 G: 8.0e-04
 Step:  204 E: -20.198970259046 G: 7.9e-04
 Step:  205 E: -20.198970321173 G: 7.8e-04
 Step:  206 E: -20.198970382122 G: 7.8e-04
 Step:  207 E: -20.198970441914 G: 7.7e-04
 Step:  208 E: -20.198970500573 G: 7.6e-04
 Step:  209 E: -20.198970558119 G: 7.5e-04
 Step:  210 E: -20.198970614574 G: 7.5e-04
 Step:  211 E: -20.198970669959 G: 7.4e-04
 Step:  212 E: -20.198970724293 G: 7.3e-04
 Step:  213 E: -20.198970777598 G: 7.2e-04
 Step:  214 E: -20.198970829892 G: 7.2e-04
 Step:  215 E: -20.198970881195 G: 7.1e-04
 Step:  216 E: -20.198970931525 G: 7.0e-04
 Step:  217 E: -20.198970980902 G: 7.0e-04
 Step:  218 E: -20.198971029342 G: 6.9e-04
 Step:  219 E: -20.198971076865 G: 6.8e-04
 Step:  220 E: -20.198971123488 G: 6.8e-04
 Step:  221 E: -20.198971169227 G: 6.7e-04
 Step:  222 E: -20.198971214100 G: 6.7e-04
 Step:  223 E: -20.198971258123 G: 6.6e-04
 Step:  224 E: -20.198971301312 G: 6.5e-04
 Step:  225 E: -20.198971343683 G: 6.5e-04
 Step:  226 E: -20.198971385251 G: 6.4e-04
 Step:  227 E: -20.198971426032 G: 6.3e-04
 Step:  228 E: -20.198971466041 G: 6.3e-04
 Step:  229 E: -20.198971505293 G: 6.2e-04
 Step:  230 E: -20.198971543801 G: 6.2e-04
 Step:  231 E: -20.198971581581 G: 6.1e-04
 Step:  232 E: -20.198971618645 G: 6.0e-04
 Step:  233 E: -20.198971655008 G: 6.0e-04
 Step:  234 E: -20.198971690683 G: 5.9e-04
 Step:  235 E: -20.198971725682 G: 5.9e-04
 Step:  236 E: -20.198971760019 G: 5.8e-04
 Step:  237 E: -20.198971793707 G: 5.8e-04
 Step:  238 E: -20.198971826757 G: 5.7e-04
 Step:  239 E: -20.198971859182 G: 5.7e-04
 Step:  240 E: -20.198971890993 G: 5.6e-04
 Step:  241 E: -20.198971922203 G: 5.5e-04
 Step:  242 E: -20.198971952822 G: 5.5e-04
 Step:  243 E: -20.198971982862 G: 5.4e-04
 Step:  244 E: -20.198972012334 G: 5.4e-04
 Step:  245 E: -20.198972041249 G: 5.3e-04
 Step:  246 E: -20.198972069617 G: 5.3e-04
 Step:  247 E: -20.198972097449 G: 5.2e-04
 Step:  248 E: -20.198972124755 G: 5.2e-04
 Step:  249 E: -20.198972151544 G: 5.1e-04
 Step:  250 E: -20.198972177827 G: 5.1e-04
 Step:  251 E: -20.198972203614 G: 5.0e-04
 Step:  252 E: -20.198972228913 G: 5.0e-04
 Step:  253 E: -20.198972253734 G: 4.9e-04
 Step:  254 E: -20.198972278086 G: 4.9e-04
 Step:  255 E: -20.198972301977 G: 4.9e-04
 Step:  256 E: -20.198972325418 G: 4.8e-04
 Step:  257 E: -20.198972348415 G: 4.8e-04
 Step:  258 E: -20.198972370978 G: 4.7e-04
 Step:  259 E: -20.198972393116 G: 4.7e-04
 Step:  260 E: -20.198972414834 G: 4.6e-04
 Step:  261 E: -20.198972436143 G: 4.6e-04
 Step:  262 E: -20.198972457049 G: 4.5e-04
 Step:  263 E: -20.198972477561 G: 4.5e-04
 Step:  264 E: -20.198972497685 G: 4.5e-04
 Step:  265 E: -20.198972517430 G: 4.4e-04
 Step:  266 E: -20.198972536801 G: 4.4e-04
 Step:  267 E: -20.198972555807 G: 4.3e-04
 Step:  268 E: -20.198972574454 G: 4.3e-04
 Step:  269 E: -20.198972592750 G: 4.2e-04
 Step:  270 E: -20.198972610700 G: 4.2e-04
 Step:  271 E: -20.198972628311 G: 4.2e-04
 Step:  272 E: -20.198972645590 G: 4.1e-04
 Step:  273 E: -20.198972662543 G: 4.1e-04
 Step:  274 E: -20.198972679176 G: 4.0e-04
 Step:  275 E: -20.198972695496 G: 4.0e-04
 Step:  276 E: -20.198972711507 G: 4.0e-04
 Step:  277 E: -20.198972727217 G: 3.9e-04
 Step:  278 E: -20.198972742630 G: 3.9e-04
 Step:  279 E: -20.198972757753 G: 3.9e-04
 Step:  280 E: -20.198972772590 G: 3.8e-04
 Step:  281 E: -20.198972787148 G: 3.8e-04
 Step:  282 E: -20.198972801431 G: 3.8e-04
 Step:  283 E: -20.198972815445 G: 3.7e-04
 Step:  284 E: -20.198972829195 G: 3.7e-04
 Step:  285 E: -20.198972842686 G: 3.6e-04
 Step:  286 E: -20.198972855922 G: 3.6e-04
 Step:  287 E: -20.198972868909 G: 3.6e-04
 Step:  288 E: -20.198972881651 G: 3.5e-04
 Step:  289 E: -20.198972894153 G: 3.5e-04
 Step:  290 E: -20.198972906420 G: 3.5e-04
 Step:  291 E: -20.198972918455 G: 3.4e-04
 Step:  292 E: -20.198972930264 G: 3.4e-04
 Step:  293 E: -20.198972941850 G: 3.4e-04
 Step:  294 E: -20.198972953218 G: 3.3e-04
 Step:  295 E: -20.198972964372 G: 3.3e-04
 Step:  296 E: -20.198972975316 G: 3.3e-04
 Step:  297 E: -20.198972986054 G: 3.3e-04
 Step:  298 E: -20.198972996590 G: 3.2e-04
 Step:  299 E: -20.198973006927 G: 3.2e-04
 Step:  300 E: -20.198973017070 G: 3.2e-04
 Step:  301 E: -20.198973027022 G: 3.1e-04
 Step:  302 E: -20.198973036786 G: 3.1e-04
 Step:  303 E: -20.198973046367 G: 3.1e-04
 Step:  304 E: -20.198973055767 G: 3.0e-04
 Step:  305 E: -20.198973064990 G: 3.0e-04
 Step:  306 E: -20.198973074040 G: 3.0e-04
 Step:  307 E: -20.198973082920 G: 3.0e-04
 Step:  308 E: -20.198973091632 G: 2.9e-04
 Step:  309 E: -20.198973100181 G: 2.9e-04
 Step:  310 E: -20.198973108569 G: 2.9e-04
 Step:  311 E: -20.198973116799 G: 2.8e-04
 Step:  312 E: -20.198973124874 G: 2.8e-04
 Step:  313 E: -20.198973132797 G: 2.8e-04
 Step:  314 E: -20.198973140572 G: 2.8e-04
 Step:  315 E: -20.198973148200 G: 2.7e-04
 Step:  316 E: -20.198973155685 G: 2.7e-04
 Step:  317 E: -20.198973163029 G: 2.7e-04
 Step:  318 E: -20.198973170235 G: 2.7e-04
 Step:  319 E: -20.198973177305 G: 2.6e-04
 Step:  320 E: -20.198973184243 G: 2.6e-04
 Step:  321 E: -20.198973191050 G: 2.6e-04
 Step:  322 E: -20.198973197730 G: 2.6e-04
 Step:  323 E: -20.198973204283 G: 2.5e-04
 Step:  324 E: -20.198973210714 G: 2.5e-04
 Step:  325 E: -20.198973217024 G: 2.5e-04
 Step:  326 E: -20.198973223215 G: 2.5e-04
 Step:  327 E: -20.198973229290 G: 2.4e-04
 Step:  328 E: -20.198973235251 G: 2.4e-04
 Step:  329 E: -20.198973241100 G: 2.4e-04
 Step:  330 E: -20.198973246839 G: 2.4e-04
 Step:  331 E: -20.198973252470 G: 2.4e-04
 Step:  332 E: -20.198973257996 G: 2.3e-04
 Step:  333 E: -20.198973263418 G: 2.3e-04
 Step:  334 E: -20.198973268738 G: 2.3e-04
 Step:  335 E: -20.198973273958 G: 2.3e-04
 Step:  336 E: -20.198973279080 G: 2.2e-04
 Step:  337 E: -20.198973284106 G: 2.2e-04
 Step:  338 E: -20.198973289038 G: 2.2e-04
 Step:  339 E: -20.198973293877 G: 2.2e-04
 Step:  340 E: -20.198973298625 G: 2.2e-04
 Step:  341 E: -20.198973303284 G: 2.1e-04
 Step:  342 E: -20.198973307856 G: 2.1e-04
 Step:  343 E: -20.198973312342 G: 2.1e-04
 Step:  344 E: -20.198973316744 G: 2.1e-04
 Step:  345 E: -20.198973321063 G: 2.1e-04
 Step:  346 E: -20.198973325302 G: 2.0e-04
 Step:  347 E: -20.198973329460 G: 2.0e-04
 Step:  348 E: -20.198973333541 G: 2.0e-04
 Step:  349 E: -20.198973337546 G: 2.0e-04
 Step:  350 E: -20.198973341475 G: 2.0e-04
 Step:  351 E: -20.198973345330 G: 1.9e-04
 Step:  352 E: -20.198973349113 G: 1.9e-04
 Step:  353 E: -20.198973352826 G: 1.9e-04
 Step:  354 E: -20.198973356468 G: 1.9e-04
 Step:  355 E: -20.198973360043 G: 1.9e-04
 Step:  356 E: -20.198973363550 G: 1.9e-04
 Step:  357 E: -20.198973366992 G: 1.8e-04
 Step:  358 E: -20.198973370369 G: 1.8e-04
 Step:  359 E: -20.198973373683 G: 1.8e-04
 Step:  360 E: -20.198973376935 G: 1.8e-04
 Step:  361 E: -20.198973380126 G: 1.8e-04
 Step:  362 E: -20.198973383257 G: 1.8e-04
 Step:  363 E: -20.198973386330 G: 1.7e-04
 Step:  364 E: -20.198973389344 G: 1.7e-04
 Step:  365 E: -20.198973392303 G: 1.7e-04
 Step:  366 E: -20.198973395206 G: 1.7e-04
 Step:  367 E: -20.198973398055 G: 1.7e-04
 Step:  368 E: -20.198973400850 G: 1.7e-04
 Step:  369 E: -20.198973403593 G: 1.6e-04
 Step:  370 E: -20.198973406285 G: 1.6e-04
 Step:  371 E: -20.198973408926 G: 1.6e-04
 Step:  372 E: -20.198973411518 G: 1.6e-04
 Step:  373 E: -20.198973414061 G: 1.6e-04
 Step:  374 E: -20.198973416557 G: 1.6e-04
 Step:  375 E: -20.198973419006 G: 1.6e-04
 Step:  376 E: -20.198973421409 G: 1.5e-04
 Step:  377 E: -20.198973423767 G: 1.5e-04
 Step:  378 E: -20.198973426082 G: 1.5e-04
 Step:  379 E: -20.198973428352 G: 1.5e-04
 Step:  380 E: -20.198973430581 G: 1.5e-04
 Step:  381 E: -20.198973432767 G: 1.5e-04
 Step:  382 E: -20.198973434913 G: 1.5e-04
 Step:  383 E: -20.198973437019 G: 1.4e-04
 Step:  384 E: -20.198973439085 G: 1.4e-04
 Step:  385 E: -20.198973441113 G: 1.4e-04
 Step:  386 E: -20.198973443102 G: 1.4e-04
 Step:  387 E: -20.198973445055 G: 1.4e-04
 Step:  388 E: -20.198973446971 G: 1.4e-04
 Step:  389 E: -20.198973448851 G: 1.4e-04
 Step:  390 E: -20.198973450696 G: 1.3e-04
 Step:  391 E: -20.198973452507 G: 1.3e-04
 Step:  392 E: -20.198973454283 G: 1.3e-04
 Step:  393 E: -20.198973456027 G: 1.3e-04
 Step:  394 E: -20.198973457738 G: 1.3e-04
 Step:  395 E: -20.198973459417 G: 1.3e-04
 Step:  396 E: -20.198973461065 G: 1.3e-04
 Step:  397 E: -20.198973462681 G: 1.3e-04
 Step:  398 E: -20.198973464268 G: 1.3e-04
 Step:  399 E: -20.198973465825 G: 1.2e-04
 Step:  400 E: -20.198973467353 G: 1.2e-04
 Step:  401 E: -20.198973468852 G: 1.2e-04
 Step:  402 E: -20.198973470323 G: 1.2e-04
 Step:  403 E: -20.198973471767 G: 1.2e-04
 Step:  404 E: -20.198973473184 G: 1.2e-04
 Step:  405 E: -20.198973474575 G: 1.2e-04
 Step:  406 E: -20.198973475939 G: 1.2e-04
 Step:  407 E: -20.198973477278 G: 1.1e-04
 Step:  408 E: -20.198973478592 G: 1.1e-04
 Step:  409 E: -20.198973479882 G: 1.1e-04
 Step:  410 E: -20.198973481147 G: 1.1e-04
 Step:  411 E: -20.198973482389 G: 1.1e-04
 Step:  412 E: -20.198973483608 G: 1.1e-04
 Step:  413 E: -20.198973484804 G: 1.1e-04
 Step:  414 E: -20.198973485977 G: 1.1e-04
 Step:  415 E: -20.198973487129 G: 1.1e-04
 Step:  416 E: -20.198973488259 G: 1.1e-04
 Step:  417 E: -20.198973489369 G: 1.0e-04
 Step:  418 E: -20.198973490457 G: 1.0e-04
 Step:  419 E: -20.198973491525 G: 1.0e-04
 Step:  420 E: -20.198973492573 G: 1.0e-04
 Step:  421 E: -20.198973493602 G: 1.0e-04
 Step:  422 E: -20.198973494612 G: 1.0e-04
 Step:  423 E: -20.198973495602 G: 9.9e-05
 Step:  424 E: -20.198973496574 G: 9.8e-05
 Step:  425 E: -20.198973497529 G: 9.7e-05
 Step:  426 E: -20.198973498465 G: 9.6e-05
 Step:  427 E: -20.198973499384 G: 9.5e-05
 Step:  428 E: -20.198973500285 G: 9.4e-05
 Step:  429 E: -20.198973501170 G: 9.3e-05
 Step:  430 E: -20.198973502039 G: 9.3e-05
 Step:  431 E: -20.198973502891 G: 9.2e-05
 Step:  432 E: -20.198973503728 G: 9.1e-05
 Step:  433 E: -20.198973504548 G: 9.0e-05
 Step: 1036 E: -20.198973547956 G: 3.5e-07
 Step: 1037 E: -20.198973547956 G: 3.5e-07
 Step: 1038 E: -20.198973547956 G: 3.4e-07
 Step: 1039 E: -20.198973547956 G: 3.4e-07
 Step: 1040 E: -20.198973547956 G: 3.4e-07
 Step: 1041 E: -20.198973547956 G: 3.3e-07
 Step: 1042 E: -20.198973547956 G: 3.3e-07
 Step: 1043 E: -20.198973547956 G: 3.3e-07
 Step: 1044 E: -20.198973547956 G: 3.3e-07
 Step: 1045 E: -20.198973547956 G: 3.2e-07
 Step: 1046 E: -20.198973547956 G: 3.2e-07
 Step: 1047 E: -20.198973547956 G: 3.2e-07
 Step: 1048 E: -20.198973547956 G: 3.1e-07
 Step: 1049 E: -20.198973547956 G: 3.1e-07
 Step: 1050 E: -20.198973547956 G: 3.1e-07
 Step: 1051 E: -20.198973547956 G: 3.1e-07
 Step: 1052 E: -20.198973547956 G: 3.0e-07
 Step: 1053 E: -20.198973547956 G: 3.0e-07
 Step: 1054 E: -20.198973547956 G: 3.0e-07
 Step: 1055 E: -20.198973547956 G: 3.0e-07
 Step: 1056 E: -20.198973547956 G: 2.9e-07
 Step: 1057 E: -20.198973547956 G: 2.9e-07
 Step: 1058 E: -20.198973547956 G: 2.9e-07
 Step: 1059 E: -20.198973547956 G: 2.8e-07
 Step: 1060 E: -20.198973547956 G: 2.8e-07
 Step: 1061 E: -20.198973547956 G: 2.8e-07
 Step: 1062 E: -20.198973547956 G: 2.8e-07
 Step: 1063 E: -20.198973547956 G: 2.7e-07
 Step: 1064 E: -20.198973547956 G: 2.7e-07
 Step: 1065 E: -20.198973547956 G: 2.7e-07
 Step: 1066 E: -20.198973547956 G: 2.7e-07
 Step: 1067 E: -20.198973547956 G: 2.7e-07
 Step: 1068 E: -20.198973547956 G: 2.6e-07
 Step: 1069 E: -20.198973547956 G: 2.6e-07
 Step: 1070 E: -20.198973547956 G: 2.6e-07
 Step: 1071 E: -20.198973547956 G: 2.6e-07
 Step: 1072 E: -20.198973547956 G: 2.5e-07
 Step: 1073 E: -20.198973547956 G: 2.5e-07
 Step: 1074 E: -20.198973547956 G: 2.5e-07
 Step: 1075 E: -20.198973547956 G: 2.5e-07
 Step: 1076 E: -20.198973547956 G: 2.4e-07
 Step: 1077 E: -20.198973547956 G: 2.4e-07
 Step: 1078 E: -20.198973547956 G: 2.4e-07
 Step: 1079 E: -20.198973547956 G: 2.4e-07
 Step: 1080 E: -20.198973547956 G: 2.4e-07
 Step: 1081 E: -20.198973547956 G: 2.3e-07
 Step: 1082 E: -20.198973547956 G: 2.3e-07
 Step: 1083 E: -20.198973547956 G: 2.3e-07
 Step: 1084 E: -20.198973547956 G: 2.3e-07
 Step: 1085 E: -20.198973547956 G: 2.3e-07
 Step: 1086 E: -20.198973547956 G: 2.2e-07
 Step: 1087 E: -20.198973547956 G: 2.2e-07
 Step: 1088 E: -20.198973547956 G: 2.2e-07
 Step: 1089 E: -20.198973547956 G: 2.2e-07
 Step: 1090 E: -20.198973547956 G: 2.2e-07
 Step: 1091 E: -20.198973547956 G: 2.1e-07
 Step: 1092 E: -20.198973547956 G: 2.1e-07
 Step: 1093 E: -20.198973547956 G: 2.1e-07
 Step: 1094 E: -20.198973547956 G: 2.1e-07
 Step: 1095 E: -20.198973547956 G: 2.1e-07
 Step: 1096 E: -20.198973547956 G: 2.1e-07
 Step: 1097 E: -20.198973547956 G: 2.0e-07
 Step: 1098 E: -20.198973547956 G: 2.0e-07
 Step: 1099 E: -20.198973547956 G: 2.0e-07
 Step: 1100 E: -20.198973547956 G: 2.0e-07
 Step: 1101 E: -20.198973547956 G: 2.0e-07
 Step: 1102 E: -20.198973547956 G: 1.9e-07
 Step: 1103 E: -20.198973547956 G: 1.9e-07
 Step: 1104 E: -20.198973547956 G: 1.9e-07
 Step: 1105 E: -20.198973547956 G: 1.9e-07
 Step: 1106 E: -20.198973547956 G: 1.9e-07
 Step: 1107 E: -20.198973547956 G: 1.9e-07
 Step: 1108 E: -20.198973547956 G: 1.8e-07
 Step: 1109 E: -20.198973547956 G: 1.8e-07
 Step: 1110 E: -20.198973547956 G: 1.8e-07
 Step: 1111 E: -20.198973547956 G: 1.8e-07
 Step: 1112 E: -20.198973547956 G: 1.8e-07
 Step: 1113 E: -20.198973547956 G: 1.8e-07
 Step: 1114 E: -20.198973547956 G: 1.7e-07
 Step: 1115 E: -20.198973547956 G: 1.7e-07
 Step: 1116 E: -20.198973547956 G: 1.7e-07
 Step: 1117 E: -20.198973547956 G: 1.7e-07
 Step: 1118 E: -20.198973547956 G: 1.7e-07
 Step: 1119 E: -20.198973547956 G: 1.7e-07
 Step: 1120 E: -20.198973547956 G: 1.7e-07
 Step: 1121 E: -20.198973547956 G: 1.6e-07
 Step: 1122 E: -20.198973547956 G: 1.6e-07
 Step: 1123 E: -20.198973547956 G: 1.6e-07
 Step: 1124 E: -20.198973547956 G: 1.6e-07
 Step: 1125 E: -20.198973547956 G: 1.6e-07
 Step: 1126 E: -20.198973547956 G: 1.6e-07
 Step: 1127 E: -20.198973547956 G: 1.6e-07
 Step: 1128 E: -20.198973547956 G: 1.5e-07
 Step: 1129 E: -20.198973547956 G: 1.5e-07
 Step: 1130 E: -20.198973547956 G: 1.5e-07
 Step: 1131 E: -20.198973547956 G: 1.5e-07
 Step: 1132 E: -20.198973547956 G: 1.5e-07
 Step: 1133 E: -20.198973547956 G: 1.5e-07
 Step: 1134 E: -20.198973547956 G: 1.5e-07
 Step: 1135 E: -20.198973547956 G: 1.5e-07
 Step: 1136 E: -20.198973547957 G: 1.4e-07
 Step: 1137 E: -20.198973547956 G: 1.4e-07
 Step: 1138 E: -20.198973547957 G: 1.4e-07
 Step: 1139 E: -20.198973547957 G: 1.4e-07
 Step: 1140 E: -20.198973547957 G: 1.4e-07
 Step: 1141 E: -20.198973547956 G: 1.4e-07
 Step: 1142 E: -20.198973547957 G: 1.4e-07
 Step: 1143 E: -20.198973547957 G: 1.4e-07
 Step: 1144 E: -20.198973547957 G: 1.3e-07
 Step: 1145 E: -20.198973547957 G: 1.3e-07
 Step: 1146 E: -20.198973547957 G: 1.3e-07
 Step: 1147 E: -20.198973547957 G: 1.3e-07
 Step: 1148 E: -20.198973547957 G: 1.3e-07
 Step: 1149 E: -20.198973547957 G: 1.3e-07
 Step: 1150 E: -20.198973547957 G: 1.3e-07
 Step: 1151 E: -20.198973547957 G: 1.3e-07
 Step: 1152 E: -20.198973547957 G: 1.3e-07
 Step: 1153 E: -20.198973547957 G: 1.2e-07
 Step: 1154 E: -20.198973547957 G: 1.2e-07
 Step: 1155 E: -20.198973547957 G: 1.2e-07
 Step: 1156 E: -20.198973547957 G: 1.2e-07
 Step: 1157 E: -20.198973547957 G: 1.2e-07
 Step: 1158 E: -20.198973547957 G: 1.2e-07
 Step: 1159 E: -20.198973547957 G: 1.2e-07
 Step: 1160 E: -20.198973547957 G: 1.2e-07
 Step: 1161 E: -20.198973547957 G: 1.2e-07
 Step: 1162 E: -20.198973547957 G: 1.2e-07
 Step: 1163 E: -20.198973547957 G: 1.1e-07
 Step: 1164 E: -20.198973547957 G: 1.1e-07
 Step: 1165 E: -20.198973547957 G: 1.1e-07
 Step: 1166 E: -20.198973547957 G: 1.1e-07
 Step: 1167 E: -20.198973547957 G: 1.1e-07
 Step: 1168 E: -20.198973547957 G: 1.1e-07
 Step: 1169 E: -20.198973547957 G: 1.1e-07
 Step: 1170 E: -20.198973547957 G: 1.1e-07
 Step: 1171 E: -20.198973547957 G: 1.1e-07
 Step: 1172 E: -20.198973547957 G: 1.1e-07
 Step: 1173 E: -20.198973547957 G: 1.0e-07
 Step: 1174 E: -20.198973547957 G: 1.0e-07
 Step: 1175 E: -20.198973547957 G: 1.0e-07
 Step: 1176 E: -20.198973547957 G: 1.0e-07
 Step: 1177 E: -20.198973547957 G: 1.0e-07
 Step: 1178 E: -20.198973547957 G: 1.0e-07
 Step: 1179 E: -20.198973547957 G: 9.9e-08
 Step: 1180 E: -20.198973547957 G: 9.9e-08
 Step: 1181 E: -20.198973547957 G: 9.8e-08
 Step: 1182 E: -20.198973547957 G: 9.7e-08
 Step: 1183 E: -20.198973547957 G: 9.6e-08
 Step: 1184 E: -20.198973547957 G: 9.5e-08
 Step: 1185 E: -20.198973547957 G: 9.4e-08
 Step: 1186 E: -20.198973547957 G: 9.4e-08
 Step: 1187 E: -20.198973547957 G: 9.3e-08
 Step: 1188 E: -20.198973547957 G: 9.2e-08
 Step: 1189 E: -20.198973547957 G: 9.1e-08
 Step: 1190 E: -20.198973547957 G: 9.0e-08
 Step: 1191 E: -20.198973547957 G: 9.0e-08
 Step: 1192 E: -20.198973547957 G: 8.9e-08
 Step: 1193 E: -20.198973547957 G: 8.8e-08
 Step: 1194 E: -20.198973547957 G: 8.7e-08
 Step: 1195 E: -20.198973547957 G: 8.7e-08
 Step: 1196 E: -20.198973547957 G: 8.6e-08
 Step: 1197 E: -20.198973547957 G: 8.5e-08
 Step: 1198 E: -20.198973547957 G: 8.4e-08
 Step: 1199 E: -20.198973547957 G: 8.4e-08
 Step: 1200 E: -20.198973547957 G: 8.3e-08
 Step: 1201 E: -20.198973547957 G: 8.2e-08
 Step: 1202 E: -20.198973547957 G: 8.2e-08
 Step: 1203 E: -20.198973547957 G: 8.1e-08
 Step: 1204 E: -20.198973547957 G: 8.0e-08
 Step: 1205 E: -20.198973547957 G: 8.0e-08
 Step: 1206 E: -20.198973547957 G: 7.9e-08
 Step: 1207 E: -20.198973547957 G: 7.8e-08
 Step: 1208 E: -20.198973547957 G: 7.8e-08
 Step: 1209 E: -20.198973547957 G: 7.7e-08
 Step: 1210 E: -20.198973547957 G: 7.6e-08
 Step: 1211 E: -20.198973547957 G: 7.6e-08
 Step: 1212 E: -20.198973547957 G: 7.5e-08
 Step: 1213 E: -20.198973547957 G: 7.4e-08
 Step: 1214 E: -20.198973547957 G: 7.4e-08
 Step: 1215 E: -20.198973547957 G: 7.3e-08
 Step: 1216 E: -20.198973547957 G: 7.3e-08
 Step: 1217 E: -20.198973547957 G: 7.2e-08
 Step: 1218 E: -20.198973547957 G: 7.1e-08
 Step: 1219 E: -20.198973547957 G: 7.1e-08
 Step: 1220 E: -20.198973547957 G: 7.0e-08
 Step: 1221 E: -20.198973547957 G: 7.0e-08
 Step: 1222 E: -20.198973547957 G: 6.9e-08
 Step: 1223 E: -20.198973547957 G: 6.8e-08
 Step: 1224 E: -20.198973547957 G: 6.8e-08
 Step: 1225 E: -20.198973547957 G: 6.7e-08
 Step: 1226 E: -20.198973547957 G: 6.7e-08
 Step: 1227 E: -20.198973547957 G: 6.6e-08
 Step: 1228 E: -20.198973547957 G: 6.6e-08
 Step: 1229 E: -20.198973547957 G: 6.5e-08
 Step: 1230 E: -20.198973547957 G: 6.4e-08
 Step: 1231 E: -20.198973547957 G: 6.4e-08
 Step: 1232 E: -20.198973547957 G: 6.3e-08
 Step: 1233 E: -20.198973547957 G: 6.3e-08
 Step: 1234 E: -20.198973547957 G: 6.2e-08
 Step: 1235 E: -20.198973547957 G: 6.2e-08
 Step: 1236 E: -20.198973547957 G: 6.1e-08
 Step: 1237 E: -20.198973547957 G: 6.1e-08
 Step: 1238 E: -20.198973547957 G: 6.0e-08
 Step: 1239 E: -20.198973547957 G: 6.0e-08
 Step: 1240 E: -20.198973547957 G: 5.9e-08
 Step: 1241 E: -20.198973547957 G: 5.9e-08
 Step: 1242 E: -20.198973547957 G: 5.8e-08
 Step: 1243 E: -20.198973547957 G: 5.8e-08
 Step: 1244 E: -20.198973547957 G: 5.7e-08
 Step: 1245 E: -20.198973547957 G: 5.7e-08
 Step: 1246 E: -20.198973547957 G: 5.6e-08
 Step: 1247 E: -20.198973547957 G: 5.6e-08
 Step: 1248 E: -20.198973547957 G: 5.5e-08
 Step: 1249 E: -20.198973547957 G: 5.5e-08
 Step: 1250 E: -20.198973547957 G: 5.5e-08
 Step: 1251 E: -20.198973547957 G: 5.4e-08
 Step: 1252 E: -20.198973547957 G: 5.4e-08
 Step: 1253 E: -20.198973547957 G: 5.3e-08
 Step: 1254 E: -20.198973547957 G: 5.3e-08
 Step: 1255 E: -20.198973547957 G: 5.2e-08
 Step: 1256 E: -20.198973547957 G: 5.2e-08
 Step: 1257 E: -20.198973547957 G: 5.2e-08
 Step: 1258 E: -20.198973547957 G: 5.1e-08
 Step: 1259 E: -20.198973547957 G: 5.1e-08
 Step: 1260 E: -20.198973547957 G: 5.0e-08
 Step: 1261 E: -20.198973547957 G: 5.0e-08
 Step: 1262 E: -20.198973547957 G: 4.9e-08
 Step: 1263 E: -20.198973547957 G: 4.9e-08
 Step: 1264 E: -20.198973547957 G: 4.9e-08
 Step: 1265 E: -20.198973547957 G: 4.8e-08
 Step: 1266 E: -20.198973547957 G: 4.8e-08
 Step: 1267 E: -20.198973547957 G: 4.7e-08
 Step: 1268 E: -20.198973547957 G: 4.7e-08
 Step: 1269 E: -20.198973547957 G: 4.7e-08
 Step: 1270 E: -20.198973547957 G: 4.6e-08
 Step: 1271 E: -20.198973547957 G: 4.6e-08
 Step: 1272 E: -20.198973547957 G: 4.6e-08
 Step: 1273 E: -20.198973547957 G: 4.5e-08
 Step: 1274 E: -20.198973547957 G: 4.5e-08
 Step: 1275 E: -20.198973547957 G: 4.4e-08
 Step: 1276 E: -20.198973547957 G: 4.4e-08
 Step: 1277 E: -20.198973547957 G: 4.4e-08
 Step: 1278 E: -20.198973547957 G: 4.3e-08
 Step: 1279 E: -20.198973547957 G: 4.3e-08
 Step: 1280 E: -20.198973547957 G: 4.3e-08
 Step: 1281 E: -20.198973547957 G: 4.2e-08
 Step: 1282 E: -20.198973547957 G: 4.2e-08
 Step: 1283 E: -20.198973547957 G: 4.2e-08
 Step: 1284 E: -20.198973547957 G: 4.1e-08
 Step: 1285 E: -20.198973547957 G: 4.1e-08
 Step: 1286 E: -20.198973547957 G: 4.1e-08
 Step: 1287 E: -20.198973547957 G: 4.0e-08
 Step: 1288 E: -20.198973547957 G: 4.0e-08
 Step: 1289 E: -20.198973547957 G: 4.0e-08
 Step: 1290 E: -20.198973547957 G: 3.9e-08
 Step: 1291 E: -20.198973547957 G: 3.9e-08
 Step: 1292 E: -20.198973547957 G: 3.9e-08
 Step: 1293 E: -20.198973547957 G: 3.8e-08
 Step: 1294 E: -20.198973547957 G: 3.8e-08
 Step: 1295 E: -20.198973547957 G: 3.8e-08
 Step: 1296 E: -20.198973547957 G: 3.8e-08
 Step: 1297 E: -20.198973547957 G: 3.7e-08
 Step: 1298 E: -20.198973547957 G: 3.7e-08
 Step: 1299 E: -20.198973547957 G: 3.7e-08
 Step: 1300 E: -20.198973547957 G: 3.6e-08
 Step: 1301 E: -20.198973547957 G: 3.6e-08
 Step: 1302 E: -20.198973547957 G: 3.6e-08
 Step: 1303 E: -20.198973547957 G: 3.6e-08
 Step: 1304 E: -20.198973547957 G: 3.5e-08
 Step: 1305 E: -20.198973547957 G: 3.5e-08
 Step: 1306 E: -20.198973547957 G: 3.5e-08
 Step: 1307 E: -20.198973547957 G: 3.4e-08
 Step: 1308 E: -20.198973547957 G: 3.4e-08
 Step: 1309 E: -20.198973547957 G: 3.4e-08
 Step: 1310 E: -20.198973547957 G: 3.4e-08
 Step: 1311 E: -20.198973547957 G: 3.3e-08
 Step: 1312 E: -20.198973547957 G: 3.3e-08
 Step: 1313 E: -20.198973547957 G: 3.3e-08
 Step: 1314 E: -20.198973547957 G: 3.3e-08
 Step: 1315 E: -20.198973547957 G: 3.2e-08
 Step: 1316 E: -20.198973547957 G: 3.2e-08
 Step: 1317 E: -20.198973547957 G: 3.2e-08
 Step: 1318 E: -20.198973547957 G: 3.2e-08
 Step: 1319 E: -20.198973547957 G: 3.1e-08
 Step: 1320 E: -20.198973547957 G: 3.1e-08
 Step: 1321 E: -20.198973547957 G: 3.1e-08
 Step: 1322 E: -20.198973547957 G: 3.1e-08
 Step: 1323 E: -20.198973547957 G: 3.0e-08
 Step: 1324 E: -20.198973547957 G: 3.0e-08
 Step: 1325 E: -20.198973547957 G: 3.0e-08
 Step: 1326 E: -20.198973547957 G: 3.0e-08
 Step: 1327 E: -20.198973547957 G: 2.9e-08
 Step: 1328 E: -20.198973547957 G: 2.9e-08
 Step: 1329 E: -20.198973547957 G: 2.9e-08
 Step: 1330 E: -20.198973547957 G: 2.9e-08
 Step: 1331 E: -20.198973547957 G: 2.9e-08
 Step: 1332 E: -20.198973547957 G: 2.8e-08
 Step: 1333 E: -20.198973547957 G: 2.8e-08
 Step: 1334 E: -20.198973547957 G: 2.8e-08
 Step: 1335 E: -20.198973547957 G: 2.8e-08
 Step: 1336 E: -20.198973547957 G: 2.7e-08
 Step: 1337 E: -20.198973547957 G: 2.7e-08
 Step: 1338 E: -20.198973547957 G: 2.7e-08
 Step: 1339 E: -20.198973547957 G: 2.7e-08
 Step: 1340 E: -20.198973547957 G: 2.7e-08
 Step: 1341 E: -20.198973547957 G: 2.6e-08
 Step: 1342 E: -20.198973547957 G: 2.6e-08
 Step: 1343 E: -20.198973547957 G: 2.6e-08
 Step: 1344 E: -20.198973547957 G: 2.6e-08
 Step: 1345 E: -20.198973547957 G: 2.6e-08
 Step: 1346 E: -20.198973547957 G: 2.5e-08
 Step: 1347 E: -20.198973547957 G: 2.5e-08
 Step: 1348 E: -20.198973547957 G: 2.5e-08
 Step: 1349 E: -20.198973547957 G: 2.5e-08
 Step: 1350 E: -20.198973547957 G: 2.5e-08
 Step: 1351 E: -20.198973547957 G: 2.4e-08
 Step: 1352 E: -20.198973547957 G: 2.4e-08
 Step: 1353 E: -20.198973547957 G: 2.4e-08
 Step: 1354 E: -20.198973547957 G: 2.4e-08
 Step: 1355 E: -20.198973547957 G: 2.4e-08
 Step: 1356 E: -20.198973547957 G: 2.4e-08
 Step: 1357 E: -20.198973547957 G: 2.3e-08
 Step: 1358 E: -20.198973547957 G: 2.3e-08
 Step: 1359 E: -20.198973547957 G: 2.3e-08
 Step: 1360 E: -20.198973547957 G: 2.3e-08
 Step: 1361 E: -20.198973547957 G: 2.3e-08
 Step: 1362 E: -20.198973547957 G: 2.3e-08
 Step: 1363 E: -20.198973547957 G: 2.2e-08
 Step: 1364 E: -20.198973547957 G: 2.2e-08
 Step: 1365 E: -20.198973547957 G: 2.2e-08
 Step: 1366 E: -20.198973547957 G: 2.2e-08
 Step: 1367 E: -20.198973547957 G: 2.2e-08
 Step: 1368 E: -20.198973547957 G: 2.2e-08
 Step: 1369 E: -20.198973547957 G: 2.1e-08
 Step: 1370 E: -20.198973547957 G: 2.1e-08
 Step: 1371 E: -20.198973547957 G: 2.1e-08
 Step: 1372 E: -20.198973547957 G: 2.1e-08
 Step: 1373 E: -20.198973547957 G: 2.1e-08
 Step: 1374 E: -20.198973547957 G: 2.1e-08
 Step: 1375 E: -20.198973547957 G: 2.0e-08
 Step: 1376 E: -20.198973547957 G: 2.0e-08
 Step: 1377 E: -20.198973547957 G: 2.0e-08
 Step: 1378 E: -20.198973547957 G: 2.0e-08
 Step: 1379 E: -20.198973547957 G: 2.0e-08
 Step: 1380 E: -20.198973547957 G: 2.0e-08
 Step: 1381 E: -20.198973547957 G: 2.0e-08
 Step: 1382 E: -20.198973547957 G: 1.9e-08
 Step: 1383 E: -20.198973547957 G: 1.9e-08
 Step: 1384 E: -20.198973547957 G: 1.9e-08
 Step: 1385 E: -20.198973547957 G: 1.9e-08
 Step: 1386 E: -20.198973547957 G: 1.9e-08
 Step: 1387 E: -20.198973547957 G: 1.9e-08
 Step: 1388 E: -20.198973547957 G: 1.9e-08
 Step: 1389 E: -20.198973547957 G: 1.8e-08
 Step: 1390 E: -20.198973547957 G: 1.8e-08
 Step: 1391 E: -20.198973547957 G: 1.8e-08
 Step: 1392 E: -20.198973547957 G: 1.8e-08
 Step: 1393 E: -20.198973547957 G: 1.8e-08
 Step: 1394 E: -20.198973547957 G: 1.8e-08
 Step: 1395 E: -20.198973547957 G: 1.8e-08
 Step: 1396 E: -20.198973547957 G: 1.8e-08
 Step: 1397 E: -20.198973547957 G: 1.7e-08
 Step: 1398 E: -20.198973547957 G: 1.7e-08
 Step: 1399 E: -20.198973547957 G: 1.7e-08
 Step: 1400 E: -20.198973547957 G: 1.7e-08
 Step: 1401 E: -20.198973547957 G: 1.7e-08
 Step: 1402 E: -20.198973547957 G: 1.7e-08
 Step: 1403 E: -20.198973547957 G: 1.7e-08
 Step: 1404 E: -20.198973547957 G: 1.7e-08
 Step: 1405 E: -20.198973547957 G: 1.6e-08
 Step: 1406 E: -20.198973547957 G: 1.6e-08
 Step: 1407 E: -20.198973547957 G: 1.6e-08
 Step: 1408 E: -20.198973547957 G: 1.6e-08
 Step: 1409 E: -20.198973547957 G: 1.6e-08
 Step: 1410 E: -20.198973547957 G: 1.6e-08
 Step: 1411 E: -20.198973547957 G: 1.6e-08
 Step: 1412 E: -20.198973547957 G: 1.6e-08
 Step: 1413 E: -20.198973547957 G: 1.6e-08
 Step: 1414 E: -20.198973547957 G: 1.5e-08
 Step: 1415 E: -20.198973547957 G: 1.5e-08
 Step: 1416 E: -20.198973547957 G: 1.5e-08
 Step: 1417 E: -20.198973547957 G: 1.5e-08
 Step: 1418 E: -20.198973547957 G: 1.5e-08
 Step: 1419 E: -20.198973547957 G: 1.5e-08
 Step: 1420 E: -20.198973547957 G: 1.5e-08
 Step: 1421 E: -20.198973547957 G: 1.5e-08
 Step: 1422 E: -20.198973547957 G: 1.5e-08
 Step: 1423 E: -20.198973547957 G: 1.4e-08
 Step: 1424 E: -20.198973547957 G: 1.4e-08
 Step: 1425 E: -20.198973547957 G: 1.4e-08
 Step: 1426 E: -20.198973547957 G: 1.4e-08
 Step: 1427 E: -20.198973547957 G: 1.4e-08
 Step: 1428 E: -20.198973547957 G: 1.4e-08
 Step: 1429 E: -20.198973547957 G: 1.4e-08
 Step: 1430 E: -20.198973547957 G: 1.4e-08
 Step: 1431 E: -20.198973547957 G: 1.4e-08
 Step: 1432 E: -20.198973547957 G: 1.4e-08
 Step: 1433 E: -20.198973547957 G: 1.4e-08
 Step: 1434 E: -20.198973547957 G: 1.3e-08
 Step: 1435 E: -20.198973547957 G: 1.3e-08
 Step: 1436 E: -20.198973547957 G: 1.3e-08
 Step: 1437 E: -20.198973547957 G: 1.3e-08
 Step: 1438 E: -20.198973547957 G: 1.3e-08
 Step: 1439 E: -20.198973547957 G: 1.3e-08
 Step: 1440 E: -20.198973547957 G: 1.3e-08
 Step: 1441 E: -20.198973547957 G: 1.3e-08
 Step: 1442 E: -20.198973547957 G: 1.3e-08
 Step: 1443 E: -20.198973547957 G: 1.3e-08
 Step: 1444 E: -20.198973547957 G: 1.3e-08
 Step: 1445 E: -20.198973547957 G: 1.2e-08
 Step: 1446 E: -20.198973547957 G: 1.2e-08
 Step: 1447 E: -20.198973547957 G: 1.2e-08
 Step: 1448 E: -20.198973547957 G: 1.2e-08
 Step: 1449 E: -20.198973547957 G: 1.2e-08
 Step: 1450 E: -20.198973547957 G: 1.2e-08
 Step: 1451 E: -20.198973547957 G: 1.2e-08
 Step: 1452 E: -20.198973547957 G: 1.2e-08
 Step: 1453 E: -20.198973547957 G: 1.2e-08
 Step: 1454 E: -20.198973547957 G: 1.2e-08
 Step: 1455 E: -20.198973547957 G: 1.2e-08
 Step: 1456 E: -20.198973547957 G: 1.2e-08
 Step: 1457 E: -20.198973547957 G: 1.1e-08
 Step: 1458 E: -20.198973547957 G: 1.1e-08
 Step: 1459 E: -20.198973547957 G: 1.1e-08
 Step: 1460 E: -20.198973547957 G: 1.1e-08
 Step: 1461 E: -20.198973547957 G: 1.1e-08
 Step: 1462 E: -20.198973547957 G: 1.1e-08
 Step: 1463 E: -20.198973547957 G: 1.1e-08
 Step: 1464 E: -20.198973547957 G: 1.1e-08
 Step: 1465 E: -20.198973547957 G: 1.1e-08
 Step: 1466 E: -20.198973547957 G: 1.1e-08
 Step: 1467 E: -20.198973547957 G: 1.1e-08
 Step: 1468 E: -20.198973547957 G: 1.1e-08
 Step: 1469 E: -20.198973547957 G: 1.1e-08
 Step: 1470 E: -20.198973547957 G: 1.1e-08
 Step: 1471 E: -20.198973547957 G: 1.0e-08
 Step: 1472 E: -20.198973547957 G: 1.0e-08
 Step: 1473 E: -20.198973547957 G: 1.0e-08
 Step: 1474 E: -20.198973547957 G: 1.0e-08
 Step: 1475 E: -20.198973547957 G: 1.0e-08
 Step: 1476 E: -20.198973547957 G: 1.0e-08
 Step: 1477 E: -20.198973547957 G: 1.0e-08
*Step: 1478 E: -20.198973547957 G: 1.0e-08
224.472186 seconds (40.97 M allocations: 178.306 GiB, 12.42% gc time)
 Solve OO-CMF with DIIS
 ooCMF Iter:    1 Total= -20.197476079501 G=    1.650e-01 #SS:    1
 ooCMF Iter:    2 Total= -20.198749182929 G=    3.773e-02 #SS:    2
 ooCMF Iter:    3 Total= -20.198820266779 G=    5.947e-03 #SS:    3
 ooCMF Iter:    4 Total= -20.198823517385 G=    5.407e-03 #SS:    4
 ooCMF Iter:    5 Total= -20.198826279028 G=    5.330e-03 #SS:    5
 ooCMF Iter:    6 Total= -20.198836519272 G=    5.141e-03 #SS:    6
 ooCMF Iter:    7 Total= -20.198967452125 G=    1.229e-03 #SS:    7
 ooCMF Iter:    8 Total= -20.198972165049 G=    6.313e-04 #SS:    8
 ooCMF Iter:    9 Total= -20.198972220043 G=    6.142e-04 #SS:    9
 ooCMF Iter:   10 Total= -20.198972716106 G=    4.627e-04 #SS:   10
 ooCMF Iter:   11 Total= -20.198973255728 G=    2.496e-04 #SS:   11
 ooCMF Iter:   12 Total= -20.198973212915 G=    2.761e-04 #SS:   12
 ooCMF Iter:   13 Total= -20.198973511730 G=    9.813e-05 #SS:   13
 ooCMF Iter:   14 Total= -20.198973543719 G=    3.012e-05 #SS:   14
 ooCMF Iter:   15 Total= -20.198973544225 G=    2.848e-05 #SS:   15
 ooCMF Iter:   16 Total= -20.198973547940 G=    3.777e-06 #SS:   16
 ooCMF Iter:   17 Total= -20.198973547941 G=    1.221e-06 #SS:   17
 ooCMF Iter:   18 Total= -20.198973547942 G=    1.215e-06 #SS:   18
 ooCMF Iter:   19 Total= -20.198973547942 G=    1.213e-06 #SS:   19
 ooCMF Iter:   20 Total= -20.198973547942 G=    1.211e-06 #SS:   20
 ooCMF Iter:   21 Total= -20.198973547942 G=    1.209e-06 #SS:   21
 ooCMF Iter:   22 Total= -20.198973547942 G=    1.208e-06 #SS:   22
 ooCMF Iter:   23 Total= -20.198973547942 G=    1.207e-06 #SS:   23
 ooCMF Iter:   24 Total= -20.198973547942 G=    1.206e-06 #SS:   24
 ooCMF Iter:   25 Total= -20.198973547944 G=    1.173e-06 #SS:   24
 ooCMF Iter:   26 Total= -20.198973547956 G=    2.090e-07 #SS:   24
 ooCMF Iter:   27 Total= -20.198973547956 G=    4.678e-07 #SS:   24
 ooCMF Iter:   28 Total= -20.198973547956 G=    9.762e-08 #SS:   24
*ooCMF Iter:   29 Total= -20.198973547956 G=    5.436e-09 #SS:   24
 10.593363 seconds (8.30 M allocations: 9.397 GiB, 13.94% gc time)
 Solve OO-CMF with DIIS
 ooCMF Iter:    1 Total= -20.198929821895 G=    1.356e-02 #SS:    1
 ooCMF Iter:    2 Total= -20.198970810781 G=    8.005e-03 #SS:    2
 ooCMF Iter:    3 Total= -20.198973547418 G=    1.045e-04 #SS:    3
 ooCMF Iter:    4 Total= -20.198973547956 G=    3.750e-06 #SS:    4
 ooCMF Iter:    5 Total= -20.198973547956 G=    1.239e-07 #SS:    5
*ooCMF Iter:    6 Total= -20.198973547956 G=    3.621e-09 #SS:    6
  4.199810 seconds (652.53 k allocations: 2.629 GiB, 7.70% gc time)
 Solve OO-CMF with DIIS
 ooCMF Iter:    1 Total= -20.198910013685 G=    1.128e-02 #SS:    1
 ooCMF Iter:    2 Total= -20.198966012841 G=    7.810e-03 #SS:    2
 ooCMF Iter:    3 Total= -20.198973058000 G=    1.737e-03 #SS:    3
 ooCMF Iter:    4 Total= -20.198973547483 G=    4.423e-05 #SS:    4
 ooCMF Iter:    5 Total= -20.198973547956 G=    1.128e-06 #SS:    5
 ooCMF Iter:    6 Total= -20.198973547956 G=    8.034e-08 #SS:    6
*ooCMF Iter:    7 Total= -20.198973547956 G=    1.850e-09 #SS:    7
  6.917073 seconds (1.11 M allocations: 3.015 GiB, 4.70% gc time)
 Solve OO-CMF with newton
 Step:    1 E: -20.167345788449 G:     7.72e-01  
 Step:    2 E: -20.198910013685 G:     1.13e-02  
 Step:    3 E: -20.198973455782 G:     4.11e-04  
 Step:    4 E: -20.198973547484 G:     1.83e-05  
 Step:    5 E: -20.198973547954 G:     1.09e-06  
 Step:    6 E: -20.198973547956 G:     7.41e-08  
 Step:    7 E: -20.198973547956 G:     5.28e-09  
  5.507490 seconds (759.28 k allocations: 1.424 GiB, 6.99% gc time)
 Solve OO-CMF with newton
 Step:    1 E: -20.167345788449 G:     7.72e-01  
 Step:    2 E: -20.198929821895 G:     1.36e-02  
 Step:    3 E: -20.198973546335 G:     7.58e-05  
 Step:    4 E: -20.198973547950 G:     1.23e-06  
 Step:    5 E: -20.198973547956 G:     8.37e-08  
 Step:    6 E: -20.198973547956 G:     5.71e-09  
  2.680885 seconds (340.13 k allocations: 1.200 GiB)