MOCluster[MOCluster(1, Int16[1, 2, 3, 4, 5, 6]), MOCluster                       (2, Int16[7, 8, 9, 10, 11, 12]), MOCluster(3, Int16[13, 14, 15, 16, 17, 18]), MOClus                       ter(4, Int16[19, 20, 21, 22, 23, 24]), MOCluster(5, Int16[25, 26])][(3, 3), (3, 3),                        (3, 3), (3, 3), (1, 1)] ooCMF Iter:    1 Total= -996.455149805120 Active= -56.434499391698 G=     4.10e-01
 ooCMF Iter:    2 Total= -996.506051029140 Active= -56.485400615718 G=     1.20e-01
 ooCMF Iter:    3 Total= -996.509530705419 Active= -56.488880291997 G=     3.35e-02
 ooCMF Iter:    4 Total= -996.509798240858 Active= -56.489147827436 G=     1.17e-02
 ooCMF Iter:    5 Total= -996.509845146135 Active= -56.489194732713 G=     8.73e-03
 ooCMF Iter:    6 Total= -996.509911133234 Active= -56.489260719811 G=     7.80e-03
 ooCMF Iter:    7 Total= -996.509928115078 Active= -56.489277701656 G=     2.92e-03
 ooCMF Iter:    8 Total= -996.509929961845 Active= -56.489279548423 G=     1.02e-03
 ooCMF Iter:    9 Total= -996.509930209845 Active= -56.489279796423 G=     4.98e-04
 ooCMF Iter:   10 Total= -996.509930347424 Active= -56.489279934002 G=     4.84e-04
 ooCMF Iter:   11 Total= -996.509930457540 Active= -56.489280044118 G=     4.12e-04
 ooCMF Iter:   12 Total= -996.509930517948 Active= -56.489280104525 G=     1.30e-04
 ooCMF Iter:   13 Total= -996.509930524931 Active= -56.489280111509 G=     4.46e-05
 ooCMF Iter:   14 Total= -996.509930525616 Active= -56.489280112194 G=     2.57e-05
 ooCMF Iter:   15 Total= -996.509930525780 Active= -56.489280112358 G=     1.37e-05
 ooCMF Iter:   16 Total= -996.509930525877 Active= -56.489280112455 G=     1.16e-05
 ooCMF Iter:   17 Total= -996.509930525937 Active= -56.489280112515 G=     9.32e-06
 ooCMF Iter:   18 Total= -996.509930525959 Active= -56.489280112537 G=     3.06e-06
 ooCMF Iter:   19 Total= -996.509930525963 Active= -56.489280112541 G=     1.20e-06
 ooCMF Iter:   20 Total= -996.509930525964 Active= -56.489280112542 G=     7.73e-07
 ooCMF Iter:   21 Total= -996.509930525964 Active= -56.489280112542 G=     3.78e-07
 ooCMF Iter:   22 Total= -996.509930525964 Active= -56.489280112542 G=     4.12e-07
 ooCMF Iter:   23 Total= -996.509930525964 Active= -56.489280112542 G=     2.54e-07
 ooCMF Iter:   24 Total= -996.509930525964 Active= -56.489280112542 G=     1.22e-07
 ooCMF Iter:   25 Total= -996.509930525964 Active= -56.489280112542 G=     5.40e-08
 ooCMF Iter:   26 Total= -996.509930525965 Active= -56.489280112543 G=     3.59e-08
 * Status: success

 * Candidate solution
    Final objective value:     -9.965099e+02

 * Found with
    Algorithm:     BFGS

 * Convergence measures
    |x - x'|               = 2.02e-08 ≰ 0.0e+00
    |x - x'|/|x'|          = 2.30e-07 ≰ 0.0e+00
    |f(x) - f(x')|         = 7.96e-13 ≰ 0.0e+00
    |f(x) - f(x')|/|f(x')| = 7.99e-16 ≰ 0.0e+00
    |g(x)|                 = 6.73e-09 ≤ 1.0e-08

 * Work counters
    Seconds run:   73  (vs limit Inf)
    Iterations:    25
    f(x) calls:    58
    ∇f(x) calls:   58

*ooCMF -996.50993053 
 75.964431 seconds (5.36 M allocations: 4.484 GiB, 0.70% gc time)
 ooCMF Iter:    1 Total= -996.455149805120 Active= -56.434499391698 G=     4.10e-01
 ooCMF Iter:    2 Total= -996.506021982954 Active= -56.485371569532 G=     1.23e-01
 ooCMF Iter:    3 Total= -996.509527941703 Active= -56.488877528281 G=     3.26e-02
 ooCMF Iter:    4 Total= -996.509796385322 Active= -56.489145971900 G=     1.14e-02
 ooCMF Iter:    5 Total= -996.509845067298 Active= -56.489194653876 G=     9.47e-03
 ooCMF Iter:    6 Total= -996.509889841984 Active= -56.489239428562 G=     1.42e-02
 ooCMF Iter:    7 Total= -996.509925609554 Active= -56.489275196132 G=     3.69e-03
 ooCMF Iter:    8 Total= -996.509928915505 Active= -56.489278502082 G=     1.37e-03
 ooCMF Iter:    9 Total= -996.509929496664 Active= -56.489279083242 G=     8.77e-04
 ooCMF Iter:   10 Total= -996.509930077105 Active= -56.489279663683 G=     7.74e-04
 ooCMF Iter:   11 Total= -996.509930420961 Active= -56.489280007539 G=     6.41e-04
 ooCMF Iter:   12 Total= -996.509930512154 Active= -56.489280098732 G=     2.25e-04
 ooCMF Iter:   13 Total= -996.509930522544 Active= -56.489280109122 G=     6.67e-05
 ooCMF Iter:   14 Total= -996.509930523954 Active= -56.489280110532 G=     3.49e-05
 ooCMF Iter:   15 Total= -996.509930524853 Active= -56.489280111431 G=     3.43e-05
 ooCMF Iter:   16 Total= -996.509930525602 Active= -56.489280112180 G=     3.93e-05
 ooCMF Iter:   17 Total= -996.509930525914 Active= -56.489280112492 G=     1.10e-05
 ooCMF Iter:   18 Total= -996.509930525943 Active= -56.489280112521 G=     6.70e-06
 ooCMF Iter:   19 Total= -996.509930525949 Active= -56.489280112527 G=     6.53e-06
 ooCMF Iter:   20 Total= -996.509930525954 Active= -56.489280112532 G=     6.26e-06
 ooCMF Iter:   21 Total= -996.509930525961 Active= -56.489280112539 G=     1.43e-06
 ooCMF Iter:   22 Total= -996.509930525962 Active= -56.489280112540 G=     2.39e-06
 ooCMF Iter:   23 Total= -996.509930525964 Active= -56.489280112542 G=     1.06e-06
 ooCMF Iter:   24 Total= -996.509930525964 Active= -56.489280112542 G=     6.04e-07
 ooCMF Iter:   25 Total= -996.509930525965 Active= -56.489280112543 G=     1.39e-07
 ooCMF Iter:   26 Total= -996.509930525965 Active= -56.489280112542 G=     8.75e-08
 ooCMF Iter:   27 Total= -996.509930525964 Active= -56.489280112542 G=     1.04e-07
 ooCMF Iter:   28 Total= -996.509930525964 Active= -56.489280112542 G=     3.28e-08
 * Status: success (objective increased between iterations)

 * Candidate solution
    Final objective value:     -9.965099e+02

 * Found with
    Algorithm:     Conjugate Gradient

 * Convergence measures
    |x - x'|               = 3.06e-08 ≰ 0.0e+00
    |x - x'|/|x'|          = 3.47e-07 ≰ 0.0e+00
    |f(x) - f(x')|         = 2.27e-13 ≰ 0.0e+00
    |f(x) - f(x')|/|f(x')| = 2.28e-16 ≰ 0.0e+00
    |g(x)|                 = 6.30e-09 ≤ 1.0e-08

 * Work counters
    Seconds run:   54  (vs limit Inf)
    Iterations:    27
    f(x) calls:    63
    ∇f(x) calls:   38

*ooCMF -996.50993053 
 56.119491 seconds (3.95 M allocations: 3.402 GiB, 0.96% gc time)
 Step:    1 E: -996.455149805120 G: 4.1e-01
 Step:    2 E: -996.470617444430 G: 3.4e-01
 Step:    3 E: -996.481521326684 G: 2.9e-01
 Step:    4 E: -996.489256293238 G: 2.4e-01
 Step:    5 E: -996.494782010780 G: 2.1e-01
 Step:    6 E: -996.498757914824 G: 1.8e-01
 Step:    7 E: -996.501638687575 G: 1.5e-01
 Step:    8 E: -996.503739733983 G: 1.3e-01
 Step:    9 E: -996.505281466587 G: 1.1e-01
 Step:   10 E: -996.506419138771 G: 9.5e-02
 Step:   11 E: -996.507262978964 G: 8.2e-02
 Step:   12 E: -996.507891850053 G: 7.1e-02
 Step:   13 E: -996.508362582655 G: 6.2e-02
 Step:   14 E: -996.508716404439 G: 5.3e-02
 Step:   15 E: -996.508983406955 G: 4.6e-02
 Step:   16 E: -996.509185675482 G: 4.1e-02
 Step:   17 E: -996.509339500261 G: 3.5e-02
 Step:   18 E: -996.509456951031 G: 3.1e-02
 Step:   19 E: -996.509547006445 G: 2.7e-02
 Step:   20 E: -996.509616369738 G: 2.4e-02
 Step:   21 E: -996.509670061507 G: 2.1e-02
 Step:   22 E: -996.509711852955 G: 1.9e-02
 Step:   23 E: -996.509744584186 G: 1.7e-02
 Step:   24 E: -996.509770399141 G: 1.5e-02
 Step:   25 E: -996.509790919736 G: 1.3e-02
 Step:   26 E: -996.509807375425 G: 1.2e-02
 Step:   27 E: -996.509820699917 G: 1.1e-02
 Step:   28 E: -996.509831603598 G: 9.7e-03
 Step:   29 E: -996.509840627900 G: 8.9e-03
 Step:   30 E: -996.509848186225 G: 8.2e-03
 Step:   31 E: -996.509854594798 G: 7.6e-03
 Step:   32 E: -996.509860095991 G: 7.0e-03
 Step:   33 E: -996.509864875966 G: 6.6e-03
 Step:   34 E: -996.509869078052 G: 6.2e-03
 Step:   35 E: -996.509872812906 G: 5.9e-03
 Step:   36 E: -996.509876166217 G: 5.6e-03
 Step:   37 E: -996.509879204592 G: 5.3e-03
 Step:   38 E: -996.509881980016 G: 5.1e-03
 Step:   39 E: -996.509884533263 G: 4.9e-03
 Step:   40 E: -996.509886896495 G: 4.7e-03
 Step:   41 E: -996.509889095253 G: 4.6e-03
 Step:   42 E: -996.509891149968 G: 4.4e-03
 Step:   43 E: -996.509893077124 G: 4.3e-03
 Step:   44 E: -996.509894890145 G: 4.2e-03
 Step:   45 E: -996.509896600082 G: 4.0e-03
 Step:   46 E: -996.509898216125 G: 3.9e-03
 Step:   47 E: -996.509899746013 G: 3.8e-03
 Step:   48 E: -996.509901196336 G: 3.7e-03
 Step:   49 E: -996.509902572779 G: 3.6e-03
 Step:   50 E: -996.509903880299 G: 3.5e-03
 Step:   51 E: -996.509905123268 G: 3.5e-03
 Step:   52 E: -996.509906305585 G: 3.4e-03
 Step:   53 E: -996.509907430761 G: 3.3e-03
 Step:   54 E: -996.509908501982 G: 3.2e-03
 Step:   55 E: -996.509909522164 G: 3.1e-03
 Step:   56 E: -996.509910493996 G: 3.1e-03
 Step:   57 E: -996.509911419966 G: 3.0e-03
 Step:   58 E: -996.509912302394 G: 2.9e-03
 Step:   59 E: -996.509913143449 G: 2.8e-03
 Step:   60 E: -996.509913945165 G: 2.8e-03
 Step:   61 E: -996.509914709456 G: 2.7e-03
 Step:   62 E: -996.509915438129 G: 2.7e-03
 Step:   63 E: -996.509916132892 G: 2.6e-03
 Step:   64 E: -996.509916795362 G: 2.5e-03
 Step:   65 E: -996.509917427069 G: 2.5e-03
 Step:   66 E: -996.509918029467 G: 2.4e-03
 Step:   67 E: -996.509918603939 G: 2.4e-03
 Step:   68 E: -996.509919151796 G: 2.3e-03
 Step:   69 E: -996.509919674287 G: 2.2e-03
 Step:   70 E: -996.509920172598 G: 2.2e-03
 Step:   71 E: -996.509920647860 G: 2.1e-03
 Step:   72 E: -996.509921101149 G: 2.1e-03
 Step:   73 E: -996.509921533490 G: 2.0e-03
 Step:   74 E: -996.509921945857 G: 2.0e-03
 Step:   75 E: -996.509922339184 G: 1.9e-03
 Step:   76 E: -996.509922714353 G: 1.9e-03
 Step:   77 E: -996.509923072209 G: 1.9e-03
 Step:   78 E: -996.509923413558 G: 1.8e-03
 Step:   79 E: -996.509923739166 G: 1.8e-03
 Step:   80 E: -996.509924049763 G: 1.7e-03
 Step:   81 E: -996.509924346046 G: 1.7e-03
 Step:   82 E: -996.509924628679 G: 1.7e-03
 Step:   83 E: -996.509924898295 G: 1.6e-03
 Step:   84 E: -996.509925155499 G: 1.6e-03
 Step:   85 E: -996.509925400864 G: 1.5e-03
 Step:   86 E: -996.509925634939 G: 1.5e-03
 Step:   87 E: -996.509925858247 G: 1.5e-03
 Step:   88 E: -996.509926071287 G: 1.4e-03
 Step:   89 E: -996.509926274533 G: 1.4e-03
 Step:   90 E: -996.509926468440 G: 1.4e-03
 Step:   91 E: -996.509926653437 G: 1.3e-03
 Step:   92 E: -996.509926829939 G: 1.3e-03
 Step:   93 E: -996.509926998337 G: 1.3e-03
 Step:   94 E: -996.509927159006 G: 1.2e-03
 Step:   95 E: -996.509927312304 G: 1.2e-03
 Step:   96 E: -996.509927458569 G: 1.2e-03
 Step:   97 E: -996.509927598127 G: 1.2e-03
 Step:   98 E: -996.509927731289 G: 1.1e-03
 Step:   99 E: -996.509927858348 G: 1.1e-03
 Step:  100 E: -996.509927979587 G: 1.1e-03
 Step:  101 E: -996.509928095273 G: 1.1e-03
 Step:  102 E: -996.509928205664 G: 1.0e-03
 Step:  103 E: -996.509928311002 G: 1.0e-03
 Step:  104 E: -996.509928411522 G: 9.9e-04
 Step:  105 E: -996.509928507444 G: 9.6e-04
 Step:  106 E: -996.509928598980 G: 9.4e-04
 Step:  107 E: -996.509928686333 G: 9.2e-04
 Step:  108 E: -996.509928769693 G: 9.0e-04
 Step:  109 E: -996.509928849247 G: 8.8e-04
 Step:  110 E: -996.509928925169 G: 8.6e-04
 Step:  111 E: -996.509928997625 G: 8.4e-04
 Step:  112 E: -996.509929066775 G: 8.2e-04
 Step:  113 E: -996.509929132771 G: 8.0e-04
 Step:  114 E: -996.509929195757 G: 7.8e-04
 Step:  115 E: -996.509929255873 G: 7.6e-04
 Step:  116 E: -996.509929313249 G: 7.4e-04
 Step:  117 E: -996.509929368011 G: 7.3e-04
 Step:  118 E: -996.509929420281 G: 7.1e-04
 Step:  119 E: -996.509929470171 G: 6.9e-04
 Step:  120 E: -996.509929517791 G: 6.8e-04
 Step:  121 E: -996.509929563244 G: 6.6e-04
 Step:  122 E: -996.509929606631 G: 6.5e-04
 Step:  123 E: -996.509929648046 G: 6.3e-04
 Step:  124 E: -996.509929687579 G: 6.2e-04
 Step:  125 E: -996.509929725316 G: 6.0e-04
 Step:  126 E: -996.509929761340 G: 5.9e-04
 Step:  127 E: -996.509929795729 G: 5.8e-04
 Step:  128 E: -996.509929828557 G: 5.6e-04
 Step:  129 E: -996.509929859896 G: 5.5e-04
 Step:  130 E: -996.509929889815 G: 5.4e-04
 Step:  131 E: -996.509929918378 G: 5.3e-04
 Step:  132 E: -996.509929945647 G: 5.1e-04
 Step:  133 E: -996.509929971681 G: 5.0e-04
 Step:  134 E: -996.509929996535 G: 4.9e-04
 Step:  135 E: -996.509930020266 G: 4.8e-04
 Step:  136 E: -996.509930042923 G: 4.7e-04
 Step:  137 E: -996.509930064555 G: 4.6e-04
 Step:  138 E: -996.509930085209 G: 4.5e-04
 Step:  139 E: -996.509930104931 G: 4.4e-04
 Step:  140 E: -996.509930123762 G: 4.3e-04
 Step:  141 E: -996.509930141742 G: 4.2e-04
 Step:  142 E: -996.509930158911 G: 4.1e-04
 Step:  143 E: -996.509930175305 G: 4.0e-04
 Step:  144 E: -996.509930190960 G: 3.9e-04
 Step:  145 E: -996.509930205909 G: 3.8e-04
 Step:  146 E: -996.509930220185 G: 3.7e-04
 Step:  147 E: -996.509930233818 G: 3.6e-04
 Step:  148 E: -996.509930246838 G: 3.5e-04
 Step:  149 E: -996.509930259270 G: 3.5e-04
 Step:  150 E: -996.509930271144 G: 3.4e-04
 Step:  151 E: -996.509930282484 G: 3.3e-04
 Step:  152 E: -996.509930293314 G: 3.2e-04
 Step:  153 E: -996.509930303657 G: 3.2e-04
 Step:  154 E: -996.509930313537 G: 3.1e-04
 Step:  155 E: -996.509930322972 G: 3.0e-04
 Step:  156 E: -996.509930331984 G: 3.0e-04
 Step:  157 E: -996.509930340592 G: 2.9e-04
 Step:  158 E: -996.509930348814 G: 2.8e-04
 Step:  159 E: -996.509930356667 G: 2.8e-04
 Step:  160 E: -996.509930364169 G: 2.7e-04
 Step:  161 E: -996.509930371335 G: 2.6e-04
 Step:  162 E: -996.509930378180 G: 2.6e-04
 Step:  163 E: -996.509930384719 G: 2.5e-04
 Step:  164 E: -996.509930390965 G: 2.5e-04
 Step:  165 E: -996.509930396933 G: 2.4e-04
 Step:  166 E: -996.509930402634 G: 2.3e-04
 Step:  167 E: -996.509930408080 G: 2.3e-04
 Step:  168 E: -996.509930413282 G: 2.2e-04
 Step:  169 E: -996.509930418253 G: 2.2e-04
 Step:  170 E: -996.509930423002 G: 2.1e-04
 Step:  171 E: -996.509930427540 G: 2.1e-04
 Step:  172 E: -996.509930431875 G: 2.0e-04
 Step:  173 E: -996.509930436017 G: 2.0e-04
 Step:  174 E: -996.509930439976 G: 2.0e-04
 Step:  175 E: -996.509930443757 G: 1.9e-04
 Step:  176 E: -996.509930447370 G: 1.9e-04
 Step:  177 E: -996.509930450823 G: 1.8e-04
 Step:  178 E: -996.509930454123 G: 1.8e-04
 Step:  179 E: -996.509930457275 G: 1.7e-04
 Step:  180 E: -996.509930460289 G: 1.7e-04
 Step:  181 E: -996.509930463168 G: 1.7e-04
 Step:  182 E: -996.509930465919 G: 1.6e-04
 Step:  183 E: -996.509930468549 G: 1.6e-04
 Step:  184 E: -996.509930471061 G: 1.6e-04
 Step:  185 E: -996.509930473464 G: 1.5e-04
 Step:  186 E: -996.509930475759 G: 1.5e-04
 Step:  187 E: -996.509930477954 G: 1.5e-04
 Step:  188 E: -996.509930480050 G: 1.4e-04
 Step:  189 E: -996.509930482055 G: 1.4e-04
 Step:  190 E: -996.509930483970 G: 1.4e-04
 Step:  191 E: -996.509930485801 G: 1.3e-04
 Step:  192 E: -996.509930487552 G: 1.3e-04
 Step:  193 E: -996.509930489225 G: 1.3e-04
 Step:  194 E: -996.509930490824 G: 1.2e-04
 Step:  195 E: -996.509930492353 G: 1.2e-04
 Step:  196 E: -996.509930493815 G: 1.2e-04
 Step:  197 E: -996.509930495212 G: 1.2e-04
 Step:  198 E: -996.509930496548 G: 1.1e-04
 Step:  199 E: -996.509930497825 G: 1.1e-04
 Step:  200 E: -996.509930499046 G: 1.1e-04
 Step:  201 E: -996.509930500213 G: 1.1e-04
 Step:  202 E: -996.509930501329 G: 1.0e-04
 Step:  203 E: -996.509930502396 G: 1.0e-04
 Step:  204 E: -996.509930503417 G: 9.9e-05
 Step:  205 E: -996.509930504392 G: 9.7e-05
 Step:  206 E: -996.509930505325 G: 9.5e-05
 Step:  207 E: -996.509930506217 G: 9.3e-05
 Step:  208 E: -996.509930507070 G: 9.1e-05
 Step:  209 E: -996.509930507885 G: 8.9e-05
 Step:  210 E: -996.509930508665 G: 8.7e-05
 Step:  211 E: -996.509930509411 G: 8.5e-05
 Step:  212 E: -996.509930510124 G: 8.3e-05
 Step:  213 E: -996.509930510806 G: 8.1e-05
 Step:  214 E: -996.509930511459 G: 7.9e-05
 Step:  215 E: -996.509930512083 G: 7.8e-05
 Step:  216 E: -996.509930512680 G: 7.6e-05
 Step:  217 E: -996.509930513250 G: 7.4e-05
 Step:  218 E: -996.509930513796 G: 7.3e-05
 Step:  219 E: -996.509930514319 G: 7.1e-05
 Step:  220 E: -996.509930514819 G: 7.0e-05
 Step:  221 E: -996.509930515296 G: 6.8e-05
 Step:  222 E: -996.509930515753 G: 6.6e-05
 Step:  223 E: -996.509930516190 G: 6.5e-05
 Step:  224 E: -996.509930516608 G: 6.4e-05
 Step:  225 E: -996.509930517008 G: 6.2e-05
 Step:  226 E: -996.509930517392 G: 6.1e-05
 Step:  227 E: -996.509930517757 G: 6.0e-05
 Step:  228 E: -996.509930518108 G: 5.8e-05
 Step:  229 E: -996.509930518443 G: 5.7e-05
 Step:  230 E: -996.509930518764 G: 5.6e-05
 Step:  231 E: -996.509930519071 G: 5.4e-05
 Step:  232 E: -996.509930519363 G: 5.3e-05
 Step:  233 E: -996.509930519644 G: 5.2e-05
 Step:  234 E: -996.509930519914 G: 5.1e-05
 Step:  235 E: -996.509930520171 G: 5.0e-05
 Step:  236 E: -996.509930520416 G: 4.9e-05
 Step:  237 E: -996.509930520652 G: 4.8e-05
 Step:  238 E: -996.509930520878 G: 4.7e-05
 Step:  239 E: -996.509930521094 G: 4.6e-05
 Step:  240 E: -996.509930521300 G: 4.5e-05
 Step:  241 E: -996.509930521498 G: 4.4e-05
 Step:  242 E: -996.509930521686 G: 4.3e-05
 Step:  243 E: -996.509930521868 G: 4.2e-05
 Step:  244 E: -996.509930522041 G: 4.1e-05
 Step:  245 E: -996.509930522207 G: 4.0e-05
 Step:  246 E: -996.509930522365 G: 3.9e-05
 Step:  247 E: -996.509930522517 G: 3.8e-05
 Step:  248 E: -996.509930522662 G: 3.8e-05
 Step:  249 E: -996.509930522802 G: 3.7e-05
 Step:  250 E: -996.509930522934 G: 3.6e-05
 Step:  251 E: -996.509930523062 G: 3.5e-05
 Step:  252 E: -996.509930523184 G: 3.4e-05
 Step:  253 E: -996.509930523301 G: 3.4e-05
 Step:  254 E: -996.509930523413 G: 3.3e-05
 Step:  255 E: -996.509930523520 G: 3.2e-05
 Step:  256 E: -996.509930523623 G: 3.2e-05
 Step:  257 E: -996.509930523721 G: 3.1e-05
 Step:  258 E: -996.509930523815 G: 3.0e-05
 Step:  259 E: -996.509930523905 G: 3.0e-05
 Step:  260 E: -996.509930523992 G: 2.9e-05
 Step:  261 E: -996.509930524074 G: 2.8e-05
 Step:  262 E: -996.509930524153 G: 2.8e-05
 Step:  263 E: -996.509930524229 G: 2.7e-05
 Step:  264 E: -996.509930524301 G: 2.6e-05
 Step:  265 E: -996.509930524370 G: 2.6e-05
 Step:  266 E: -996.509930524437 G: 2.5e-05
 Step:  267 E: -996.509930524500 G: 2.5e-05
 Step:  268 E: -996.509930524561 G: 2.4e-05
 Step:  269 E: -996.509930524620 G: 2.4e-05
 Step:  270 E: -996.509930524677 G: 2.3e-05
 Step:  271 E: -996.509930524729 G: 2.3e-05
 Step:  272 E: -996.509930524781 G: 2.2e-05
 Step:  273 E: -996.509930524830 G: 2.2e-05
 Step:  274 E: -996.509930524877 G: 2.1e-05
 Step:  275 E: -996.509930524922 G: 2.1e-05
 Step:  276 E: -996.509930524966 G: 2.0e-05
 Step:  277 E: -996.509930525007 G: 2.0e-05
 Step:  278 E: -996.509930525046 G: 2.0e-05
 Step:  279 E: -996.509930525085 G: 1.9e-05
 Step:  280 E: -996.509930525121 G: 1.9e-05
 Step:  281 E: -996.509930525156 G: 1.8e-05
 Step:  282 E: -996.509930525189 G: 1.8e-05
 Step:  283 E: -996.509930525221 G: 1.8e-05
 Step:  284 E: -996.509930525251 G: 1.7e-05
 Step:  285 E: -996.509930525281 G: 1.7e-05
 Step:  286 E: -996.509930525309 G: 1.7e-05
 Step:  287 E: -996.509930525337 G: 1.6e-05
 Step:  288 E: -996.509930525363 G: 1.6e-05
 Step:  289 E: -996.509930525387 G: 1.5e-05
 Step:  290 E: -996.509930525410 G: 1.5e-05
 Step:  291 E: -996.509930525434 G: 1.5e-05
 Step:  292 E: -996.509930525455 G: 1.5e-05
 Step:  293 E: -996.509930525476 G: 1.4e-05
 Step:  294 E: -996.509930525496 G: 1.4e-05
 Step:  295 E: -996.509930525516 G: 1.4e-05
 Step:  296 E: -996.509930525534 G: 1.3e-05
 Step:  297 E: -996.509930525551 G: 1.3e-05
 Step:  298 E: -996.509930525568 G: 1.3e-05
 Step:  299 E: -996.509930525584 G: 1.3e-05
 Step:  300 E: -996.509930525600 G: 1.2e-05
 Step:  301 E: -996.509930525614 G: 1.2e-05
 Step:  302 E: -996.509930525629 G: 1.2e-05
 Step:  303 E: -996.509930525643 G: 1.2e-05
 Step:  304 E: -996.509930525655 G: 1.1e-05
 Step:  305 E: -996.509930525668 G: 1.1e-05
 Step:  306 E: -996.509930525680 G: 1.1e-05
 Step:  307 E: -996.509930525692 G: 1.1e-05
 Step:  308 E: -996.509930525703 G: 1.0e-05
 Step:  309 E: -996.509930525714 G: 1.0e-05
 Step:  310 E: -996.509930525724 G: 9.9e-06
 Step:  311 E: -996.509930525734 G: 9.7e-06
 Step:  312 E: -996.509930525743 G: 9.5e-06
 Step:  313 E: -996.509930525752 G: 9.3e-06
 Step:  314 E: -996.509930525761 G: 9.1e-06
 Step:  315 E: -996.509930525769 G: 8.9e-06
 Step:  316 E: -996.509930525776 G: 8.8e-06
 Step:  317 E: -996.509930525784 G: 8.6e-06
 Step:  318 E: -996.509930525792 G: 8.4e-06
 Step:  319 E: -996.509930525799 G: 8.2e-06
 Step:  320 E: -996.509930525805 G: 8.1e-06
 Step:  321 E: -996.509930525811 G: 7.9e-06
 Step:  322 E: -996.509930525818 G: 7.7e-06
 Step:  323 E: -996.509930525824 G: 7.6e-06
 Step:  324 E: -996.509930525830 G: 7.4e-06
 Step:  325 E: -996.509930525835 G: 7.3e-06
 Step:  326 E: -996.509930525840 G: 7.1e-06
 Step:  327 E: -996.509930525845 G: 7.0e-06
 Step:  328 E: -996.509930525850 G: 6.8e-06
 Step:  329 E: -996.509930525854 G: 6.7e-06
 Step:  330 E: -996.509930525858 G: 6.5e-06
 Step:  331 E: -996.509930525863 G: 6.4e-06
 Step:  332 E: -996.509930525867 G: 6.3e-06
 Step:  333 E: -996.509930525871 G: 6.1e-06
 Step:  334 E: -996.509930525875 G: 6.0e-06
 Step:  335 E: -996.509930525878 G: 5.9e-06
 Step:  336 E: -996.509930525882 G: 5.8e-06
 Step:  337 E: -996.509930525885 G: 5.7e-06
 Step:  338 E: -996.509930525889 G: 5.5e-06
 Step:  339 E: -996.509930525891 G: 5.4e-06
 Step:  340 E: -996.509930525894 G: 5.3e-06
 Step:  341 E: -996.509930525897 G: 5.2e-06
 Step:  342 E: -996.509930525900 G: 5.1e-06
 Step:  343 E: -996.509930525902 G: 5.0e-06
 Step:  344 E: -996.509930525905 G: 4.9e-06
 Step:  345 E: -996.509930525907 G: 4.8e-06
 Step:  346 E: -996.509930525909 G: 4.7e-06
 Step:  347 E: -996.509930525911 G: 4.6e-06
 Step:  348 E: -996.509930525914 G: 4.5e-06
 Step:  349 E: -996.509930525916 G: 4.4e-06
 Step:  350 E: -996.509930525917 G: 4.3e-06
 Step:  351 E: -996.509930525919 G: 4.2e-06
 Step:  352 E: -996.509930525921 G: 4.2e-06
 Step:  353 E: -996.509930525922 G: 4.1e-06
 Step:  354 E: -996.509930525924 G: 4.0e-06
 Step:  355 E: -996.509930525927 G: 3.9e-06
 Step:  356 E: -996.509930525927 G: 3.8e-06
 Step:  357 E: -996.509930525929 G: 3.7e-06
 Step:  358 E: -996.509930525931 G: 3.7e-06
 Step:  359 E: -996.509930525932 G: 3.6e-06
 Step:  360 E: -996.509930525933 G: 3.5e-06
 Step:  361 E: -996.509930525934 G: 3.5e-06
 Step:  362 E: -996.509930525935 G: 3.4e-06
 Step:  363 E: -996.509930525937 G: 3.3e-06
 Step:  364 E: -996.509930525938 G: 3.2e-06
 Step:  365 E: -996.509930525939 G: 3.2e-06
 Step:  366 E: -996.509930525940 G: 3.1e-06
 Step:  367 E: -996.509930525941 G: 3.1e-06
 Step:  368 E: -996.509930525941 G: 3.0e-06
 Step:  369 E: -996.509930525943 G: 2.9e-06
 Step:  370 E: -996.509930525943 G: 2.9e-06
 Step:  371 E: -996.509930525945 G: 2.8e-06
 Step:  372 E: -996.509930525945 G: 2.8e-06
 Step:  373 E: -996.509930525946 G: 2.7e-06
 Step:  374 E: -996.509930525947 G: 2.7e-06
 Step:  375 E: -996.509930525948 G: 2.6e-06
 Step:  376 E: -996.509930525948 G: 2.5e-06
 Step:  377 E: -996.509930525948 G: 2.5e-06
 Step:  378 E: -996.509930525949 G: 2.4e-06
 Step:  379 E: -996.509930525949 G: 2.4e-06
 Step:  380 E: -996.509930525950 G: 2.3e-06
 Step:  381 E: -996.509930525951 G: 2.3e-06
 Step:  382 E: -996.509930525952 G: 2.3e-06
 Step:  383 E: -996.509930525952 G: 2.2e-06
 Step:  384 E: -996.509930525952 G: 2.2e-06
 Step:  385 E: -996.509930525953 G: 2.1e-06
 Step:  386 E: -996.509930525953 G: 2.1e-06
 Step:  387 E: -996.509930525953 G: 2.0e-06
 Step:  388 E: -996.509930525954 G: 2.0e-06
 Step:  389 E: -996.509930525954 G: 2.0e-06
 Step:  390 E: -996.509930525955 G: 1.9e-06
 Step:  391 E: -996.509930525956 G: 1.9e-06
 Step:  392 E: -996.509930525956 G: 1.8e-06
 Step:  393 E: -996.509930525956 G: 1.8e-06
 Step:  394 E: -996.509930525956 G: 1.8e-06
 Step:  395 E: -996.509930525957 G: 1.7e-06
 Step:  396 E: -996.509930525957 G: 1.7e-06
 Step:  397 E: -996.509930525957 G: 1.7e-06
 Step:  398 E: -996.509930525957 G: 1.6e-06
 Step:  399 E: -996.509930525958 G: 1.6e-06
 Step:  400 E: -996.509930525958 G: 1.6e-06
 Step:  401 E: -996.509930525958 G: 1.5e-06
 Step:  402 E: -996.509930525959 G: 1.5e-06
 Step:  403 E: -996.509930525958 G: 1.5e-06
 Step:  404 E: -996.509930525959 G: 1.4e-06
 Step:  405 E: -996.509930525959 G: 1.4e-06
 Step:  406 E: -996.509930525960 G: 1.4e-06
 Step:  407 E: -996.509930525960 G: 1.4e-06
 Step:  408 E: -996.509930525959 G: 1.3e-06
 Step:  409 E: -996.509930525960 G: 1.3e-06
 Step:  410 E: -996.509930525960 G: 1.3e-06
 Step:  411 E: -996.509930525960 G: 1.3e-06
 Step:  412 E: -996.509930525960 G: 1.2e-06
 Step:  413 E: -996.509930525960 G: 1.2e-06
 Step:  414 E: -996.509930525960 G: 1.2e-06
 Step:  415 E: -996.509930525961 G: 1.2e-06
 Step:  416 E: -996.509930525961 G: 1.1e-06
 Step:  417 E: -996.509930525961 G: 1.1e-06
 Step:  418 E: -996.509930525961 G: 1.1e-06
 Step:  419 E: -996.509930525961 G: 1.1e-06
 Step:  420 E: -996.509930525961 G: 1.1e-06
 Step:  421 E: -996.509930525961 G: 1.0e-06
 Step:  422 E: -996.509930525962 G: 1.0e-06
 Step:  423 E: -996.509930525962 G: 9.9e-07
 Step:  424 E: -996.509930525962 G: 9.7e-07
 Step:  425 E: -996.509930525962 G: 9.5e-07
 Step:  426 E: -996.509930525962 G: 9.4e-07
 Step:  427 E: -996.509930525962 G: 9.2e-07
 Step:  428 E: -996.509930525963 G: 9.0e-07
 Step:  429 E: -996.509930525962 G: 8.8e-07
 Step:  430 E: -996.509930525963 G: 8.6e-07
 Step:  431 E: -996.509930525962 G: 8.5e-07
 Step:  432 E: -996.509930525962 G: 8.3e-07
 Step:  433 E: -996.509930525963 G: 8.1e-07
 Step:  434 E: -996.509930525963 G: 8.0e-07
 Step:  435 E: -996.509930525963 G: 7.8e-07
 Step:  436 E: -996.509930525963 G: 7.7e-07
 Step:  437 E: -996.509930525963 G: 7.5e-07
 Step:  438 E: -996.509930525963 G: 7.4e-07
 Step:  439 E: -996.509930525964 G: 7.2e-07
 Step:  440 E: -996.509930525963 G: 7.1e-07
 Step:  441 E: -996.509930525963 G: 7.0e-07
 Step:  442 E: -996.509930525963 G: 6.8e-07
 Step:  443 E: -996.509930525963 G: 6.7e-07
 Step:  444 E: -996.509930525964 G: 6.6e-07
 Step:  445 E: -996.509930525963 G: 6.4e-07
 Step:  446 E: -996.509930525963 G: 6.3e-07
 Step:  447 E: -996.509930525964 G: 6.2e-07
 Step:  448 E: -996.509930525964 G: 6.1e-07
 Step:  449 E: -996.509930525963 G: 5.9e-07
 Step:  450 E: -996.509930525963 G: 5.8e-07
 Step:  451 E: -996.509930525963 G: 5.7e-07
 Step:  452 E: -996.509930525964 G: 5.6e-07
 Step:  453 E: -996.509930525964 G: 5.5e-07
 Step:  454 E: -996.509930525964 G: 5.4e-07
 Step:  455 E: -996.509930525964 G: 5.3e-07
 Step:  456 E: -996.509930525963 G: 5.2e-07
 Step:  457 E: -996.509930525964 G: 5.1e-07
 Step:  458 E: -996.509930525964 G: 5.0e-07
 Step:  459 E: -996.509930525964 G: 4.9e-07
 Step:  460 E: -996.509930525964 G: 4.8e-07
 Step:  461 E: -996.509930525964 G: 4.7e-07
 Step:  462 E: -996.509930525964 G: 4.6e-07
 Step:  463 E: -996.509930525964 G: 4.5e-07
 Step:  464 E: -996.509930525964 G: 4.4e-07
 Step:  465 E: -996.509930525964 G: 4.3e-07
 Step:  466 E: -996.509930525964 G: 4.3e-07
 Step:  467 E: -996.509930525964 G: 4.2e-07
 Step:  468 E: -996.509930525963 G: 4.1e-07
 Step:  469 E: -996.509930525964 G: 4.0e-07
 Step:  470 E: -996.509930525964 G: 3.9e-07
 Step:  471 E: -996.509930525964 G: 3.9e-07
 Step:  472 E: -996.509930525964 G: 3.8e-07
 Step:  473 E: -996.509930525964 G: 3.7e-07
 Step:  474 E: -996.509930525964 G: 3.6e-07
 Step:  475 E: -996.509930525964 G: 3.6e-07
 Step:  476 E: -996.509930525964 G: 3.5e-07
 Step:  477 E: -996.509930525964 G: 3.4e-07
 Step:  478 E: -996.509930525964 G: 3.4e-07
 Step:  479 E: -996.509930525964 G: 3.3e-07
 Step:  480 E: -996.509930525964 G: 3.2e-07
 Step:  481 E: -996.509930525964 G: 3.2e-07
 Step:  482 E: -996.509930525964 G: 3.1e-07
 Step:  483 E: -996.509930525964 G: 3.1e-07
 Step:  484 E: -996.509930525964 G: 3.0e-07
 Step:  485 E: -996.509930525964 G: 2.9e-07
 Step:  486 E: -996.509930525964 G: 2.9e-07
 Step:  487 E: -996.509930525965 G: 2.8e-07
 Step:  488 E: -996.509930525964 G: 2.8e-07
 Step:  489 E: -996.509930525964 G: 2.7e-07
 Step:  490 E: -996.509930525964 G: 2.7e-07
 Step:  491 E: -996.509930525964 G: 2.6e-07
 Step:  492 E: -996.509930525964 G: 2.6e-07
 Step:  493 E: -996.509930525964 G: 2.5e-07
 Step:  494 E: -996.509930525964 G: 2.5e-07
 Step:  495 E: -996.509930525964 G: 2.4e-07
 Step:  496 E: -996.509930525964 G: 2.4e-07
 Step:  497 E: -996.509930525964 G: 2.3e-07
 Step:  498 E: -996.509930525965 G: 2.3e-07
 Step:  499 E: -996.509930525964 G: 2.2e-07
 Step:  500 E: -996.509930525964 G: 2.2e-07
 Step:  501 E: -996.509930525964 G: 2.2e-07
 Step:  502 E: -996.509930525965 G: 2.1e-07
 Step:  503 E: -996.509930525964 G: 2.1e-07
 Step:  504 E: -996.509930525964 G: 2.0e-07
 Step:  505 E: -996.509930525965 G: 2.0e-07
 Step:  506 E: -996.509930525964 G: 2.0e-07
 Step:  507 E: -996.509930525964 G: 1.9e-07
 Step:  508 E: -996.509930525965 G: 1.9e-07
 Step:  509 E: -996.509930525964 G: 1.8e-07
 Step:  510 E: -996.509930525964 G: 1.8e-07
 Step:  511 E: -996.509930525964 G: 1.8e-07
 Step:  512 E: -996.509930525964 G: 1.7e-07
 Step:  513 E: -996.509930525964 G: 1.7e-07
 Step:  514 E: -996.509930525964 G: 1.7e-07
 Step:  515 E: -996.509930525964 G: 1.6e-07
 Step:  516 E: -996.509930525965 G: 1.6e-07
 Step:  517 E: -996.509930525964 G: 1.6e-07
 Step:  518 E: -996.509930525965 G: 1.5e-07
 Step:  519 E: -996.509930525964 G: 1.5e-07
 Step:  520 E: -996.509930525965 G: 1.5e-07
 Step:  521 E: -996.509930525964 G: 1.5e-07
 Step:  522 E: -996.509930525964 G: 1.4e-07
 Step:  523 E: -996.509930525964 G: 1.4e-07
 Step:  524 E: -996.509930525964 G: 1.4e-07
 Step:  525 E: -996.509930525964 G: 1.4e-07
 Step:  526 E: -996.509930525964 G: 1.3e-07
 Step:  527 E: -996.509930525964 G: 1.3e-07
 Step:  528 E: -996.509930525964 G: 1.3e-07
 Step:  529 E: -996.509930525964 G: 1.3e-07
 Step:  530 E: -996.509930525964 G: 1.2e-07
 Step:  531 E: -996.509930525964 G: 1.2e-07
 Step:  532 E: -996.509930525965 G: 1.2e-07
 Step:  533 E: -996.509930525964 G: 1.2e-07
 Step:  534 E: -996.509930525964 G: 1.1e-07
 Step:  535 E: -996.509930525964 G: 1.1e-07
 Step:  536 E: -996.509930525964 G: 1.1e-07
 Step:  537 E: -996.509930525965 G: 1.1e-07
 Step:  538 E: -996.509930525964 G: 1.1e-07
 Step:  539 E: -996.509930525964 G: 1.0e-07
 Step:  540 E: -996.509930525964 G: 1.0e-07
 Step:  541 E: -996.509930525964 G: 9.9e-08
 Step:  542 E: -996.509930525965 G: 9.7e-08
 Step:  543 E: -996.509930525964 G: 9.6e-08
 Step:  544 E: -996.509930525964 G: 9.4e-08
 Step:  545 E: -996.509930525964 G: 9.2e-08
 Step:  546 E: -996.509930525964 G: 9.0e-08
 Step:  547 E: -996.509930525964 G: 8.9e-08
 Step:  548 E: -996.509930525964 G: 8.7e-08
 Step:  549 E: -996.509930525964 G: 8.5e-08
 Step:  550 E: -996.509930525964 G: 8.4e-08
 Step:  551 E: -996.509930525964 G: 8.2e-08
 Step:  552 E: -996.509930525964 G: 8.0e-08
 Step:  553 E: -996.509930525964 G: 7.9e-08
 Step:  554 E: -996.509930525964 G: 7.7e-08
 Step:  555 E: -996.509930525964 G: 7.6e-08
 Step:  556 E: -996.509930525964 G: 7.4e-08
 Step:  557 E: -996.509930525964 G: 7.3e-08
 Step:  558 E: -996.509930525964 G: 7.2e-08
 Step:  559 E: -996.509930525964 G: 7.0e-08
 Step:  560 E: -996.509930525964 G: 6.9e-08
 Step:  561 E: -996.509930525965 G: 6.8e-08
 Step:  562 E: -996.509930525964 G: 6.6e-08
 Step:  563 E: -996.509930525964 G: 6.5e-08
 Step:  564 E: -996.509930525964 G: 6.4e-08
 Step:  565 E: -996.509930525964 G: 6.3e-08
 Step:  566 E: -996.509930525964 G: 6.1e-08
 Step:  567 E: -996.509930525964 G: 6.0e-08
 Step:  568 E: -996.509930525964 G: 5.9e-08
 Step:  569 E: -996.509930525964 G: 5.8e-08
 Step:  570 E: -996.509930525964 G: 5.7e-08
 Step:  571 E: -996.509930525964 G: 5.6e-08
 Step:  572 E: -996.509930525964 G: 5.5e-08
 Step:  573 E: -996.509930525964 G: 5.4e-08
 Step:  574 E: -996.509930525964 G: 5.3e-08
 Step:  575 E: -996.509930525964 G: 5.2e-08
 Step:  576 E: -996.509930525965 G: 5.1e-08
 Step:  577 E: -996.509930525964 G: 5.0e-08
 Step:  578 E: -996.509930525964 G: 4.9e-08
 Step:  579 E: -996.509930525965 G: 4.8e-08
 Step:  580 E: -996.509930525964 G: 4.7e-08
 Step:  581 E: -996.509930525964 G: 4.6e-08
 Step:  582 E: -996.509930525964 G: 4.5e-08
 Step:  583 E: -996.509930525965 G: 4.4e-08
 Step:  584 E: -996.509930525965 G: 4.4e-08
 Step:  585 E: -996.509930525964 G: 4.3e-08
 Step:  586 E: -996.509930525964 G: 4.2e-08
 Step:  587 E: -996.509930525964 G: 4.1e-08
 Step:  588 E: -996.509930525964 G: 4.0e-08
 Step:  589 E: -996.509930525965 G: 4.0e-08
 Step:  590 E: -996.509930525965 G: 3.9e-08
 Step:  591 E: -996.509930525965 G: 3.8e-08
 Step:  592 E: -996.509930525964 G: 3.7e-08
 Step:  593 E: -996.509930525964 G: 3.7e-08
 Step:  594 E: -996.509930525965 G: 3.6e-08
 Step:  595 E: -996.509930525964 G: 3.5e-08
 Step:  596 E: -996.509930525964 G: 3.5e-08
 Step:  597 E: -996.509930525964 G: 3.4e-08
 Step:  598 E: -996.509930525964 G: 3.3e-08
 Step:  599 E: -996.509930525964 G: 3.3e-08
 Step:  600 E: -996.509930525965 G: 3.2e-08
 Step:  601 E: -996.509930525964 G: 3.1e-08
 Step:  602 E: -996.509930525964 G: 3.1e-08
 Step:  603 E: -996.509930525965 G: 3.0e-08
 Step:  604 E: -996.509930525964 G: 3.0e-08
 Step:  605 E: -996.509930525964 G: 2.9e-08
 Step:  606 E: -996.509930525965 G: 2.9e-08
 Step:  607 E: -996.509930525964 G: 2.8e-08
 Step:  608 E: -996.509930525965 G: 2.7e-08
 Step:  609 E: -996.509930525965 G: 2.7e-08
 Step:  610 E: -996.509930525964 G: 2.6e-08
 Step:  611 E: -996.509930525965 G: 2.6e-08
 Step:  612 E: -996.509930525964 G: 2.5e-08
 Step:  613 E: -996.509930525964 G: 2.5e-08
 Step:  614 E: -996.509930525964 G: 2.5e-08
 Step:  615 E: -996.509930525964 G: 2.4e-08
 Step:  616 E: -996.509930525965 G: 2.4e-08
 Step:  617 E: -996.509930525965 G: 2.3e-08
 Step:  618 E: -996.509930525964 G: 2.3e-08
 Step:  619 E: -996.509930525964 G: 2.2e-08
 Step:  620 E: -996.509930525964 G: 2.2e-08
 Step:  621 E: -996.509930525965 G: 2.1e-08
 Step:  622 E: -996.509930525965 G: 2.1e-08
 Step:  623 E: -996.509930525964 G: 2.1e-08
 Step:  624 E: -996.509930525964 G: 2.0e-08
 Step:  625 E: -996.509930525964 G: 2.0e-08
 Step:  626 E: -996.509930525964 G: 1.9e-08
 Step:  627 E: -996.509930525964 G: 1.9e-08
 Step:  628 E: -996.509930525964 G: 1.9e-08
 Step:  629 E: -996.509930525964 G: 1.8e-08
 Step:  630 E: -996.509930525964 G: 1.8e-08
 Step:  631 E: -996.509930525964 G: 1.8e-08
 Step:  632 E: -996.509930525964 G: 1.7e-08
 Step:  633 E: -996.509930525965 G: 1.7e-08
 Step:  634 E: -996.509930525964 G: 1.7e-08
 Step:  635 E: -996.509930525965 G: 1.6e-08
 Step:  636 E: -996.509930525965 G: 1.6e-08
 Step:  637 E: -996.509930525965 G: 1.6e-08
 Step:  638 E: -996.509930525964 G: 1.6e-08
 Step:  639 E: -996.509930525964 G: 1.5e-08
 Step:  640 E: -996.509930525965 G: 1.5e-08
 Step:  641 E: -996.509930525964 G: 1.5e-08
 Step:  642 E: -996.509930525964 G: 1.4e-08
 Step:  643 E: -996.509930525964 G: 1.4e-08
 Step:  644 E: -996.509930525965 G: 1.4e-08
 Step:  645 E: -996.509930525964 G: 1.4e-08
 Step:  646 E: -996.509930525965 G: 1.3e-08
 Step:  647 E: -996.509930525964 G: 1.3e-08
 Step:  648 E: -996.509930525964 G: 1.3e-08
 Step:  649 E: -996.509930525964 G: 1.3e-08
 Step:  650 E: -996.509930525964 G: 1.2e-08
 Step:  651 E: -996.509930525964 G: 1.2e-08
 Step:  652 E: -996.509930525964 G: 1.2e-08
 Step:  653 E: -996.509930525964 G: 1.2e-08
 Step:  654 E: -996.509930525964 G: 1.1e-08
 Step:  655 E: -996.509930525964 G: 1.1e-08
 Step:  656 E: -996.509930525964 G: 1.1e-08
 Step:  657 E: -996.509930525964 G: 1.1e-08
 Step:  658 E: -996.509930525965 G: 1.1e-08
 Step:  659 E: -996.509930525964 G: 1.0e-08
 Step:  660 E: -996.509930525964 G: 1.0e-08
 Step:  661 E: -996.509930525964 G: 1.0e-08
*Step:  662 E: -996.509930525964 G: 9.8e-09
221.454209 seconds (14.94 M allocations: 27.227 GiB, 1.56% gc time)
 Solve OO-CMF with DIIS
 ooCMF Iter:    1 Total= -996.470617444429 G=    3.442e-01 #SS:    1
 ooCMF Iter:    2 Total= -996.507090686234 G=    9.368e-02 #SS:    2
 ooCMF Iter:    3 Total= -996.508944145570 G=    4.674e-02 #SS:    3
 ooCMF Iter:    4 Total= -996.509689032745 G=    2.045e-02 #SS:    4
 ooCMF Iter:    5 Total= -996.509810250863 G=    9.159e-03 #SS:    5
 ooCMF Iter:    6 Total= -996.509821738608 G=    7.816e-03 #SS:    6
 ooCMF Iter:    7 Total= -996.509829743734 G=    1.132e-02 #SS:    7
 ooCMF Iter:    8 Total= -996.509886671369 G=    8.070e-03 #SS:    8
 ooCMF Iter:    9 Total= -996.509913880929 G=    3.569e-03 #SS:    9
 ooCMF Iter:   10 Total= -996.509929801238 G=    1.063e-03 #SS:   10
 ooCMF Iter:   11 Total= -996.509930357938 G=    3.541e-04 #SS:   11
 ooCMF Iter:   12 Total= -996.509930375206 G=    3.277e-04 #SS:   12
 ooCMF Iter:   13 Total= -996.509930393059 G=    2.849e-04 #SS:   13
 ooCMF Iter:   14 Total= -996.509930442019 G=    2.119e-04 #SS:   14
 ooCMF Iter:   15 Total= -996.509930458740 G=    1.899e-04 #SS:   15
 ooCMF Iter:   16 Total= -996.509930521374 G=    6.990e-05 #SS:   16
 ooCMF Iter:   17 Total= -996.509930525184 G=    2.314e-05 #SS:   17
 ooCMF Iter:   18 Total= -996.509930525412 G=    1.855e-05 #SS:   18
 ooCMF Iter:   19 Total= -996.509930525610 G=    1.347e-05 #SS:   19
 ooCMF Iter:   20 Total= -996.509930525817 G=    8.869e-06 #SS:   20
 ooCMF Iter:   21 Total= -996.509930525883 G=    7.266e-06 #SS:   21
 ooCMF Iter:   22 Total= -996.509930525954 G=    4.890e-06 #SS:   22
 ooCMF Iter:   23 Total= -996.509930525956 G=    4.256e-06 #SS:   23
 ooCMF Iter:   24 Total= -996.509930525963 G=    1.121e-06 #SS:   24
 ooCMF Iter:   25 Total= -996.509930525963 G=    8.029e-07 #SS:   24
 ooCMF Iter:   26 Total= -996.509930525963 G=    6.897e-07 #SS:   24
 ooCMF Iter:   27 Total= -996.509930525964 G=    6.144e-07 #SS:   24
 ooCMF Iter:   28 Total= -996.509930525964 G=    2.015e-07 #SS:   24
 ooCMF Iter:   29 Total= -996.509930525965 G=    1.646e-07 #SS:   24
 ooCMF Iter:   30 Total= -996.509930525964 G=    8.631e-08 #SS:   24
 ooCMF Iter:   31 Total= -996.509930525964 G=    7.116e-08 #SS:   24
 ooCMF Iter:   32 Total= -996.509930525964 G=    5.458e-08 #SS:   24
 ooCMF Iter:   33 Total= -996.509930525965 G=    5.118e-08 #SS:   24
 ooCMF Iter:   34 Total= -996.509930525964 G=    1.432e-08 #SS:   24
*ooCMF Iter:   35 Total= -996.509930525964 G=    5.647e-09 #SS:   24
 38.828681 seconds (11.01 M allocations: 4.151 GiB, 1.61% gc time)
 Solve OO-CMF with DIIS
 ooCMF Iter:    1 Total= -996.509857100196 G=    1.098e-02 #SS:    1
 ooCMF Iter:    2 Total= -996.509927664763 G=    3.542e-03 #SS:    2
 ooCMF Iter:    3 Total= -996.509930516871 G=    1.608e-04 #SS:    3
 ooCMF Iter:    4 Total= -996.509930525835 G=    2.193e-05 #SS:    4
 ooCMF Iter:    5 Total= -996.509930525964 G=    7.800e-07 #SS:    5
 ooCMF Iter:    6 Total= -996.509930525965 G=    4.979e-08 #SS:    6
*ooCMF Iter:    7 Total= -996.509930525964 G=    2.608e-09 #SS:    7
  9.052227 seconds (615.69 k allocations: 1.063 GiB, 3.82% gc time)
 Solve OO-CMF with DIIS
 ooCMF Iter:    1 Total= -996.509871183043 G=    9.361e-03 #SS:    1
 ooCMF Iter:    2 Total= -996.509928071598 G=    3.207e-03 #SS:    2
 ooCMF Iter:    3 Total= -996.509930511193 G=    2.183e-04 #SS:    3
 ooCMF Iter:    4 Total= -996.509930525757 G=    3.015e-05 #SS:    4
 ooCMF Iter:    5 Total= -996.509930525963 G=    1.776e-06 #SS:    5
 ooCMF Iter:    6 Total= -996.509930525964 G=    2.066e-07 #SS:    6
 ooCMF Iter:    7 Total= -996.509930525965 G=    1.230e-08 #SS:    7
*ooCMF Iter:    8 Total= -996.509930525964 G=    4.683e-10 #SS:    8
 10.212871 seconds (783.89 k allocations: 1.157 GiB)
 Solve OO-CMF with newton
 Step:    1 E: -996.455149805120 G:     4.10e-01  
 Step:    2 E: -996.509871183043 G:     9.36e-03  
 Step:    3 E: -996.509930481425 G:     1.54e-04  
 Step:    4 E: -996.509930524781 G:     2.49e-05  
 Step:    5 E: -996.509930525932 G:     4.12e-06  
 Step:    6 E: -996.509930525963 G:     6.82e-07  
 Step:    7 E: -996.509930525964 G:     1.13e-07  
 Step:    8 E: -996.509930525964 G:     1.87e-08  
 Step:    9 E: -996.509930525965 G:     3.10e-09  
  5.595443 seconds (444.70 k allocations: 621.237 MiB)
 Solve OO-CMF with newton
 Step:    1 E: -996.455149805120 G:     4.10e-01  
 Step:    2 E: -996.509857100196 G:     1.10e-02  
 Step:    3 E: -996.509930512518 G:     8.24e-05  
 Step:    4 E: -996.509930525638 G:     1.30e-05  
 Step:    5 E: -996.509930525955 G:     2.15e-06  
 Step:    6 E: -996.509930525964 G:     3.55e-07  
 Step:    7 E: -996.509930525964 G:     5.84e-08  
 Step:    8 E: -996.509930525964 G:     9.62e-09  
  5.348926 seconds (324.01 k allocations: 554.488 MiB, 6.96% gc time)
