IDX001:DIM4096:001|002|003|004|005|006|
IDX002:DIM4096:007|008|009|010|011|012|
IDX003:DIM4096:013|014|015|016|017|018|
IDX004:DIM4096:019|020|021|022|023|024|
 ooCMF Iter:    1 Total= -915.776343335146 Active= -49.362272383309 G=     6.43e-01
 ooCMF Iter:    2 Total= -915.909115778287 Active= -49.495044826450 G=     2.03e-01
 ooCMF Iter:    3 Total= -915.919750966120 Active= -49.505680014284 G=     7.18e-02
 ooCMF Iter:    4 Total= -915.921160124605 Active= -49.507089172768 G=     2.95e-02
 ooCMF Iter:    5 Total= -915.921477371474 Active= -49.507406419637 G=     2.18e-02
 ooCMF Iter:    6 Total= -915.921829813379 Active= -49.507758861542 G=     2.38e-02
 ooCMF Iter:    7 Total= -915.922145654335 Active= -49.508074702499 G=     1.59e-02
 ooCMF Iter:    8 Total= -915.922208399430 Active= -49.508137447594 G=     3.58e-03
 ooCMF Iter:    9 Total= -915.922213314179 Active= -49.508142362342 G=     2.20e-03
 ooCMF Iter:   10 Total= -915.922217484850 Active= -49.508146533013 G=     2.65e-03
 ooCMF Iter:   11 Total= -915.922221950340 Active= -49.508150998504 G=     1.77e-03
 ooCMF Iter:   12 Total= -915.922223114458 Active= -49.508152162621 G=     7.24e-04
 ooCMF Iter:   13 Total= -915.922223397117 Active= -49.508152445280 G=     4.59e-04
 ooCMF Iter:   14 Total= -915.922223493031 Active= -49.508152541194 G=     4.24e-04
 ooCMF Iter:   15 Total= -915.922223602746 Active= -49.508152650910 G=     5.14e-04
 ooCMF Iter:   16 Total= -915.922223691414 Active= -49.508152739577 G=     3.70e-04
 ooCMF Iter:   17 Total= -915.922223718419 Active= -49.508152766582 G=     1.22e-04
 ooCMF Iter:   18 Total= -915.922223723876 Active= -49.508152772039 G=     6.48e-05
 ooCMF Iter:   19 Total= -915.922223726559 Active= -49.508152774722 G=     6.86e-05
 ooCMF Iter:   20 Total= -915.922223728562 Active= -49.508152776725 G=     5.89e-05
 ooCMF Iter:   21 Total= -915.922223730296 Active= -49.508152778459 G=     4.62e-05
 ooCMF Iter:   22 Total= -915.922223730786 Active= -49.508152778949 G=     2.63e-05
 ooCMF Iter:   23 Total= -915.922223730928 Active= -49.508152779091 G=     8.22e-06
 ooCMF Iter:   24 Total= -915.922223730957 Active= -49.508152779120 G=     6.09e-06
 ooCMF Iter:   25 Total= -915.922223730969 Active= -49.508152779133 G=     5.77e-06
 ooCMF Iter:   26 Total= -915.922223730983 Active= -49.508152779147 G=     3.27e-06
 ooCMF Iter:   27 Total= -915.922223730996 Active= -49.508152779159 G=     4.29e-06
 ooCMF Iter:   28 Total= -915.922223731000 Active= -49.508152779163 G=     2.14e-06
 ooCMF Iter:   29 Total= -915.922223731000 Active= -49.508152779164 G=     9.13e-07
 ooCMF Iter:   30 Total= -915.922223731001 Active= -49.508152779164 G=     1.01e-06
 ooCMF Iter:   31 Total= -915.922223731001 Active= -49.508152779164 G=     5.71e-07
 ooCMF Iter:   32 Total= -915.922223731002 Active= -49.508152779165 G=     7.45e-07
 ooCMF Iter:   33 Total= -915.922223731002 Active= -49.508152779165 G=     5.05e-07
 ooCMF Iter:   34 Total= -915.922223731002 Active= -49.508152779165 G=     2.18e-07
 ooCMF Iter:   35 Total= -915.922223731002 Active= -49.508152779165 G=     1.21e-07
 ooCMF Iter:   36 Total= -915.922223731002 Active= -49.508152779165 G=     9.63e-08
 ooCMF Iter:   37 Total= -915.922223731002 Active= -49.508152779166 G=     3.99e-08
 * Status: success

 * Candidate solution
    Final objective value:     -9.159222e+02

 * Found with
    Algorithm:     BFGS

 * Convergence measures
    |x - x'|               = 1.72e-08 ≰ 0.0e+00
    |x - x'|/|x'|          = 1.22e-07 ≰ 0.0e+00
    |f(x) - f(x')|         = 3.41e-13 ≰ 0.0e+00
    |f(x) - f(x')|/|f(x')| = 3.72e-16 ≰ 0.0e+00
    |g(x)|                 = 6.91e-09 ≤ 1.0e-08

 * Work counters
    Seconds run:   93  (vs limit Inf)
    Iterations:    36
    f(x) calls:    85
    ∇f(x) calls:   85

*ooCMF -915.92222373 
 94.969741 seconds (5.06 M allocations: 4.908 GiB, 0.50% gc time)
 ooCMF Iter:    1 Total= -915.776343335146 Active= -49.362272383309 G=     6.43e-01
 ooCMF Iter:    2 Total= -915.908900632378 Active= -49.494829680541 G=     2.13e-01
 ooCMF Iter:    3 Total= -915.919718432669 Active= -49.505647480832 G=     6.92e-02
 ooCMF Iter:    4 Total= -915.921123151945 Active= -49.507052200109 G=     2.84e-02
 ooCMF Iter:    5 Total= -915.921464969859 Active= -49.507394018023 G=     2.07e-02
 ooCMF Iter:    6 Total= -915.921797286924 Active= -49.507726335088 G=     2.39e-02
 ooCMF Iter:    7 Total= -915.922088081951 Active= -49.508017130115 G=     1.65e-02
 ooCMF Iter:    8 Total= -915.922199011516 Active= -49.508128059679 G=     6.12e-03
 ooCMF Iter:    9 Total= -915.922210132776 Active= -49.508139180939 G=     2.74e-03
 ooCMF Iter:   10 Total= -915.922213800315 Active= -49.508142848478 G=     2.54e-03
 ooCMF Iter:   11 Total= -915.922218502895 Active= -49.508147551058 G=     2.59e-03
 ooCMF Iter:   12 Total= -915.922221876672 Active= -49.508150924835 G=     1.77e-03
 ooCMF Iter:   13 Total= -915.922222859722 Active= -49.508151907885 G=     7.83e-04
 ooCMF Iter:   14 Total= -915.922223113819 Active= -49.508152161982 G=     6.84e-04
 ooCMF Iter:   15 Total= -915.922223360306 Active= -49.508152408470 G=     5.85e-04
 ooCMF Iter:   16 Total= -915.922223571362 Active= -49.508152619526 G=     6.72e-04
 ooCMF Iter:   17 Total= -915.922223679559 Active= -49.508152727723 G=     2.57e-04
 ooCMF Iter:   18 Total= -915.922223698615 Active= -49.508152746778 G=     1.32e-04
 ooCMF Iter:   19 Total= -915.922223708139 Active= -49.508152756302 G=     1.14e-04
 ooCMF Iter:   20 Total= -915.922223717976 Active= -49.508152766139 G=     1.83e-04
 ooCMF Iter:   21 Total= -915.922223728344 Active= -49.508152776507 G=     8.94e-05
 ooCMF Iter:   22 Total= -915.922223730115 Active= -49.508152778278 G=     3.30e-05
 ooCMF Iter:   23 Total= -915.922223730439 Active= -49.508152778602 G=     1.82e-05
 ooCMF Iter:   24 Total= -915.922223730591 Active= -49.508152778754 G=     1.75e-05
 ooCMF Iter:   25 Total= -915.922223730747 Active= -49.508152778910 G=     1.40e-05
 ooCMF Iter:   26 Total= -915.922223730865 Active= -49.508152779028 G=     1.50e-05
 ooCMF Iter:   27 Total= -915.922223730950 Active= -49.508152779113 G=     7.58e-06
 ooCMF Iter:   28 Total= -915.922223730971 Active= -49.508152779134 G=     4.05e-06
 ooCMF Iter:   29 Total= -915.922223730975 Active= -49.508152779138 G=     3.10e-06
 ooCMF Iter:   30 Total= -915.922223730976 Active= -49.508152779139 G=     2.70e-06
 ooCMF Iter:   31 Total= -915.922223730982 Active= -49.508152779145 G=     3.86e-06
 ooCMF Iter:   32 Total= -915.922223730992 Active= -49.508152779155 G=     5.23e-06
 ooCMF Iter:   33 Total= -915.922223730999 Active= -49.508152779162 G=     2.35e-06
 ooCMF Iter:   34 Total= -915.922223731001 Active= -49.508152779164 G=     1.17e-06
 ooCMF Iter:   35 Total= -915.922223731001 Active= -49.508152779164 G=     8.14e-07
 ooCMF Iter:   36 Total= -915.922223731002 Active= -49.508152779165 G=     5.48e-07
 ooCMF Iter:   37 Total= -915.922223731002 Active= -49.508152779165 G=     6.65e-07
 ooCMF Iter:   38 Total= -915.922223731002 Active= -49.508152779165 G=     3.27e-07
 ooCMF Iter:   39 Total= -915.922223731002 Active= -49.508152779165 G=     2.84e-07
 ooCMF Iter:   40 Total= -915.922223731002 Active= -49.508152779165 G=     1.35e-07
 ooCMF Iter:   41 Total= -915.922223731002 Active= -49.508152779165 G=     8.94e-08
 ooCMF Iter:   42 Total= -915.922223731002 Active= -49.508152779165 G=     1.25e-07
 ooCMF Iter:   43 Total= -915.922223731002 Active= -49.508152779165 G=     7.68e-08
 ooCMF Iter:   44 Total= -915.922223731002 Active= -49.508152779165 G=     4.17e-08
 * Status: success

 * Candidate solution
    Final objective value:     -9.159222e+02

 * Found with
    Algorithm:     Conjugate Gradient

 * Convergence measures
    |x - x'|               = 1.80e-08 ≰ 0.0e+00
    |x - x'|/|x'|          = 1.27e-07 ≰ 0.0e+00
    |f(x) - f(x')|         = 0.00e+00 ≤ 0.0e+00
    |f(x) - f(x')|/|f(x')| = 0.00e+00 ≤ 0.0e+00
    |g(x)|                 = 7.36e-09 ≤ 1.0e-08

 * Work counters
    Seconds run:   77  (vs limit Inf)
    Iterations:    43
    f(x) calls:    104
    ∇f(x) calls:   62

*ooCMF -915.92222373 
 79.696951 seconds (4.08 M allocations: 4.139 GiB, 0.52% gc time)
 Step:    1 E: -915.776343335146 G: 6.4e-01
 Step:    2 E: -915.814594991105 G: 5.5e-01
 Step:    3 E: -915.842285931270 G: 4.7e-01
 Step:    4 E: -915.862430349386 G: 4.0e-01
 Step:    5 E: -915.877171334617 G: 3.4e-01
 Step:    6 E: -915.888027022771 G: 2.9e-01
 Step:    7 E: -915.896073626872 G: 2.5e-01
 Step:    8 E: -915.902076693534 G: 2.2e-01
 Step:    9 E: -915.906583524525 G: 1.9e-01
 Step:   10 E: -915.909987722083 G: 1.7e-01
 Step:   11 E: -915.912574166377 G: 1.5e-01
 Step:   12 E: -915.914550402474 G: 1.3e-01
 Step:   13 E: -915.916068624182 G: 1.1e-01
 Step:   14 E: -915.917241149894 G: 9.8e-02
 Step:   15 E: -915.918151381259 G: 8.7e-02
 Step:   16 E: -915.918861612452 G: 7.7e-02
 Step:   17 E: -915.919418631691 G: 6.8e-02
 Step:   18 E: -915.919857765720 G: 6.1e-02
 Step:   19 E: -915.920205819170 G: 5.4e-02
 Step:   20 E: -915.920483224436 G: 4.8e-02
 Step:   21 E: -915.920705623821 G: 4.3e-02
 Step:   22 E: -915.920885040822 G: 3.9e-02
 Step:   23 E: -915.921030752139 G: 3.5e-02
 Step:   24 E: -915.921149940387 G: 3.2e-02
 Step:   25 E: -915.921248185146 G: 2.9e-02
 Step:   26 E: -915.921329834149 G: 2.7e-02
 Step:   27 E: -915.921398285143 G: 2.5e-02
 Step:   28 E: -915.921456200808 G: 2.3e-02
 Step:   29 E: -915.921505673299 G: 2.1e-02
 Step:   30 E: -915.921548350660 G: 2.0e-02
 Step:   31 E: -915.921585534303 G: 1.8e-02
 Step:   32 E: -915.921618254400 G: 1.7e-02
 Step:   33 E: -915.921647328376 G: 1.6e-02
 Step:   34 E: -915.921673406414 G: 1.6e-02
 Step:   35 E: -915.921697006948 G: 1.5e-02
 Step:   36 E: -915.921718544420 G: 1.4e-02
 Step:   37 E: -915.921738351027 G: 1.4e-02
 Step:   38 E: -915.921756693805 G: 1.3e-02
 Step:   39 E: -915.921773788070 G: 1.3e-02
 Step:   40 E: -915.921789808021 G: 1.2e-02
 Step:   41 E: -915.921804895100 G: 1.2e-02
 Step:   42 E: -915.921819164627 G: 1.2e-02
 Step:   43 E: -915.921832711035 G: 1.1e-02
 Step:   44 E: -915.921845612044 G: 1.1e-02
 Step:   45 E: -915.921857931961 G: 1.1e-02
 Step:   46 E: -915.921869724319 G: 1.1e-02
 Step:   47 E: -915.921881033972 G: 1.0e-02
 Step:   48 E: -915.921891898773 G: 1.0e-02
 Step:   49 E: -915.921902350903 G: 1.0e-02
 Step:   50 E: -915.921912417949 G: 9.9e-03
 Step:   51 E: -915.921922123754 G: 9.7e-03
 Step:   52 E: -915.921931489111 G: 9.6e-03
 Step:   53 E: -915.921940532304 G: 9.4e-03
 Step:   54 E: -915.921949269560 G: 9.2e-03
 Step:   55 E: -915.921957715401 G: 9.1e-03
 Step:   56 E: -915.921965882937 G: 8.9e-03
 Step:   57 E: -915.921973784089 G: 8.8e-03
 Step:   58 E: -915.921981429785 G: 8.6e-03
 Step:   59 E: -915.921988830109 G: 8.5e-03
 Step:   60 E: -915.921995994428 G: 8.4e-03
 Step:   61 E: -915.922002931488 G: 8.2e-03
 Step:   62 E: -915.922009649498 G: 8.1e-03
 Step:   63 E: -915.922016156201 G: 8.0e-03
 Step:   64 E: -915.922022458923 G: 7.8e-03
 Step:   65 E: -915.922028564625 G: 7.7e-03
 Step:   66 E: -915.922034479939 G: 7.6e-03
 Step:   67 E: -915.922040211195 G: 7.5e-03
 Step:   68 E: -915.922045764455 G: 7.4e-03
 Step:   69 E: -915.922051145531 G: 7.2e-03
 Step:   70 E: -915.922056360005 G: 7.1e-03
 Step:   71 E: -915.922061413245 G: 7.0e-03
 Step:   72 E: -915.922066310419 G: 6.9e-03
 Step:   73 E: -915.922071056508 G: 6.8e-03
 Step:   74 E: -915.922075656314 G: 6.7e-03
 Step:   75 E: -915.922080114476 G: 6.6e-03
 Step:   76 E: -915.922084435468 G: 6.5e-03
 Step:   77 E: -915.922088623615 G: 6.4e-03
 Step:   78 E: -915.922092683097 G: 6.3e-03
 Step:   79 E: -915.922096617957 G: 6.2e-03
 Step:   80 E: -915.922100432101 G: 6.1e-03
 Step:   81 E: -915.922104129311 G: 6.0e-03
 Step:   82 E: -915.922107713244 G: 5.9e-03
 Step:   83 E: -915.922111187440 G: 5.8e-03
 Step:   84 E: -915.922114555325 G: 5.7e-03
 Step:   85 E: -915.922117820214 G: 5.6e-03
 Step:   86 E: -915.922120985317 G: 5.6e-03
 Step:   87 E: -915.922124053741 G: 5.5e-03
 Step:   88 E: -915.922127028494 G: 5.4e-03
 Step:   89 E: -915.922129912490 G: 5.3e-03
 Step:   90 E: -915.922132708550 G: 5.2e-03
 Step:   91 E: -915.922135419404 G: 5.1e-03
 Step:   92 E: -915.922138047698 G: 5.1e-03
 Step:   93 E: -915.922140595992 G: 5.0e-03
 Step:   94 E: -915.922143066768 G: 4.9e-03
 Step:   95 E: -915.922145462427 G: 4.8e-03
 Step:   96 E: -915.922147785297 G: 4.8e-03
 Step:   97 E: -915.922150037631 G: 4.7e-03
 Step:   98 E: -915.922152221611 G: 4.6e-03
 Step:   99 E: -915.922154339352 G: 4.5e-03
 Step:  100 E: -915.922156392900 G: 4.5e-03
 Step:  101 E: -915.922158384240 G: 4.4e-03
 Step:  102 E: -915.922160315293 G: 4.3e-03
 Step:  103 E: -915.922162187916 G: 4.3e-03
 Step:  104 E: -915.922164003917 G: 4.2e-03
 Step:  105 E: -915.922165765039 G: 4.1e-03
 Step:  106 E: -915.922167472973 G: 4.1e-03
 Step:  107 E: -915.922169129357 G: 4.0e-03
 Step:  108 E: -915.922170735779 G: 4.0e-03
 Step:  109 E: -915.922172293775 G: 3.9e-03
 Step:  110 E: -915.922173804836 G: 3.8e-03
 Step:  111 E: -915.922175270404 G: 3.8e-03
 Step:  112 E: -915.922176691876 G: 3.7e-03
 Step:  113 E: -915.922178070607 G: 3.7e-03
 Step:  114 E: -915.922179407907 G: 3.6e-03
 Step:  115 E: -915.922180705048 G: 3.6e-03
 Step:  116 E: -915.922181963262 G: 3.5e-03
 Step:  117 E: -915.922183183739 G: 3.5e-03
 Step:  118 E: -915.922184367637 G: 3.4e-03
 Step:  119 E: -915.922185516074 G: 3.4e-03
 Step:  120 E: -915.922186630137 G: 3.3e-03
 Step:  121 E: -915.922187710874 G: 3.3e-03
 Step:  122 E: -915.922188759306 G: 3.2e-03
 Step:  123 E: -915.922189776417 G: 3.2e-03
 Step:  124 E: -915.922190763165 G: 3.1e-03
 Step:  125 E: -915.922191720475 G: 3.1e-03
 Step:  126 E: -915.922192649246 G: 3.0e-03
 Step:  127 E: -915.922193550345 G: 3.0e-03
 Step:  128 E: -915.922194424616 G: 2.9e-03
 Step:  129 E: -915.922195272877 G: 2.9e-03
 Step:  130 E: -915.922196095918 G: 2.8e-03
 Step:  131 E: -915.922196894505 G: 2.8e-03
 Step:  132 E: -915.922197669381 G: 2.8e-03
 Step:  133 E: -915.922198421267 G: 2.7e-03
 Step:  134 E: -915.922199150861 G: 2.7e-03
 Step:  135 E: -915.922199858838 G: 2.6e-03
 Step:  136 E: -915.922200545852 G: 2.6e-03
 Step:  137 E: -915.922201212542 G: 2.6e-03
 Step:  138 E: -915.922201859519 G: 2.5e-03
 Step:  139 E: -915.922202487382 G: 2.5e-03
 Step:  140 E: -915.922203096708 G: 2.4e-03
 Step:  141 E: -915.922203688058 G: 2.4e-03
 Step:  142 E: -915.922204261974 G: 2.4e-03
 Step:  143 E: -915.922204818983 G: 2.3e-03
 Step:  144 E: -915.922205359594 G: 2.3e-03
 Step:  145 E: -915.922205884302 G: 2.3e-03
 Step:  146 E: -915.922206393587 G: 2.2e-03
 Step:  147 E: -915.922206887912 G: 2.2e-03
 Step:  148 E: -915.922207367727 G: 2.2e-03
 Step:  149 E: -915.922207833470 G: 2.1e-03
 Step:  150 E: -915.922208285562 G: 2.1e-03
 Step:  151 E: -915.922208724414 G: 2.1e-03
 Step:  152 E: -915.922209150423 G: 2.0e-03
 Step:  153 E: -915.922209563975 G: 2.0e-03
 Step:  154 E: -915.922209965443 G: 2.0e-03
 Step:  155 E: -915.922210355189 G: 2.0e-03
 Step:  156 E: -915.922210733563 G: 1.9e-03
 Step:  157 E: -915.922211100907 G: 1.9e-03
 Step:  158 E: -915.922211457549 G: 1.9e-03
 Step:  159 E: -915.922211803809 G: 1.8e-03
 Step:  160 E: -915.922212139998 G: 1.8e-03
 Step:  161 E: -915.922212466417 G: 1.8e-03
 Step:  162 E: -915.922212783356 G: 1.8e-03
 Step:  163 E: -915.922213091097 G: 1.7e-03
 Step:  164 E: -915.922213389916 G: 1.7e-03
 Step:  165 E: -915.922213680077 G: 1.7e-03
 Step:  166 E: -915.922213961838 G: 1.7e-03
 Step:  167 E: -915.922214235448 G: 1.6e-03
 Step:  168 E: -915.922214501149 G: 1.6e-03
 Step:  169 E: -915.922214759178 G: 1.6e-03
 Step:  170 E: -915.922215009760 G: 1.6e-03
 Step:  171 E: -915.922215253117 G: 1.5e-03
 Step:  172 E: -915.922215489462 G: 1.5e-03
 Step:  173 E: -915.922215719003 G: 1.5e-03
 Step:  174 E: -915.922215941943 G: 1.5e-03
 Step:  175 E: -915.922216158474 G: 1.5e-03
 Step:  176 E: -915.922216368787 G: 1.4e-03
 Step:  177 E: -915.922216573066 G: 1.4e-03
 Step:  178 E: -915.922216771488 G: 1.4e-03
 Step:  179 E: -915.922216964226 G: 1.4e-03
 Step:  180 E: -915.922217151447 G: 1.4e-03
 Step:  181 E: -915.922217333315 G: 1.3e-03
 Step:  182 E: -915.922217509984 G: 1.3e-03
 Step:  183 E: -915.922217681611 G: 1.3e-03
 Step:  184 E: -915.922217848341 G: 1.3e-03
 Step:  185 E: -915.922218010319 G: 1.3e-03
 Step:  186 E: -915.922218167684 G: 1.2e-03
 Step:  187 E: -915.922218320572 G: 1.2e-03
 Step:  188 E: -915.922218469113 G: 1.2e-03
 Step:  189 E: -915.922218613435 G: 1.2e-03
 Step:  190 E: -915.922218753661 G: 1.2e-03
 Step:  191 E: -915.922218889910 G: 1.2e-03
 Step:  192 E: -915.922219022299 G: 1.1e-03
 Step:  193 E: -915.922219150941 G: 1.1e-03
 Step:  194 E: -915.922219275944 G: 1.1e-03
 Step:  195 E: -915.922219397415 G: 1.1e-03
 Step:  196 E: -915.922219515457 G: 1.1e-03
 Step:  197 E: -915.922219630169 G: 1.1e-03
 Step:  198 E: -915.922219741648 G: 1.0e-03
 Step:  199 E: -915.922219849988 G: 1.0e-03
 Step:  200 E: -915.922219955279 G: 1.0e-03
 Step:  201 E: -915.922220057611 G: 1.0e-03
 Step:  202 E: -915.922220157070 G: 9.9e-04
 Step:  203 E: -915.922220253738 G: 9.7e-04
 Step:  204 E: -915.922220347696 G: 9.6e-04
 Step:  205 E: -915.922220439022 G: 9.5e-04
 Step:  206 E: -915.922220527793 G: 9.3e-04
 Step:  207 E: -915.922220614083 G: 9.2e-04
 Step:  208 E: -915.922220697962 G: 9.1e-04
 Step:  209 E: -915.922220779500 G: 8.9e-04
 Step:  210 E: -915.922220858765 G: 8.8e-04
 Step:  211 E: -915.922220935822 G: 8.7e-04
 Step:  212 E: -915.922221010735 G: 8.6e-04
 Step:  213 E: -915.922221083565 G: 8.4e-04
 Step:  214 E: -915.922221154372 G: 8.3e-04
 Step:  215 E: -915.922221223214 G: 8.2e-04
 Step:  216 E: -915.922221290147 G: 8.1e-04
 Step:  217 E: -915.922221355226 G: 8.0e-04
 Step:  218 E: -915.922221418505 G: 7.9e-04
 Step:  219 E: -915.922221480033 G: 7.8e-04
 Step:  220 E: -915.922221539862 G: 7.7e-04
 Step:  221 E: -915.922221598040 G: 7.5e-04
 Step:  222 E: -915.922221654615 G: 7.4e-04
 Step:  223 E: -915.922221709631 G: 7.3e-04
 Step:  224 E: -915.922221763133 G: 7.2e-04
 Step:  225 E: -915.922221815164 G: 7.1e-04
 Step:  226 E: -915.922221865766 G: 7.0e-04
 Step:  227 E: -915.922221914980 G: 6.9e-04
 Step:  228 E: -915.922221962845 G: 6.8e-04
 Step:  229 E: -915.922222009399 G: 6.8e-04
 Step:  230 E: -915.922222054679 G: 6.7e-04
 Step:  231 E: -915.922222098722 G: 6.6e-04
 Step:  232 E: -915.922222141562 G: 6.5e-04
 Step:  233 E: -915.922222183233 G: 6.4e-04
 Step:  234 E: -915.922222223770 G: 6.3e-04
 Step:  235 E: -915.922222263201 G: 6.2e-04
 Step:  236 E: -915.922222301561 G: 6.1e-04
 Step:  237 E: -915.922222338878 G: 6.0e-04
 Step:  238 E: -915.922222375183 G: 6.0e-04
 Step:  239 E: -915.922222410502 G: 5.9e-04
 Step:  240 E: -915.922222444865 G: 5.8e-04
 Step:  241 E: -915.922222478298 G: 5.7e-04
 Step:  242 E: -915.922222510828 G: 5.6e-04
 Step:  243 E: -915.922222542478 G: 5.6e-04
 Step:  244 E: -915.922222573274 G: 5.5e-04
 Step:  245 E: -915.922222603240 G: 5.4e-04
 Step:  246 E: -915.922222632399 G: 5.3e-04
 Step:  247 E: -915.922222660773 G: 5.3e-04
 Step:  248 E: -915.922222688385 G: 5.2e-04
 Step:  249 E: -915.922222715256 G: 5.1e-04
 Step:  250 E: -915.922222741406 G: 5.1e-04
 Step:  251 E: -915.922222766855 G: 5.0e-04
 Step:  252 E: -915.922222791623 G: 4.9e-04
 Step:  253 E: -915.922222815729 G: 4.9e-04
 Step:  254 E: -915.922222839190 G: 4.8e-04
 Step:  255 E: -915.922222862027 G: 4.7e-04
 Step:  256 E: -915.922222884253 G: 4.7e-04
 Step:  257 E: -915.922222905888 G: 4.6e-04
 Step:  258 E: -915.922222926947 G: 4.5e-04
 Step:  259 E: -915.922222947447 G: 4.5e-04
 Step:  260 E: -915.922222967403 G: 4.4e-04
 Step:  261 E: -915.922222986829 G: 4.4e-04
 Step:  262 E: -915.922223005741 G: 4.3e-04
 Step:  263 E: -915.922223024151 G: 4.2e-04
 Step:  264 E: -915.922223042076 G: 4.2e-04
 Step:  265 E: -915.922223059527 G: 4.1e-04
 Step:  266 E: -915.922223076517 G: 4.1e-04
 Step:  267 E: -915.922223093060 G: 4.0e-04
 Step:  268 E: -915.922223109166 G: 4.0e-04
 Step:  269 E: -915.922223124850 G: 3.9e-04
 Step:  270 E: -915.922223140121 G: 3.9e-04
 Step:  271 E: -915.922223154992 G: 3.8e-04
 Step:  272 E: -915.922223169472 G: 3.8e-04
 Step:  273 E: -915.922223183573 G: 3.7e-04
 Step:  274 E: -915.922223197305 G: 3.7e-04
 Step:  275 E: -915.922223210679 G: 3.6e-04
 Step:  276 E: -915.922223223703 G: 3.6e-04
 Step:  277 E: -915.922223236387 G: 3.5e-04
 Step:  278 E: -915.922223248741 G: 3.5e-04
 Step:  279 E: -915.922223260774 G: 3.4e-04
 Step:  280 E: -915.922223272494 G: 3.4e-04
 Step:  281 E: -915.922223283908 G: 3.3e-04
 Step:  282 E: -915.922223295027 G: 3.3e-04
 Step:  283 E: -915.922223305858 G: 3.3e-04
 Step:  284 E: -915.922223316408 G: 3.2e-04
 Step:  285 E: -915.922223326686 G: 3.2e-04
 Step:  286 E: -915.922223336698 G: 3.1e-04
 Step:  287 E: -915.922223346452 G: 3.1e-04
 Step:  288 E: -915.922223355954 G: 3.1e-04
 Step:  289 E: -915.922223365210 G: 3.0e-04
 Step:  290 E: -915.922223374230 G: 3.0e-04
 Step:  291 E: -915.922223383018 G: 2.9e-04
 Step:  292 E: -915.922223391579 G: 2.9e-04
 Step:  293 E: -915.922223399922 G: 2.9e-04
 Step:  294 E: -915.922223408051 G: 2.8e-04
 Step:  295 E: -915.922223415972 G: 2.8e-04
 Step:  296 E: -915.922223423689 G: 2.8e-04
 Step:  297 E: -915.922223431210 G: 2.7e-04
 Step:  298 E: -915.922223438539 G: 2.7e-04
 Step:  299 E: -915.922223445682 G: 2.6e-04
 Step:  300 E: -915.922223452642 G: 2.6e-04
 Step:  301 E: -915.922223459427 G: 2.6e-04
 Step:  302 E: -915.922223466038 G: 2.5e-04
 Step:  303 E: -915.922223472481 G: 2.5e-04
 Step:  304 E: -915.922223478762 G: 2.5e-04
 Step:  305 E: -915.922223484883 G: 2.5e-04
 Step:  306 E: -915.922223490849 G: 2.4e-04
 Step:  307 E: -915.922223496665 G: 2.4e-04
 Step:  308 E: -915.922223502334 G: 2.4e-04
 Step:  309 E: -915.922223507860 G: 2.3e-04
 Step:  310 E: -915.922223513248 G: 2.3e-04
 Step:  311 E: -915.922223518498 G: 2.3e-04
 Step:  312 E: -915.922223523618 G: 2.2e-04
 Step:  313 E: -915.922223528609 G: 2.2e-04
 Step:  314 E: -915.922223533475 G: 2.2e-04
 Step:  315 E: -915.922223538219 G: 2.2e-04
 Step:  316 E: -915.922223542843 G: 2.1e-04
 Step:  317 E: -915.922223547354 G: 2.1e-04
 Step:  318 E: -915.922223551750 G: 2.1e-04
 Step:  319 E: -915.922223556038 G: 2.1e-04
 Step:  320 E: -915.922223560218 G: 2.0e-04
 Step:  321 E: -915.922223564294 G: 2.0e-04
 Step:  322 E: -915.922223568270 G: 2.0e-04
 Step:  323 E: -915.922223572146 G: 2.0e-04
 Step:  324 E: -915.922223575926 G: 1.9e-04
 Step:  325 E: -915.922223579613 G: 1.9e-04
 Step:  326 E: -915.922223583209 G: 1.9e-04
 Step:  327 E: -915.922223586714 G: 1.9e-04
 Step:  328 E: -915.922223590134 G: 1.8e-04
 Step:  329 E: -915.922223593470 G: 1.8e-04
 Step:  330 E: -915.922223596722 G: 1.8e-04
 Step:  331 E: -915.922223599895 G: 1.8e-04
 Step:  332 E: -915.922223602990 G: 1.7e-04
 Step:  333 E: -915.922223606009 G: 1.7e-04
 Step:  334 E: -915.922223608954 G: 1.7e-04
 Step:  335 E: -915.922223611827 G: 1.7e-04
 Step:  336 E: -915.922223614629 G: 1.7e-04
 Step:  337 E: -915.922223617362 G: 1.6e-04
 Step:  338 E: -915.922223620029 G: 1.6e-04
 Step:  339 E: -915.922223622631 G: 1.6e-04
 Step:  340 E: -915.922223625169 G: 1.6e-04
 Step:  341 E: -915.922223627646 G: 1.6e-04
 Step:  342 E: -915.922223630060 G: 1.5e-04
 Step:  343 E: -915.922223632418 G: 1.5e-04
 Step:  344 E: -915.922223634719 G: 1.5e-04
 Step:  345 E: -915.922223636963 G: 1.5e-04
 Step:  346 E: -915.922223639153 G: 1.5e-04
 Step:  347 E: -915.922223641290 G: 1.4e-04
 Step:  348 E: -915.922223643375 G: 1.4e-04
 Step:  349 E: -915.922223645409 G: 1.4e-04
 Step:  350 E: -915.922223647395 G: 1.4e-04
 Step:  351 E: -915.922223649332 G: 1.4e-04
 Step:  352 E: -915.922223651223 G: 1.4e-04
 Step:  353 E: -915.922223653069 G: 1.3e-04
 Step:  354 E: -915.922223654870 G: 1.3e-04
 Step:  355 E: -915.922223656628 G: 1.3e-04
 Step:  356 E: -915.922223658344 G: 1.3e-04
 Step:  357 E: -915.922223660018 G: 1.3e-04
 Step:  358 E: -915.922223661652 G: 1.3e-04
 Step:  359 E: -915.922223663248 G: 1.3e-04
 Step:  360 E: -915.922223664805 G: 1.2e-04
 Step:  361 E: -915.922223666325 G: 1.2e-04
 Step:  362 E: -915.922223667809 G: 1.2e-04
 Step:  363 E: -915.922223669258 G: 1.2e-04
 Step:  364 E: -915.922223670671 G: 1.2e-04
 Step:  365 E: -915.922223672051 G: 1.2e-04
 Step:  366 E: -915.922223673399 G: 1.2e-04
 Step:  367 E: -915.922223674715 G: 1.1e-04
 Step:  368 E: -915.922223675999 G: 1.1e-04
 Step:  369 E: -915.922223677253 G: 1.1e-04
 Step:  370 E: -915.922223678477 G: 1.1e-04
 Step:  371 E: -915.922223679672 G: 1.1e-04
 Step:  372 E: -915.922223680840 G: 1.1e-04
 Step:  373 E: -915.922223681979 G: 1.1e-04
 Step:  374 E: -915.922223683092 G: 1.0e-04
 Step:  375 E: -915.922223684179 G: 1.0e-04
 Step:  376 E: -915.922223685240 G: 1.0e-04
 Step:  377 E: -915.922223686275 G: 1.0e-04
 Step:  378 E: -915.922223687287 G: 1.0e-04
 Step:  379 E: -915.922223688275 G: 9.9e-05
 Step:  380 E: -915.922223689240 G: 9.7e-05
 Step:  381 E: -915.922223690182 G: 9.6e-05
 Step:  382 E: -915.922223691103 G: 9.5e-05
 Step:  383 E: -915.922223692001 G: 9.4e-05
 Step:  384 E: -915.922223692879 G: 9.3e-05
 Step:  385 E: -915.922223693736 G: 9.2e-05
 Step:  386 E: -915.922223694574 G: 9.1e-05
 Step:  387 E: -915.922223695391 G: 9.0e-05
 Step:  388 E: -915.922223696190 G: 8.9e-05
 Step:  389 E: -915.922223696971 G: 8.8e-05
 Step:  390 E: -915.922223697733 G: 8.7e-05
 Step:  391 E: -915.922223698477 G: 8.6e-05
 Step:  392 E: -915.922223699204 G: 8.5e-05
 Step:  393 E: -915.922223699915 G: 8.4e-05
 Step:  394 E: -915.922223700609 G: 8.3e-05
 Step:  395 E: -915.922223701287 G: 8.2e-05
 Step:  396 E: -915.922223701949 G: 8.1e-05
 Step:  397 E: -915.922223702596 G: 8.0e-05
 Step:  398 E: -915.922223703228 G: 7.9e-05
 Step:  399 E: -915.922223703846 G: 7.8e-05
 Step:  400 E: -915.922223704449 G: 7.7e-05
 Step:  401 E: -915.922223705038 G: 7.6e-05
 Step:  402 E: -915.922223705615 G: 7.5e-05
 Step:  403 E: -915.922223706177 G: 7.4e-05
 Step:  404 E: -915.922223706727 G: 7.4e-05
 Step:  405 E: -915.922223707265 G: 7.3e-05
 Step:  406 E: -915.922223707790 G: 7.2e-05
 Step:  407 E: -915.922223708302 G: 7.1e-05
 Step:  408 E: -915.922223708804 G: 7.0e-05
 Step:  409 E: -915.922223709293 G: 6.9e-05
 Step:  410 E: -915.922223709772 G: 6.9e-05
 Step:  411 E: -915.922223710240 G: 6.8e-05
 Step:  412 E: -915.922223710697 G: 6.7e-05
 Step:  413 E: -915.922223711143 G: 6.6e-05
 Step:  414 E: -915.922223711580 G: 6.6e-05
 Step:  415 E: -915.922223712008 G: 6.5e-05
 Step:  416 E: -915.922223712424 G: 6.4e-05
 Step:  417 E: -915.922223712832 G: 6.3e-05
 Step:  418 E: -915.922223713230 G: 6.3e-05
 Step:  419 E: -915.922223713620 G: 6.2e-05
 Step:  420 E: -915.922223714000 G: 6.1e-05
 Step:  421 E: -915.922223714372 G: 6.0e-05
 Step:  422 E: -915.922223714735 G: 6.0e-05
 Step:  423 E: -915.922223715091 G: 5.9e-05
 Step:  424 E: -915.922223715439 G: 5.8e-05
 Step:  425 E: -915.922223715778 G: 5.8e-05
 Step:  426 E: -915.922223716110 G: 5.7e-05
 Step:  427 E: -915.922223716435 G: 5.6e-05
 Step:  428 E: -915.922223716752 G: 5.6e-05
 Step:  429 E: -915.922223717061 G: 5.5e-05
 Step:  430 E: -915.922223717365 G: 5.5e-05
 Step:  431 E: -915.922223717661 G: 5.4e-05
 Step:  432 E: -915.922223717951 G: 5.3e-05
 Step:  433 E: -915.922223718234 G: 5.3e-05
 Step:  434 E: -915.922223718511 G: 5.2e-05
 Step:  435 E: -915.922223718781 G: 5.2e-05
 Step:  436 E: -915.922223719046 G: 5.1e-05
 Step:  437 E: -915.922223719304 G: 5.0e-05
 Step:  438 E: -915.922223719558 G: 5.0e-05
 Step:  439 E: -915.922223719805 G: 4.9e-05
 Step:  440 E: -915.922223720047 G: 4.9e-05
 Step:  441 E: -915.922223720284 G: 4.8e-05
 Step:  442 E: -915.922223720515 G: 4.8e-05
 Step:  443 E: -915.922223720741 G: 4.7e-05
 Step:  444 E: -915.922223720962 G: 4.7e-05
 Step:  445 E: -915.922223721178 G: 4.6e-05
 Step:  446 E: -915.922223721390 G: 4.6e-05
 Step:  447 E: -915.922223721596 G: 4.5e-05
 Step:  448 E: -915.922223721798 G: 4.5e-05
 Step:  449 E: -915.922223721996 G: 4.4e-05
 Step:  450 E: -915.922223722189 G: 4.4e-05
 Step:  451 E: -915.922223722379 G: 4.3e-05
 Step:  452 E: -915.922223722564 G: 4.3e-05
 Step:  453 E: -915.922223722744 G: 4.2e-05
 Step:  454 E: -915.922223722921 G: 4.2e-05
 Step:  455 E: -915.922223723094 G: 4.1e-05
 Step:  456 E: -915.922223723264 G: 4.1e-05
 Step:  457 E: -915.922223723428 G: 4.0e-05
 Step:  458 E: -915.922223723591 G: 4.0e-05
 Step:  459 E: -915.922223723749 G: 3.9e-05
 Step:  460 E: -915.922223723903 G: 3.9e-05
 Step:  461 E: -915.922223724055 G: 3.9e-05
 Step:  462 E: -915.922223724203 G: 3.8e-05
 Step:  463 E: -915.922223724348 G: 3.8e-05
 Step:  464 E: -915.922223724490 G: 3.7e-05
 Step:  465 E: -915.922223724628 G: 3.7e-05
 Step:  466 E: -915.922223724764 G: 3.7e-05
 Step:  467 E: -915.922223724897 G: 3.6e-05
 Step:  468 E: -915.922223725027 G: 3.6e-05
 Step:  469 E: -915.922223725154 G: 3.5e-05
 Step:  470 E: -915.922223725278 G: 3.5e-05
 Step:  471 E: -915.922223725399 G: 3.5e-05
 Step:  472 E: -915.922223725518 G: 3.4e-05
 Step:  473 E: -915.922223725634 G: 3.4e-05
 Step:  474 E: -915.922223725748 G: 3.3e-05
 Step:  475 E: -915.922223725859 G: 3.3e-05
 Step:  476 E: -915.922223725968 G: 3.3e-05
 Step:  477 E: -915.922223726074 G: 3.2e-05
 Step:  478 E: -915.922223726178 G: 3.2e-05
 Step:  479 E: -915.922223726280 G: 3.2e-05
 Step:  480 E: -915.922223726380 G: 3.1e-05
 Step:  481 E: -915.922223726478 G: 3.1e-05
 Step:  482 E: -915.922223726573 G: 3.1e-05
 Step:  483 E: -915.922223726666 G: 3.0e-05
 Step:  484 E: -915.922223726757 G: 3.0e-05
 Step:  485 E: -915.922223726847 G: 3.0e-05
 Step:  486 E: -915.922223726934 G: 2.9e-05
 Step:  487 E: -915.922223727020 G: 2.9e-05
 Step:  488 E: -915.922223727104 G: 2.9e-05
 Step:  489 E: -915.922223727186 G: 2.8e-05
 Step:  490 E: -915.922223727266 G: 2.8e-05
 Step:  491 E: -915.922223727345 G: 2.8e-05
 Step:  492 E: -915.922223727422 G: 2.7e-05
 Step:  493 E: -915.922223727497 G: 2.7e-05
 Step:  494 E: -915.922223727570 G: 2.7e-05
 Step:  495 E: -915.922223727642 G: 2.7e-05
 Step:  496 E: -915.922223727712 G: 2.6e-05
 Step:  497 E: -915.922223727782 G: 2.6e-05
 Step:  498 E: -915.922223727849 G: 2.6e-05
 Step:  499 E: -915.922223727915 G: 2.5e-05
 Step:  500 E: -915.922223727979 G: 2.5e-05
 Step:  501 E: -915.922223728043 G: 2.5e-05
 Step:  502 E: -915.922223728105 G: 2.5e-05
 Step:  503 E: -915.922223728165 G: 2.4e-05
 Step:  504 E: -915.922223728224 G: 2.4e-05
 Step:  505 E: -915.922223728282 G: 2.4e-05
 Step:  506 E: -915.922223728339 G: 2.4e-05
 Step:  507 E: -915.922223728394 G: 2.3e-05
 Step:  508 E: -915.922223728449 G: 2.3e-05
 Step:  509 E: -915.922223728502 G: 2.3e-05
 Step:  510 E: -915.922223728554 G: 2.3e-05
 Step:  511 E: -915.922223728605 G: 2.2e-05
 Step:  512 E: -915.922223728655 G: 2.2e-05
 Step:  513 E: -915.922223728704 G: 2.2e-05
 Step:  514 E: -915.922223728752 G: 2.2e-05
 Step:  515 E: -915.922223728798 G: 2.1e-05
 Step:  516 E: -915.922223728845 G: 2.1e-05
 Step:  517 E: -915.922223728889 G: 2.1e-05
 Step:  518 E: -915.922223728933 G: 2.1e-05
 Step:  519 E: -915.922223728976 G: 2.1e-05
 Step:  520 E: -915.922223729017 G: 2.0e-05
 Step:  521 E: -915.922223729059 G: 2.0e-05
 Step:  522 E: -915.922223729100 G: 2.0e-05
 Step:  523 E: -915.922223729138 G: 2.0e-05
 Step:  524 E: -915.922223729178 G: 1.9e-05
 Step:  525 E: -915.922223729215 G: 1.9e-05
 Step:  526 E: -915.922223729252 G: 1.9e-05
 Step:  527 E: -915.922223729289 G: 1.9e-05
 Step:  528 E: -915.922223729323 G: 1.9e-05
 Step:  529 E: -915.922223729359 G: 1.8e-05
 Step:  530 E: -915.922223729393 G: 1.8e-05
 Step:  531 E: -915.922223729426 G: 1.8e-05
 Step:  532 E: -915.922223729459 G: 1.8e-05
 Step:  533 E: -915.922223729490 G: 1.8e-05
 Step:  534 E: -915.922223729522 G: 1.8e-05
 Step:  535 E: -915.922223729553 G: 1.7e-05
 Step:  536 E: -915.922223729582 G: 1.7e-05
 Step:  537 E: -915.922223729611 G: 1.7e-05
 Step:  538 E: -915.922223729640 G: 1.7e-05
 Step:  539 E: -915.922223729668 G: 1.7e-05
 Step:  540 E: -915.922223729695 G: 1.6e-05
 Step:  541 E: -915.922223729722 G: 1.6e-05
 Step:  542 E: -915.922223729749 G: 1.6e-05
 Step:  543 E: -915.922223729774 G: 1.6e-05
 Step:  544 E: -915.922223729800 G: 1.6e-05
 Step:  545 E: -915.922223729824 G: 1.6e-05
 Step:  546 E: -915.922223729849 G: 1.5e-05
 Step:  547 E: -915.922223729872 G: 1.5e-05
 Step:  548 E: -915.922223729895 G: 1.5e-05
 Step:  549 E: -915.922223729918 G: 1.5e-05
 Step:  550 E: -915.922223729941 G: 1.5e-05
 Step:  551 E: -915.922223729962 G: 1.5e-05
 Step:  552 E: -915.922223729984 G: 1.4e-05
 Step:  553 E: -915.922223730004 G: 1.4e-05
 Step:  554 E: -915.922223730025 G: 1.4e-05
 Step:  555 E: -915.922223730045 G: 1.4e-05
 Step:  556 E: -915.922223730065 G: 1.4e-05
 Step:  557 E: -915.922223730084 G: 1.4e-05
 Step:  558 E: -915.922223730103 G: 1.4e-05
 Step:  559 E: -915.922223730121 G: 1.3e-05
 Step:  560 E: -915.922223730138 G: 1.3e-05
 Step:  561 E: -915.922223730157 G: 1.3e-05
 Step:  562 E: -915.922223730174 G: 1.3e-05
 Step:  563 E: -915.922223730191 G: 1.3e-05
 Step:  564 E: -915.922223730207 G: 1.3e-05
 Step:  565 E: -915.922223730224 G: 1.3e-05
 Step:  566 E: -915.922223730240 G: 1.3e-05
 Step:  567 E: -915.922223730255 G: 1.2e-05
 Step:  568 E: -915.922223730271 G: 1.2e-05
 Step:  569 E: -915.922223730286 G: 1.2e-05
 Step:  570 E: -915.922223730300 G: 1.2e-05
 Step:  571 E: -915.922223730314 G: 1.2e-05
 Step:  572 E: -915.922223730329 G: 1.2e-05
 Step:  573 E: -915.922223730343 G: 1.2e-05
 Step:  574 E: -915.922223730356 G: 1.2e-05
 Step:  575 E: -915.922223730369 G: 1.1e-05
 Step:  576 E: -915.922223730381 G: 1.1e-05
 Step:  577 E: -915.922223730394 G: 1.1e-05
 Step:  578 E: -915.922223730407 G: 1.1e-05
 Step:  579 E: -915.922223730419 G: 1.1e-05
 Step:  580 E: -915.922223730431 G: 1.1e-05
 Step:  581 E: -915.922223730443 G: 1.1e-05
 Step:  582 E: -915.922223730454 G: 1.1e-05
 Step:  583 E: -915.922223730465 G: 1.0e-05
 Step:  584 E: -915.922223730476 G: 1.0e-05
 Step:  585 E: -915.922223730486 G: 1.0e-05
 Step:  586 E: -915.922223730497 G: 1.0e-05
 Step:  587 E: -915.922223730507 G: 1.0e-05
 Step:  588 E: -915.922223730517 G: 9.9e-06
 Step:  589 E: -915.922223730527 G: 9.8e-06
 Step:  590 E: -915.922223730537 G: 9.7e-06
 Step:  591 E: -915.922223730546 G: 9.6e-06
 Step:  592 E: -915.922223730555 G: 9.5e-06
 Step:  593 E: -915.922223730565 G: 9.4e-06
 Step:  594 E: -915.922223730574 G: 9.3e-06
 Step:  595 E: -915.922223730582 G: 9.3e-06
 Step:  596 E: -915.922223730591 G: 9.2e-06
 Step:  597 E: -915.922223730599 G: 9.1e-06
 Step:  598 E: -915.922223730607 G: 9.0e-06
 Step:  599 E: -915.922223730616 G: 8.9e-06
 Step:  600 E: -915.922223730623 G: 8.8e-06
 Step:  601 E: -915.922223730631 G: 8.7e-06
 Step:  602 E: -915.922223730639 G: 8.6e-06
 Step:  603 E: -915.922223730646 G: 8.5e-06
 Step:  604 E: -915.922223730653 G: 8.4e-06
 Step:  605 E: -915.922223730660 G: 8.3e-06
 Step:  606 E: -915.922223730667 G: 8.3e-06
 Step:  607 E: -915.922223730674 G: 8.2e-06
 Step:  608 E: -915.922223730680 G: 8.1e-06
 Step:  609 E: -915.922223730687 G: 8.0e-06
 Step:  610 E: -915.922223730693 G: 7.9e-06
 Step:  611 E: -915.922223730699 G: 7.8e-06
 Step:  612 E: -915.922223730706 G: 7.8e-06
 Step:  613 E: -915.922223730712 G: 7.7e-06
 Step:  614 E: -915.922223730717 G: 7.6e-06
 Step:  615 E: -915.922223730723 G: 7.5e-06
 Step:  616 E: -915.922223730729 G: 7.4e-06
 Step:  617 E: -915.922223730734 G: 7.4e-06
 Step:  618 E: -915.922223730740 G: 7.3e-06
 Step:  619 E: -915.922223730745 G: 7.2e-06
 Step:  620 E: -915.922223730751 G: 7.1e-06
 Step:  621 E: -915.922223730755 G: 7.1e-06
 Step:  622 E: -915.922223730760 G: 7.0e-06
 Step:  623 E: -915.922223730765 G: 6.9e-06
 Step:  624 E: -915.922223730770 G: 6.9e-06
 Step:  625 E: -915.922223730775 G: 6.8e-06
 Step:  626 E: -915.922223730779 G: 6.7e-06
 Step:  627 E: -915.922223730784 G: 6.7e-06
 Step:  628 E: -915.922223730789 G: 6.6e-06
 Step:  629 E: -915.922223730793 G: 6.5e-06
 Step:  630 E: -915.922223730797 G: 6.5e-06
 Step:  631 E: -915.922223730800 G: 6.4e-06
 Step:  632 E: -915.922223730805 G: 6.3e-06
 Step:  633 E: -915.922223730809 G: 6.3e-06
 Step:  634 E: -915.922223730812 G: 6.2e-06
 Step:  635 E: -915.922223730816 G: 6.1e-06
 Step:  636 E: -915.922223730820 G: 6.1e-06
 Step:  637 E: -915.922223730823 G: 6.0e-06
 Step:  638 E: -915.922223730827 G: 5.9e-06
 Step:  639 E: -915.922223730831 G: 5.9e-06
 Step:  640 E: -915.922223730834 G: 5.8e-06
 Step:  641 E: -915.922223730838 G: 5.8e-06
 Step:  642 E: -915.922223730841 G: 5.7e-06
 Step:  643 E: -915.922223730844 G: 5.6e-06
 Step:  644 E: -915.922223730847 G: 5.6e-06
 Step:  645 E: -915.922223730851 G: 5.5e-06
 Step:  646 E: -915.922223730853 G: 5.5e-06
 Step:  647 E: -915.922223730857 G: 5.4e-06
 Step:  648 E: -915.922223730860 G: 5.4e-06
 Step:  649 E: -915.922223730862 G: 5.3e-06
 Step:  650 E: -915.922223730866 G: 5.3e-06
 Step:  651 E: -915.922223730868 G: 5.2e-06
 Step:  652 E: -915.922223730871 G: 5.2e-06
 Step:  653 E: -915.922223730873 G: 5.1e-06
 Step:  654 E: -915.922223730876 G: 5.0e-06
 Step:  655 E: -915.922223730879 G: 5.0e-06
 Step:  656 E: -915.922223730881 G: 4.9e-06
 Step:  657 E: -915.922223730884 G: 4.9e-06
 Step:  658 E: -915.922223730886 G: 4.8e-06
 Step:  659 E: -915.922223730888 G: 4.8e-06
 Step:  660 E: -915.922223730890 G: 4.7e-06
 Step:  661 E: -915.922223730893 G: 4.7e-06
 Step:  662 E: -915.922223730895 G: 4.7e-06
 Step:  663 E: -915.922223730897 G: 4.6e-06
 Step:  664 E: -915.922223730899 G: 4.6e-06
 Step:  665 E: -915.922223730901 G: 4.5e-06
 Step:  666 E: -915.922223730903 G: 4.5e-06
 Step:  667 E: -915.922223730905 G: 4.4e-06
 Step:  668 E: -915.922223730907 G: 4.4e-06
 Step:  669 E: -915.922223730909 G: 4.3e-06
 Step:  670 E: -915.922223730911 G: 4.3e-06
 Step:  671 E: -915.922223730913 G: 4.2e-06
 Step:  672 E: -915.922223730915 G: 4.2e-06
 Step:  673 E: -915.922223730916 G: 4.2e-06
 Step:  674 E: -915.922223730918 G: 4.1e-06
 Step:  675 E: -915.922223730919 G: 4.1e-06
 Step:  676 E: -915.922223730921 G: 4.0e-06
 Step:  677 E: -915.922223730923 G: 4.0e-06
 Step:  678 E: -915.922223730924 G: 4.0e-06
 Step:  679 E: -915.922223730926 G: 3.9e-06
 Step:  680 E: -915.922223730928 G: 3.9e-06
 Step:  681 E: -915.922223730929 G: 3.8e-06
 Step:  682 E: -915.922223730930 G: 3.8e-06
 Step:  683 E: -915.922223730931 G: 3.8e-06
 Step:  684 E: -915.922223730933 G: 3.7e-06
 Step:  685 E: -915.922223730934 G: 3.7e-06
 Step:  686 E: -915.922223730936 G: 3.6e-06
 Step:  687 E: -915.922223730938 G: 3.6e-06
 Step:  688 E: -915.922223730939 G: 3.6e-06
 Step:  689 E: -915.922223730940 G: 3.5e-06
 Step:  690 E: -915.922223730941 G: 3.5e-06
 Step:  691 E: -915.922223730943 G: 3.5e-06
 Step:  692 E: -915.922223730943 G: 3.4e-06
 Step:  693 E: -915.922223730944 G: 3.4e-06
 Step:  694 E: -915.922223730945 G: 3.4e-06
 Step:  695 E: -915.922223730947 G: 3.3e-06
 Step:  696 E: -915.922223730948 G: 3.3e-06
 Step:  697 E: -915.922223730949 G: 3.3e-06
 Step:  698 E: -915.922223730950 G: 3.2e-06
 Step:  699 E: -915.922223730951 G: 3.2e-06
 Step:  700 E: -915.922223730952 G: 3.2e-06
 Step:  701 E: -915.922223730953 G: 3.1e-06
 Step:  702 E: -915.922223730954 G: 3.1e-06
 Step:  703 E: -915.922223730956 G: 3.1e-06
 Step:  704 E: -915.922223730956 G: 3.0e-06
 Step:  705 E: -915.922223730957 G: 3.0e-06
 Step:  706 E: -915.922223730957 G: 3.0e-06
 Step:  707 E: -915.922223730959 G: 2.9e-06
 Step:  708 E: -915.922223730960 G: 2.9e-06
 Step:  709 E: -915.922223730961 G: 2.9e-06
 Step:  710 E: -915.922223730961 G: 2.9e-06
 Step:  711 E: -915.922223730962 G: 2.8e-06
 Step:  712 E: -915.922223730963 G: 2.8e-06
 Step:  713 E: -915.922223730964 G: 2.8e-06
 Step:  714 E: -915.922223730964 G: 2.7e-06
 Step:  715 E: -915.922223730965 G: 2.7e-06
 Step:  716 E: -915.922223730966 G: 2.7e-06
 Step:  717 E: -915.922223730966 G: 2.7e-06
 Step:  718 E: -915.922223730968 G: 2.6e-06
 Step:  719 E: -915.922223730968 G: 2.6e-06
 Step:  720 E: -915.922223730969 G: 2.6e-06
 Step:  721 E: -915.922223730969 G: 2.6e-06
 Step:  722 E: -915.922223730971 G: 2.5e-06
 Step:  723 E: -915.922223730971 G: 2.5e-06
 Step:  724 E: -915.922223730972 G: 2.5e-06
 Step:  725 E: -915.922223730971 G: 2.5e-06
 Step:  726 E: -915.922223730973 G: 2.4e-06
 Step:  727 E: -915.922223730973 G: 2.4e-06
 Step:  728 E: -915.922223730973 G: 2.4e-06
 Step:  729 E: -915.922223730975 G: 2.4e-06
 Step:  730 E: -915.922223730975 G: 2.3e-06
 Step:  731 E: -915.922223730975 G: 2.3e-06
 Step:  732 E: -915.922223730976 G: 2.3e-06
 Step:  733 E: -915.922223730977 G: 2.3e-06
 Step:  734 E: -915.922223730976 G: 2.2e-06
 Step:  735 E: -915.922223730978 G: 2.2e-06
 Step:  736 E: -915.922223730978 G: 2.2e-06
 Step:  737 E: -915.922223730978 G: 2.2e-06
 Step:  738 E: -915.922223730979 G: 2.2e-06
 Step:  739 E: -915.922223730979 G: 2.1e-06
 Step:  740 E: -915.922223730980 G: 2.1e-06
 Step:  741 E: -915.922223730980 G: 2.1e-06
 Step:  742 E: -915.922223730981 G: 2.1e-06
 Step:  743 E: -915.922223730981 G: 2.1e-06
 Step:  744 E: -915.922223730982 G: 2.0e-06
 Step:  745 E: -915.922223730982 G: 2.0e-06
 Step:  746 E: -915.922223730982 G: 2.0e-06
 Step:  747 E: -915.922223730982 G: 2.0e-06
 Step:  748 E: -915.922223730983 G: 2.0e-06
 Step:  749 E: -915.922223730984 G: 1.9e-06
 Step:  750 E: -915.922223730984 G: 1.9e-06
 Step:  751 E: -915.922223730985 G: 1.9e-06
 Step:  752 E: -915.922223730985 G: 1.9e-06
 Step:  753 E: -915.922223730985 G: 1.9e-06
 Step:  754 E: -915.922223730986 G: 1.8e-06
 Step:  755 E: -915.922223730986 G: 1.8e-06
 Step:  756 E: -915.922223730986 G: 1.8e-06
 Step:  757 E: -915.922223730986 G: 1.8e-06
 Step:  758 E: -915.922223730986 G: 1.8e-06
 Step:  759 E: -915.922223730987 G: 1.7e-06
 Step:  760 E: -915.922223730987 G: 1.7e-06
 Step:  761 E: -915.922223730988 G: 1.7e-06
 Step:  762 E: -915.922223730988 G: 1.7e-06
 Step:  763 E: -915.922223730988 G: 1.7e-06
 Step:  764 E: -915.922223730989 G: 1.7e-06
 Step:  765 E: -915.922223730988 G: 1.6e-06
 Step:  766 E: -915.922223730989 G: 1.6e-06
 Step:  767 E: -915.922223730989 G: 1.6e-06
 Step:  768 E: -915.922223730989 G: 1.6e-06
 Step:  769 E: -915.922223730990 G: 1.6e-06
 Step:  770 E: -915.922223730990 G: 1.6e-06
 Step:  771 E: -915.922223730990 G: 1.5e-06
 Step:  772 E: -915.922223730990 G: 1.5e-06
 Step:  773 E: -915.922223730991 G: 1.5e-06
 Step:  774 E: -915.922223730991 G: 1.5e-06
 Step:  775 E: -915.922223730991 G: 1.5e-06
 Step:  776 E: -915.922223730991 G: 1.5e-06
 Step:  777 E: -915.922223730992 G: 1.5e-06
 Step:  778 E: -915.922223730992 G: 1.4e-06
 Step:  779 E: -915.922223730992 G: 1.4e-06
 Step:  780 E: -915.922223730992 G: 1.4e-06
 Step:  781 E: -915.922223730993 G: 1.4e-06
 Step:  782 E: -915.922223730993 G: 1.4e-06
 Step:  783 E: -915.922223730992 G: 1.4e-06
 Step:  784 E: -915.922223730993 G: 1.4e-06
 Step:  785 E: -915.922223730993 G: 1.3e-06
 Step:  786 E: -915.922223730994 G: 1.3e-06
 Step:  787 E: -915.922223730993 G: 1.3e-06
 Step:  788 E: -915.922223730993 G: 1.3e-06
 Step:  789 E: -915.922223730994 G: 1.3e-06
 Step:  790 E: -915.922223730994 G: 1.3e-06
 Step:  791 E: -915.922223730994 G: 1.3e-06
 Step:  792 E: -915.922223730994 G: 1.3e-06
 Step:  793 E: -915.922223730995 G: 1.2e-06
 Step:  794 E: -915.922223730995 G: 1.2e-06
 Step:  795 E: -915.922223730995 G: 1.2e-06
 Step:  796 E: -915.922223730995 G: 1.2e-06
 Step:  797 E: -915.922223730995 G: 1.2e-06
 Step:  798 E: -915.922223730995 G: 1.2e-06
 Step:  799 E: -915.922223730996 G: 1.2e-06
 Step:  800 E: -915.922223730995 G: 1.2e-06
326.101225 seconds (17.03 M allocations: 26.325 GiB, 0.72% gc time)
 Solve OO-CMF with DIIS
 ooCMF Iter:    1 Total= -915.814594991105 G=    5.469e-01 #SS:    1
 ooCMF Iter:    2 Total= -915.912176867246 G=    1.606e-01 #SS:    2
 ooCMF Iter:    3 Total= -915.916699105932 G=    1.010e-01 #SS:    3
 ooCMF Iter:    4 Total= -915.920463551108 G=    4.759e-02 #SS:    4
 ooCMF Iter:    5 Total= -915.921319933861 G=    2.191e-02 #SS:    5
 ooCMF Iter:    6 Total= -915.921330313646 G=    2.343e-02 #SS:    6
 ooCMF Iter:    7 Total= -915.921566171022 G=    1.501e-02 #SS:    7
 ooCMF Iter:    8 Total= -915.921701191370 G=    1.318e-02 #SS:    8
 ooCMF Iter:    9 Total= -915.921809143749 G=    1.163e-02 #SS:    9
 ooCMF Iter:   10 Total= -915.922147558170 G=    5.990e-03 #SS:   10
 ooCMF Iter:   11 Total= -915.922194181915 G=    3.662e-03 #SS:   11
 ooCMF Iter:   12 Total= -915.922215708742 G=    1.883e-03 #SS:   12
 ooCMF Iter:   13 Total= -915.922217263553 G=    1.422e-03 #SS:   13
 ooCMF Iter:   14 Total= -915.922217732214 G=    1.258e-03 #SS:   14
 ooCMF Iter:   15 Total= -915.922219930686 G=    1.659e-03 #SS:   15
 ooCMF Iter:   16 Total= -915.922222076324 G=    9.898e-04 #SS:   16
 ooCMF Iter:   17 Total= -915.922223381293 G=    3.703e-04 #SS:   17
 ooCMF Iter:   18 Total= -915.922223468060 G=    2.892e-04 #SS:   18
 ooCMF Iter:   19 Total= -915.922223493939 G=    2.588e-04 #SS:   19
 ooCMF Iter:   20 Total= -915.922223560763 G=    2.293e-04 #SS:   20
 ooCMF Iter:   21 Total= -915.922223652596 G=    1.930e-04 #SS:   21
 ooCMF Iter:   22 Total= -915.922223718337 G=    1.062e-04 #SS:   22
 ooCMF Iter:   23 Total= -915.922223722152 G=    7.923e-05 #SS:   23
 ooCMF Iter:   24 Total= -915.922223723855 G=    5.783e-05 #SS:   24
 ooCMF Iter:   25 Total= -915.922223725597 G=    4.127e-05 #SS:   24
 ooCMF Iter:   26 Total= -915.922223729960 G=    2.496e-05 #SS:   24
 ooCMF Iter:   27 Total= -915.922223730606 G=    1.636e-05 #SS:   24
 ooCMF Iter:   28 Total= -915.922223730868 G=    8.417e-06 #SS:   24
 ooCMF Iter:   29 Total= -915.922223730910 G=    5.233e-06 #SS:   24
 ooCMF Iter:   30 Total= -915.922223730929 G=    5.240e-06 #SS:   24
 ooCMF Iter:   31 Total= -915.922223730969 G=    3.863e-06 #SS:   24
 ooCMF Iter:   32 Total= -915.922223730993 G=    2.966e-06 #SS:   24
 ooCMF Iter:   33 Total= -915.922223730996 G=    1.592e-06 #SS:   24
 ooCMF Iter:   34 Total= -915.922223730997 G=    1.059e-06 #SS:   24
 ooCMF Iter:   35 Total= -915.922223731000 G=    8.159e-07 #SS:   24
 ooCMF Iter:   36 Total= -915.922223731001 G=    4.781e-07 #SS:   24
 ooCMF Iter:   37 Total= -915.922223731002 G=    3.651e-07 #SS:   24
 ooCMF Iter:   38 Total= -915.922223731002 G=    2.507e-07 #SS:   24
 ooCMF Iter:   39 Total= -915.922223731002 G=    2.350e-07 #SS:   24
 ooCMF Iter:   40 Total= -915.922223731002 G=    1.721e-07 #SS:   24
 ooCMF Iter:   41 Total= -915.922223731002 G=    1.676e-07 #SS:   24
 ooCMF Iter:   42 Total= -915.922223731002 G=    1.415e-07 #SS:   24
 ooCMF Iter:   43 Total= -915.922223731002 G=    1.101e-07 #SS:   24
 ooCMF Iter:   44 Total= -915.922223731002 G=    8.992e-08 #SS:   24
 ooCMF Iter:   45 Total= -915.922223731002 G=    2.910e-08 #SS:   24
 ooCMF Iter:   46 Total= -915.922223731002 G=    2.629e-08 #SS:   24
 ooCMF Iter:   47 Total= -915.922223731002 G=    2.070e-08 #SS:   24
 ooCMF Iter:   48 Total= -915.922223731002 G=    1.579e-08 #SS:   24
 ooCMF Iter:   49 Total= -915.922223731002 G=    1.519e-08 #SS:   24
*ooCMF Iter:   50 Total= -915.922223731002 G=    9.719e-09 #SS:   24
 49.610618 seconds (18.47 M allocations: 4.539 GiB, 0.77% gc time)
 Solve OO-CMF with DIIS
 ooCMF Iter:    1 Total= -915.918093774507 G=    8.229e-02 #SS:    1
 ooCMF Iter:    2 Total= -915.921552093471 G=    4.473e-02 #SS:    2
 ooCMF Iter:    3 Total= -915.922218562895 G=    3.538e-03 #SS:    3
 ooCMF Iter:    4 Total= -915.922223713027 G=    2.033e-04 #SS:    4
 ooCMF Iter:    5 Total= -915.922223730113 G=    5.617e-05 #SS:    5
 ooCMF Iter:    6 Total= -915.922223730980 G=    8.022e-06 #SS:    6
 ooCMF Iter:    7 Total= -915.922223731002 G=    4.949e-07 #SS:    7
 ooCMF Iter:    8 Total= -915.922223731002 G=    3.698e-08 #SS:    8
*ooCMF Iter:    9 Total= -915.922223731002 G=    3.223e-09 #SS:    9
 10.015636 seconds (550.53 k allocations: 987.328 MiB, 1.43% gc time)
 Solve OO-CMF with DIIS
 ooCMF Iter:    1 Total= -915.920780626433 G=    4.998e-02 #SS:    1
 ooCMF Iter:    2 Total= -915.921894503502 G=    1.500e-02 #SS:    2
 ooCMF Iter:    3 Total= -915.922086145718 G=    9.848e-03 #SS:    3
 ooCMF Iter:    4 Total= -915.922219882928 G=    1.631e-03 #SS:    4
 ooCMF Iter:    5 Total= -915.922223628498 G=    2.624e-04 #SS:    5
 ooCMF Iter:    6 Total= -915.922223728718 G=    5.202e-05 #SS:    6
 ooCMF Iter:    7 Total= -915.922223730978 G=    6.772e-06 #SS:    7
 ooCMF Iter:    8 Total= -915.922223731002 G=    6.063e-07 #SS:    8
 ooCMF Iter:    9 Total= -915.922223731002 G=    5.209e-08 #SS:    9
 ooCMF Iter:   10 Total= -915.922223731003 G=    1.598e-08 #SS:   10
 ooCMF Iter:   11 Total= -915.922223731002 G=    1.259e-08 #SS:   11
 ooCMF Iter:   12 Total= -915.922223731002 G=    1.095e-08 #SS:   12
*ooCMF Iter:   13 Total= -915.922223731002 G=    9.905e-09 #SS:   13
 14.318378 seconds (935.45 k allocations: 1.343 GiB, 0.44% gc time)
 Solve OO-CMF with newton
 Step:    1 E: -915.776343335146 G:     6.43e-01  
 Step:    2 E: -915.920780626432 G:     5.00e-02  
 Step:    3 E: -915.922146595510 G:     1.04e-02  
 Step:    4 E: -915.922216949338 G:     2.98e-03  
 Step:    5 E: -915.922223132503 G:     8.70e-04  
 Step:    6 E: -915.922223678176 G:     2.56e-04  
 Step:    7 E: -915.922223726338 G:     7.56e-05  
 Step:    8 E: -915.922223730590 G:     2.24e-05  
 Step:    9 E: -915.922223730966 G:     6.63e-06  
 Step:   10 E: -915.922223730999 G:     1.97e-06  
 Step:   11 E: -915.922223731001 G:     5.84e-07  
 Step:   12 E: -915.922223731002 G:     1.73e-07  
 Step:   13 E: -915.922223731002 G:     5.15e-08  
 Step:   14 E: -915.922223731002 G:     1.53e-08  
 Step:   15 E: -915.922223731002 G:     4.55e-09  
  9.241470 seconds (514.17 k allocations: 780.869 MiB, 0.63% gc time)
 Solve OO-CMF with newton
 Step:    1 E: -915.776343335146 G:     6.43e-01  
 Step:    2 E: -915.918093774507 G:     8.23e-02  
 Step:    3 E: -915.922194264155 G:     6.00e-03  
 Step:    4 E: -915.922223159963 G:     6.23e-04  
 Step:    5 E: -915.922223713487 G:     9.63e-05  
 Step:    6 E: -915.922223730259 G:     1.75e-05  
 Step:    7 E: -915.922223730965 G:     3.60e-06  
 Step:    8 E: -915.922223731000 G:     8.02e-07  
 Step:    9 E: -915.922223731002 G:     1.84e-07  
 Step:   10 E: -915.922223731002 G:     4.30e-08  
 Step:   11 E: -915.922223731002 G:     1.01e-08  
 Step:   12 E: -915.922223731002 G:     2.37e-09  
  7.181836 seconds (365.53 k allocations: 630.717 MiB, 0.81% gc time)