Input energy:    -5067.48961132
IDX001:DIM1024:001|002|003|004|005|
IDX002:DIM0064:006|007|008|
IDX003:DIM0064:009|010|011|
IDX004:DIM1024:012|013|014|015|016|
IDX005:DIM0064:017|018|019|
IDX006:DIM0064:020|021|022|
IDX007:DIM0064:023|024|025|
IDX008:DIM0064:026|027|028|
 ooCMF Iter:    1 Total= -5067.488165630843 Active= -263.657220750097 G=     9.66e-03
 ooCMF Iter:    2 Total= -5067.488181011996 Active= -263.657236131249 G=     2.39e-03
 ooCMF Iter:    3 Total= -5067.488182250297 Active= -263.657237369550 G=     7.89e-04
 ooCMF Iter:    4 Total= -5067.488182343068 Active= -263.657237462321 G=     9.95e-05
 ooCMF Iter:    5 Total= -5067.488182344396 Active= -263.657237463649 G=     1.93e-05
 ooCMF Iter:    6 Total= -5067.488182344449 Active= -263.657237463703 G=     5.22e-06
 ooCMF Iter:    7 Total= -5067.488182344456 Active= -263.657237463709 G=     1.86e-06
 ooCMF Iter:    8 Total= -5067.488182344456 Active= -263.657237463709 G=     5.38e-07
 ooCMF Iter:    9 Total= -5067.488182344457 Active= -263.657237463710 G=     2.88e-07
 ooCMF Iter:   10 Total= -5067.488182344457 Active= -263.657237463710 G=     1.02e-07
 ooCMF Iter:   11 Total= -5067.488182344456 Active= -263.657237463709 G=     2.42e-08
 * Status: success (objective increased between iterations)

 * Candidate solution
    Final objective value:     -5.067488e+03

 * Found with
    Algorithm:     BFGS

 * Convergence measures
    |x - x'|               = 7.93e-09 ≰ 0.0e+00
    |x - x'|/|x'|          = 5.25e-06 ≰ 0.0e+00
    |f(x) - f(x')|         = 9.09e-13 ≰ 0.0e+00
    |f(x) - f(x')|/|f(x')| = 1.79e-16 ≰ 0.0e+00
    |g(x)|                 = 8.80e-09 ≤ 1.0e-08

 * Work counters
    Seconds run:   1  (vs limit Inf)
    Iterations:    10
    f(x) calls:    21
    ∇f(x) calls:   21

*ooCMF -5067.48818234 
  1.518596 seconds (1.34 M allocations: 1.584 GiB, 11.78% gc time)
 ooCMF Iter:    1 Total= -5067.488165630843 Active= -263.657220750097 G=     9.66e-03
 ooCMF Iter:    2 Total= -5067.488181012003 Active= -263.657236131256 G=     2.39e-03
 ooCMF Iter:    3 Total= -5067.488182250299 Active= -263.657237369553 G=     7.89e-04
 ooCMF Iter:    4 Total= -5067.488182343070 Active= -263.657237462323 G=     9.94e-05
 ooCMF Iter:    5 Total= -5067.488182344397 Active= -263.657237463650 G=     1.90e-05
 ooCMF Iter:    6 Total= -5067.488182344448 Active= -263.657237463702 G=     5.42e-06
 ooCMF Iter:    7 Total= -5067.488182344455 Active= -263.657237463708 G=     2.81e-06
 ooCMF Iter:    8 Total= -5067.488182344456 Active= -263.657237463709 G=     7.53e-07
 ooCMF Iter:    9 Total= -5067.488182344457 Active= -263.657237463710 G=     1.23e-07
 ooCMF Iter:   10 Total= -5067.488182344457 Active= -263.657237463710 G=     3.62e-08
 ooCMF Iter:   11 Total= -5067.488182344457 Active= -263.657237463710 G=     1.16e-08
 * Status: success

 * Candidate solution
    Final objective value:     -5.067488e+03

 * Found with
    Algorithm:     Conjugate Gradient

 * Convergence measures
    |x - x'|               = 7.80e-09 ≰ 0.0e+00
    |x - x'|/|x'|          = 5.16e-06 ≰ 0.0e+00
    |f(x) - f(x')|         = 0.00e+00 ≤ 0.0e+00
    |f(x) - f(x')|/|f(x')| = 0.00e+00 ≤ 0.0e+00
    |g(x)|                 = 2.74e-09 ≤ 1.0e-08

 * Work counters
    Seconds run:   2  (vs limit Inf)
    Iterations:    10
    f(x) calls:    29
    ∇f(x) calls:   20

*ooCMF -5067.48818234 
  1.834562 seconds (1.56 M allocations: 1.686 GiB, 22.67% gc time)
Step:   44 E: -5067.488182344456 G: 1.3e-06
 Step:   45 E: -5067.488182344457 G: 1.0e-06
 Step:   46 E: -5067.488182344457 G: 8.7e-07
 Step:   47 E: -5067.488182344457 G: 7.2e-07
 Step:   48 E: -5067.488182344457 G: 5.9e-07
 Step:   49 E: -5067.488182344457 G: 4.9e-07
 Step:   50 E: -5067.488182344458 G: 4.1e-07
 Step:   51 E: -5067.488182344457 G: 3.4e-07
 Step:   52 E: -5067.488182344457 G: 2.8e-07
 Step:   53 E: -5067.488182344457 G: 2.3e-07
 Step:   54 E: -5067.488182344457 G: 1.9e-07
 Step:   55 E: -5067.488182344457 G: 1.6e-07
 Step:   56 E: -5067.488182344457 G: 1.3e-07
 Step:   57 E: -5067.488182344457 G: 1.1e-07
 Step:   58 E: -5067.488182344457 G: 8.9e-08
 Step:   59 E: -5067.488182344457 G: 7.4e-08
 Step:   60 E: -5067.488182344457 G: 6.1e-08
 Step:   61 E: -5067.488182344457 G: 5.1e-08
 Step:   62 E: -5067.488182344457 G: 4.2e-08
 Step:   63 E: -5067.488182344457 G: 3.5e-08
 Step:   64 E: -5067.488182344458 G: 2.9e-08
 Step:   65 E: -5067.488182344457 G: 2.4e-08
 Step:   66 E: -5067.488182344456 G: 2.0e-08
 Step:   67 E: -5067.488182344457 G: 1.6e-08
 Step:   68 E: -5067.488182344458 G: 1.3e-08
 Step:   69 E: -5067.488182344457 G: 1.1e-08
*Step:   70 E: -5067.488182344457 G: 9.2e-09
  2.911433 seconds (2.11 M allocations: 3.533 GiB, 8.50% gc time)
 Solve OO-CMF with DIIS
 ooCMF Iter:    1 Total= -5067.488173546656 G=    6.768e-03 #SS:    1
 ooCMF Iter:    2 Total= -5067.488181440520 G=    1.828e-03 #SS:    2
 ooCMF Iter:    3 Total= -5067.488182283910 G=    5.289e-04 #SS:    3
 ooCMF Iter:    4 Total= -5067.488182343827 G=    6.447e-05 #SS:    4
 ooCMF Iter:    5 Total= -5067.488182344329 G=    2.721e-05 #SS:    5
 ooCMF Iter:    6 Total= -5067.488182344440 G=    8.762e-06 #SS:    6
 ooCMF Iter:    7 Total= -5067.488182344455 G=    3.026e-06 #SS:    7
 ooCMF Iter:    8 Total= -5067.488182344457 G=    8.566e-07 #SS:    8
 ooCMF Iter:    9 Total= -5067.488182344457 G=    1.472e-07 #SS:    9
 ooCMF Iter:   10 Total= -5067.488182344457 G=    8.564e-08 #SS:   10
 ooCMF Iter:   11 Total= -5067.488182344458 G=    2.945e-08 #SS:   11
*ooCMF Iter:   12 Total= -5067.488182344457 G=    9.917e-09 #SS:   12
  1.114496 seconds (655.59 k allocations: 1.620 GiB, 21.06% gc time)
 Solve OO-CMF with DIIS
 ooCMF Iter:    1 Total= -5067.488182336006 G=    2.528e-04 #SS:    1
 ooCMF Iter:    2 Total= -5067.488182226710 G=    9.130e-04 #SS:    2
 ooCMF Iter:    3 Total= -5067.488182243997 G=    8.509e-04 #SS:    3
 ooCMF Iter:    4 Total= -5067.488182266412 G=    7.449e-04 #SS:    4
 ooCMF Iter:    5 Total= -5067.488182279300 G=    6.917e-04 #SS:    5
 ooCMF Iter:    6 Total= -5067.488182290052 G=    6.275e-04 #SS:    6
 ooCMF Iter:    7 Total= -5067.488182294171 G=    6.050e-04 #SS:    7
 ooCMF Iter:    8 Total= -5067.488182299901 G=    5.719e-04 #SS:    8
 ooCMF Iter:    9 Total= -5067.488182302581 G=    5.580e-04 #SS:    9
 ooCMF Iter:   10 Total= -5067.488182306087 G=    5.397e-04 #SS:   10
 ooCMF Iter:   11 Total= -5067.488182308074 G=    5.257e-04 #SS:   11
 ooCMF Iter:   12 Total= -5067.488182309001 G=    5.180e-04 #SS:   12
 ooCMF Iter:   13 Total= -5067.488182308518 G=    5.223e-04 #SS:   13
 ooCMF Iter:   14 Total= -5067.488182308479 G=    5.225e-04 #SS:   14
 ooCMF Iter:   15 Total= -5067.488182308246 G=    5.241e-04 #SS:   15
 ooCMF Iter:   16 Total= -5067.488182307857 G=    5.291e-04 #SS:   16
 ooCMF Iter:   17 Total= -5067.488182308875 G=    5.218e-04 #SS:   17
 ooCMF Iter:   18 Total= -5067.488182309537 G=    5.161e-04 #SS:   18
 ooCMF Iter:   19 Total= -5067.488182312007 G=    4.978e-04 #SS:   19
 ooCMF Iter:   20 Total= -5067.488182313617 G=    4.822e-04 #SS:   20
 ooCMF Iter:   21 Total= -5067.488182313674 G=    4.818e-04 #SS:   21
 ooCMF Iter:   22 Total= -5067.488182313911 G=    4.798e-04 #SS:   22
 ooCMF Iter:   23 Total= -5067.488182313985 G=    4.794e-04 #SS:   23
 ooCMF Iter:   24 Total= -5067.488182314285 G=    4.764e-04 #SS:   24
 ooCMF Iter:   25 Total= -5067.488182311669 G=    4.953e-04 #SS:   24
 ooCMF Iter:   26 Total= -5067.488182260943 G=    7.969e-04 #SS:   24
 ooCMF Iter:   27 Total= -5067.488182264278 G=    7.872e-04 #SS:   24
 ooCMF Iter:   28 Total= -5067.488182261508 G=    7.853e-04 #SS:   24
 ooCMF Iter:   29 Total= -5067.488182273190 G=    7.260e-04 #SS:   24
 ooCMF Iter:   30 Total= -5067.488182263865 G=    7.799e-04 #SS:   24
 ooCMF Iter:   31 Total= -5067.488182266701 G=    7.510e-04 #SS:   24
 ooCMF Iter:   32 Total= -5067.488182274888 G=    7.130e-04 #SS:   24
 ooCMF Iter:   33 Total= -5067.488182275060 G=    7.153e-04 #SS:   24
 ooCMF Iter:   34 Total= -5067.488182270103 G=    7.439e-04 #SS:   24
 ooCMF Iter:   35 Total= -5067.488182272408 G=    7.331e-04 #SS:   24
 ooCMF Iter:   36 Total= -5067.488182275084 G=    7.189e-04 #SS:   24
 ooCMF Iter:   37 Total= -5067.488182282546 G=    6.762e-04 #SS:   24
 ooCMF Iter:   38 Total= -5067.488182284348 G=    6.743e-04 #SS:   24
 ooCMF Iter:   39 Total= -5067.488182286037 G=    6.616e-04 #SS:   24
 ooCMF Iter:   40 Total= -5067.488182288646 G=    6.447e-04 #SS:   24
 ooCMF Iter:   41 Total= -5067.488182292369 G=    6.214e-04 #SS:   24
 ooCMF Iter:   42 Total= -5067.488182299600 G=    5.715e-04 #SS:   24
 ooCMF Iter:   43 Total= -5067.488182296750 G=    5.901e-04 #SS:   24
 ooCMF Iter:   44 Total= -5067.488182293875 G=    5.930e-04 #SS:   24
 ooCMF Iter:   45 Total= -5067.488182293270 G=    5.929e-04 #SS:   24
 ooCMF Iter:   46 Total= -5067.488182297293 G=    5.636e-04 #SS:   24
 ooCMF Iter:   47 Total= -5067.488182297195 G=    5.626e-04 #SS:   24
 ooCMF Iter:   48 Total= -5067.488182296089 G=    5.726e-04 #SS:   24
 ooCMF Iter:   49 Total= -5067.488182292771 G=    5.912e-04 #SS:   24
 ooCMF Iter:   50 Total= -5067.488182290529 G=    5.999e-04 #SS:   24
 ooCMF Iter:   51 Total= -5067.488182292655 G=    5.807e-04 #SS:   24
 ooCMF Iter:   52 Total= -5067.488182249879 G=    8.085e-04 #SS:   24
 ooCMF Iter:   53 Total= -5067.488182252184 G=    8.237e-04 #SS:   24
 ooCMF Iter:   54 Total= -5067.488182263483 G=    7.806e-04 #SS:   24
 ooCMF Iter:   55 Total= -5067.488182266674 G=    7.739e-04 #SS:   24
 ooCMF Iter:   56 Total= -5067.488182266168 G=    7.737e-04 #SS:   24
 ooCMF Iter:   57 Total= -5067.488182271310 G=    7.437e-04 #SS:   24
 ooCMF Iter:   58 Total= -5067.488182271957 G=    7.430e-04 #SS:   24
 ooCMF Iter:   59 Total= -5067.488182270942 G=    7.449e-04 #SS:   24
 ooCMF Iter:   60 Total= -5067.488182271599 G=    7.459e-04 #SS:   24
 ooCMF Iter:   61 Total= -5067.488182264130 G=    7.883e-04 #SS:   24
 ooCMF Iter:   62 Total= -5067.488182266829 G=    7.751e-04 #SS:   24
 ooCMF Iter:   63 Total= -5067.488182268092 G=    7.691e-04 #SS:   24
 ooCMF Iter:   64 Total= -5067.488182270760 G=    7.582e-04 #SS:   24
 ooCMF Iter:   65 Total= -5067.488182273772 G=    7.399e-04 #SS:   24
 ooCMF Iter:   66 Total= -5067.488182275570 G=    7.259e-04 #SS:   24
 ooCMF Iter:   67 Total= -5067.488182276107 G=    7.246e-04 #SS:   24
 ooCMF Iter:   68 Total= -5067.488182263608 G=    7.807e-04 #SS:   24
 ooCMF Iter:   69 Total= -5067.488182274942 G=    7.241e-04 #SS:   24
 ooCMF Iter:   70 Total= -5067.488182275006 G=    7.318e-04 #SS:   24
 ooCMF Iter:   71 Total= -5067.488182276423 G=    7.224e-04 #SS:   24
 ooCMF Iter:   72 Total= -5067.488182280462 G=    7.005e-04 #SS:   24
 ooCMF Iter:   73 Total= -5067.488182289482 G=    6.508e-04 #SS:   24
 ooCMF Iter:   74 Total= -5067.488182293651 G=    6.196e-04 #SS:   24
 ooCMF Iter:   75 Total= -5067.488182285460 G=    6.717e-04 #SS:   24
 ooCMF Iter:   76 Total= -5067.488182284218 G=    6.809e-04 #SS:   24
 ooCMF Iter:   77 Total= -5067.488182265778 G=    7.791e-04 #SS:   24
 ooCMF Iter:   78 Total= -5067.488182265339 G=    7.787e-04 #SS:   24
 ooCMF Iter:   79 Total= -5067.488182267868 G=    7.682e-04 #SS:   24
 ooCMF Iter:   80 Total= -5067.488182264366 G=    7.794e-04 #SS:   24
 ooCMF Iter:   81 Total= -5067.488182240691 G=    8.564e-04 #SS:   24
 ooCMF Iter:   82 Total= -5067.488182250084 G=    8.163e-04 #SS:   24
 ooCMF Iter:   83 Total= -5067.488182255211 G=    7.910e-04 #SS:   24
 ooCMF Iter:   84 Total= -5067.488182257062 G=    7.844e-04 #SS:   24
 ooCMF Iter:   85 Total= -5067.488182261950 G=    7.633e-04 #SS:   24
 ooCMF Iter:   86 Total= -5067.488182268345 G=    7.321e-04 #SS:   24
 ooCMF Iter:   87 Total= -5067.488182252684 G=    8.209e-04 #SS:   24
 ooCMF Iter:   88 Total= -5067.488182262894 G=    7.707e-04 #SS:   24
 ooCMF Iter:   89 Total= -5067.488182252547 G=    8.278e-04 #SS:   24
 ooCMF Iter:   90 Total= -5067.488182239541 G=    8.907e-04 #SS:   24
 ooCMF Iter:   91 Total= -5067.488182248900 G=    8.542e-04 #SS:   24
 ooCMF Iter:   92 Total= -5067.488182252893 G=    8.370e-04 #SS:   24
 ooCMF Iter:   93 Total= -5067.488182254066 G=    8.321e-04 #SS:   24
 ooCMF Iter:   94 Total= -5067.488182264091 G=    7.838e-04 #SS:   24
 ooCMF Iter:   95 Total= -5067.488182263425 G=    7.901e-04 #SS:   24
 ooCMF Iter:   96 Total= -5067.488182260166 G=    8.024e-04 #SS:   24
 ooCMF Iter:   97 Total= -5067.488182237587 G=    9.041e-04 #SS:   24
 ooCMF Iter:   98 Total= -5067.488182238810 G=    9.156e-04 #SS:   24
 ooCMF Iter:   99 Total= -5067.488182253016 G=    8.477e-04 #SS:   24
 ooCMF Iter:  100 Total= -5067.488182259704 G=    8.094e-04 #SS:   24
 ooCMF Iter:  101 Total= -5067.488182266168 G=    7.766e-04 #SS:   24
 ooCMF Iter:  102 Total= -5067.488182267225 G=    7.732e-04 #SS:   24
 ooCMF Iter:  103 Total= -5067.488182262612 G=    7.961e-04 #SS:   24
 ooCMF Iter:  104 Total= -5067.488182249840 G=    8.545e-04 #SS:   24
 ooCMF Iter:  105 Total= -5067.488182243187 G=    8.779e-04 #SS:   24
 ooCMF Iter:  106 Total= -5067.488182253594 G=    8.327e-04 #SS:   24
 ooCMF Iter:  107 Total= -5067.488182263714 G=    7.785e-04 #SS:   24
 ooCMF Iter:  108 Total= -5067.488182276044 G=    7.157e-04 #SS:   24
 ooCMF Iter:  109 Total= -5067.488182277504 G=    7.085e-04 #SS:   24
 ooCMF Iter:  110 Total= -5067.488182272782 G=    7.251e-04 #SS:   24
 ooCMF Iter:  111 Total= -5067.488182257707 G=    7.994e-04 #SS:   24
 ooCMF Iter:  112 Total= -5067.488182260628 G=    7.831e-04 #SS:   24
 ooCMF Iter:  113 Total= -5067.488182262528 G=    7.717e-04 #SS:   24
 ooCMF Iter:  114 Total= -5067.488182254919 G=    8.089e-04 #SS:   24
 ooCMF Iter:  115 Total= -5067.488182265821 G=    7.682e-04 #SS:   24
 ooCMF Iter:  116 Total= -5067.488182264212 G=    7.849e-04 #SS:   24
 ooCMF Iter:  117 Total= -5067.488182266934 G=    7.647e-04 #SS:   24
 ooCMF Iter:  118 Total= -5067.488182264495 G=    7.870e-04 #SS:   24
 ooCMF Iter:  119 Total= -5067.488182266216 G=    7.782e-04 #SS:   24
 ooCMF Iter:  120 Total= -5067.488182271914 G=    7.467e-04 #SS:   24
 ooCMF Iter:  121 Total= -5067.488182270708 G=    7.525e-04 #SS:   24
 ooCMF Iter:  122 Total= -5067.488182264724 G=    7.686e-04 #SS:   24
 ooCMF Iter:  123 Total= -5067.488182262296 G=    7.772e-04 #SS:   24
 ooCMF Iter:  124 Total= -5067.488182259188 G=    7.837e-04 #SS:   24
 ooCMF Iter:  125 Total= -5067.488182260366 G=    7.890e-04 #SS:   24
 ooCMF Iter:  126 Total= -5067.488182268718 G=    7.503e-04 #SS:   24
 ooCMF Iter:  127 Total= -5067.488182272060 G=    7.291e-04 #SS:   24
 ooCMF Iter:  128 Total= -5067.488182274245 G=    7.160e-04 #SS:   24
 ooCMF Iter:  129 Total= -5067.488182281953 G=    6.674e-04 #SS:   24
 ooCMF Iter:  130 Total= -5067.488182270175 G=    7.235e-04 #SS:   24
 ooCMF Iter:  131 Total= -5067.488182266236 G=    7.592e-04 #SS:   24
 ooCMF Iter:  132 Total= -5067.488182272827 G=    7.296e-04 #SS:   24
 ooCMF Iter:  133 Total= -5067.488182279431 G=    6.953e-04 #SS:   24
 ooCMF Iter:  134 Total= -5067.488182280061 G=    6.907e-04 #SS:   24
 ooCMF Iter:  135 Total= -5067.488182278330 G=    7.013e-04 #SS:   24
 ooCMF Iter:  136 Total= -5067.488182277393 G=    7.049e-04 #SS:   24
 ooCMF Iter:  137 Total= -5067.488182279822 G=    6.906e-04 #SS:   24
 ooCMF Iter:  138 Total= -5067.488182278823 G=    6.938e-04 #SS:   24
 ooCMF Iter:  139 Total= -5067.488182274817 G=    7.122e-04 #SS:   24
 ooCMF Iter:  140 Total= -5067.488182271513 G=    7.206e-04 #SS:   24
 ooCMF Iter:  141 Total= -5067.488182267452 G=    7.509e-04 #SS:   24
 ooCMF Iter:  142 Total= -5067.488182252475 G=    8.100e-04 #SS:   24
 ooCMF Iter:  143 Total= -5067.488182253817 G=    8.067e-04 #SS:   24
 ooCMF Iter:  144 Total= -5067.488182250823 G=    8.240e-04 #SS:   24
 ooCMF Iter:  145 Total= -5067.488182252583 G=    8.171e-04 #SS:   24
 ooCMF Iter:  146 Total= -5067.488182244405 G=    8.599e-04 #SS:   24
 ooCMF Iter:  147 Total= -5067.488182223174 G=    9.316e-04 #SS:   24
 ooCMF Iter:  148 Total= -5067.488182224973 G=    9.300e-04 #SS:   24
 ooCMF Iter:  149 Total= -5067.488182225454 G=    9.305e-04 #SS:   24
 ooCMF Iter:  150 Total= -5067.488182214189 G=    9.786e-04 #SS:   24
 ooCMF Iter:  151 Total= -5067.488182219456 G=    9.625e-04 #SS:   24
 ooCMF Iter:  152 Total= -5067.488182218342 G=    9.677e-04 #SS:   24
 ooCMF Iter:  153 Total= -5067.488182200540 G=    1.033e-03 #SS:   24
 ooCMF Iter:  154 Total= -5067.488182207463 G=    1.005e-03 #SS:   24
 ooCMF Iter:  155 Total= -5067.488182216955 G=    9.738e-04 #SS:   24
 ooCMF Iter:  156 Total= -5067.488182217216 G=    9.884e-04 #SS:   24
 ooCMF Iter:  157 Total= -5067.488182222797 G=    9.731e-04 #SS:   24
 ooCMF Iter:  158 Total= -5067.488182211791 G=    1.023e-03 #SS:   24
 ooCMF Iter:  159 Total= -5067.488182222265 G=    9.808e-04 #SS:   24
 ooCMF Iter:  160 Total= -5067.488182225654 G=    9.667e-04 #SS:   24
 ooCMF Iter:  161 Total= -5067.488182233286 G=    9.328e-04 #SS:   24
 ooCMF Iter:  162 Total= -5067.488182235148 G=    9.262e-04 #SS:   24
 ooCMF Iter:  163 Total= -5067.488182245067 G=    8.790e-04 #SS:   24
 ooCMF Iter:  164 Total= -5067.488182249525 G=    8.548e-04 #SS:   24
 ooCMF Iter:  165 Total= -5067.488182242246 G=    8.888e-04 #SS:   24
 ooCMF Iter:  166 Total= -5067.488182243043 G=    8.867e-04 #SS:   24
 ooCMF Iter:  167 Total= -5067.488182247633 G=    8.692e-04 #SS:   24
 ooCMF Iter:  168 Total= -5067.488182246373 G=    8.742e-04 #SS:   24
 ooCMF Iter:  169 Total= -5067.488182248212 G=    8.721e-04 #SS:   24
 ooCMF Iter:  170 Total= -5067.488182247460 G=    8.788e-04 #SS:   24
 ooCMF Iter:  171 Total= -5067.488182246720 G=    8.805e-04 #SS:   24
 ooCMF Iter:  172 Total= -5067.488182252786 G=    8.551e-04 #SS:   24
 ooCMF Iter:  173 Total= -5067.488182256287 G=    8.386e-04 #SS:   24
 ooCMF Iter:  174 Total= -5067.488182259292 G=    8.207e-04 #SS:   24
 ooCMF Iter:  175 Total= -5067.488182261373 G=    8.078e-04 #SS:   24
 ooCMF Iter:  176 Total= -5067.488182263935 G=    7.880e-04 #SS:   24
 ooCMF Iter:  177 Total= -5067.488182264709 G=    7.839e-04 #SS:   24
 ooCMF Iter:  178 Total= -5067.488182261359 G=    8.036e-04 #SS:   24
 ooCMF Iter:  179 Total= -5067.488182258879 G=    8.129e-04 #SS:   24
 ooCMF Iter:  180 Total= -5067.488182255041 G=    8.255e-04 #SS:   24
 ooCMF Iter:  181 Total= -5067.488182249615 G=    8.452e-04 #SS:   24
 ooCMF Iter:  182 Total= -5067.488182245027 G=    8.653e-04 #SS:   24
 ooCMF Iter:  183 Total= -5067.488182238433 G=    8.979e-04 #SS:   24
 ooCMF Iter:  184 Total= -5067.488182245082 G=    8.735e-04 #SS:   24
 ooCMF Iter:  185 Total= -5067.488182243563 G=    8.744e-04 #SS:   24
 ooCMF Iter:  186 Total= -5067.488182232129 G=    9.145e-04 #SS:   24
 ooCMF Iter:  187 Total= -5067.488182230190 G=    9.260e-04 #SS:   24
 ooCMF Iter:  188 Total= -5067.488182221979 G=    9.536e-04 #SS:   24
 ooCMF Iter:  189 Total= -5067.488182216754 G=    9.684e-04 #SS:   24
 ooCMF Iter:  190 Total= -5067.488182210371 G=    9.930e-04 #SS:   24
 ooCMF Iter:  191 Total= -5067.488182214550 G=    9.776e-04 #SS:   24
 ooCMF Iter:  192 Total= -5067.488182201369 G=    1.030e-03 #SS:   24
 ooCMF Iter:  193 Total= -5067.488182201807 G=    1.035e-03 #SS:   24
 ooCMF Iter:  194 Total= -5067.488182211665 G=    1.006e-03 #SS:   24
 ooCMF Iter:  195 Total= -5067.488182194405 G=    1.079e-03 #SS:   24
 ooCMF Iter:  196 Total= -5067.488182205815 G=    1.040e-03 #SS:   24
 ooCMF Iter:  197 Total= -5067.488182211690 G=    1.019e-03 #SS:   24
 ooCMF Iter:  198 Total= -5067.488182215548 G=    9.984e-04 #SS:   24
 ooCMF Iter:  199 Total= -5067.488182201168 G=    1.044e-03 #SS:   24
 ooCMF Iter:  200 Total= -5067.488182200134 G=    1.051e-03 #SS:   24
 ooCMF Iter:  201 Total= -5067.488182211707 G=    1.011e-03 #SS:   24
 ooCMF Iter:  202 Total= -5067.488182204038 G=    1.044e-03 #SS:   24
 ooCMF Iter:  203 Total= -5067.488182204805 G=    1.043e-03 #SS:   24
 ooCMF Iter:  204 Total= -5067.488182203091 G=    1.057e-03 #SS:   24
 ooCMF Iter:  205 Total= -5067.488182202939 G=    1.059e-03 #SS:   24
 ooCMF Iter:  206 Total= -5067.488182202581 G=    1.065e-03 #SS:   24
 ooCMF Iter:  207 Total= -5067.488182195947 G=    1.089e-03 #SS:   24
 ooCMF Iter:  208 Total= -5067.488182173696 G=    1.163e-03 #SS:   24
 ooCMF Iter:  209 Total= -5067.488182173264 G=    1.166e-03 #SS:   24
 ooCMF Iter:  210 Total= -5067.488182159378 G=    1.215e-03 #SS:   24
 ooCMF Iter:  211 Total= -5067.488182155706 G=    1.226e-03 #SS:   24
 ooCMF Iter:  212 Total= -5067.488182143847 G=    1.261e-03 #SS:   24
 ooCMF Iter:  213 Total= -5067.488182144540 G=    1.254e-03 #SS:   24
 ooCMF Iter:  214 Total= -5067.488182154344 G=    1.211e-03 #SS:   24
 ooCMF Iter:  215 Total= -5067.488182163832 G=    1.179e-03 #SS:   24
 ooCMF Iter:  216 Total= -5067.488182183278 G=    1.115e-03 #SS:   24
 ooCMF Iter:  217 Total= -5067.488182193316 G=    1.083e-03 #SS:   24
 ooCMF Iter:  218 Total= -5067.488182197609 G=    1.067e-03 #SS:   24
 ooCMF Iter:  219 Total= -5067.488182199227 G=    1.060e-03 #SS:   24
 ooCMF Iter:  220 Total= -5067.488182195646 G=    1.071e-03 #SS:   24
 ooCMF Iter:  221 Total= -5067.488182189288 G=    1.100e-03 #SS:   24
 ooCMF Iter:  222 Total= -5067.488182200419 G=    1.069e-03 #SS:   24
 ooCMF Iter:  223 Total= -5067.488182202352 G=    1.065e-03 #SS:   24
 ooCMF Iter:  224 Total= -5067.488182205692 G=    1.051e-03 #SS:   24
 ooCMF Iter:  225 Total= -5067.488182212745 G=    1.018e-03 #SS:   24
 ooCMF Iter:  226 Total= -5067.488182219249 G=    9.849e-04 #SS:   24
 ooCMF Iter:  227 Total= -5067.488182215849 G=    9.939e-04 #SS:   24
 ooCMF Iter:  228 Total= -5067.488182203875 G=    1.027e-03 #SS:   24
 ooCMF Iter:  229 Total= -5067.488182205258 G=    1.021e-03 #SS:   24
 ooCMF Iter:  230 Total= -5067.488182194490 G=    1.061e-03 #SS:   24
 ooCMF Iter:  231 Total= -5067.488182191380 G=    1.066e-03 #SS:   24
 ooCMF Iter:  232 Total= -5067.488182190815 G=    1.070e-03 #SS:   24
 ooCMF Iter:  233 Total= -5067.488182189588 G=    1.075e-03 #SS:   24
 ooCMF Iter:  234 Total= -5067.488182186282 G=    1.086e-03 #SS:   24
 ooCMF Iter:  235 Total= -5067.488182175397 G=    1.128e-03 #SS:   24
 ooCMF Iter:  236 Total= -5067.488182182280 G=    1.103e-03 #SS:   24
 ooCMF Iter:  237 Total= -5067.488182191455 G=    1.073e-03 #SS:   24
 ooCMF Iter:  238 Total= -5067.488182195487 G=    1.062e-03 #SS:   24
 ooCMF Iter:  239 Total= -5067.488182182789 G=    1.109e-03 #SS:   24
 ooCMF Iter:  240 Total= -5067.488182186561 G=    1.102e-03 #SS:   24
 ooCMF Iter:  241 Total= -5067.488182197191 G=    1.063e-03 #SS:   24
 ooCMF Iter:  242 Total= -5067.488182183019 G=    1.111e-03 #SS:   24
 ooCMF Iter:  243 Total= -5067.488182180716 G=    1.120e-03 #SS:   24
 ooCMF Iter:  244 Total= -5067.488182179143 G=    1.125e-03 #SS:   24
 ooCMF Iter:  245 Total= -5067.488182154919 G=    1.196e-03 #SS:   24
 ooCMF Iter:  246 Total= -5067.488182158256 G=    1.188e-03 #SS:   24
 ooCMF Iter:  247 Total= -5067.488182162818 G=    1.171e-03 #SS:   24
 ooCMF Iter:  248 Total= -5067.488182163047 G=    1.169e-03 #SS:   24
 ooCMF Iter:  249 Total= -5067.488182177070 G=    1.127e-03 #SS:   24
 ooCMF Iter:  250 Total= -5067.488182164006 G=    1.172e-03 #SS:   24
 ooCMF Iter:  251 Total= -5067.488182164605 G=    1.171e-03 #SS:   24
 ooCMF Iter:  252 Total= -5067.488182150557 G=    1.209e-03 #SS:   24
 ooCMF Iter:  253 Total= -5067.488182125024 G=    1.290e-03 #SS:   24
 ooCMF Iter:  254 Total= -5067.488182117540 G=    1.317e-03 #SS:   24
 ooCMF Iter:  255 Total= -5067.488182122113 G=    1.304e-03 #SS:   24
 ooCMF Iter:  256 Total= -5067.488182129146 G=    1.285e-03 #SS:   24
 ooCMF Iter:  257 Total= -5067.488182120665 G=    1.311e-03 #SS:   24
 ooCMF Iter:  258 Total= -5067.488182114031 G=    1.335e-03 #SS:   24
 ooCMF Iter:  259 Total= -5067.488182118312 G=    1.321e-03 #SS:   24
 ooCMF Iter:  260 Total= -5067.488182114922 G=    1.331e-03 #SS:   24
 ooCMF Iter:  261 Total= -5067.488182114239 G=    1.331e-03 #SS:   24
 ooCMF Iter:  262 Total= -5067.488182108186 G=    1.344e-03 #SS:   24
 ooCMF Iter:  263 Total= -5067.488182084237 G=    1.412e-03 #SS:   24
 ooCMF Iter:  264 Total= -5067.488182069779 G=    1.427e-03 #SS:   24
 ooCMF Iter:  265 Total= -5067.488182037319 G=    1.499e-03 #SS:   24
 ooCMF Iter:  266 Total= -5067.488182006957 G=    1.576e-03 #SS:   24
 ooCMF Iter:  267 Total= -5067.488181980774 G=    1.635e-03 #SS:   24
 ooCMF Iter:  268 Total= -5067.488181978242 G=    1.639e-03 #SS:   24
 ooCMF Iter:  269 Total= -5067.488181982680 G=    1.634e-03 #SS:   24
 ooCMF Iter:  270 Total= -5067.488181993794 G=    1.614e-03 #SS:   24
 ooCMF Iter:  271 Total= -5067.488181984895 G=    1.639e-03 #SS:   24
 ooCMF Iter:  272 Total= -5067.488181995813 G=    1.613e-03 #SS:   24
 ooCMF Iter:  273 Total= -5067.488181995363 G=    1.614e-03 #SS:   24
 ooCMF Iter:  274 Total= -5067.488181983453 G=    1.649e-03 #SS:   24
 ooCMF Iter:  275 Total= -5067.488181993793 G=    1.627e-03 #SS:   24
 ooCMF Iter:  276 Total= -5067.488181978521 G=    1.658e-03 #SS:   24
 ooCMF Iter:  277 Total= -5067.488181978168 G=    1.655e-03 #SS:   24
 ooCMF Iter:  278 Total= -5067.488181954481 G=    1.701e-03 #SS:   24
 ooCMF Iter:  279 Total= -5067.488181966791 G=    1.688e-03 #SS:   24
 ooCMF Iter:  280 Total= -5067.488181951440 G=    1.721e-03 #SS:   24
 ooCMF Iter:  281 Total= -5067.488181951335 G=    1.719e-03 #SS:   24
 ooCMF Iter:  282 Total= -5067.488181938981 G=    1.747e-03 #SS:   24
 ooCMF Iter:  283 Total= -5067.488181939196 G=    1.748e-03 #SS:   24
 ooCMF Iter:  284 Total= -5067.488181935948 G=    1.759e-03 #SS:   24
 ooCMF Iter:  285 Total= -5067.488181937456 G=    1.761e-03 #SS:   24
 ooCMF Iter:  286 Total= -5067.488181937685 G=    1.759e-03 #SS:   24
 ooCMF Iter:  287 Total= -5067.488181930323 G=    1.770e-03 #SS:   24
 ooCMF Iter:  288 Total= -5067.488181908545 G=    1.808e-03 #SS:   24
 ooCMF Iter:  289 Total= -5067.488181864773 G=    1.897e-03 #SS:   24
 ooCMF Iter:  290 Total= -5067.488181853486 G=    1.920e-03 #SS:   24
 ooCMF Iter:  291 Total= -5067.488181849192 G=    1.929e-03 #SS:   24
 ooCMF Iter:  292 Total= -5067.488181841614 G=    1.946e-03 #SS:   24
 ooCMF Iter:  293 Total= -5067.488181830191 G=    1.971e-03 #SS:   24
 ooCMF Iter:  294 Total= -5067.488181833744 G=    1.961e-03 #SS:   24
 ooCMF Iter:  295 Total= -5067.488181770659 G=    2.076e-03 #SS:   24
 ooCMF Iter:  296 Total= -5067.488181766529 G=    2.084e-03 #SS:   24
 ooCMF Iter:  297 Total= -5067.488181762322 G=    2.091e-03 #SS:   24
 ooCMF Iter:  298 Total= -5067.488181758867 G=    2.098e-03 #SS:   24
 ooCMF Iter:  299 Total= -5067.488181693562 G=    2.221e-03 #SS:   24
 ooCMF Iter:  300 Total= -5067.488181716337 G=    2.198e-03 #SS:   24
 ooCMF Iter:  301 Total= -5067.488181725348 G=    2.180e-03 #SS:   24
 ooCMF Iter:  302 Total= -5067.488181706079 G=    2.213e-03 #SS:   24
 ooCMF Iter:  303 Total= -5067.488181676829 G=    2.248e-03 #SS:   24
 ooCMF Iter:  304 Total= -5067.488181665288 G=    2.273e-03 #SS:   24
 ooCMF Iter:  305 Total= -5067.488181570622 G=    2.422e-03 #SS:   24
 ooCMF Iter:  306 Total= -5067.488181578041 G=    2.418e-03 #SS:   24
 ooCMF Iter:  307 Total= -5067.488181594084 G=    2.395e-03 #SS:   24
 ooCMF Iter:  308 Total= -5067.488181578528 G=    2.422e-03 #SS:   24
 ooCMF Iter:  309 Total= -5067.488181578573 G=    2.424e-03 #SS:   24
 ooCMF Iter:  310 Total= -5067.488181567149 G=    2.440e-03 #SS:   24
 ooCMF Iter:  311 Total= -5067.488181545759 G=    2.471e-03 #SS:   24
 ooCMF Iter:  312 Total= -5067.488181517974 G=    2.505e-03 #SS:   24
 ooCMF Iter:  313 Total= -5067.488181503688 G=    2.525e-03 #SS:   24
 ooCMF Iter:  314 Total= -5067.488181419748 G=    2.635e-03 #SS:   24
 ooCMF Iter:  315 Total= -5067.488181396768 G=    2.664e-03 #SS:   24
 ooCMF Iter:  316 Total= -5067.488181379374 G=    2.693e-03 #SS:   24
 ooCMF Iter:  317 Total= -5067.488181331079 G=    2.747e-03 #SS:   24
 ooCMF Iter:  318 Total= -5067.488181333298 G=    2.745e-03 #SS:   24
 ooCMF Iter:  319 Total= -5067.488181295542 G=    2.793e-03 #SS:   24
 ooCMF Iter:  320 Total= -5067.488181327821 G=    2.753e-03 #SS:   24
 ooCMF Iter:  321 Total= -5067.488181344561 G=    2.721e-03 #SS:   24
 ooCMF Iter:  322 Total= -5067.488181345311 G=    2.722e-03 #SS:   24
 ooCMF Iter:  323 Total= -5067.488181345903 G=    2.724e-03 #SS:   24
 ooCMF Iter:  324 Total= -5067.488181363879 G=    2.684e-03 #SS:   24
 ooCMF Iter:  325 Total= -5067.488181356144 G=    2.688e-03 #SS:   24
 ooCMF Iter:  326 Total= -5067.488181295272 G=    2.769e-03 #SS:   24
 ooCMF Iter:  327 Total= -5067.488181301289 G=    2.755e-03 #SS:   24
 ooCMF Iter:  328 Total= -5067.488181289179 G=    2.772e-03 #SS:   24
 ooCMF Iter:  329 Total= -5067.488181108044 G=    2.996e-03 #SS:   24
 ooCMF Iter:  330 Total= -5067.488181129776 G=    2.982e-03 #SS:   24
 ooCMF Iter:  331 Total= -5067.488181103247 G=    3.014e-03 #SS:   24
 ooCMF Iter:  332 Total= -5067.488181045172 G=    3.089e-03 #SS:   24
 ooCMF Iter:  333 Total= -5067.488181033954 G=    3.100e-03 #SS:   24
 ooCMF Iter:  334 Total= -5067.488180940299 G=    3.210e-03 #SS:   24
 ooCMF Iter:  335 Total= -5067.488180933320 G=    3.216e-03 #SS:   24
 ooCMF Iter:  336 Total= -5067.488180916174 G=    3.228e-03 #SS:   24
 ooCMF Iter:  337 Total= -5067.488180900831 G=    3.247e-03 #SS:   24
 ooCMF Iter:  338 Total= -5067.488180891660 G=    3.257e-03 #SS:   24
 ooCMF Iter:  339 Total= -5067.488180803418 G=    3.355e-03 #SS:   24
 ooCMF Iter:  340 Total= -5067.488180734396 G=    3.427e-03 #SS:   24
 ooCMF Iter:  341 Total= -5067.488180711305 G=    3.453e-03 #SS:   24
 ooCMF Iter:  342 Total= -5067.488180712464 G=    3.452e-03 #SS:   24
 ooCMF Iter:  343 Total= -5067.488180720130 G=    3.443e-03 #SS:   24
 ooCMF Iter:  344 Total= -5067.488180622036 G=    3.555e-03 #SS:   24
 ooCMF Iter:  345 Total= -5067.488180574172 G=    3.606e-03 #SS:   24
 ooCMF Iter:  346 Total= -5067.488180553554 G=    3.625e-03 #SS:   24
 ooCMF Iter:  347 Total= -5067.488180544535 G=    3.629e-03 #SS:   24
 ooCMF Iter:  348 Total= -5067.488180472948 G=    3.701e-03 #SS:   24
 ooCMF Iter:  349 Total= -5067.488180457521 G=    3.720e-03 #SS:   24
 ooCMF Iter:  350 Total= -5067.488180387653 G=    3.789e-03 #SS:   24
 ooCMF Iter:  351 Total= -5067.488180308231 G=    3.867e-03 #SS:   24
 ooCMF Iter:  352 Total= -5067.488180157130 G=    4.030e-03 #SS:   24
 ooCMF Iter:  353 Total= -5067.488179999092 G=    4.192e-03 #SS:   24
 ooCMF Iter:  354 Total= -5067.488179974105 G=    4.214e-03 #SS:   24
 ooCMF Iter:  355 Total= -5067.488180026868 G=    4.159e-03 #SS:   24
 ooCMF Iter:  356 Total= -5067.488180023546 G=    4.157e-03 #SS:   24
 ooCMF Iter:  357 Total= -5067.488179840933 G=    4.316e-03 #SS:   24
 ooCMF Iter:  358 Total= -5067.488179668257 G=    4.466e-03 #SS:   24
 ooCMF Iter:  359 Total= -5067.488179676789 G=    4.457e-03 #SS:   24
 ooCMF Iter:  360 Total= -5067.488179677737 G=    4.453e-03 #SS:   24
 ooCMF Iter:  361 Total= -5067.488179574659 G=    4.547e-03 #SS:   24
 ooCMF Iter:  362 Total= -5067.488179567708 G=    4.552e-03 #SS:   24
 ooCMF Iter:  363 Total= -5067.488179477935 G=    4.633e-03 #SS:   24
 ooCMF Iter:  364 Total= -5067.488179364133 G=    4.723e-03 #SS:   24
 ooCMF Iter:  365 Total= -5067.488179272381 G=    4.796e-03 #SS:   24
 ooCMF Iter:  366 Total= -5067.488179144856 G=    4.904e-03 #SS:   24
 ooCMF Iter:  367 Total= -5067.488179132738 G=    4.915e-03 #SS:   24
 ooCMF Iter:  368 Total= -5067.488179193626 G=    4.866e-03 #SS:   24
 ooCMF Iter:  369 Total= -5067.488179136621 G=    4.906e-03 #SS:   24
 ooCMF Iter:  370 Total= -5067.488179116661 G=    4.919e-03 #SS:   24
 ooCMF Iter:  371 Total= -5067.488179113180 G=    4.924e-03 #SS:   24
 ooCMF Iter:  372 Total= -5067.488179081814 G=    4.946e-03 #SS:   24
 ooCMF Iter:  373 Total= -5067.488179112956 G=    4.916e-03 #SS:   24
 ooCMF Iter:  374 Total= -5067.488179094426 G=    4.932e-03 #SS:   24
 ooCMF Iter:  375 Total= -5067.488179055962 G=    4.966e-03 #SS:   24
 ooCMF Iter:  376 Total= -5067.488179067824 G=    4.956e-03 #SS:   24
 ooCMF Iter:  377 Total= -5067.488178897032 G=    5.083e-03 #SS:   24
 ooCMF Iter:  378 Total= -5067.488178790151 G=    5.161e-03 #SS:   24
 ooCMF Iter:  379 Total= -5067.488178867524 G=    5.107e-03 #SS:   24
 ooCMF Iter:  380 Total= -5067.488178446673 G=    5.411e-03 #SS:   24
 ooCMF Iter:  381 Total= -5067.488178017576 G=    5.718e-03 #SS:   24
 ooCMF Iter:  382 Total= -5067.488177322452 G=    6.179e-03 #SS:   24
 ooCMF Iter:  383 Total= -5067.488176801226 G=    6.507e-03 #SS:   24
 ooCMF Iter:  384 Total= -5067.488176389050 G=    6.761e-03 #SS:   24
 ooCMF Iter:  385 Total= -5067.488176228369 G=    6.851e-03 #SS:   24
 ooCMF Iter:  386 Total= -5067.488176064566 G=    6.945e-03 #SS:   24
 ooCMF Iter:  387 Total= -5067.488176135547 G=    6.907e-03 #SS:   24
 ooCMF Iter:  388 Total= -5067.488176096294 G=    6.928e-03 #SS:   24
 ooCMF Iter:  389 Total= -5067.488176036517 G=    6.961e-03 #SS:   24
 ooCMF Iter:  390 Total= -5067.488176221663 G=    6.855e-03 #SS:   24
 ooCMF Iter:  391 Total= -5067.488176153566 G=    6.893e-03 #SS:   24
 ooCMF Iter:  392 Total= -5067.488176156804 G=    6.890e-03 #SS:   24
 ooCMF Iter:  393 Total= -5067.488175720000 G=    7.130e-03 #SS:   24
 ooCMF Iter:  394 Total= -5067.488175755396 G=    7.107e-03 #SS:   24
 ooCMF Iter:  395 Total= -5067.488175751807 G=    7.109e-03 #SS:   24
 ooCMF Iter:  396 Total= -5067.488175810565 G=    7.073e-03 #SS:   24
 ooCMF Iter:  397 Total= -5067.488175900991 G=    7.029e-03 #SS:   24
 ooCMF Iter:  398 Total= -5067.488175895593 G=    7.031e-03 #SS:   24
 ooCMF Iter:  399 Total= -5067.488175909268 G=    7.011e-03 #SS:   24
 ooCMF Iter:  400 Total= -5067.488175878726 G=    7.026e-03 #SS:   24
 ooCMF Iter:  401 Total= -5067.488175759460 G=    7.097e-03 #SS:   24
 ooCMF Iter:  402 Total= -5067.488175600545 G=    7.190e-03 #SS:   24
 ooCMF Iter:  403 Total= -5067.488175564164 G=    7.216e-03 #SS:   24
 ooCMF Iter:  404 Total= -5067.488174292945 G=    7.869e-03 #SS:   24
 ooCMF Iter:  405 Total= -5067.488174405518 G=    7.811e-03 #SS:   24
 ooCMF Iter:  406 Total= -5067.488174406078 G=    7.811e-03 #SS:   24
 ooCMF Iter:  407 Total= -5067.488173918205 G=    8.051e-03 #SS:   24
 ooCMF Iter:  408 Total= -5067.488173343985 G=    8.311e-03 #SS:   24
 ooCMF Iter:  409 Total= -5067.488173189823 G=    8.384e-03 #SS:   24
 ooCMF Iter:  410 Total= -5067.488172533394 G=    8.688e-03 #SS:   24
 ooCMF Iter:  411 Total= -5067.488171054815 G=    9.347e-03 #SS:   24
 ooCMF Iter:  412 Total= -5067.488170444835 G=    9.609e-03 #SS:   24
 ooCMF Iter:  413 Total= -5067.488170562206 G=    9.564e-03 #SS:   24
 ooCMF Iter:  414 Total= -5067.488170625232 G=    9.537e-03 #SS:   24
 ooCMF Iter:  415 Total= -5067.488170569324 G=    9.561e-03 #SS:   24
 ooCMF Iter:  416 Total= -5067.488170836467 G=    9.450e-03 #SS:   24
 ooCMF Iter:  417 Total= -5067.488170448738 G=    9.608e-03 #SS:   24
 ooCMF Iter:  418 Total= -5067.488170419152 G=    9.619e-03 #SS:   24
 ooCMF Iter:  419 Total= -5067.488170516087 G=    9.571e-03 #SS:   24
 ooCMF Iter:  420 Total= -5067.488170385152 G=    9.622e-03 #SS:   24
 ooCMF Iter:  421 Total= -5067.488170093497 G=    9.744e-03 #SS:   24
 ooCMF Iter:  422 Total= -5067.488170133065 G=    9.729e-03 #SS:   24
 ooCMF Iter:  423 Total= -5067.488170108170 G=    9.737e-03 #SS:   24
 ooCMF Iter:  424 Total= -5067.488169929647 G=    9.803e-03 #SS:   24
 ooCMF Iter:  425 Total= -5067.488169931834 G=    9.804e-03 #SS:   24
 ooCMF Iter:  426 Total= -5067.488169336138 G=    1.004e-02 #SS:   24
 ooCMF Iter:  427 Total= -5067.488168589150 G=    1.034e-02 #SS:   24
 ooCMF Iter:  428 Total= -5067.488167588333 G=    1.071e-02 #SS:   24
 ooCMF Iter:  429 Total= -5067.488167210911 G=    1.086e-02 #SS:   24
 ooCMF Iter:  430 Total= -5067.488167183716 G=    1.086e-02 #SS:   24
 ooCMF Iter:  431 Total= -5067.488166947375 G=    1.094e-02 #SS:   24
 ooCMF Iter:  432 Total= -5067.488166593854 G=    1.107e-02 #SS:   24
 ooCMF Iter:  433 Total= -5067.488166293725 G=    1.118e-02 #SS:   24
 ooCMF Iter:  434 Total= -5067.488165756982 G=    1.137e-02 #SS:   24
 ooCMF Iter:  435 Total= -5067.488162495821 G=    1.247e-02 #SS:   24
 ooCMF Iter:  436 Total= -5067.488161089407 G=    1.292e-02 #SS:   24
 ooCMF Iter:  437 Total= -5067.488160620875 G=    1.306e-02 #SS:   24
 ooCMF Iter:  438 Total= -5067.488160810653 G=    1.299e-02 #SS:   24
 ooCMF Iter:  439 Total= -5067.488160802467 G=    1.298e-02 #SS:   24
 ooCMF Iter:  440 Total= -5067.488161062758 G=    1.289e-02 #SS:   24
 ooCMF Iter:  441 Total= -5067.488160920025 G=    1.293e-02 #SS:   24
 ooCMF Iter:  442 Total= -5067.488161157014 G=    1.287e-02 #SS:   24
 ooCMF Iter:  443 Total= -5067.488160997630 G=    1.292e-02 #SS:   24
 ooCMF Iter:  444 Total= -5067.488160141565 G=    1.319e-02 #SS:   24
 ooCMF Iter:  445 Total= -5067.488160456438 G=    1.310e-02 #SS:   24
 ooCMF Iter:  446 Total= -5067.488160295349 G=    1.315e-02 #SS:   24
 ooCMF Iter:  447 Total= -5067.488160288739 G=    1.316e-02 #SS:   24
 ooCMF Iter:  448 Total= -5067.488160328629 G=    1.315e-02 #SS:   24
 ooCMF Iter:  449 Total= -5067.488159913438 G=    1.328e-02 #SS:   24
 ooCMF Iter:  450 Total= -5067.488158673700 G=    1.365e-02 #SS:   24
 ooCMF Iter:  451 Total= -5067.488157596144 G=    1.395e-02 #SS:   24
 ooCMF Iter:  452 Total= -5067.488157297021 G=    1.403e-02 #SS:   24
 ooCMF Iter:  453 Total= -5067.488156334947 G=    1.430e-02 #SS:   24
 ooCMF Iter:  454 Total= -5067.488155051420 G=    1.465e-02 #SS:   24
 ooCMF Iter:  455 Total= -5067.488155079638 G=    1.464e-02 #SS:   24
 ooCMF Iter:  456 Total= -5067.488155217715 G=    1.461e-02 #SS:   24
 ooCMF Iter:  457 Total= -5067.488155006892 G=    1.467e-02 #SS:   24
 ooCMF Iter:  458 Total= -5067.488152646382 G=    1.529e-02 #SS:   24
 ooCMF Iter:  459 Total= -5067.488148615237 G=    1.629e-02 #SS:   24
 ooCMF Iter:  460 Total= -5067.488148417388 G=    1.632e-02 #SS:   24
 ooCMF Iter:  461 Total= -5067.488147532336 G=    1.654e-02 #SS:   24
 ooCMF Iter:  462 Total= -5067.488149605606 G=    1.604e-02 #SS:   24
 ooCMF Iter:  463 Total= -5067.488147803128 G=    1.646e-02 #SS:   24
 ooCMF Iter:  464 Total= -5067.488149550972 G=    1.601e-02 #SS:   24
 ooCMF Iter:  465 Total= -5067.488149478296 G=    1.602e-02 #SS:   24
 ooCMF Iter:  466 Total= -5067.488150249853 G=    1.581e-02 #SS:   24
 ooCMF Iter:  467 Total= -5067.488149967287 G=    1.588e-02 #SS:   24
 ooCMF Iter:  468 Total= -5067.488149195950 G=    1.609e-02 #SS:   24
 ooCMF Iter:  469 Total= -5067.488148793674 G=    1.619e-02 #SS:   24
 ooCMF Iter:  470 Total= -5067.488146062722 G=    1.682e-02 #SS:   24
 ooCMF Iter:  471 Total= -5067.488144761645 G=    1.712e-02 #SS:   24
 ooCMF Iter:  472 Total= -5067.488143275731 G=    1.746e-02 #SS:   24
 ooCMF Iter:  473 Total= -5067.488143281430 G=    1.746e-02 #SS:   24
 ooCMF Iter:  474 Total= -5067.488140604811 G=    1.803e-02 #SS:   24
 ooCMF Iter:  475 Total= -5067.488137805881 G=    1.862e-02 #SS:   24
 ooCMF Iter:  476 Total= -5067.488137676851 G=    1.866e-02 #SS:   24
 ooCMF Iter:  477 Total= -5067.488134206240 G=    1.937e-02 #SS:   24
 ooCMF Iter:  478 Total= -5067.488133413242 G=    1.954e-02 #SS:   24
 ooCMF Iter:  479 Total= -5067.488134208614 G=    1.938e-02 #SS:   24
 ooCMF Iter:  480 Total= -5067.488133962770 G=    1.943e-02 #SS:   24
 ooCMF Iter:  481 Total= -5067.488133900237 G=    1.943e-02 #SS:   24
 ooCMF Iter:  482 Total= -5067.488133737612 G=    1.946e-02 #SS:   24
 ooCMF Iter:  483 Total= -5067.488134513402 G=    1.930e-02 #SS:   24
 ooCMF Iter:  484 Total= -5067.488134640913 G=    1.929e-02 #SS:   24
 ooCMF Iter:  485 Total= -5067.488134668821 G=    1.929e-02 #SS:   24
 ooCMF Iter:  486 Total= -5067.488132993311 G=    1.962e-02 #SS:   24
 ooCMF Iter:  487 Total= -5067.488129265198 G=    2.033e-02 #SS:   24
 ooCMF Iter:  488 Total= -5067.488129043822 G=    2.037e-02 #SS:   24
 ooCMF Iter:  489 Total= -5067.488127337495 G=    2.068e-02 #SS:   24
 ooCMF Iter:  490 Total= -5067.488127625966 G=    2.059e-02 #SS:   24
 ooCMF Iter:  491 Total= -5067.488127951881 G=    2.051e-02 #SS:   24
 ooCMF Iter:  492 Total= -5067.488126884021 G=    2.071e-02 #SS:   24
 ooCMF Iter:  493 Total= -5067.488124771975 G=    2.110e-02 #SS:   24
 ooCMF Iter:  494 Total= -5067.488117878444 G=    2.235e-02 #SS:   24
 ooCMF Iter:  495 Total= -5067.488112490622 G=    2.328e-02 #SS:   24
 ooCMF Iter:  496 Total= -5067.488103368023 G=    2.475e-02 #SS:   24
 ooCMF Iter:  497 Total= -5067.488100723536 G=    2.515e-02 #SS:   24
 ooCMF Iter:  498 Total= -5067.488105053423 G=    2.446e-02 #SS:   24
 ooCMF Iter:  499 Total= -5067.488099511708 G=    2.531e-02 #SS:   24
 ooCMF Iter:  500 Total= -5067.488098740728 G=    2.543e-02 #SS:   24
 98.108370 seconds (260.10 M allocations: 79.967 GiB, 10.41% gc time)
 Solve OO-CMF with DIIS
 ooCMF Iter:    1 Total= -5067.488182334822 G=    2.718e-04 #SS:    1
 ooCMF Iter:    2 Total= -5067.488182092210 G=    1.388e-03 #SS:    2
 ooCMF Iter:    3 Total= -5067.488182091163 G=    1.395e-03 #SS:    3
 ooCMF Iter:    4 Total= -5067.488182093447 G=    1.373e-03 #SS:    4
 ooCMF Iter:    5 Total= -5067.488182118227 G=    1.309e-03 #SS:    5
 ooCMF Iter:    6 Total= -5067.488182125585 G=    1.301e-03 #SS:    6
 ooCMF Iter:    7 Total= -5067.488182127947 G=    1.302e-03 #SS:    7
 ooCMF Iter:    8 Total= -5067.488182156283 G=    1.216e-03 #SS:    8
 ooCMF Iter:    9 Total= -5067.488182175208 G=    1.161e-03 #SS:    9
 ooCMF Iter:   10 Total= -5067.488182197584 G=    1.081e-03 #SS:   10
 ooCMF Iter:   11 Total= -5067.488182198682 G=    1.072e-03 #SS:   11
 ooCMF Iter:   12 Total= -5067.488182205371 G=    1.046e-03 #SS:   12
 ooCMF Iter:   13 Total= -5067.488182219915 G=    9.730e-04 #SS:   13
 ooCMF Iter:   14 Total= -5067.488182220455 G=    9.708e-04 #SS:   14
 ooCMF Iter:   15 Total= -5067.488182227033 G=    9.471e-04 #SS:   15
 ooCMF Iter:   16 Total= -5067.488182228828 G=    9.418e-04 #SS:   16
 ooCMF Iter:   17 Total= -5067.488182228584 G=    9.424e-04 #SS:   17
 ooCMF Iter:   18 Total= -5067.488182228993 G=    9.404e-04 #SS:   18
 ooCMF Iter:   19 Total= -5067.488182227939 G=    9.431e-04 #SS:   19
 ooCMF Iter:   20 Total= -5067.488182232778 G=    9.182e-04 #SS:   20
 ooCMF Iter:   21 Total= -5067.488182235586 G=    9.079e-04 #SS:   21
 ooCMF Iter:   22 Total= -5067.488182236643 G=    9.032e-04 #SS:   22
 ooCMF Iter:   23 Total= -5067.488182239825 G=    8.918e-04 #SS:   23
 ooCMF Iter:   24 Total= -5067.488182240493 G=    8.901e-04 #SS:   24
 ooCMF Iter:   25 Total= -5067.488182213679 G=    9.947e-04 #SS:   24
 ooCMF Iter:   26 Total= -5067.488182160831 G=    1.190e-03 #SS:   24
 ooCMF Iter:   27 Total= -5067.488182158343 G=    1.198e-03 #SS:   24
 ooCMF Iter:   28 Total= -5067.488182150845 G=    1.225e-03 #SS:   24
 ooCMF Iter:   29 Total= -5067.488182094789 G=    1.377e-03 #SS:   24
 ooCMF Iter:   30 Total= -5067.488182115302 G=    1.318e-03 #SS:   24
 ooCMF Iter:   31 Total= -5067.488182151782 G=    1.226e-03 #SS:   24
 ooCMF Iter:   32 Total= -5067.488182165410 G=    1.170e-03 #SS:   24
 ooCMF Iter:   33 Total= -5067.488182154559 G=    1.202e-03 #SS:   24
 ooCMF Iter:   34 Total= -5067.488182150950 G=    1.206e-03 #SS:   24
 ooCMF Iter:   35 Total= -5067.488182145243 G=    1.221e-03 #SS:   24
 ooCMF Iter:   36 Total= -5067.488182160615 G=    1.177e-03 #SS:   24
 ooCMF Iter:   37 Total= -5067.488182167422 G=    1.165e-03 #SS:   24
 ooCMF Iter:   38 Total= -5067.488182180079 G=    1.133e-03 #SS:   24
 ooCMF Iter:   39 Total= -5067.488182119043 G=    1.333e-03 #SS:   24
 ooCMF Iter:   40 Total= -5067.488182113595 G=    1.370e-03 #SS:   24
 ooCMF Iter:   41 Total= -5067.488182117801 G=    1.364e-03 #SS:   24
 ooCMF Iter:   42 Total= -5067.488182125664 G=    1.337e-03 #SS:   24
 ooCMF Iter:   43 Total= -5067.488182127103 G=    1.330e-03 #SS:   24
 ooCMF Iter:   44 Total= -5067.488182135704 G=    1.303e-03 #SS:   24
 ooCMF Iter:   45 Total= -5067.488182155693 G=    1.228e-03 #SS:   24
 ooCMF Iter:   46 Total= -5067.488182162222 G=    1.194e-03 #SS:   24
 ooCMF Iter:   47 Total= -5067.488182167366 G=    1.174e-03 #SS:   24
 ooCMF Iter:   48 Total= -5067.488182168782 G=    1.171e-03 #SS:   24
 ooCMF Iter:   49 Total= -5067.488182164130 G=    1.189e-03 #SS:   24
 ooCMF Iter:   50 Total= -5067.488182170292 G=    1.170e-03 #SS:   24
 ooCMF Iter:   51 Total= -5067.488182169500 G=    1.176e-03 #SS:   24
 ooCMF Iter:   52 Total= -5067.488182208218 G=    1.045e-03 #SS:   24
 ooCMF Iter:   53 Total= -5067.488182206727 G=    1.043e-03 #SS:   24
 ooCMF Iter:   54 Total= -5067.488182207346 G=    1.043e-03 #SS:   24
 ooCMF Iter:   55 Total= -5067.488182193910 G=    1.099e-03 #SS:   24
 ooCMF Iter:   56 Total= -5067.488182156160 G=    1.224e-03 #SS:   24
 ooCMF Iter:   57 Total= -5067.488182161194 G=    1.205e-03 #SS:   24
 ooCMF Iter:   58 Total= -5067.488182179201 G=    1.135e-03 #SS:   24
 ooCMF Iter:   59 Total= -5067.488182190459 G=    1.093e-03 #SS:   24
 ooCMF Iter:   60 Total= -5067.488182176271 G=    1.134e-03 #SS:   24
 ooCMF Iter:   61 Total= -5067.488182188273 G=    1.095e-03 #SS:   24
 ooCMF Iter:   62 Total= -5067.488182183382 G=    1.118e-03 #SS:   24
 ooCMF Iter:   63 Total= -5067.488182191956 G=    1.089e-03 #SS:   24
 ooCMF Iter:   64 Total= -5067.488182190329 G=    1.082e-03 #SS:   24
 ooCMF Iter:   65 Total= -5067.488182197722 G=    1.065e-03 #SS:   24
 ooCMF Iter:   66 Total= -5067.488182200655 G=    1.054e-03 #SS:   24
 ooCMF Iter:   67 Total= -5067.488182212612 G=    1.011e-03 #SS:   24
 ooCMF Iter:   68 Total= -5067.488182220671 G=    9.795e-04 #SS:   24
 ooCMF Iter:   69 Total= -5067.488182199514 G=    1.048e-03 #SS:   24
 ooCMF Iter:   70 Total= -5067.488182181065 G=    1.115e-03 #SS:   24
 ooCMF Iter:   71 Total= -5067.488182175353 G=    1.131e-03 #SS:   24
 ooCMF Iter:   72 Total= -5067.488182168640 G=    1.155e-03 #SS:   24
 ooCMF Iter:   73 Total= -5067.488182157172 G=    1.196e-03 #SS:   24
 ooCMF Iter:   74 Total= -5067.488182149860 G=    1.225e-03 #SS:   24
 ooCMF Iter:   75 Total= -5067.488182149576 G=    1.230e-03 #SS:   24
 ooCMF Iter:   76 Total= -5067.488182101483 G=    1.377e-03 #SS:   24
 ooCMF Iter:   77 Total= -5067.488182110289 G=    1.351e-03 #SS:   24
 ooCMF Iter:   78 Total= -5067.488182092061 G=    1.406e-03 #SS:   24
 ooCMF Iter:   79 Total= -5067.488182107848 G=    1.374e-03 #SS:   24
 ooCMF Iter:   80 Total= -5067.488182122442 G=    1.333e-03 #SS:   24
 ooCMF Iter:   81 Total= -5067.488182128169 G=    1.315e-03 #SS:   24
 ooCMF Iter:   82 Total= -5067.488182123542 G=    1.319e-03 #SS:   24
 ooCMF Iter:   83 Total= -5067.488182139277 G=    1.269e-03 #SS:   24
 ooCMF Iter:   84 Total= -5067.488182150514 G=    1.234e-03 #SS:   24
 ooCMF Iter:   85 Total= -5067.488182104095 G=    1.373e-03 #SS:   24
 ooCMF Iter:   86 Total= -5067.488182086576 G=    1.425e-03 #SS:   24
 ooCMF Iter:   87 Total= -5067.488182102930 G=    1.373e-03 #SS:   24
 ooCMF Iter:   88 Total= -5067.488182080606 G=    1.436e-03 #SS:   24
 ooCMF Iter:   89 Total= -5067.488182109352 G=    1.363e-03 #SS:   24
 ooCMF Iter:   90 Total= -5067.488182109742 G=    1.361e-03 #SS:   24
 ooCMF Iter:   91 Total= -5067.488182092805 G=    1.401e-03 #SS:   24
 ooCMF Iter:   92 Total= -5067.488182080733 G=    1.426e-03 #SS:   24
 ooCMF Iter:   93 Total= -5067.488182112658 G=    1.340e-03 #SS:   24
 ooCMF Iter:   94 Total= -5067.488182139268 G=    1.263e-03 #SS:   24
 ooCMF Iter:   95 Total= -5067.488182142889 G=    1.251e-03 #SS:   24
 ooCMF Iter:   96 Total= -5067.488182136690 G=    1.270e-03 #SS:   24
 ooCMF Iter:   97 Total= -5067.488182136558 G=    1.266e-03 #SS:   24
 ooCMF Iter:   98 Total= -5067.488182127923 G=    1.297e-03 #SS:   24
 ooCMF Iter:   99 Total= -5067.488182132979 G=    1.277e-03 #SS:   24
 ooCMF Iter:  100 Total= -5067.488182135205 G=    1.260e-03 #SS:   24
 ooCMF Iter:  101 Total= -5067.488182147580 G=    1.231e-03 #SS:   24
 ooCMF Iter:  102 Total= -5067.488182146079 G=    1.240e-03 #SS:   24
 ooCMF Iter:  103 Total= -5067.488182158899 G=    1.195e-03 #SS:   24
 ooCMF Iter:  104 Total= -5067.488182154144 G=    1.201e-03 #SS:   24
 ooCMF Iter:  105 Total= -5067.488182158190 G=    1.185e-03 #SS:   24
 ooCMF Iter:  106 Total= -5067.488182139117 G=    1.246e-03 #SS:   24
 ooCMF Iter:  107 Total= -5067.488182139668 G=    1.242e-03 #SS:   24
 ooCMF Iter:  108 Total= -5067.488182139494 G=    1.237e-03 #SS:   24
 ooCMF Iter:  109 Total= -5067.488182069297 G=    1.439e-03 #SS:   24
 ooCMF Iter:  110 Total= -5067.488182092668 G=    1.389e-03 #SS:   24
 ooCMF Iter:  111 Total= -5067.488182136826 G=    1.251e-03 #SS:   24
 ooCMF Iter:  112 Total= -5067.488182156180 G=    1.197e-03 #SS:   24
 ooCMF Iter:  113 Total= -5067.488182162126 G=    1.176e-03 #SS:   24
 ooCMF Iter:  114 Total= -5067.488182170166 G=    1.153e-03 #SS:   24
 ooCMF Iter:  115 Total= -5067.488182167649 G=    1.162e-03 #SS:   24
 ooCMF Iter:  116 Total= -5067.488182167110 G=    1.163e-03 #SS:   24
 ooCMF Iter:  117 Total= -5067.488182157025 G=    1.201e-03 #SS:   24
 ooCMF Iter:  118 Total= -5067.488182182497 G=    1.117e-03 #SS:   24
 ooCMF Iter:  119 Total= -5067.488182191766 G=    1.080e-03 #SS:   24
 ooCMF Iter:  120 Total= -5067.488182189301 G=    1.100e-03 #SS:   24
 ooCMF Iter:  121 Total= -5067.488182190491 G=    1.096e-03 #SS:   24
 ooCMF Iter:  122 Total= -5067.488182189833 G=    1.095e-03 #SS:   24
 ooCMF Iter:  123 Total= -5067.488182193740 G=    1.073e-03 #SS:   24
 ooCMF Iter:  124 Total= -5067.488182173111 G=    1.151e-03 #SS:   24
 ooCMF Iter:  125 Total= -5067.488182181602 G=    1.111e-03 #SS:   24
 ooCMF Iter:  126 Total= -5067.488182200759 G=    1.048e-03 #SS:   24
 ooCMF Iter:  127 Total= -5067.488182206283 G=    1.046e-03 #SS:   24
 ooCMF Iter:  128 Total= -5067.488182180319 G=    1.149e-03 #SS:   24
 ooCMF Iter:  129 Total= -5067.488182185862 G=    1.130e-03 #SS:   24
 ooCMF Iter:  130 Total= -5067.488182186991 G=    1.124e-03 #SS:   24
 ooCMF Iter:  131 Total= -5067.488182190143 G=    1.115e-03 #SS:   24
 ooCMF Iter:  132 Total= -5067.488182192857 G=    1.107e-03 #SS:   24
 ooCMF Iter:  133 Total= -5067.488182190987 G=    1.116e-03 #SS:   24
 ooCMF Iter:  134 Total= -5067.488182184765 G=    1.145e-03 #SS:   24
 ooCMF Iter:  135 Total= -5067.488182178515 G=    1.170e-03 #SS:   24
 ooCMF Iter:  136 Total= -5067.488182135917 G=    1.302e-03 #SS:   24
 ooCMF Iter:  137 Total= -5067.488182130817 G=    1.319e-03 #SS:   24
 ooCMF Iter:  138 Total= -5067.488182126207 G=    1.329e-03 #SS:   24
 ooCMF Iter:  139 Total= -5067.488182128899 G=    1.321e-03 #SS:   24
 ooCMF Iter:  140 Total= -5067.488182133368 G=    1.310e-03 #SS:   24
 ooCMF Iter:  141 Total= -5067.488182124552 G=    1.323e-03 #SS:   24
 ooCMF Iter:  142 Total= -5067.488182063237 G=    1.473e-03 #SS:   24
 ooCMF Iter:  143 Total= -5067.488182052721 G=    1.498e-03 #SS:   24
 ooCMF Iter:  144 Total= -5067.488182068953 G=    1.444e-03 #SS:   24
 ooCMF Iter:  145 Total= -5067.488182088829 G=    1.391e-03 #SS:   24
 ooCMF Iter:  146 Total= -5067.488182086664 G=    1.396e-03 #SS:   24
 ooCMF Iter:  147 Total= -5067.488182091169 G=    1.383e-03 #SS:   24
 ooCMF Iter:  148 Total= -5067.488182089945 G=    1.384e-03 #SS:   24
 ooCMF Iter:  149 Total= -5067.488182052139 G=    1.482e-03 #SS:   24
 ooCMF Iter:  150 Total= -5067.488182044457 G=    1.500e-03 #SS:   24
 ooCMF Iter:  151 Total= -5067.488182004349 G=    1.594e-03 #SS:   24
 ooCMF Iter:  152 Total= -5067.488182008713 G=    1.589e-03 #SS:   24
 ooCMF Iter:  153 Total= -5067.488182035633 G=    1.533e-03 #SS:   24
 ooCMF Iter:  154 Total= -5067.488182074463 G=    1.435e-03 #SS:   24
 ooCMF Iter:  155 Total= -5067.488182065649 G=    1.463e-03 #SS:   24
 ooCMF Iter:  156 Total= -5067.488182006469 G=    1.596e-03 #SS:   24
 ooCMF Iter:  157 Total= -5067.488181954839 G=    1.691e-03 #SS:   24
 ooCMF Iter:  158 Total= -5067.488181946523 G=    1.711e-03 #SS:   24
 ooCMF Iter:  159 Total= -5067.488181945952 G=    1.709e-03 #SS:   24
 ooCMF Iter:  160 Total= -5067.488181907020 G=    1.795e-03 #SS:   24
 ooCMF Iter:  161 Total= -5067.488181914934 G=    1.787e-03 #SS:   24
 ooCMF Iter:  162 Total= -5067.488181916156 G=    1.783e-03 #SS:   24
 ooCMF Iter:  163 Total= -5067.488181932656 G=    1.752e-03 #SS:   24
 ooCMF Iter:  164 Total= -5067.488181934943 G=    1.746e-03 #SS:   24
 ooCMF Iter:  165 Total= -5067.488181948340 G=    1.715e-03 #SS:   24
 ooCMF Iter:  166 Total= -5067.488181860368 G=    1.914e-03 #SS:   24
 ooCMF Iter:  167 Total= -5067.488181883678 G=    1.866e-03 #SS:   24
 ooCMF Iter:  168 Total= -5067.488181929090 G=    1.772e-03 #SS:   24
 ooCMF Iter:  169 Total= -5067.488181922338 G=    1.792e-03 #SS:   24
 ooCMF Iter:  170 Total= -5067.488181946494 G=    1.745e-03 #SS:   24
 ooCMF Iter:  171 Total= -5067.488181973100 G=    1.689e-03 #SS:   24
 ooCMF Iter:  172 Total= -5067.488182009184 G=    1.611e-03 #SS:   24
 ooCMF Iter:  173 Total= -5067.488182056668 G=    1.489e-03 #SS:   24
 ooCMF Iter:  174 Total= -5067.488182061375 G=    1.479e-03 #SS:   24
 ooCMF Iter:  175 Total= -5067.488182061680 G=    1.484e-03 #SS:   24
 ooCMF Iter:  176 Total= -5067.488182065570 G=    1.474e-03 #SS:   24
 ooCMF Iter:  177 Total= -5067.488182056274 G=    1.500e-03 #SS:   24
 ooCMF Iter:  178 Total= -5067.488182039001 G=    1.544e-03 #SS:   24
 ooCMF Iter:  179 Total= -5067.488181986171 G=    1.666e-03 #SS:   24
 ooCMF Iter:  180 Total= -5067.488181985638 G=    1.671e-03 #SS:   24
 ooCMF Iter:  181 Total= -5067.488181983259 G=    1.678e-03 #SS:   24
 ooCMF Iter:  182 Total= -5067.488181996931 G=    1.649e-03 #SS:   24
 ooCMF Iter:  183 Total= -5067.488181986699 G=    1.673e-03 #SS:   24
 ooCMF Iter:  184 Total= -5067.488181972887 G=    1.703e-03 #SS:   24
 ooCMF Iter:  185 Total= -5067.488181969853 G=    1.712e-03 #SS:   24
 ooCMF Iter:  186 Total= -5067.488181946659 G=    1.766e-03 #SS:   24
 ooCMF Iter:  187 Total= -5067.488181945249 G=    1.771e-03 #SS:   24
 ooCMF Iter:  188 Total= -5067.488181952208 G=    1.768e-03 #SS:   24
 ooCMF Iter:  189 Total= -5067.488181938168 G=    1.799e-03 #SS:   24
 ooCMF Iter:  190 Total= -5067.488181897782 G=    1.894e-03 #SS:   24
 ooCMF Iter:  191 Total= -5067.488181891348 G=    1.911e-03 #SS:   24
 ooCMF Iter:  192 Total= -5067.488181812988 G=    2.073e-03 #SS:   24
 ooCMF Iter:  193 Total= -5067.488181840176 G=    2.014e-03 #SS:   24
 ooCMF Iter:  194 Total= -5067.488181722934 G=    2.206e-03 #SS:   24
 ooCMF Iter:  195 Total= -5067.488181778582 G=    2.097e-03 #SS:   24
 ooCMF Iter:  196 Total= -5067.488181719793 G=    2.181e-03 #SS:   24
 ooCMF Iter:  197 Total= -5067.488181610149 G=    2.347e-03 #SS:   24
 ooCMF Iter:  198 Total= -5067.488181601301 G=    2.360e-03 #SS:   24
 ooCMF Iter:  199 Total= -5067.488181605623 G=    2.354e-03 #SS:   24
 ooCMF Iter:  200 Total= -5067.488181619718 G=    2.322e-03 #SS:   24
 ooCMF Iter:  201 Total= -5067.488181587357 G=    2.374e-03 #SS:   24
 ooCMF Iter:  202 Total= -5067.488181587514 G=    2.376e-03 #SS:   24
 ooCMF Iter:  203 Total= -5067.488181567413 G=    2.406e-03 #SS:   24
 ooCMF Iter:  204 Total= -5067.488181533050 G=    2.469e-03 #SS:   24
 ooCMF Iter:  205 Total= -5067.488181507846 G=    2.517e-03 #SS:   24
 ooCMF Iter:  206 Total= -5067.488181563891 G=    2.436e-03 #SS:   24
 ooCMF Iter:  207 Total= -5067.488181595011 G=    2.385e-03 #SS:   24
 ooCMF Iter:  208 Total= -5067.488181622485 G=    2.341e-03 #SS:   24
 ooCMF Iter:  209 Total= -5067.488181606086 G=    2.368e-03 #SS:   24
 ooCMF Iter:  210 Total= -5067.488181680113 G=    2.254e-03 #SS:   24
 ooCMF Iter:  211 Total= -5067.488181705273 G=    2.213e-03 #SS:   24
 ooCMF Iter:  212 Total= -5067.488181695391 G=    2.227e-03 #SS:   24
 ooCMF Iter:  213 Total= -5067.488181719510 G=    2.194e-03 #SS:   24
 ooCMF Iter:  214 Total= -5067.488181684639 G=    2.268e-03 #SS:   24
 ooCMF Iter:  215 Total= -5067.488181695815 G=    2.241e-03 #SS:   24
 ooCMF Iter:  216 Total= -5067.488181726018 G=    2.182e-03 #SS:   24
 ooCMF Iter:  217 Total= -5067.488181684255 G=    2.248e-03 #SS:   24
 ooCMF Iter:  218 Total= -5067.488181657483 G=    2.298e-03 #SS:   24
 ooCMF Iter:  219 Total= -5067.488181658720 G=    2.297e-03 #SS:   24
 ooCMF Iter:  220 Total= -5067.488181572116 G=    2.438e-03 #SS:   24
 ooCMF Iter:  221 Total= -5067.488181519841 G=    2.519e-03 #SS:   24
 ooCMF Iter:  222 Total= -5067.488181414345 G=    2.693e-03 #SS:   24
 ooCMF Iter:  223 Total= -5067.488181435734 G=    2.648e-03 #SS:   24
 ooCMF Iter:  224 Total= -5067.488181411328 G=    2.706e-03 #SS:   24
 ooCMF Iter:  225 Total= -5067.488181559662 G=    2.505e-03 #SS:   24
 ooCMF Iter:  226 Total= -5067.488181518661 G=    2.572e-03 #SS:   24
 ooCMF Iter:  227 Total= -5067.488181573392 G=    2.510e-03 #SS:   24
 ooCMF Iter:  228 Total= -5067.488181581897 G=    2.496e-03 #SS:   24
 ooCMF Iter:  229 Total= -5067.488181584968 G=    2.499e-03 #SS:   24
 ooCMF Iter:  230 Total= -5067.488181580392 G=    2.510e-03 #SS:   24
 ooCMF Iter:  231 Total= -5067.488181597685 G=    2.482e-03 #SS:   24
 ooCMF Iter:  232 Total= -5067.488181574796 G=    2.515e-03 #SS:   24
 ooCMF Iter:  233 Total= -5067.488181555818 G=    2.553e-03 #SS:   24
 ooCMF Iter:  234 Total= -5067.488181486327 G=    2.670e-03 #SS:   24
 ooCMF Iter:  235 Total= -5067.488181620390 G=    2.445e-03 #SS:   24
 ooCMF Iter:  236 Total= -5067.488181606785 G=    2.474e-03 #SS:   24
 ooCMF Iter:  237 Total= -5067.488181610391 G=    2.472e-03 #SS:   24
 ooCMF Iter:  238 Total= -5067.488181580513 G=    2.503e-03 #SS:   24
 ooCMF Iter:  239 Total= -5067.488181567125 G=    2.543e-03 #SS:   24
 ooCMF Iter:  240 Total= -5067.488181493870 G=    2.671e-03 #SS:   24
 ooCMF Iter:  241 Total= -5067.488181500054 G=    2.665e-03 #SS:   24
 ooCMF Iter:  242 Total= -5067.488181525492 G=    2.624e-03 #SS:   24
 ooCMF Iter:  243 Total= -5067.488181337681 G=    2.900e-03 #SS:   24
 ooCMF Iter:  244 Total= -5067.488181351735 G=    2.877e-03 #SS:   24
 ooCMF Iter:  245 Total= -5067.488181372447 G=    2.839e-03 #SS:   24
 ooCMF Iter:  246 Total= -5067.488181428940 G=    2.744e-03 #SS:   24
 ooCMF Iter:  247 Total= -5067.488181426746 G=    2.740e-03 #SS:   24
 ooCMF Iter:  248 Total= -5067.488181418268 G=    2.757e-03 #SS:   24
 ooCMF Iter:  249 Total= -5067.488181367608 G=    2.810e-03 #SS:   24
 ooCMF Iter:  250 Total= -5067.488181368562 G=    2.796e-03 #SS:   24
 ooCMF Iter:  251 Total= -5067.488181348984 G=    2.814e-03 #SS:   24
 ooCMF Iter:  252 Total= -5067.488181343269 G=    2.819e-03 #SS:   24
 ooCMF Iter:  253 Total= -5067.488181498931 G=    2.591e-03 #SS:   24
 ooCMF Iter:  254 Total= -5067.488181481724 G=    2.618e-03 #SS:   24
 ooCMF Iter:  255 Total= -5067.488181469238 G=    2.631e-03 #SS:   24
 ooCMF Iter:  256 Total= -5067.488181480645 G=    2.610e-03 #SS:   24
 ooCMF Iter:  257 Total= -5067.488181479757 G=    2.612e-03 #SS:   24
 ooCMF Iter:  258 Total= -5067.488181489109 G=    2.591e-03 #SS:   24
 ooCMF Iter:  259 Total= -5067.488181347420 G=    2.782e-03 #SS:   24
 ooCMF Iter:  260 Total= -5067.488181356475 G=    2.758e-03 #SS:   24
 ooCMF Iter:  261 Total= -5067.488181372992 G=    2.762e-03 #SS:   24
 ooCMF Iter:  262 Total= -5067.488181422607 G=    2.703e-03 #SS:   24
 ooCMF Iter:  263 Total= -5067.488181414024 G=    2.700e-03 #SS:   24
 ooCMF Iter:  264 Total= -5067.488181369153 G=    2.757e-03 #SS:   24
 ooCMF Iter:  265 Total= -5067.488181405079 G=    2.708e-03 #SS:   24
 ooCMF Iter:  266 Total= -5067.488181402087 G=    2.714e-03 #SS:   24
 ooCMF Iter:  267 Total= -5067.488181330344 G=    2.810e-03 #SS:   24
 ooCMF Iter:  268 Total= -5067.488181275991 G=    2.890e-03 #SS:   24
 ooCMF Iter:  269 Total= -5067.488181215961 G=    2.945e-03 #SS:   24
 ooCMF Iter:  270 Total= -5067.488181188344 G=    3.004e-03 #SS:   24
 ooCMF Iter:  271 Total= -5067.488181164572 G=    3.044e-03 #SS:   24
 ooCMF Iter:  272 Total= -5067.488181164252 G=    3.054e-03 #SS:   24
 ooCMF Iter:  273 Total= -5067.488181125895 G=    3.103e-03 #SS:   24
 ooCMF Iter:  274 Total= -5067.488181147495 G=    3.072e-03 #SS:   24
 ooCMF Iter:  275 Total= -5067.488181167323 G=    3.046e-03 #SS:   24
 ooCMF Iter:  276 Total= -5067.488181122929 G=    3.106e-03 #SS:   24
 ooCMF Iter:  277 Total= -5067.488181113459 G=    3.127e-03 #SS:   24
 ooCMF Iter:  278 Total= -5067.488181100724 G=    3.147e-03 #SS:   24
 ooCMF Iter:  279 Total= -5067.488181122601 G=    3.119e-03 #SS:   24
 ooCMF Iter:  280 Total= -5067.488180971031 G=    3.308e-03 #SS:   24
 ooCMF Iter:  281 Total= -5067.488180889944 G=    3.409e-03 #SS:   24
 ooCMF Iter:  282 Total= -5067.488180902692 G=    3.410e-03 #SS:   24
 ooCMF Iter:  283 Total= -5067.488180823480 G=    3.500e-03 #SS:   24
 ooCMF Iter:  284 Total= -5067.488180844132 G=    3.471e-03 #SS:   24
 ooCMF Iter:  285 Total= -5067.488180804256 G=    3.511e-03 #SS:   24
 ooCMF Iter:  286 Total= -5067.488180723010 G=    3.600e-03 #SS:   24
 ooCMF Iter:  287 Total= -5067.488180659305 G=    3.667e-03 #SS:   24
 ooCMF Iter:  288 Total= -5067.488180686117 G=    3.632e-03 #SS:   24
 ooCMF Iter:  289 Total= -5067.488180698143 G=    3.621e-03 #SS:   24
 ooCMF Iter:  290 Total= -5067.488180731450 G=    3.592e-03 #SS:   24
 ooCMF Iter:  291 Total= -5067.488180739278 G=    3.581e-03 #SS:   24
 ooCMF Iter:  292 Total= -5067.488180723701 G=    3.598e-03 #SS:   24
 ooCMF Iter:  293 Total= -5067.488180445645 G=    3.897e-03 #SS:   24
 ooCMF Iter:  294 Total= -5067.488180216487 G=    4.110e-03 #SS:   24
 ooCMF Iter:  295 Total= -5067.488180094002 G=    4.239e-03 #SS:   24
 ooCMF Iter:  296 Total= -5067.488180076271 G=    4.248e-03 #SS:   24
 ooCMF Iter:  297 Total= -5067.488180063486 G=    4.259e-03 #SS:   24
 ooCMF Iter:  298 Total= -5067.488180114220 G=    4.216e-03 #SS:   24
 ooCMF Iter:  299 Total= -5067.488180057020 G=    4.264e-03 #SS:   24
 ooCMF Iter:  300 Total= -5067.488179938649 G=    4.365e-03 #SS:   24
 ooCMF Iter:  301 Total= -5067.488179777585 G=    4.468e-03 #SS:   24
 ooCMF Iter:  302 Total= -5067.488179815407 G=    4.433e-03 #SS:   24
 ooCMF Iter:  303 Total= -5067.488179816057 G=    4.427e-03 #SS:   24
 ooCMF Iter:  304 Total= -5067.488179760495 G=    4.492e-03 #SS:   24
 ooCMF Iter:  305 Total= -5067.488179839087 G=    4.421e-03 #SS:   24
 ooCMF Iter:  306 Total= -5067.488179844167 G=    4.380e-03 #SS:   24
 ooCMF Iter:  307 Total= -5067.488179957903 G=    4.257e-03 #SS:   24
 ooCMF Iter:  308 Total= -5067.488180121907 G=    4.080e-03 #SS:   24
 ooCMF Iter:  309 Total= -5067.488180203647 G=    4.011e-03 #SS:   24
 ooCMF Iter:  310 Total= -5067.488180199864 G=    4.023e-03 #SS:   24
 ooCMF Iter:  311 Total= -5067.488180308298 G=    3.930e-03 #SS:   24
 ooCMF Iter:  312 Total= -5067.488180176672 G=    4.052e-03 #SS:   24
 ooCMF Iter:  313 Total= -5067.488180207863 G=    4.022e-03 #SS:   24
 ooCMF Iter:  314 Total= -5067.488180207063 G=    4.014e-03 #SS:   24
 ooCMF Iter:  315 Total= -5067.488180272851 G=    3.951e-03 #SS:   24
 ooCMF Iter:  316 Total= -5067.488180236148 G=    3.987e-03 #SS:   24
 ooCMF Iter:  317 Total= -5067.488180242232 G=    3.981e-03 #SS:   24
 ooCMF Iter:  318 Total= -5067.488180081743 G=    4.119e-03 #SS:   24
 ooCMF Iter:  319 Total= -5067.488180031470 G=    4.170e-03 #SS:   24
 ooCMF Iter:  320 Total= -5067.488180083141 G=    4.102e-03 #SS:   24
 ooCMF Iter:  321 Total= -5067.488180179705 G=    4.022e-03 #SS:   24
 ooCMF Iter:  322 Total= -5067.488180184449 G=    4.015e-03 #SS:   24
 ooCMF Iter:  323 Total= -5067.488180142896 G=    4.055e-03 #SS:   24
 ooCMF Iter:  324 Total= -5067.488180155131 G=    4.043e-03 #SS:   24
 ooCMF Iter:  325 Total= -5067.488180139818 G=    4.045e-03 #SS:   24
 ooCMF Iter:  326 Total= -5067.488180155995 G=    4.036e-03 #SS:   24
 ooCMF Iter:  327 Total= -5067.488180176204 G=    4.020e-03 #SS:   24
 ooCMF Iter:  328 Total= -5067.488180186782 G=    4.005e-03 #SS:   24
 ooCMF Iter:  329 Total= -5067.488180238004 G=    3.963e-03 #SS:   24
 ooCMF Iter:  330 Total= -5067.488180187732 G=    4.001e-03 #SS:   24
 ooCMF Iter:  331 Total= -5067.488180184690 G=    3.987e-03 #SS:   24
 ooCMF Iter:  332 Total= -5067.488180059276 G=    4.098e-03 #SS:   24
 ooCMF Iter:  333 Total= -5067.488180085616 G=    4.075e-03 #SS:   24
 ooCMF Iter:  334 Total= -5067.488180176968 G=    3.994e-03 #SS:   24
 ooCMF Iter:  335 Total= -5067.488180190595 G=    3.984e-03 #SS:   24
 ooCMF Iter:  336 Total= -5067.488180020040 G=    4.151e-03 #SS:   24
 ooCMF Iter:  337 Total= -5067.488179903501 G=    4.248e-03 #SS:   24
 ooCMF Iter:  338 Total= -5067.488179948264 G=    4.213e-03 #SS:   24
 ooCMF Iter:  339 Total= -5067.488180014599 G=    4.156e-03 #SS:   24
 ooCMF Iter:  340 Total= -5067.488179989360 G=    4.172e-03 #SS:   24
 ooCMF Iter:  341 Total= -5067.488179993630 G=    4.168e-03 #SS:   24
 ooCMF Iter:  342 Total= -5067.488179831243 G=    4.286e-03 #SS:   24
 ooCMF Iter:  343 Total= -5067.488179861527 G=    4.239e-03 #SS:   24
 ooCMF Iter:  344 Total= -5067.488179890631 G=    4.229e-03 #SS:   24
 ooCMF Iter:  345 Total= -5067.488179797571 G=    4.317e-03 #SS:   24
 ooCMF Iter:  346 Total= -5067.488179753039 G=    4.359e-03 #SS:   24
 ooCMF Iter:  347 Total= -5067.488179793332 G=    4.329e-03 #SS:   24
 ooCMF Iter:  348 Total= -5067.488179789007 G=    4.326e-03 #SS:   24
 ooCMF Iter:  349 Total= -5067.488179760435 G=    4.357e-03 #SS:   24
 ooCMF Iter:  350 Total= -5067.488179564404 G=    4.526e-03 #SS:   24
 ooCMF Iter:  351 Total= -5067.488179604383 G=    4.505e-03 #SS:   24
 ooCMF Iter:  352 Total= -5067.488179736904 G=    4.386e-03 #SS:   24
 ooCMF Iter:  353 Total= -5067.488179811786 G=    4.326e-03 #SS:   24
 ooCMF Iter:  354 Total= -5067.488179793078 G=    4.342e-03 #SS:   24
 ooCMF Iter:  355 Total= -5067.488179594996 G=    4.530e-03 #SS:   24
 ooCMF Iter:  356 Total= -5067.488179601604 G=    4.525e-03 #SS:   24
 ooCMF Iter:  357 Total= -5067.488179611640 G=    4.512e-03 #SS:   24
 ooCMF Iter:  358 Total= -5067.488179561811 G=    4.559e-03 #SS:   24
 ooCMF Iter:  359 Total= -5067.488179550097 G=    4.565e-03 #SS:   24
 ooCMF Iter:  360 Total= -5067.488179654382 G=    4.486e-03 #SS:   24
 ooCMF Iter:  361 Total= -5067.488179660794 G=    4.488e-03 #SS:   24
 ooCMF Iter:  362 Total= -5067.488179639970 G=    4.501e-03 #SS:   24
 ooCMF Iter:  363 Total= -5067.488179630088 G=    4.504e-03 #SS:   24
 ooCMF Iter:  364 Total= -5067.488179363221 G=    4.749e-03 #SS:   24
 ooCMF Iter:  365 Total= -5067.488179407900 G=    4.723e-03 #SS:   24
 ooCMF Iter:  366 Total= -5067.488179433185 G=    4.707e-03 #SS:   24
 ooCMF Iter:  367 Total= -5067.488179062860 G=    4.994e-03 #SS:   24
 ooCMF Iter:  368 Total= -5067.488178854929 G=    5.147e-03 #SS:   24
 ooCMF Iter:  369 Total= -5067.488178951960 G=    5.084e-03 #SS:   24
 ooCMF Iter:  370 Total= -5067.488178908826 G=    5.109e-03 #SS:   24
 ooCMF Iter:  371 Total= -5067.488178914439 G=    5.093e-03 #SS:   24
 ooCMF Iter:  372 Total= -5067.488178863397 G=    5.132e-03 #SS:   24
 ooCMF Iter:  373 Total= -5067.488178765247 G=    5.205e-03 #SS:   24
 ooCMF Iter:  374 Total= -5067.488178790201 G=    5.187e-03 #SS:   24
 ooCMF Iter:  375 Total= -5067.488178848386 G=    5.150e-03 #SS:   24
 ooCMF Iter:  376 Total= -5067.488178696079 G=    5.270e-03 #SS:   24
 ooCMF Iter:  377 Total= -5067.488178652841 G=    5.296e-03 #SS:   24
 ooCMF Iter:  378 Total= -5067.488178653834 G=    5.309e-03 #SS:   24
 ooCMF Iter:  379 Total= -5067.488178341386 G=    5.487e-03 #SS:   24
 ooCMF Iter:  380 Total= -5067.488178124534 G=    5.632e-03 #SS:   24
 ooCMF Iter:  381 Total= -5067.488178086437 G=    5.656e-03 #SS:   24
 ooCMF Iter:  382 Total= -5067.488178043798 G=    5.680e-03 #SS:   24
 ooCMF Iter:  383 Total= -5067.488177924193 G=    5.748e-03 #SS:   24
 ooCMF Iter:  384 Total= -5067.488177641554 G=    5.914e-03 #SS:   24
 ooCMF Iter:  385 Total= -5067.488177727557 G=    5.868e-03 #SS:   24
 ooCMF Iter:  386 Total= -5067.488177797287 G=    5.826e-03 #SS:   24
 ooCMF Iter:  387 Total= -5067.488177788429 G=    5.823e-03 #SS:   24
 ooCMF Iter:  388 Total= -5067.488177678306 G=    5.869e-03 #SS:   24
 ooCMF Iter:  389 Total= -5067.488177553063 G=    5.940e-03 #SS:   24
 ooCMF Iter:  390 Total= -5067.488177354023 G=    6.077e-03 #SS:   24
 ooCMF Iter:  391 Total= -5067.488177105824 G=    6.238e-03 #SS:   24
 ooCMF Iter:  392 Total= -5067.488177050867 G=    6.276e-03 #SS:   24
 ooCMF Iter:  393 Total= -5067.488176964336 G=    6.324e-03 #SS:   24
 ooCMF Iter:  394 Total= -5067.488176893914 G=    6.358e-03 #SS:   24
 ooCMF Iter:  395 Total= -5067.488176967932 G=    6.318e-03 #SS:   24
 ooCMF Iter:  396 Total= -5067.488176525962 G=    6.577e-03 #SS:   24
 ooCMF Iter:  397 Total= -5067.488176448356 G=    6.620e-03 #SS:   24
 ooCMF Iter:  398 Total= -5067.488176470261 G=    6.597e-03 #SS:   24
 ooCMF Iter:  399 Total= -5067.488176063333 G=    6.843e-03 #SS:   24
 ooCMF Iter:  400 Total= -5067.488175936259 G=    6.876e-03 #SS:   24
 ooCMF Iter:  401 Total= -5067.488175821618 G=    6.939e-03 #SS:   24
 ooCMF Iter:  402 Total= -5067.488175684681 G=    6.968e-03 #SS:   24
 ooCMF Iter:  403 Total= -5067.488175354174 G=    7.129e-03 #SS:   24
 ooCMF Iter:  404 Total= -5067.488174631444 G=    7.501e-03 #SS:   24
 ooCMF Iter:  405 Total= -5067.488174544445 G=    7.531e-03 #SS:   24
 ooCMF Iter:  406 Total= -5067.488174526580 G=    7.536e-03 #SS:   24
 ooCMF Iter:  407 Total= -5067.488174464079 G=    7.560e-03 #SS:   24
 ooCMF Iter:  408 Total= -5067.488174409198 G=    7.585e-03 #SS:   24
 ooCMF Iter:  409 Total= -5067.488174558358 G=    7.525e-03 #SS:   24
 ooCMF Iter:  410 Total= -5067.488174297092 G=    7.650e-03 #SS:   24
 ooCMF Iter:  411 Total= -5067.488173908840 G=    7.813e-03 #SS:   24
 ooCMF Iter:  412 Total= -5067.488173843285 G=    7.815e-03 #SS:   24
 ooCMF Iter:  413 Total= -5067.488173829312 G=    7.825e-03 #SS:   24
 ooCMF Iter:  414 Total= -5067.488173169745 G=    8.123e-03 #SS:   24
 ooCMF Iter:  415 Total= -5067.488173099020 G=    8.131e-03 #SS:   24
 ooCMF Iter:  416 Total= -5067.488173288440 G=    8.048e-03 #SS:   24
 ooCMF Iter:  417 Total= -5067.488172218113 G=    8.508e-03 #SS:   24
 ooCMF Iter:  418 Total= -5067.488171902663 G=    8.651e-03 #SS:   24
 ooCMF Iter:  419 Total= -5067.488171718920 G=    8.732e-03 #SS:   24
 ooCMF Iter:  420 Total= -5067.488171519070 G=    8.833e-03 #SS:   24
 ooCMF Iter:  421 Total= -5067.488171337342 G=    8.905e-03 #SS:   24
 ooCMF Iter:  422 Total= -5067.488171422223 G=    8.875e-03 #SS:   24
 ooCMF Iter:  423 Total= -5067.488171100935 G=    9.012e-03 #SS:   24
 ooCMF Iter:  424 Total= -5067.488170138265 G=    9.415e-03 #SS:   24
 ooCMF Iter:  425 Total= -5067.488169797359 G=    9.566e-03 #SS:   24
 ooCMF Iter:  426 Total= -5067.488169550862 G=    9.668e-03 #SS:   24
 ooCMF Iter:  427 Total= -5067.488169002077 G=    9.892e-03 #SS:   24
 ooCMF Iter:  428 Total= -5067.488168952109 G=    9.911e-03 #SS:   24
 ooCMF Iter:  429 Total= -5067.488168784904 G=    9.979e-03 #SS:   24
 ooCMF Iter:  430 Total= -5067.488168561888 G=    1.006e-02 #SS:   24
 ooCMF Iter:  431 Total= -5067.488168686163 G=    1.001e-02 #SS:   24
 ooCMF Iter:  432 Total= -5067.488168710018 G=    9.995e-03 #SS:   24
 ooCMF Iter:  433 Total= -5067.488168499282 G=    1.009e-02 #SS:   24
 ooCMF Iter:  434 Total= -5067.488167300178 G=    1.057e-02 #SS:   24
 ooCMF Iter:  435 Total= -5067.488167395438 G=    1.054e-02 #SS:   24
 ooCMF Iter:  436 Total= -5067.488167555132 G=    1.048e-02 #SS:   24
 ooCMF Iter:  437 Total= -5067.488167488054 G=    1.051e-02 #SS:   24
 ooCMF Iter:  438 Total= -5067.488167596079 G=    1.048e-02 #SS:   24
 ooCMF Iter:  439 Total= -5067.488167566236 G=    1.049e-02 #SS:   24
 ooCMF Iter:  440 Total= -5067.488167586394 G=    1.048e-02 #SS:   24
 ooCMF Iter:  441 Total= -5067.488165470625 G=    1.124e-02 #SS:   24
 ooCMF Iter:  442 Total= -5067.488164407839 G=    1.157e-02 #SS:   24
 ooCMF Iter:  443 Total= -5067.488164321554 G=    1.161e-02 #SS:   24
 ooCMF Iter:  444 Total= -5067.488164074660 G=    1.170e-02 #SS:   24
 ooCMF Iter:  445 Total= -5067.488162987593 G=    1.210e-02 #SS:   24
 ooCMF Iter:  446 Total= -5067.488161846131 G=    1.252e-02 #SS:   24
 ooCMF Iter:  447 Total= -5067.488161194360 G=    1.273e-02 #SS:   24
 ooCMF Iter:  448 Total= -5067.488160623529 G=    1.289e-02 #SS:   24
 ooCMF Iter:  449 Total= -5067.488160726301 G=    1.286e-02 #SS:   24
 ooCMF Iter:  450 Total= -5067.488160608198 G=    1.290e-02 #SS:   24
 ooCMF Iter:  451 Total= -5067.488159532754 G=    1.322e-02 #SS:   24
 ooCMF Iter:  452 Total= -5067.488159153095 G=    1.336e-02 #SS:   24
 ooCMF Iter:  453 Total= -5067.488158885903 G=    1.343e-02 #SS:   24
 ooCMF Iter:  454 Total= -5067.488158505368 G=    1.352e-02 #SS:   24
 ooCMF Iter:  455 Total= -5067.488158468307 G=    1.352e-02 #SS:   24
 ooCMF Iter:  456 Total= -5067.488158152826 G=    1.362e-02 #SS:   24
 ooCMF Iter:  457 Total= -5067.488158089648 G=    1.364e-02 #SS:   24
 ooCMF Iter:  458 Total= -5067.488155313396 G=    1.444e-02 #SS:   24
 ooCMF Iter:  459 Total= -5067.488155727789 G=    1.433e-02 #SS:   24
 ooCMF Iter:  460 Total= -5067.488155826593 G=    1.430e-02 #SS:   24
 ooCMF Iter:  461 Total= -5067.488155621816 G=    1.435e-02 #SS:   24
 ooCMF Iter:  462 Total= -5067.488155844177 G=    1.428e-02 #SS:   24
 ooCMF Iter:  463 Total= -5067.488155487094 G=    1.439e-02 #SS:   24
 ooCMF Iter:  464 Total= -5067.488155255939 G=    1.445e-02 #SS:   24
 ooCMF Iter:  465 Total= -5067.488153813614 G=    1.481e-02 #SS:   24
 ooCMF Iter:  466 Total= -5067.488153687054 G=    1.486e-02 #SS:   24
 ooCMF Iter:  467 Total= -5067.488153757365 G=    1.484e-02 #SS:   24
 ooCMF Iter:  468 Total= -5067.488153509815 G=    1.494e-02 #SS:   24
 ooCMF Iter:  469 Total= -5067.488152156420 G=    1.528e-02 #SS:   24
 ooCMF Iter:  470 Total= -5067.488151847920 G=    1.537e-02 #SS:   24
 ooCMF Iter:  471 Total= -5067.488151071462 G=    1.555e-02 #SS:   24
 ooCMF Iter:  472 Total= -5067.488150555413 G=    1.567e-02 #SS:   24
 ooCMF Iter:  473 Total= -5067.488149933201 G=    1.585e-02 #SS:   24
 ooCMF Iter:  474 Total= -5067.488149949848 G=    1.584e-02 #SS:   24
 ooCMF Iter:  475 Total= -5067.488149278232 G=    1.601e-02 #SS:   24
 ooCMF Iter:  476 Total= -5067.488145722994 G=    1.679e-02 #SS:   24
 ooCMF Iter:  477 Total= -5067.488143892489 G=    1.724e-02 #SS:   24
 ooCMF Iter:  478 Total= -5067.488143115275 G=    1.741e-02 #SS:   24
 ooCMF Iter:  479 Total= -5067.488142985141 G=    1.736e-02 #SS:   24
 ooCMF Iter:  480 Total= -5067.488143165359 G=    1.731e-02 #SS:   24
 ooCMF Iter:  481 Total= -5067.488142716787 G=    1.741e-02 #SS:   24
 ooCMF Iter:  482 Total= -5067.488138518872 G=    1.825e-02 #SS:   24
 ooCMF Iter:  483 Total= -5067.488137555968 G=    1.845e-02 #SS:   24
 ooCMF Iter:  484 Total= -5067.488136078599 G=    1.871e-02 #SS:   24
 ooCMF Iter:  485 Total= -5067.488136187833 G=    1.863e-02 #SS:   24
 ooCMF Iter:  486 Total= -5067.488136131408 G=    1.865e-02 #SS:   24
 ooCMF Iter:  487 Total= -5067.488135563522 G=    1.878e-02 #SS:   24
 ooCMF Iter:  488 Total= -5067.488135010111 G=    1.888e-02 #SS:   24
 ooCMF Iter:  489 Total= -5067.488134134899 G=    1.905e-02 #SS:   24
 ooCMF Iter:  490 Total= -5067.488134066571 G=    1.917e-02 #SS:   24
 ooCMF Iter:  491 Total= -5067.488133941807 G=    1.919e-02 #SS:   24
 ooCMF Iter:  492 Total= -5067.488132074308 G=    1.962e-02 #SS:   24
 ooCMF Iter:  493 Total= -5067.488127522635 G=    2.052e-02 #SS:   24
 ooCMF Iter:  494 Total= -5067.488124365499 G=    2.103e-02 #SS:   24
 ooCMF Iter:  495 Total= -5067.488121778912 G=    2.145e-02 #SS:   24
 ooCMF Iter:  496 Total= -5067.488119797705 G=    2.175e-02 #SS:   24
 ooCMF Iter:  497 Total= -5067.488117955382 G=    2.205e-02 #SS:   24
 ooCMF Iter:  498 Total= -5067.488115740076 G=    2.239e-02 #SS:   24
 ooCMF Iter:  499 Total= -5067.488109644742 G=    2.335e-02 #SS:   24
 ooCMF Iter:  500 Total= -5067.488102464913 G=    2.445e-02 #SS:   24
136.390651 seconds (260.24 M allocations: 80.056 GiB, 6.97% gc time)
 Solve OO-CMF with newton
 Step:    1 E: -5067.488165630843 G:     9.66e-03  
 Step:    2 E: -5067.488182334822 G:     2.72e-04  
 Step:    3 E: -5067.488182344450 G:     6.90e-06  
 Step:    4 E: -5067.488182344457 G:     2.95e-07  
 Step:    5 E: -5067.488182344456 G:     1.24e-13  
  1.294580 seconds (295.58 k allocations: 418.132 MiB, 20.37% gc time)
 Solve OO-CMF with newton
 Step:    1 E: -5067.488165630843 G:     9.66e-03  
 Step:    2 E: -5067.488182336006 G:     2.53e-04  
 Step:    3 E: -5067.488182344449 G:     7.25e-06  
 Step:    4 E: -5067.488182344457 G:     3.44e-07  
 Step:    5 E: -5067.488182344457 G:     1.25e-13  
  0.594464 seconds (166.62 k allocations: 408.027 MiB)