IDX001:DIM4096:001|002|003|004|005|006|
IDX002:DIM4096:007|008|009|010|011|012|
IDX003:DIM4096:013|014|015|016|017|018|
IDX004:DIM4096:019|020|021|022|023|024|
IDX005:DIM4096:025|026|027|028|029|030|
IDX006:DIM4096:031|032|033|034|035|036|
 ooCMF Iter:    1 Total= -1377.539365866743 Active= -87.577980581061 G=     6.53e-01
 ooCMF Iter:    2 Total= -1377.672583208410 Active= -87.711197922728 G=     1.60e-01
 ooCMF Iter:    3 Total= -1377.678727766287 Active= -87.717342480605 G=     3.56e-02
 ooCMF Iter:    4 Total= -1377.679045649028 Active= -87.717660363346 G=     1.81e-02
 ooCMF Iter:    5 Total= -1377.679376508050 Active= -87.717991222368 G=     2.78e-02
 ooCMF Iter:    6 Total= -1377.679698468661 Active= -87.718313182980 G=     1.33e-02
 ooCMF Iter:    7 Total= -1377.679745444152 Active= -87.718360158470 G=     4.76e-03
 ooCMF Iter:    8 Total= -1377.679750814660 Active= -87.718365528978 G=     1.44e-03
 ooCMF Iter:    9 Total= -1377.679751361380 Active= -87.718366075698 G=     8.25e-04
 ooCMF Iter:   10 Total= -1377.679751771545 Active= -87.718366485863 G=     8.77e-04
 ooCMF Iter:   11 Total= -1377.679752161419 Active= -87.718366875737 G=     7.61e-04
 ooCMF Iter:   12 Total= -1377.679752339752 Active= -87.718367054070 G=     3.67e-04
 ooCMF Iter:   13 Total= -1377.679752372837 Active= -87.718367087155 G=     9.90e-05
 ooCMF Iter:   14 Total= -1377.679752375893 Active= -87.718367090211 G=     3.70e-05
 ooCMF Iter:   15 Total= -1377.679752376765 Active= -87.718367091083 G=     3.88e-05
 ooCMF Iter:   16 Total= -1377.679752377897 Active= -87.718367092215 G=     2.99e-05
 ooCMF Iter:   17 Total= -1377.679752378148 Active= -87.718367092466 G=     1.26e-05
 ooCMF Iter:   18 Total= -1377.679752378183 Active= -87.718367092501 G=     5.86e-06
 ooCMF Iter:   19 Total= -1377.679752378192 Active= -87.718367092510 G=     2.71e-06
 ooCMF Iter:   20 Total= -1377.679752378195 Active= -87.718367092513 G=     2.53e-06
 ooCMF Iter:   21 Total= -1377.679752378201 Active= -87.718367092519 G=     1.91e-06
 ooCMF Iter:   22 Total= -1377.679752378201 Active= -87.718367092519 G=     5.73e-07
 ooCMF Iter:   23 Total= -1377.679752378201 Active= -87.718367092519 G=     2.91e-07
 ooCMF Iter:   24 Total= -1377.679752378202 Active= -87.718367092520 G=     2.21e-07
 ooCMF Iter:   25 Total= -1377.679752378201 Active= -87.718367092519 G=     2.39e-07
 ooCMF Iter:   26 Total= -1377.679752378202 Active= -87.718367092520 G=     1.36e-07
 ooCMF Iter:   27 Total= -1377.679752378202 Active= -87.718367092520 G=     4.78e-08
 * Status: success (objective increased between iterations)

 * Candidate solution
    Final objective value:     -1.377680e+03

 * Found with
    Algorithm:     BFGS

 * Convergence measures
    |x - x'|               = 1.22e-08 ≰ 0.0e+00
    |x - x'|/|x'|          = 1.51e-07 ≰ 0.0e+00
    |f(x) - f(x')|         = 2.27e-13 ≰ 0.0e+00
    |f(x) - f(x')|/|f(x')| = 1.65e-16 ≰ 0.0e+00
    |g(x)|                 = 6.05e-09 ≤ 1.0e-08

 * Work counters
    Seconds run:   107  (vs limit Inf)
    Iterations:    26
    f(x) calls:    61
    ∇f(x) calls:   61

*ooCMF -1377.67975238 
111.332681 seconds (7.84 M allocations: 14.692 GiB, 1.08% gc time)
 ooCMF Iter:    1 Total= -1377.539365866743 Active= -87.577980581061 G=     6.53e-01
 ooCMF Iter:    2 Total= -1377.672576196844 Active= -87.711190911162 G=     1.61e-01
 ooCMF Iter:    3 Total= -1377.678728019675 Active= -87.717342733993 G=     3.52e-02
 ooCMF Iter:    4 Total= -1377.679045763168 Active= -87.717660477486 G=     1.77e-02
 ooCMF Iter:    5 Total= -1377.679371135227 Active= -87.717985849545 G=     2.44e-02
 ooCMF Iter:    6 Total= -1377.679697219990 Active= -87.718311934308 G=     1.30e-02
 ooCMF Iter:    7 Total= -1377.679745521577 Active= -87.718360235895 G=     4.45e-03
 ooCMF Iter:    8 Total= -1377.679750493789 Active= -87.718365208107 G=     1.32e-03
 ooCMF Iter:    9 Total= -1377.679751042882 Active= -87.718365757200 G=     8.03e-04
 ooCMF Iter:   10 Total= -1377.679751532192 Active= -87.718366246510 G=     8.54e-04
 ooCMF Iter:   11 Total= -1377.679752126085 Active= -87.718366840403 G=     7.78e-04
 ooCMF Iter:   12 Total= -1377.679752334288 Active= -87.718367048606 G=     3.85e-04
 ooCMF Iter:   13 Total= -1377.679752365693 Active= -87.718367080011 G=     1.40e-04
 ooCMF Iter:   14 Total= -1377.679752371375 Active= -87.718367085693 G=     7.09e-05
 ooCMF Iter:   15 Total= -1377.679752373632 Active= -87.718367087950 G=     6.13e-05
 ooCMF Iter:   16 Total= -1377.679752375823 Active= -87.718367090141 G=     7.18e-05
 ooCMF Iter:   17 Total= -1377.679752377757 Active= -87.718367092076 G=     3.84e-05
 ooCMF Iter:   18 Total= -1377.679752378133 Active= -87.718367092451 G=     1.24e-05
 ooCMF Iter:   19 Total= -1377.679752378173 Active= -87.718367092491 G=     5.07e-06
 ooCMF Iter:   20 Total= -1377.679752378179 Active= -87.718367092497 G=     3.50e-06
 ooCMF Iter:   21 Total= -1377.679752378183 Active= -87.718367092501 G=     3.70e-06
 ooCMF Iter:   22 Total= -1377.679752378186 Active= -87.718367092504 G=     3.11e-06
 ooCMF Iter:   23 Total= -1377.679752378193 Active= -87.718367092511 G=     3.83e-06
 ooCMF Iter:   24 Total= -1377.679752378196 Active= -87.718367092514 G=     3.12e-06
 ooCMF Iter:   25 Total= -1377.679752378198 Active= -87.718367092516 G=     1.56e-06
 ooCMF Iter:   26 Total= -1377.679752378200 Active= -87.718367092519 G=     1.53e-06
 ooCMF Iter:   27 Total= -1377.679752378202 Active= -87.718367092520 G=     1.06e-06
 ooCMF Iter:   28 Total= -1377.679752378201 Active= -87.718367092519 G=     4.47e-07
 ooCMF Iter:   29 Total= -1377.679752378202 Active= -87.718367092520 G=     2.08e-07
 ooCMF Iter:   30 Total= -1377.679752378203 Active= -87.718367092521 G=     1.49e-07
 ooCMF Iter:   31 Total= -1377.679752378201 Active= -87.718367092519 G=     1.57e-07
 ooCMF Iter:   32 Total= -1377.679752378202 Active= -87.718367092520 G=     1.11e-07
 ooCMF Iter:   33 Total= -1377.679752378202 Active= -87.718367092520 G=     4.70e-08
 * Status: success (objective increased between iterations)

 * Candidate solution
    Final objective value:     -1.377680e+03

 * Found with
    Algorithm:     Conjugate Gradient

 * Convergence measures
    |x - x'|               = 1.41e-08 ≰ 0.0e+00
    |x - x'|/|x'|          = 1.74e-07 ≰ 0.0e+00
    |f(x) - f(x')|         = 4.55e-13 ≰ 0.0e+00
    |f(x) - f(x')|/|f(x')| = 3.30e-16 ≰ 0.0e+00
    |g(x)|                 = 4.87e-09 ≤ 1.0e-08

 * Work counters
    Seconds run:   98  (vs limit Inf)
    Iterations:    32
    f(x) calls:    82
    ∇f(x) calls:   56

*ooCMF -1377.67975238 
102.292149 seconds (7.02 M allocations: 14.693 GiB, 1.23% gc time)
 Step:    1 E: -1377.539365866743 G: 6.5e-01
 Step:    2 E: -1377.578672765744 G: 5.5e-01
 Step:    3 E: -1377.606570522315 G: 4.6e-01
 Step:    4 E: -1377.626480488144 G: 3.9e-01
 Step:    5 E: -1377.640765626350 G: 3.3e-01
 Step:    6 E: -1377.651066150381 G: 2.8e-01
 Step:    7 E: -1377.658527578156 G: 2.4e-01
 Step:    8 E: -1377.663955115295 G: 2.1e-01
 Step:    9 E: -1377.667918362722 G: 1.8e-01
 Step:   10 E: -1377.670822683345 G: 1.5e-01
 Step:   11 E: -1377.672958161246 G: 1.3e-01
 Step:   12 E: -1377.674533430829 G: 1.1e-01
 Step:   13 E: -1377.675699223297 G: 9.6e-02
 Step:   14 E: -1377.676564873236 G: 8.3e-02
 Step:   15 E: -1377.677209968398 G: 7.2e-02
 Step:   16 E: -1377.677692623298 G: 6.2e-02
 Step:   17 E: -1377.678055388733 G: 5.4e-02
 Step:   18 E: -1377.678329494564 G: 4.7e-02
 Step:   19 E: -1377.678537909954 G: 4.1e-02
 Step:   20 E: -1377.678697559767 G: 3.6e-02
 Step:   21 E: -1377.678820935606 G: 3.2e-02
 Step:   22 E: -1377.678917270624 G: 2.8e-02
 Step:   23 E: -1377.678993398601 G: 2.5e-02
 Step:   24 E: -1377.679054383703 G: 2.3e-02
 Step:   25 E: -1377.679103983097 G: 2.1e-02
 Step:   26 E: -1377.679144987466 G: 1.9e-02
 Step:   27 E: -1377.679179472005 G: 1.7e-02
 Step:   28 E: -1377.679208981731 G: 1.6e-02
 Step:   29 E: -1377.679234668458 G: 1.5e-02
 Step:   30 E: -1377.679257392141 G: 1.4e-02
 Step:   31 E: -1377.679277795952 G: 1.4e-02
 Step:   32 E: -1377.679296361915 G: 1.3e-02
 Step:   33 E: -1377.679313452197 G: 1.3e-02
 Step:   34 E: -1377.679329339740 G: 1.2e-02
 Step:   35 E: -1377.679344231025 G: 1.2e-02
 Step:   36 E: -1377.679358282988 G: 1.2e-02
 Step:   37 E: -1377.679371615584 G: 1.1e-02
 Step:   38 E: -1377.679384321155 G: 1.1e-02
 Step:   39 E: -1377.679396471383 G: 1.1e-02
 Step:   40 E: -1377.679408122473 G: 1.1e-02
 Step:   41 E: -1377.679419319016 G: 1.0e-02
 Step:   42 E: -1377.679430096865 G: 1.0e-02
 Step:   43 E: -1377.679440485277 G: 1.0e-02
 Step:   44 E: -1377.679450508516 G: 9.9e-03
 Step:   45 E: -1377.679460187047 G: 9.7e-03
 Step:   46 E: -1377.679469538426 G: 9.5e-03
 Step:   47 E: -1377.679478577970 G: 9.4e-03
 Step:   48 E: -1377.679487319256 G: 9.2e-03
 Step:   49 E: -1377.679495774497 G: 9.1e-03
 Step:   50 E: -1377.679503954817 G: 8.9e-03
 Step:   51 E: -1377.679511870472 G: 8.8e-03
 Step:   52 E: -1377.679519531001 G: 8.6e-03
 Step:   53 E: -1377.679526945356 G: 8.5e-03
 Step:   54 E: -1377.679534121987 G: 8.4e-03
 Step:   55 E: -1377.679541068919 G: 8.2e-03
 Step:   56 E: -1377.679547793799 G: 8.1e-03
 Step:   57 E: -1377.679554303942 G: 8.0e-03
 Step:   58 E: -1377.679560606370 G: 7.8e-03
 Step:   59 E: -1377.679566707830 G: 7.7e-03
 Step:   60 E: -1377.679572614816 G: 7.6e-03
 Step:   61 E: -1377.679578333589 G: 7.5e-03
 Step:   62 E: -1377.679583870196 G: 7.4e-03
 Step:   63 E: -1377.679589230473 G: 7.2e-03
 Step:   64 E: -1377.679594420060 G: 7.1e-03
 Step:   65 E: -1377.679599444408 G: 7.0e-03
 Step:   66 E: -1377.679604308793 G: 6.9e-03
 Step:   67 E: -1377.679609018317 G: 6.8e-03
 Step:   68 E: -1377.679613577913 G: 6.7e-03
 Step:   69 E: -1377.679617992362 G: 6.6e-03
 Step:   70 E: -1377.679622266284 G: 6.5e-03
 Step:   71 E: -1377.679626404158 G: 6.4e-03
 Step:   72 E: -1377.679630410316 G: 6.3e-03
 Step:   73 E: -1377.679634288949 G: 6.2e-03
 Step:   74 E: -1377.679638044120 G: 6.1e-03
 Step:   75 E: -1377.679641679759 G: 6.0e-03
 Step:   76 E: -1377.679645199669 G: 5.9e-03
 Step:   77 E: -1377.679648607541 G: 5.8e-03
 Step:   78 E: -1377.679651906934 G: 5.7e-03
 Step:   79 E: -1377.679655101308 G: 5.6e-03
 Step:   80 E: -1377.679658194003 G: 5.5e-03
 Step:   81 E: -1377.679661188259 G: 5.4e-03
 Step:   82 E: -1377.679664087210 G: 5.3e-03
 Step:   83 E: -1377.679666893887 G: 5.2e-03
 Step:   84 E: -1377.679669611236 G: 5.1e-03
 Step:   85 E: -1377.679672242095 G: 5.1e-03
 Step:   86 E: -1377.679674789219 G: 5.0e-03
 Step:   87 E: -1377.679677255278 G: 4.9e-03
 Step:   88 E: -1377.679679642851 G: 4.8e-03
 Step:   89 E: -1377.679681954436 G: 4.7e-03
 Step:   90 E: -1377.679684192458 G: 4.7e-03
 Step:   91 E: -1377.679686359256 G: 4.6e-03
 Step:   92 E: -1377.679688457099 G: 4.5e-03
 Step:   93 E: -1377.679690488185 G: 4.5e-03
 Step:   94 E: -1377.679692454637 G: 4.4e-03
 Step:   95 E: -1377.679694358517 G: 4.3e-03
 Step:   96 E: -1377.679696201815 G: 4.2e-03
 Step:   97 E: -1377.679697986463 G: 4.2e-03
 Step:   98 E: -1377.679699714328 G: 4.1e-03
 Step:   99 E: -1377.679701387218 G: 4.0e-03
 Step:  100 E: -1377.679703006883 G: 4.0e-03
 Step:  101 E: -1377.679704575021 G: 3.9e-03
 Step:  102 E: -1377.679706093272 G: 3.8e-03
 Step:  103 E: -1377.679707563222 G: 3.8e-03
 Step:  104 E: -1377.679708986415 G: 3.7e-03
 Step:  105 E: -1377.679710364338 G: 3.7e-03
 Step:  106 E: -1377.679711698430 G: 3.6e-03
 Step:  107 E: -1377.679712990090 G: 3.6e-03
 Step:  108 E: -1377.679714240667 G: 3.5e-03
 Step:  109 E: -1377.679715451470 G: 3.4e-03
 Step:  110 E: -1377.679716623768 G: 3.4e-03
 Step:  111 E: -1377.679717758784 G: 3.3e-03
 Step:  112 E: -1377.679718857709 G: 3.3e-03
 Step:  113 E: -1377.679719921689 G: 3.2e-03
 Step:  114 E: -1377.679720951838 G: 3.2e-03
 Step:  115 E: -1377.679721949234 G: 3.1e-03
 Step:  116 E: -1377.679722914916 G: 3.1e-03
 Step:  117 E: -1377.679723849899 G: 3.0e-03
 Step:  118 E: -1377.679724755158 G: 3.0e-03
 Step:  119 E: -1377.679725631641 G: 2.9e-03
 Step:  120 E: -1377.679726480259 G: 2.9e-03
 Step:  121 E: -1377.679727301907 G: 2.8e-03
 Step:  122 E: -1377.679728097438 G: 2.8e-03
 Step:  123 E: -1377.679728867685 G: 2.7e-03
 Step:  124 E: -1377.679729613454 G: 2.7e-03
 Step:  125 E: -1377.679730335521 G: 2.7e-03
 Step:  126 E: -1377.679731034644 G: 2.6e-03
 Step:  127 E: -1377.679731711551 G: 2.6e-03
 Step:  128 E: -1377.679732366951 G: 2.5e-03
 Step:  129 E: -1377.679733001527 G: 2.5e-03
 Step:  130 E: -1377.679733615942 G: 2.4e-03
 Step:  131 E: -1377.679734210836 G: 2.4e-03
 Step:  132 E: -1377.679734786834 G: 2.4e-03
 Step:  133 E: -1377.679735344536 G: 2.3e-03
 Step:  134 E: -1377.679735884524 G: 2.3e-03
 Step:  135 E: -1377.679736407358 G: 2.3e-03
 Step:  136 E: -1377.679736913589 G: 2.2e-03
 Step:  137 E: -1377.679737403742 G: 2.2e-03
 Step:  138 E: -1377.679737878332 G: 2.2e-03
 Step:  139 E: -1377.679738337851 G: 2.1e-03
 Step:  140 E: -1377.679738782778 G: 2.1e-03
 Step:  141 E: -1377.679739213581 G: 2.1e-03
 Step:  142 E: -1377.679739630703 G: 2.0e-03
 Step:  143 E: -1377.679740034585 G: 2.0e-03
 Step:  144 E: -1377.679740425645 G: 2.0e-03
 Step:  145 E: -1377.679740804292 G: 1.9e-03
 Step:  146 E: -1377.679741170920 G: 1.9e-03
 Step:  147 E: -1377.679741525915 G: 1.9e-03
 Step:  148 E: -1377.679741869640 G: 1.8e-03
 Step:  149 E: -1377.679742202457 G: 1.8e-03
 Step:  150 E: -1377.679742524714 G: 1.8e-03
 Step:  151 E: -1377.679742836744 G: 1.7e-03
 Step:  152 E: -1377.679743138875 G: 1.7e-03
 Step:  153 E: -1377.679743431419 G: 1.7e-03
 Step:  154 E: -1377.679743714682 G: 1.7e-03
 Step:  155 E: -1377.679743988959 G: 1.6e-03
 Step:  156 E: -1377.679744254536 G: 1.6e-03
 Step:  157 E: -1377.679744511689 G: 1.6e-03
 Step:  158 E: -1377.679744760687 G: 1.6e-03
 Step:  159 E: -1377.679745001787 G: 1.5e-03
 Step:  160 E: -1377.679745235241 G: 1.5e-03
 Step:  161 E: -1377.679745461291 G: 1.5e-03
 Step:  162 E: -1377.679745680174 G: 1.5e-03
 Step:  163 E: -1377.679745892117 G: 1.4e-03
 Step:  164 E: -1377.679746097340 G: 1.4e-03
 Step:  165 E: -1377.679746296057 G: 1.4e-03
 Step:  166 E: -1377.679746488475 G: 1.4e-03
 Step:  167 E: -1377.679746674792 G: 1.3e-03
 Step:  168 E: -1377.679746855204 G: 1.3e-03
 Step:  169 E: -1377.679747029898 G: 1.3e-03
 Step:  170 E: -1377.679747199056 G: 1.3e-03
 Step:  171 E: -1377.679747362851 G: 1.3e-03
 Step:  172 E: -1377.679747521458 G: 1.2e-03
 Step:  173 E: -1377.679747675038 G: 1.2e-03
 Step:  174 E: -1377.679747823753 G: 1.2e-03
 Step:  175 E: -1377.679747967755 G: 1.2e-03
 Step:  176 E: -1377.679748107195 G: 1.2e-03
 Step:  177 E: -1377.679748242219 G: 1.1e-03
 Step:  178 E: -1377.679748372964 G: 1.1e-03
 Step:  179 E: -1377.679748499569 G: 1.1e-03
 Step:  180 E: -1377.679748622166 G: 1.1e-03
 Step:  181 E: -1377.679748740876 G: 1.1e-03
 Step:  182 E: -1377.679748855830 G: 1.1e-03
 Step:  183 E: -1377.679748967142 G: 1.0e-03
 Step:  184 E: -1377.679749074929 G: 1.0e-03
 Step:  185 E: -1377.679749179305 G: 1.0e-03
 Step:  186 E: -1377.679749280375 G: 9.9e-04
 Step:  187 E: -1377.679749378247 G: 9.8e-04
 Step:  188 E: -1377.679749473019 G: 9.6e-04
 Step:  189 E: -1377.679749564793 G: 9.5e-04
 Step:  190 E: -1377.679749653660 G: 9.3e-04
 Step:  191 E: -1377.679749739716 G: 9.2e-04
 Step:  192 E: -1377.679749823046 G: 9.0e-04
 Step:  193 E: -1377.679749903744 G: 8.9e-04
 Step:  194 E: -1377.679749981886 G: 8.7e-04
 Step:  195 E: -1377.679750057552 G: 8.6e-04
 Step:  196 E: -1377.679750130828 G: 8.5e-04
 Step:  197 E: -1377.679750201784 G: 8.3e-04
 Step:  198 E: -1377.679750270497 G: 8.2e-04
 Step:  199 E: -1377.679750337036 G: 8.1e-04
 Step:  200 E: -1377.679750401468 G: 7.9e-04
 Step:  201 E: -1377.679750463865 G: 7.8e-04
 Step:  202 E: -1377.679750524287 G: 7.7e-04
 Step:  203 E: -1377.679750582798 G: 7.6e-04
 Step:  204 E: -1377.679750639459 G: 7.4e-04
 Step:  205 E: -1377.679750694327 G: 7.3e-04
 Step:  206 E: -1377.679750747463 G: 7.2e-04
 Step:  207 E: -1377.679750798918 G: 7.1e-04
 Step:  208 E: -1377.679750848745 G: 7.0e-04
 Step:  209 E: -1377.679750896998 G: 6.9e-04
 Step:  210 E: -1377.679750943726 G: 6.8e-04
 Step:  211 E: -1377.679750988977 G: 6.6e-04
 Step:  212 E: -1377.679751032798 G: 6.5e-04
 Step:  213 E: -1377.679751075231 G: 6.4e-04
 Step:  214 E: -1377.679751116325 G: 6.3e-04
 Step:  215 E: -1377.679751156120 G: 6.2e-04
 Step:  216 E: -1377.679751194660 G: 6.1e-04
 Step:  217 E: -1377.679751231980 G: 6.0e-04
 Step:  218 E: -1377.679751268121 G: 5.9e-04
 Step:  219 E: -1377.679751303121 G: 5.8e-04
 Step:  220 E: -1377.679751337016 G: 5.8e-04
 Step:  221 E: -1377.679751369838 G: 5.7e-04
 Step:  222 E: -1377.679751401625 G: 5.6e-04
 Step:  223 E: -1377.679751432407 G: 5.5e-04
 Step:  224 E: -1377.679751462217 G: 5.4e-04
 Step:  225 E: -1377.679751491087 G: 5.3e-04
 Step:  226 E: -1377.679751519046 G: 5.2e-04
 Step:  227 E: -1377.679751546120 G: 5.1e-04
 Step:  228 E: -1377.679751572340 G: 5.1e-04
 Step:  229 E: -1377.679751597731 G: 5.0e-04
 Step:  230 E: -1377.679751622322 G: 4.9e-04
 Step:  231 E: -1377.679751646136 G: 4.8e-04
 Step:  232 E: -1377.679751669199 G: 4.7e-04
 Step:  233 E: -1377.679751691533 G: 4.7e-04
 Step:  234 E: -1377.679751713163 G: 4.6e-04
 Step:  235 E: -1377.679751734110 G: 4.5e-04
 Step:  236 E: -1377.679751754396 G: 4.5e-04
 Step:  237 E: -1377.679751774043 G: 4.4e-04
 Step:  238 E: -1377.679751793069 G: 4.3e-04
 Step:  239 E: -1377.679751811494 G: 4.2e-04
 Step:  240 E: -1377.679751829337 G: 4.2e-04
 Step:  241 E: -1377.679751846620 G: 4.1e-04
 Step:  242 E: -1377.679751863356 G: 4.0e-04
 Step:  243 E: -1377.679751879564 G: 4.0e-04
 Step:  244 E: -1377.679751895261 G: 3.9e-04
 Step:  245 E: -1377.679751910463 G: 3.9e-04
 Step:  246 E: -1377.679751925187 G: 3.8e-04
 Step:  247 E: -1377.679751939446 G: 3.7e-04
 Step:  248 E: -1377.679751953253 G: 3.7e-04
 Step:  249 E: -1377.679751966627 G: 3.6e-04
 Step:  250 E: -1377.679751979577 G: 3.6e-04
 Step:  251 E: -1377.679751992121 G: 3.5e-04
 Step:  252 E: -1377.679752004270 G: 3.4e-04
 Step:  253 E: -1377.679752016035 G: 3.4e-04
 Step:  254 E: -1377.679752027429 G: 3.3e-04
 Step:  255 E: -1377.679752038463 G: 3.3e-04
 Step:  256 E: -1377.679752049151 G: 3.2e-04
 Step:  257 E: -1377.679752059500 G: 3.2e-04
 Step:  258 E: -1377.679752069524 G: 3.1e-04
 Step:  259 E: -1377.679752079234 G: 3.1e-04
 Step:  260 E: -1377.679752088635 G: 3.0e-04
 Step:  261 E: -1377.679752097742 G: 3.0e-04
 Step:  262 E: -1377.679752106563 G: 2.9e-04
 Step:  263 E: -1377.679752115103 G: 2.9e-04
 Step:  264 E: -1377.679752123375 G: 2.8e-04
 Step:  265 E: -1377.679752131387 G: 2.8e-04
 Step:  266 E: -1377.679752139146 G: 2.8e-04
 Step:  267 E: -1377.679752146660 G: 2.7e-04
 Step:  268 E: -1377.679752153939 G: 2.7e-04
 Step:  269 E: -1377.679752160990 G: 2.6e-04
 Step:  270 E: -1377.679752167817 G: 2.6e-04
 Step:  271 E: -1377.679752174428 G: 2.5e-04
 Step:  272 E: -1377.679752180832 G: 2.5e-04
 Step:  273 E: -1377.679752187035 G: 2.5e-04
 Step:  274 E: -1377.679752193042 G: 2.4e-04
 Step:  275 E: -1377.679752198859 G: 2.4e-04
 Step:  276 E: -1377.679752204494 G: 2.3e-04
 Step:  277 E: -1377.679752209952 G: 2.3e-04
 Step:  278 E: -1377.679752215238 G: 2.3e-04
 Step:  279 E: -1377.679752220358 G: 2.2e-04
 Step:  280 E: -1377.679752225316 G: 2.2e-04
 Step:  281 E: -1377.679752230118 G: 2.2e-04
 Step:  282 E: -1377.679752234769 G: 2.1e-04
 Step:  283 E: -1377.679752239274 G: 2.1e-04
 Step:  284 E: -1377.679752243638 G: 2.1e-04
 Step:  285 E: -1377.679752247862 G: 2.0e-04
 Step:  286 E: -1377.679752251956 G: 2.0e-04
 Step:  287 E: -1377.679752255920 G: 2.0e-04
 Step:  288 E: -1377.679752259759 G: 1.9e-04
 Step:  289 E: -1377.679752263478 G: 1.9e-04
 Step:  290 E: -1377.679752267079 G: 1.9e-04
 Step:  291 E: -1377.679752270567 G: 1.8e-04
 Step:  292 E: -1377.679752273947 G: 1.8e-04
 Step:  293 E: -1377.679752277218 G: 1.8e-04
 Step:  294 E: -1377.679752280388 G: 1.8e-04
 Step:  295 E: -1377.679752283459 G: 1.7e-04
 Step:  296 E: -1377.679752286432 G: 1.7e-04
 Step:  297 E: -1377.679752289312 G: 1.7e-04
 Step:  298 E: -1377.679752292101 G: 1.7e-04
 Step:  299 E: -1377.679752294803 G: 1.6e-04
 Step:  300 E: -1377.679752297419 G: 1.6e-04
 Step:  301 E: -1377.679752299954 G: 1.6e-04
 Step:  302 E: -1377.679752302410 G: 1.5e-04
 Step:  303 E: -1377.679752304787 G: 1.5e-04
 Step:  304 E: -1377.679752307090 G: 1.5e-04
 Step:  305 E: -1377.679752309321 G: 1.5e-04
 Step:  306 E: -1377.679752311480 G: 1.5e-04
 Step:  307 E: -1377.679752313574 G: 1.4e-04
 Step:  308 E: -1377.679752315601 G: 1.4e-04
 Step:  309 E: -1377.679752317563 G: 1.4e-04
 Step:  310 E: -1377.679752319465 G: 1.4e-04
 Step:  311 E: -1377.679752321307 G: 1.3e-04
 Step:  312 E: -1377.679752323091 G: 1.3e-04
 Step:  313 E: -1377.679752324818 G: 1.3e-04
 Step:  314 E: -1377.679752326492 G: 1.3e-04
 Step:  315 E: -1377.679752328112 G: 1.3e-04
 Step:  316 E: -1377.679752329684 G: 1.2e-04
 Step:  317 E: -1377.679752331204 G: 1.2e-04
 Step:  318 E: -1377.679752332678 G: 1.2e-04
 Step:  319 E: -1377.679752334105 G: 1.2e-04
 Step:  320 E: -1377.679752335486 G: 1.2e-04
 Step:  321 E: -1377.679752336826 G: 1.1e-04
 Step:  322 E: -1377.679752338121 G: 1.1e-04
 Step:  323 E: -1377.679752339378 G: 1.1e-04
 Step:  324 E: -1377.679752340595 G: 1.1e-04
 Step:  325 E: -1377.679752341774 G: 1.1e-04
 Step:  326 E: -1377.679752342914 G: 1.1e-04
 Step:  327 E: -1377.679752344020 G: 1.0e-04
 Step:  328 E: -1377.679752345091 G: 1.0e-04
 Step:  329 E: -1377.679752346127 G: 1.0e-04
 Step:  330 E: -1377.679752347132 G: 9.9e-05
 Step:  331 E: -1377.679752348105 G: 9.7e-05
 Step:  332 E: -1377.679752349047 G: 9.6e-05
 Step:  333 E: -1377.679752349962 G: 9.4e-05
 Step:  334 E: -1377.679752350846 G: 9.3e-05
 Step:  335 E: -1377.679752351703 G: 9.1e-05
 Step:  336 E: -1377.679752352532 G: 9.0e-05
 Step:  337 E: -1377.679752353336 G: 8.9e-05
 Step:  338 E: -1377.679752354114 G: 8.7e-05
 Step:  339 E: -1377.679752354868 G: 8.6e-05
 Step:  340 E: -1377.679752355599 G: 8.4e-05
 Step:  341 E: -1377.679752356307 G: 8.3e-05
 Step:  342 E: -1377.679752356993 G: 8.2e-05
 Step:  343 E: -1377.679752357657 G: 8.1e-05
 Step:  344 E: -1377.679752358300 G: 7.9e-05
 Step:  345 E: -1377.679752358923 G: 7.8e-05
 Step:  346 E: -1377.679752359526 G: 7.7e-05
 Step:  347 E: -1377.679752360110 G: 7.6e-05
 Step:  348 E: -1377.679752360677 G: 7.4e-05
 Step:  349 E: -1377.679752361225 G: 7.3e-05
 Step:  350 E: -1377.679752361755 G: 7.2e-05
 Step:  351 E: -1377.679752362270 G: 7.1e-05
 Step:  352 E: -1377.679752362770 G: 7.0e-05
 Step:  353 E: -1377.679752363252 G: 6.9e-05
 Step:  354 E: -1377.679752363720 G: 6.8e-05
 Step:  355 E: -1377.679752364172 G: 6.7e-05
 Step:  356 E: -1377.679752364612 G: 6.5e-05
 Step:  357 E: -1377.679752365037 G: 6.4e-05
 Step:  358 E: -1377.679752365448 G: 6.3e-05
 Step:  359 E: -1377.679752365847 G: 6.2e-05
 Step:  360 E: -1377.679752366233 G: 6.1e-05
 Step:  361 E: -1377.679752366610 G: 6.0e-05
 Step:  362 E: -1377.679752366969 G: 5.9e-05
 Step:  363 E: -1377.679752367322 G: 5.9e-05
 Step:  364 E: -1377.679752367662 G: 5.8e-05
 Step:  365 E: -1377.679752367992 G: 5.7e-05
 Step:  366 E: -1377.679752368312 G: 5.6e-05
 Step:  367 E: -1377.679752368620 G: 5.5e-05
 Step:  368 E: -1377.679752368920 G: 5.4e-05
 Step:  369 E: -1377.679752369209 G: 5.3e-05
 Step:  370 E: -1377.679752369491 G: 5.2e-05
 Step:  371 E: -1377.679752369763 G: 5.2e-05
 Step:  372 E: -1377.679752370027 G: 5.1e-05
 Step:  373 E: -1377.679752370282 G: 5.0e-05
 Step:  374 E: -1377.679752370530 G: 4.9e-05
 Step:  375 E: -1377.679752370769 G: 4.8e-05
 Step:  376 E: -1377.679752371003 G: 4.8e-05
 Step:  377 E: -1377.679752371226 G: 4.7e-05
 Step:  378 E: -1377.679752371445 G: 4.6e-05
 Step:  379 E: -1377.679752371656 G: 4.5e-05
 Step:  380 E: -1377.679752371860 G: 4.5e-05
 Step:  381 E: -1377.679752372058 G: 4.4e-05
 Step:  382 E: -1377.679752372251 G: 4.3e-05
 Step:  383 E: -1377.679752372436 G: 4.3e-05
 Step:  384 E: -1377.679752372617 G: 4.2e-05
 Step:  385 E: -1377.679752372791 G: 4.1e-05
 Step:  386 E: -1377.679752372959 G: 4.1e-05
 Step:  387 E: -1377.679752373123 G: 4.0e-05
 Step:  388 E: -1377.679752373282 G: 3.9e-05
 Step:  389 E: -1377.679752373435 G: 3.9e-05
 Step:  390 E: -1377.679752373584 G: 3.8e-05
 Step:  391 E: -1377.679752373729 G: 3.8e-05
 Step:  392 E: -1377.679752373869 G: 3.7e-05
 Step:  393 E: -1377.679752374003 G: 3.6e-05
 Step:  394 E: -1377.679752374135 G: 3.6e-05
 Step:  395 E: -1377.679752374262 G: 3.5e-05
 Step:  396 E: -1377.679752374385 G: 3.5e-05
 Step:  397 E: -1377.679752374503 G: 3.4e-05
 Step:  398 E: -1377.679752374619 G: 3.4e-05
 Step:  399 E: -1377.679752374731 G: 3.3e-05
 Step:  400 E: -1377.679752374840 G: 3.3e-05
 Step:  401 E: -1377.679752374944 G: 3.2e-05
 Step:  402 E: -1377.679752375047 G: 3.2e-05
 Step:  403 E: -1377.679752375145 G: 3.1e-05
 Step:  404 E: -1377.679752375241 G: 3.1e-05
 Step:  405 E: -1377.679752375332 G: 3.0e-05
 Step:  406 E: -1377.679752375422 G: 3.0e-05
 Step:  407 E: -1377.679752375508 G: 2.9e-05
 Step:  408 E: -1377.679752375592 G: 2.9e-05
 Step:  409 E: -1377.679752375673 G: 2.8e-05
 Step:  410 E: -1377.679752375753 G: 2.8e-05
 Step:  411 E: -1377.679752375830 G: 2.7e-05
 Step:  412 E: -1377.679752375903 G: 2.7e-05
 Step:  413 E: -1377.679752375974 G: 2.6e-05
 Step:  414 E: -1377.679752376044 G: 2.6e-05
 Step:  415 E: -1377.679752376113 G: 2.6e-05
 Step:  416 E: -1377.679752376177 G: 2.5e-05
 Step:  417 E: -1377.679752376240 G: 2.5e-05
 Step:  418 E: -1377.679752376301 G: 2.4e-05
 Step:  419 E: -1377.679752376361 G: 2.4e-05
 Step:  420 E: -1377.679752376419 G: 2.4e-05
 Step:  421 E: -1377.679752376474 G: 2.3e-05
 Step:  422 E: -1377.679752376528 G: 2.3e-05
 Step:  423 E: -1377.679752376579 G: 2.3e-05
 Step:  424 E: -1377.679752376630 G: 2.2e-05
 Step:  425 E: -1377.679752376680 G: 2.2e-05
 Step:  426 E: -1377.679752376726 G: 2.2e-05
 Step:  427 E: -1377.679752376772 G: 2.1e-05
 Step:  428 E: -1377.679752376817 G: 2.1e-05
 Step:  429 E: -1377.679752376860 G: 2.1e-05
 Step:  430 E: -1377.679752376902 G: 2.0e-05
 Step:  431 E: -1377.679752376942 G: 2.0e-05
 Step:  432 E: -1377.679752376982 G: 2.0e-05
 Step:  433 E: -1377.679752377020 G: 1.9e-05
 Step:  434 E: -1377.679752377056 G: 1.9e-05
 Step:  435 E: -1377.679752377093 G: 1.9e-05
 Step:  436 E: -1377.679752377127 G: 1.8e-05
 Step:  437 E: -1377.679752377161 G: 1.8e-05
 Step:  438 E: -1377.679752377194 G: 1.8e-05
 Step:  439 E: -1377.679752377224 G: 1.8e-05
 Step:  440 E: -1377.679752377255 G: 1.7e-05
 Step:  441 E: -1377.679752377285 G: 1.7e-05
 Step:  442 E: -1377.679752377314 G: 1.7e-05
 Step:  443 E: -1377.679752377340 G: 1.6e-05
 Step:  444 E: -1377.679752377368 G: 1.6e-05
 Step:  445 E: -1377.679752377394 G: 1.6e-05
 Step:  446 E: -1377.679752377418 G: 1.6e-05
 Step:  447 E: -1377.679752377443 G: 1.5e-05
 Step:  448 E: -1377.679752377467 G: 1.5e-05
 Step:  449 E: -1377.679752377489 G: 1.5e-05
 Step:  450 E: -1377.679752377511 G: 1.5e-05
 Step:  451 E: -1377.679752377534 G: 1.4e-05
 Step:  452 E: -1377.679752377553 G: 1.4e-05
 Step:  453 E: -1377.679752377574 G: 1.4e-05
 Step:  454 E: -1377.679752377593 G: 1.4e-05
 Step:  455 E: -1377.679752377612 G: 1.4e-05
 Step:  456 E: -1377.679752377631 G: 1.3e-05
 Step:  457 E: -1377.679752377649 G: 1.3e-05
 Step:  458 E: -1377.679752377667 G: 1.3e-05
 Step:  459 E: -1377.679752377682 G: 1.3e-05
 Step:  460 E: -1377.679752377699 G: 1.3e-05
 Step:  461 E: -1377.679752377714 G: 1.2e-05
 Step:  462 E: -1377.679752377730 G: 1.2e-05
 Step:  463 E: -1377.679752377744 G: 1.2e-05
 Step:  464 E: -1377.679752377759 G: 1.2e-05
 Step:  465 E: -1377.679752377772 G: 1.2e-05
 Step:  466 E: -1377.679752377787 G: 1.1e-05
 Step:  467 E: -1377.679752377799 G: 1.1e-05
 Step:  468 E: -1377.679752377811 G: 1.1e-05
 Step:  469 E: -1377.679752377823 G: 1.1e-05
 Step:  470 E: -1377.679752377836 G: 1.1e-05
 Step:  471 E: -1377.679752377847 G: 1.1e-05
 Step:  472 E: -1377.679752377857 G: 1.0e-05
 Step:  473 E: -1377.679752377868 G: 1.0e-05
 Step:  474 E: -1377.679752377880 G: 1.0e-05
 Step:  475 E: -1377.679752377889 G: 9.9e-06
 Step:  476 E: -1377.679752377899 G: 9.8e-06
 Step:  477 E: -1377.679752377908 G: 9.6e-06
 Step:  478 E: -1377.679752377917 G: 9.4e-06
 Step:  479 E: -1377.679752377926 G: 9.3e-06
 Step:  480 E: -1377.679752377934 G: 9.2e-06
 Step:  481 E: -1377.679752377942 G: 9.0e-06
 Step:  482 E: -1377.679752377951 G: 8.9e-06
 Step:  483 E: -1377.679752377960 G: 8.7e-06
 Step:  484 E: -1377.679752377967 G: 8.6e-06
 Step:  485 E: -1377.679752377973 G: 8.5e-06
 Step:  486 E: -1377.679752377980 G: 8.3e-06
 Step:  487 E: -1377.679752377988 G: 8.2e-06
 Step:  488 E: -1377.679752377994 G: 8.1e-06
 Step:  489 E: -1377.679752378001 G: 7.9e-06
 Step:  490 E: -1377.679752378007 G: 7.8e-06
 Step:  491 E: -1377.679752378012 G: 7.7e-06
 Step:  492 E: -1377.679752378018 G: 7.6e-06
 Step:  493 E: -1377.679752378022 G: 7.5e-06
 Step:  494 E: -1377.679752378030 G: 7.3e-06
 Step:  495 E: -1377.679752378034 G: 7.2e-06
 Step:  496 E: -1377.679752378041 G: 7.1e-06
 Step:  497 E: -1377.679752378046 G: 7.0e-06
 Step:  498 E: -1377.679752378049 G: 6.9e-06
 Step:  499 E: -1377.679752378055 G: 6.8e-06
 Step:  500 E: -1377.679752378058 G: 6.7e-06
 Step:  501 E: -1377.679752378064 G: 6.6e-06
 Step:  502 E: -1377.679752378069 G: 6.5e-06
 Step:  503 E: -1377.679752378072 G: 6.4e-06
 Step:  504 E: -1377.679752378077 G: 6.3e-06
 Step:  505 E: -1377.679752378080 G: 6.2e-06
 Step:  506 E: -1377.679752378084 G: 6.1e-06
 Step:  507 E: -1377.679752378087 G: 6.0e-06
 Step:  508 E: -1377.679752378091 G: 5.9e-06
 Step:  509 E: -1377.679752378095 G: 5.8e-06
 Step:  510 E: -1377.679752378098 G: 5.7e-06
 Step:  511 E: -1377.679752378101 G: 5.6e-06
 Step:  512 E: -1377.679752378104 G: 5.5e-06
 Step:  513 E: -1377.679752378107 G: 5.4e-06
 Step:  514 E: -1377.679752378111 G: 5.3e-06
 Step:  515 E: -1377.679752378113 G: 5.3e-06
 Step:  516 E: -1377.679752378116 G: 5.2e-06
 Step:  517 E: -1377.679752378118 G: 5.1e-06
 Step:  518 E: -1377.679752378121 G: 5.0e-06
 Step:  519 E: -1377.679752378124 G: 4.9e-06
 Step:  520 E: -1377.679752378126 G: 4.9e-06
 Step:  521 E: -1377.679752378129 G: 4.8e-06
 Step:  522 E: -1377.679752378132 G: 4.7e-06
 Step:  523 E: -1377.679752378133 G: 4.6e-06
 Step:  524 E: -1377.679752378134 G: 4.6e-06
 Step:  525 E: -1377.679752378138 G: 4.5e-06
 Step:  526 E: -1377.679752378139 G: 4.4e-06
 Step:  527 E: -1377.679752378142 G: 4.4e-06
 Step:  528 E: -1377.679752378143 G: 4.3e-06
 Step:  529 E: -1377.679752378145 G: 4.2e-06
 Step:  530 E: -1377.679752378146 G: 4.2e-06
 Step:  531 E: -1377.679752378148 G: 4.1e-06
 Step:  532 E: -1377.679752378150 G: 4.0e-06
 Step:  533 E: -1377.679752378152 G: 4.0e-06
 Step:  534 E: -1377.679752378154 G: 3.9e-06
 Step:  535 E: -1377.679752378155 G: 3.8e-06
 Step:  536 E: -1377.679752378156 G: 3.8e-06
 Step:  537 E: -1377.679752378157 G: 3.7e-06
 Step:  538 E: -1377.679752378159 G: 3.7e-06
 Step:  539 E: -1377.679752378160 G: 3.6e-06
 Step:  540 E: -1377.679752378161 G: 3.5e-06
 Step:  541 E: -1377.679752378162 G: 3.5e-06
 Step:  542 E: -1377.679752378163 G: 3.4e-06
 Step:  543 E: -1377.679752378165 G: 3.4e-06
 Step:  544 E: -1377.679752378167 G: 3.3e-06
 Step:  545 E: -1377.679752378168 G: 3.3e-06
 Step:  546 E: -1377.679752378169 G: 3.2e-06
 Step:  547 E: -1377.679752378169 G: 3.2e-06
 Step:  548 E: -1377.679752378170 G: 3.1e-06
 Step:  549 E: -1377.679752378173 G: 3.1e-06
 Step:  550 E: -1377.679752378172 G: 3.0e-06
 Step:  551 E: -1377.679752378173 G: 3.0e-06
 Step:  552 E: -1377.679752378174 G: 2.9e-06
 Step:  553 E: -1377.679752378174 G: 2.9e-06
 Step:  554 E: -1377.679752378176 G: 2.8e-06
 Step:  555 E: -1377.679752378176 G: 2.8e-06
 Step:  556 E: -1377.679752378178 G: 2.8e-06
 Step:  557 E: -1377.679752378177 G: 2.7e-06
 Step:  558 E: -1377.679752378179 G: 2.7e-06
 Step:  559 E: -1377.679752378179 G: 2.6e-06
 Step:  560 E: -1377.679752378180 G: 2.6e-06
 Step:  561 E: -1377.679752378181 G: 2.5e-06
 Step:  562 E: -1377.679752378182 G: 2.5e-06
 Step:  563 E: -1377.679752378182 G: 2.5e-06
 Step:  564 E: -1377.679752378182 G: 2.4e-06
 Step:  565 E: -1377.679752378183 G: 2.4e-06
 Step:  566 E: -1377.679752378184 G: 2.4e-06
 Step:  567 E: -1377.679752378184 G: 2.3e-06
 Step:  568 E: -1377.679752378184 G: 2.3e-06
 Step:  569 E: -1377.679752378186 G: 2.2e-06
 Step:  570 E: -1377.679752378186 G: 2.2e-06
 Step:  571 E: -1377.679752378187 G: 2.2e-06
 Step:  572 E: -1377.679752378188 G: 2.1e-06
 Step:  573 E: -1377.679752378188 G: 2.1e-06
 Step:  574 E: -1377.679752378189 G: 2.1e-06
 Step:  575 E: -1377.679752378189 G: 2.0e-06
 Step:  576 E: -1377.679752378188 G: 2.0e-06
 Step:  577 E: -1377.679752378189 G: 2.0e-06
 Step:  578 E: -1377.679752378191 G: 1.9e-06
 Step:  579 E: -1377.679752378190 G: 1.9e-06
 Step:  580 E: -1377.679752378192 G: 1.9e-06
 Step:  581 E: -1377.679752378191 G: 1.9e-06
 Step:  582 E: -1377.679752378191 G: 1.8e-06
 Step:  583 E: -1377.679752378191 G: 1.8e-06
 Step:  584 E: -1377.679752378191 G: 1.8e-06
 Step:  585 E: -1377.679752378192 G: 1.7e-06
 Step:  586 E: -1377.679752378193 G: 1.7e-06
 Step:  587 E: -1377.679752378192 G: 1.7e-06
 Step:  588 E: -1377.679752378193 G: 1.7e-06
 Step:  589 E: -1377.679752378192 G: 1.6e-06
 Step:  590 E: -1377.679752378193 G: 1.6e-06
 Step:  591 E: -1377.679752378194 G: 1.6e-06
 Step:  592 E: -1377.679752378194 G: 1.6e-06
 Step:  593 E: -1377.679752378195 G: 1.5e-06
 Step:  594 E: -1377.679752378195 G: 1.5e-06
 Step:  595 E: -1377.679752378195 G: 1.5e-06
 Step:  596 E: -1377.679752378195 G: 1.5e-06
 Step:  597 E: -1377.679752378195 G: 1.4e-06
 Step:  598 E: -1377.679752378196 G: 1.4e-06
 Step:  599 E: -1377.679752378196 G: 1.4e-06
 Step:  600 E: -1377.679752378197 G: 1.4e-06
 Step:  601 E: -1377.679752378196 G: 1.4e-06
 Step:  602 E: -1377.679752378197 G: 1.3e-06
 Step:  603 E: -1377.679752378197 G: 1.3e-06
 Step:  604 E: -1377.679752378197 G: 1.3e-06
 Step:  605 E: -1377.679752378195 G: 1.3e-06
 Step:  606 E: -1377.679752378197 G: 1.3e-06
 Step:  607 E: -1377.679752378196 G: 1.2e-06
 Step:  608 E: -1377.679752378197 G: 1.2e-06
 Step:  609 E: -1377.679752378197 G: 1.2e-06
 Step:  610 E: -1377.679752378198 G: 1.2e-06
 Step:  611 E: -1377.679752378197 G: 1.2e-06
 Step:  612 E: -1377.679752378199 G: 1.1e-06
 Step:  613 E: -1377.679752378198 G: 1.1e-06
 Step:  614 E: -1377.679752378198 G: 1.1e-06
 Step:  615 E: -1377.679752378197 G: 1.1e-06
 Step:  616 E: -1377.679752378198 G: 1.1e-06
 Step:  617 E: -1377.679752378199 G: 1.1e-06
 Step:  618 E: -1377.679752378197 G: 1.0e-06
 Step:  619 E: -1377.679752378199 G: 1.0e-06
 Step:  620 E: -1377.679752378197 G: 1.0e-06
 Step:  621 E: -1377.679752378198 G: 9.9e-07
 Step:  622 E: -1377.679752378199 G: 9.8e-07
 Step:  623 E: -1377.679752378199 G: 9.6e-07
 Step:  624 E: -1377.679752378199 G: 9.5e-07
 Step:  625 E: -1377.679752378199 G: 9.3e-07
 Step:  626 E: -1377.679752378200 G: 9.2e-07
 Step:  627 E: -1377.679752378200 G: 9.0e-07
 Step:  628 E: -1377.679752378200 G: 8.9e-07
 Step:  629 E: -1377.679752378200 G: 8.7e-07
 Step:  630 E: -1377.679752378198 G: 8.6e-07
 Step:  631 E: -1377.679752378199 G: 8.5e-07
 Step:  632 E: -1377.679752378201 G: 8.3e-07
 Step:  633 E: -1377.679752378200 G: 8.2e-07
 Step:  634 E: -1377.679752378200 G: 8.1e-07
 Step:  635 E: -1377.679752378201 G: 8.0e-07
 Step:  636 E: -1377.679752378202 G: 7.8e-07
 Step:  637 E: -1377.679752378199 G: 7.7e-07
 Step:  638 E: -1377.679752378200 G: 7.6e-07
 Step:  639 E: -1377.679752378200 G: 7.5e-07
 Step:  640 E: -1377.679752378201 G: 7.3e-07
 Step:  641 E: -1377.679752378200 G: 7.2e-07
 Step:  642 E: -1377.679752378200 G: 7.1e-07
 Step:  643 E: -1377.679752378200 G: 7.0e-07
 Step:  644 E: -1377.679752378201 G: 6.9e-07
 Step:  645 E: -1377.679752378199 G: 6.8e-07
 Step:  646 E: -1377.679752378200 G: 6.7e-07
 Step:  647 E: -1377.679752378200 G: 6.6e-07
 Step:  648 E: -1377.679752378201 G: 6.5e-07
 Step:  649 E: -1377.679752378201 G: 6.4e-07
 Step:  650 E: -1377.679752378201 G: 6.3e-07
 Step:  651 E: -1377.679752378200 G: 6.2e-07
 Step:  652 E: -1377.679752378200 G: 6.1e-07
 Step:  653 E: -1377.679752378200 G: 6.0e-07
 Step:  654 E: -1377.679752378201 G: 5.9e-07
 Step:  655 E: -1377.679752378201 G: 5.8e-07
 Step:  656 E: -1377.679752378199 G: 5.7e-07
 Step:  657 E: -1377.679752378201 G: 5.6e-07
 Step:  658 E: -1377.679752378202 G: 5.5e-07
 Step:  659 E: -1377.679752378201 G: 5.5e-07
 Step:  660 E: -1377.679752378200 G: 5.4e-07
 Step:  661 E: -1377.679752378201 G: 5.3e-07
 Step:  662 E: -1377.679752378203 G: 5.2e-07
 Step:  663 E: -1377.679752378201 G: 5.1e-07
 Step:  664 E: -1377.679752378202 G: 5.0e-07
 Step:  665 E: -1377.679752378201 G: 5.0e-07
 Step:  666 E: -1377.679752378202 G: 4.9e-07
 Step:  667 E: -1377.679752378201 G: 4.8e-07
 Step:  668 E: -1377.679752378203 G: 4.7e-07
 Step:  669 E: -1377.679752378200 G: 4.7e-07
 Step:  670 E: -1377.679752378201 G: 4.6e-07
 Step:  671 E: -1377.679752378202 G: 4.5e-07
 Step:  672 E: -1377.679752378201 G: 4.4e-07
 Step:  673 E: -1377.679752378201 G: 4.4e-07
 Step:  674 E: -1377.679752378202 G: 4.3e-07
 Step:  675 E: -1377.679752378201 G: 4.2e-07
 Step:  676 E: -1377.679752378202 G: 4.2e-07
 Step:  677 E: -1377.679752378202 G: 4.1e-07
 Step:  678 E: -1377.679752378202 G: 4.0e-07
 Step:  679 E: -1377.679752378202 G: 4.0e-07
 Step:  680 E: -1377.679752378202 G: 3.9e-07
 Step:  681 E: -1377.679752378201 G: 3.9e-07
 Step:  682 E: -1377.679752378201 G: 3.8e-07
 Step:  683 E: -1377.679752378202 G: 3.7e-07
 Step:  684 E: -1377.679752378202 G: 3.7e-07
 Step:  685 E: -1377.679752378203 G: 3.6e-07
 Step:  686 E: -1377.679752378202 G: 3.6e-07
 Step:  687 E: -1377.679752378202 G: 3.5e-07
 Step:  688 E: -1377.679752378204 G: 3.5e-07
 Step:  689 E: -1377.679752378202 G: 3.4e-07
 Step:  690 E: -1377.679752378202 G: 3.4e-07
 Step:  691 E: -1377.679752378202 G: 3.3e-07
 Step:  692 E: -1377.679752378201 G: 3.2e-07
 Step:  693 E: -1377.679752378201 G: 3.2e-07
 Step:  694 E: -1377.679752378201 G: 3.1e-07
 Step:  695 E: -1377.679752378201 G: 3.1e-07
 Step:  696 E: -1377.679752378202 G: 3.1e-07
 Step:  697 E: -1377.679752378202 G: 3.0e-07
 Step:  698 E: -1377.679752378202 G: 3.0e-07
 Step:  699 E: -1377.679752378202 G: 2.9e-07
 Step:  700 E: -1377.679752378202 G: 2.9e-07
 Step:  701 E: -1377.679752378202 G: 2.8e-07
 Step:  702 E: -1377.679752378202 G: 2.8e-07
 Step:  703 E: -1377.679752378202 G: 2.7e-07
 Step:  704 E: -1377.679752378201 G: 2.7e-07
 Step:  705 E: -1377.679752378201 G: 2.7e-07
 Step:  706 E: -1377.679752378201 G: 2.6e-07
 Step:  707 E: -1377.679752378202 G: 2.6e-07
 Step:  708 E: -1377.679752378201 G: 2.5e-07
 Step:  709 E: -1377.679752378202 G: 2.5e-07
 Step:  710 E: -1377.679752378201 G: 2.5e-07
 Step:  711 E: -1377.679752378202 G: 2.4e-07
 Step:  712 E: -1377.679752378202 G: 2.4e-07
 Step:  713 E: -1377.679752378202 G: 2.3e-07
 Step:  714 E: -1377.679752378202 G: 2.3e-07
 Step:  715 E: -1377.679752378202 G: 2.3e-07
 Step:  716 E: -1377.679752378201 G: 2.2e-07
 Step:  717 E: -1377.679752378202 G: 2.2e-07
 Step:  718 E: -1377.679752378203 G: 2.2e-07
 Step:  719 E: -1377.679752378201 G: 2.1e-07
 Step:  720 E: -1377.679752378201 G: 2.1e-07
 Step:  721 E: -1377.679752378201 G: 2.1e-07
 Step:  722 E: -1377.679752378201 G: 2.0e-07
 Step:  723 E: -1377.679752378202 G: 2.0e-07
 Step:  724 E: -1377.679752378202 G: 2.0e-07
 Step:  725 E: -1377.679752378202 G: 1.9e-07
 Step:  726 E: -1377.679752378202 G: 1.9e-07
 Step:  727 E: -1377.679752378203 G: 1.9e-07
 Step:  728 E: -1377.679752378201 G: 1.8e-07
 Step:  729 E: -1377.679752378202 G: 1.8e-07
 Step:  730 E: -1377.679752378202 G: 1.8e-07
 Step:  731 E: -1377.679752378202 G: 1.8e-07
 Step:  732 E: -1377.679752378201 G: 1.7e-07
 Step:  733 E: -1377.679752378201 G: 1.7e-07
 Step:  734 E: -1377.679752378202 G: 1.7e-07
 Step:  735 E: -1377.679752378203 G: 1.7e-07
 Step:  736 E: -1377.679752378202 G: 1.6e-07
 Step:  737 E: -1377.679752378202 G: 1.6e-07
 Step:  738 E: -1377.679752378203 G: 1.6e-07
 Step:  739 E: -1377.679752378202 G: 1.6e-07
 Step:  740 E: -1377.679752378201 G: 1.5e-07
 Step:  741 E: -1377.679752378202 G: 1.5e-07
 Step:  742 E: -1377.679752378202 G: 1.5e-07
 Step:  743 E: -1377.679752378202 G: 1.5e-07
 Step:  744 E: -1377.679752378203 G: 1.4e-07
 Step:  745 E: -1377.679752378203 G: 1.4e-07
 Step:  746 E: -1377.679752378202 G: 1.4e-07
 Step:  747 E: -1377.679752378202 G: 1.4e-07
 Step:  748 E: -1377.679752378202 G: 1.4e-07
 Step:  749 E: -1377.679752378203 G: 1.3e-07
 Step:  750 E: -1377.679752378202 G: 1.3e-07
 Step:  751 E: -1377.679752378203 G: 1.3e-07
 Step:  752 E: -1377.679752378202 G: 1.3e-07
 Step:  753 E: -1377.679752378203 G: 1.2e-07
 Step:  754 E: -1377.679752378201 G: 1.2e-07
 Step:  755 E: -1377.679752378202 G: 1.2e-07
 Step:  756 E: -1377.679752378201 G: 1.2e-07
 Step:  757 E: -1377.679752378202 G: 1.2e-07
 Step:  758 E: -1377.679752378202 G: 1.2e-07
 Step:  759 E: -1377.679752378203 G: 1.1e-07
 Step:  760 E: -1377.679752378202 G: 1.1e-07
 Step:  761 E: -1377.679752378202 G: 1.1e-07
 Step:  762 E: -1377.679752378202 G: 1.1e-07
 Step:  763 E: -1377.679752378200 G: 1.1e-07
 Step:  764 E: -1377.679752378201 G: 1.1e-07
 Step:  765 E: -1377.679752378202 G: 1.0e-07
 Step:  766 E: -1377.679752378203 G: 1.0e-07
 Step:  767 E: -1377.679752378203 G: 1.0e-07
 Step:  768 E: -1377.679752378203 G: 9.9e-08
 Step:  769 E: -1377.679752378201 G: 9.7e-08
 Step:  770 E: -1377.679752378203 G: 9.6e-08
 Step:  771 E: -1377.679752378202 G: 9.4e-08
 Step:  772 E: -1377.679752378202 G: 9.3e-08
 Step:  773 E: -1377.679752378202 G: 9.1e-08
 Step:  774 E: -1377.679752378202 G: 9.0e-08
 Step:  775 E: -1377.679752378202 G: 8.9e-08
 Step:  776 E: -1377.679752378204 G: 8.7e-08
 Step:  777 E: -1377.679752378202 G: 8.6e-08
 Step:  778 E: -1377.679752378202 G: 8.5e-08
 Step:  779 E: -1377.679752378202 G: 8.3e-08
 Step:  780 E: -1377.679752378201 G: 8.2e-08
 Step:  781 E: -1377.679752378202 G: 8.1e-08
 Step:  782 E: -1377.679752378202 G: 7.9e-08
 Step:  783 E: -1377.679752378202 G: 7.8e-08
 Step:  784 E: -1377.679752378202 G: 7.7e-08
 Step:  785 E: -1377.679752378202 G: 7.6e-08
 Step:  786 E: -1377.679752378202 G: 7.5e-08
 Step:  787 E: -1377.679752378202 G: 7.3e-08
 Step:  788 E: -1377.679752378202 G: 7.2e-08
 Step:  789 E: -1377.679752378203 G: 7.1e-08
 Step:  790 E: -1377.679752378202 G: 7.0e-08
 Step:  791 E: -1377.679752378201 G: 6.9e-08
 Step:  792 E: -1377.679752378203 G: 6.8e-08
 Step:  793 E: -1377.679752378203 G: 6.7e-08
 Step:  794 E: -1377.679752378202 G: 6.6e-08
 Step:  795 E: -1377.679752378202 G: 6.5e-08
 Step:  796 E: -1377.679752378202 G: 6.4e-08
 Step:  797 E: -1377.679752378200 G: 6.3e-08
 Step:  798 E: -1377.679752378202 G: 6.2e-08
 Step:  799 E: -1377.679752378202 G: 6.1e-08
 Step:  800 E: -1377.679752378202 G: 6.0e-08
446.867382 seconds (27.52 M allocations: 114.083 GiB, 1.87% gc time)
Solve OO-CMF with DIIS
 ooCMF Iter:    1 Total= -1377.578672765744 G=    5.501e-01 #SS:    1
 ooCMF Iter:    2 Total= -1377.674463960222 G=    1.244e-01 #SS:    2
 ooCMF Iter:    3 Total= -1377.678497587877 G=    3.900e-02 #SS:    3
 ooCMF Iter:    4 Total= -1377.678914610902 G=    2.337e-02 #SS:    4
 ooCMF Iter:    5 Total= -1377.679082346469 G=    1.505e-02 #SS:    5
 ooCMF Iter:    6 Total= -1377.679246737349 G=    1.415e-02 #SS:    6
 ooCMF Iter:    7 Total= -1377.679271379159 G=    1.342e-02 #SS:    7
 ooCMF Iter:    8 Total= -1377.679678225659 G=    7.087e-03 #SS:    8
 ooCMF Iter:    9 Total= -1377.679745032810 G=    2.445e-03 #SS:    9
 ooCMF Iter:   10 Total= -1377.679750055807 G=    1.817e-03 #SS:   10
 ooCMF Iter:   11 Total= -1377.679751208774 G=    7.564e-04 #SS:   11
 ooCMF Iter:   12 Total= -1377.679751453640 G=    5.751e-04 #SS:   12
 ooCMF Iter:   13 Total= -1377.679751546923 G=    5.361e-04 #SS:   13
 ooCMF Iter:   14 Total= -1377.679751957411 G=    4.225e-04 #SS:   14
 ooCMF Iter:   15 Total= -1377.679752330623 G=    2.696e-04 #SS:   15
 ooCMF Iter:   16 Total= -1377.679752364778 G=    1.298e-04 #SS:   16
 ooCMF Iter:   17 Total= -1377.679752373913 G=    5.942e-05 #SS:   17
 ooCMF Iter:   18 Total= -1377.679752375078 G=    3.485e-05 #SS:   18
 ooCMF Iter:   19 Total= -1377.679752375007 G=    4.837e-05 #SS:   19
 ooCMF Iter:   20 Total= -1377.679752376341 G=    3.954e-05 #SS:   20
 ooCMF Iter:   21 Total= -1377.679752378037 G=    1.156e-05 #SS:   21
 ooCMF Iter:   22 Total= -1377.679752378142 G=    7.052e-06 #SS:   22
 ooCMF Iter:   23 Total= -1377.679752378157 G=    7.699e-06 #SS:   23
 ooCMF Iter:   24 Total= -1377.679752378159 G=    7.418e-06 #SS:   24
 ooCMF Iter:   25 Total= -1377.679752378187 G=    2.527e-06 #SS:   24
 ooCMF Iter:   26 Total= -1377.679752378188 G=    2.392e-06 #SS:   24
 ooCMF Iter:   27 Total= -1377.679752378196 G=    2.868e-06 #SS:   24
 ooCMF Iter:   28 Total= -1377.679752378200 G=    1.065e-06 #SS:   24
 ooCMF Iter:   29 Total= -1377.679752378201 G=    8.841e-07 #SS:   24
 ooCMF Iter:   30 Total= -1377.679752378202 G=    3.308e-07 #SS:   24
 ooCMF Iter:   31 Total= -1377.679752378202 G=    2.717e-07 #SS:   24
 ooCMF Iter:   32 Total= -1377.679752378202 G=    2.559e-07 #SS:   24
 ooCMF Iter:   33 Total= -1377.679752378202 G=    8.181e-08 #SS:   24
 ooCMF Iter:   34 Total= -1377.679752378202 G=    5.924e-08 #SS:   24
 ooCMF Iter:   35 Total= -1377.679752378202 G=    1.948e-08 #SS:   24
 ooCMF Iter:   36 Total= -1377.679752378202 G=    1.872e-08 #SS:   24
 ooCMF Iter:   37 Total= -1377.679752378202 G=    1.571e-08 #SS:   24
 ooCMF Iter:   38 Total= -1377.679752378201 G=    1.517e-08 #SS:   24
*ooCMF Iter:   39 Total= -1377.679752378203 G=    7.909e-09 #SS:   24
 75.136838 seconds (15.84 M allocations: 15.417 GiB, 1.50% gc time)
 Solve OO-CMF with DIIS
 ooCMF Iter:    1 Total= -1377.679716508442 G=    8.483e-03 #SS:    1
 ooCMF Iter:    2 Total= -1377.679750388218 G=    2.946e-03 #SS:    2
 ooCMF Iter:    3 Total= -1377.679752372376 G=    1.145e-04 #SS:    3
 ooCMF Iter:    4 Total= -1377.679752378120 G=    1.814e-05 #SS:    4
 ooCMF Iter:    5 Total= -1377.679752378202 G=    9.727e-07 #SS:    5
 ooCMF Iter:    6 Total= -1377.679752378202 G=    3.682e-08 #SS:    6
*ooCMF Iter:    7 Total= -1377.679752378201 G=    2.408e-09 #SS:    7
 17.564877 seconds (1.06 M allocations: 3.633 GiB, 1.57% gc time)
 Solve OO-CMF with DIIS
 ooCMF Iter:    1 Total= -1377.679718890435 G=    8.192e-03 #SS:    1
 ooCMF Iter:    2 Total= -1377.679750501587 G=    2.805e-03 #SS:    2
 ooCMF Iter:    3 Total= -1377.679752363654 G=    1.624e-04 #SS:    3
 ooCMF Iter:    4 Total= -1377.679752377255 G=    4.294e-05 #SS:    4
 ooCMF Iter:    5 Total= -1377.679752378183 G=    6.391e-06 #SS:    5
 ooCMF Iter:    6 Total= -1377.679752378201 G=    5.664e-07 #SS:    6
 ooCMF Iter:    7 Total= -1377.679752378202 G=    7.812e-08 #SS:    7
*ooCMF Iter:    8 Total= -1377.679752378202 G=    3.763e-09 #SS:    8
 22.257472 seconds (1.60 M allocations: 4.088 GiB, 1.05% gc time)
 Solve OO-CMF with newton
 Step:    1 E: -1377.539365866743 G:     6.53e-01  
 Step:    2 E: -1377.679718890435 G:     8.19e-03  
 Step:    3 E: -1377.679752374106 G:     8.58e-05  
 Step:    4 E: -1377.679752378193 G:     2.42e-06  
 Step:    5 E: -1377.679752378202 G:     1.12e-07  
 Step:    6 E: -1377.679752378201 G:     5.93e-09  
  9.810368 seconds (836.43 k allocations: 1.458 GiB, 1.16% gc time)
 Solve OO-CMF with newton
 Step:    1 E: -1377.539365866743 G:     6.53e-01  
 Step:    2 E: -1377.679716508442 G:     8.48e-03  
 Step:    3 E: -1377.679752375596 G:     5.60e-05  
 Step:    4 E: -1377.679752378198 G:     1.39e-06  
 Step:    5 E: -1377.679752378202 G:     6.45e-08  
 Step:    6 E: -1377.679752378202 G:     3.26e-09  
  7.910289 seconds (430.80 k allocations: 1.440 GiB, 1.44% gc time)