Input energy:    -3343.93008932
IDX001:DIM1024:001|002|003|004|005|
IDX002:DIM1024:006|007|008|009|010|
IDX003:DIM0064:011|012|013|
IDX004:DIM0064:014|015|016|
IDX005:DIM0064:017|018|019|
 ooCMF Iter:    1 Total= -3343.929808864630 Active= -108.129446361414 G=     3.56e-03
 ooCMF Iter:    2 Total= -3343.929813505991 Active= -108.129451002775 G=     5.11e-04
 ooCMF Iter:    3 Total= -3343.929813584252 Active= -108.129451081036 G=     2.59e-04
 ooCMF Iter:    4 Total= -3343.929813601426 Active= -108.129451098210 G=     5.49e-05
 ooCMF Iter:    5 Total= -3343.929813602055 Active= -108.129451098839 G=     1.14e-05
 ooCMF Iter:    6 Total= -3343.929813602088 Active= -108.129451098872 G=     4.57e-06
 ooCMF Iter:    7 Total= -3343.929813602094 Active= -108.129451098878 G=     8.19e-07
 ooCMF Iter:    8 Total= -3343.929813602095 Active= -108.129451098879 G=     5.08e-07
 ooCMF Iter:    9 Total= -3343.929813602095 Active= -108.129451098879 G=     7.52e-07
 ooCMF Iter:   10 Total= -3343.929813602100 Active= -108.129451098884 G=     4.30e-06
 ooCMF Iter:   11 Total= -3343.929813602255 Active= -108.129451099039 G=     1.38e-05
 ooCMF Iter:   12 Total= -3343.929813602413 Active= -108.129451099197 G=     8.46e-06
 ooCMF Iter:   13 Total= -3343.929813602433 Active= -108.129451099217 G=     1.18e-06
 ooCMF Iter:   14 Total= -3343.929813602433 Active= -108.129451099217 G=     3.30e-07
 ooCMF Iter:   15 Total= -3343.929813602433 Active= -108.129451099217 G=     9.16e-08
 ooCMF Iter:   16 Total= -3343.929813602433 Active= -108.129451099217 G=     1.20e-08
 * Status: success

 * Candidate solution
    Final objective value:     -3.343930e+03

 * Found with
    Algorithm:     BFGS

 * Convergence measures
    |x - x'|               = 2.24e-08 ≰ 0.0e+00
    |x - x'|/|x'|          = 1.98e-05 ≰ 0.0e+00
    |f(x) - f(x')|         = 0.00e+00 ≤ 0.0e+00
    |f(x) - f(x')|/|f(x')| = 0.00e+00 ≤ 0.0e+00
    |g(x)|                 = 5.39e-09 ≤ 1.0e-08

 * Work counters
    Seconds run:   1  (vs limit Inf)
    Iterations:    15
    f(x) calls:    37
    ∇f(x) calls:   37

*ooCMF -3343.92981360 
  1.460201 seconds (2.07 M allocations: 813.536 MiB, 6.52% gc time, 0.49% compilation time)
 ooCMF Iter:    1 Total= -3343.929808864630 Active= -108.129446361414 G=     3.56e-03
 ooCMF Iter:    2 Total= -3343.929813505992 Active= -108.129451002776 G=     5.11e-04
 ooCMF Iter:    3 Total= -3343.929813584252 Active= -108.129451081036 G=     2.59e-04
 ooCMF Iter:    4 Total= -3343.929813601426 Active= -108.129451098210 G=     5.48e-05
 ooCMF Iter:    5 Total= -3343.929813602055 Active= -108.129451098839 G=     1.13e-05
 ooCMF Iter:    6 Total= -3343.929813602085 Active= -108.129451098869 G=     7.01e-06
 ooCMF Iter:    7 Total= -3343.929813602095 Active= -108.129451098879 G=     1.22e-06
 ooCMF Iter:    8 Total= -3343.929813602095 Active= -108.129451098879 G=     5.02e-07
 ooCMF Iter:    9 Total= -3343.929813602095 Active= -108.129451098879 G=     6.92e-07
 ooCMF Iter:   10 Total= -3343.929813602096 Active= -108.129451098880 G=     1.51e-06
 ooCMF Iter:   11 Total= -3343.929813602118 Active= -108.129451098902 G=     8.61e-06
 ooCMF Iter:   12 Total= -3343.929813602233 Active= -108.129451099016 G=     1.47e-05
 ooCMF Iter:   13 Total= -3343.929813602413 Active= -108.129451099197 G=     9.06e-06
 ooCMF Iter:   14 Total= -3343.929813602432 Active= -108.129451099216 G=     1.72e-06
 ooCMF Iter:   15 Total= -3343.929813602433 Active= -108.129451099217 G=     8.12e-07
 ooCMF Iter:   16 Total= -3343.929813602433 Active= -108.129451099217 G=     7.29e-07
 ooCMF Iter:   17 Total= -3343.929813602433 Active= -108.129451099217 G=     2.81e-07
 ooCMF Iter:   18 Total= -3343.929813602433 Active= -108.129451099217 G=     1.02e-07
 ooCMF Iter:   19 Total= -3343.929813602433 Active= -108.129451099217 G=     9.01e-08
 ooCMF Iter:   20 Total= -3343.929813602433 Active= -108.129451099217 G=     2.85e-08
 * Status: success

 * Candidate solution
    Final objective value:     -3.343930e+03

 * Found with
    Algorithm:     Conjugate Gradient

 * Convergence measures
    |x - x'|               = 1.34e-08 ≰ 0.0e+00
    |x - x'|/|x'|          = 1.20e-05 ≰ 0.0e+00
    |f(x) - f(x')|         = 0.00e+00 ≤ 0.0e+00
    |f(x) - f(x')|/|f(x')| = 0.00e+00 ≤ 0.0e+00
    |g(x)|                 = 8.14e-09 ≤ 1.0e-08

 * Work counters
    Seconds run:   2  (vs limit Inf)
    Iterations:    19
    f(x) calls:    62
    ∇f(x) calls:   44

*ooCMF -3343.92981360 
  2.219729 seconds (2.68 M allocations: 1.047 GiB, 11.63% gc time)
 Step:    1 E: -3343.929808864630 G: 3.6e-03
 Step:    2 E: -3343.929811055609 G: 2.6e-03
 Step:    3 E: -3343.929812218415 G: 1.9e-03
 Step:    4 E: -3343.929812842006 G: 1.4e-03
 Step:    5 E: -3343.929813179798 G: 1.0e-03
 Step:    6 E: -3343.929813364696 G: 7.7e-04
 Step:    7 E: -3343.929813467025 G: 5.7e-04
 Step:    8 E: -3343.929813524316 G: 4.3e-04
 Step:    9 E: -3343.929813556774 G: 3.3e-04
 Step:   10 E: -3343.929813575387 G: 2.5e-04
 Step:   11 E: -3343.929813586187 G: 1.9e-04
 Step:   12 E: -3343.929813592527 G: 1.5e-04
 Step:   13 E: -3343.929813596289 G: 1.1e-04
 Step:   14 E: -3343.929813598544 G: 8.8e-05
 Step:   15 E: -3343.929813599907 G: 6.8e-05
 Step:   16 E: -3343.929813600739 G: 5.4e-05
 Step:   17 E: -3343.929813601251 G: 4.2e-05
 Step:   18 E: -3343.929813601567 G: 3.3e-05
 Step:   19 E: -3343.929813601763 G: 2.6e-05
 Step:   20 E: -3343.929813601886 G: 2.1e-05
 Step:   21 E: -3343.929813601963 G: 1.6e-05
 Step:   22 E: -3343.929813602011 G: 1.3e-05
 Step:   23 E: -3343.929813602042 G: 1.0e-05
 Step:   24 E: -3343.929813602062 G: 8.3e-06
 Step:   25 E: -3343.929813602073 G: 6.6e-06
 Step:   26 E: -3343.929813602082 G: 5.3e-06
 Step:   27 E: -3343.929813602087 G: 4.2e-06
 Step:   28 E: -3343.929813602089 G: 3.4e-06
 Step:   29 E: -3343.929813602092 G: 2.7e-06
 Step:   30 E: -3343.929813602093 G: 2.2e-06
 Step:   31 E: -3343.929813602094 G: 1.7e-06
 Step:   32 E: -3343.929813602094 G: 1.4e-06
 Step:   33 E: -3343.929813602095 G: 1.2e-06
 Step:   34 E: -3343.929813602095 G: 9.5e-07
 Step:   35 E: -3343.929813602095 G: 7.9e-07
 Step:   36 E: -3343.929813602095 G: 6.7e-07
 Step:   37 E: -3343.929813602095 G: 5.8e-07
 Step:   38 E: -3343.929813602095 G: 5.2e-07
 Step:   39 E: -3343.929813602096 G: 4.7e-07
 Step:   40 E: -3343.929813602096 G: 4.4e-07
 Step:   41 E: -3343.929813602096 G: 4.1e-07
 Step:   42 E: -3343.929813602096 G: 4.0e-07
 Step:   43 E: -3343.929813602096 G: 3.9e-07
 Step:   44 E: -3343.929813602096 G: 3.8e-07
 Step:   45 E: -3343.929813602096 G: 3.8e-07
 Step:   46 E: -3343.929813602096 G: 3.8e-07
 Step:   47 E: -3343.929813602096 G: 3.7e-07
 Step:   48 E: -3343.929813602096 G: 3.7e-07
 Step:   49 E: -3343.929813602096 G: 3.7e-07
 Step:   50 E: -3343.929813602096 G: 3.7e-07
 Step:   51 E: -3343.929813602096 G: 3.7e-07
 Step:   52 E: -3343.929813602096 G: 3.7e-07
 Step:   53 E: -3343.929813602096 G: 3.7e-07
 Step:   54 E: -3343.929813602096 G: 3.7e-07
 Step:   55 E: -3343.929813602096 G: 3.7e-07
 Step:   56 E: -3343.929813602096 G: 3.7e-07
 Step:   57 E: -3343.929813602096 G: 3.7e-07
 Step:   58 E: -3343.929813602096 G: 3.7e-07
 Step:   59 E: -3343.929813602096 G: 3.7e-07
 Step:   60 E: -3343.929813602096 G: 3.7e-07
 Step:   61 E: -3343.929813602096 G: 3.7e-07
 Step:   62 E: -3343.929813602096 G: 3.7e-07
 Step:   63 E: -3343.929813602096 G: 3.7e-07
 Step:   64 E: -3343.929813602096 G: 3.7e-07
 Step:   65 E: -3343.929813602096 G: 3.7e-07
 Step:   66 E: -3343.929813602096 G: 3.7e-07
 Step:   67 E: -3343.929813602096 G: 3.7e-07
 Step:   68 E: -3343.929813602096 G: 3.7e-07
 Step:   69 E: -3343.929813602096 G: 3.7e-07
 Step:   70 E: -3343.929813602096 G: 3.7e-07
 Step:   71 E: -3343.929813602096 G: 3.7e-07
 Step:   72 E: -3343.929813602096 G: 3.7e-07
 Step:   73 E: -3343.929813602096 G: 3.7e-07
 Step:   74 E: -3343.929813602097 G: 3.7e-07
 Step:   75 E: -3343.929813602097 G: 3.7e-07
 Step:   76 E: -3343.929813602097 G: 3.7e-07
 Step:   77 E: -3343.929813602097 G: 3.7e-07
 Step:   78 E: -3343.929813602096 G: 3.7e-07
 Step:   79 E: -3343.929813602097 G: 3.7e-07
 Step:   80 E: -3343.929813602097 G: 3.7e-07
 Step:   81 E: -3343.929813602097 G: 3.7e-07
 Step:   82 E: -3343.929813602097 G: 3.7e-07
 Step:   83 E: -3343.929813602097 G: 3.7e-07
 Step:   84 E: -3343.929813602097 G: 3.7e-07
 Step:   85 E: -3343.929813602097 G: 3.7e-07
 Step:   86 E: -3343.929813602097 G: 3.7e-07
 Step:   87 E: -3343.929813602097 G: 3.7e-07
 Step:   88 E: -3343.929813602097 G: 3.7e-07
 Step:   89 E: -3343.929813602097 G: 3.7e-07
 Step:   90 E: -3343.929813602097 G: 3.7e-07
 Step:   91 E: -3343.929813602097 G: 3.7e-07
 Step:   92 E: -3343.929813602097 G: 3.7e-07
 Step:   93 E: -3343.929813602097 G: 3.7e-07
 Step:   94 E: -3343.929813602097 G: 3.7e-07
 Step:   95 E: -3343.929813602097 G: 3.7e-07
 Step:   96 E: -3343.929813602097 G: 3.7e-07
 Step:   97 E: -3343.929813602097 G: 3.7e-07
 Step:   98 E: -3343.929813602097 G: 3.7e-07
 Step:   99 E: -3343.929813602097 G: 3.7e-07
 Step:  100 E: -3343.929813602097 G: 3.7e-07
 Step:  101 E: -3343.929813602097 G: 3.7e-07
 Step:  102 E: -3343.929813602097 G: 3.7e-07
 Step:  103 E: -3343.929813602097 G: 3.7e-07
 Step:  104 E: -3343.929813602098 G: 3.7e-07
 Step:  105 E: -3343.929813602098 G: 3.7e-07
 Step:  106 E: -3343.929813602097 G: 3.7e-07
 Step:  107 E: -3343.929813602097 G: 3.7e-07
 Step:  108 E: -3343.929813602098 G: 3.7e-07
 Step:  109 E: -3343.929813602098 G: 3.7e-07
 Step:  110 E: -3343.929813602098 G: 3.7e-07
 Step:  111 E: -3343.929813602098 G: 3.7e-07
 Step:  112 E: -3343.929813602098 G: 3.7e-07
 Step:  113 E: -3343.929813602098 G: 3.7e-07
 Step:  114 E: -3343.929813602098 G: 3.7e-07
 Step:  115 E: -3343.929813602098 G: 3.7e-07
 Step:  116 E: -3343.929813602098 G: 3.7e-07
 Step:  117 E: -3343.929813602098 G: 3.7e-07
 Step:  118 E: -3343.929813602098 G: 3.7e-07
 Step:  119 E: -3343.929813602098 G: 3.7e-07
 Step:  120 E: -3343.929813602098 G: 3.7e-07
 Step:  121 E: -3343.929813602098 G: 3.7e-07
 Step:  122 E: -3343.929813602098 G: 3.7e-07
 Step:  123 E: -3343.929813602098 G: 3.7e-07
 Step:  124 E: -3343.929813602098 G: 3.7e-07
 Step:  125 E: -3343.929813602098 G: 3.7e-07
 Step:  126 E: -3343.929813602098 G: 3.7e-07
 Step:  127 E: -3343.929813602098 G: 3.7e-07
 Step:  128 E: -3343.929813602098 G: 3.7e-07
 Step:  129 E: -3343.929813602098 G: 3.7e-07
 Step:  130 E: -3343.929813602098 G: 3.7e-07
 Step:  131 E: -3343.929813602098 G: 3.7e-07
 Step:  132 E: -3343.929813602098 G: 3.7e-07
 Step:  133 E: -3343.929813602098 G: 3.7e-07
 Step:  134 E: -3343.929813602098 G: 3.7e-07
 Step:  135 E: -3343.929813602098 G: 3.7e-07
 Step:  136 E: -3343.929813602098 G: 3.7e-07
 Step:  137 E: -3343.929813602098 G: 3.7e-07
 Step:  138 E: -3343.929813602098 G: 3.7e-07
 Step:  139 E: -3343.929813602098 G: 3.7e-07
 Step:  140 E: -3343.929813602098 G: 3.7e-07
 Step:  141 E: -3343.929813602098 G: 3.7e-07
 Step:  142 E: -3343.929813602098 G: 3.7e-07
 Step:  143 E: -3343.929813602098 G: 3.7e-07
 Step:  144 E: -3343.929813602098 G: 3.7e-07
 Step:  145 E: -3343.929813602098 G: 3.7e-07
 Step:  146 E: -3343.929813602098 G: 3.7e-07
 Step:  147 E: -3343.929813602098 G: 3.7e-07
 Step:  148 E: -3343.929813602099 G: 3.7e-07
 Step:  149 E: -3343.929813602098 G: 3.7e-07
 Step:  150 E: -3343.929813602098 G: 3.7e-07


 14.030213 seconds (12.15 M allocations: 9.492 GiB, 12.16% gc time)
 Solve OO-CMF with DIIS
 ooCMF Iter:    1 Total= -3343.929810046851 G=    3.076e-03 #SS:    1
 ooCMF Iter:    2 Total= -3343.929813527592 G=    4.253e-04 #SS:    2
 ooCMF Iter:    3 Total= -3343.929813585621 G=    1.960e-04 #SS:    3
 ooCMF Iter:    4 Total= -3343.929813601518 G=    4.334e-05 #SS:    4
 ooCMF Iter:    5 Total= -3343.929813601980 G=    2.054e-05 #SS:    5
 ooCMF Iter:    6 Total= -3343.929813602073 G=    7.518e-06 #SS:    6
 ooCMF Iter:    7 Total= -3343.929813602090 G=    3.444e-06 #SS:    7
 ooCMF Iter:    8 Total= -3343.929813602095 G=    6.756e-07 #SS:    8
 ooCMF Iter:    9 Total= -3343.929813602095 G=    4.300e-07 #SS:    9
 ooCMF Iter:   10 Total= -3343.929813602095 G=    4.068e-07 #SS:   10
 ooCMF Iter:   11 Total= -3343.929813602095 G=    3.844e-07 #SS:   11
 ooCMF Iter:   12 Total= -3343.929813602095 G=    3.873e-07 #SS:   12
 ooCMF Iter:   13 Total= -3343.929813602095 G=    3.877e-07 #SS:   13
 ooCMF Iter:   14 Total= -3343.929813602095 G=    3.874e-07 #SS:   14
 ooCMF Iter:   15 Total= -3343.929813602096 G=    3.917e-07 #SS:   15
 ooCMF Iter:   16 Total= -3343.929813602096 G=    3.920e-07 #SS:   16
 ooCMF Iter:   17 Total= -3343.929813602109 G=    3.988e-07 #SS:   17
 ooCMF Iter:   18 Total= -3343.929813602114 G=    3.992e-07 #SS:   18
 ooCMF Iter:   19 Total= -3343.929813602293 G=    3.528e-07 #SS:   19
 ooCMF Iter:   20 Total= -3343.929813602318 G=    3.356e-07 #SS:   20
 ooCMF Iter:   21 Total= -3343.929813602432 G=    6.658e-08 #SS:   21
 ooCMF Iter:   22 Total= -3343.929813602433 G=    5.708e-08 #SS:   22
 ooCMF Iter:   23 Total= -3343.929813602433 G=    2.106e-08 #SS:   23
*ooCMF Iter:   24 Total= -3343.929813602433 G=    3.141e-09 #SS:   24
  0.986574 seconds (3.61 M allocations: 828.530 MiB)
 Solve OO-CMF with DIIS
 ooCMF Iter:    1 Total= -3343.929813579594 G=    2.994e-04 #SS:    1
 ooCMF Iter:    2 Total= -3343.929813118799 G=    1.170e-03 #SS:    2
 ooCMF Iter:    3 Total= -3343.929813346444 G=    8.525e-04 #SS:    3
 ooCMF Iter:    4 Total= -3343.929813384648 G=    7.924e-04 #SS:    4
 ooCMF Iter:    5 Total= -3343.929813454611 G=    6.705e-04 #SS:    5
 ooCMF Iter:    6 Total= -3343.929813468143 G=    6.443e-04 #SS:    6
 ooCMF Iter:    7 Total= -3343.929813473045 G=    6.348e-04 #SS:    7
 ooCMF Iter:    8 Total= -3343.929813468259 G=    6.479e-04 #SS:    8
 ooCMF Iter:    9 Total= -3343.929813473076 G=    6.420e-04 #SS:    9
 ooCMF Iter:   10 Total= -3343.929813471507 G=    6.457e-04 #SS:   10
 ooCMF Iter:   11 Total= -3343.929813470832 G=    6.485e-04 #SS:   11
 ooCMF Iter:   12 Total= -3343.929813470899 G=    6.494e-04 #SS:   12
 ooCMF Iter:   13 Total= -3343.929813472893 G=    6.477e-04 #SS:   13
 ooCMF Iter:   14 Total= -3343.929813471433 G=    6.524e-04 #SS:   14
 ooCMF Iter:   15 Total= -3343.929813470554 G=    6.568e-04 #SS:   15
 ooCMF Iter:   16 Total= -3343.929813450688 G=    7.084e-04 #SS:   16
 ooCMF Iter:   17 Total= -3343.929813443901 G=    7.245e-04 #SS:   17
 ooCMF Iter:   18 Total= -3343.929813467771 G=    6.705e-04 #SS:   18
 ooCMF Iter:   19 Total= -3343.929813514885 G=    5.469e-04 #SS:   19
 ooCMF Iter:   20 Total= -3343.929813524881 G=    5.173e-04 #SS:   20
 ooCMF Iter:   21 Total= -3343.929813519384 G=    5.360e-04 #SS:   21
 ooCMF Iter:   22 Total= -3343.929813532385 G=    4.952e-04 #SS:   22
 ooCMF Iter:   23 Total= -3343.929813533683 G=    4.914e-04 #SS:   23
 ooCMF Iter:   24 Total= -3343.929813522955 G=    5.227e-04 #SS:   24
 ooCMF Iter:   25 Total= -3343.929813517157 G=    5.394e-04 #SS:   24
 ooCMF Iter:   26 Total= -3343.929813538713 G=    4.632e-04 #SS:   24
 ooCMF Iter:   27 Total= -3343.929813540654 G=    4.581e-04 #SS:   24
 ooCMF Iter:   28 Total= -3343.929813523097 G=    5.140e-04 #SS:   24
 ooCMF Iter:   29 Total= -3343.929813517811 G=    5.299e-04 #SS:   24
 ooCMF Iter:   30 Total= -3343.929813517712 G=    5.316e-04 #SS:   24
 ooCMF Iter:   31 Total= -3343.929813520878 G=    5.218e-04 #SS:   24
 ooCMF Iter:   32 Total= -3343.929813518330 G=    5.303e-04 #SS:   24
 ooCMF Iter:   33 Total= -3343.929813467822 G=    6.671e-04 #SS:   24
 ooCMF Iter:   34 Total= -3343.929813495579 G=    5.990e-04 #SS:   24
 ooCMF Iter:   35 Total= -3343.929813459951 G=    6.772e-04 #SS:   24
 ooCMF Iter:   36 Total= -3343.929813418156 G=    7.575e-04 #SS:   24
 ooCMF Iter:   37 Total= -3343.929813404860 G=    7.784e-04 #SS:   24
 ooCMF Iter:   38 Total= -3343.929813486700 G=    6.156e-04 #SS:   24
 ooCMF Iter:   39 Total= -3343.929813495673 G=    5.958e-04 #SS:   24
 ooCMF Iter:   40 Total= -3343.929813497112 G=    5.916e-04 #SS:   24
 ooCMF Iter:   41 Total= -3343.929813518807 G=    5.409e-04 #SS:   24
 ooCMF Iter:   42 Total= -3343.929813521554 G=    5.282e-04 #SS:   24
 ooCMF Iter:   43 Total= -3343.929813521382 G=    5.295e-04 #SS:   24
 ooCMF Iter:   44 Total= -3343.929813521492 G=    5.329e-04 #SS:   24
 ooCMF Iter:   45 Total= -3343.929813522273 G=    5.343e-04 #SS:   24
 ooCMF Iter:   46 Total= -3343.929813525279 G=    5.280e-04 #SS:   24
 ooCMF Iter:   47 Total= -3343.929813526797 G=    5.240e-04 #SS:   24
 ooCMF Iter:   48 Total= -3343.929813522964 G=    5.270e-04 #SS:   24
 ooCMF Iter:   49 Total= -3343.929813518768 G=    5.505e-04 #SS:   24
 ooCMF Iter:   50 Total= -3343.929813525525 G=    5.216e-04 #SS:   24
 ooCMF Iter:   51 Total= -3343.929813522990 G=    5.338e-04 #SS:   24
 ooCMF Iter:   52 Total= -3343.929813522618 G=    5.266e-04 #SS:   24
 ooCMF Iter:   53 Total= -3343.929813520476 G=    5.334e-04 #SS:   24
 ooCMF Iter:   54 Total= -3343.929813510791 G=    5.655e-04 #SS:   24
 ooCMF Iter:   55 Total= -3343.929813518722 G=    5.404e-04 #SS:   24
 ooCMF Iter:   56 Total= -3343.929813487871 G=    6.219e-04 #SS:   24
 ooCMF Iter:   57 Total= -3343.929813463929 G=    6.862e-04 #SS:   24
 ooCMF Iter:   58 Total= -3343.929813446237 G=    7.236e-04 #SS:   24
 ooCMF Iter:   59 Total= -3343.929813453924 G=    7.087e-04 #SS:   24
 ooCMF Iter:   60 Total= -3343.929813481765 G=    6.378e-04 #SS:   24
 ooCMF Iter:   61 Total= -3343.929813498859 G=    5.853e-04 #SS:   24
 ooCMF Iter:   62 Total= -3343.929813519317 G=    5.216e-04 #SS:   24
 ooCMF Iter:   63 Total= -3343.929813522466 G=    5.141e-04 #SS:   24
 ooCMF Iter:   64 Total= -3343.929813496053 G=    5.991e-04 #SS:   24
 ooCMF Iter:   65 Total= -3343.929813510943 G=    5.445e-04 #SS:   24
 ooCMF Iter:   66 Total= -3343.929813508565 G=    5.313e-04 #SS:   24
 ooCMF Iter:   67 Total= -3343.929813476677 G=    6.529e-04 #SS:   24
 ooCMF Iter:   68 Total= -3343.929813483212 G=    6.365e-04 #SS:   24
 ooCMF Iter:   69 Total= -3343.929813497487 G=    5.892e-04 #SS:   24
 ooCMF Iter:   70 Total= -3343.929813494021 G=    5.874e-04 #SS:   24
 ooCMF Iter:   71 Total= -3343.929813478772 G=    6.315e-04 #SS:   24
 ooCMF Iter:   72 Total= -3343.929813496227 G=    5.968e-04 #SS:   24
 ooCMF Iter:   73 Total= -3343.929813523456 G=    5.095e-04 #SS:   24
 ooCMF Iter:   74 Total= -3343.929813523845 G=    5.118e-04 #SS:   24
 ooCMF Iter:   75 Total= -3343.929813533629 G=    4.643e-04 #SS:   24
 ooCMF Iter:   76 Total= -3343.929813521524 G=    5.151e-04 #SS:   24
 ooCMF Iter:   77 Total= -3343.929813520143 G=    5.092e-04 #SS:   24
 ooCMF Iter:   78 Total= -3343.929813522872 G=    4.941e-04 #SS:   24
 ooCMF Iter:   79 Total= -3343.929813522913 G=    5.443e-04 #SS:   24
 ooCMF Iter:   80 Total= -3343.929813532633 G=    4.969e-04 #SS:   24
 ooCMF Iter:   81 Total= -3343.929813515928 G=    5.358e-04 #SS:   24
 ooCMF Iter:   82 Total= -3343.929813467417 G=    6.391e-04 #SS:   24
 ooCMF Iter:   83 Total= -3343.929813500515 G=    5.871e-04 #SS:   24
 ooCMF Iter:   84 Total= -3343.929813491116 G=    6.161e-04 #SS:   24
 ooCMF Iter:   85 Total= -3343.929813511458 G=    5.737e-04 #SS:   24
 ooCMF Iter:   86 Total= -3343.929813511831 G=    5.852e-04 #SS:   24
 ooCMF Iter:   87 Total= -3343.929813515093 G=    5.835e-04 #SS:   24
 ooCMF Iter:   88 Total= -3343.929813510848 G=    5.932e-04 #SS:   24
 ooCMF Iter:   89 Total= -3343.929813505266 G=    6.255e-04 #SS:   24
 ooCMF Iter:   90 Total= -3343.929813503037 G=    6.301e-04 #SS:   24
 ooCMF Iter:   91 Total= -3343.929813499878 G=    6.367e-04 #SS:   24
 ooCMF Iter:   92 Total= -3343.929813519128 G=    5.842e-04 #SS:   24
 ooCMF Iter:   93 Total= -3343.929813517173 G=    5.753e-04 #SS:   24
 ooCMF Iter:   94 Total= -3343.929813503207 G=    6.056e-04 #SS:   24
 ooCMF Iter:   95 Total= -3343.929813504237 G=    6.036e-04 #SS:   24
 ooCMF Iter:   96 Total= -3343.929813514193 G=    5.841e-04 #SS:   24
 ooCMF Iter:   97 Total= -3343.929813510695 G=    5.648e-04 #SS:   24
 ooCMF Iter:   98 Total= -3343.929813517578 G=    5.404e-04 #SS:   24
 ooCMF Iter:   99 Total= -3343.929813509025 G=    5.636e-04 #SS:   24
 ooCMF Iter:  100 Total= -3343.929813486769 G=    6.265e-04 #SS:   24
 ooCMF Iter:  101 Total= -3343.929813504259 G=    5.883e-04 #SS:   24
 ooCMF Iter:  102 Total= -3343.929813478353 G=    6.460e-04 #SS:   24
 ooCMF Iter:  103 Total= -3343.929813524472 G=    5.089e-04 #SS:   24
 ooCMF Iter:  104 Total= -3343.929813513256 G=    5.694e-04 #SS:   24
 ooCMF Iter:  105 Total= -3343.929813489040 G=    6.421e-04 #SS:   24
 ooCMF Iter:  106 Total= -3343.929813482940 G=    6.568e-04 #SS:   24
 ooCMF Iter:  107 Total= -3343.929813493274 G=    6.269e-04 #SS:   24
 ooCMF Iter:  108 Total= -3343.929813442420 G=    7.943e-04 #SS:   24
 ooCMF Iter:  109 Total= -3343.929813391363 G=    9.353e-04 #SS:   24
 ooCMF Iter:  110 Total= -3343.929813394046 G=    9.198e-04 #SS:   24
 ooCMF Iter:  111 Total= -3343.929813432621 G=    8.260e-04 #SS:   24
 ooCMF Iter:  112 Total= -3343.929813431893 G=    8.273e-04 #SS:   24
 ooCMF Iter:  113 Total= -3343.929813370948 G=    1.004e-03 #SS:   24
 ooCMF Iter:  114 Total= -3343.929813451198 G=    7.851e-04 #SS:   24
 ooCMF Iter:  115 Total= -3343.929813411688 G=    9.129e-04 #SS:   24
 ooCMF Iter:  116 Total= -3343.929813405240 G=    9.422e-04 #SS:   24
 ooCMF Iter:  117 Total= -3343.929813374645 G=    1.007e-03 #SS:   24
 ooCMF Iter:  118 Total= -3343.929813307559 G=    1.096e-03 #SS:   24
 ooCMF Iter:  119 Total= -3343.929813218185 G=    1.215e-03 #SS:   24
 ooCMF Iter:  120 Total= -3343.929813138182 G=    1.300e-03 #SS:   24
 ooCMF Iter:  121 Total= -3343.929813150091 G=    1.273e-03 #SS:   24
 ooCMF Iter:  122 Total= -3343.929813195378 G=    1.199e-03 #SS:   24
 ooCMF Iter:  123 Total= -3343.929813276484 G=    1.088e-03 #SS:   24
 ooCMF Iter:  124 Total= -3343.929813287578 G=    1.099e-03 #SS:   24
 ooCMF Iter:  125 Total= -3343.929813149973 G=    1.272e-03 #SS:   24
 ooCMF Iter:  126 Total= -3343.929813167633 G=    1.249e-03 #SS:   24
 ooCMF Iter:  127 Total= -3343.929813294526 G=    1.114e-03 #SS:   24
 ooCMF Iter:  128 Total= -3343.929813355920 G=    1.016e-03 #SS:   24
 ooCMF Iter:  129 Total= -3343.929813247530 G=    1.198e-03 #SS:   24
 ooCMF Iter:  130 Total= -3343.929813245249 G=    1.200e-03 #SS:   24
 ooCMF Iter:  131 Total= -3343.929813269890 G=    1.158e-03 #SS:   24
 ooCMF Iter:  132 Total= -3343.929813326052 G=    1.066e-03 #SS:   24
 ooCMF Iter:  133 Total= -3343.929813139739 G=    1.332e-03 #SS:   24
 ooCMF Iter:  134 Total= -3343.929813274209 G=    1.150e-03 #SS:   24
 ooCMF Iter:  135 Total= -3343.929813304754 G=    1.107e-03 #SS:   24
 ooCMF Iter:  136 Total= -3343.929813325351 G=    1.076e-03 #SS:   24
 ooCMF Iter:  137 Total= -3343.929813327937 G=    1.079e-03 #SS:   24
 ooCMF Iter:  138 Total= -3343.929813320843 G=    1.097e-03 #SS:   24
 ooCMF Iter:  139 Total= -3343.929813343193 G=    1.030e-03 #SS:   24
 ooCMF Iter:  140 Total= -3343.929813321306 G=    1.038e-03 #SS:   24
 ooCMF Iter:  141 Total= -3343.929813207223 G=    1.228e-03 #SS:   24
 ooCMF Iter:  142 Total= -3343.929813248304 G=    1.178e-03 #SS:   24
 ooCMF Iter:  143 Total= -3343.929813210298 G=    1.240e-03 #SS:   24
 ooCMF Iter:  144 Total= -3343.929813146457 G=    1.344e-03 #SS:   24
 ooCMF Iter:  145 Total= -3343.929813062166 G=    1.500e-03 #SS:   24
 ooCMF Iter:  146 Total= -3343.929813107573 G=    1.429e-03 #SS:   24
 ooCMF Iter:  147 Total= -3343.929813181025 G=    1.322e-03 #SS:   24
 ooCMF Iter:  148 Total= -3343.929813144799 G=    1.380e-03 #SS:   24
 ooCMF Iter:  149 Total= -3343.929812989337 G=    1.576e-03 #SS:   24
 ooCMF Iter:  150 Total= -3343.929812933312 G=    1.627e-03 #SS:   24
 ooCMF Iter:  151 Total= -3343.929812967668 G=    1.591e-03 #SS:   24
 ooCMF Iter:  152 Total= -3343.929812972333 G=    1.587e-03 #SS:   24
 ooCMF Iter:  153 Total= -3343.929812743632 G=    1.805e-03 #SS:   24
 ooCMF Iter:  154 Total= -3343.929812784567 G=    1.769e-03 #SS:   24
 ooCMF Iter:  155 Total= -3343.929812782831 G=    1.768e-03 #SS:   24
 ooCMF Iter:  156 Total= -3343.929812637265 G=    1.915e-03 #SS:   24
 ooCMF Iter:  157 Total= -3343.929812860742 G=    1.693e-03 #SS:   24
 ooCMF Iter:  158 Total= -3343.929813102298 G=    1.400e-03 #SS:   24
 ooCMF Iter:  159 Total= -3343.929813039966 G=    1.507e-03 #SS:   24
 ooCMF Iter:  160 Total= -3343.929813156639 G=    1.288e-03 #SS:   24
 ooCMF Iter:  161 Total= -3343.929812951332 G=    1.605e-03 #SS:   24
 ooCMF Iter:  162 Total= -3343.929812983193 G=    1.566e-03 #SS:   24
 ooCMF Iter:  163 Total= -3343.929812805434 G=    1.798e-03 #SS:   24
 ooCMF Iter:  164 Total= -3343.929812786631 G=    1.850e-03 #SS:   24
 ooCMF Iter:  165 Total= -3343.929812534428 G=    2.095e-03 #SS:   24
 ooCMF Iter:  166 Total= -3343.929812552532 G=    2.069e-03 #SS:   24
 ooCMF Iter:  167 Total= -3343.929812650733 G=    1.975e-03 #SS:   24
 ooCMF Iter:  168 Total= -3343.929812646005 G=    1.988e-03 #SS:   24
 ooCMF Iter:  169 Total= -3343.929812730086 G=    1.884e-03 #SS:   24
 ooCMF Iter:  170 Total= -3343.929812740598 G=    1.861e-03 #SS:   24
 ooCMF Iter:  171 Total= -3343.929812783758 G=    1.794e-03 #SS:   24
 ooCMF Iter:  172 Total= -3343.929812782298 G=    1.831e-03 #SS:   24
 ooCMF Iter:  173 Total= -3343.929812833479 G=    1.780e-03 #SS:   24
 ooCMF Iter:  174 Total= -3343.929812876363 G=    1.727e-03 #SS:   24
 ooCMF Iter:  175 Total= -3343.929812873491 G=    1.726e-03 #SS:   24
 ooCMF Iter:  176 Total= -3343.929812874476 G=    1.734e-03 #SS:   24
 ooCMF Iter:  177 Total= -3343.929811471121 G=    2.935e-03 #SS:   24
 ooCMF Iter:  178 Total= -3343.929811618391 G=    2.799e-03 #SS:   24
 ooCMF Iter:  179 Total= -3343.929812307420 G=    2.267e-03 #SS:   24
 ooCMF Iter:  180 Total= -3343.929812236646 G=    2.331e-03 #SS:   24
 ooCMF Iter:  181 Total= -3343.929810485703 G=    3.475e-03 #SS:   24
 ooCMF Iter:  182 Total= -3343.929810720703 G=    3.402e-03 #SS:   24
 ooCMF Iter:  183 Total= -3343.929809899725 G=    3.851e-03 #SS:   24
 ooCMF Iter:  184 Total= -3343.929811044477 G=    3.196e-03 #SS:   24
 ooCMF Iter:  185 Total= -3343.929809792056 G=    3.949e-03 #SS:   24
 ooCMF Iter:  186 Total= -3343.929810388495 G=    3.605e-03 #SS:   24
 ooCMF Iter:  187 Total= -3343.929810617427 G=    3.497e-03 #SS:   24
 ooCMF Iter:  188 Total= -3343.929809976030 G=    3.848e-03 #SS:   24
 ooCMF Iter:  189 Total= -3343.929810236640 G=    3.711e-03 #SS:   24
 ooCMF Iter:  190 Total= -3343.929810815940 G=    3.375e-03 #SS:   24
 ooCMF Iter:  191 Total= -3343.929811351393 G=    3.046e-03 #SS:   24
 ooCMF Iter:  192 Total= -3343.929810826321 G=    3.376e-03 #SS:   24
 ooCMF Iter:  193 Total= -3343.929811119964 G=    3.190e-03 #SS:   24
 ooCMF Iter:  194 Total= -3343.929811179849 G=    3.157e-03 #SS:   24
 ooCMF Iter:  195 Total= -3343.929812050385 G=    2.536e-03 #SS:   24
 ooCMF Iter:  196 Total= -3343.929811469365 G=    2.976e-03 #SS:   24
 ooCMF Iter:  197 Total= -3343.929811135260 G=    3.183e-03 #SS:   24
 ooCMF Iter:  198 Total= -3343.929811263497 G=    3.063e-03 #SS:   24
 ooCMF Iter:  199 Total= -3343.929811325339 G=    3.024e-03 #SS:   24
 ooCMF Iter:  200 Total= -3343.929811302760 G=    3.024e-03 #SS:   24
 ooCMF Iter:  201 Total= -3343.929811013049 G=    3.216e-03 #SS:   24
 ooCMF Iter:  202 Total= -3343.929810959679 G=    3.274e-03 #SS:   24
 ooCMF Iter:  203 Total= -3343.929811290407 G=    3.066e-03 #SS:   24
 ooCMF Iter:  204 Total= -3343.929811170476 G=    3.125e-03 #SS:   24
 ooCMF Iter:  205 Total= -3343.929810799380 G=    3.367e-03 #SS:   24
 ooCMF Iter:  206 Total= -3343.929810781887 G=    3.397e-03 #SS:   24
 ooCMF Iter:  207 Total= -3343.929810404306 G=    3.568e-03 #SS:   24
 ooCMF Iter:  208 Total= -3343.929810256212 G=    3.674e-03 #SS:   24
 ooCMF Iter:  209 Total= -3343.929809798635 G=    3.915e-03 #SS:   24
 ooCMF Iter:  210 Total= -3343.929809798725 G=    3.940e-03 #SS:   24
 ooCMF Iter:  211 Total= -3343.929809387680 G=    4.147e-03 #SS:   24
 ooCMF Iter:  212 Total= -3343.929809616993 G=    4.021e-03 #SS:   24
 ooCMF Iter:  213 Total= -3343.929809367412 G=    4.090e-03 #SS:   24
 ooCMF Iter:  214 Total= -3343.929809081128 G=    4.281e-03 #SS:   24
 ooCMF Iter:  215 Total= -3343.929809505040 G=    3.898e-03 #SS:   24
 ooCMF Iter:  216 Total= -3343.929810465662 G=    3.283e-03 #SS:   24
 ooCMF Iter:  217 Total= -3343.929810641302 G=    3.192e-03 #SS:   24
 ooCMF Iter:  218 Total= -3343.929810581026 G=    3.209e-03 #SS:   24
 ooCMF Iter:  219 Total= -3343.929810205148 G=    3.434e-03 #SS:   24
 ooCMF Iter:  220 Total= -3343.929810266868 G=    3.403e-03 #SS:   24
 ooCMF Iter:  221 Total= -3343.929811128041 G=    3.024e-03 #SS:   24
 ooCMF Iter:  222 Total= -3343.929810597292 G=    3.326e-03 #SS:   24
 ooCMF Iter:  223 Total= -3343.929810281217 G=    3.456e-03 #SS:   24
 ooCMF Iter:  224 Total= -3343.929810180783 G=    3.529e-03 #SS:   24
 ooCMF Iter:  225 Total= -3343.929809200333 G=    4.007e-03 #SS:   24
 ooCMF Iter:  226 Total= -3343.929808536074 G=    4.277e-03 #SS:   24
 ooCMF Iter:  227 Total= -3343.929808066648 G=    4.587e-03 #SS:   24
 ooCMF Iter:  228 Total= -3343.929808148874 G=    4.565e-03 #SS:   24
 ooCMF Iter:  229 Total= -3343.929808218942 G=    4.448e-03 #SS:   24
 ooCMF Iter:  230 Total= -3343.929807648713 G=    4.820e-03 #SS:   24
 ooCMF Iter:  231 Total= -3343.929808167476 G=    4.641e-03 #SS:   24
 ooCMF Iter:  232 Total= -3343.929808208381 G=    4.598e-03 #SS:   24
 ooCMF Iter:  233 Total= -3343.929807532307 G=    4.868e-03 #SS:   24
 ooCMF Iter:  234 Total= -3343.929807338608 G=    4.931e-03 #SS:   24
 ooCMF Iter:  235 Total= -3343.929807623837 G=    4.813e-03 #SS:   24
 ooCMF Iter:  236 Total= -3343.929808039177 G=    4.673e-03 #SS:   24
 ooCMF Iter:  237 Total= -3343.929807654284 G=    4.812e-03 #SS:   24
 ooCMF Iter:  238 Total= -3343.929807388064 G=    4.812e-03 #SS:   24
 ooCMF Iter:  239 Total= -3343.929807937869 G=    4.562e-03 #SS:   24
 ooCMF Iter:  240 Total= -3343.929807251382 G=    4.858e-03 #SS:   24
 ooCMF Iter:  241 Total= -3343.929807263343 G=    4.849e-03 #SS:   24
 ooCMF Iter:  242 Total= -3343.929807373589 G=    4.827e-03 #SS:   24
 ooCMF Iter:  243 Total= -3343.929806214248 G=    5.329e-03 #SS:   24
 ooCMF Iter:  244 Total= -3343.929806266949 G=    5.319e-03 #SS:   24
 ooCMF Iter:  245 Total= -3343.929806029219 G=    5.393e-03 #SS:   24
 ooCMF Iter:  246 Total= -3343.929806085321 G=    5.343e-03 #SS:   24
 ooCMF Iter:  247 Total= -3343.929806009574 G=    5.398e-03 #SS:   24
 ooCMF Iter:  248 Total= -3343.929804171761 G=    6.101e-03 #SS:   24
 ooCMF Iter:  249 Total= -3343.929802365411 G=    6.576e-03 #SS:   24
 ooCMF Iter:  250 Total= -3343.929801946239 G=    6.640e-03 #SS:   24
 ooCMF Iter:  251 Total= -3343.929803022072 G=    6.269e-03 #SS:   24
 ooCMF Iter:  252 Total= -3343.929803176620 G=    6.214e-03 #SS:   24
 ooCMF Iter:  253 Total= -3343.929801231980 G=    6.677e-03 #SS:   24
 ooCMF Iter:  254 Total= -3343.929800233975 G=    6.905e-03 #SS:   24
 ooCMF Iter:  255 Total= -3343.929795212598 G=    7.963e-03 #SS:   24
 ooCMF Iter:  256 Total= -3343.929796719740 G=    7.669e-03 #SS:   24
 ooCMF Iter:  257 Total= -3343.929798011412 G=    7.443e-03 #SS:   24
 ooCMF Iter:  258 Total= -3343.929800374030 G=    6.828e-03 #SS:   24
 ooCMF Iter:  259 Total= -3343.929799747234 G=    6.923e-03 #SS:   24
 ooCMF Iter:  260 Total= -3343.929797656905 G=    7.368e-03 #SS:   24
 ooCMF Iter:  261 Total= -3343.929798610554 G=    7.136e-03 #SS:   24
 ooCMF Iter:  262 Total= -3343.929798680353 G=    7.064e-03 #SS:   24
 ooCMF Iter:  263 Total= -3343.929798673117 G=    7.110e-03 #SS:   24
 ooCMF Iter:  264 Total= -3343.929798991851 G=    7.106e-03 #SS:   24
 ooCMF Iter:  265 Total= -3343.929799444666 G=    7.002e-03 #SS:   24
 ooCMF Iter:  266 Total= -3343.929799731752 G=    6.926e-03 #SS:   24
 ooCMF Iter:  267 Total= -3343.929800198664 G=    6.763e-03 #SS:   24
 ooCMF Iter:  268 Total= -3343.929802724213 G=    6.217e-03 #SS:   24
 ooCMF Iter:  269 Total= -3343.929804697359 G=    5.692e-03 #SS:   24
 ooCMF Iter:  270 Total= -3343.929802546677 G=    6.277e-03 #SS:   24
 ooCMF Iter:  271 Total= -3343.929802719379 G=    6.243e-03 #SS:   24
 ooCMF Iter:  272 Total= -3343.929803342069 G=    6.088e-03 #SS:   24
 ooCMF Iter:  273 Total= -3343.929803343434 G=    6.080e-03 #SS:   24
 ooCMF Iter:  274 Total= -3343.929803462792 G=    6.058e-03 #SS:   24
 ooCMF Iter:  275 Total= -3343.929803110849 G=    6.171e-03 #SS:   24
 ooCMF Iter:  276 Total= -3343.929801345763 G=    6.583e-03 #SS:   24
 ooCMF Iter:  277 Total= -3343.929799092932 G=    7.227e-03 #SS:   24
 ooCMF Iter:  278 Total= -3343.929794873287 G=    8.166e-03 #SS:   24
 ooCMF Iter:  279 Total= -3343.929794141266 G=    8.293e-03 #SS:   24
 ooCMF Iter:  280 Total= -3343.929795200869 G=    8.052e-03 #SS:   24
 ooCMF Iter:  281 Total= -3343.929789483772 G=    8.923e-03 #SS:   24
 ooCMF Iter:  282 Total= -3343.929788267304 G=    9.299e-03 #SS:   24
 ooCMF Iter:  283 Total= -3343.929788898890 G=    9.483e-03 #SS:   24
 ooCMF Iter:  284 Total= -3343.929791429891 G=    9.096e-03 #SS:   24
 ooCMF Iter:  285 Total= -3343.929787933580 G=    9.782e-03 #SS:   24
 ooCMF Iter:  286 Total= -3343.929784449422 G=    1.033e-02 #SS:   24
 ooCMF Iter:  287 Total= -3343.929784803387 G=    1.027e-02 #SS:   24
 ooCMF Iter:  288 Total= -3343.929785517898 G=    1.017e-02 #SS:   24
 ooCMF Iter:  289 Total= -3343.929781421379 G=    1.079e-02 #SS:   24
 ooCMF Iter:  290 Total= -3343.929773039684 G=    1.194e-02 #SS:   24
 ooCMF Iter:  291 Total= -3343.929773653012 G=    1.191e-02 #SS:   24
 ooCMF Iter:  292 Total= -3343.929770305707 G=    1.249e-02 #SS:   24
 ooCMF Iter:  293 Total= -3343.929773531387 G=    1.204e-02 #SS:   24
 ooCMF Iter:  294 Total= -3343.929772676324 G=    1.218e-02 #SS:   24
 ooCMF Iter:  295 Total= -3343.929768123364 G=    1.281e-02 #SS:   24
 ooCMF Iter:  296 Total= -3343.929752892130 G=    1.481e-02 #SS:   24
 ooCMF Iter:  297 Total= -3343.929751367081 G=    1.501e-02 #SS:   24
 ooCMF Iter:  298 Total= -3343.929753473287 G=    1.479e-02 #SS:   24
 ooCMF Iter:  299 Total= -3343.929743328226 G=    1.601e-02 #SS:   24
 ooCMF Iter:  300 Total= -3343.929737317455 G=    1.673e-02 #SS:   24
 ooCMF Iter:  301 Total= -3343.929749706861 G=    1.529e-02 #SS:   24
 ooCMF Iter:  302 Total= -3343.929751365512 G=    1.523e-02 #SS:   24
 ooCMF Iter:  303 Total= -3343.929768233631 G=    1.303e-02 #SS:   24
 ooCMF Iter:  304 Total= -3343.929772814465 G=    1.220e-02 #SS:   24
 ooCMF Iter:  305 Total= -3343.929743377204 G=    1.604e-02 #SS:   24
 ooCMF Iter:  306 Total= -3343.929735413797 G=    1.691e-02 #SS:   24
 ooCMF Iter:  307 Total= -3343.929735969047 G=    1.681e-02 #SS:   24
 ooCMF Iter:  308 Total= -3343.929707671578 G=    1.949e-02 #SS:   24
 ooCMF Iter:  309 Total= -3343.929722044723 G=    1.825e-02 #SS:   24
 ooCMF Iter:  310 Total= -3343.929704468097 G=    2.052e-02 #SS:   24
 ooCMF Iter:  311 Total= -3343.929705180925 G=    2.029e-02 #SS:   24
 ooCMF Iter:  312 Total= -3343.929700081740 G=    2.075e-02 #SS:   24
 ooCMF Iter:  313 Total= -3343.929699648374 G=    2.070e-02 #SS:   24
 ooCMF Iter:  314 Total= -3343.929690523014 G=    2.138e-02 #SS:   24
 ooCMF Iter:  315 Total= -3343.929696102348 G=    2.077e-02 #SS:   24
 ooCMF Iter:  316 Total= -3343.929696911164 G=    2.075e-02 #SS:   24
 ooCMF Iter:  317 Total= -3343.929699471764 G=    2.053e-02 #SS:   24
 ooCMF Iter:  318 Total= -3343.929670103517 G=    2.298e-02 #SS:   24
 ooCMF Iter:  319 Total= -3343.929635009872 G=    2.594e-02 #SS:   24
 ooCMF Iter:  320 Total= -3343.929633375225 G=    2.661e-02 #SS:   24
 ooCMF Iter:  321 Total= -3343.929501391317 G=    3.539e-02 #SS:   24
 ooCMF Iter:  322 Total= -3343.929530613779 G=    3.364e-02 #SS:   24
 ooCMF Iter:  323 Total= -3343.929529644940 G=    3.370e-02 #SS:   24
 ooCMF Iter:  324 Total= -3343.929541154986 G=    3.336e-02 #SS:   24
 ooCMF Iter:  325 Total= -3343.929561472449 G=    3.186e-02 #SS:   24
 ooCMF Iter:  326 Total= -3343.929655139995 G=    2.562e-02 #SS:   24
 ooCMF Iter:  327 Total= -3343.929671034201 G=    2.442e-02 #SS:   24
 ooCMF Iter:  328 Total= -3343.929628171344 G=    2.797e-02 #SS:   24
 ooCMF Iter:  329 Total= -3343.929661199034 G=    2.513e-02 #SS:   24
 ooCMF Iter:  330 Total= -3343.929657961673 G=    2.525e-02 #SS:   24
 ooCMF Iter:  331 Total= -3343.929627632838 G=    2.775e-02 #SS:   24
 ooCMF Iter:  332 Total= -3343.929640029785 G=    2.648e-02 #SS:   24
 ooCMF Iter:  333 Total= -3343.929641997902 G=    2.616e-02 #SS:   24
 ooCMF Iter:  334 Total= -3343.929653484554 G=    2.477e-02 #SS:   24
 ooCMF Iter:  335 Total= -3343.929606313970 G=    2.895e-02 #SS:   24
 ooCMF Iter:  336 Total= -3343.929710762433 G=    1.937e-02 #SS:   24
 ooCMF Iter:  337 Total= -3343.929719814492 G=    1.888e-02 #SS:   24
 ooCMF Iter:  338 Total= -3343.929716993255 G=    1.888e-02 #SS:   24
 ooCMF Iter:  339 Total= -3343.929710738314 G=    1.947e-02 #SS:   24
 ooCMF Iter:  340 Total= -3343.929696943006 G=    2.074e-02 #SS:   24
 ooCMF Iter:  341 Total= -3343.929675684613 G=    2.280e-02 #SS:   24
 ooCMF Iter:  342 Total= -3343.929539690458 G=    3.311e-02 #SS:   24
 ooCMF Iter:  343 Total= -3343.929609848714 G=    2.898e-02 #SS:   24
 ooCMF Iter:  344 Total= -3343.929665065886 G=    2.312e-02 #SS:   24
 ooCMF Iter:  345 Total= -3343.929580474298 G=    2.966e-02 #SS:   24
 ooCMF Iter:  346 Total= -3343.929639845805 G=    2.510e-02 #SS:   24
 ooCMF Iter:  347 Total= -3343.929563712503 G=    3.084e-02 #SS:   24
 ooCMF Iter:  348 Total= -3343.929549524220 G=    3.176e-02 #SS:   24
 ooCMF Iter:  349 Total= -3343.929556021444 G=    3.128e-02 #SS:   24
 ooCMF Iter:  350 Total= -3343.929607999760 G=    2.754e-02 #SS:   24
 ooCMF Iter:  351 Total= -3343.929515521870 G=    3.342e-02 #SS:   24
 ooCMF Iter:  352 Total= -3343.929565624289 G=    2.995e-02 #SS:   24
 ooCMF Iter:  353 Total= -3343.929538128818 G=    3.205e-02 #SS:   24
 ooCMF Iter:  354 Total= -3343.929566814228 G=    3.056e-02 #SS:   24
 ooCMF Iter:  355 Total= -3343.929530829651 G=    3.291e-02 #SS:   24
 ooCMF Iter:  356 Total= -3343.929520123370 G=    3.349e-02 #SS:   24
 ooCMF Iter:  357 Total= -3343.929519687491 G=    3.353e-02 #SS:   24
 ooCMF Iter:  358 Total= -3343.929545214747 G=    3.271e-02 #SS:   24
 ooCMF Iter:  359 Total= -3343.929547811347 G=    3.257e-02 #SS:   24
 ooCMF Iter:  360 Total= -3343.929548507935 G=    3.205e-02 #SS:   24
 ooCMF Iter:  361 Total= -3343.929558775697 G=    3.134e-02 #SS:   24
 ooCMF Iter:  362 Total= -3343.929584843450 G=    3.026e-02 #SS:   24
 ooCMF Iter:  363 Total= -3343.929582335747 G=    3.034e-02 #SS:   24
 ooCMF Iter:  364 Total= -3343.929560229738 G=    3.179e-02 #SS:   24
 ooCMF Iter:  365 Total= -3343.929565335719 G=    3.152e-02 #SS:   24
 ooCMF Iter:  366 Total= -3343.929479994467 G=    3.647e-02 #SS:   24
 ooCMF Iter:  367 Total= -3343.929517676124 G=    3.377e-02 #SS:   24
 ooCMF Iter:  368 Total= -3343.929434675593 G=    3.775e-02 #SS:   24
 ooCMF Iter:  369 Total= -3343.929389094813 G=    4.043e-02 #SS:   24
 ooCMF Iter:  370 Total= -3343.929439789025 G=    3.764e-02 #SS:   24
 ooCMF Iter:  371 Total= -3343.929316496879 G=    4.370e-02 #SS:   24
 ooCMF Iter:  372 Total= -3343.929304363089 G=    4.401e-02 #SS:   24
 ooCMF Iter:  373 Total= -3343.929427158565 G=    3.780e-02 #SS:   24
 ooCMF Iter:  374 Total= -3343.929450108810 G=    3.630e-02 #SS:   24
 ooCMF Iter:  375 Total= -3343.929486082492 G=    3.409e-02 #SS:   24
 ooCMF Iter:  376 Total= -3343.929466242802 G=    3.552e-02 #SS:   24
 ooCMF Iter:  377 Total= -3343.929482373203 G=    3.476e-02 #SS:   24
 ooCMF Iter:  378 Total= -3343.929453047385 G=    3.648e-02 #SS:   24
 ooCMF Iter:  379 Total= -3343.929354769877 G=    4.252e-02 #SS:   24
 ooCMF Iter:  380 Total= -3343.929350840865 G=    4.260e-02 #SS:   24
 ooCMF Iter:  381 Total= -3343.929338898782 G=    4.316e-02 #SS:   24
 ooCMF Iter:  382 Total= -3343.929212410175 G=    4.744e-02 #SS:   24
 ooCMF Iter:  383 Total= -3343.929149397658 G=    5.021e-02 #SS:   24
 ooCMF Iter:  384 Total= -3343.929352277254 G=    4.280e-02 #SS:   24
 ooCMF Iter:  385 Total= -3343.929420745401 G=    3.864e-02 #SS:   24
 ooCMF Iter:  386 Total= -3343.929410726282 G=    3.931e-02 #SS:   24
 ooCMF Iter:  387 Total= -3343.929389723828 G=    4.059e-02 #SS:   24
 ooCMF Iter:  388 Total= -3343.929392368455 G=    4.032e-02 #SS:   24
 ooCMF Iter:  389 Total= -3343.929316803274 G=    4.447e-02 #SS:   24
 ooCMF Iter:  390 Total= -3343.929321936618 G=    4.426e-02 #SS:   24
 ooCMF Iter:  391 Total= -3343.929353042468 G=    4.331e-02 #SS:   24
 ooCMF Iter:  392 Total= -3343.929280200116 G=    4.671e-02 #SS:   24
 ooCMF Iter:  393 Total= -3343.929280566306 G=    4.668e-02 #SS:   24
 ooCMF Iter:  394 Total= -3343.929299154805 G=    4.542e-02 #SS:   24
 ooCMF Iter:  395 Total= -3343.929298273519 G=    4.546e-02 #SS:   24
 ooCMF Iter:  396 Total= -3343.929336932481 G=    4.370e-02 #SS:   24
 ooCMF Iter:  397 Total= -3343.929350867989 G=    4.277e-02 #SS:   24
 ooCMF Iter:  398 Total= -3343.929349366744 G=    4.277e-02 #SS:   24
 ooCMF Iter:  399 Total= -3343.929332311201 G=    4.270e-02 #SS:   24
 ooCMF Iter:  400 Total= -3343.929228711985 G=    4.747e-02 #SS:   24
 ooCMF Iter:  401 Total= -3343.929198917981 G=    4.881e-02 #SS:   24
 ooCMF Iter:  402 Total= -3343.929179484284 G=    4.947e-02 #SS:   24
 ooCMF Iter:  403 Total= -3343.929060011079 G=    5.276e-02 #SS:   24
 ooCMF Iter:  404 Total= -3343.929093288139 G=    5.175e-02 #SS:   24
 ooCMF Iter:  405 Total= -3343.929093506980 G=    5.198e-02 #SS:   24
 ooCMF Iter:  406 Total= -3343.928962273552 G=    5.660e-02 #SS:   24
 ooCMF Iter:  407 Total= -3343.929039515736 G=    5.445e-02 #SS:   24
 ooCMF Iter:  408 Total= -3343.929069151769 G=    5.313e-02 #SS:   24
 ooCMF Iter:  409 Total= -3343.929000861306 G=    5.547e-02 #SS:   24
 ooCMF Iter:  410 Total= -3343.928884266013 G=    5.944e-02 #SS:   24
 ooCMF Iter:  411 Total= -3343.928850751948 G=    6.119e-02 #SS:   24
 ooCMF Iter:  412 Total= -3343.928722777443 G=    6.499e-02 #SS:   24
 ooCMF Iter:  413 Total= -3343.928693885352 G=    6.576e-02 #SS:   24
 ooCMF Iter:  414 Total= -3343.928738005818 G=    6.442e-02 #SS:   24
 ooCMF Iter:  415 Total= -3343.928730676439 G=    6.460e-02 #SS:   24
 ooCMF Iter:  416 Total= -3343.928766035343 G=    6.305e-02 #SS:   24
 ooCMF Iter:  417 Total= -3343.928781811828 G=    6.262e-02 #SS:   24
 ooCMF Iter:  418 Total= -3343.928797050279 G=    6.248e-02 #SS:   24
 ooCMF Iter:  419 Total= -3343.928806941482 G=    6.233e-02 #SS:   24
 ooCMF Iter:  420 Total= -3343.928780224949 G=    6.282e-02 #SS:   24
 ooCMF Iter:  421 Total= -3343.928775729574 G=    6.287e-02 #SS:   24
 ooCMF Iter:  422 Total= -3343.928600507211 G=    6.752e-02 #SS:   24
 ooCMF Iter:  423 Total= -3343.928501931715 G=    6.950e-02 #SS:   24
 ooCMF Iter:  424 Total= -3343.928322498428 G=    7.441e-02 #SS:   24
 ooCMF Iter:  425 Total= -3343.927981231241 G=    8.272e-02 #SS:   24
 ooCMF Iter:  426 Total= -3343.928024002629 G=    8.182e-02 #SS:   24
 ooCMF Iter:  427 Total= -3343.927968067677 G=    8.377e-02 #SS:   24
 ooCMF Iter:  428 Total= -3343.927975031591 G=    8.334e-02 #SS:   24
 ooCMF Iter:  429 Total= -3343.927945782606 G=    8.389e-02 #SS:   24
 ooCMF Iter:  430 Total= -3343.928107601932 G=    8.136e-02 #SS:   24
 ooCMF Iter:  431 Total= -3343.927912790019 G=    8.725e-02 #SS:   24
 ooCMF Iter:  432 Total= -3343.927938129053 G=    8.634e-02 #SS:   24
 ooCMF Iter:  433 Total= -3343.927685014648 G=    9.156e-02 #SS:   24
 ooCMF Iter:  434 Total= -3343.927847961209 G=    8.643e-02 #SS:   24
 ooCMF Iter:  435 Total= -3343.927902216596 G=    8.449e-02 #SS:   24
 ooCMF Iter:  436 Total= -3343.927984549566 G=    8.263e-02 #SS:   24
 ooCMF Iter:  437 Total= -3343.927875167761 G=    8.508e-02 #SS:   24
 ooCMF Iter:  438 Total= -3343.928097526645 G=    7.946e-02 #SS:   24
 ooCMF Iter:  439 Total= -3343.928294193873 G=    7.440e-02 #SS:   24
 ooCMF Iter:  440 Total= -3343.928102617049 G=    7.867e-02 #SS:   24
 ooCMF Iter:  441 Total= -3343.928171449110 G=    7.716e-02 #SS:   24
 ooCMF Iter:  442 Total= -3343.928103673696 G=    7.907e-02 #SS:   24
 ooCMF Iter:  443 Total= -3343.927839675174 G=    8.712e-02 #SS:   24
 ooCMF Iter:  444 Total= -3343.927803791329 G=    8.768e-02 #SS:   24
 ooCMF Iter:  445 Total= -3343.927836680678 G=    8.655e-02 #SS:   24
 ooCMF Iter:  446 Total= -3343.927769906202 G=    8.764e-02 #SS:   24
 ooCMF Iter:  447 Total= -3343.928069157997 G=    8.141e-02 #SS:   24
 ooCMF Iter:  448 Total= -3343.928222172367 G=    7.772e-02 #SS:   24
 ooCMF Iter:  449 Total= -3343.927701495851 G=    8.887e-02 #SS:   24
 ooCMF Iter:  450 Total= -3343.927678054328 G=    8.970e-02 #SS:   24
 ooCMF Iter:  451 Total= -3343.927764144005 G=    8.778e-02 #SS:   24
 ooCMF Iter:  452 Total= -3343.927742429451 G=    8.802e-02 #SS:   24
 ooCMF Iter:  453 Total= -3343.927888278736 G=    8.546e-02 #SS:   24
 ooCMF Iter:  454 Total= -3343.927475319620 G=    9.518e-02 #SS:   24
 ooCMF Iter:  455 Total= -3343.927305228864 G=    9.707e-02 #SS:   24
 ooCMF Iter:  456 Total= -3343.927267094380 G=    9.601e-02 #SS:   24
 ooCMF Iter:  457 Total= -3343.927260633630 G=    9.609e-02 #SS:   24
 ooCMF Iter:  458 Total= -3343.927240987792 G=    9.785e-02 #SS:   24
 ooCMF Iter:  459 Total= -3343.927328748292 G=    9.593e-02 #SS:   24
 ooCMF Iter:  460 Total= -3343.927477324816 G=    9.360e-02 #SS:   24
 ooCMF Iter:  461 Total= -3343.927503607477 G=    9.318e-02 #SS:   24
 ooCMF Iter:  462 Total= -3343.927536273860 G=    9.399e-02 #SS:   24
 ooCMF Iter:  463 Total= -3343.927737598631 G=    9.006e-02 #SS:   24
 ooCMF Iter:  464 Total= -3343.927756092083 G=    8.935e-02 #SS:   24
 ooCMF Iter:  465 Total= -3343.927686454613 G=    9.082e-02 #SS:   24
 ooCMF Iter:  466 Total= -3343.927379345528 G=    9.712e-02 #SS:   24
 ooCMF Iter:  467 Total= -3343.927081873908 G=    1.021e-01 #SS:   24
 ooCMF Iter:  468 Total= -3343.927033877346 G=    1.035e-01 #SS:   24
 ooCMF Iter:  469 Total= -3343.927480125938 G=    9.527e-02 #SS:   24
 ooCMF Iter:  470 Total= -3343.927401456830 G=    9.662e-02 #SS:   24
 ooCMF Iter:  471 Total= -3343.926820808499 G=    1.086e-01 #SS:   24
 ooCMF Iter:  472 Total= -3343.926695995650 G=    1.113e-01 #SS:   24
 ooCMF Iter:  473 Total= -3343.926374640117 G=    1.149e-01 #SS:   24
 ooCMF Iter:  474 Total= -3343.926442896109 G=    1.133e-01 #SS:   24
 ooCMF Iter:  475 Total= -3343.926463452356 G=    1.128e-01 #SS:   24
 ooCMF Iter:  476 Total= -3343.926382952489 G=    1.136e-01 #SS:   24
 ooCMF Iter:  477 Total= -3343.926350067733 G=    1.135e-01 #SS:   24
 ooCMF Iter:  478 Total= -3343.926055452517 G=    1.187e-01 #SS:   24
 ooCMF Iter:  479 Total= -3343.925903062071 G=    1.208e-01 #SS:   24
 ooCMF Iter:  480 Total= -3343.925454554448 G=    1.272e-01 #SS:   24
 ooCMF Iter:  481 Total= -3343.925414089591 G=    1.281e-01 #SS:   24
 ooCMF Iter:  482 Total= -3343.925400857272 G=    1.280e-01 #SS:   24
 ooCMF Iter:  483 Total= -3343.923858367343 G=    1.475e-01 #SS:   24
 ooCMF Iter:  484 Total= -3343.925213150154 G=    1.303e-01 #SS:   24
 ooCMF Iter:  485 Total= -3343.925725940931 G=    1.233e-01 #SS:   24
 ooCMF Iter:  486 Total= -3343.925897445706 G=    1.206e-01 #SS:   24
 ooCMF Iter:  487 Total= -3343.925204932675 G=    1.306e-01 #SS:   24
 ooCMF Iter:  488 Total= -3343.925298318890 G=    1.303e-01 #SS:   24
 ooCMF Iter:  489 Total= -3343.925341899159 G=    1.292e-01 #SS:   24
 ooCMF Iter:  490 Total= -3343.925529470637 G=    1.269e-01 #SS:   24
 ooCMF Iter:  491 Total= -3343.925512897754 G=    1.262e-01 #SS:   24
 ooCMF Iter:  492 Total= -3343.925241953665 G=    1.298e-01 #SS:   24
 ooCMF Iter:  493 Total= -3343.925513355101 G=    1.250e-01 #SS:   24
 ooCMF Iter:  494 Total= -3343.925671157119 G=    1.234e-01 #SS:   24
 ooCMF Iter:  495 Total= -3343.925638481961 G=    1.236e-01 #SS:   24
 ooCMF Iter:  496 Total= -3343.924669704978 G=    1.371e-01 #SS:   24
 ooCMF Iter:  497 Total= -3343.924679164517 G=    1.363e-01 #SS:   24
 ooCMF Iter:  498 Total= -3343.924716947194 G=    1.362e-01 #SS:   24
 ooCMF Iter:  499 Total= -3343.924423927464 G=    1.393e-01 #SS:   24
 ooCMF Iter:  500 Total= -3343.924630122843 G=    1.368e-01 #SS:   24
 38.682342 seconds (261.39 M allocations: 23.619 GiB, 7.85% gc time)
 Solve OO-CMF with DIIS
 ooCMF Iter:    1 Total= -3343.929813600025 G=    8.335e-05 #SS:    1
 ooCMF Iter:    2 Total= -3343.929813598489 G=    9.610e-05 #SS:    2
 ooCMF Iter:    3 Total= -3343.929813594913 G=    1.361e-04 #SS:    3
 ooCMF Iter:    4 Total= -3343.929813589793 G=    1.778e-04 #SS:    4
 ooCMF Iter:    5 Total= -3343.929813602357 G=    1.456e-05 #SS:    5
 ooCMF Iter:    6 Total= -3343.929813602343 G=    1.590e-05 #SS:    6
 ooCMF Iter:    7 Total= -3343.929813602375 G=    1.307e-05 #SS:    7
 ooCMF Iter:    8 Total= -3343.929813602303 G=    1.956e-05 #SS:    8
 ooCMF Iter:    9 Total= -3343.929813602325 G=    1.782e-05 #SS:    9
 ooCMF Iter:   10 Total= -3343.929813602351 G=    1.567e-05 #SS:   10
 ooCMF Iter:   11 Total= -3343.929813602356 G=    1.520e-05 #SS:   11
 ooCMF Iter:   12 Total= -3343.929813602356 G=    1.523e-05 #SS:   12
 ooCMF Iter:   13 Total= -3343.929813602356 G=    1.523e-05 #SS:   13
 ooCMF Iter:   14 Total= -3343.929813602359 G=    1.495e-05 #SS:   14
 ooCMF Iter:   15 Total= -3343.929813602363 G=    1.463e-05 #SS:   15
 ooCMF Iter:   16 Total= -3343.929813602363 G=    1.460e-05 #SS:   16
 ooCMF Iter:   17 Total= -3343.929813602363 G=    1.455e-05 #SS:   17
 ooCMF Iter:   18 Total= -3343.929813602355 G=    1.533e-05 #SS:   18
 ooCMF Iter:   19 Total= -3343.929813602358 G=    1.507e-05 #SS:   19
 ooCMF Iter:   20 Total= -3343.929813602358 G=    1.507e-05 #SS:   20
 ooCMF Iter:   21 Total= -3343.929813602361 G=    1.478e-05 #SS:   21
 ooCMF Iter:   22 Total= -3343.929813602367 G=    1.427e-05 #SS:   22
 ooCMF Iter:   23 Total= -3343.929813602380 G=    1.277e-05 #SS:   23
 ooCMF Iter:   24 Total= -3343.929813602366 G=    1.427e-05 #SS:   24
 ooCMF Iter:   25 Total= -3343.929813602358 G=    1.501e-05 #SS:   24
 ooCMF Iter:   26 Total= -3343.929813602349 G=    1.524e-05 #SS:   24
 ooCMF Iter:   27 Total= -3343.929813602299 G=    1.871e-05 #SS:   24
 ooCMF Iter:   28 Total= -3343.929813602339 G=    1.507e-05 #SS:   24
 ooCMF Iter:   29 Total= -3343.929813602347 G=    1.419e-05 #SS:   24
 ooCMF Iter:   30 Total= -3343.929813602355 G=    1.376e-05 #SS:   24
 ooCMF Iter:   31 Total= -3343.929813602270 G=    2.004e-05 #SS:   24
 ooCMF Iter:   32 Total= -3343.929813602259 G=    2.107e-05 #SS:   24
 ooCMF Iter:   33 Total= -3343.929813602282 G=    1.912e-05 #SS:   24
 ooCMF Iter:   34 Total= -3343.929813602279 G=    1.964e-05 #SS:   24
 ooCMF Iter:   35 Total= -3343.929813602298 G=    1.860e-05 #SS:   24
 ooCMF Iter:   36 Total= -3343.929813602343 G=    1.495e-05 #SS:   24
 ooCMF Iter:   37 Total= -3343.929813602341 G=    1.553e-05 #SS:   24
 ooCMF Iter:   38 Total= -3343.929813602369 G=    1.288e-05 #SS:   24
 ooCMF Iter:   39 Total= -3343.929813602376 G=    1.196e-05 #SS:   24
 ooCMF Iter:   40 Total= -3343.929813602394 G=    9.871e-06 #SS:   24
 ooCMF Iter:   41 Total= -3343.929813602330 G=    1.597e-05 #SS:   24
 ooCMF Iter:   42 Total= -3343.929813601761 G=    3.952e-05 #SS:   24
 ooCMF Iter:   43 Total= -3343.929813601690 G=    4.162e-05 #SS:   24
 ooCMF Iter:   44 Total= -3343.929813601779 G=    3.933e-05 #SS:   24
 ooCMF Iter:   45 Total= -3343.929813601695 G=    4.084e-05 #SS:   24
 ooCMF Iter:   46 Total= -3343.929813601717 G=    4.036e-05 #SS:   24
 ooCMF Iter:   47 Total= -3343.929813601718 G=    4.029e-05 #SS:   24
 ooCMF Iter:   48 Total= -3343.929813601640 G=    4.233e-05 #SS:   24
 ooCMF Iter:   49 Total= -3343.929813601755 G=    3.907e-05 #SS:   24
 ooCMF Iter:   50 Total= -3343.929813601868 G=    3.615e-05 #SS:   24
 ooCMF Iter:   51 Total= -3343.929813601883 G=    3.589e-05 #SS:   24
 ooCMF Iter:   52 Total= -3343.929813601966 G=    3.312e-05 #SS:   24
 ooCMF Iter:   53 Total= -3343.929813601934 G=    3.441e-05 #SS:   24
 ooCMF Iter:   54 Total= -3343.929813602231 G=    2.189e-05 #SS:   24
 ooCMF Iter:   55 Total= -3343.929813602212 G=    2.290e-05 #SS:   24
 ooCMF Iter:   56 Total= -3343.929813602178 G=    2.499e-05 #SS:   24
 ooCMF Iter:   57 Total= -3343.929813598809 G=    9.101e-05 #SS:   24
 ooCMF Iter:   58 Total= -3343.929813598629 G=    9.306e-05 #SS:   24
 ooCMF Iter:   59 Total= -3343.929813598704 G=    9.328e-05 #SS:   24
 ooCMF Iter:   60 Total= -3343.929813598634 G=    9.387e-05 #SS:   24
 ooCMF Iter:   61 Total= -3343.929813598927 G=    8.966e-05 #SS:   24
 ooCMF Iter:   62 Total= -3343.929813599023 G=    8.849e-05 #SS:   24
 ooCMF Iter:   63 Total= -3343.929813598006 G=    9.998e-05 #SS:   24
 ooCMF Iter:   64 Total= -3343.929813599620 G=    8.364e-05 #SS:   24
 ooCMF Iter:   65 Total= -3343.929813599081 G=    9.127e-05 #SS:   24
 ooCMF Iter:   66 Total= -3343.929813599374 G=    8.729e-05 #SS:   24
 ooCMF Iter:   67 Total= -3343.929813598935 G=    9.258e-05 #SS:   24
 ooCMF Iter:   68 Total= -3343.929813598761 G=    9.492e-05 #SS:   24
 ooCMF Iter:   69 Total= -3343.929813599974 G=    7.733e-05 #SS:   24
 ooCMF Iter:   70 Total= -3343.929813599816 G=    7.963e-05 #SS:   24
 ooCMF Iter:   71 Total= -3343.929813599902 G=    7.814e-05 #SS:   24
 ooCMF Iter:   72 Total= -3343.929813599278 G=    8.783e-05 #SS:   24
 ooCMF Iter:   73 Total= -3343.929813598520 G=    9.765e-05 #SS:   24
 ooCMF Iter:   74 Total= -3343.929813598223 G=    1.016e-04 #SS:   24
 ooCMF Iter:   75 Total= -3343.929813598952 G=    9.279e-05 #SS:   24
 ooCMF Iter:   76 Total= -3343.929813600952 G=    6.063e-05 #SS:   24
 ooCMF Iter:   77 Total= -3343.929813601218 G=    5.503e-05 #SS:   24
 ooCMF Iter:   78 Total= -3343.929813599248 G=    8.535e-05 #SS:   24
 ooCMF Iter:   79 Total= -3343.929813597959 G=    1.031e-04 #SS:   24
 ooCMF Iter:   80 Total= -3343.929813597807 G=    1.057e-04 #SS:   24
 ooCMF Iter:   81 Total= -3343.929813600193 G=    7.362e-05 #SS:   24
 ooCMF Iter:   82 Total= -3343.929813601344 G=    5.137e-05 #SS:   24
 ooCMF Iter:   83 Total= -3343.929813601291 G=    5.208e-05 #SS:   24
 ooCMF Iter:   84 Total= -3343.929813601827 G=    3.810e-05 #SS:   24
 ooCMF Iter:   85 Total= -3343.929813601822 G=    3.871e-05 #SS:   24
 ooCMF Iter:   86 Total= -3343.929813601928 G=    3.535e-05 #SS:   24
 ooCMF Iter:   87 Total= -3343.929813602115 G=    2.770e-05 #SS:   24
 ooCMF Iter:   88 Total= -3343.929813601871 G=    3.675e-05 #SS:   24
 ooCMF Iter:   89 Total= -3343.929813601825 G=    3.885e-05 #SS:   24
 ooCMF Iter:   90 Total= -3343.929813601699 G=    4.222e-05 #SS:   24
 ooCMF Iter:   91 Total= -3343.929813601839 G=    3.834e-05 #SS:   24
 ooCMF Iter:   92 Total= -3343.929813601751 G=    4.074e-05 #SS:   24
 ooCMF Iter:   93 Total= -3343.929813602146 G=    2.609e-05 #SS:   24
 ooCMF Iter:   94 Total= -3343.929813601181 G=    5.610e-05 #SS:   24
 ooCMF Iter:   95 Total= -3343.929813601536 G=    4.596e-05 #SS:   24
 ooCMF Iter:   96 Total= -3343.929813602282 G=    1.913e-05 #SS:   24
 ooCMF Iter:   97 Total= -3343.929813602266 G=    1.984e-05 #SS:   24
 ooCMF Iter:   98 Total= -3343.929813600994 G=    5.777e-05 #SS:   24
 ooCMF Iter:   99 Total= -3343.929813601376 G=    4.974e-05 #SS:   24
 ooCMF Iter:  100 Total= -3343.929813602003 G=    3.289e-05 #SS:   24
 ooCMF Iter:  101 Total= -3343.929813601883 G=    3.593e-05 #SS:   24
 ooCMF Iter:  102 Total= -3343.929813602148 G=    2.618e-05 #SS:   24
 ooCMF Iter:  103 Total= -3343.929813601372 G=    4.972e-05 #SS:   24
 ooCMF Iter:  104 Total= -3343.929813601032 G=    5.695e-05 #SS:   24
 ooCMF Iter:  105 Total= -3343.929813601178 G=    5.327e-05 #SS:   24
 ooCMF Iter:  106 Total= -3343.929813601801 G=    3.725e-05 #SS:   24
 ooCMF Iter:  107 Total= -3343.929813601702 G=    4.105e-05 #SS:   24
 ooCMF Iter:  108 Total= -3343.929813601670 G=    4.216e-05 #SS:   24
 ooCMF Iter:  109 Total= -3343.929813601773 G=    3.930e-05 #SS:   24
 ooCMF Iter:  110 Total= -3343.929813602155 G=    2.498e-05 #SS:   24
 ooCMF Iter:  111 Total= -3343.929813602243 G=    2.135e-05 #SS:   24
 ooCMF Iter:  112 Total= -3343.929813601787 G=    3.960e-05 #SS:   24
 ooCMF Iter:  113 Total= -3343.929813601783 G=    3.981e-05 #SS:   24
 ooCMF Iter:  114 Total= -3343.929813601513 G=    4.754e-05 #SS:   24
 ooCMF Iter:  115 Total= -3343.929813601546 G=    4.676e-05 #SS:   24
 ooCMF Iter:  116 Total= -3343.929813601709 G=    4.186e-05 #SS:   24
 ooCMF Iter:  117 Total= -3343.929813601745 G=    4.061e-05 #SS:   24
 ooCMF Iter:  118 Total= -3343.929813601683 G=    4.186e-05 #SS:   24
 ooCMF Iter:  119 Total= -3343.929813601336 G=    5.010e-05 #SS:   24
 ooCMF Iter:  120 Total= -3343.929813601311 G=    5.048e-05 #SS:   24
 ooCMF Iter:  121 Total= -3343.929813600756 G=    6.360e-05 #SS:   24
 ooCMF Iter:  122 Total= -3343.929813600883 G=    6.140e-05 #SS:   24
 ooCMF Iter:  123 Total= -3343.929813601262 G=    5.347e-05 #SS:   24
 ooCMF Iter:  124 Total= -3343.929813601125 G=    5.622e-05 #SS:   24
 ooCMF Iter:  125 Total= -3343.929813601158 G=    5.519e-05 #SS:   24
 ooCMF Iter:  126 Total= -3343.929813601215 G=    5.424e-05 #SS:   24
 ooCMF Iter:  127 Total= -3343.929813601069 G=    5.675e-05 #SS:   24
 ooCMF Iter:  128 Total= -3343.929813601146 G=    5.566e-05 #SS:   24
 ooCMF Iter:  129 Total= -3343.929813601083 G=    5.704e-05 #SS:   24
 ooCMF Iter:  130 Total= -3343.929813600829 G=    6.257e-05 #SS:   24
 ooCMF Iter:  131 Total= -3343.929813600726 G=    6.518e-05 #SS:   24
 ooCMF Iter:  132 Total= -3343.929813600882 G=    6.193e-05 #SS:   24
 ooCMF Iter:  133 Total= -3343.929813601239 G=    5.454e-05 #SS:   24
 ooCMF Iter:  134 Total= -3343.929813601244 G=    5.383e-05 #SS:   24
 ooCMF Iter:  135 Total= -3343.929813601239 G=    5.483e-05 #SS:   24
 ooCMF Iter:  136 Total= -3343.929813601313 G=    5.225e-05 #SS:   24
 ooCMF Iter:  137 Total= -3343.929813601429 G=    4.985e-05 #SS:   24
 ooCMF Iter:  138 Total= -3343.929813601419 G=    4.918e-05 #SS:   24
 ooCMF Iter:  139 Total= -3343.929813601578 G=    4.570e-05 #SS:   24
 ooCMF Iter:  140 Total= -3343.929813601637 G=    4.449e-05 #SS:   24
 ooCMF Iter:  141 Total= -3343.929813601640 G=    4.443e-05 #SS:   24
 ooCMF Iter:  142 Total= -3343.929813601613 G=    4.488e-05 #SS:   24
 ooCMF Iter:  143 Total= -3343.929813600965 G=    5.911e-05 #SS:   24
 ooCMF Iter:  144 Total= -3343.929813600807 G=    6.168e-05 #SS:   24
 ooCMF Iter:  145 Total= -3343.929813600831 G=    6.173e-05 #SS:   24
 ooCMF Iter:  146 Total= -3343.929813600927 G=    5.997e-05 #SS:   24
 ooCMF Iter:  147 Total= -3343.929813600945 G=    5.947e-05 #SS:   24
 ooCMF Iter:  148 Total= -3343.929813601442 G=    4.844e-05 #SS:   24
 ooCMF Iter:  149 Total= -3343.929813601144 G=    5.457e-05 #SS:   24
 ooCMF Iter:  150 Total= -3343.929813599978 G=    7.609e-05 #SS:   24
 ooCMF Iter:  151 Total= -3343.929813600702 G=    6.334e-05 #SS:   24
 ooCMF Iter:  152 Total= -3343.929813600462 G=    6.907e-05 #SS:   24
 ooCMF Iter:  153 Total= -3343.929813600094 G=    7.521e-05 #SS:   24
 ooCMF Iter:  154 Total= -3343.929813600063 G=    7.507e-05 #SS:   24
 ooCMF Iter:  155 Total= -3343.929813599993 G=    7.651e-05 #SS:   24
 ooCMF Iter:  156 Total= -3343.929813600585 G=    6.480e-05 #SS:   24
 ooCMF Iter:  157 Total= -3343.929813600712 G=    6.265e-05 #SS:   24
 ooCMF Iter:  158 Total= -3343.929813600600 G=    6.493e-05 #SS:   24
 ooCMF Iter:  159 Total= -3343.929813600163 G=    7.414e-05 #SS:   24
 ooCMF Iter:  160 Total= -3343.929813600510 G=    6.872e-05 #SS:   24
 ooCMF Iter:  161 Total= -3343.929813600568 G=    6.742e-05 #SS:   24
 ooCMF Iter:  162 Total= -3343.929813600625 G=    6.655e-05 #SS:   24
 ooCMF Iter:  163 Total= -3343.929813601535 G=    4.671e-05 #SS:   24
 ooCMF Iter:  164 Total= -3343.929813601986 G=    3.257e-05 #SS:   24
 ooCMF Iter:  165 Total= -3343.929813602050 G=    2.999e-05 #SS:   24
 ooCMF Iter:  166 Total= -3343.929813602190 G=    2.416e-05 #SS:   24
 ooCMF Iter:  167 Total= -3343.929813602184 G=    2.391e-05 #SS:   24
 ooCMF Iter:  168 Total= -3343.929813602202 G=    2.308e-05 #SS:   24
 ooCMF Iter:  169 Total= -3343.929813602177 G=    2.443e-05 #SS:   24
 ooCMF Iter:  170 Total= -3343.929813602289 G=    1.849e-05 #SS:   24
 ooCMF Iter:  171 Total= -3343.929813602387 G=    1.045e-05 #SS:   24
 ooCMF Iter:  172 Total= -3343.929813602339 G=    1.537e-05 #SS:   24
 ooCMF Iter:  173 Total= -3343.929813602335 G=    1.510e-05 #SS:   24
 ooCMF Iter:  174 Total= -3343.929813601813 G=    3.768e-05 #SS:   24
 ooCMF Iter:  175 Total= -3343.929813601905 G=    3.453e-05 #SS:   24
 ooCMF Iter:  176 Total= -3343.929813601935 G=    3.373e-05 #SS:   24
 ooCMF Iter:  177 Total= -3343.929813602132 G=    2.605e-05 #SS:   24
 ooCMF Iter:  178 Total= -3343.929813602126 G=    2.617e-05 #SS:   24
 ooCMF Iter:  179 Total= -3343.929813602299 G=    1.768e-05 #SS:   24
 ooCMF Iter:  180 Total= -3343.929813602227 G=    2.166e-05 #SS:   24
 ooCMF Iter:  181 Total= -3343.929813602236 G=    2.108e-05 #SS:   24
 ooCMF Iter:  182 Total= -3343.929813602188 G=    2.405e-05 #SS:   24
 ooCMF Iter:  183 Total= -3343.929813602232 G=    2.245e-05 #SS:   24
 ooCMF Iter:  184 Total= -3343.929813602189 G=    2.442e-05 #SS:   24
 ooCMF Iter:  185 Total= -3343.929813602214 G=    2.269e-05 #SS:   24
 ooCMF Iter:  186 Total= -3343.929813602221 G=    2.250e-05 #SS:   24
 ooCMF Iter:  187 Total= -3343.929813602180 G=    2.356e-05 #SS:   24
 ooCMF Iter:  188 Total= -3343.929813602229 G=    2.151e-05 #SS:   24
 ooCMF Iter:  189 Total= -3343.929813602114 G=    2.593e-05 #SS:   24
 ooCMF Iter:  190 Total= -3343.929813602087 G=    2.692e-05 #SS:   24
 ooCMF Iter:  191 Total= -3343.929813602188 G=    2.340e-05 #SS:   24
 ooCMF Iter:  192 Total= -3343.929813602304 G=    1.705e-05 #SS:   24
 ooCMF Iter:  193 Total= -3343.929813602286 G=    1.835e-05 #SS:   24
 ooCMF Iter:  194 Total= -3343.929813602232 G=    2.080e-05 #SS:   24
 ooCMF Iter:  195 Total= -3343.929813602111 G=    2.660e-05 #SS:   24
 ooCMF Iter:  196 Total= -3343.929813602157 G=    2.468e-05 #SS:   24
 ooCMF Iter:  197 Total= -3343.929813602158 G=    2.475e-05 #SS:   24
 ooCMF Iter:  198 Total= -3343.929813601926 G=    3.386e-05 #SS:   24
 ooCMF Iter:  199 Total= -3343.929813601930 G=    3.410e-05 #SS:   24
 ooCMF Iter:  200 Total= -3343.929813601913 G=    3.484e-05 #SS:   24
 ooCMF Iter:  201 Total= -3343.929813602084 G=    2.871e-05 #SS:   24
 ooCMF Iter:  202 Total= -3343.929813601930 G=    3.394e-05 #SS:   24
 ooCMF Iter:  203 Total= -3343.929813601890 G=    3.574e-05 #SS:   24
 ooCMF Iter:  204 Total= -3343.929813601910 G=    3.522e-05 #SS:   24
 ooCMF Iter:  205 Total= -3343.929813601966 G=    3.323e-05 #SS:   24
 ooCMF Iter:  206 Total= -3343.929813601855 G=    3.723e-05 #SS:   24
 ooCMF Iter:  207 Total= -3343.929813601828 G=    3.826e-05 #SS:   24
 ooCMF Iter:  208 Total= -3343.929813601734 G=    4.114e-05 #SS:   24
 ooCMF Iter:  209 Total= -3343.929813601711 G=    4.178e-05 #SS:   24
 ooCMF Iter:  210 Total= -3343.929813601660 G=    4.268e-05 #SS:   24
 ooCMF Iter:  211 Total= -3343.929813601672 G=    4.253e-05 #SS:   24
 ooCMF Iter:  212 Total= -3343.929813601629 G=    4.347e-05 #SS:   24
 ooCMF Iter:  213 Total= -3343.929813601715 G=    4.091e-05 #SS:   24
 ooCMF Iter:  214 Total= -3343.929813602007 G=    3.163e-05 #SS:   24
 ooCMF Iter:  215 Total= -3343.929813602032 G=    3.059e-05 #SS:   24
 ooCMF Iter:  216 Total= -3343.929813602052 G=    2.969e-05 #SS:   24
 ooCMF Iter:  217 Total= -3343.929813602163 G=    2.574e-05 #SS:   24
 ooCMF Iter:  218 Total= -3343.929813602026 G=    3.153e-05 #SS:   24
 ooCMF Iter:  219 Total= -3343.929813602075 G=    2.921e-05 #SS:   24
 ooCMF Iter:  220 Total= -3343.929813601848 G=    3.747e-05 #SS:   24
 ooCMF Iter:  221 Total= -3343.929813601438 G=    4.802e-05 #SS:   24
 ooCMF Iter:  222 Total= -3343.929813601342 G=    5.072e-05 #SS:   24
 ooCMF Iter:  223 Total= -3343.929813601411 G=    4.960e-05 #SS:   24
 ooCMF Iter:  224 Total= -3343.929813601341 G=    5.005e-05 #SS:   24
 ooCMF Iter:  225 Total= -3343.929813601361 G=    4.974e-05 #SS:   24
 ooCMF Iter:  226 Total= -3343.929813601365 G=    4.963e-05 #SS:   24
 ooCMF Iter:  227 Total= -3343.929813601624 G=    4.440e-05 #SS:   24
 ooCMF Iter:  228 Total= -3343.929813601935 G=    3.489e-05 #SS:   24
 ooCMF Iter:  229 Total= -3343.929813601839 G=    3.782e-05 #SS:   24
 ooCMF Iter:  230 Total= -3343.929813601778 G=    3.969e-05 #SS:   24
 ooCMF Iter:  231 Total= -3343.929813601836 G=    3.835e-05 #SS:   24
 ooCMF Iter:  232 Total= -3343.929813601635 G=    4.343e-05 #SS:   24
 ooCMF Iter:  233 Total= -3343.929813601972 G=    3.348e-05 #SS:   24
 ooCMF Iter:  234 Total= -3343.929813601869 G=    3.724e-05 #SS:   24
 ooCMF Iter:  235 Total= -3343.929813601904 G=    3.628e-05 #SS:   24
 ooCMF Iter:  236 Total= -3343.929813601896 G=    3.650e-05 #SS:   24
 ooCMF Iter:  237 Total= -3343.929813601892 G=    3.665e-05 #SS:   24
 ooCMF Iter:  238 Total= -3343.929813601807 G=    3.916e-05 #SS:   24
 ooCMF Iter:  239 Total= -3343.929813601738 G=    4.088e-05 #SS:   24
 ooCMF Iter:  240 Total= -3343.929813601593 G=    4.525e-05 #SS:   24
 ooCMF Iter:  241 Total= -3343.929813601190 G=    5.410e-05 #SS:   24
 ooCMF Iter:  242 Total= -3343.929813601354 G=    5.020e-05 #SS:   24
 ooCMF Iter:  243 Total= -3343.929813601290 G=    5.139e-05 #SS:   24
 ooCMF Iter:  244 Total= -3343.929813601207 G=    5.378e-05 #SS:   24
 ooCMF Iter:  245 Total= -3343.929813601342 G=    5.034e-05 #SS:   24
 ooCMF Iter:  246 Total= -3343.929813601754 G=    3.995e-05 #SS:   24
 ooCMF Iter:  247 Total= -3343.929813601805 G=    3.863e-05 #SS:   24
 ooCMF Iter:  248 Total= -3343.929813601765 G=    4.002e-05 #SS:   24
 ooCMF Iter:  249 Total= -3343.929813601708 G=    4.173e-05 #SS:   24
 ooCMF Iter:  250 Total= -3343.929813601772 G=    4.014e-05 #SS:   24
 ooCMF Iter:  251 Total= -3343.929813601710 G=    4.203e-05 #SS:   24
 ooCMF Iter:  252 Total= -3343.929813601981 G=    3.268e-05 #SS:   24
 ooCMF Iter:  253 Total= -3343.929813601425 G=    4.862e-05 #SS:   24
 ooCMF Iter:  254 Total= -3343.929813601428 G=    4.850e-05 #SS:   24
 ooCMF Iter:  255 Total= -3343.929813601452 G=    4.796e-05 #SS:   24
 ooCMF Iter:  256 Total= -3343.929813601413 G=    5.012e-05 #SS:   24
 ooCMF Iter:  257 Total= -3343.929813601389 G=    5.039e-05 #SS:   24
 ooCMF Iter:  258 Total= -3343.929813599828 G=    7.598e-05 #SS:   24
 ooCMF Iter:  259 Total= -3343.929813600268 G=    7.299e-05 #SS:   24
 ooCMF Iter:  260 Total= -3343.929813600688 G=    6.477e-05 #SS:   24
 ooCMF Iter:  261 Total= -3343.929813599468 G=    8.613e-05 #SS:   24
 ooCMF Iter:  262 Total= -3343.929813600490 G=    6.900e-05 #SS:   24
 ooCMF Iter:  263 Total= -3343.929813600601 G=    6.695e-05 #SS:   24
 ooCMF Iter:  264 Total= -3343.929813600719 G=    6.465e-05 #SS:   24
 ooCMF Iter:  265 Total= -3343.929813600612 G=    6.758e-05 #SS:   24
 ooCMF Iter:  266 Total= -3343.929813601402 G=    4.981e-05 #SS:   24
 ooCMF Iter:  267 Total= -3343.929813601299 G=    5.092e-05 #SS:   24
 ooCMF Iter:  268 Total= -3343.929813601882 G=    3.491e-05 #SS:   24
 ooCMF Iter:  269 Total= -3343.929813602034 G=    3.022e-05 #SS:   24
 ooCMF Iter:  270 Total= -3343.929813602163 G=    2.589e-05 #SS:   24
 ooCMF Iter:  271 Total= -3343.929813601331 G=    5.078e-05 #SS:   24
 ooCMF Iter:  272 Total= -3343.929813601486 G=    4.492e-05 #SS:   24
 ooCMF Iter:  273 Total= -3343.929813602035 G=    3.029e-05 #SS:   24
 ooCMF Iter:  274 Total= -3343.929813602313 G=    1.709e-05 #SS:   24
 ooCMF Iter:  275 Total= -3343.929813602304 G=    1.752e-05 #SS:   24
 ooCMF Iter:  276 Total= -3343.929813602183 G=    2.424e-05 #SS:   24
 ooCMF Iter:  277 Total= -3343.929813602227 G=    2.232e-05 #SS:   24
 ooCMF Iter:  278 Total= -3343.929813602363 G=    1.256e-05 #SS:   24
 ooCMF Iter:  279 Total= -3343.929813602350 G=    1.372e-05 #SS:   24
 ooCMF Iter:  280 Total= -3343.929813602360 G=    1.285e-05 #SS:   24
 ooCMF Iter:  281 Total= -3343.929813602395 G=    9.311e-06 #SS:   24
 ooCMF Iter:  282 Total= -3343.929813602344 G=    1.488e-05 #SS:   24
 ooCMF Iter:  283 Total= -3343.929813602343 G=    1.504e-05 #SS:   24
 ooCMF Iter:  284 Total= -3343.929813602327 G=    1.623e-05 #SS:   24
 ooCMF Iter:  285 Total= -3343.929813602355 G=    1.390e-05 #SS:   24
 ooCMF Iter:  286 Total= -3343.929813602345 G=    1.498e-05 #SS:   24
 ooCMF Iter:  287 Total= -3343.929813602343 G=    1.516e-05 #SS:   24
 ooCMF Iter:  288 Total= -3343.929813602336 G=    1.567e-05 #SS:   24
 ooCMF Iter:  289 Total= -3343.929813602331 G=    1.607e-05 #SS:   24
 ooCMF Iter:  290 Total= -3343.929813602314 G=    1.681e-05 #SS:   24
 ooCMF Iter:  291 Total= -3343.929813602315 G=    1.654e-05 #SS:   24
 ooCMF Iter:  292 Total= -3343.929813602316 G=    1.649e-05 #SS:   24
 ooCMF Iter:  293 Total= -3343.929813602326 G=    1.571e-05 #SS:   24
 ooCMF Iter:  294 Total= -3343.929813602211 G=    2.322e-05 #SS:   24
 ooCMF Iter:  295 Total= -3343.929813602224 G=    2.247e-05 #SS:   24
 ooCMF Iter:  296 Total= -3343.929813602121 G=    2.630e-05 #SS:   24
 ooCMF Iter:  297 Total= -3343.929813602083 G=    2.779e-05 #SS:   24
 ooCMF Iter:  298 Total= -3343.929813601741 G=    3.929e-05 #SS:   24
 ooCMF Iter:  299 Total= -3343.929813601561 G=    4.392e-05 #SS:   24
 ooCMF Iter:  300 Total= -3343.929813601866 G=    3.586e-05 #SS:   24
 ooCMF Iter:  301 Total= -3343.929813601906 G=    3.506e-05 #SS:   24
 ooCMF Iter:  302 Total= -3343.929813601916 G=    3.506e-05 #SS:   24
 ooCMF Iter:  303 Total= -3343.929813601742 G=    3.968e-05 #SS:   24
 ooCMF Iter:  304 Total= -3343.929813601821 G=    3.778e-05 #SS:   24
 ooCMF Iter:  305 Total= -3343.929813601870 G=    3.567e-05 #SS:   24
 ooCMF Iter:  306 Total= -3343.929813602151 G=    2.603e-05 #SS:   24
 ooCMF Iter:  307 Total= -3343.929813602007 G=    3.140e-05 #SS:   24
 ooCMF Iter:  308 Total= -3343.929813601316 G=    5.038e-05 #SS:   24
 ooCMF Iter:  309 Total= -3343.929813601083 G=    5.522e-05 #SS:   24
 ooCMF Iter:  310 Total= -3343.929813601187 G=    5.294e-05 #SS:   24
 ooCMF Iter:  311 Total= -3343.929813601412 G=    4.892e-05 #SS:   24
 ooCMF Iter:  312 Total= -3343.929813601387 G=    4.977e-05 #SS:   24
 ooCMF Iter:  313 Total= -3343.929813601398 G=    4.993e-05 #SS:   24
 ooCMF Iter:  314 Total= -3343.929813600605 G=    6.432e-05 #SS:   24
 ooCMF Iter:  315 Total= -3343.929813600549 G=    6.529e-05 #SS:   24
 ooCMF Iter:  316 Total= -3343.929813600700 G=    6.278e-05 #SS:   24
 ooCMF Iter:  317 Total= -3343.929813602141 G=    2.681e-05 #SS:   24
 ooCMF Iter:  318 Total= -3343.929813602220 G=    2.328e-05 #SS:   24
 ooCMF Iter:  319 Total= -3343.929813602234 G=    2.220e-05 #SS:   24
 ooCMF Iter:  320 Total= -3343.929813602170 G=    2.416e-05 #SS:   24
 ooCMF Iter:  321 Total= -3343.929813602072 G=    2.958e-05 #SS:   24
 ooCMF Iter:  322 Total= -3343.929813602081 G=    2.944e-05 #SS:   24
 ooCMF Iter:  323 Total= -3343.929813602062 G=    3.033e-05 #SS:   24
 ooCMF Iter:  324 Total= -3343.929813602060 G=    3.003e-05 #SS:   24
 ooCMF Iter:  325 Total= -3343.929813601335 G=    5.277e-05 #SS:   24
 ooCMF Iter:  326 Total= -3343.929813600859 G=    6.119e-05 #SS:   24
 ooCMF Iter:  327 Total= -3343.929813601719 G=    4.322e-05 #SS:   24
 ooCMF Iter:  328 Total= -3343.929813601894 G=    3.731e-05 #SS:   24
 ooCMF Iter:  329 Total= -3343.929813601892 G=    3.576e-05 #SS:   24
 ooCMF Iter:  330 Total= -3343.929813601605 G=    4.455e-05 #SS:   24
 ooCMF Iter:  331 Total= -3343.929813601145 G=    5.631e-05 #SS:   24
 ooCMF Iter:  332 Total= -3343.929813601569 G=    4.553e-05 #SS:   24
 ooCMF Iter:  333 Total= -3343.929813601548 G=    4.646e-05 #SS:   24
 ooCMF Iter:  334 Total= -3343.929813601841 G=    3.653e-05 #SS:   24
 ooCMF Iter:  335 Total= -3343.929813601892 G=    3.530e-05 #SS:   24
 ooCMF Iter:  336 Total= -3343.929813601929 G=    3.457e-05 #SS:   24
 ooCMF Iter:  337 Total= -3343.929813601742 G=    4.231e-05 #SS:   24
 ooCMF Iter:  338 Total= -3343.929813601599 G=    4.609e-05 #SS:   24
 ooCMF Iter:  339 Total= -3343.929813601639 G=    4.454e-05 #SS:   24
 ooCMF Iter:  340 Total= -3343.929813601942 G=    3.437e-05 #SS:   24
 ooCMF Iter:  341 Total= -3343.929813602073 G=    2.925e-05 #SS:   24
 ooCMF Iter:  342 Total= -3343.929813601962 G=    3.352e-05 #SS:   24
 ooCMF Iter:  343 Total= -3343.929813601958 G=    3.328e-05 #SS:   24
 ooCMF Iter:  344 Total= -3343.929813601934 G=    3.411e-05 #SS:   24
 ooCMF Iter:  345 Total= -3343.929813602066 G=    2.974e-05 #SS:   24
 ooCMF Iter:  346 Total= -3343.929813602199 G=    2.369e-05 #SS:   24
 ooCMF Iter:  347 Total= -3343.929813602169 G=    2.506e-05 #SS:   24
 ooCMF Iter:  348 Total= -3343.929813602363 G=    1.268e-05 #SS:   24
 ooCMF Iter:  349 Total= -3343.929813602276 G=    1.922e-05 #SS:   24
 ooCMF Iter:  350 Total= -3343.929813602231 G=    2.123e-05 #SS:   24
 ooCMF Iter:  351 Total= -3343.929813602006 G=    3.121e-05 #SS:   24
 ooCMF Iter:  352 Total= -3343.929813602042 G=    3.007e-05 #SS:   24
 ooCMF Iter:  353 Total= -3343.929813602153 G=    2.551e-05 #SS:   24
 ooCMF Iter:  354 Total= -3343.929813602158 G=    2.542e-05 #SS:   24
 ooCMF Iter:  355 Total= -3343.929813602299 G=    1.805e-05 #SS:   24
 ooCMF Iter:  356 Total= -3343.929813602267 G=    2.040e-05 #SS:   24
 ooCMF Iter:  357 Total= -3343.929813602288 G=    1.910e-05 #SS:   24
 ooCMF Iter:  358 Total= -3343.929813601966 G=    3.289e-05 #SS:   24
 ooCMF Iter:  359 Total= -3343.929813601877 G=    3.604e-05 #SS:   24
 ooCMF Iter:  360 Total= -3343.929813601831 G=    3.725e-05 #SS:   24
 ooCMF Iter:  361 Total= -3343.929813601764 G=    3.965e-05 #SS:   24
 ooCMF Iter:  362 Total= -3343.929813601887 G=    3.471e-05 #SS:   24
 ooCMF Iter:  363 Total= -3343.929813601682 G=    4.096e-05 #SS:   24
 ooCMF Iter:  364 Total= -3343.929813601814 G=    3.698e-05 #SS:   24
 ooCMF Iter:  365 Total= -3343.929813601823 G=    3.677e-05 #SS:   24
 ooCMF Iter:  366 Total= -3343.929813601562 G=    4.431e-05 #SS:   24
 ooCMF Iter:  367 Total= -3343.929813601483 G=    4.570e-05 #SS:   24
 ooCMF Iter:  368 Total= -3343.929813601436 G=    4.798e-05 #SS:   24
 ooCMF Iter:  369 Total= -3343.929813601730 G=    3.983e-05 #SS:   24
 ooCMF Iter:  370 Total= -3343.929813601792 G=    3.817e-05 #SS:   24
 ooCMF Iter:  371 Total= -3343.929813601820 G=    3.739e-05 #SS:   24
 ooCMF Iter:  372 Total= -3343.929813601917 G=    3.467e-05 #SS:   24
 ooCMF Iter:  373 Total= -3343.929813601931 G=    3.435e-05 #SS:   24
 ooCMF Iter:  374 Total= -3343.929813601864 G=    3.640e-05 #SS:   24
 ooCMF Iter:  375 Total= -3343.929813602287 G=    1.823e-05 #SS:   24
 ooCMF Iter:  376 Total= -3343.929813602069 G=    2.798e-05 #SS:   24
 ooCMF Iter:  377 Total= -3343.929813601987 G=    3.082e-05 #SS:   24
 ooCMF Iter:  378 Total= -3343.929813601897 G=    3.417e-05 #SS:   24
 ooCMF Iter:  379 Total= -3343.929813601907 G=    3.382e-05 #SS:   24
 ooCMF Iter:  380 Total= -3343.929813601918 G=    3.348e-05 #SS:   24
 ooCMF Iter:  381 Total= -3343.929813601913 G=    3.425e-05 #SS:   24
 ooCMF Iter:  382 Total= -3343.929813601960 G=    3.310e-05 #SS:   24
 ooCMF Iter:  383 Total= -3343.929813602183 G=    2.393e-05 #SS:   24
 ooCMF Iter:  384 Total= -3343.929813602042 G=    3.032e-05 #SS:   24
 ooCMF Iter:  385 Total= -3343.929813602054 G=    2.916e-05 #SS:   24
 ooCMF Iter:  386 Total= -3343.929813602049 G=    2.882e-05 #SS:   24
 ooCMF Iter:  387 Total= -3343.929813602017 G=    3.067e-05 #SS:   24
 ooCMF Iter:  388 Total= -3343.929813602197 G=    2.324e-05 #SS:   24
 ooCMF Iter:  389 Total= -3343.929813602148 G=    2.534e-05 #SS:   24
 ooCMF Iter:  390 Total= -3343.929813602093 G=    2.754e-05 #SS:   24
 ooCMF Iter:  391 Total= -3343.929813602029 G=    3.009e-05 #SS:   24
 ooCMF Iter:  392 Total= -3343.929813602052 G=    2.931e-05 #SS:   24
 ooCMF Iter:  393 Total= -3343.929813602113 G=    2.695e-05 #SS:   24
 ooCMF Iter:  394 Total= -3343.929813602252 G=    2.050e-05 #SS:   24
 ooCMF Iter:  395 Total= -3343.929813602260 G=    2.014e-05 #SS:   24
 ooCMF Iter:  396 Total= -3343.929813602258 G=    2.026e-05 #SS:   24
 ooCMF Iter:  397 Total= -3343.929813602203 G=    2.316e-05 #SS:   24
 ooCMF Iter:  398 Total= -3343.929813602188 G=    2.348e-05 #SS:   24
 ooCMF Iter:  399 Total= -3343.929813602188 G=    2.368e-05 #SS:   24
 ooCMF Iter:  400 Total= -3343.929813602250 G=    2.056e-05 #SS:   24
 ooCMF Iter:  401 Total= -3343.929813602206 G=    2.263e-05 #SS:   24
 ooCMF Iter:  402 Total= -3343.929813601499 G=    4.472e-05 #SS:   24
 ooCMF Iter:  403 Total= -3343.929813601565 G=    4.357e-05 #SS:   24
 ooCMF Iter:  404 Total= -3343.929813601731 G=    3.887e-05 #SS:   24
 ooCMF Iter:  405 Total= -3343.929813601750 G=    3.827e-05 #SS:   24
 ooCMF Iter:  406 Total= -3343.929813601549 G=    4.397e-05 #SS:   24
 ooCMF Iter:  407 Total= -3343.929813601354 G=    4.854e-05 #SS:   24
 ooCMF Iter:  408 Total= -3343.929813601599 G=    4.248e-05 #SS:   24
 ooCMF Iter:  409 Total= -3343.929813601802 G=    3.731e-05 #SS:   24
 ooCMF Iter:  410 Total= -3343.929813601535 G=    4.431e-05 #SS:   24
 ooCMF Iter:  411 Total= -3343.929813601533 G=    4.471e-05 #SS:   24
 ooCMF Iter:  412 Total= -3343.929813601596 G=    4.291e-05 #SS:   24
 ooCMF Iter:  413 Total= -3343.929813601540 G=    4.444e-05 #SS:   24
 ooCMF Iter:  414 Total= -3343.929813600647 G=    6.334e-05 #SS:   24
 ooCMF Iter:  415 Total= -3343.929813600552 G=    6.522e-05 #SS:   24
 ooCMF Iter:  416 Total= -3343.929813601251 G=    5.385e-05 #SS:   24
 ooCMF Iter:  417 Total= -3343.929813600648 G=    6.446e-05 #SS:   24
 ooCMF Iter:  418 Total= -3343.929813600676 G=    6.362e-05 #SS:   24
 ooCMF Iter:  419 Total= -3343.929813600657 G=    6.393e-05 #SS:   24
 ooCMF Iter:  420 Total= -3343.929813600859 G=    5.987e-05 #SS:   24
 ooCMF Iter:  421 Total= -3343.929813601224 G=    5.150e-05 #SS:   24
 ooCMF Iter:  422 Total= -3343.929813602062 G=    2.943e-05 #SS:   24
 ooCMF Iter:  423 Total= -3343.929813602007 G=    3.103e-05 #SS:   24
 ooCMF Iter:  424 Total= -3343.929813601949 G=    3.340e-05 #SS:   24
 ooCMF Iter:  425 Total= -3343.929813601970 G=    3.257e-05 #SS:   24
 ooCMF Iter:  426 Total= -3343.929813601828 G=    3.784e-05 #SS:   24
 ooCMF Iter:  427 Total= -3343.929813601828 G=    3.819e-05 #SS:   24
 ooCMF Iter:  428 Total= -3343.929813601826 G=    3.817e-05 #SS:   24
 ooCMF Iter:  429 Total= -3343.929813600973 G=    5.820e-05 #SS:   24
 ooCMF Iter:  430 Total= -3343.929813601810 G=    3.783e-05 #SS:   24
 ooCMF Iter:  431 Total= -3343.929813601840 G=    3.669e-05 #SS:   24
 ooCMF Iter:  432 Total= -3343.929813602130 G=    2.672e-05 #SS:   24
 ooCMF Iter:  433 Total= -3343.929813602080 G=    2.860e-05 #SS:   24
 ooCMF Iter:  434 Total= -3343.929813602052 G=    2.993e-05 #SS:   24
 ooCMF Iter:  435 Total= -3343.929813602201 G=    2.354e-05 #SS:   24
 ooCMF Iter:  436 Total= -3343.929813602044 G=    2.977e-05 #SS:   24
 ooCMF Iter:  437 Total= -3343.929813602175 G=    2.488e-05 #SS:   24
 ooCMF Iter:  438 Total= -3343.929813602149 G=    2.604e-05 #SS:   24
 ooCMF Iter:  439 Total= -3343.929813602102 G=    2.833e-05 #SS:   24
 ooCMF Iter:  440 Total= -3343.929813602069 G=    2.847e-05 #SS:   24
 ooCMF Iter:  441 Total= -3343.929813602136 G=    2.719e-05 #SS:   24
 ooCMF Iter:  442 Total= -3343.929813602294 G=    1.798e-05 #SS:   24
 ooCMF Iter:  443 Total= -3343.929813602250 G=    2.060e-05 #SS:   24
 ooCMF Iter:  444 Total= -3343.929813602280 G=    1.866e-05 #SS:   24
 ooCMF Iter:  445 Total= -3343.929813602074 G=    2.879e-05 #SS:   24
 ooCMF Iter:  446 Total= -3343.929813602123 G=    2.692e-05 #SS:   24
 ooCMF Iter:  447 Total= -3343.929813602119 G=    2.711e-05 #SS:   24
 ooCMF Iter:  448 Total= -3343.929813602210 G=    2.297e-05 #SS:   24
 ooCMF Iter:  449 Total= -3343.929813602109 G=    2.718e-05 #SS:   24
 ooCMF Iter:  450 Total= -3343.929813602225 G=    2.235e-05 #SS:   24
 ooCMF Iter:  451 Total= -3343.929813602188 G=    2.427e-05 #SS:   24
 ooCMF Iter:  452 Total= -3343.929813602206 G=    2.365e-05 #SS:   24
 ooCMF Iter:  453 Total= -3343.929813602341 G=    1.430e-05 #SS:   24
 ooCMF Iter:  454 Total= -3343.929813602339 G=    1.440e-05 #SS:   24
 ooCMF Iter:  455 Total= -3343.929813602360 G=    1.274e-05 #SS:   24
 ooCMF Iter:  456 Total= -3343.929813602306 G=    1.705e-05 #SS:   24
 ooCMF Iter:  457 Total= -3343.929813602291 G=    1.815e-05 #SS:   24
 ooCMF Iter:  458 Total= -3343.929813602295 G=    1.764e-05 #SS:   24
 ooCMF Iter:  459 Total= -3343.929813602257 G=    1.969e-05 #SS:   24
 ooCMF Iter:  460 Total= -3343.929813602256 G=    1.981e-05 #SS:   24
 ooCMF Iter:  461 Total= -3343.929813602243 G=    2.068e-05 #SS:   24
 ooCMF Iter:  462 Total= -3343.929813602219 G=    2.177e-05 #SS:   24
 ooCMF Iter:  463 Total= -3343.929813602222 G=    2.169e-05 #SS:   24
 ooCMF Iter:  464 Total= -3343.929813602182 G=    2.411e-05 #SS:   24
 ooCMF Iter:  465 Total= -3343.929813602240 G=    2.129e-05 #SS:   24
 ooCMF Iter:  466 Total= -3343.929813602290 G=    1.808e-05 #SS:   24
 ooCMF Iter:  467 Total= -3343.929813602255 G=    2.003e-05 #SS:   24
 ooCMF Iter:  468 Total= -3343.929813602284 G=    1.839e-05 #SS:   24
 ooCMF Iter:  469 Total= -3343.929813601881 G=    3.488e-05 #SS:   24
 ooCMF Iter:  470 Total= -3343.929813602060 G=    2.891e-05 #SS:   24
 ooCMF Iter:  471 Total= -3343.929813602003 G=    3.067e-05 #SS:   24
 ooCMF Iter:  472 Total= -3343.929813602026 G=    3.011e-05 #SS:   24
 ooCMF Iter:  473 Total= -3343.929813602178 G=    2.398e-05 #SS:   24
 ooCMF Iter:  474 Total= -3343.929813602279 G=    1.865e-05 #SS:   24
 ooCMF Iter:  475 Total= -3343.929813601862 G=    3.683e-05 #SS:   24
 ooCMF Iter:  476 Total= -3343.929813601736 G=    4.031e-05 #SS:   24
 ooCMF Iter:  477 Total= -3343.929813601851 G=    3.687e-05 #SS:   24
 ooCMF Iter:  478 Total= -3343.929813601777 G=    3.940e-05 #SS:   24
 ooCMF Iter:  479 Total= -3343.929813600992 G=    5.591e-05 #SS:   24
 ooCMF Iter:  480 Total= -3343.929813600722 G=    6.263e-05 #SS:   24
 ooCMF Iter:  481 Total= -3343.929813600531 G=    6.567e-05 #SS:   24
 ooCMF Iter:  482 Total= -3343.929813600015 G=    7.431e-05 #SS:   24
 ooCMF Iter:  483 Total= -3343.929813600107 G=    7.216e-05 #SS:   24
 ooCMF Iter:  484 Total= -3343.929813600286 G=    6.985e-05 #SS:   24
 ooCMF Iter:  485 Total= -3343.929813599771 G=    7.771e-05 #SS:   24
 ooCMF Iter:  486 Total= -3343.929813599701 G=    7.865e-05 #SS:   24
 ooCMF Iter:  487 Total= -3343.929813600180 G=    7.116e-05 #SS:   24
 ooCMF Iter:  488 Total= -3343.929813600261 G=    7.004e-05 #SS:   24
 ooCMF Iter:  489 Total= -3343.929813600264 G=    7.181e-05 #SS:   24
 ooCMF Iter:  490 Total= -3343.929813601861 G=    3.645e-05 #SS:   24
 ooCMF Iter:  491 Total= -3343.929813602009 G=    3.243e-05 #SS:   24
 ooCMF Iter:  492 Total= -3343.929813601983 G=    3.337e-05 #SS:   24
 ooCMF Iter:  493 Total= -3343.929813602221 G=    2.253e-05 #SS:   24
 ooCMF Iter:  494 Total= -3343.929813602245 G=    2.089e-05 #SS:   24
 ooCMF Iter:  495 Total= -3343.929813602345 G=    1.451e-05 #SS:   24
 ooCMF Iter:  496 Total= -3343.929813602349 G=    1.400e-05 #SS:   24
 ooCMF Iter:  497 Total= -3343.929813602264 G=    1.988e-05 #SS:   24
 ooCMF Iter:  498 Total= -3343.929813602168 G=    2.470e-05 #SS:   24
 ooCMF Iter:  499 Total= -3343.929813602268 G=    1.967e-05 #SS:   24
 ooCMF Iter:  500 Total= -3343.929813601943 G=    3.287e-05 #SS:   24
 40.146447 seconds (261.44 M allocations: 23.531 GiB, 7.45% gc time)
 Solve OO-CMF with newton
 Step:    1 E: -3343.929808864630 G:     3.56e-03  
 Step:    2 E: -3343.929813600025 G:     8.33e-05  
 Step:    3 E: -3343.929813602429 G:     3.65e-06  
 Step:    4 E: -3343.929813602433 G:     1.96e-07  
 Step:    5 E: -3343.929813602433 G:     2.70e-10  
  0.213243 seconds (157.08 k allocations: 100.455 MiB)
 Solve OO-CMF with newton
 Step:    1 E: -3343.929808864630 G:     3.56e-03  
 Step:    2 E: -3343.929813579594 G:     2.99e-04  
 Step:    3 E: -3343.929813602178 G:     2.72e-05  
 Step:    4 E: -3343.929813602432 G:     1.81e-06  
 Step:    5 E: -3343.929813602433 G:     7.16e-08  
 Step:    6 E: -3343.929813602433 G:     3.48e-12  
  0.215143 seconds (148.55 k allocations: 117.856 MiB)
