Input energy:    -5355.88866618
IDX001:DIM4096:001|002|003|004|005|006|
IDX002:DIM4096:007|008|009|010|011|012|
IDX003:DIM4096:013|014|015|016|017|018|
 ooCMF Iter:    1 Total= -5355.939920387662 Active= -81.545897822421 G=     7.19e-02
 ooCMF Iter:    2 Total= -5355.941048513789 Active= -81.547025948547 G=     5.68e-02
 ooCMF Iter:    3 Total= -5355.941306527594 Active= -81.547283962353 G=     4.26e-02
 ooCMF Iter:    4 Total= -5355.941575753960 Active= -81.547553188719 G=     1.06e-02
 ooCMF Iter:    5 Total= -5355.941697498657 Active= -81.547674933416 G=     2.26e-02
 ooCMF Iter:    6 Total= -5355.941738920347 Active= -81.547716355106 G=     1.86e-02
 ooCMF Iter:    7 Total= -5355.941842041416 Active= -81.547819476174 G=     2.00e-02
 ooCMF Iter:    8 Total= -5355.941989140969 Active= -81.547966575728 G=     3.43e-02
 ooCMF Iter:    9 Total= -5355.942071525891 Active= -81.548048960650 G=     5.37e-03
 ooCMF Iter:   10 Total= -5355.942077864806 Active= -81.548055299565 G=     2.19e-03
 ooCMF Iter:   11 Total= -5355.942078610269 Active= -81.548056045028 G=     6.03e-04
 ooCMF Iter:   12 Total= -5355.942078748511 Active= -81.548056183270 G=     3.32e-04
 ooCMF Iter:   13 Total= -5355.942078768569 Active= -81.548056203328 G=     1.54e-04
 ooCMF Iter:   14 Total= -5355.942078793563 Active= -81.548056228322 G=     2.15e-04
 ooCMF Iter:   15 Total= -5355.942078807506 Active= -81.548056242264 G=     1.89e-04
 ooCMF Iter:   16 Total= -5355.942078822585 Active= -81.548056257344 G=     9.62e-05
 ooCMF Iter:   17 Total= -5355.942078824500 Active= -81.548056259258 G=     4.68e-05
 ooCMF Iter:   18 Total= -5355.942078824889 Active= -81.548056259648 G=     2.57e-05
 ooCMF Iter:   19 Total= -5355.942078824922 Active= -81.548056259680 G=     1.25e-05
 ooCMF Iter:   20 Total= -5355.942078824979 Active= -81.548056259738 G=     5.47e-06
 ooCMF Iter:   21 Total= -5355.942078824984 Active= -81.548056259742 G=     1.93e-06
 ooCMF Iter:   22 Total= -5355.942078824984 Active= -81.548056259743 G=     8.37e-07
 ooCMF Iter:   23 Total= -5355.942078824984 Active= -81.548056259743 G=     6.35e-07
 ooCMF Iter:   24 Total= -5355.942078824984 Active= -81.548056259742 G=     2.66e-07
 ooCMF Iter:   25 Total= -5355.942078824984 Active= -81.548056259742 G=     5.25e-07
 ooCMF Iter:   26 Total= -5355.942078824984 Active= -81.548056259742 G=     4.05e-07
 * Status: success

 * Candidate solution
    Final objective value:     -5.355942e+03

 * Found with
    Algorithm:     BFGS

 * Convergence measures
    |x - x'|               = 1.25e-07 ≰ 0.0e+00
    |x - x'|/|x'|          = 1.41e-06 ≰ 0.0e+00
    |f(x) - f(x')|         = 0.00e+00 ≤ 0.0e+00
    |f(x) - f(x')|/|f(x')| = 0.00e+00 ≤ 0.0e+00
    |g(x)|                 = 1.58e-07 ≰ 1.0e-08

 * Work counters
    Seconds run:   15  (vs limit Inf)
    Iterations:    25
    f(x) calls:    55
    ∇f(x) calls:   55

*ooCMF -5355.94207882 
 15.595884 seconds (1.47 M allocations: 1.085 GiB)
 ooCMF Iter:    1 Total= -5355.939920387662 Active= -81.545897822421 G=     7.19e-02
 ooCMF Iter:    2 Total= -5355.941048582406 Active= -81.547026017165 G=     5.77e-02
 ooCMF Iter:    3 Total= -5355.941306599858 Active= -81.547284034616 G=     4.24e-02
 ooCMF Iter:    4 Total= -5355.941575758286 Active= -81.547553193044 G=     1.04e-02
 ooCMF Iter:    5 Total= -5355.941694778404 Active= -81.547672213163 G=     2.29e-02
 ooCMF Iter:    6 Total= -5355.941737167371 Active= -81.547714602129 G=     1.83e-02
 ooCMF Iter:    7 Total= -5355.941841137261 Active= -81.547818572019 G=     1.97e-02
 ooCMF Iter:    8 Total= -5355.941987679745 Active= -81.547965114503 G=     3.49e-02
 ooCMF Iter:    9 Total= -5355.942070344989 Active= -81.548047779747 G=     5.33e-03
 ooCMF Iter:   10 Total= -5355.942076876210 Active= -81.548054310969 G=     4.03e-03
 ooCMF Iter:   11 Total= -5355.942077909443 Active= -81.548055344201 G=     1.97e-03
 ooCMF Iter:   12 Total= -5355.942078429684 Active= -81.548055864442 G=     7.17e-04
 ooCMF Iter:   13 Total= -5355.942078500160 Active= -81.548055934919 G=     9.02e-04
 ooCMF Iter:   14 Total= -5355.942078617748 Active= -81.548056052507 G=     4.14e-04
 ooCMF Iter:   15 Total= -5355.942078650210 Active= -81.548056084968 G=     3.82e-04
 ooCMF Iter:   16 Total= -5355.942078662601 Active= -81.548056097359 G=     3.46e-04
 ooCMF Iter:   17 Total= -5355.942078706882 Active= -81.548056141641 G=     3.03e-04
 ooCMF Iter:   18 Total= -5355.942078725904 Active= -81.548056160663 G=     5.11e-04
 ooCMF Iter:   19 Total= -5355.942078773464 Active= -81.548056208223 G=     3.79e-04
 ooCMF Iter:   20 Total= -5355.942078804715 Active= -81.548056239473 G=     3.36e-04
 ooCMF Iter:   21 Total= -5355.942078812054 Active= -81.548056246813 G=     1.44e-04
 ooCMF Iter:   22 Total= -5355.942078817122 Active= -81.548056251881 G=     1.85e-04
 ooCMF Iter:   23 Total= -5355.942078818493 Active= -81.548056253252 G=     8.88e-05
 ooCMF Iter:   24 Total= -5355.942078819890 Active= -81.548056254648 G=     4.84e-05
 ooCMF Iter:   25 Total= -5355.942078820721 Active= -81.548056255479 G=     5.92e-05
 ooCMF Iter:   26 Total= -5355.942078821228 Active= -81.548056255987 G=     5.41e-05
 ooCMF Iter:   27 Total= -5355.942078821665 Active= -81.548056256423 G=     4.62e-05
 ooCMF Iter:   28 Total= -5355.942078822635 Active= -81.548056257394 G=     7.30e-05
 ooCMF Iter:   29 Total= -5355.942078823584 Active= -81.548056258343 G=     7.56e-05
 ooCMF Iter:   30 Total= -5355.942078824219 Active= -81.548056258977 G=     4.28e-05
 ooCMF Iter:   31 Total= -5355.942078824624 Active= -81.548056259383 G=     4.82e-05
 ooCMF Iter:   32 Total= -5355.942078824773 Active= -81.548056259531 G=     2.63e-05
 ooCMF Iter:   33 Total= -5355.942078824850 Active= -81.548056259609 G=     1.28e-05
 ooCMF Iter:   34 Total= -5355.942078824880 Active= -81.548056259639 G=     1.44e-05
 ooCMF Iter:   35 Total= -5355.942078824899 Active= -81.548056259658 G=     1.62e-05
 ooCMF Iter:   36 Total= -5355.942078824916 Active= -81.548056259675 G=     7.21e-06
 ooCMF Iter:   37 Total= -5355.942078824924 Active= -81.548056259682 G=     8.45e-06
 ooCMF Iter:   38 Total= -5355.942078824928 Active= -81.548056259687 G=     5.41e-06
 ooCMF Iter:   39 Total= -5355.942078824940 Active= -81.548056259699 G=     1.02e-05
 ooCMF Iter:   40 Total= -5355.942078824947 Active= -81.548056259706 G=     6.56e-06
 ooCMF Iter:   41 Total= -5355.942078824959 Active= -81.548056259718 G=     1.12e-05
 ooCMF Iter:   42 Total= -5355.942078824968 Active= -81.548056259727 G=     6.05e-06
 ooCMF Iter:   43 Total= -5355.942078824978 Active= -81.548056259737 G=     2.97e-06
 ooCMF Iter:   44 Total= -5355.942078824981 Active= -81.548056259739 G=     2.79e-06
 ooCMF Iter:   45 Total= -5355.942078824983 Active= -81.548056259741 G=     1.64e-06
 ooCMF Iter:   46 Total= -5355.942078824983 Active= -81.548056259741 G=     1.80e-06
 ooCMF Iter:   47 Total= -5355.942078824982 Active= -81.548056259740 G=     1.59e-06
 ooCMF Iter:   48 Total= -5355.942078824983 Active= -81.548056259741 G=     1.89e-06
 ooCMF Iter:   49 Total= -5355.942078824984 Active= -81.548056259742 G=     8.78e-07
 ooCMF Iter:   50 Total= -5355.942078824984 Active= -81.548056259742 G=     8.41e-07
 ooCMF Iter:   51 Total= -5355.942078824984 Active= -81.548056259742 G=     7.99e-07
 * Status: success

 * Candidate solution
    Final objective value:     -5.355942e+03

 * Found with
    Algorithm:     Conjugate Gradient

 * Convergence measures
    |x - x'|               = 1.64e-07 ≰ 0.0e+00
    |x - x'|/|x'|          = 1.85e-06 ≰ 0.0e+00
    |f(x) - f(x')|         = 0.00e+00 ≤ 0.0e+00
    |f(x) - f(x')|/|f(x')| = 0.00e+00 ≤ 0.0e+00
    |g(x)|                 = 2.97e-07 ≰ 1.0e-08

 * Work counters
    Seconds run:   25  (vs limit Inf)
    Iterations:    50
    f(x) calls:    121
    ∇f(x) calls:   75

*ooCMF -5355.94207882 
 25.351678 seconds (2.26 M allocations: 1.705 GiB, 1.02% gc time)
 Step:    1 E: -5355.939920387662 G: 7.2e-02
 Step:    2 E: -5355.940378785004 G: 5.7e-02
 Step:    3 E: -5355.940675349978 G: 4.7e-02
 Step:    4 E: -5355.940883251807 G: 4.1e-02
 Step:    5 E: -5355.941036519200 G: 3.5e-02
 Step:    6 E: -5355.941153190129 G: 3.1e-02
 Step:    7 E: -5355.941243879641 G: 2.8e-02
 Step:    8 E: -5355.941315423624 G: 2.5e-02
 Step:    9 E: -5355.941372534193 G: 2.2e-02
 Step:   10 E: -5355.941418610963 G: 2.0e-02
 Step:   11 E: -5355.941456177191 G: 1.8e-02
 Step:   12 E: -5355.941487138089 G: 1.6e-02
 Step:   13 E: -5355.941512947395 G: 1.5e-02
 Step:   14 E: -5355.941534721894 G: 1.4e-02
 Step:   15 E: -5355.941553323561 G: 1.3e-02
 Step:   16 E: -5355.941569420112 G: 1.2e-02
 Step:   17 E: -5355.941583530327 G: 1.1e-02
 Step:   18 E: -5355.941596058373 G: 1.1e-02
 Step:   19 E: -5355.941607319916 G: 1.0e-02
 Step:   20 E: -5355.941617562116 G: 9.8e-03
 Step:   21 E: -5355.941626978967 G: 9.4e-03
 Step:   22 E: -5355.941635723100 G: 9.1e-03
 Step:   23 E: -5355.941643914918 G: 8.9e-03
 Step:   24 E: -5355.941651649629 G: 8.6e-03
 Step:   25 E: -5355.941659002728 G: 8.4e-03
 Step:   26 E: -5355.941666034235 G: 8.3e-03
 Step:   27 E: -5355.941672792010 G: 8.1e-03
 Step:   28 E: -5355.941679314329 G: 8.0e-03
 Step:   29 E: -5355.941685631903 G: 7.9e-03
 Step:   30 E: -5355.941691769457 G: 7.8e-03
 Step:   31 E: -5355.941697746971 G: 7.7e-03
 Step:   32 E: -5355.941703580654 G: 7.6e-03
 Step:   33 E: -5355.941709283719 G: 7.5e-03
 Step:   34 E: -5355.941714866984 G: 7.4e-03
 Step:   35 E: -5355.941720339347 G: 7.3e-03
 Step:   36 E: -5355.941725708183 G: 7.3e-03
 Step:   37 E: -5355.941730979634 G: 7.2e-03
 Step:   38 E: -5355.941736158847 G: 7.2e-03
 Step:   39 E: -5355.941741250180 G: 7.1e-03
 Step:   40 E: -5355.941746257340 G: 7.0e-03
 Step:   41 E: -5355.941751183514 G: 7.0e-03
 Step:   42 E: -5355.941756031470 G: 6.9e-03
 Step:   43 E: -5355.941760803620 G: 6.9e-03
 Step:   44 E: -5355.941765502106 G: 6.8e-03
 Step:   45 E: -5355.941770128835 G: 6.8e-03
 Step:   46 E: -5355.941774685523 G: 6.7e-03
 Step:   47 E: -5355.941779173733 G: 6.7e-03
 Step:   48 E: -5355.941783594899 G: 6.6e-03
 Step:   49 E: -5355.941787950348 G: 6.6e-03
 Step:   50 E: -5355.941792241317 G: 6.5e-03
 Step:   51 E: -5355.941796468966 G: 6.5e-03
 Step:   52 E: -5355.941800634399 G: 6.4e-03
 Step:   53 E: -5355.941804738660 G: 6.4e-03
 Step:   54 E: -5355.941808782749 G: 6.3e-03
 Step:   55 E: -5355.941812767628 G: 6.3e-03
 Step:   56 E: -5355.941816694223 G: 6.2e-03
 Step:   57 E: -5355.941820563435 G: 6.2e-03
 Step:   58 E: -5355.941824376132 G: 6.1e-03
 Step:   59 E: -5355.941828133165 G: 6.1e-03
 Step:   60 E: -5355.941831835360 G: 6.1e-03
 Step:   61 E: -5355.941835483526 G: 6.0e-03
 Step:   62 E: -5355.941839078455 G: 6.0e-03
 Step:   63 E: -5355.941842620922 G: 5.9e-03
 Step:   64 E: -5355.941846111689 G: 5.9e-03
 Step:   65 E: -5355.941849551504 G: 5.8e-03
 Step:   66 E: -5355.941852941100 G: 5.8e-03
 Step:   67 E: -5355.941856281201 G: 5.7e-03
 Step:   68 E: -5355.941859572516 G: 5.7e-03
 Step:   69 E: -5355.941862815745 G: 5.7e-03
 Step:   70 E: -5355.941866011577 G: 5.6e-03
 Step:   71 E: -5355.941869160692 G: 5.6e-03
 Step:   72 E: -5355.941872263758 G: 5.5e-03
 Step:   73 E: -5355.941875321433 G: 5.5e-03
 Step:   74 E: -5355.941878334369 G: 5.5e-03
 Step:   75 E: -5355.941881303203 G: 5.4e-03
 Step:   76 E: -5355.941884228568 G: 5.4e-03
 Step:   77 E: -5355.941887111085 G: 5.3e-03
 Step:   78 E: -5355.941889951368 G: 5.3e-03
 Step:   79 E: -5355.941892750024 G: 5.3e-03
 Step:   80 E: -5355.941895507647 G: 5.2e-03
 Step:   81 E: -5355.941898224827 G: 5.2e-03
 Step:   82 E: -5355.941900902143 G: 5.1e-03
 Step:   83 E: -5355.941903540168 G: 5.1e-03
 Step:   84 E: -5355.941906139467 G: 5.1e-03
 Step:   85 E: -5355.941908700595 G: 5.0e-03
 Step:   86 E: -5355.941911224103 G: 5.0e-03
 Step:   87 E: -5355.941913710530 G: 5.0e-03
 Step:   88 E: -5355.941916160411 G: 4.9e-03
 Step:   89 E: -5355.941918574273 G: 4.9e-03
 Step:   90 E: -5355.941920952632 G: 4.8e-03
 Step:   91 E: -5355.941923296004 G: 4.8e-03
 Step:   92 E: -5355.941925604893 G: 4.8e-03
 Step:   93 E: -5355.941927879798 G: 4.7e-03
 Step:   94 E: -5355.941930121206 G: 4.7e-03
 Step:   95 E: -5355.941932329605 G: 4.7e-03
 Step:   96 E: -5355.941934505470 G: 4.6e-03
 Step:   97 E: -5355.941936649273 G: 4.6e-03
 Step:   98 E: -5355.941938761478 G: 4.6e-03
 Step:   99 E: -5355.941940842544 G: 4.5e-03
 Step:  100 E: -5355.941942892921 G: 4.5e-03
 Step:  101 E: -5355.941944913055 G: 4.5e-03
 Step:  102 E: -5355.941946903385 G: 4.4e-03
 Step:  103 E: -5355.941948864342 G: 4.4e-03
 Step:  104 E: -5355.941950796354 G: 4.4e-03
 Step:  105 E: -5355.941952699842 G: 4.3e-03
 Step:  106 E: -5355.941954575219 G: 4.3e-03
 Step:  107 E: -5355.941956422897 G: 4.3e-03
 Step:  108 E: -5355.941958243277 G: 4.2e-03
 Step:  109 E: -5355.941960036757 G: 4.2e-03
 Step:  110 E: -5355.941961803728 G: 4.2e-03
 Step:  111 E: -5355.941963544578 G: 4.1e-03
 Step:  112 E: -5355.941965259688 G: 4.1e-03
 Step:  113 E: -5355.941966949432 G: 4.1e-03
 Step:  114 E: -5355.941968614182 G: 4.1e-03
 Step:  115 E: -5355.941970254300 G: 4.0e-03
 Step:  116 E: -5355.941971870148 G: 4.0e-03
 Step:  117 E: -5355.941973462081 G: 4.0e-03
 Step:  118 E: -5355.941975030448 G: 3.9e-03
 Step:  119 E: -5355.941976575593 G: 3.9e-03
 Step:  120 E: -5355.941978097857 G: 3.9e-03
 Step:  121 E: -5355.941979597574 G: 3.9e-03
 Step:  122 E: -5355.941981075074 G: 3.8e-03
 Step:  123 E: -5355.941982530683 G: 3.8e-03
 Step:  124 E: -5355.941983964723 G: 3.8e-03
 Step:  125 E: -5355.941985377506 G: 3.7e-03
 Step:  126 E: -5355.941986769348 G: 3.7e-03
 Step:  127 E: -5355.941988140555 G: 3.7e-03
 Step:  128 E: -5355.941989491428 G: 3.7e-03
 Step:  129 E: -5355.941990822268 G: 3.6e-03
 Step:  130 E: -5355.941992133367 G: 3.6e-03
 Step:  131 E: -5355.941993425016 G: 3.6e-03
 Step:  132 E: -5355.941994697502 G: 3.5e-03
 Step:  133 E: -5355.941995951104 G: 3.5e-03
 Step:  134 E: -5355.941997186102 G: 3.5e-03
 Step:  135 E: -5355.941998402768 G: 3.5e-03
 Step:  136 E: -5355.941999601373 G: 3.4e-03
 Step:  137 E: -5355.942000782181 G: 3.4e-03
 Step:  138 E: -5355.942001945456 G: 3.4e-03
 Step:  139 E: -5355.942003091453 G: 3.4e-03
 Step:  140 E: -5355.942004220431 G: 3.3e-03
 Step:  141 E: -5355.942005332638 G: 3.3e-03
 Step:  142 E: -5355.942006428319 G: 3.3e-03
 Step:  143 E: -5355.942007507723 G: 3.3e-03
 Step:  144 E: -5355.942008571086 G: 3.2e-03
 Step:  145 E: -5355.942009618646 G: 3.2e-03
 Step:  146 E: -5355.942010650635 G: 3.2e-03
 Step:  147 E: -5355.942011667284 G: 3.2e-03
 Step:  148 E: -5355.942012668819 G: 3.1e-03
 Step:  149 E: -5355.942013655462 G: 3.1e-03
 Step:  150 E: -5355.942014627434 G: 3.1e-03
 Step:  151 E: -5355.942015584952 G: 3.1e-03
 Step:  152 E: -5355.942016528228 G: 3.1e-03
 Step:  153 E: -5355.942017457474 G: 3.0e-03
 Step:  154 E: -5355.942018372897 G: 3.0e-03
 Step:  155 E: -5355.942019274701 G: 3.0e-03
 Step:  156 E: -5355.942020163088 G: 3.0e-03
 Step:  157 E: -5355.942021038255 G: 2.9e-03
 Step:  158 E: -5355.942021900399 G: 2.9e-03
 Step:  159 E: -5355.942022749711 G: 2.9e-03
 Step:  160 E: -5355.942023586384 G: 2.9e-03
 Step:  161 E: -5355.942024410600 G: 2.9e-03
 Step:  162 E: -5355.942025222547 G: 2.8e-03
 Step:  163 E: -5355.942026022408 G: 2.8e-03
 Step:  164 E: -5355.942026810359 G: 2.8e-03
 Step:  165 E: -5355.942027586577 G: 2.8e-03
 Step:  166 E: -5355.942028351235 G: 2.7e-03
 Step:  167 E: -5355.942029104508 G: 2.7e-03
 Step:  168 E: -5355.942029846561 G: 2.7e-03
 Step:  169 E: -5355.942030577561 G: 2.7e-03
 Step:  170 E: -5355.942031297674 G: 2.7e-03
 Step:  171 E: -5355.942032007058 G: 2.6e-03
 Step:  172 E: -5355.942032705873 G: 2.6e-03
 Step:  173 E: -5355.942033394278 G: 2.6e-03
 Step:  174 E: -5355.942034072425 G: 2.6e-03
 Step:  175 E: -5355.942034740468 G: 2.6e-03
 Step:  176 E: -5355.942035398555 G: 2.6e-03
 Step:  177 E: -5355.942036046836 G: 2.5e-03
 Step:  178 E: -5355.942036685455 G: 2.5e-03
 Step:  179 E: -5355.942037314555 G: 2.5e-03
 Step:  180 E: -5355.942037934278 G: 2.5e-03
 Step:  181 E: -5355.942038544764 G: 2.5e-03
 Step:  182 E: -5355.942039146149 G: 2.4e-03
 Step:  183 E: -5355.942039738568 G: 2.4e-03
 Step:  184 E: -5355.942040322156 G: 2.4e-03
 Step:  185 E: -5355.942040897043 G: 2.4e-03
 Step:  186 E: -5355.942041463357 G: 2.4e-03
 Step:  187 E: -5355.942042021227 G: 2.3e-03
 Step:  188 E: -5355.942042570779 G: 2.3e-03
 Step:  189 E: -5355.942043112134 G: 2.3e-03
 Step:  190 E: -5355.942043645417 G: 2.3e-03
 Step:  191 E: -5355.942044170746 G: 2.3e-03
 Step:  192 E: -5355.942044688240 G: 2.3e-03
 Step:  193 E: -5355.942045198015 G: 2.2e-03
 Step:  194 E: -5355.942045700186 G: 2.2e-03
 Step:  195 E: -5355.942046194867 G: 2.2e-03
 Step:  196 E: -5355.942046682168 G: 2.2e-03
 Step:  197 E: -5355.942047162200 G: 2.2e-03
 Step:  198 E: -5355.942047635070 G: 2.2e-03
 Step:  199 E: -5355.942048100885 G: 2.1e-03
 Step:  200 E: -5355.942048559749 G: 2.1e-03
 Step:  201 E: -5355.942049011769 G: 2.1e-03
 Step:  202 E: -5355.942049457043 G: 2.1e-03
 Step:  203 E: -5355.942049895672 G: 2.1e-03
 Step:  204 E: -5355.942050327756 G: 2.1e-03
 Step:  205 E: -5355.942050753393 G: 2.1e-03
 Step:  206 E: -5355.942051172678 G: 2.0e-03
 Step:  207 E: -5355.942051585704 G: 2.0e-03
 ...........................................
 Step:  841 E: -5355.942078823026 G: 1.7e-05
 Step:  842 E: -5355.942078823055 G: 1.7e-05
 Step:  843 E: -5355.942078823083 G: 1.7e-05
 Step:  844 E: -5355.942078823112 G: 1.7e-05
 Step:  845 E: -5355.942078823140 G: 1.7e-05
 Step:  846 E: -5355.942078823166 G: 1.6e-05
 Step:  847 E: -5355.942078823195 G: 1.6e-05
 Step:  848 E: -5355.942078823221 G: 1.6e-05
 Step:  849 E: -5355.942078823247 G: 1.6e-05
 Step:  850 E: -5355.942078823273 G: 1.6e-05
 Step:  851 E: -5355.942078823298 G: 1.6e-05
 Step:  852 E: -5355.942078823324 G: 1.6e-05
 Step:  853 E: -5355.942078823349 G: 1.6e-05
 Step:  854 E: -5355.942078823373 G: 1.6e-05
 Step:  855 E: -5355.942078823397 G: 1.5e-05
 Step:  856 E: -5355.942078823421 G: 1.5e-05
 Step:  857 E: -5355.942078823445 G: 1.5e-05
 Step:  858 E: -5355.942078823467 G: 1.5e-05
 Step:  859 E: -5355.942078823489 G: 1.5e-05
 Step:  860 E: -5355.942078823512 G: 1.5e-05
 Step:  861 E: -5355.942078823535 G: 1.5e-05
 Step:  862 E: -5355.942078823556 G: 1.5e-05
 Step:  863 E: -5355.942078823578 G: 1.5e-05
 Step:  864 E: -5355.942078823598 G: 1.4e-05
 Step:  865 E: -5355.942078823618 G: 1.4e-05
 Step:  866 E: -5355.942078823640 G: 1.4e-05
 Step:  867 E: -5355.942078823659 G: 1.4e-05
 Step:  868 E: -5355.942078823679 G: 1.4e-05
 Step:  869 E: -5355.942078823698 G: 1.4e-05
 Step:  870 E: -5355.942078823718 G: 1.4e-05
 Step:  871 E: -5355.942078823737 G: 1.4e-05
 Step:  872 E: -5355.942078823755 G: 1.4e-05
 Step:  873 E: -5355.942078823774 G: 1.3e-05
 Step:  874 E: -5355.942078823792 G: 1.3e-05
 Step:  875 E: -5355.942078823809 G: 1.3e-05
 Step:  876 E: -5355.942078823828 G: 1.3e-05
 Step:  877 E: -5355.942078823845 G: 1.3e-05
 Step:  878 E: -5355.942078823861 G: 1.3e-05
 Step:  879 E: -5355.942078823878 G: 1.3e-05
 Step:  880 E: -5355.942078823895 G: 1.3e-05
 Step:  881 E: -5355.942078823910 G: 1.3e-05
 Step:  882 E: -5355.942078823927 G: 1.3e-05
 Step:  883 E: -5355.942078823943 G: 1.2e-05
 Step:  884 E: -5355.942078823958 G: 1.2e-05
 Step:  885 E: -5355.942078823973 G: 1.2e-05
 Step:  886 E: -5355.942078823989 G: 1.2e-05
 Step:  887 E: -5355.942078824003 G: 1.2e-05
 Step:  888 E: -5355.942078824018 G: 1.2e-05
 Step:  889 E: -5355.942078824031 G: 1.2e-05
 Step:  890 E: -5355.942078824046 G: 1.2e-05
 Step:  891 E: -5355.942078824061 G: 1.2e-05
 Step:  892 E: -5355.942078824074 G: 1.2e-05
 Step:  893 E: -5355.942078824088 G: 1.2e-05
 Step:  894 E: -5355.942078824101 G: 1.1e-05
 Step:  895 E: -5355.942078824114 G: 1.1e-05
 Step:  896 E: -5355.942078824127 G: 1.1e-05
 Step:  897 E: -5355.942078824140 G: 1.1e-05
 Step:  898 E: -5355.942078824152 G: 1.1e-05
 Step:  899 E: -5355.942078824165 G: 1.1e-05
 Step:  900 E: -5355.942078824177 G: 1.1e-05
 Step:  901 E: -5355.942078824191 G: 1.1e-05
 Step:  902 E: -5355.942078824201 G: 1.1e-05
 Step:  903 E: -5355.942078824213 G: 1.1e-05
 Step:  904 E: -5355.942078824224 G: 1.1e-05
 Step:  905 E: -5355.942078824236 G: 1.1e-05
 Step:  906 E: -5355.942078824247 G: 1.1e-05
 Step:  907 E: -5355.942078824258 G: 1.0e-05
 Step:  908 E: -5355.942078824269 G: 1.0e-05
 Step:  909 E: -5355.942078824280 G: 1.0e-05
 Step:  910 E: -5355.942078824291 G: 1.0e-05
 Step:  911 E: -5355.942078824301 G: 1.0e-05
 Step:  912 E: -5355.942078824311 G: 1.0e-05
 Step:  913 E: -5355.942078824321 G: 1.0e-05
 Step:  914 E: -5355.942078824330 G: 9.9e-06
 Step:  915 E: -5355.942078824341 G: 9.8e-06
 Step:  916 E: -5355.942078824350 G: 9.7e-06
 Step:  917 E: -5355.942078824360 G: 9.7e-06
 Step:  918 E: -5355.942078824368 G: 9.6e-06
 Step:  919 E: -5355.942078824378 G: 9.5e-06
 Step:  920 E: -5355.942078824387 G: 9.5e-06
 Step:  921 E: -5355.942078824396 G: 9.4e-06
 Step:  922 E: -5355.942078824405 G: 9.3e-06
 Step:  923 E: -5355.942078824413 G: 9.2e-06
 Step:  924 E: -5355.942078824422 G: 9.2e-06
 Step:  925 E: -5355.942078824430 G: 9.1e-06
 Step:  926 E: -5355.942078824438 G: 9.0e-06
 Step:  927 E: -5355.942078824447 G: 9.0e-06
 Step:  928 E: -5355.942078824455 G: 8.9e-06
 Step:  929 E: -5355.942078824462 G: 8.8e-06
 Step:  930 E: -5355.942078824471 G: 8.8e-06
 Step:  931 E: -5355.942078824478 G: 8.7e-06
 Step:  932 E: -5355.942078824485 G: 8.6e-06
 Step:  933 E: -5355.942078824493 G: 8.6e-06
 Step:  934 E: -5355.942078824500 G: 8.5e-06
 Step:  935 E: -5355.942078824507 G: 8.4e-06
 Step:  936 E: -5355.942078824514 G: 8.4e-06
 Step:  937 E: -5355.942078824522 G: 8.3e-06
 Step:  938 E: -5355.942078824529 G: 8.3e-06
 Step:  939 E: -5355.942078824535 G: 8.2e-06
 Step:  940 E: -5355.942078824542 G: 8.1e-06
 Step:  941 E: -5355.942078824549 G: 8.1e-06
 Step:  942 E: -5355.942078824555 G: 8.0e-06
 Step:  943 E: -5355.942078824562 G: 8.0e-06
 Step:  944 E: -5355.942078824568 G: 7.9e-06
 Step:  945 E: -5355.942078824574 G: 7.8e-06
 Step:  946 E: -5355.942078824581 G: 7.8e-06
 Step:  947 E: -5355.942078824585 G: 7.7e-06
 Step:  948 E: -5355.942078824592 G: 7.7e-06
 Step:  949 E: -5355.942078824598 G: 7.6e-06
 Step:  950 E: -5355.942078824603 G: 7.5e-06
 Step:  951 E: -5355.942078824610 G: 7.5e-06
 Step:  952 E: -5355.942078824615 G: 7.4e-06
 Step:  953 E: -5355.942078824621 G: 7.4e-06
 Step:  954 E: -5355.942078824626 G: 7.3e-06
 Step:  955 E: -5355.942078824631 G: 7.3e-06
 Step:  956 E: -5355.942078824637 G: 7.2e-06
 Step:  957 E: -5355.942078824642 G: 7.2e-06
 Step:  958 E: -5355.942078824647 G: 7.1e-06
 Step:  959 E: -5355.942078824652 G: 7.1e-06
 Step:  960 E: -5355.942078824657 G: 7.0e-06
 Step:  961 E: -5355.942078824662 G: 6.9e-06
 Step:  962 E: -5355.942078824667 G: 6.9e-06
 Step:  963 E: -5355.942078824672 G: 6.8e-06
 Step:  964 E: -5355.942078824676 G: 6.8e-06
 Step:  965 E: -5355.942078824680 G: 6.7e-06
 Step:  966 E: -5355.942078824685 G: 6.7e-06
 Step:  967 E: -5355.942078824689 G: 6.6e-06
 Step:  968 E: -5355.942078824693 G: 6.6e-06
 Step:  969 E: -5355.942078824698 G: 6.5e-06
 Step:  970 E: -5355.942078824703 G: 6.5e-06
 Step:  971 E: -5355.942078824707 G: 6.4e-06
 Step:  972 E: -5355.942078824711 G: 6.4e-06
 Step:  973 E: -5355.942078824714 G: 6.3e-06
 Step:  974 E: -5355.942078824719 G: 6.3e-06
 Step:  975 E: -5355.942078824723 G: 6.3e-06
 Step:  976 E: -5355.942078824726 G: 6.2e-06
 Step:  977 E: -5355.942078824731 G: 6.2e-06
 Step:  978 E: -5355.942078824734 G: 6.1e-06
 Step:  979 E: -5355.942078824738 G: 6.1e-06
 Step:  980 E: -5355.942078824742 G: 6.0e-06
 Step:  981 E: -5355.942078824745 G: 6.0e-06
 Step:  982 E: -5355.942078824749 G: 5.9e-06
 Step:  983 E: -5355.942078824753 G: 5.9e-06
 Step:  984 E: -5355.942078824755 G: 5.8e-06
 Step:  985 E: -5355.942078824760 G: 5.8e-06
 Step:  986 E: -5355.942078824763 G: 5.8e-06
 Step:  987 E: -5355.942078824766 G: 5.7e-06
 Step:  988 E: -5355.942078824769 G: 5.7e-06
 Step:  989 E: -5355.942078824772 G: 5.6e-06
 Step:  990 E: -5355.942078824775 G: 5.6e-06
 Step:  991 E: -5355.942078824779 G: 5.5e-06
 Step:  992 E: -5355.942078824782 G: 5.5e-06
 Step:  993 E: -5355.942078824785 G: 5.5e-06
 Step:  994 E: -5355.942078824788 G: 5.4e-06
 Step:  995 E: -5355.942078824791 G: 5.4e-06
 Step:  996 E: -5355.942078824793 G: 5.3e-06
 Step:  997 E: -5355.942078824796 G: 5.3e-06
 Step:  998 E: -5355.942078824799 G: 5.3e-06
 Step:  999 E: -5355.942078824802 G: 5.2e-06
 Step: 1000 E: -5355.942078824804 G: 5.2e-06
 Step: 1001 E: -5355.942078824807 G: 5.1e-06
 Step: 1002 E: -5355.942078824810 G: 5.1e-06
 Step: 1003 E: -5355.942078824812 G: 5.1e-06
 Step: 1004 E: -5355.942078824815 G: 5.0e-06
 Step: 1005 E: -5355.942078824818 G: 5.0e-06
 Step: 1006 E: -5355.942078824821 G: 5.0e-06
 Step: 1007 E: -5355.942078824823 G: 4.9e-06
 Step: 1008 E: -5355.942078824824 G: 4.9e-06
 Step: 1009 E: -5355.942078824827 G: 4.8e-06
 Step: 1010 E: -5355.942078824830 G: 4.8e-06
 Step: 1011 E: -5355.942078824832 G: 4.8e-06
 Step: 1012 E: -5355.942078824834 G: 4.7e-06
 Step: 1013 E: -5355.942078824836 G: 4.7e-06
 Step: 1014 E: -5355.942078824839 G: 4.7e-06
 Step: 1015 E: -5355.942078824841 G: 4.6e-06
 Step: 1016 E: -5355.942078824843 G: 4.6e-06
 Step: 1017 E: -5355.942078824845 G: 4.6e-06
 Step: 1018 E: -5355.942078824848 G: 4.5e-06
 Step: 1019 E: -5355.942078824849 G: 4.5e-06
 Step: 1020 E: -5355.942078824852 G: 4.5e-06
 Step: 1021 E: -5355.942078824853 G: 4.4e-06
 Step: 1022 E: -5355.942078824855 G: 4.4e-06
 Step: 1023 E: -5355.942078824857 G: 4.4e-06
 Step: 1024 E: -5355.942078824858 G: 4.3e-06
 Step: 1025 E: -5355.942078824862 G: 4.3e-06
 Step: 1026 E: -5355.942078824863 G: 4.3e-06
 Step: 1027 E: -5355.942078824864 G: 4.2e-06
 Step: 1028 E: -5355.942078824866 G: 4.2e-06
 Step: 1029 E: -5355.942078824868 G: 4.2e-06
 Step: 1030 E: -5355.942078824869 G: 4.1e-06
 Step: 1031 E: -5355.942078824871 G: 4.1e-06
 Step: 1032 E: -5355.942078824874 G: 4.1e-06
 Step: 1033 E: -5355.942078824874 G: 4.0e-06
 Step: 1034 E: -5355.942078824876 G: 4.0e-06
 Step: 1035 E: -5355.942078824878 G: 4.0e-06
 Step: 1036 E: -5355.942078824880 G: 4.0e-06
 Step: 1037 E: -5355.942078824881 G: 3.9e-06
 Step: 1038 E: -5355.942078824883 G: 3.9e-06
 Step: 1039 E: -5355.942078824884 G: 3.9e-06
 Step: 1040 E: -5355.942078824885 G: 3.8e-06
 Step: 1041 E: -5355.942078824887 G: 3.8e-06
 Step: 1042 E: -5355.942078824888 G: 3.8e-06
 Step: 1043 E: -5355.942078824890 G: 3.7e-06
 Step: 1044 E: -5355.942078824891 G: 3.7e-06
 Step: 1045 E: -5355.942078824893 G: 3.7e-06
 Step: 1046 E: -5355.942078824894 G: 3.7e-06
 Step: 1047 E: -5355.942078824895 G: 3.6e-06
 Step: 1048 E: -5355.942078824897 G: 3.6e-06
 Step: 1049 E: -5355.942078824897 G: 3.6e-06
 Step: 1050 E: -5355.942078824899 G: 3.6e-06
 Step: 1051 E: -5355.942078824901 G: 3.5e-06
 Step: 1052 E: -5355.942078824902 G: 3.5e-06
 Step: 1053 E: -5355.942078824903 G: 3.5e-06
 Step: 1054 E: -5355.942078824904 G: 3.5e-06
 Step: 1055 E: -5355.942078824904 G: 3.4e-06
 Step: 1056 E: -5355.942078824907 G: 3.4e-06
 Step: 1057 E: -5355.942078824908 G: 3.4e-06
 Step: 1058 E: -5355.942078824909 G: 3.3e-06
 Step: 1059 E: -5355.942078824910 G: 3.3e-06
 Step: 1060 E: -5355.942078824911 G: 3.3e-06
 Step: 1061 E: -5355.942078824913 G: 3.3e-06
 Step: 1062 E: -5355.942078824913 G: 3.2e-06
 Step: 1063 E: -5355.942078824914 G: 3.2e-06
 Step: 1064 E: -5355.942078824915 G: 3.2e-06
 Step: 1065 E: -5355.942078824915 G: 3.2e-06
 Step: 1066 E: -5355.942078824917 G: 3.2e-06
 Step: 1067 E: -5355.942078824918 G: 3.1e-06
 Step: 1068 E: -5355.942078824919 G: 3.1e-06
 Step: 1069 E: -5355.942078824921 G: 3.1e-06
 Step: 1070 E: -5355.942078824921 G: 3.1e-06
 Step: 1071 E: -5355.942078824922 G: 3.0e-06
 Step: 1072 E: -5355.942078824923 G: 3.0e-06
 Step: 1073 E: -5355.942078824924 G: 3.0e-06
 Step: 1074 E: -5355.942078824924 G: 3.0e-06
 Step: 1075 E: -5355.942078824925 G: 2.9e-06
 Step: 1076 E: -5355.942078824926 G: 2.9e-06
 Step: 1077 E: -5355.942078824927 G: 2.9e-06
 Step: 1078 E: -5355.942078824928 G: 2.9e-06
 Step: 1079 E: -5355.942078824929 G: 2.9e-06
 Step: 1080 E: -5355.942078824930 G: 2.8e-06
 Step: 1081 E: -5355.942078824930 G: 2.8e-06
 Step: 1082 E: -5355.942078824932 G: 2.8e-06
 Step: 1083 E: -5355.942078824932 G: 2.8e-06
 Step: 1084 E: -5355.942078824933 G: 2.8e-06
 Step: 1085 E: -5355.942078824934 G: 2.7e-06
 Step: 1086 E: -5355.942078824934 G: 2.7e-06
 Step: 1087 E: -5355.942078824935 G: 2.7e-06
 Step: 1088 E: -5355.942078824935 G: 2.7e-06
 Step: 1089 E: -5355.942078824937 G: 2.7e-06
 Step: 1090 E: -5355.942078824937 G: 2.6e-06
 Step: 1091 E: -5355.942078824939 G: 2.6e-06
 Step: 1092 E: -5355.942078824938 G: 2.6e-06
 Step: 1093 E: -5355.942078824940 G: 2.6e-06
 Step: 1094 E: -5355.942078824940 G: 2.6e-06
 Step: 1095 E: -5355.942078824940 G: 2.5e-06
 Step: 1096 E: -5355.942078824941 G: 2.5e-06
 Step: 1097 E: -5355.942078824942 G: 2.5e-06
 Step: 1098 E: -5355.942078824943 G: 2.5e-06
 Step: 1099 E: -5355.942078824943 G: 2.5e-06
 Step: 1100 E: -5355.942078824944 G: 2.4e-06
 Step: 1101 E: -5355.942078824944 G: 2.4e-06
 Step: 1102 E: -5355.942078824944 G: 2.4e-06
 Step: 1103 E: -5355.942078824945 G: 2.4e-06
 Step: 1104 E: -5355.942078824945 G: 2.4e-06
 Step: 1105 E: -5355.942078824947 G: 2.4e-06
 Step: 1106 E: -5355.942078824947 G: 2.3e-06
 Step: 1107 E: -5355.942078824947 G: 2.3e-06
 Step: 1108 E: -5355.942078824948 G: 2.3e-06
 Step: 1109 E: -5355.942078824948 G: 2.3e-06
 Step: 1110 E: -5355.942078824949 G: 2.3e-06
 Step: 1111 E: -5355.942078824950 G: 2.2e-06
 Step: 1112 E: -5355.942078824950 G: 2.2e-06
 Step: 1113 E: -5355.942078824951 G: 2.2e-06
 Step: 1114 E: -5355.942078824952 G: 2.2e-06
 Step: 1115 E: -5355.942078824953 G: 2.2e-06
 Step: 1116 E: -5355.942078824953 G: 2.2e-06
 Step: 1117 E: -5355.942078824953 G: 2.1e-06
 Step: 1118 E: -5355.942078824954 G: 2.1e-06
 Step: 1119 E: -5355.942078824954 G: 2.1e-06
 Step: 1120 E: -5355.942078824954 G: 2.1e-06
 Step: 1121 E: -5355.942078824954 G: 2.1e-06
 Step: 1122 E: -5355.942078824954 G: 2.1e-06
 Step: 1123 E: -5355.942078824955 G: 2.1e-06
 Step: 1124 E: -5355.942078824956 G: 2.0e-06
 Step: 1125 E: -5355.942078824956 G: 2.0e-06
 Step: 1126 E: -5355.942078824957 G: 2.0e-06
 Step: 1127 E: -5355.942078824957 G: 2.0e-06
 Step: 1128 E: -5355.942078824957 G: 2.0e-06
 Step: 1129 E: -5355.942078824958 G: 2.0e-06
 Step: 1130 E: -5355.942078824958 G: 1.9e-06
 Step: 1131 E: -5355.942078824959 G: 1.9e-06
 Step: 1132 E: -5355.942078824959 G: 1.9e-06
 Step: 1133 E: -5355.942078824960 G: 1.9e-06
 Step: 1134 E: -5355.942078824961 G: 1.9e-06
 Step: 1135 E: -5355.942078824960 G: 1.9e-06
 Step: 1136 E: -5355.942078824961 G: 1.9e-06
 Step: 1137 E: -5355.942078824961 G: 1.8e-06
 Step: 1138 E: -5355.942078824962 G: 1.8e-06
 Step: 1139 E: -5355.942078824962 G: 1.8e-06
 Step: 1140 E: -5355.942078824962 G: 1.8e-06
 Step: 1141 E: -5355.942078824963 G: 1.8e-06
 Step: 1142 E: -5355.942078824963 G: 1.8e-06
 Step: 1143 E: -5355.942078824964 G: 1.8e-06
 Step: 1144 E: -5355.942078824964 G: 1.8e-06
 Step: 1145 E: -5355.942078824964 G: 1.7e-06
 Step: 1146 E: -5355.942078824964 G: 1.7e-06
 Step: 1147 E: -5355.942078824964 G: 1.7e-06
 Step: 1148 E: -5355.942078824964 G: 1.7e-06
 Step: 1149 E: -5355.942078824964 G: 1.7e-06
 Step: 1150 E: -5355.942078824965 G: 1.7e-06
 Step: 1151 E: -5355.942078824964 G: 1.7e-06
 Step: 1152 E: -5355.942078824965 G: 1.7e-06
 Step: 1153 E: -5355.942078824966 G: 1.6e-06
 Step: 1154 E: -5355.942078824965 G: 1.6e-06
 Step: 1155 E: -5355.942078824966 G: 1.6e-06
 Step: 1156 E: -5355.942078824966 G: 1.6e-06
 Step: 1157 E: -5355.942078824966 G: 1.6e-06
 Step: 1158 E: -5355.942078824967 G: 1.6e-06
 Step: 1159 E: -5355.942078824968 G: 1.6e-06
 Step: 1160 E: -5355.942078824967 G: 1.6e-06
 Step: 1161 E: -5355.942078824968 G: 1.5e-06
 Step: 1162 E: -5355.942078824968 G: 1.5e-06
 Step: 1163 E: -5355.942078824968 G: 1.5e-06
 Step: 1164 E: -5355.942078824968 G: 1.5e-06
 Step: 1165 E: -5355.942078824968 G: 1.5e-06
 Step: 1166 E: -5355.942078824969 G: 1.5e-06
 Step: 1167 E: -5355.942078824969 G: 1.5e-06
 Step: 1168 E: -5355.942078824969 G: 1.5e-06
 Step: 1169 E: -5355.942078824970 G: 1.5e-06
 Step: 1170 E: -5355.942078824970 G: 1.4e-06
 Step: 1171 E: -5355.942078824970 G: 1.4e-06
 Step: 1172 E: -5355.942078824971 G: 1.4e-06
 Step: 1173 E: -5355.942078824970 G: 1.4e-06
 Step: 1174 E: -5355.942078824970 G: 1.4e-06
 Step: 1175 E: -5355.942078824971 G: 1.4e-06
 Step: 1176 E: -5355.942078824971 G: 1.4e-06
 Step: 1177 E: -5355.942078824972 G: 1.4e-06
 Step: 1178 E: -5355.942078824972 G: 1.4e-06
 Step: 1179 E: -5355.942078824972 G: 1.3e-06
 Step: 1180 E: -5355.942078824972 G: 1.3e-06
 Step: 1181 E: -5355.942078824972 G: 1.3e-06
 Step: 1182 E: -5355.942078824973 G: 1.3e-06
 Step: 1183 E: -5355.942078824973 G: 1.3e-06
 Step: 1184 E: -5355.942078824973 G: 1.3e-06
 Step: 1185 E: -5355.942078824973 G: 1.3e-06
 Step: 1186 E: -5355.942078824973 G: 1.3e-06
 Step: 1187 E: -5355.942078824974 G: 1.3e-06
 Step: 1188 E: -5355.942078824973 G: 1.3e-06
 Step: 1189 E: -5355.942078824974 G: 1.3e-06
 Step: 1190 E: -5355.942078824974 G: 1.2e-06
 Step: 1191 E: -5355.942078824974 G: 1.2e-06
 Step: 1192 E: -5355.942078824974 G: 1.2e-06
 Step: 1193 E: -5355.942078824974 G: 1.2e-06
 Step: 1194 E: -5355.942078824974 G: 1.2e-06
 Step: 1195 E: -5355.942078824974 G: 1.2e-06
 Step: 1196 E: -5355.942078824974 G: 1.2e-06
 Step: 1197 E: -5355.942078824974 G: 1.2e-06
 Step: 1198 E: -5355.942078824974 G: 1.2e-06
 Step: 1199 E: -5355.942078824974 G: 1.2e-06
 Step: 1200 E: -5355.942078824974 G: 1.2e-06
 Step: 1201 E: -5355.942078824974 G: 1.1e-06
 Step: 1202 E: -5355.942078824975 G: 1.1e-06
 Step: 1203 E: -5355.942078824975 G: 1.1e-06
 Step: 1204 E: -5355.942078824975 G: 1.1e-06
 Step: 1205 E: -5355.942078824975 G: 1.1e-06
 Step: 1206 E: -5355.942078824976 G: 1.1e-06
 Step: 1207 E: -5355.942078824975 G: 1.1e-06
 Step: 1208 E: -5355.942078824976 G: 1.1e-06
 Step: 1209 E: -5355.942078824976 G: 1.1e-06
 Step: 1210 E: -5355.942078824976 G: 1.1e-06
 Step: 1211 E: -5355.942078824975 G: 1.1e-06
 Step: 1212 E: -5355.942078824975 G: 1.1e-06
 Step: 1213 E: -5355.942078824976 G: 1.0e-06
 Step: 1214 E: -5355.942078824976 G: 1.0e-06
 Step: 1215 E: -5355.942078824976 G: 1.0e-06
 Step: 1216 E: -5355.942078824976 G: 1.0e-06
 Step: 1217 E: -5355.942078824976 G: 1.0e-06
 Step: 1218 E: -5355.942078824977 G: 1.0e-06
 Step: 1219 E: -5355.942078824977 G: 1.0e-06
 Step: 1220 E: -5355.942078824977 G: 9.9e-07
 Step: 1221 E: -5355.942078824977 G: 9.8e-07
 Step: 1222 E: -5355.942078824978 G: 9.8e-07
 Step: 1223 E: -5355.942078824977 G: 9.7e-07
 Step: 1224 E: -5355.942078824977 G: 9.6e-07
 Step: 1225 E: -5355.942078824977 G: 9.5e-07
 Step: 1226 E: -5355.942078824977 G: 9.5e-07
 Step: 1227 E: -5355.942078824978 G: 9.4e-07
 Step: 1228 E: -5355.942078824978 G: 9.3e-07
 Step: 1229 E: -5355.942078824978 G: 9.3e-07
 Step: 1230 E: -5355.942078824978 G: 9.2e-07
 Step: 1231 E: -5355.942078824978 G: 9.1e-07
 Step: 1232 E: -5355.942078824979 G: 9.0e-07
 Step: 1233 E: -5355.942078824978 G: 9.0e-07
 Step: 1234 E: -5355.942078824978 G: 8.9e-07
 Step: 1235 E: -5355.942078824979 G: 8.8e-07
 Step: 1236 E: -5355.942078824978 G: 8.8e-07
 Step: 1237 E: -5355.942078824979 G: 8.7e-07
 Step: 1238 E: -5355.942078824978 G: 8.6e-07
 Step: 1239 E: -5355.942078824979 G: 8.6e-07
 Step: 1240 E: -5355.942078824979 G: 8.5e-07
 Step: 1241 E: -5355.942078824979 G: 8.5e-07
 Step: 1242 E: -5355.942078824979 G: 8.4e-07
 Step: 1243 E: -5355.942078824980 G: 8.3e-07
 Step: 1244 E: -5355.942078824978 G: 8.3e-07
 Step: 1245 E: -5355.942078824979 G: 8.2e-07
 Step: 1246 E: -5355.942078824980 G: 8.1e-07
 Step: 1247 E: -5355.942078824980 G: 8.1e-07
 Step: 1248 E: -5355.942078824979 G: 8.0e-07
 Step: 1249 E: -5355.942078824980 G: 8.0e-07
 Step: 1250 E: -5355.942078824980 G: 7.9e-07
 Step: 1251 E: -5355.942078824979 G: 7.8e-07
 Step: 1252 E: -5355.942078824980 G: 7.8e-07
 Step: 1253 E: -5355.942078824980 G: 7.7e-07
 Step: 1254 E: -5355.942078824980 G: 7.7e-07
 Step: 1255 E: -5355.942078824980 G: 7.6e-07
 Step: 1256 E: -5355.942078824979 G: 7.6e-07
 Step: 1257 E: -5355.942078824981 G: 7.5e-07
 Step: 1258 E: -5355.942078824980 G: 7.4e-07
 Step: 1259 E: -5355.942078824980 G: 7.4e-07
 Step: 1260 E: -5355.942078824980 G: 7.3e-07
 Step: 1261 E: -5355.942078824981 G: 7.3e-07
 Step: 1262 E: -5355.942078824979 G: 7.2e-07
 Step: 1263 E: -5355.942078824980 G: 7.2e-07
 Step: 1264 E: -5355.942078824981 G: 7.1e-07
 Step: 1265 E: -5355.942078824981 G: 7.1e-07
 Step: 1266 E: -5355.942078824981 G: 7.0e-07
 Step: 1267 E: -5355.942078824981 G: 7.0e-07
 Step: 1268 E: -5355.942078824981 G: 6.9e-07
 Step: 1269 E: -5355.942078824981 G: 6.8e-07
 Step: 1270 E: -5355.942078824981 G: 6.8e-07
 Step: 1271 E: -5355.942078824982 G: 6.7e-07
 Step: 1272 E: -5355.942078824981 G: 6.7e-07
 Step: 1273 E: -5355.942078824982 G: 6.6e-07
 Step: 1274 E: -5355.942078824981 G: 6.6e-07
 Step: 1275 E: -5355.942078824981 G: 6.5e-07
 Step: 1276 E: -5355.942078824981 G: 6.5e-07
 Step: 1277 E: -5355.942078824981 G: 6.4e-07
 Step: 1278 E: -5355.942078824981 G: 6.4e-07
 Step: 1279 E: -5355.942078824982 G: 6.4e-07
 Step: 1280 E: -5355.942078824981 G: 6.3e-07
 Step: 1281 E: -5355.942078824981 G: 6.3e-07
 Step: 1282 E: -5355.942078824981 G: 6.2e-07
 Step: 1283 E: -5355.942078824982 G: 6.2e-07
 Step: 1284 E: -5355.942078824981 G: 6.1e-07
 Step: 1285 E: -5355.942078824982 G: 6.1e-07
 Step: 1286 E: -5355.942078824981 G: 6.0e-07
 Step: 1287 E: -5355.942078824982 G: 6.0e-07
 Step: 1288 E: -5355.942078824981 G: 5.9e-07
 Step: 1289 E: -5355.942078824981 G: 5.9e-07
 Step: 1290 E: -5355.942078824982 G: 5.8e-07
 Step: 1291 E: -5355.942078824983 G: 5.8e-07
 Step: 1292 E: -5355.942078824981 G: 5.8e-07
 Step: 1293 E: -5355.942078824981 G: 5.7e-07
 Step: 1294 E: -5355.942078824982 G: 5.7e-07
 Step: 1295 E: -5355.942078824982 G: 5.6e-07
 Step: 1296 E: -5355.942078824981 G: 5.6e-07
 Step: 1297 E: -5355.942078824982 G: 5.5e-07
 Step: 1298 E: -5355.942078824981 G: 5.5e-07
 Step: 1299 E: -5355.942078824982 G: 5.5e-07
 Step: 1300 E: -5355.942078824982 G: 5.4e-07
 Step: 1301 E: -5355.942078824982 G: 5.4e-07
 Step: 1302 E: -5355.942078824982 G: 5.3e-07
 Step: 1303 E: -5355.942078824982 G: 5.3e-07
 Step: 1304 E: -5355.942078824982 G: 5.3e-07
 Step: 1305 E: -5355.942078824982 G: 5.2e-07
 Step: 1306 E: -5355.942078824982 G: 5.2e-07
 Step: 1307 E: -5355.942078824983 G: 5.1e-07
 Step: 1308 E: -5355.942078824982 G: 5.1e-07
 Step: 1309 E: -5355.942078824983 G: 5.1e-07
 Step: 1310 E: -5355.942078824983 G: 5.0e-07
 Step: 1311 E: -5355.942078824982 G: 5.0e-07
 Step: 1312 E: -5355.942078824982 G: 5.0e-07
 Step: 1313 E: -5355.942078824982 G: 4.9e-07
 Step: 1314 E: -5355.942078824982 G: 4.9e-07
 Step: 1315 E: -5355.942078824983 G: 4.8e-07
 Step: 1316 E: -5355.942078824982 G: 4.8e-07
 Step: 1317 E: -5355.942078824982 G: 4.8e-07
 Step: 1318 E: -5355.942078824983 G: 4.7e-07
 Step: 1319 E: -5355.942078824982 G: 4.7e-07
 Step: 1320 E: -5355.942078824982 G: 4.7e-07
 Step: 1321 E: -5355.942078824982 G: 4.6e-07
 Step: 1322 E: -5355.942078824983 G: 4.6e-07
 Step: 1323 E: -5355.942078824983 G: 4.6e-07
 Step: 1324 E: -5355.942078824983 G: 4.5e-07
 Step: 1325 E: -5355.942078824982 G: 4.5e-07
 Step: 1326 E: -5355.942078824983 G: 4.5e-07
 Step: 1327 E: -5355.942078824982 G: 4.4e-07
 Step: 1328 E: -5355.942078824982 G: 4.4e-07
 Step: 1329 E: -5355.942078824983 G: 4.4e-07
 Step: 1330 E: -5355.942078824982 G: 4.3e-07
 Step: 1331 E: -5355.942078824983 G: 4.3e-07
 Step: 1332 E: -5355.942078824982 G: 4.3e-07
 Step: 1333 E: -5355.942078824983 G: 4.2e-07
 Step: 1334 E: -5355.942078824983 G: 4.2e-07
 Step: 1335 E: -5355.942078824983 G: 4.2e-07
 Step: 1336 E: -5355.942078824983 G: 4.1e-07
 Step: 1337 E: -5355.942078824982 G: 4.1e-07
 Step: 1338 E: -5355.942078824982 G: 4.1e-07
 Step: 1339 E: -5355.942078824983 G: 4.0e-07
 Step: 1340 E: -5355.942078824983 G: 4.0e-07
 Step: 1341 E: -5355.942078824984 G: 4.0e-07
 Step: 1342 E: -5355.942078824983 G: 4.0e-07
 Step: 1343 E: -5355.942078824982 G: 3.9e-07
 Step: 1344 E: -5355.942078824983 G: 3.9e-07
 Step: 1345 E: -5355.942078824983 G: 3.9e-07
 Step: 1346 E: -5355.942078824983 G: 3.8e-07
 Step: 1347 E: -5355.942078824984 G: 3.8e-07
 Step: 1348 E: -5355.942078824983 G: 3.8e-07
 Step: 1349 E: -5355.942078824983 G: 3.8e-07
 Step: 1350 E: -5355.942078824983 G: 3.7e-07
 Step: 1351 E: -5355.942078824983 G: 3.7e-07
 Step: 1352 E: -5355.942078824983 G: 3.7e-07
 Step: 1353 E: -5355.942078824984 G: 3.6e-07
 Step: 1354 E: -5355.942078824983 G: 3.6e-07
 Step: 1355 E: -5355.942078824984 G: 3.6e-07
 Step: 1356 E: -5355.942078824984 G: 3.6e-07
 Step: 1357 E: -5355.942078824983 G: 3.5e-07
 Step: 1358 E: -5355.942078824983 G: 3.5e-07
 Step: 1359 E: -5355.942078824983 G: 3.5e-07
 Step: 1360 E: -5355.942078824983 G: 3.5e-07
 Step: 1361 E: -5355.942078824983 G: 3.4e-07
 Step: 1362 E: -5355.942078824983 G: 3.4e-07
 Step: 1363 E: -5355.942078824983 G: 3.4e-07
 Step: 1364 E: -5355.942078824983 G: 3.4e-07
 Step: 1365 E: -5355.942078824983 G: 3.3e-07
 Step: 1366 E: -5355.942078824984 G: 3.3e-07
 Step: 1367 E: -5355.942078824983 G: 3.3e-07
 Step: 1368 E: -5355.942078824983 G: 3.3e-07
 Step: 1369 E: -5355.942078824983 G: 3.2e-07
 Step: 1370 E: -5355.942078824983 G: 3.2e-07
 Step: 1371 E: -5355.942078824984 G: 3.2e-07
 Step: 1372 E: -5355.942078824984 G: 3.2e-07
 Step: 1373 E: -5355.942078824984 G: 3.1e-07
 Step: 1374 E: -5355.942078824984 G: 3.1e-07
 Step: 1375 E: -5355.942078824984 G: 3.1e-07
 Step: 1376 E: -5355.942078824983 G: 3.1e-07
 Step: 1377 E: -5355.942078824984 G: 3.0e-07
 Step: 1378 E: -5355.942078824984 G: 3.0e-07
 Step: 1379 E: -5355.942078824984 G: 3.0e-07
 Step: 1380 E: -5355.942078824983 G: 3.0e-07
 Step: 1381 E: -5355.942078824983 G: 2.9e-07
 Step: 1382 E: -5355.942078824984 G: 2.9e-07
 Step: 1383 E: -5355.942078824984 G: 2.9e-07
 Step: 1384 E: -5355.942078824984 G: 2.9e-07
 Step: 1385 E: -5355.942078824984 G: 2.9e-07
 Step: 1386 E: -5355.942078824984 G: 2.8e-07
 Step: 1387 E: -5355.942078824984 G: 2.8e-07
 Step: 1388 E: -5355.942078824984 G: 2.8e-07
 Step: 1389 E: -5355.942078824984 G: 2.8e-07
 Step: 1390 E: -5355.942078824984 G: 2.8e-07
 Step: 1391 E: -5355.942078824983 G: 2.7e-07
 Step: 1392 E: -5355.942078824983 G: 2.7e-07
 Step: 1393 E: -5355.942078824984 G: 2.7e-07
 Step: 1394 E: -5355.942078824984 G: 2.7e-07
 Step: 1395 E: -5355.942078824984 G: 2.7e-07
 Step: 1396 E: -5355.942078824983 G: 2.6e-07
 Step: 1397 E: -5355.942078824983 G: 2.6e-07
 Step: 1398 E: -5355.942078824984 G: 2.6e-07
 Step: 1399 E: -5355.942078824984 G: 2.6e-07
 Step: 1400 E: -5355.942078824984 G: 2.6e-07
 Step: 1401 E: -5355.942078824984 G: 2.5e-07
 Step: 1402 E: -5355.942078824984 G: 2.5e-07
 Step: 1403 E: -5355.942078824984 G: 2.5e-07
 Step: 1404 E: -5355.942078824984 G: 2.5e-07
 Step: 1405 E: -5355.942078824983 G: 2.5e-07
 Step: 1406 E: -5355.942078824984 G: 2.4e-07
 Step: 1407 E: -5355.942078824983 G: 2.4e-07
 Step: 1408 E: -5355.942078824984 G: 2.4e-07
 Step: 1409 E: -5355.942078824984 G: 2.4e-07
 Step: 1410 E: -5355.942078824984 G: 2.4e-07
 Step: 1411 E: -5355.942078824984 G: 2.4e-07
 Step: 1412 E: -5355.942078824984 G: 2.3e-07
 Step: 1413 E: -5355.942078824984 G: 2.3e-07
 Step: 1414 E: -5355.942078824984 G: 2.3e-07
 Step: 1415 E: -5355.942078824984 G: 2.3e-07
 Step: 1416 E: -5355.942078824984 G: 2.3e-07
 Step: 1417 E: -5355.942078824984 G: 2.3e-07
 Step: 1418 E: -5355.942078824984 G: 2.2e-07
 Step: 1419 E: -5355.942078824983 G: 2.2e-07
 Step: 1420 E: -5355.942078824984 G: 2.2e-07
 Step: 1421 E: -5355.942078824984 G: 2.2e-07
 Step: 1422 E: -5355.942078824984 G: 2.2e-07
 Step: 1423 E: -5355.942078824984 G: 2.2e-07
 Step: 1424 E: -5355.942078824984 G: 2.1e-07
 Step: 1425 E: -5355.942078824984 G: 2.1e-07
 Step: 1426 E: -5355.942078824984 G: 2.1e-07
 Step: 1427 E: -5355.942078824984 G: 2.1e-07
 Step: 1428 E: -5355.942078824984 G: 2.1e-07
 Step: 1429 E: -5355.942078824984 G: 2.1e-07
 Step: 1430 E: -5355.942078824984 G: 2.0e-07
 Step: 1431 E: -5355.942078824983 G: 2.0e-07
 Step: 1432 E: -5355.942078824984 G: 2.0e-07
 Step: 1433 E: -5355.942078824984 G: 2.0e-07
 Step: 1434 E: -5355.942078824984 G: 2.0e-07
 Step: 1435 E: -5355.942078824983 G: 2.0e-07
 Step: 1436 E: -5355.942078824984 G: 2.0e-07
 Step: 1437 E: -5355.942078824984 G: 1.9e-07
 Step: 1438 E: -5355.942078824984 G: 1.9e-07
 Step: 1439 E: -5355.942078824984 G: 1.9e-07
 Step: 1440 E: -5355.942078824984 G: 1.9e-07
 Step: 1441 E: -5355.942078824984 G: 1.9e-07
 Step: 1442 E: -5355.942078824984 G: 1.9e-07
 Step: 1443 E: -5355.942078824984 G: 1.9e-07
 Step: 1444 E: -5355.942078824984 G: 1.8e-07
 Step: 1445 E: -5355.942078824984 G: 1.8e-07
 Step: 1446 E: -5355.942078824984 G: 1.8e-07
 Step: 1447 E: -5355.942078824984 G: 1.8e-07
 Step: 1448 E: -5355.942078824984 G: 1.8e-07
 Step: 1449 E: -5355.942078824983 G: 1.8e-07
 Step: 1450 E: -5355.942078824984 G: 1.8e-07
 Step: 1451 E: -5355.942078824984 G: 1.7e-07
 Step: 1452 E: -5355.942078824984 G: 1.7e-07
 Step: 1453 E: -5355.942078824983 G: 1.7e-07
 Step: 1454 E: -5355.942078824983 G: 1.7e-07
 Step: 1455 E: -5355.942078824984 G: 1.7e-07
 Step: 1456 E: -5355.942078824984 G: 1.7e-07
 Step: 1457 E: -5355.942078824984 G: 1.7e-07
 Step: 1458 E: -5355.942078824984 G: 1.7e-07
 Step: 1459 E: -5355.942078824984 G: 1.6e-07
 Step: 1460 E: -5355.942078824984 G: 1.6e-07
 Step: 1461 E: -5355.942078824984 G: 1.6e-07
 Step: 1462 E: -5355.942078824984 G: 1.6e-07
 Step: 1463 E: -5355.942078824984 G: 1.6e-07
 Step: 1464 E: -5355.942078824984 G: 1.6e-07
 Step: 1465 E: -5355.942078824984 G: 1.6e-07
 Step: 1466 E: -5355.942078824984 G: 1.6e-07
 Step: 1467 E: -5355.942078824984 G: 1.5e-07
 Step: 1468 E: -5355.942078824984 G: 1.5e-07
 Step: 1469 E: -5355.942078824984 G: 1.5e-07
 Step: 1470 E: -5355.942078824984 G: 1.5e-07
 Step: 1471 E: -5355.942078824984 G: 1.5e-07
 Step: 1472 E: -5355.942078824984 G: 1.5e-07
 Step: 1473 E: -5355.942078824984 G: 1.5e-07
 Step: 1474 E: -5355.942078824984 G: 1.5e-07
 Step: 1475 E: -5355.942078824984 G: 1.5e-07
 Step: 1476 E: -5355.942078824984 G: 1.4e-07
 Step: 1477 E: -5355.942078824984 G: 1.4e-07
 Step: 1478 E: -5355.942078824984 G: 1.4e-07
 Step: 1479 E: -5355.942078824984 G: 1.4e-07
 Step: 1480 E: -5355.942078824984 G: 1.4e-07
 Step: 1481 E: -5355.942078824984 G: 1.4e-07
 Step: 1482 E: -5355.942078824984 G: 1.4e-07
 Step: 1483 E: -5355.942078824984 G: 1.4e-07
 Step: 1484 E: -5355.942078824984 G: 1.4e-07
 Step: 1485 E: -5355.942078824984 G: 1.3e-07
 Step: 1486 E: -5355.942078824984 G: 1.3e-07
 Step: 1487 E: -5355.942078824984 G: 1.3e-07
 Step: 1488 E: -5355.942078824984 G: 1.3e-07
 Step: 1489 E: -5355.942078824984 G: 1.3e-07
 Step: 1490 E: -5355.942078824984 G: 1.3e-07
 Step: 1491 E: -5355.942078824984 G: 1.3e-07
 Step: 1492 E: -5355.942078824984 G: 1.3e-07
 Step: 1493 E: -5355.942078824984 G: 1.3e-07
 Step: 1494 E: -5355.942078824984 G: 1.3e-07
 Step: 1495 E: -5355.942078824984 G: 1.3e-07
 Step: 1496 E: -5355.942078824984 G: 1.2e-07
 Step: 1497 E: -5355.942078824984 G: 1.2e-07
 Step: 1498 E: -5355.942078824984 G: 1.2e-07
 Step: 1499 E: -5355.942078824984 G: 1.2e-07
 Step: 1500 E: -5355.942078824984 G: 1.2e-07
 Step: 1501 E: -5355.942078824984 G: 1.2e-07
 Step: 1502 E: -5355.942078824984 G: 1.2e-07
 Step: 1503 E: -5355.942078824984 G: 1.2e-07
 Step: 1504 E: -5355.942078824984 G: 1.2e-07
 Step: 1505 E: -5355.942078824984 G: 1.2e-07
 Step: 1506 E: -5355.942078824984 G: 1.2e-07
 Step: 1507 E: -5355.942078824984 G: 1.1e-07
 Step: 1508 E: -5355.942078824984 G: 1.1e-07
 Step: 1509 E: -5355.942078824984 G: 1.1e-07
 Step: 1510 E: -5355.942078824984 G: 1.1e-07
 Step: 1511 E: -5355.942078824984 G: 1.1e-07
 Step: 1512 E: -5355.942078824984 G: 1.1e-07
 Step: 1513 E: -5355.942078824984 G: 1.1e-07
 Step: 1514 E: -5355.942078824984 G: 1.1e-07
 Step: 1515 E: -5355.942078824984 G: 1.1e-07
 Step: 1516 E: -5355.942078824984 G: 1.1e-07
 Step: 1517 E: -5355.942078824984 G: 1.1e-07
 Step: 1518 E: -5355.942078824984 G: 1.1e-07
 Step: 1519 E: -5355.942078824984 G: 1.0e-07
 Step: 1520 E: -5355.942078824984 G: 1.0e-07
 Step: 1521 E: -5355.942078824984 G: 1.0e-07
 Step: 1522 E: -5355.942078824984 G: 1.0e-07
 Step: 1523 E: -5355.942078824984 G: 1.0e-07
 Step: 1524 E: -5355.942078824984 G: 1.0e-07
 Step: 1525 E: -5355.942078824984 G: 1.0e-07
 Step: 1526 E: -5355.942078824984 G: 9.9e-08
 Step: 1527 E: -5355.942078824984 G: 9.8e-08
 Step: 1528 E: -5355.942078824984 G: 9.8e-08
 Step: 1529 E: -5355.942078824984 G: 9.7e-08
 Step: 1530 E: -5355.942078824983 G: 9.6e-08
 Step: 1531 E: -5355.942078824984 G: 9.5e-08
 Step: 1532 E: -5355.942078824984 G: 9.5e-08
 Step: 1533 E: -5355.942078824984 G: 9.4e-08
 Step: 1534 E: -5355.942078824984 G: 9.3e-08
 Step: 1535 E: -5355.942078824984 G: 9.3e-08
 Step: 1536 E: -5355.942078824984 G: 9.2e-08
 Step: 1537 E: -5355.942078824984 G: 9.1e-08
 Step: 1538 E: -5355.942078824984 G: 9.1e-08
 Step: 1539 E: -5355.942078824984 G: 9.0e-08
 Step: 1540 E: -5355.942078824984 G: 8.9e-08
 Step: 1541 E: -5355.942078824984 G: 8.9e-08
 Step: 1542 E: -5355.942078824984 G: 8.8e-08
 Step: 1543 E: -5355.942078824984 G: 8.7e-08
 Step: 1544 E: -5355.942078824984 G: 8.7e-08
 Step: 1545 E: -5355.942078824984 G: 8.6e-08
 Step: 1546 E: -5355.942078824984 G: 8.5e-08
 Step: 1547 E: -5355.942078824984 G: 8.5e-08
 Step: 1548 E: -5355.942078824984 G: 8.4e-08
 Step: 1549 E: -5355.942078824984 G: 8.3e-08
 Step: 1550 E: -5355.942078824984 G: 8.3e-08
 Step: 1551 E: -5355.942078824984 G: 8.2e-08
 Step: 1552 E: -5355.942078824984 G: 8.2e-08
 Step: 1553 E: -5355.942078824984 G: 8.1e-08
 Step: 1554 E: -5355.942078824984 G: 8.0e-08
 Step: 1555 E: -5355.942078824984 G: 8.0e-08
 Step: 1556 E: -5355.942078824984 G: 7.9e-08
 Step: 1557 E: -5355.942078824984 G: 7.9e-08
 Step: 1558 E: -5355.942078824984 G: 7.8e-08
 Step: 1559 E: -5355.942078824984 G: 7.7e-08
 Step: 1560 E: -5355.942078824984 G: 7.7e-08
 Step: 1561 E: -5355.942078824984 G: 7.6e-08
 Step: 1562 E: -5355.942078824984 G: 7.6e-08
 Step: 1563 E: -5355.942078824984 G: 7.5e-08
 Step: 1564 E: -5355.942078824984 G: 7.4e-08
 Step: 1565 E: -5355.942078824984 G: 7.4e-08
 Step: 1566 E: -5355.942078824984 G: 7.3e-08
 Step: 1567 E: -5355.942078824984 G: 7.3e-08
 Step: 1568 E: -5355.942078824984 G: 7.2e-08
 Step: 1569 E: -5355.942078824984 G: 7.2e-08
 Step: 1570 E: -5355.942078824984 G: 7.1e-08
 Step: 1571 E: -5355.942078824984 G: 7.1e-08
 Step: 1572 E: -5355.942078824984 G: 7.0e-08
 Step: 1573 E: -5355.942078824984 G: 7.0e-08
 Step: 1574 E: -5355.942078824984 G: 6.9e-08
 Step: 1575 E: -5355.942078824984 G: 6.9e-08
 Step: 1576 E: -5355.942078824984 G: 6.8e-08
 Step: 1577 E: -5355.942078824984 G: 6.8e-08
 Step: 1578 E: -5355.942078824984 G: 6.7e-08
 Step: 1579 E: -5355.942078824984 G: 6.7e-08
 Step: 1580 E: -5355.942078824984 G: 6.6e-08
 Step: 1581 E: -5355.942078824984 G: 6.6e-08
 Step: 1582 E: -5355.942078824984 G: 6.5e-08
 Step: 1583 E: -5355.942078824984 G: 6.5e-08
 Step: 1584 E: -5355.942078824984 G: 6.4e-08
 Step: 1585 E: -5355.942078824984 G: 6.4e-08
 Step: 1586 E: -5355.942078824984 G: 6.3e-08
 Step: 1587 E: -5355.942078824984 G: 6.3e-08
 Step: 1588 E: -5355.942078824984 G: 6.2e-08
 Step: 1589 E: -5355.942078824984 G: 6.2e-08
 Step: 1590 E: -5355.942078824984 G: 6.1e-08
 Step: 1591 E: -5355.942078824984 G: 6.1e-08
 Step: 1592 E: -5355.942078824984 G: 6.0e-08
 Step: 1593 E: -5355.942078824984 G: 6.0e-08
 Step: 1594 E: -5355.942078824984 G: 5.9e-08
 Step: 1595 E: -5355.942078824984 G: 5.9e-08
 Step: 1596 E: -5355.942078824984 G: 5.9e-08
 Step: 1597 E: -5355.942078824984 G: 5.8e-08
 Step: 1598 E: -5355.942078824984 G: 5.8e-08
 Step: 1599 E: -5355.942078824984 G: 5.7e-08
 Step: 1600 E: -5355.942078824984 G: 5.7e-08
 Step: 1601 E: -5355.942078824984 G: 5.6e-08
 Step: 1602 E: -5355.942078824984 G: 5.6e-08
 Step: 1603 E: -5355.942078824984 G: 5.6e-08
 Step: 1604 E: -5355.942078824984 G: 5.5e-08
 Step: 1605 E: -5355.942078824984 G: 5.5e-08
 Step: 1606 E: -5355.942078824984 G: 5.4e-08
 Step: 1607 E: -5355.942078824984 G: 5.4e-08
 Step: 1608 E: -5355.942078824984 G: 5.3e-08
 Step: 1609 E: -5355.942078824984 G: 5.3e-08
 Step: 1610 E: -5355.942078824984 G: 5.3e-08
 Step: 1611 E: -5355.942078824984 G: 5.2e-08
 Step: 1612 E: -5355.942078824984 G: 5.2e-08
 Step: 1613 E: -5355.942078824984 G: 5.2e-08
 Step: 1614 E: -5355.942078824984 G: 5.1e-08
 Step: 1615 E: -5355.942078824984 G: 5.1e-08
 Step: 1616 E: -5355.942078824984 G: 5.0e-08
 Step: 1617 E: -5355.942078824984 G: 5.0e-08
 Step: 1618 E: -5355.942078824984 G: 5.0e-08
 Step: 1619 E: -5355.942078824984 G: 4.9e-08
 Step: 1620 E: -5355.942078824984 G: 4.9e-08
 Step: 1621 E: -5355.942078824984 G: 4.9e-08
 Step: 1622 E: -5355.942078824984 G: 4.8e-08
 Step: 1623 E: -5355.942078824984 G: 4.8e-08
 Step: 1624 E: -5355.942078824984 G: 4.7e-08
 Step: 1625 E: -5355.942078824984 G: 4.7e-08
 Step: 1626 E: -5355.942078824984 G: 4.7e-08
 Step: 1627 E: -5355.942078824984 G: 4.6e-08
 Step: 1628 E: -5355.942078824984 G: 4.6e-08
 Step: 1629 E: -5355.942078824984 G: 4.6e-08
 Step: 1630 E: -5355.942078824984 G: 4.5e-08
 Step: 1631 E: -5355.942078824984 G: 4.5e-08
 Step: 1632 E: -5355.942078824984 G: 4.5e-08
 Step: 1633 E: -5355.942078824984 G: 4.4e-08
 Step: 1634 E: -5355.942078824984 G: 4.4e-08
 Step: 1635 E: -5355.942078824984 G: 4.4e-08
 Step: 1636 E: -5355.942078824984 G: 4.3e-08
 Step: 1637 E: -5355.942078824984 G: 4.3e-08
 Step: 1638 E: -5355.942078824984 G: 4.3e-08
 Step: 1639 E: -5355.942078824984 G: 4.2e-08
 Step: 1640 E: -5355.942078824984 G: 4.2e-08
 Step: 1641 E: -5355.942078824984 G: 4.2e-08
 Step: 1642 E: -5355.942078824984 G: 4.1e-08
 Step: 1643 E: -5355.942078824984 G: 4.1e-08
 Step: 1644 E: -5355.942078824984 G: 4.1e-08
 Step: 1645 E: -5355.942078824984 G: 4.0e-08
 Step: 1646 E: -5355.942078824984 G: 4.0e-08
 Step: 1647 E: -5355.942078824984 G: 4.0e-08
 Step: 1648 E: -5355.942078824984 G: 4.0e-08
 Step: 1649 E: -5355.942078824984 G: 3.9e-08
 Step: 1650 E: -5355.942078824984 G: 3.9e-08
 Step: 1651 E: -5355.942078824984 G: 3.9e-08
 Step: 1652 E: -5355.942078824984 G: 3.8e-08
 Step: 1653 E: -5355.942078824984 G: 3.8e-08
 Step: 1654 E: -5355.942078824984 G: 3.8e-08
 Step: 1655 E: -5355.942078824984 G: 3.8e-08
 Step: 1656 E: -5355.942078824984 G: 3.7e-08
 Step: 1657 E: -5355.942078824984 G: 3.7e-08
 Step: 1658 E: -5355.942078824984 G: 3.7e-08
 Step: 1659 E: -5355.942078824984 G: 3.6e-08
 Step: 1660 E: -5355.942078824984 G: 3.6e-08
 Step: 1661 E: -5355.942078824984 G: 3.6e-08
 Step: 1662 E: -5355.942078824984 G: 3.6e-08
 Step: 1663 E: -5355.942078824984 G: 3.5e-08
 Step: 1664 E: -5355.942078824984 G: 3.5e-08
 Step: 1665 E: -5355.942078824984 G: 3.5e-08
 Step: 1666 E: -5355.942078824984 G: 3.5e-08
 Step: 1667 E: -5355.942078824984 G: 3.4e-08
 Step: 1668 E: -5355.942078824984 G: 3.4e-08
 Step: 1669 E: -5355.942078824984 G: 3.4e-08
 Step: 1670 E: -5355.942078824984 G: 3.4e-08
 Step: 1671 E: -5355.942078824984 G: 3.3e-08
 Step: 1672 E: -5355.942078824984 G: 3.3e-08
 Step: 1673 E: -5355.942078824984 G: 3.3e-08
 Step: 1674 E: -5355.942078824984 G: 3.3e-08
 Step: 1675 E: -5355.942078824984 G: 3.2e-08
 Step: 1676 E: -5355.942078824984 G: 3.2e-08
 Step: 1677 E: -5355.942078824984 G: 3.2e-08
 Step: 1678 E: -5355.942078824984 G: 3.2e-08
 Step: 1679 E: -5355.942078824984 G: 3.1e-08
 Step: 1680 E: -5355.942078824984 G: 3.1e-08
 Step: 1681 E: -5355.942078824984 G: 3.1e-08
 Step: 1682 E: -5355.942078824984 G: 3.1e-08
 Step: 1683 E: -5355.942078824984 G: 3.0e-08
 Step: 1684 E: -5355.942078824984 G: 3.0e-08
 Step: 1685 E: -5355.942078824984 G: 3.0e-08
 Step: 1686 E: -5355.942078824984 G: 3.0e-08
 Step: 1687 E: -5355.942078824984 G: 3.0e-08
 Step: 1688 E: -5355.942078824984 G: 2.9e-08
 Step: 1689 E: -5355.942078824984 G: 2.9e-08
 Step: 1690 E: -5355.942078824984 G: 2.9e-08
 Step: 1691 E: -5355.942078824984 G: 2.9e-08
 Step: 1692 E: -5355.942078824984 G: 2.8e-08
 Step: 1693 E: -5355.942078824984 G: 2.8e-08
 Step: 1694 E: -5355.942078824984 G: 2.8e-08
 Step: 1695 E: -5355.942078824984 G: 2.8e-08
 Step: 1696 E: -5355.942078824984 G: 2.8e-08
 Step: 1697 E: -5355.942078824984 G: 2.7e-08
 Step: 1698 E: -5355.942078824984 G: 2.7e-08
 Step: 1699 E: -5355.942078824984 G: 2.7e-08
 Step: 1700 E: -5355.942078824984 G: 2.7e-08
 Step: 1701 E: -5355.942078824984 G: 2.7e-08
 Step: 1702 E: -5355.942078824984 G: 2.6e-08
 Step: 1703 E: -5355.942078824984 G: 2.6e-08
 Step: 1704 E: -5355.942078824984 G: 2.6e-08
 Step: 1705 E: -5355.942078824984 G: 2.6e-08
 Step: 1706 E: -5355.942078824984 G: 2.6e-08
 Step: 1707 E: -5355.942078824984 G: 2.5e-08
 Step: 1708 E: -5355.942078824984 G: 2.5e-08
 Step: 1709 E: -5355.942078824984 G: 2.5e-08
 Step: 1710 E: -5355.942078824984 G: 2.5e-08
 Step: 1711 E: -5355.942078824984 G: 2.5e-08
 Step: 1712 E: -5355.942078824984 G: 2.4e-08
 Step: 1713 E: -5355.942078824984 G: 2.4e-08
 Step: 1714 E: -5355.942078824984 G: 2.4e-08
 Step: 1715 E: -5355.942078824984 G: 2.4e-08
 Step: 1716 E: -5355.942078824984 G: 2.4e-08
 Step: 1717 E: -5355.942078824984 G: 2.4e-08
 Step: 1718 E: -5355.942078824984 G: 2.3e-08
 Step: 1719 E: -5355.942078824984 G: 2.3e-08
 Step: 1720 E: -5355.942078824984 G: 2.3e-08
 Step: 1721 E: -5355.942078824983 G: 2.3e-08
 Step: 1722 E: -5355.942078824984 G: 2.3e-08
 Step: 1723 E: -5355.942078824984 G: 2.3e-08
 Step: 1724 E: -5355.942078824984 G: 2.2e-08
 Step: 1725 E: -5355.942078824984 G: 2.2e-08
 Step: 1726 E: -5355.942078824984 G: 2.2e-08
 Step: 1727 E: -5355.942078824984 G: 2.2e-08
 Step: 1728 E: -5355.942078824984 G: 2.2e-08
 Step: 1729 E: -5355.942078824984 G: 2.2e-08
 Step: 1730 E: -5355.942078824984 G: 2.1e-08
 Step: 1731 E: -5355.942078824984 G: 2.1e-08
 Step: 1732 E: -5355.942078824984 G: 2.1e-08
 Step: 1733 E: -5355.942078824984 G: 2.1e-08
 Step: 1734 E: -5355.942078824984 G: 2.1e-08
 Step: 1735 E: -5355.942078824984 G: 2.1e-08
 Step: 1736 E: -5355.942078824984 G: 2.0e-08
 Step: 1737 E: -5355.942078824984 G: 2.0e-08
 Step: 1738 E: -5355.942078824984 G: 2.0e-08
 Step: 1739 E: -5355.942078824984 G: 2.0e-08
 Step: 1740 E: -5355.942078824984 G: 2.0e-08
 Step: 1741 E: -5355.942078824984 G: 2.0e-08
 Step: 1742 E: -5355.942078824984 G: 2.0e-08
 Step: 1743 E: -5355.942078824984 G: 1.9e-08
 Step: 1744 E: -5355.942078824984 G: 1.9e-08
 Step: 1745 E: -5355.942078824984 G: 1.9e-08
 Step: 1746 E: -5355.942078824984 G: 1.9e-08
 Step: 1747 E: -5355.942078824984 G: 1.9e-08
 Step: 1748 E: -5355.942078824984 G: 1.9e-08
 Step: 1749 E: -5355.942078824984 G: 1.9e-08
 Step: 1750 E: -5355.942078824984 G: 1.8e-08
 Step: 1751 E: -5355.942078824984 G: 1.8e-08
 Step: 1752 E: -5355.942078824984 G: 1.8e-08
 Step: 1753 E: -5355.942078824984 G: 1.8e-08
 Step: 1754 E: -5355.942078824984 G: 1.8e-08
 Step: 1755 E: -5355.942078824984 G: 1.8e-08
 Step: 1756 E: -5355.942078824984 G: 1.8e-08
 Step: 1757 E: -5355.942078824984 G: 1.7e-08
 Step: 1758 E: -5355.942078824984 G: 1.7e-08
 Step: 1759 E: -5355.942078824984 G: 1.7e-08
 Step: 1760 E: -5355.942078824984 G: 1.7e-08
 Step: 1761 E: -5355.942078824984 G: 1.7e-08
 Step: 1762 E: -5355.942078824984 G: 1.7e-08
 Step: 1763 E: -5355.942078824984 G: 1.7e-08
 Step: 1764 E: -5355.942078824984 G: 1.7e-08
 Step: 1765 E: -5355.942078824984 G: 1.6e-08
 Step: 1766 E: -5355.942078824984 G: 1.6e-08
 Step: 1767 E: -5355.942078824984 G: 1.6e-08
 Step: 1768 E: -5355.942078824984 G: 1.6e-08
 Step: 1769 E: -5355.942078824984 G: 1.6e-08
 Step: 1770 E: -5355.942078824984 G: 1.6e-08
 Step: 1771 E: -5355.942078824984 G: 1.6e-08
 Step: 1772 E: -5355.942078824984 G: 1.6e-08
 Step: 1773 E: -5355.942078824984 G: 1.5e-08
 Step: 1774 E: -5355.942078824984 G: 1.5e-08
 Step: 1775 E: -5355.942078824984 G: 1.5e-08
 Step: 1776 E: -5355.942078824984 G: 1.5e-08
 Step: 1777 E: -5355.942078824984 G: 1.5e-08
 Step: 1778 E: -5355.942078824984 G: 1.5e-08
 Step: 1779 E: -5355.942078824984 G: 1.5e-08
 Step: 1780 E: -5355.942078824984 G: 1.5e-08
 Step: 1781 E: -5355.942078824984 G: 1.5e-08
 Step: 1782 E: -5355.942078824984 G: 1.4e-08
 Step: 1783 E: -5355.942078824984 G: 1.4e-08
 Step: 1784 E: -5355.942078824984 G: 1.4e-08
 Step: 1785 E: -5355.942078824984 G: 1.4e-08
 Step: 1786 E: -5355.942078824984 G: 1.4e-08
 Step: 1787 E: -5355.942078824984 G: 1.4e-08
 Step: 1788 E: -5355.942078824984 G: 1.4e-08
 Step: 1789 E: -5355.942078824984 G: 1.4e-08
 Step: 1790 E: -5355.942078824984 G: 1.4e-08
 Step: 1791 E: -5355.942078824984 G: 1.4e-08
 Step: 1792 E: -5355.942078824984 G: 1.3e-08
 Step: 1793 E: -5355.942078824984 G: 1.3e-08
 Step: 1794 E: -5355.942078824984 G: 1.3e-08
 Step: 1795 E: -5355.942078824984 G: 1.3e-08
 Step: 1796 E: -5355.942078824984 G: 1.3e-08
 Step: 1797 E: -5355.942078824984 G: 1.3e-08
 Step: 1798 E: -5355.942078824984 G: 1.3e-08
 Step: 1799 E: -5355.942078824984 G: 1.3e-08
 Step: 1800 E: -5355.942078824984 G: 1.3e-08
154.462034 seconds (13.54 M allocations: 18.398 GiB, 1.32% gc time)
 Solve OO-CMF with DIIS
 ooCMF Iter:    1 Total= -5355.940378785004 G=    5.704e-02 #SS:    1
 ooCMF Iter:    2 Total= -5355.941041662230 G=    3.484e-02 #SS:    2
 ooCMF Iter:    3 Total= -5355.941298864278 G=    2.588e-02 #SS:    3
 ooCMF Iter:    4 Total= -5355.941580594478 G=    9.581e-03 #SS:    4
 ooCMF Iter:    5 Total= -5355.941608523787 G=    8.915e-03 #SS:    5
 ooCMF Iter:    6 Total= -5355.941660991795 G=    7.958e-03 #SS:    6
 ooCMF Iter:    7 Total= -5355.941688786540 G=    7.656e-03 #SS:    7
 ooCMF Iter:    8 Total= -5355.941727234461 G=    7.325e-03 #SS:    8
 ooCMF Iter:    9 Total= -5355.941887553990 G=    5.792e-03 #SS:    9
 ooCMF Iter:   10 Total= -5355.942051784168 G=    3.194e-03 #SS:   10
 ooCMF Iter:   11 Total= -5355.942073303599 G=    2.301e-03 #SS:   11
 ooCMF Iter:   12 Total= -5355.942078371804 G=    9.994e-04 #SS:   12
 ooCMF Iter:   13 Total= -5355.942078318699 G=    1.015e-03 #SS:   13
 ooCMF Iter:   14 Total= -5355.942078443782 G=    9.090e-04 #SS:   14
 ooCMF Iter:   15 Total= -5355.942078697542 G=    4.283e-04 #SS:   15
 ooCMF Iter:   16 Total= -5355.942078769476 G=    1.325e-04 #SS:   16
 ooCMF Iter:   17 Total= -5355.942078776085 G=    1.107e-04 #SS:   17
 ooCMF Iter:   18 Total= -5355.942078781500 G=    1.293e-04 #SS:   18
 ooCMF Iter:   19 Total= -5355.942078799304 G=    8.761e-05 #SS:   19
 ooCMF Iter:   20 Total= -5355.942078808665 G=    1.700e-04 #SS:   20
 ooCMF Iter:   21 Total= -5355.942078818087 G=    1.013e-04 #SS:   21
 ooCMF Iter:   22 Total= -5355.942078824440 G=    2.416e-05 #SS:   22
 ooCMF Iter:   23 Total= -5355.942078824831 G=    1.913e-05 #SS:   23
 ooCMF Iter:   24 Total= -5355.942078824849 G=    2.028e-05 #SS:   24
 ooCMF Iter:   25 Total= -5355.942078824952 G=    6.890e-06 #SS:   24
 ooCMF Iter:   26 Total= -5355.942078824983 G=    9.812e-07 #SS:   24
 ooCMF Iter:   27 Total= -5355.942078824984 G=    4.956e-07 #SS:   24
 ooCMF Iter:   28 Total= -5355.942078824984 G=    2.848e-07 #SS:   24
 ooCMF Iter:   29 Total= -5355.942078824984 G=    2.161e-07 #SS:   24
 ooCMF Iter:   30 Total= -5355.942078824984 G=    1.887e-07 #SS:   24
 ooCMF Iter:   31 Total= -5355.942078824984 G=    1.656e-07 #SS:   24
 ooCMF Iter:   32 Total= -5355.942078824984 G=    1.550e-07 #SS:   24
 ooCMF Iter:   33 Total= -5355.942078824984 G=    1.279e-07 #SS:   24
 ooCMF Iter:   34 Total= -5355.942078824984 G=    1.062e-07 #SS:   24
 ooCMF Iter:   35 Total= -5355.942078824984 G=    4.574e-08 #SS:   24
 ooCMF Iter:   36 Total= -5355.942078824984 G=    3.919e-08 #SS:   24
 ooCMF Iter:   37 Total= -5355.942078824984 G=    2.533e-08 #SS:   24
 ooCMF Iter:   38 Total= -5355.942078824984 G=    1.688e-08 #SS:   24
 ooCMF Iter:   39 Total= -5355.942078824984 G=    1.280e-08 #SS:   24
*ooCMF Iter:   40 Total= -5355.942078824984 G=    5.434e-09 #SS:   24
  8.204403 seconds (11.52 M allocations: 1.298 GiB, 3.24% gc time)
 Solve OO-CMF with DIIS
 ooCMF Iter:    1 Total= -5355.942076086571 G=    3.433e-03 #SS:    1
 ooCMF Iter:    2 Total= -5355.942078692417 G=    7.376e-04 #SS:    2
 ooCMF Iter:    3 Total= -5355.942078694728 G=    7.203e-04 #SS:    3
 ooCMF Iter:    4 Total= -5355.942078770920 G=    4.605e-04 #SS:    4
 ooCMF Iter:    5 Total= -5355.942078773554 G=    4.479e-04 #SS:    5
 ooCMF Iter:    6 Total= -5355.942078777697 G=    4.285e-04 #SS:    6
 ooCMF Iter:    7 Total= -5355.942078773287 G=    4.537e-04 #SS:    7
 ooCMF Iter:    8 Total= -5355.942078790459 G=    3.615e-04 #SS:    8
 ooCMF Iter:    9 Total= -5355.942078795038 G=    3.361e-04 #SS:    9
 ooCMF Iter:   10 Total= -5355.942078821156 G=    1.423e-04 #SS:   10
 ooCMF Iter:   11 Total= -5355.942078822201 G=    1.269e-04 #SS:   11
 ooCMF Iter:   12 Total= -5355.942078823035 G=    1.072e-04 #SS:   12
 ooCMF Iter:   13 Total= -5355.942078824036 G=    7.903e-05 #SS:   13
 ooCMF Iter:   14 Total= -5355.942078824176 G=    7.548e-05 #SS:   14
 ooCMF Iter:   15 Total= -5355.942078824212 G=    7.396e-05 #SS:   15
 ooCMF Iter:   16 Total= -5355.942078824247 G=    7.208e-05 #SS:   16
 ooCMF Iter:   17 Total= -5355.942078824217 G=    7.374e-05 #SS:   17
 ooCMF Iter:   18 Total= -5355.942078824218 G=    7.372e-05 #SS:   18
 ooCMF Iter:   19 Total= -5355.942078824116 G=    7.796e-05 #SS:   19
 ooCMF Iter:   20 Total= -5355.942078824573 G=    4.998e-05 #SS:   20
 ooCMF Iter:   21 Total= -5355.942078824806 G=    2.756e-05 #SS:   21
 ooCMF Iter:   22 Total= -5355.942078824728 G=    3.847e-05 #SS:   22
 ooCMF Iter:   23 Total= -5355.942078824856 G=    2.465e-05 #SS:   23
 ooCMF Iter:   24 Total= -5355.942078824834 G=    2.686e-05 #SS:   24
 ooCMF Iter:   25 Total= -5355.942078824852 G=    2.560e-05 #SS:   24
 ooCMF Iter:   26 Total= -5355.942078824870 G=    2.249e-05 #SS:   24
 ooCMF Iter:   27 Total= -5355.942078824916 G=    1.888e-05 #SS:   24
 ooCMF Iter:   28 Total= -5355.942078824879 G=    2.125e-05 #SS:   24
 ooCMF Iter:   29 Total= -5355.942078824959 G=    1.028e-05 #SS:   24
 ooCMF Iter:   30 Total= -5355.942078824983 G=    2.871e-06 #SS:   24
 ooCMF Iter:   31 Total= -5355.942078824984 G=    1.129e-07 #SS:   24
*ooCMF Iter:   32 Total= -5355.942078824984 G=    7.924e-09 #SS:   24
  6.596485 seconds (7.36 M allocations: 1.154 GiB)
 Solve OO-CMF with DIIS
 ooCMF Iter:    1 Total= -5355.942071521405 G=    5.525e-03 #SS:    1
 ooCMF Iter:    2 Total= -5355.942078769799 G=    5.709e-04 #SS:    2
 ooCMF Iter:    3 Total= -5355.942078824967 G=    6.741e-06 #SS:    3
 ooCMF Iter:    4 Total= -5355.942078824984 G=    5.569e-07 #SS:    4
*ooCMF Iter:    5 Total= -5355.942078824984 G=    8.413e-09 #SS:    5
  1.514141 seconds (134.18 k allocations: 182.809 MiB, 19.88% gc time)
 Solve OO-CMF with newton
 Step:    1 E: -5355.939920387662 G:     7.19e-02  
 Step:    2 E: -5355.942071521405 G:     5.52e-03  
 Step:    3 E: -5355.942078812636 G:     1.77e-04  
 Step:    4 E: -5355.942078824960 G:     7.72e-06  
 Step:    5 E: -5355.942078824984 G:     3.35e-07  
 Step:    6 E: -5355.942078824984 G:     1.46e-08  
 Step:    7 E: -5355.942078824984 G:     6.33e-10  
  1.111049 seconds (117.81 k allocations: 120.898 MiB)
 Solve OO-CMF with newton
 Step:    1 E: -5355.939920387662 G:     7.19e-02  
 Step:    2 E: -5355.942076086571 G:     3.43e-03  
 Step:    3 E: -5355.942078824733 G:     2.79e-05  
 Step:    4 E: -5355.942078824984 G:     4.98e-07  
 Step:    5 E: -5355.942078824984 G:     7.01e-09  
  0.875422 seconds (81.30 k allocations: 91.010 MiB)
