symmertry
C1
converged SCF energy = -1809.48760725679
   1        A     -11.04363553
   2        A     -11.04363084
   3        A     -11.04362739
   4        A     -11.04361346
   5        A     -11.04361034
   6        A     -11.04360144
   7        A     -11.04354169
   8        A     -11.04350374
   9        A     -11.04350166
  10        A     -11.04345251
  11        A     -11.04345145
  12        A     -11.04344988
  13        A     -11.04342858
  14        A     -11.04342591
  15        A     -11.04342490
  16        A     -11.04340560
  17        A     -11.04340272
  18        A     -11.04336703
  19        A     -11.04136930
  20        A     -11.04136698
  21        A     -11.04127938
  22        A     -11.04123946
  23        A     -11.04123750
  24        A     -11.04119116
  25        A     -11.02860266
  26        A     -11.02860131
  27        A     -11.02859773
  28        A     -11.02859602
  29        A     -11.02859517
  30        A     -11.02859083
  31        A     -11.02826044
  32        A     -11.02826018
  33        A     -11.02825569
  34        A     -11.02825472
  35        A     -11.02825319
  36        A     -11.02824935
  37        A     -11.02637900
  38        A     -11.02637067
  39        A     -11.02636650
  40        A     -11.02635606
  41        A     -11.02635225
  42        A     -11.02634269
  43        A     -11.02628577
  44        A     -11.02627588
  45        A     -11.02626984
  46        A     -11.02625986
  47        A     -11.02625757
  48        A     -11.02624974
  49        A      -1.16404706
  50        A      -1.13129470
  51        A      -1.13129341
  52        A      -1.10116554
  53        A      -1.10115864
  54        A      -1.08829824
  55        A      -1.08797774
  56        A      -1.05385717
  57        A      -1.05385131
  58        A      -1.02437938
  59        A      -1.02437621
  60        A      -1.00798039
  61        A      -0.99997420
  62        A      -0.97024896
  63        A      -0.95848537
  64        A      -0.95847888
  65        A      -0.95302667
  66        A      -0.95302264
  67        A      -0.94078554
  68        A      -0.94076717
  69        A      -0.93845035
  70        A      -0.90195863
  71        A      -0.89949066
  72        A      -0.89947906
  73        A      -0.83791207
  74        A      -0.80930300
  75        A      -0.80929340
  76        A      -0.80688951
  77        A      -0.80687799
  78        A      -0.78185884
  79        A      -0.77666560
  80        A      -0.77665528
  81        A      -0.75131806
  82        A      -0.74807771
  83        A      -0.74807267
  84        A      -0.74515140
  85        A      -0.72997195
  86        A      -0.70366232
  87        A      -0.70365476
  88        A      -0.66502486
  89        A      -0.65839159
  90        A      -0.65837560
  91        A      -0.65756381
  92        A      -0.64890866
  93        A      -0.64890080
  94        A      -0.62902854
  95        A      -0.62902523
  96        A      -0.59632346
  97        A      -0.59168502
  98        A      -0.59167625
  99        A      -0.59132434
 100        A      -0.59104540
 101        A      -0.58605110
 102        A      -0.56071544
 103        A      -0.56070887
 104        A      -0.55723055
 105        A      -0.55722171
 106        A      -0.55332462
 107        A      -0.54339890
 108        A      -0.54337676
 109        A      -0.53408944
 110        A      -0.53121397
 111        A      -0.53121133
 112        A      -0.52511152
 113        A      -0.52328660
 114        A      -0.51797326
 115        A      -0.51795862
 116        A      -0.50961374
 117        A      -0.50472113
 118        A      -0.50470502
 119        A      -0.50072486
 120        A      -0.50071743
 121        A      -0.47706358
 122        A      -0.47705938
 123        A      -0.47552512
 124        A      -0.46008461
 125        A      -0.46007633
 126        A      -0.45292752
 127        A      -0.45289268
 128        A      -0.45288945
 129        A      -0.44939485
 130        A      -0.44391856
 131        A      -0.44159247
 132        A      -0.43711628
 133        A      -0.43027507
 134        A      -0.43026643
 135        A      -0.41947939
 136        A      -0.41946634
 137        A      -0.39857584
 138        A      -0.39855840
 139        A      -0.39355801
 140        A      -0.36795435
 141        A      -0.36792208
 142        A      -0.35217884
 143        A      -0.35217502
 144        A      -0.33377717
 145        A      -0.31477164
 146        A      -0.27910745
 147        A      -0.27674435
 148        A      -0.27500848
 149        A      -0.27499432
 150        A      -0.27498709
 151        A      -0.27496741
 152        A      -0.26085750
 153        A      -0.26083899
 154        A      -0.19138971
 155        A      -0.17127185
 156        A      -0.17124588
 157        A       0.14233509
 158        A       0.14235364
 159        A       0.16698119
 160        A       0.24802604
 161        A       0.24805258
 162        A       0.25357096
 163        A       0.25819158
 164        A       0.25995728
 165        A       0.25997314
 166        A       0.26156514
 167        A       0.26158019
 168        A       0.31506458
 169        A       0.33747545
 170        A       0.34899266
 171        A       0.34900601
 172        A       0.39558288
 173        A       0.39560349
 174        A       0.48076236
 175        A       0.48675771
 176        A       0.50456044
 177        A       0.50456135
 178        A       0.53135638
 179        A       0.53137635
 180        A       0.58101745
 181        A       0.58228253
 182        A       0.59075691
 183        A       0.59077347
 184        A       0.59173150
 185        A       0.59175228
 186        A       0.59892614
 187        A       0.61853535
 188        A       0.62304108
 189        A       0.62307590
 190        A       0.63261309
 191        A       0.63980837
 192        A       0.63983238
 193        A       0.64220967
 194        A       0.64221632
 195        A       0.66015611
 196        A       0.66170001
 197        A       0.66472685
 198        A       0.66474188
 199        A       0.67529245
 200        A       0.67531109
 201        A       0.69782313
 202        A       0.69969334
 203        A       0.69975044
 204        A       0.70838548
 205        A       0.71936544
 206        A       0.71938626
 207        A       0.72997859
 208        A       0.73117959
 209        A       0.73120654
 210        A       0.73446206
 211        A       0.74227696
 212        A       0.74738026
 213        A       0.74740559
 214        A       0.74752395
 215        A       0.74753539
 216        A       0.76144853
 217        A       0.77115857
 218        A       0.78934831
 219        A       0.78938900
 220        A       0.79414842
 221        A       0.79417354
 222        A       0.79576378
 223        A       0.83075966
 224        A       0.83079362
 225        A       0.84704890
 226        A       0.84706628
 227        A       0.85790532
 228        A       0.87085643
 229        A       0.87088515
 230        A       0.87938253
 231        A       0.87941594
 232        A       0.88602274
 233        A       0.88603487
 234        A       0.89535798
 235        A       0.89674799
 236        A       0.89677220
 237        A       0.91173530
 238        A       0.91177044
 239        A       0.93936491
 240        A       0.94181677
 241        A       0.94803985
 242        A       0.94903195
 243        A       0.96821161
 244        A       0.96824002
 245        A       0.98533048
 246        A       0.98534113
 247        A       1.01195622
 248        A       1.01196938
 249        A       1.03453975
 250        A       1.03456040
 251        A       1.06568579
 252        A       1.08507017
 253        A       1.09558892
 254        A       1.10673981
 255        A       1.10677024
 256        A       1.12367868
 257        A       1.12371081
 258        A       1.13813862
 259        A       1.15508061
 260        A       1.15508972
 261        A       1.18035016
 262        A       1.18035600
 263        A       1.21461094
 264        A       1.23169936
[ True  True  True  True  True  True  True  True  True  True  True  True
  True  True  True  True  True  True  True  True  True  True  True  True
  True  True  True  True  True  True  True  True  True  True  True  True
  True  True  True  True  True  True  True  True  True  True  True  True
  True  True  True  True  True  True  True  True  True  True  True  True
  True  True  True  True  True  True  True  True  True  True  True  True
  True  True  True  True  True  True  True  True  True  True  True  True
  True  True  True  True  True  True  True  True  True  True  True  True
  True  True  True  True  True  True  True  True  True  True  True  True
  True  True  True  True  True  True  True  True  True  True  True  True
  True  True  True  True  True  True  True  True  True  True  True  True
  True  True  True  True  True  True  True  True  True  True  True  True
  True  True  True  True  True  True  True  True  True  True  True  True
 False False False False False False False False False False False False
 False False False False False False False False False False False False
 False False False False False False False False False False False False
 False False False False False False False False False False False False
 False False False False False False False False False False False False
 False False False False False False False False False False False False
 False False False False False False False False False False False False
 False False False False False False False False False False False False
 False False False False False False False False False False False False]
[False False False False False False False False False False False False
 False False False False False False False False False False False False
 False False False False False False False False False False False False
 False False False False False False False False False False False False
 False False False False False False False False False False False False
 False False False False False False False False False False False False
 False False False False False False False False False False False False
 False False False False False False False False False False False False
 False False False False False False False False False False False False
 False False False False False False False False False False False False
 False False False False False False False False False False False False
 False False False False False False False False False False False False
 False False False False False False False False False False False False
  True  True  True  True  True  True  True  True  True  True  True  True
  True  True  True  True  True  True  True  True  True  True  True  True
  True  True  True  True  True  True  True  True  True  True  True  True
  True  True  True  True  True  True  True  True  True  True  True  True
  True  True  True  True  True  True  True  True  True  True  True  True
  True  True  True  True  True  True  True  True  True  True  True  True
  True  True  True  True  True  True  True  True  True  True  True  True
  True  True  True  True  True  True  True  True  True  True  True  True
  True  True  True  True  True  True  True  True  True  True  True  True]
[  0   1   2   3   4   5   6   7   8   9  10  11  12  13  14  15  16  17
  18  19  20  21  22  23  24  25  26  27  28  29  30  31  32  33  34  35
  36  37  38  39  40  41  42  43  44  45  46  47  48  49  50  51  52  53
  54  55  56  57  58  59  60  61  62  63  64  65  66  67  68  69  70  71
  72  73  74  75  76  77  78  79  80  81  82  83  84  85  86  87  88  89
  90  91  92  93  94  95  96  97  98  99 100 101 102 103 104 105 106 107
 108 109 110 111 112 113 114 115 116 117 118 119 120 121 122 123 124 125
 126 127 128 129 130 131 132 133 134 135 136 137 138 139 140 141 142 143
 144 145 146 147 148 149 150 151 152 153 154 155]
[156 157 158 159 160 161 162 163 164 165 166 167 168 169 170 171 172 173
 174 175 176 177 178 179 180 181 182 183 184 185 186 187 188 189 190 191
 192 193 194 195 196 197 198 199 200 201 202 203 204 205 206 207 208 209
 210 211 212 213 214 215 216 217 218 219 220 221 222 223 224 225 226 227
 228 229 230 231 232 233 234 235 236 237 238 239 240 241 242 243 244 245
 246 247 248 249 250 251 252 253 254 255 256 257 258 259 260 261 262 263]
[1.48732767e-06 1.32834233e-06 1.32088987e-06 9.86926082e-07
 9.91617342e-07 7.85821736e-07 5.99370579e-07 8.45082141e-07
 8.50493316e-07 7.77153401e-07 6.88954940e-07 7.70457771e-07
 2.60654819e-07 2.57275786e-07 2.68782968e-07 8.55293963e-07
 8.53356199e-07 1.26669097e-06 2.17563529e-08 2.17893549e-08
 4.75789529e-08 3.69999609e-09 3.68142472e-09 2.64548948e-10
 5.35362800e-07 5.37733864e-07 5.36427765e-07 5.33564458e-07
 5.37639222e-07 5.35218174e-07 1.96136161e-07 1.96981153e-07
 1.96738252e-07 1.95466729e-07 1.97178033e-07 1.96170995e-07
 3.85022802e-07 3.94494459e-07 3.97300229e-07 4.66121137e-07
 4.76740350e-07 5.19632811e-07 1.10747017e-06 1.15762594e-06
 1.16396981e-06 1.30078156e-06 1.31130080e-06 1.34909755e-06
 2.54739847e-03 3.79572370e-03 3.79777088e-03 7.73103724e-03
 7.73435320e-03 1.18537495e-02 5.79868822e-03 1.36935339e-02
 1.36998541e-02 1.45560900e-02 1.45632554e-02 4.34593701e-03
 1.74810614e-02 2.45133137e-02 1.44492981e-02 1.44508309e-02
 1.17870643e-02 1.17879839e-02 1.75232705e-02 1.75228009e-02
 1.55031046e-02 2.12589483e-02 2.51089124e-02 2.51014024e-02
 3.86182524e-02 4.38311245e-02 4.38338837e-02 3.23388173e-02
 3.23528156e-02 4.66995842e-02 2.94814060e-02 2.94809022e-02
 5.99319116e-02 2.87738338e-02 2.87901167e-02 5.45562405e-03
 4.00860466e-02 3.89046348e-02 3.89082387e-02 3.92750394e-02
 3.93048480e-02 3.93201229e-02 5.88812610e-02 6.08259927e-02
 6.08515150e-02 5.61535954e-02 5.61789554e-02 1.09530253e-01
 6.00240104e-02 6.00635342e-02 3.30221160e-02 1.32061500e-02
 4.96572619e-02 4.12499387e-02 4.12418225e-02 1.14926161e-01
 1.14963520e-01 6.03969438e-01 6.74554782e-02 6.74165658e-02
 4.36305205e-02 1.55420268e-01 1.55442185e-01 2.31338957e-01
 1.20441968e-01 6.12656528e-02 6.12689840e-02 5.35872532e-02
 3.69691956e-01 3.69870389e-01 2.22871763e-01 2.22816841e-01
 4.17625911e-01 4.17475854e-01 1.51349631e-01 4.92372369e-01
 4.92712823e-01 5.16301252e-01 2.52276818e-01 2.55923238e-01
 3.00842563e-01 8.31997601e-01 1.10744763e-01 1.10314761e-01
 1.08692788e-01 1.08687900e-01 9.15333272e-02 9.15145529e-02
 6.01634588e-01 6.01910177e-01 1.02654819e-01 2.62176215e-01
 2.61855564e-01 8.44278894e-01 8.44297480e-01 8.61040276e-01
 8.54354549e-01 8.24209870e-01 8.42117298e-01 8.23760719e-01
 8.25630090e-01 8.23313991e-01 8.27295242e-01 9.02428130e-01
 9.02425742e-01 8.49648201e-01 8.59253927e-01 8.59248445e-01
 8.51836433e-01 8.51828739e-01 8.25244761e-01 8.96434316e-01
 8.96371031e-01 8.22544222e-01 8.35768409e-01 8.23157849e-01
 8.23166033e-01 8.41361479e-01 8.41321810e-01 8.59805661e-01
 8.63405394e-01 8.43201709e-01 8.43191760e-01 8.28722403e-01
 8.28704040e-01 8.62538407e-01 8.21145971e-01 8.11197352e-01
 8.11125718e-01 6.80525053e-01 6.80612355e-01 6.00590481e-01
 2.01338411e-02 4.34856409e-02 4.35080243e-02 4.62094957e-02
 4.62102080e-02 3.75337915e-02 8.35336676e-02 1.18648232e-01
 1.18413668e-01 7.89799986e-03 2.00277108e-02 2.00263240e-02
 1.23606115e-01 1.23490083e-01 2.10717647e-02 2.10110866e-01
 5.34845025e-02 5.34407678e-02 5.52655293e-02 5.51431080e-02
 1.29584666e-02 2.80613400e-02 2.80772293e-02 4.30906045e-02
 9.51005343e-02 9.50127279e-02 1.76399067e-02 1.10902776e-02
 1.10817074e-02 1.25709462e-01 6.94845935e-02 2.58887513e-02
 2.58859009e-02 1.98508608e-02 1.98628519e-02 2.00240383e-02
 7.66023412e-02 4.26076526e-02 4.26152153e-02 2.14676145e-02
 2.14565847e-02 1.28560089e-02 3.77126716e-02 3.77008953e-02
 3.83071774e-02 3.83120090e-02 3.56998735e-02 5.31696182e-02
 7.35192818e-02 5.04052284e-02 5.03892100e-02 6.61053385e-02
 6.60973793e-02 8.73959855e-02 3.62413618e-02 3.62404617e-02
 6.13185594e-02 6.13067021e-02 6.12084706e-02 2.10589427e-02
 5.29671211e-02 6.62923592e-02 6.05157815e-02 6.04846128e-02
 3.95016239e-02 3.95030166e-02 6.23964167e-02 6.23588864e-02
 2.78479873e-02 2.78619042e-02 5.42498769e-02 5.98659559e-02
 4.87282184e-02 6.24071646e-02 6.23976954e-02 5.19832289e-02
 5.19643547e-02 4.41018017e-02 4.49555210e-02 4.49581898e-02
 7.11808222e-02 7.11716274e-02 1.25129723e-02 5.89493179e-02]
cas_list [121 120 123 124 125 179 136 137 105 177 178 176 175 174 161 163 164 149
 147 145 158 148 150 172 171 129 162 166 165 146 170 169 141 142 153 157
 156 144 155 154 167 143 173 168 160 159 152 151]
s population for active space orbitals [0.41747585 0.41762591 0.49237237 0.49271282 0.51630125 0.60059048
 0.60163459 0.60191018 0.60396944 0.68052505 0.68061235 0.81112572
 0.81119735 0.82114597 0.82254422 0.82315785 0.82316603 0.82331399
 0.82376072 0.82420987 0.82524476 0.82563009 0.82729524 0.82870404
 0.8287224  0.8319976  0.83576841 0.84132181 0.84136148 0.8421173
 0.84319176 0.84320171 0.84427889 0.84429748 0.8496482  0.85182874
 0.85183643 0.85435455 0.85924845 0.85925393 0.85980566 0.86104028
 0.86253841 0.86340539 0.89637103 0.89643432 0.90242574 0.90242813]
[0, 1, 2, 3, 4, 5, 6, 7, 8, 9, 10, 11, 12, 13, 14, 15, 16, 17, 18, 19, 20, 21, 22, 23, 24, 25, 26, 27, 28, 29, 30, 31, 32, 33, 34, 35, 36, 37, 38, 39, 40, 41, 42, 43, 44, 45, 46, 47, 48, 49, 50, 51, 52, 53, 54, 55, 56, 57, 58, 59, 60, 61, 62, 63, 64, 65, 66, 67, 68, 69, 70, 71, 72, 73, 74, 75, 76, 77, 78, 79, 80, 81, 82, 83, 84, 85, 86, 87, 88, 89, 90, 91, 92, 93, 94, 95, 96, 97, 98, 99, 100, 101, 102, 103, 104, 106, 107, 108, 109, 110, 111, 112, 113, 114, 115, 116, 117, 118, 119, 122, 126, 127, 128, 130, 131, 132, 133, 134, 135, 138, 139, 140]
[180, 181, 182, 183, 184, 185, 186, 187, 188, 189, 190, 191, 192, 193, 194, 195, 196, 197, 198, 199, 200, 201, 202, 203, 204, 205, 206, 207, 208, 209, 210, 211, 212, 213, 214, 215, 216, 217, 218, 219, 220, 221, 222, 223, 224, 225, 226, 227, 228, 229, 230, 231, 232, 233, 234, 235, 236, 237, 238, 239, 240, 241, 242, 243, 244, 245, 246, 247, 248, 249, 250, 251, 252, 253, 254, 255, 256, 257, 258, 259, 260, 261, 262, 263]
Set conv_tol_grad to 0.000316228
macro= 1  f(x)= 735.62277053959  delta_f= 735.623  |g|= 16.3722  3 KF 7 Hx
macro= 2  f(x)= 734.56653729756  delta_f= -1.05623  |g|= 0.0233187  5 KF 12 Hx
macro= 3  f(x)= 734.56653393426  delta_f= -3.3633e-06  |g|= 0.000148322  3 KF 8 Hx
macro= 4  f(x)= 734.56653393425  delta_f= -3.18323e-12  |g|= 3.63284e-05  1 KF 1 Hx
macro X = 4  f(x)= 734.56653393425  |g|= 3.63284e-05  8 intor 12 KF 28 Hx
[1.48732767e-06 1.32834233e-06 1.32088987e-06 9.86926082e-07
 9.91617342e-07 7.85821736e-07 5.99370579e-07 8.45082141e-07
 8.50493316e-07 7.77153401e-07 6.88954940e-07 7.70457771e-07
 2.60654819e-07 2.57275786e-07 2.68782968e-07 8.55293963e-07
 8.53356199e-07 1.26669097e-06 2.17563529e-08 2.17893549e-08
 4.75789529e-08 3.69999609e-09 3.68142472e-09 2.64548948e-10
 5.35362800e-07 5.37733864e-07 5.36427765e-07 5.33564458e-07
 5.37639222e-07 5.35218174e-07 1.96136161e-07 1.96981153e-07
 1.96738252e-07 1.95466729e-07 1.97178033e-07 1.96170995e-07
 3.85022802e-07 3.94494459e-07 3.97300229e-07 4.66121137e-07
 4.76740350e-07 5.19632811e-07 1.10747017e-06 1.15762594e-06
 1.16396981e-06 1.30078156e-06 1.31130080e-06 1.34909755e-06
 2.54739847e-03 3.79572370e-03 3.79777088e-03 7.73103724e-03
 7.73435320e-03 1.18537495e-02 5.79868822e-03 1.36935339e-02
 1.36998541e-02 1.45560900e-02 1.45632554e-02 4.34593701e-03
 1.74810614e-02 2.45133137e-02 1.44492981e-02 1.44508309e-02
 1.17870643e-02 1.17879839e-02 1.75232705e-02 1.75228009e-02
 1.55031046e-02 2.12589483e-02 2.51089124e-02 2.51014024e-02
 3.86182524e-02 4.38311245e-02 4.38338837e-02 3.23388173e-02
 3.23528156e-02 4.66995842e-02 2.94814060e-02 2.94809022e-02
 5.99319116e-02 2.87738338e-02 2.87901167e-02 5.45562405e-03
 4.00860466e-02 3.89046348e-02 3.89082387e-02 3.92750394e-02
 3.93048480e-02 3.93201229e-02 5.88812610e-02 6.08259927e-02
 6.08515150e-02 5.61535954e-02 5.61789554e-02 1.09530253e-01
 6.00240104e-02 6.00635342e-02 3.30221160e-02 1.32061500e-02
 4.96572619e-02 4.12499387e-02 4.12418225e-02 1.14926161e-01
 1.14963520e-01 6.74554782e-02 6.74165658e-02 4.36305205e-02
 1.55420268e-01 1.55442185e-01 2.31338957e-01 1.20441968e-01
 6.12656528e-02 6.12689840e-02 5.35872532e-02 3.69691956e-01
 3.69870389e-01 2.22871763e-01 2.22816841e-01 1.51349631e-01
 2.52276818e-01 2.55923238e-01 3.00842563e-01 1.10744763e-01
 1.10314761e-01 1.08692788e-01 1.08687900e-01 9.15333272e-02
 9.15145529e-02 1.02654819e-01 2.62176215e-01 2.61855564e-01
 6.83572457e-01 7.05736757e-01 6.82788817e-01 6.98396217e-01
 7.36532715e-01 7.21859080e-01 8.16796858e-01 8.14049720e-01
 8.15881766e-01 7.36812607e-01 7.32040474e-01 8.22130849e-01
 8.23227928e-01 8.22640402e-01 7.46347766e-01 8.14035853e-01
 8.14290265e-01 8.13565791e-01 8.12548839e-01 8.21841008e-01
 7.20526409e-01 8.12640902e-01 8.09620648e-01 8.09055715e-01
 8.13143341e-01 7.03428547e-01 8.11973640e-01 8.08410441e-01
 8.08808675e-01 8.10617749e-01 7.14954747e-01 8.20765841e-01
 7.04169640e-01 8.16752094e-01 7.12329833e-01 8.17654938e-01
 7.47198943e-01 8.17165916e-01 8.10524999e-01 7.40738317e-01
 8.19616945e-01 7.07823034e-01 8.21990828e-01 8.09373240e-01
 8.17848188e-01 8.20898944e-01 8.10174223e-01 7.09801345e-01
 2.01338411e-02 4.34856409e-02 4.35080243e-02 4.62094957e-02
 4.62102080e-02 3.75337915e-02 8.35336676e-02 1.18648232e-01
 1.18413668e-01 7.89799986e-03 2.00277108e-02 2.00263240e-02
 1.23606115e-01 1.23490083e-01 2.10717647e-02 2.10110866e-01
 5.34845025e-02 5.34407678e-02 5.52655293e-02 5.51431080e-02
 1.29584666e-02 2.80613400e-02 2.80772293e-02 4.30906045e-02
 9.51005343e-02 9.50127279e-02 1.76399067e-02 1.10902776e-02
 1.10817074e-02 1.25709462e-01 6.94845935e-02 2.58887513e-02
 2.58859009e-02 1.98508608e-02 1.98628519e-02 2.00240383e-02
 7.66023412e-02 4.26076526e-02 4.26152153e-02 2.14676145e-02
 2.14565847e-02 1.28560089e-02 3.77126716e-02 3.77008953e-02
 3.83071774e-02 3.83120090e-02 3.56998735e-02 5.31696182e-02
 7.35192818e-02 5.04052284e-02 5.03892100e-02 6.61053385e-02
 6.60973793e-02 8.73959855e-02 3.62413618e-02 3.62404617e-02
 6.13185594e-02 6.13067021e-02 6.12084706e-02 2.10589427e-02
 5.29671211e-02 6.62923592e-02 6.05157815e-02 6.04846128e-02
 3.95016239e-02 3.95030166e-02 6.23964167e-02 6.23588864e-02
 2.78479873e-02 2.78619042e-02 5.42498769e-02 5.98659559e-02
 4.87282184e-02 6.24071646e-02 6.23976954e-02 5.19832289e-02
 5.19643547e-02 4.41018017e-02 4.49555210e-02 4.49581898e-02
 7.11808222e-02 7.11716274e-02 1.25129723e-02 5.89493179e-02]
cas_list [134 132 135 157 164 133 173 179 166 162 152 137 142 136 141 171 146 168
 159 160 155 175 154 178 170 161 158 150 153 156 149 147 139 148 140 165
 138 169 167 176 172 163 177 151 174 143 145 144]
s population for active space orbitals [0.68278882 0.68357246 0.69839622 0.70342855 0.70416964 0.70573676
 0.70782303 0.70980135 0.71232983 0.71495475 0.72052641 0.72185908
 0.73204047 0.73653272 0.73681261 0.74073832 0.74634777 0.74719894
 0.80841044 0.80880867 0.80905572 0.80937324 0.80962065 0.81017422
 0.810525   0.81061775 0.81197364 0.81254884 0.8126409  0.81314334
 0.81356579 0.81403585 0.81404972 0.81429026 0.81588177 0.81675209
 0.81679686 0.81716592 0.81765494 0.81784819 0.81961695 0.82076584
 0.82089894 0.82184101 0.82199083 0.82213085 0.8226404  0.82322793]
[0, 1, 2, 3, 4, 5, 6, 7, 8, 9, 10, 11, 12, 13, 14, 15, 16, 17, 18, 19, 20, 21, 22, 23, 24, 25, 26, 27, 28, 29, 30, 31, 32, 33, 34, 35, 36, 37, 38, 39, 40, 41, 42, 43, 44, 45, 46, 47, 48, 49, 50, 51, 52, 53, 54, 55, 56, 57, 58, 59, 60, 61, 62, 63, 64, 65, 66, 67, 68, 69, 70, 71, 72, 73, 74, 75, 76, 77, 78, 79, 80, 81, 82, 83, 84, 85, 86, 87, 88, 89, 90, 91, 92, 93, 94, 95, 96, 97, 98, 99, 100, 101, 102, 103, 104, 105, 106, 107, 108, 109, 110, 111, 112, 113, 114, 115, 116, 117, 118, 119, 120, 121, 122, 123, 124, 125, 126, 127, 128, 129, 130, 131]
[180, 181, 182, 183, 184, 185, 186, 187, 188, 189, 190, 191, 192, 193, 194, 195, 196, 197, 198, 199, 200, 201, 202, 203, 204, 205, 206, 207, 208, 209, 210, 211, 212, 213, 214, 215, 216, 217, 218, 219, 220, 221, 222, 223, 224, 225, 226, 227, 228, 229, 230, 231, 232, 233, 234, 235, 236, 237, 238, 239, 240, 241, 242, 243, 244, 245, 246, 247, 248, 249, 250, 251, 252, 253, 254, 255, 256, 257, 258, 259, 260, 261, 262, 263]
[0, 1, 2, 3, 4, 5, 6, 7, 8, 9, 10, 11, 12, 13, 14, 15, 16, 17, 18, 19, 20, 21, 22, 23, 24, 25, 26, 27, 28, 29, 30, 31, 32, 33, 34, 35, 36, 37, 38, 39, 40, 41, 42, 43, 44, 45, 46, 47, 48, 49, 50, 51, 52, 53, 54, 55, 56, 57, 58, 59, 60, 61, 62, 63, 64, 65, 66, 67, 68, 69, 70, 71, 72, 73, 74, 75, 76, 77, 78, 79, 80, 81, 82, 83, 84, 85, 86, 87, 88, 89, 90, 91, 92, 93, 94, 95, 96, 97, 98, 99, 100, 101, 102, 103, 104, 105, 106, 107, 108, 109, 110, 111, 112, 113, 114, 115, 116, 117, 118, 119, 120, 121, 122, 123, 124, 125, 126, 127, 128, 129, 130, 131]
[180, 181, 182, 183, 184, 185, 186, 187, 188, 189, 190, 191, 192, 193, 194, 195, 196, 197, 198, 199, 200, 201, 202, 203, 204, 205, 206, 207, 208, 209, 210, 211, 212, 213, 214, 215, 216, 217, 218, 219, 220, 221, 222, 223, 224, 225, 226, 227, 228, 229, 230, 231, 232, 233, 234, 235, 236, 237, 238, 239, 240, 241, 242, 243, 244, 245, 246, 247, 248, 249, 250, 251, 252, 253, 254, 255, 256, 257, 258, 259, 260, 261, 262, 263]
ecore   -1662.81501330
MULLIKEN
[[ 5.23014386e-04  2.27911694e-02  2.31174357e-03 ...  5.36732120e-04
   2.14429829e-03  1.26825099e-03]
 [ 2.58980294e-03  4.19504757e-04  4.22479318e-04 ...  2.21929303e-03
   6.35105890e-04  2.25292111e-03]
 [ 2.98184304e-03  1.07128420e-03  5.03949004e-04 ...  2.13309811e-03
   1.23396409e-03  1.49608173e-03]
 ...
 [ 3.95443153e-03  6.30489741e-03  1.24049418e-04 ...  4.20168646e-05
  -6.13398199e-06  3.82844694e-05]
 [ 3.62918742e-03  2.88564163e-03  4.23910048e-06 ...  2.18490211e-04
   3.31427346e-04  1.89146953e-04]
 [ 6.06160876e-03  4.25884743e-03 -1.07347203e-04 ...  1.54498864e-04
   3.54110603e-05 -3.95619649e-06]]
[[ 0 32]
 [ 1 36]
 [ 2 24]
 [ 3 34]
 [ 4 20]
 [ 5 29]
 [ 6  9]
 [ 7 11]
 [ 8  5]
 [ 9 10]
 [10  4]
 [11  8]
 [12 16]
 [13 12]
 [14  1]
 [15 14]
 [16  7]
 [17 15]
 [18  0]
 [19 13]
 [20  3]
 [21 17]
 [22  6]
 [23  2]
 [24 19]
 [25 25]
 [26 33]
 [27 31]
 [28 27]
 [29 30]
 [30 23]
 [31 22]
 [32 26]
 [33 21]
 [34 18]
 [35 28]
 [36 47]
 [37 38]
 [38 37]
 [39 41]
 [40 44]
 [41 39]
 [42 40]
 [43 35]
 [44 45]
 [45 46]
 [46 42]
 [47 43]]
(72, 48)
[[ 5.23014386e-04  2.27911694e-02  2.31174357e-03 ...  5.36732120e-04
   2.14429829e-03  1.26825099e-03]
 [ 2.58980294e-03  4.19504757e-04  4.22479318e-04 ...  2.21929303e-03
   6.35105890e-04  2.25292111e-03]
 [ 2.98184304e-03  1.07128420e-03  5.03949004e-04 ...  2.13309811e-03
   1.23396409e-03  1.49608173e-03]
 ...
 [ 3.95443153e-03  6.30489741e-03  1.24049418e-04 ...  4.20168646e-05
  -6.13398199e-06  3.82844694e-05]
 [ 3.62918742e-03  2.88564163e-03  4.23910048e-06 ...  2.18490211e-04
   3.31427346e-04  1.89146953e-04]
 [ 6.06160876e-03  4.25884743e-03 -1.07347203e-04 ...  1.54498864e-04
   3.54110603e-05 -3.95619649e-06]]/home/arnab22/.local/lib/python3.8/site-packages/pyscf/dft/libxc.py:772: UserWarning: Since PySCF-2.3, B3LYP (and B3P86) are changed to the VWN-RPA variant, the same to the B3LYP functional in Gaussian and ORCA (issue 1480). To restore the VWN5 definition, you can put the setting "B3LYP_WITH_VWN5 = True" in pyscf_conf.py
  warnings.warn('Since PySCF-2.3, B3LYP (and B3P86) are changed to the VWN-RPA variant, '

(array([ 0,  1,  2,  3,  4,  5,  6,  7,  8,  9, 10, 11, 12, 13, 14, 15, 16,
       17, 18, 19, 20, 21, 22, 23, 24, 25, 26, 27, 28, 29, 30, 31, 32, 33,
       34, 35, 36, 37, 38, 39, 40, 41, 42, 43, 44, 45, 46, 47]), array([32, 36, 24, 34, 20, 29,  9, 11,  5, 10,  4,  8, 16, 12,  1, 14,  7,
       15,  0, 13,  3, 17,  6,  2, 19, 25, 33, 31, 27, 30, 23, 22, 26, 21,
       18, 28, 47, 38, 37, 41, 44, 39, 40, 35, 45, 46, 42, 43]))
[32 36 24 34 20 29  9 11  5 10  4  8 16 12  1 14  7 15  0 13  3 17  6  2
 19 25 33 31 27 30 23 22 26 21 18 28 47 38 37 41 44 39 40 35 45 46 42 43]
