IDX001:DIM4096:001|002|003|004|005|006|
IDX002:DIM4096:007|008|009|010|011|012|
IDX003:DIM4096:013|014|015|016|017|018|
IDX004:DIM4096:019|020|021|022|023|024|
 ooCMF Iter:    1 Total= -915.797863770719 Active= -47.507132808751 G=     5.49e-01
 ooCMF Iter:    2 Total= -915.899411161411 Active= -47.608680199444 G=     1.36e-01
 ooCMF Iter:    3 Total= -915.905186479385 Active= -47.614455517418 G=     3.87e-02
 ooCMF Iter:    4 Total= -915.905728640776 Active= -47.614997678809 G=     2.08e-02
 ooCMF Iter:    5 Total= -915.906131662161 Active= -47.615400700194 G=     2.64e-02
 ooCMF Iter:    6 Total= -915.906534408247 Active= -47.615803446280 G=     1.36e-02
 ooCMF Iter:    7 Total= -915.906579121645 Active= -47.615848159678 G=     3.07e-03
 ooCMF Iter:    8 Total= -915.906582349179 Active= -47.615851387212 G=     1.33e-03
 ooCMF Iter:    9 Total= -915.906583297295 Active= -47.615852335327 G=     1.30e-03
 ooCMF Iter:   10 Total= -915.906584725358 Active= -47.615853763391 G=     1.08e-03
 ooCMF Iter:   11 Total= -915.906585054647 Active= -47.615854092679 G=     4.36e-04
 ooCMF Iter:   12 Total= -915.906585120984 Active= -47.615854159017 G=     1.74e-04
 ooCMF Iter:   13 Total= -915.906585132900 Active= -47.615854170933 G=     1.28e-04
 ooCMF Iter:   14 Total= -915.906585147960 Active= -47.615854185993 G=     1.42e-04
 ooCMF Iter:   15 Total= -915.906585160389 Active= -47.615854198421 G=     1.01e-04
 ooCMF Iter:   16 Total= -915.906585164195 Active= -47.615854202227 G=     4.28e-05
 ooCMF Iter:   17 Total= -915.906585164982 Active= -47.615854203014 G=     2.86e-05
 ooCMF Iter:   18 Total= -915.906585165841 Active= -47.615854203873 G=     3.27e-05
 ooCMF Iter:   19 Total= -915.906585166342 Active= -47.615854204375 G=     2.01e-05
 ooCMF Iter:   20 Total= -915.906585166504 Active= -47.615854204537 G=     5.48e-06
 ooCMF Iter:   21 Total= -915.906585166516 Active= -47.615854204548 G=     2.93e-06
 ooCMF Iter:   22 Total= -915.906585166520 Active= -47.615854204553 G=     2.71e-06
 ooCMF Iter:   23 Total= -915.906585166525 Active= -47.615854204558 G=     2.29e-06
 ooCMF Iter:   24 Total= -915.906585166527 Active= -47.615854204560 G=     9.05e-07
 ooCMF Iter:   25 Total= -915.906585166528 Active= -47.615854204560 G=     4.31e-07
 ooCMF Iter:   26 Total= -915.906585166527 Active= -47.615854204560 G=     2.40e-07
 ooCMF Iter:   27 Total= -915.906585166527 Active= -47.615854204560 G=     2.14e-07
 ooCMF Iter:   28 Total= -915.906585166528 Active= -47.615854204561 G=     1.74e-07
 ooCMF Iter:   29 Total= -915.906585166527 Active= -47.615854204560 G=     9.47e-08
 ooCMF Iter:   30 Total= -915.906585166528 Active= -47.615854204560 G=     5.81e-08
 ooCMF Iter:   31 Total= -915.906585166528 Active= -47.615854204560 G=     4.37e-08
 * Status: success (objective increased between iterations)

 * Candidate solution
    Final objective value:     -9.159066e+02

 * Found with
    Algorithm:     BFGS

 * Convergence measures
    |x - x'|               = 1.48e-08 ≰ 0.0e+00
    |x - x'|/|x'|          = 1.24e-07 ≰ 0.0e+00
    |f(x) - f(x')|         = 3.41e-13 ≰ 0.0e+00
    |f(x) - f(x')|/|f(x')| = 3.72e-16 ≰ 0.0e+00
    |g(x)|                 = 7.67e-09 ≤ 1.0e-08

 * Work counters
    Seconds run:   85  (vs limit Inf)
    Iterations:    30
    f(x) calls:    73
    ∇f(x) calls:   73

*ooCMF -915.90658517 
 87.504534 seconds (4.72 M allocations: 4.362 GiB, 0.81% gc time)
 ooCMF Iter:    1 Total= -915.797863770719 Active= -47.507132808751 G=     5.49e-01
 ooCMF Iter:    2 Total= -915.899375714317 Active= -47.608644752349 G=     1.39e-01
 ooCMF Iter:    3 Total= -915.905185591317 Active= -47.614454629349 G=     3.80e-02
 ooCMF Iter:    4 Total= -915.905723410894 Active= -47.614992448926 G=     1.95e-02
 ooCMF Iter:    5 Total= -915.906082019775 Active= -47.615351057807 G=     2.09e-02
 ooCMF Iter:    6 Total= -915.906499041493 Active= -47.615768079526 G=     1.62e-02
 ooCMF Iter:    7 Total= -915.906577695238 Active= -47.615846733271 G=     3.50e-03
 ooCMF Iter:    8 Total= -915.906582188577 Active= -47.615851226609 G=     1.39e-03
 ooCMF Iter:    9 Total= -915.906583169120 Active= -47.615852207152 G=     1.08e-03
 ooCMF Iter:   10 Total= -915.906584049296 Active= -47.615853087328 G=     1.98e-03
 ooCMF Iter:   11 Total= -915.906584845262 Active= -47.615853883295 G=     6.49e-04
 ooCMF Iter:   12 Total= -915.906585006277 Active= -47.615854044310 G=     3.62e-04
 ooCMF Iter:   13 Total= -915.906585057477 Active= -47.615854095509 G=     2.89e-04
 ooCMF Iter:   14 Total= -915.906585136526 Active= -47.615854174558 G=     1.89e-04
 ooCMF Iter:   15 Total= -915.906585158987 Active= -47.615854197019 G=     1.08e-04
 ooCMF Iter:   16 Total= -915.906585162574 Active= -47.615854200606 G=     5.13e-05
 ooCMF Iter:   17 Total= -915.906585163868 Active= -47.615854201900 G=     3.87e-05
 ooCMF Iter:   18 Total= -915.906585164839 Active= -47.615854202872 G=     4.03e-05
 ooCMF Iter:   19 Total= -915.906585165762 Active= -47.615854203795 G=     2.70e-05
 ooCMF Iter:   20 Total= -915.906585166094 Active= -47.615854204126 G=     2.08e-05
 ooCMF Iter:   21 Total= -915.906585166291 Active= -47.615854204324 G=     1.50e-05
 ooCMF Iter:   22 Total= -915.906585166374 Active= -47.615854204406 G=     1.92e-05
 ooCMF Iter:   23 Total= -915.906585166471 Active= -47.615854204503 G=     7.52e-06
 ooCMF Iter:   24 Total= -915.906585166494 Active= -47.615854204527 G=     5.10e-06
 ooCMF Iter:   25 Total= -915.906585166505 Active= -47.615854204538 G=     4.74e-06
 ooCMF Iter:   26 Total= -915.906585166517 Active= -47.615854204550 G=     4.62e-06
 ooCMF Iter:   27 Total= -915.906585166524 Active= -47.615854204557 G=     2.06e-06
 ooCMF Iter:   28 Total= -915.906585166527 Active= -47.615854204559 G=     9.59e-07
 ooCMF Iter:   29 Total= -915.906585166527 Active= -47.615854204559 G=     5.24e-07
 ooCMF Iter:   30 Total= -915.906585166527 Active= -47.615854204560 G=     5.39e-07
 ooCMF Iter:   31 Total= -915.906585166527 Active= -47.615854204560 G=     4.44e-07
 ooCMF Iter:   32 Total= -915.906585166526 Active= -47.615854204559 G=     1.80e-07
 ooCMF Iter:   33 Total= -915.906585166529 Active= -47.615854204561 G=     9.25e-08
 ooCMF Iter:   34 Total= -915.906585166527 Active= -47.615854204560 G=     9.55e-08
 ooCMF Iter:   35 Total= -915.906585166527 Active= -47.615854204560 G=     1.12e-07
 ooCMF Iter:   36 Total= -915.906585166527 Active= -47.615854204560 G=     5.12e-08
 ooCMF Iter:   37 Total= -915.906585166527 Active= -47.615854204560 G=     2.17e-08
 * Status: success (objective increased between iterations)

 * Candidate solution
    Final objective value:     -9.159066e+02

 * Found with
    Algorithm:     Conjugate Gradient

 * Convergence measures
    |x - x'|               = 7.10e-09 ≰ 0.0e+00
    |x - x'|/|x'|          = 5.94e-08 ≰ 0.0e+00
    |f(x) - f(x')|         = 2.27e-13 ≰ 0.0e+00
    |f(x) - f(x')|/|f(x')| = 2.48e-16 ≰ 0.0e+00
    |g(x)|                 = 3.90e-09 ≤ 1.0e-08

 * Work counters
    Seconds run:   70  (vs limit Inf)
    Iterations:    36
    f(x) calls:    89
    ∇f(x) calls:   58

*ooCMF -915.90658517 
 72.910202 seconds (3.97 M allocations: 3.852 GiB, 0.94% gc time)
 Step:    1 E: -915.797863770719 G: 5.5e-01
 Step:    2 E: -915.825815309739 G: 4.7e-01
 Step:    3 E: -915.846242812349 G: 4.0e-01
 Step:    4 E: -915.861227582964 G: 3.4e-01
 Step:    5 E: -915.872268784066 G: 3.0e-01
 Step:    6 E: -915.880443851119 G: 2.6e-01
 Step:    7 E: -915.886527547309 G: 2.2e-01
 Step:    8 E: -915.891078298440 G: 1.9e-01
 Step:    9 E: -915.894500014105 G: 1.7e-01
 Step:   10 E: -915.897086080078 G: 1.4e-01
 Step:   11 E: -915.899050595271 G: 1.3e-01
 Step:   12 E: -915.900550561639 G: 1.1e-01
 Step:   13 E: -915.901701681837 G: 9.7e-02
 Step:   14 E: -915.902589643523 G: 8.6e-02
 Step:   15 E: -915.903278212670 G: 7.5e-02
 Step:   16 E: -915.903815064630 G: 6.7e-02
 Step:   17 E: -915.904236005589 G: 5.9e-02
 Step:   18 E: -915.904568043851 G: 5.3e-02
 Step:   19 E: -915.904831635554 G: 4.7e-02
 Step:   20 E: -915.905042334839 G: 4.2e-02
 Step:   21 E: -915.905212012375 G: 3.8e-02
 Step:   22 E: -915.905349759405 G: 3.4e-02
 Step:   23 E: -915.905462561580 G: 3.1e-02
 Step:   24 E: -915.905555803440 G: 2.9e-02
 Step:   25 E: -915.905633647699 G: 2.6e-02
 Step:   26 E: -915.905699321580 G: 2.4e-02
 Step:   27 E: -915.905755333794 G: 2.2e-02
 Step:   28 E: -915.905803639584 G: 2.1e-02
 Step:   29 E: -915.905845766685 G: 2.0e-02
 Step:   30 E: -915.905882911763 G: 1.8e-02
 Step:   31 E: -915.905916014496 G: 1.7e-02
 Step:   32 E: -915.905945814617 G: 1.7e-02
 Step:   33 E: -915.905972895983 G: 1.6e-02
 Step:   34 E: -915.905997720673 G: 1.5e-02
 Step:   35 E: -915.906020655461 G: 1.5e-02
 Step:   36 E: -915.906041992390 G: 1.4e-02
 Step:   37 E: -915.906061964812 G: 1.4e-02
 Step:   38 E: -915.906080759908 G: 1.3e-02
 Step:   39 E: -915.906098528458 G: 1.3e-02
 Step:   40 E: -915.906115392526 G: 1.3e-02
 Step:   41 E: -915.906131451455 G: 1.2e-02
 Step:   42 E: -915.906146786601 G: 1.2e-02
 Step:   43 E: -915.906161465031 G: 1.2e-02
 Step:   44 E: -915.906175542458 G: 1.2e-02
 Step:   45 E: -915.906189065542 G: 1.1e-02
 Step:   46 E: -915.906202073703 G: 1.1e-02
 Step:   47 E: -915.906214600567 G: 1.1e-02
 Step:   48 E: -915.906226675094 G: 1.1e-02
 Step:   49 E: -915.906238322481 G: 1.1e-02
 Step:   50 E: -915.906249564877 G: 1.0e-02
 Step:   51 E: -915.906260421951 G: 1.0e-02
 Step:   52 E: -915.906270911326 G: 1.0e-02
 Step:   53 E: -915.906281048966 G: 9.9e-03
 Step:   54 E: -915.906290849430 G: 9.8e-03
 Step:   55 E: -915.906300326123 G: 9.6e-03
 Step:   56 E: -915.906309491471 G: 9.5e-03
 Step:   57 E: -915.906318357062 G: 9.3e-03
 Step:   58 E: -915.906326933773 G: 9.1e-03
 Step:   59 E: -915.906335231857 G: 9.0e-03
 Step:   60 E: -915.906343261025 G: 8.9e-03
 Step:   61 E: -915.906351030510 G: 8.7e-03
 Step:   62 E: -915.906358549111 G: 8.6e-03
 Step:   63 E: -915.906365825244 G: 8.4e-03
 Step:   64 E: -915.906372866966 G: 8.3e-03
 Step:   65 E: -915.906379682020 G: 8.2e-03
 Step:   66 E: -915.906386277843 G: 8.0e-03
 Step:   67 E: -915.906392661593 G: 7.9e-03
 Step:   68 E: -915.906398840172 G: 7.8e-03
 Step:   69 E: -915.906404820234 G: 7.6e-03
 Step:   70 E: -915.906410608202 G: 7.5e-03
 Step:   71 E: -915.906416210278 G: 7.4e-03
 Step:   72 E: -915.906421632453 G: 7.3e-03
 Step:   73 E: -915.906426880518 G: 7.2e-03
 Step:   74 E: -915.906431960075 G: 7.0e-03
 Step:   75 E: -915.906436876536 G: 6.9e-03
 Step:   76 E: -915.906441635141 G: 6.8e-03
 Step:   77 E: -915.906446240958 G: 6.7e-03
 Step:   78 E: -915.906450698889 G: 6.6e-03
 Step:   79 E: -915.906455013679 G: 6.5e-03
 Step:   80 E: -915.906459189920 G: 6.4e-03
 Step:   81 E: -915.906463232058 G: 6.3e-03
 Step:   82 E: -915.906467144391 G: 6.2e-03
 Step:   83 E: -915.906470931087 G: 6.1e-03
 Step:   84 E: -915.906474596172 G: 6.0e-03
 Step:   85 E: -915.906478143552 G: 5.9e-03
 Step:   86 E: -915.906481576997 G: 5.8e-03
 Step:   87 E: -915.906484900168 G: 5.7e-03
 Step:   88 E: -915.906488116600 G: 5.6e-03
 Step:   89 E: -915.906491229721 G: 5.5e-03
 Step:   90 E: -915.906494242846 G: 5.4e-03
 Step:   91 E: -915.906497159184 G: 5.3e-03
 Step:   92 E: -915.906499981843 G: 5.2e-03
 Step:   93 E: -915.906502713830 G: 5.2e-03
 Step:   94 E: -915.906505358057 G: 5.1e-03
 Step:   95 E: -915.906507917341 G: 5.0e-03
 Step:   96 E: -915.906510394412 G: 4.9e-03
 Step:   97 E: -915.906512791910 G: 4.8e-03
 Step:   98 E: -915.906515112391 G: 4.8e-03
 Step:   99 E: -915.906517358330 G: 4.7e-03
 Step:  100 E: -915.906519532120 G: 4.6e-03
 Step:  101 E: -915.906521636081 G: 4.5e-03
 Step:  102 E: -915.906523672457 G: 4.5e-03
 Step:  103 E: -915.906525643419 G: 4.4e-03
 Step:  104 E: -915.906527551070 G: 4.3e-03
 Step:  105 E: -915.906529397446 G: 4.2e-03
 Step:  106 E: -915.906531184514 G: 4.2e-03
 Step:  107 E: -915.906532914184 G: 4.1e-03
 Step:  108 E: -915.906534588297 G: 4.0e-03
 Step:  109 E: -915.906536208643 G: 4.0e-03
 Step:  110 E: -915.906537776949 G: 3.9e-03
 Step:  111 E: -915.906539294887 G: 3.8e-03
 Step:  112 E: -915.906540764079 G: 3.8e-03
 Step:  113 E: -915.906542186090 G: 3.7e-03
 Step:  114 E: -915.906543562439 G: 3.7e-03
 Step:  115 E: -915.906544894593 G: 3.6e-03
 Step:  116 E: -915.906546183974 G: 3.5e-03
 Step:  117 E: -915.906547431956 G: 3.5e-03
 Step:  118 E: -915.906548639873 G: 3.4e-03
 Step:  119 E: -915.906549809011 G: 3.4e-03
 Step:  120 E: -915.906550940618 G: 3.3e-03
 Step:  121 E: -915.906552035900 G: 3.3e-03
 Step:  122 E: -915.906553096026 G: 3.2e-03
 Step:  123 E: -915.906554122127 G: 3.2e-03
 Step:  124 E: -915.906555115297 G: 3.1e-03
 Step:  125 E: -915.906556076593 G: 3.1e-03
 Step:  126 E: -915.906557007043 G: 3.0e-03
 Step:  127 E: -915.906557907638 G: 3.0e-03
 Step:  128 E: -915.906558779335 G: 2.9e-03
 Step:  129 E: -915.906559623067 G: 2.9e-03
 Step:  130 E: -915.906560439732 G: 2.8e-03
 Step:  131 E: -915.906561230199 G: 2.8e-03
 Step:  132 E: -915.906561995313 G: 2.7e-03
 Step:  133 E: -915.906562735887 G: 2.7e-03
 Step:  134 E: -915.906563452710 G: 2.6e-03
 Step:  135 E: -915.906564146547 G: 2.6e-03
 Step:  136 E: -915.906564818135 G: 2.6e-03
 Step:  137 E: -915.906565468191 G: 2.5e-03
 Step:  138 E: -915.906566097406 G: 2.5e-03
 Step:  139 E: -915.906566706452 G: 2.4e-03
 Step:  140 E: -915.906567295974 G: 2.4e-03
 Step:  141 E: -915.906567866601 G: 2.4e-03
 Step:  142 E: -915.906568418941 G: 2.3e-03
 Step:  143 E: -915.906568953582 G: 2.3e-03
 Step:  144 E: -915.906569471090 G: 2.2e-03
 Step:  145 E: -915.906569972019 G: 2.2e-03
 Step:  146 E: -915.906570456899 G: 2.2e-03
 Step:  147 E: -915.906570926248 G: 2.1e-03
 Step:  148 E: -915.906571380563 G: 2.1e-03
 Step:  149 E: -915.906571820327 G: 2.1e-03
 Step:  150 E: -915.906572246009 G: 2.0e-03
 Step:  151 E: -915.906572658061 G: 2.0e-03
 Step:  152 E: -915.906573056919 G: 2.0e-03
 Step:  153 E: -915.906573443008 G: 1.9e-03
 Step:  154 E: -915.906573816740 G: 1.9e-03
 Step:  155 E: -915.906574178508 G: 1.9e-03
 Step:  156 E: -915.906574528699 G: 1.8e-03
 Step:  157 E: -915.906574867682 G: 1.8e-03
 Step:  158 E: -915.906575195821 G: 1.8e-03
 Step:  159 E: -915.906575513459 G: 1.8e-03
 Step:  160 E: -915.906575820938 G: 1.7e-03
 Step:  161 E: -915.906576118581 G: 1.7e-03
 Step:  162 E: -915.906576406704 G: 1.7e-03
 Step:  163 E: -915.906576685614 G: 1.6e-03
 Step:  164 E: -915.906576955605 G: 1.6e-03
 Step:  165 E: -915.906577216964 G: 1.6e-03
 Step:  166 E: -915.906577469967 G: 1.6e-03
 Step:  167 E: -915.906577714884 G: 1.5e-03
 Step:  168 E: -915.906577951974 G: 1.5e-03
 Step:  169 E: -915.906578181486 G: 1.5e-03
 Step:  170 E: -915.906578403664 G: 1.5e-03
 Step:  171 E: -915.906578618744 G: 1.4e-03
 Step:  172 E: -915.906578826954 G: 1.4e-03
 Step:  173 E: -915.906579028511 G: 1.4e-03
 Step:  174 E: -915.906579223631 G: 1.4e-03
 Step:  175 E: -915.906579412522 G: 1.4e-03
 Step:  176 E: -915.906579595380 G: 1.3e-03
 Step:  177 E: -915.906579772399 G: 1.3e-03
 Step:  178 E: -915.906579943770 G: 1.3e-03
 Step:  179 E: -915.906580109669 G: 1.3e-03
 Step:  180 E: -915.906580270273 G: 1.3e-03
 Step:  181 E: -915.906580425755 G: 1.2e-03
 Step:  182 E: -915.906580576273 G: 1.2e-03
 Step:  183 E: -915.906580721991 G: 1.2e-03
 Step:  184 E: -915.906580863059 G: 1.2e-03
 Step:  185 E: -915.906580999629 G: 1.2e-03
 Step:  186 E: -915.906581131844 G: 1.1e-03
 Step:  187 E: -915.906581259842 G: 1.1e-03
 Step:  188 E: -915.906581383761 G: 1.1e-03
 Step:  189 E: -915.906581503729 G: 1.1e-03
 Step:  190 E: -915.906581619873 G: 1.1e-03
 Step:  191 E: -915.906581732317 G: 1.0e-03
 Step:  192 E: -915.906581841175 G: 1.0e-03
 Step:  193 E: -915.906581946566 G: 1.0e-03
 Step:  194 E: -915.906582048601 G: 1.0e-03
 Step:  195 E: -915.906582147384 G: 9.8e-04
 Step:  196 E: -915.906582243022 G: 9.7e-04
 Step:  197 E: -915.906582335615 G: 9.5e-04
 Step:  198 E: -915.906582425259 G: 9.4e-04
 Step:  199 E: -915.906582512051 G: 9.2e-04
 Step:  200 E: -915.906582596080 G: 9.1e-04
 Step:  201 E: -915.906582677434 G: 8.9e-04
 Step:  202 E: -915.906582756198 G: 8.8e-04
 Step:  203 E: -915.906582832458 G: 8.6e-04
 Step:  204 E: -915.906582906291 G: 8.5e-04
 Step:  205 E: -915.906582977777 G: 8.4e-04
 Step:  206 E: -915.906583046989 G: 8.2e-04
 Step:  207 E: -915.906583114000 G: 8.1e-04
 Step:  208 E: -915.906583178880 G: 8.0e-04
 Step:  209 E: -915.906583241698 G: 7.8e-04
 Step:  210 E: -915.906583302520 G: 7.7e-04
 Step:  211 E: -915.906583361408 G: 7.6e-04
 Step:  212 E: -915.906583418426 G: 7.5e-04
 Step:  213 E: -915.906583473631 G: 7.3e-04
 Step:  214 E: -915.906583527083 G: 7.2e-04
 Step:  215 E: -915.906583578838 G: 7.1e-04
 Step:  216 E: -915.906583628950 G: 7.0e-04
 Step:  217 E: -915.906583677470 G: 6.9e-04
 Step:  218 E: -915.906583724449 G: 6.8e-04
 Step:  219 E: -915.906583769938 G: 6.7e-04
 Step:  220 E: -915.906583813984 G: 6.6e-04
 Step:  221 E: -915.906583856631 G: 6.5e-04
 Step:  222 E: -915.906583897925 G: 6.3e-04
 Step:  223 E: -915.906583937910 G: 6.2e-04
 Step:  224 E: -915.906583976627 G: 6.1e-04
 Step:  225 E: -915.906584014115 G: 6.0e-04
 Step:  226 E: -915.906584050414 G: 6.0e-04
 Step:  227 E: -915.906584085564 G: 5.9e-04
 Step:  228 E: -915.906584119600 G: 5.8e-04
 Step:  229 E: -915.906584152557 G: 5.7e-04
 Step:  230 E: -915.906584184469 G: 5.6e-04
 Step:  231 E: -915.906584215371 G: 5.5e-04
 Step:  232 E: -915.906584245293 G: 5.4e-04
 Step:  233 E: -915.906584274270 G: 5.3e-04
 Step:  234 E: -915.906584302326 G: 5.2e-04
 Step:  235 E: -915.906584329496 G: 5.1e-04
 Step:  236 E: -915.906584355806 G: 5.1e-04
 Step:  237 E: -915.906584381283 G: 5.0e-04
 Step:  238 E: -915.906584405953 G: 4.9e-04
 Step:  239 E: -915.906584429844 G: 4.8e-04
 Step:  240 E: -915.906584452978 G: 4.8e-04
 Step:  241 E: -915.906584475381 G: 4.7e-04
 Step:  242 E: -915.906584497075 G: 4.6e-04
 Step:  243 E: -915.906584518084 G: 4.5e-04
 Step:  244 E: -915.906584538429 G: 4.5e-04
 Step:  245 E: -915.906584558131 G: 4.4e-04
 Step:  246 E: -915.906584577209 G: 4.3e-04
 Step:  247 E: -915.906584595685 G: 4.2e-04
 Step:  248 E: -915.906584613579 G: 4.2e-04
 Step:  249 E: -915.906584630906 G: 4.1e-04
 Step:  250 E: -915.906584647686 G: 4.0e-04
 Step:  251 E: -915.906584663938 G: 4.0e-04
 Step:  252 E: -915.906584679674 G: 3.9e-04
 Step:  253 E: -915.906584694916 G: 3.9e-04
 Step:  254 E: -915.906584709677 G: 3.8e-04
 Step:  255 E: -915.906584723973 G: 3.7e-04
 Step:  256 E: -915.906584737815 G: 3.7e-04
 Step:  257 E: -915.906584751223 G: 3.6e-04
 Step:  258 E: -915.906584764209 G: 3.6e-04
 Step:  259 E: -915.906584776783 G: 3.5e-04
 Step:  260 E: -915.906584788963 G: 3.4e-04
 Step:  261 E: -915.906584800759 G: 3.4e-04
 Step:  262 E: -915.906584812181 G: 3.3e-04
 Step:  263 E: -915.906584823246 G: 3.3e-04
 Step:  264 E: -915.906584833961 G: 3.2e-04
 Step:  265 E: -915.906584844340 G: 3.2e-04
 Step:  266 E: -915.906584854391 G: 3.1e-04
 Step:  267 E: -915.906584864127 G: 3.1e-04
 Step:  268 E: -915.906584873556 G: 3.0e-04
 Step:  269 E: -915.906584882688 G: 3.0e-04
 Step:  270 E: -915.906584891534 G: 2.9e-04
 Step:  271 E: -915.906584900100 G: 2.9e-04
 Step:  272 E: -915.906584908398 G: 2.8e-04
 Step:  273 E: -915.906584916435 G: 2.8e-04
 Step:  274 E: -915.906584924219 G: 2.8e-04
 Step:  275 E: -915.906584931759 G: 2.7e-04
 Step:  276 E: -915.906584939063 G: 2.7e-04
 Step:  277 E: -915.906584946136 G: 2.6e-04
 Step:  278 E: -915.906584952987 G: 2.6e-04
 Step:  279 E: -915.906584959624 G: 2.5e-04
 Step:  280 E: -915.906584966051 G: 2.5e-04
 Step:  281 E: -915.906584972279 G: 2.5e-04
 Step:  282 E: -915.906584978310 G: 2.4e-04
 Step:  283 E: -915.906584984153 G: 2.4e-04
 Step:  284 E: -915.906584989811 G: 2.4e-04
 Step:  285 E: -915.906584995293 G: 2.3e-04
 Step:  286 E: -915.906585000602 G: 2.3e-04
 Step:  287 E: -915.906585005745 G: 2.2e-04
 Step:  288 E: -915.906585010727 G: 2.2e-04
 Step:  289 E: -915.906585015554 G: 2.2e-04
 Step:  290 E: -915.906585020229 G: 2.1e-04
 Step:  291 E: -915.906585024759 G: 2.1e-04
 Step:  292 E: -915.906585029146 G: 2.1e-04
 Step:  293 E: -915.906585033396 G: 2.0e-04
 Step:  294 E: -915.906585037513 G: 2.0e-04
 Step:  295 E: -915.906585041500 G: 2.0e-04
 Step:  296 E: -915.906585045363 G: 1.9e-04
 Step:  297 E: -915.906585049106 G: 1.9e-04
 Step:  298 E: -915.906585052732 G: 1.9e-04
 Step:  299 E: -915.906585056246 G: 1.9e-04
 Step:  300 E: -915.906585059648 G: 1.8e-04
 Step:  301 E: -915.906585062945 G: 1.8e-04
 Step:  302 E: -915.906585066139 G: 1.8e-04
 Step:  303 E: -915.906585069233 G: 1.7e-04
 Step:  304 E: -915.906585072231 G: 1.7e-04
 Step:  305 E: -915.906585075135 G: 1.7e-04
 Step:  306 E: -915.906585077948 G: 1.7e-04
 Step:  307 E: -915.906585080674 G: 1.6e-04
 Step:  308 E: -915.906585083314 G: 1.6e-04
 Step:  309 E: -915.906585085873 G: 1.6e-04
 Step:  310 E: -915.906585088353 G: 1.6e-04
 Step:  311 E: -915.906585090755 G: 1.5e-04
 Step:  312 E: -915.906585093082 G: 1.5e-04
 Step:  313 E: -915.906585095336 G: 1.5e-04
 Step:  314 E: -915.906585097521 G: 1.5e-04
 Step:  315 E: -915.906585099636 G: 1.4e-04
 Step:  316 E: -915.906585101688 G: 1.4e-04
 Step:  317 E: -915.906585103676 G: 1.4e-04
 Step:  318 E: -915.906585105600 G: 1.4e-04
 Step:  319 E: -915.906585107465 G: 1.3e-04
 Step:  320 E: -915.906585109274 G: 1.3e-04
 Step:  321 E: -915.906585111024 G: 1.3e-04
 Step:  322 E: -915.906585112721 G: 1.3e-04
 Step:  323 E: -915.906585114366 G: 1.3e-04
 Step:  324 E: -915.906585115959 G: 1.2e-04
 Step:  325 E: -915.906585117503 G: 1.2e-04
 Step:  326 E: -915.906585119000 G: 1.2e-04
 Step:  327 E: -915.906585120449 G: 1.2e-04
 Step:  328 E: -915.906585121855 G: 1.2e-04
 Step:  329 E: -915.906585123216 G: 1.2e-04
 Step:  330 E: -915.906585124535 G: 1.1e-04
 Step:  331 E: -915.906585125813 G: 1.1e-04
 Step:  332 E: -915.906585127053 G: 1.1e-04
 Step:  333 E: -915.906585128253 G: 1.1e-04
 Step:  334 E: -915.906585129417 G: 1.1e-04
 Step:  335 E: -915.906585130544 G: 1.0e-04
 Step:  336 E: -915.906585131638 G: 1.0e-04
 Step:  337 E: -915.906585132696 G: 1.0e-04
 Step:  338 E: -915.906585133722 G: 1.0e-04
 Step:  339 E: -915.906585134718 G: 9.9e-05
 Step:  340 E: -915.906585135682 G: 9.7e-05
 Step:  341 E: -915.906585136616 G: 9.6e-05
 Step:  342 E: -915.906585137520 G: 9.4e-05
 Step:  343 E: -915.906585138399 G: 9.3e-05
 Step:  344 E: -915.906585139250 G: 9.1e-05
 Step:  345 E: -915.906585140074 G: 9.0e-05
 Step:  346 E: -915.906585140872 G: 8.8e-05
 Step:  347 E: -915.906585141647 G: 8.7e-05
 Step:  348 E: -915.906585142397 G: 8.6e-05
 Step:  349 E: -915.906585143126 G: 8.4e-05
 Step:  350 E: -915.906585143831 G: 8.3e-05
 Step:  351 E: -915.906585144513 G: 8.2e-05
 Step:  352 E: -915.906585145177 G: 8.0e-05
 Step:  353 E: -915.906585145820 G: 7.9e-05
 Step:  354 E: -915.906585146441 G: 7.8e-05
 Step:  355 E: -915.906585147045 G: 7.7e-05
 Step:  356 E: -915.906585147630 G: 7.6e-05
 Step:  357 E: -915.906585148197 G: 7.4e-05
 Step:  358 E: -915.906585148747 G: 7.3e-05
 Step:  359 E: -915.906585149279 G: 7.2e-05
 Step:  360 E: -915.906585149796 G: 7.1e-05
 Step:  361 E: -915.906585150296 G: 7.0e-05
 Step:  362 E: -915.906585150783 G: 6.9e-05
 Step:  363 E: -915.906585151254 G: 6.8e-05
 Step:  364 E: -915.906585151709 G: 6.7e-05
 Step:  365 E: -915.906585152153 G: 6.6e-05
 Step:  366 E: -915.906585152581 G: 6.5e-05
 Step:  367 E: -915.906585152996 G: 6.4e-05
 Step:  368 E: -915.906585153399 G: 6.3e-05
 Step:  369 E: -915.906585153790 G: 6.2e-05
 Step:  370 E: -915.906585154169 G: 6.1e-05
 Step:  371 E: -915.906585154537 G: 6.0e-05
 Step:  372 E: -915.906585154892 G: 5.9e-05
 Step:  373 E: -915.906585155238 G: 5.8e-05
 Step:  374 E: -915.906585155573 G: 5.7e-05
 Step:  375 E: -915.906585155898 G: 5.6e-05
 Step:  376 E: -915.906585156213 G: 5.5e-05
 Step:  377 E: -915.906585156518 G: 5.5e-05
 Step:  378 E: -915.906585156815 G: 5.4e-05
 Step:  379 E: -915.906585157100 G: 5.3e-05
 Step:  380 E: -915.906585157380 G: 5.2e-05
 Step:  381 E: -915.906585157650 G: 5.1e-05
 Step:  382 E: -915.906585157912 G: 5.1e-05
 Step:  383 E: -915.906585158165 G: 5.0e-05
 Step:  384 E: -915.906585158411 G: 4.9e-05
 Step:  385 E: -915.906585158650 G: 4.8e-05
 Step:  386 E: -915.906585158881 G: 4.8e-05
 Step:  387 E: -915.906585159106 G: 4.7e-05
 Step:  388 E: -915.906585159324 G: 4.6e-05
 Step:  389 E: -915.906585159535 G: 4.5e-05
 Step:  390 E: -915.906585159740 G: 4.5e-05
 Step:  391 E: -915.906585159939 G: 4.4e-05
 Step:  392 E: -915.906585160130 G: 4.3e-05
 Step:  393 E: -915.906585160318 G: 4.3e-05
 Step:  394 E: -915.906585160500 G: 4.2e-05
 Step:  395 E: -915.906585160675 G: 4.1e-05
 Step:  396 E: -915.906585160846 G: 4.1e-05
 Step:  397 E: -915.906585161011 G: 4.0e-05
 Step:  398 E: -915.906585161172 G: 4.0e-05
 Step:  399 E: -915.906585161328 G: 3.9e-05
 Step:  400 E: -915.906585161478 G: 3.8e-05
 Step:  401 E: -915.906585161625 G: 3.8e-05
 Step:  402 E: -915.906585161767 G: 3.7e-05
 Step:  403 E: -915.906585161905 G: 3.7e-05
 Step:  404 E: -915.906585162039 G: 3.6e-05
 Step:  405 E: -915.906585162168 G: 3.6e-05
 Step:  406 E: -915.906585162294 G: 3.5e-05
 Step:  407 E: -915.906585162416 G: 3.5e-05
 Step:  408 E: -915.906585162535 G: 3.4e-05
 Step:  409 E: -915.906585162649 G: 3.4e-05
 Step:  410 E: -915.906585162762 G: 3.3e-05
 Step:  411 E: -915.906585162870 G: 3.3e-05
 Step:  412 E: -915.906585162975 G: 3.2e-05
 Step:  413 E: -915.906585163077 G: 3.2e-05
 Step:  414 E: -915.906585163175 G: 3.1e-05
 Step:  415 E: -915.906585163271 G: 3.1e-05
 Step:  416 E: -915.906585163364 G: 3.0e-05
 Step:  417 E: -915.906585163454 G: 3.0e-05
 Step:  418 E: -915.906585163542 G: 2.9e-05
 Step:  419 E: -915.906585163629 G: 2.9e-05
 Step:  420 E: -915.906585163710 G: 2.8e-05
 Step:  421 E: -915.906585163789 G: 2.8e-05
 Step:  422 E: -915.906585163867 G: 2.8e-05
 Step:  423 E: -915.906585163944 G: 2.7e-05
 Step:  424 E: -915.906585164017 G: 2.7e-05
 Step:  425 E: -915.906585164088 G: 2.6e-05
 Step:  426 E: -915.906585164158 G: 2.6e-05
 Step:  427 E: -915.906585164223 G: 2.6e-05
 Step:  428 E: -915.906585164289 G: 2.5e-05
 Step:  429 E: -915.906585164352 G: 2.5e-05
 Step:  430 E: -915.906585164413 G: 2.4e-05
 Step:  431 E: -915.906585164473 G: 2.4e-05
 Step:  432 E: -915.906585164530 G: 2.4e-05
 Step:  433 E: -915.906585164587 G: 2.3e-05
 Step:  434 E: -915.906585164641 G: 2.3e-05
 Step:  435 E: -915.906585164695 G: 2.3e-05
 Step:  436 E: -915.906585164746 G: 2.2e-05
 Step:  437 E: -915.906585164795 G: 2.2e-05
 Step:  438 E: -915.906585164842 G: 2.2e-05
 Step:  439 E: -915.906585164890 G: 2.1e-05
 Step:  440 E: -915.906585164935 G: 2.1e-05
 Step:  441 E: -915.906585164981 G: 2.1e-05
 Step:  442 E: -915.906585165023 G: 2.1e-05
 Step:  443 E: -915.906585165067 G: 2.0e-05
 Step:  444 E: -915.906585165105 G: 2.0e-05
 Step:  445 E: -915.906585165145 G: 2.0e-05
 Step:  446 E: -915.906585165182 G: 1.9e-05
 Step:  447 E: -915.906585165220 G: 1.9e-05
 Step:  448 E: -915.906585165256 G: 1.9e-05
 Step:  449 E: -915.906585165291 G: 1.9e-05
 Step:  450 E: -915.906585165325 G: 1.8e-05
 Step:  451 E: -915.906585165359 G: 1.8e-05
 Step:  452 E: -915.906585165390 G: 1.8e-05
 Step:  453 E: -915.906585165420 G: 1.7e-05
 Step:  454 E: -915.906585165452 G: 1.7e-05
 Step:  455 E: -915.906585165481 G: 1.7e-05
 Step:  456 E: -915.906585165510 G: 1.7e-05
 Step:  457 E: -915.906585165537 G: 1.6e-05
 Step:  458 E: -915.906585165564 G: 1.6e-05
 Step:  459 E: -915.906585165590 G: 1.6e-05
 Step:  460 E: -915.906585165616 G: 1.6e-05
 Step:  461 E: -915.906585165641 G: 1.6e-05
 Step:  462 E: -915.906585165665 G: 1.5e-05
 Step:  463 E: -915.906585165688 G: 1.5e-05
 Step:  464 E: -915.906585165709 G: 1.5e-05
 Step:  465 E: -915.906585165733 G: 1.5e-05
 Step:  466 E: -915.906585165755 G: 1.4e-05
 Step:  467 E: -915.906585165775 G: 1.4e-05
 Step:  468 E: -915.906585165795 G: 1.4e-05
 Step:  469 E: -915.906585165815 G: 1.4e-05
 Step:  470 E: -915.906585165834 G: 1.4e-05
 Step:  471 E: -915.906585165852 G: 1.3e-05
 Step:  472 E: -915.906585165870 G: 1.3e-05
 Step:  473 E: -915.906585165887 G: 1.3e-05
 Step:  474 E: -915.906585165906 G: 1.3e-05
 Step:  475 E: -915.906585165921 G: 1.3e-05
 Step:  476 E: -915.906585165938 G: 1.3e-05
 Step:  477 E: -915.906585165954 G: 1.2e-05
 Step:  478 E: -915.906585165969 G: 1.2e-05
 Step:  479 E: -915.906585165983 G: 1.2e-05
 Step:  480 E: -915.906585165998 G: 1.2e-05
 Step:  481 E: -915.906585166011 G: 1.2e-05
 Step:  482 E: -915.906585166025 G: 1.2e-05
 Step:  483 E: -915.906585166038 G: 1.1e-05
 Step:  484 E: -915.906585166051 G: 1.1e-05
 Step:  485 E: -915.906585166064 G: 1.1e-05
 Step:  486 E: -915.906585166075 G: 1.1e-05
 Step:  487 E: -915.906585166087 G: 1.1e-05
 Step:  488 E: -915.906585166099 G: 1.1e-05
 Step:  489 E: -915.906585166111 G: 1.0e-05
 Step:  490 E: -915.906585166121 G: 1.0e-05
 Step:  491 E: -915.906585166131 G: 1.0e-05
 Step:  492 E: -915.906585166142 G: 1.0e-05
 Step:  493 E: -915.906585166152 G: 9.9e-06
 Step:  494 E: -915.906585166162 G: 9.7e-06
 Step:  495 E: -915.906585166170 G: 9.6e-06
 Step:  496 E: -915.906585166181 G: 9.5e-06
 Step:  497 E: -915.906585166190 G: 9.4e-06
 Step:  498 E: -915.906585166197 G: 9.2e-06
 Step:  499 E: -915.906585166206 G: 9.1e-06
 Step:  500 E: -915.906585166215 G: 9.0e-06
 Step:  501 E: -915.906585166222 G: 8.9e-06
 Step:  502 E: -915.906585166231 G: 8.7e-06
 Step:  503 E: -915.906585166238 G: 8.6e-06
 Step:  504 E: -915.906585166244 G: 8.5e-06
 Step:  505 E: -915.906585166251 G: 8.4e-06
 Step:  506 E: -915.906585166259 G: 8.3e-06
 Step:  507 E: -915.906585166266 G: 8.2e-06
 Step:  508 E: -915.906585166273 G: 8.0e-06
 Step:  509 E: -915.906585166280 G: 7.9e-06
 Step:  510 E: -915.906585166286 G: 7.8e-06
 Step:  511 E: -915.906585166292 G: 7.7e-06
 Step:  512 E: -915.906585166298 G: 7.6e-06
 Step:  513 E: -915.906585166304 G: 7.5e-06
 Step:  514 E: -915.906585166309 G: 7.4e-06
 Step:  515 E: -915.906585166314 G: 7.3e-06
 Step:  516 E: -915.906585166319 G: 7.2e-06
 Step:  517 E: -915.906585166325 G: 7.1e-06
 Step:  518 E: -915.906585166330 G: 7.0e-06
 Step:  519 E: -915.906585166336 G: 6.9e-06
 Step:  520 E: -915.906585166341 G: 6.8e-06
 Step:  521 E: -915.906585166343 G: 6.8e-06
 Step:  522 E: -915.906585166348 G: 6.7e-06
 Step:  523 E: -915.906585166353 G: 6.6e-06
 Step:  524 E: -915.906585166358 G: 6.5e-06
 Step:  525 E: -915.906585166361 G: 6.4e-06
 Step:  526 E: -915.906585166365 G: 6.3e-06
 Step:  527 E: -915.906585166370 G: 6.2e-06
 Step:  528 E: -915.906585166373 G: 6.2e-06
 Step:  529 E: -915.906585166377 G: 6.1e-06
 Step:  530 E: -915.906585166380 G: 6.0e-06
 Step:  531 E: -915.906585166384 G: 5.9e-06
 Step:  532 E: -915.906585166388 G: 5.8e-06
 Step:  533 E: -915.906585166391 G: 5.8e-06
 Step:  534 E: -915.906585166394 G: 5.7e-06
 Step:  535 E: -915.906585166399 G: 5.6e-06
 Step:  536 E: -915.906585166401 G: 5.5e-06
 Step:  537 E: -915.906585166404 G: 5.5e-06
 Step:  538 E: -915.906585166407 G: 5.4e-06
 Step:  539 E: -915.906585166409 G: 5.3e-06
 Step:  540 E: -915.906585166413 G: 5.3e-06
 Step:  541 E: -915.906585166416 G: 5.2e-06
 Step:  542 E: -915.906585166418 G: 5.1e-06
 Step:  543 E: -915.906585166421 G: 5.1e-06
 Step:  544 E: -915.906585166424 G: 5.0e-06
 Step:  545 E: -915.906585166426 G: 4.9e-06
 Step:  546 E: -915.906585166428 G: 4.9e-06
 Step:  547 E: -915.906585166431 G: 4.8e-06
 Step:  548 E: -915.906585166433 G: 4.7e-06
 Step:  549 E: -915.906585166434 G: 4.7e-06
 Step:  550 E: -915.906585166438 G: 4.6e-06
 Step:  551 E: -915.906585166440 G: 4.6e-06
 Step:  552 E: -915.906585166441 G: 4.5e-06
 Step:  553 E: -915.906585166444 G: 4.5e-06
 Step:  554 E: -915.906585166445 G: 4.4e-06
 Step:  555 E: -915.906585166447 G: 4.3e-06
 Step:  556 E: -915.906585166450 G: 4.3e-06
 Step:  557 E: -915.906585166451 G: 4.2e-06
 Step:  558 E: -915.906585166454 G: 4.2e-06
 Step:  559 E: -915.906585166454 G: 4.1e-06
 Step:  560 E: -915.906585166456 G: 4.1e-06
 Step:  561 E: -915.906585166457 G: 4.0e-06
 Step:  562 E: -915.906585166460 G: 4.0e-06
 Step:  563 E: -915.906585166461 G: 3.9e-06
 Step:  564 E: -915.906585166463 G: 3.9e-06
 Step:  565 E: -915.906585166464 G: 3.8e-06
 Step:  566 E: -915.906585166466 G: 3.8e-06
 Step:  567 E: -915.906585166467 G: 3.7e-06
 Step:  568 E: -915.906585166468 G: 3.7e-06
 Step:  569 E: -915.906585166470 G: 3.6e-06
 Step:  570 E: -915.906585166471 G: 3.6e-06
 Step:  571 E: -915.906585166472 G: 3.6e-06
 Step:  572 E: -915.906585166474 G: 3.5e-06
 Step:  573 E: -915.906585166474 G: 3.5e-06
 Step:  574 E: -915.906585166475 G: 3.4e-06
 Step:  575 E: -915.906585166477 G: 3.4e-06
 Step:  576 E: -915.906585166478 G: 3.3e-06
 Step:  577 E: -915.906585166479 G: 3.3e-06
 Step:  578 E: -915.906585166480 G: 3.3e-06
 Step:  579 E: -915.906585166481 G: 3.2e-06
 Step:  580 E: -915.906585166483 G: 3.2e-06
 Step:  581 E: -915.906585166484 G: 3.1e-06
 Step:  582 E: -915.906585166485 G: 3.1e-06
 Step:  583 E: -915.906585166486 G: 3.1e-06
 Step:  584 E: -915.906585166487 G: 3.0e-06
 Step:  585 E: -915.906585166487 G: 3.0e-06
 Step:  586 E: -915.906585166488 G: 3.0e-06
 Step:  587 E: -915.906585166488 G: 2.9e-06
 Step:  588 E: -915.906585166489 G: 2.9e-06
 Step:  589 E: -915.906585166491 G: 2.9e-06
 Step:  590 E: -915.906585166492 G: 2.8e-06
 Step:  591 E: -915.906585166492 G: 2.8e-06
 Step:  592 E: -915.906585166494 G: 2.8e-06
 Step:  593 E: -915.906585166494 G: 2.7e-06
 Step:  594 E: -915.906585166495 G: 2.7e-06
 Step:  595 E: -915.906585166496 G: 2.7e-06
 Step:  596 E: -915.906585166497 G: 2.6e-06
 Step:  597 E: -915.906585166497 G: 2.6e-06
 Step:  598 E: -915.906585166498 G: 2.6e-06
 Step:  599 E: -915.906585166498 G: 2.5e-06
 Step:  600 E: -915.906585166499 G: 2.5e-06
 Step:  601 E: -915.906585166499 G: 2.5e-06
 Step:  602 E: -915.906585166499 G: 2.4e-06
 Step:  603 E: -915.906585166500 G: 2.4e-06
 Step:  604 E: -915.906585166501 G: 2.4e-06
 Step:  605 E: -915.906585166503 G: 2.4e-06
 Step:  606 E: -915.906585166502 G: 2.3e-06
 Step:  607 E: -915.906585166503 G: 2.3e-06
 Step:  608 E: -915.906585166503 G: 2.3e-06
 Step:  609 E: -915.906585166504 G: 2.3e-06
 Step:  610 E: -915.906585166504 G: 2.2e-06
 Step:  611 E: -915.906585166506 G: 2.2e-06
 Step:  612 E: -915.906585166505 G: 2.2e-06
 Step:  613 E: -915.906585166505 G: 2.2e-06
 Step:  614 E: -915.906585166506 G: 2.1e-06
 Step:  615 E: -915.906585166507 G: 2.1e-06
 Step:  616 E: -915.906585166507 G: 2.1e-06
 Step:  617 E: -915.906585166508 G: 2.1e-06
 Step:  618 E: -915.906585166507 G: 2.0e-06
 Step:  619 E: -915.906585166508 G: 2.0e-06
 Step:  620 E: -915.906585166509 G: 2.0e-06
 Step:  621 E: -915.906585166509 G: 2.0e-06
 Step:  622 E: -915.906585166510 G: 1.9e-06
 Step:  623 E: -915.906585166510 G: 1.9e-06
 Step:  624 E: -915.906585166510 G: 1.9e-06
 Step:  625 E: -915.906585166510 G: 1.9e-06
 Step:  626 E: -915.906585166511 G: 1.9e-06
 Step:  627 E: -915.906585166511 G: 1.8e-06
 Step:  628 E: -915.906585166511 G: 1.8e-06
 Step:  629 E: -915.906585166512 G: 1.8e-06
 Step:  630 E: -915.906585166512 G: 1.8e-06
 Step:  631 E: -915.906585166511 G: 1.8e-06
 Step:  632 E: -915.906585166513 G: 1.7e-06
 Step:  633 E: -915.906585166513 G: 1.7e-06
 Step:  634 E: -915.906585166513 G: 1.7e-06
 Step:  635 E: -915.906585166513 G: 1.7e-06
 Step:  636 E: -915.906585166514 G: 1.7e-06
 Step:  637 E: -915.906585166514 G: 1.6e-06
 Step:  638 E: -915.906585166515 G: 1.6e-06
 Step:  639 E: -915.906585166514 G: 1.6e-06
 Step:  640 E: -915.906585166515 G: 1.6e-06
 Step:  641 E: -915.906585166516 G: 1.6e-06
 Step:  642 E: -915.906585166515 G: 1.6e-06
 Step:  643 E: -915.906585166517 G: 1.5e-06
 Step:  644 E: -915.906585166515 G: 1.5e-06
 Step:  645 E: -915.906585166516 G: 1.5e-06
 Step:  646 E: -915.906585166516 G: 1.5e-06
 Step:  647 E: -915.906585166516 G: 1.5e-06
 Step:  648 E: -915.906585166517 G: 1.5e-06
 Step:  649 E: -915.906585166517 G: 1.4e-06
 Step:  650 E: -915.906585166517 G: 1.4e-06
 Step:  651 E: -915.906585166517 G: 1.4e-06
 Step:  652 E: -915.906585166518 G: 1.4e-06
 Step:  653 E: -915.906585166518 G: 1.4e-06
 Step:  654 E: -915.906585166518 G: 1.4e-06
 Step:  655 E: -915.906585166517 G: 1.3e-06
 Step:  656 E: -915.906585166518 G: 1.3e-06
 Step:  657 E: -915.906585166518 G: 1.3e-06
 Step:  658 E: -915.906585166519 G: 1.3e-06
 Step:  659 E: -915.906585166518 G: 1.3e-06
 Step:  660 E: -915.906585166520 G: 1.3e-06
 Step:  661 E: -915.906585166519 G: 1.3e-06
 Step:  662 E: -915.906585166520 G: 1.2e-06
 Step:  663 E: -915.906585166519 G: 1.2e-06
 Step:  664 E: -915.906585166520 G: 1.2e-06
 Step:  665 E: -915.906585166520 G: 1.2e-06
 Step:  666 E: -915.906585166521 G: 1.2e-06
 Step:  667 E: -915.906585166520 G: 1.2e-06
 Step:  668 E: -915.906585166520 G: 1.2e-06
 Step:  669 E: -915.906585166520 G: 1.2e-06
 Step:  670 E: -915.906585166522 G: 1.1e-06
 Step:  671 E: -915.906585166521 G: 1.1e-06
 Step:  672 E: -915.906585166521 G: 1.1e-06
 Step:  673 E: -915.906585166521 G: 1.1e-06
 Step:  674 E: -915.906585166520 G: 1.1e-06
 Step:  675 E: -915.906585166521 G: 1.1e-06
 Step:  676 E: -915.906585166521 G: 1.1e-06
 Step:  677 E: -915.906585166522 G: 1.1e-06
 Step:  678 E: -915.906585166521 G: 1.1e-06
 Step:  679 E: -915.906585166522 G: 1.0e-06
 Step:  680 E: -915.906585166522 G: 1.0e-06
 Step:  681 E: -915.906585166522 G: 1.0e-06
 Step:  682 E: -915.906585166523 G: 1.0e-06
 Step:  683 E: -915.906585166523 G: 1.0e-06
 Step:  684 E: -915.906585166522 G: 9.9e-07
 Step:  685 E: -915.906585166522 G: 9.8e-07
 Step:  686 E: -915.906585166523 G: 9.7e-07
 Step:  687 E: -915.906585166522 G: 9.6e-07
 Step:  688 E: -915.906585166523 G: 9.5e-07
 Step:  689 E: -915.906585166523 G: 9.4e-07
 Step:  690 E: -915.906585166524 G: 9.3e-07
 Step:  691 E: -915.906585166523 G: 9.2e-07
 Step:  692 E: -915.906585166523 G: 9.1e-07
 Step:  693 E: -915.906585166523 G: 9.0e-07
 Step:  694 E: -915.906585166523 G: 8.9e-07
 Step:  695 E: -915.906585166522 G: 8.8e-07
 Step:  696 E: -915.906585166523 G: 8.7e-07
 Step:  697 E: -915.906585166523 G: 8.6e-07
 Step:  698 E: -915.906585166524 G: 8.5e-07
 Step:  699 E: -915.906585166524 G: 8.4e-07
 Step:  700 E: -915.906585166523 G: 8.3e-07
 Step:  701 E: -915.906585166524 G: 8.3e-07
 Step:  702 E: -915.906585166524 G: 8.2e-07
 Step:  703 E: -915.906585166524 G: 8.1e-07
 Step:  704 E: -915.906585166524 G: 8.0e-07
 Step:  705 E: -915.906585166525 G: 7.9e-07
 Step:  706 E: -915.906585166524 G: 7.8e-07
 Step:  707 E: -915.906585166525 G: 7.8e-07
 Step:  708 E: -915.906585166524 G: 7.7e-07
 Step:  709 E: -915.906585166525 G: 7.6e-07
 Step:  710 E: -915.906585166524 G: 7.5e-07
 Step:  711 E: -915.906585166525 G: 7.5e-07
 Step:  712 E: -915.906585166524 G: 7.4e-07
 Step:  713 E: -915.906585166524 G: 7.3e-07
 Step:  714 E: -915.906585166525 G: 7.2e-07
 Step:  715 E: -915.906585166524 G: 7.2e-07
 Step:  716 E: -915.906585166524 G: 7.1e-07
 Step:  717 E: -915.906585166525 G: 7.0e-07
 Step:  718 E: -915.906585166524 G: 6.9e-07
 Step:  719 E: -915.906585166525 G: 6.9e-07
 Step:  720 E: -915.906585166525 G: 6.8e-07
 Step:  721 E: -915.906585166525 G: 6.7e-07
 Step:  722 E: -915.906585166526 G: 6.7e-07
 Step:  723 E: -915.906585166525 G: 6.6e-07
 Step:  724 E: -915.906585166525 G: 6.5e-07
 Step:  725 E: -915.906585166525 G: 6.5e-07
 Step:  726 E: -915.906585166525 G: 6.4e-07
 Step:  727 E: -915.906585166525 G: 6.3e-07
 Step:  728 E: -915.906585166525 G: 6.3e-07
 Step:  729 E: -915.906585166526 G: 6.2e-07
 Step:  730 E: -915.906585166525 G: 6.1e-07
 Step:  731 E: -915.906585166526 G: 6.1e-07
 Step:  732 E: -915.906585166525 G: 6.0e-07
 Step:  733 E: -915.906585166525 G: 6.0e-07
 Step:  734 E: -915.906585166526 G: 5.9e-07
 Step:  735 E: -915.906585166526 G: 5.8e-07
 Step:  736 E: -915.906585166525 G: 5.8e-07
 Step:  737 E: -915.906585166525 G: 5.7e-07
 Step:  738 E: -915.906585166525 G: 5.7e-07
 Step:  739 E: -915.906585166526 G: 5.6e-07
 Step:  740 E: -915.906585166526 G: 5.5e-07
 Step:  741 E: -915.906585166526 G: 5.5e-07
 Step:  742 E: -915.906585166526 G: 5.4e-07
 Step:  743 E: -915.906585166525 G: 5.4e-07
 Step:  744 E: -915.906585166526 G: 5.3e-07
 Step:  745 E: -915.906585166526 G: 5.3e-07
 Step:  746 E: -915.906585166525 G: 5.2e-07
 Step:  747 E: -915.906585166526 G: 5.2e-07
 Step:  748 E: -915.906585166526 G: 5.1e-07
 Step:  749 E: -915.906585166526 G: 5.1e-07
 Step:  750 E: -915.906585166525 G: 5.0e-07
 Step:  751 E: -915.906585166526 G: 5.0e-07
 Step:  752 E: -915.906585166526 G: 4.9e-07
 Step:  753 E: -915.906585166527 G: 4.9e-07
 Step:  754 E: -915.906585166526 G: 4.8e-07
 Step:  755 E: -915.906585166526 G: 4.8e-07
 Step:  756 E: -915.906585166526 G: 4.7e-07
 Step:  757 E: -915.906585166526 G: 4.7e-07
 Step:  758 E: -915.906585166526 G: 4.6e-07
 Step:  759 E: -915.906585166526 G: 4.6e-07
 Step:  760 E: -915.906585166527 G: 4.5e-07
 Step:  761 E: -915.906585166527 G: 4.5e-07
 Step:  762 E: -915.906585166527 G: 4.5e-07
 Step:  763 E: -915.906585166526 G: 4.4e-07
 Step:  764 E: -915.906585166527 G: 4.4e-07
 Step:  765 E: -915.906585166526 G: 4.3e-07
 Step:  766 E: -915.906585166526 G: 4.3e-07
 Step:  767 E: -915.906585166527 G: 4.2e-07
 Step:  768 E: -915.906585166527 G: 4.2e-07
 Step:  769 E: -915.906585166526 G: 4.2e-07
 Step:  770 E: -915.906585166526 G: 4.1e-07
 Step:  771 E: -915.906585166527 G: 4.1e-07
 Step:  772 E: -915.906585166526 G: 4.0e-07
 Step:  773 E: -915.906585166527 G: 4.0e-07
 Step:  774 E: -915.906585166527 G: 4.0e-07
 Step:  775 E: -915.906585166527 G: 3.9e-07
 Step:  776 E: -915.906585166526 G: 3.9e-07
 Step:  777 E: -915.906585166526 G: 3.8e-07
 Step:  778 E: -915.906585166527 G: 3.8e-07
 Step:  779 E: -915.906585166526 G: 3.8e-07
 Step:  780 E: -915.906585166526 G: 3.7e-07
 Step:  781 E: -915.906585166527 G: 3.7e-07
 Step:  782 E: -915.906585166527 G: 3.7e-07
 Step:  783 E: -915.906585166527 G: 3.6e-07
 Step:  784 E: -915.906585166527 G: 3.6e-07
 Step:  785 E: -915.906585166527 G: 3.5e-07
 Step:  786 E: -915.906585166526 G: 3.5e-07
 Step:  787 E: -915.906585166527 G: 3.5e-07
 Step:  788 E: -915.906585166527 G: 3.4e-07
 Step:  789 E: -915.906585166527 G: 3.4e-07
 Step:  790 E: -915.906585166527 G: 3.4e-07
 Step:  791 E: -915.906585166528 G: 3.3e-07
 Step:  792 E: -915.906585166526 G: 3.3e-07
 Step:  793 E: -915.906585166527 G: 3.3e-07
 Step:  794 E: -915.906585166528 G: 3.2e-07
 Step:  795 E: -915.906585166526 G: 3.2e-07
 Step:  796 E: -915.906585166527 G: 3.2e-07
 Step:  797 E: -915.906585166526 G: 3.1e-07
 Step:  798 E: -915.906585166526 G: 3.1e-07
 Step:  799 E: -915.906585166527 G: 3.1e-07
 Step:  800 E: -915.906585166526 G: 3.1e-07
290.990943 seconds (15.40 M allocations: 25.682 GiB, 1.20% gc time)
Solve OO-CMF with DIIS
 ooCMF Iter:    1 Total= -915.825815309739 G=    4.692e-01 #SS:    1
 ooCMF Iter:    2 Total= -915.900875068040 G=    1.123e-01 #SS:    2
 ooCMF Iter:    3 Total= -915.903793329283 G=    6.405e-02 #SS:    3
 ooCMF Iter:    4 Total= -915.905454790238 G=    2.889e-02 #SS:    4
 ooCMF Iter:    5 Total= -915.905797024986 G=    1.800e-02 #SS:    5
 ooCMF Iter:    6 Total= -915.905852144405 G=    1.575e-02 #SS:    6
 ooCMF Iter:    7 Total= -915.906081948552 G=    1.331e-02 #SS:    7
 ooCMF Iter:    8 Total= -915.906435228006 G=    8.288e-03 #SS:    8
 ooCMF Iter:    9 Total= -915.906547114770 G=    5.173e-03 #SS:    9
 ooCMF Iter:   10 Total= -915.906581163741 G=    1.850e-03 #SS:   10
 ooCMF Iter:   11 Total= -915.906582325681 G=    1.294e-03 #SS:   11
 ooCMF Iter:   12 Total= -915.906582966049 G=    9.304e-04 #SS:   12
 ooCMF Iter:   13 Total= -915.906583481217 G=    8.025e-04 #SS:   13
 ooCMF Iter:   14 Total= -915.906583767444 G=    7.239e-04 #SS:   14
 ooCMF Iter:   15 Total= -915.906585011621 G=    3.131e-04 #SS:   15
 ooCMF Iter:   16 Total= -915.906585065675 G=    2.412e-04 #SS:   16
 ooCMF Iter:   17 Total= -915.906585122600 G=    1.218e-04 #SS:   17
 ooCMF Iter:   18 Total= -915.906585132032 G=    9.501e-05 #SS:   18
 ooCMF Iter:   19 Total= -915.906585134343 G=    1.095e-04 #SS:   19
 ooCMF Iter:   20 Total= -915.906585144195 G=    8.173e-05 #SS:   20
 ooCMF Iter:   21 Total= -915.906585161900 G=    3.856e-05 #SS:   21
 ooCMF Iter:   22 Total= -915.906585163247 G=    3.115e-05 #SS:   22
 ooCMF Iter:   23 Total= -915.906585164062 G=    2.478e-05 #SS:   23
 ooCMF Iter:   24 Total= -915.906585165303 G=    2.346e-05 #SS:   24
 ooCMF Iter:   25 Total= -915.906585165408 G=    2.115e-05 #SS:   24
 ooCMF Iter:   26 Total= -915.906585166481 G=    5.369e-06 #SS:   24
 ooCMF Iter:   27 Total= -915.906585166498 G=    3.572e-06 #SS:   24
 ooCMF Iter:   28 Total= -915.906585166499 G=    3.606e-06 #SS:   24
 ooCMF Iter:   29 Total= -915.906585166509 G=    3.193e-06 #SS:   24
 ooCMF Iter:   30 Total= -915.906585166526 G=    1.139e-06 #SS:   24
 ooCMF Iter:   31 Total= -915.906585166526 G=    1.005e-06 #SS:   24
 ooCMF Iter:   32 Total= -915.906585166527 G=    3.108e-07 #SS:   24
 ooCMF Iter:   33 Total= -915.906585166528 G=    2.486e-07 #SS:   24
 ooCMF Iter:   34 Total= -915.906585166527 G=    2.407e-07 #SS:   24
 ooCMF Iter:   35 Total= -915.906585166528 G=    1.273e-07 #SS:   24
 ooCMF Iter:   36 Total= -915.906585166527 G=    6.373e-08 #SS:   24
 ooCMF Iter:   37 Total= -915.906585166527 G=    6.202e-08 #SS:   24
 ooCMF Iter:   38 Total= -915.906585166528 G=    5.502e-08 #SS:   24
 ooCMF Iter:   39 Total= -915.906585166528 G=    4.965e-08 #SS:   24
 ooCMF Iter:   40 Total= -915.906585166527 G=    4.549e-08 #SS:   24
 ooCMF Iter:   41 Total= -915.906585166527 G=    3.731e-08 #SS:   24
 ooCMF Iter:   42 Total= -915.906585166528 G=    2.306e-08 #SS:   24
 ooCMF Iter:   43 Total= -915.906585166527 G=    2.132e-08 #SS:   24
 ooCMF Iter:   44 Total= -915.906585166528 G=    1.499e-08 #SS:   24
 ooCMF Iter:   45 Total= -915.906585166528 G=    1.433e-08 #SS:   24
 ooCMF Iter:   46 Total= -915.906585166527 G=    1.390e-08 #SS:   24
 ooCMF Iter:   47 Total= -915.906585166528 G=    1.132e-08 #SS:   24
*ooCMF Iter:   48 Total= -915.906585166527 G=    9.850e-09 #SS:   24
 51.508910 seconds (17.63 M allocations: 4.456 GiB, 0.88% gc time)
 Solve OO-CMF with DIIS
 ooCMF Iter:    1 Total= -915.906242192575 G=    2.380e-02 #SS:    1
 ooCMF Iter:    2 Total= -915.906567978196 G=    8.063e-03 #SS:    2
 ooCMF Iter:    3 Total= -915.906585085843 G=    3.910e-04 #SS:    3
 ooCMF Iter:    4 Total= -915.906585163826 G=    8.550e-05 #SS:    4
 ooCMF Iter:    5 Total= -915.906585166466 G=    1.330e-05 #SS:    5
 ooCMF Iter:    6 Total= -915.906585166527 G=    1.512e-06 #SS:    6
 ooCMF Iter:    7 Total= -915.906585166528 G=    1.220e-07 #SS:    7
*ooCMF Iter:    8 Total= -915.906585166528 G=    6.639e-09 #SS:    8
  9.807768 seconds (536.68 k allocations: 907.879 MiB, 2.13% gc time)
 Solve OO-CMF with DIIS
 ooCMF Iter:    1 Total= -915.906189295465 G=    2.655e-02 #SS:    1
 ooCMF Iter:    2 Total= -915.906541254285 G=    7.300e-03 #SS:    2
 ooCMF Iter:    3 Total= -915.906576416918 G=    2.402e-03 #SS:    3
 ooCMF Iter:    4 Total= -915.906584569232 G=    5.628e-04 #SS:    4
 ooCMF Iter:    5 Total= -915.906585145737 G=    1.367e-04 #SS:    5
 ooCMF Iter:    6 Total= -915.906585165974 G=    3.382e-05 #SS:    6
 ooCMF Iter:    7 Total= -915.906585166519 G=    3.017e-06 #SS:    7
 ooCMF Iter:    8 Total= -915.906585166528 G=    6.194e-07 #SS:    8
 ooCMF Iter:    9 Total= -915.906585166526 G=    7.950e-08 #SS:    9
*ooCMF Iter:   10 Total= -915.906585166527 G=    8.944e-09 #SS:   10
 12.327308 seconds (738.32 k allocations: 1.077 GiB, 0.71% gc time)
 Solve OO-CMF with newton
 Step:    1 E: -915.797863770719 G:     5.49e-01  
 Step:    2 E: -915.906189295465 G:     2.65e-02  
 Step:    3 E: -915.906576599467 G:     3.71e-03  
 Step:    4 E: -915.906584735625 G:     7.69e-04  
 Step:    5 E: -915.906585143129 G:     1.68e-04  
 Step:    6 E: -915.906585165230 G:     3.80e-05  
 Step:    7 E: -915.906585166455 G:     8.77e-06  
 Step:    8 E: -915.906585166524 G:     2.05e-06  
 Step:    9 E: -915.906585166528 G:     4.81e-07  
 Step:   10 E: -915.906585166528 G:     1.13e-07  
 Step:   11 E: -915.906585166527 G:     2.68e-08  
 Step:   12 E: -915.906585166528 G:     6.33e-09  
  7.595857 seconds (452.67 k allocations: 637.485 MiB, 1.09% gc time)
 Solve OO-CMF with newton
 Step:    1 E: -915.797863770719 G:     5.49e-01  
 Step:    2 E: -915.906242192575 G:     2.38e-02  
 Step:    3 E: -915.906583314869 G:     9.72e-04  
 Step:    4 E: -915.906585104938 G:     1.64e-04  
 Step:    5 E: -915.906585164239 G:     3.10e-05  
 Step:    6 E: -915.906585166442 G:     5.94e-06  
 Step:    7 E: -915.906585166524 G:     1.15e-06  
 Step:    8 E: -915.906585166528 G:     2.22e-07  
 Step:    9 E: -915.906585166527 G:     4.30e-08  
 Step:   10 E: -915.906585166527 G:     8.32e-09  
  6.083395 seconds (328.15 k allocations: 535.505 MiB)
